Log file open, 01/26/19 16:22:54
LogWindows: Failed to load 'aqProf.dll' (GetLastError=126)
LogWindows: File 'aqProf.dll' does not exist
LogWindows: Failed to load 'VSPerf140.dll' (GetLastError=126)
LogWindows: File 'VSPerf140.dll' does not exist
LogWindows: Failed to load 'VtuneApi.dll' (GetLastError=126)
LogWindows: File 'VtuneApi.dll' does not exist
LogWindows: Failed to load 'VtuneApi32e.dll' (GetLastError=126)
LogWindows: File 'VtuneApi32e.dll' does not exist
LogInit: Display: Running engine for game: HomeIs
LogPlatformFile: Not using cached read wrapper
LogTaskGraph: Started task graph with 5 named threads and 23 total threads with 3 sets of task threads.
LogStats: Stats thread started at 0.482209
LogD3D11RHI: Loaded GFSDK_Aftermath_Lib.x64.dll
LogICUInternationalization: Display: ICU TimeZone Detection - Raw Offset: +0:00, Platform Override: ''
LogPluginManager: Mounting plugin Paper2D
LogPluginManager: Mounting plugin AISupport
LogPluginManager: Mounting plugin LightPropagationVolume
LogPluginManager: Mounting plugin CLionSourceCodeAccess
LogPluginManager: Mounting plugin CodeLiteSourceCodeAccess
LogPluginManager: Mounting plugin GitSourceControl
LogPluginManager: Mounting plugin KDevelopSourceCodeAccess
LogPluginManager: Mounting plugin NullSourceCodeAccess
LogPluginManager: Mounting plugin PerforceSourceControl
LogPluginManager: Mounting plugin SubversionSourceControl
LogPluginManager: Mounting plugin UObjectPlugin
LogPluginManager: Mounting plugin VisualStudioCodeSourceCodeAccess
LogPluginManager: Mounting plugin VisualStudioSourceCodeAccess
LogPluginManager: Mounting plugin XCodeSourceCodeAccess
LogPluginManager: Mounting plugin AssetManagerEditor
LogPluginManager: Mounting plugin CryptoKeys
LogPluginManager: Mounting plugin DataValidation
LogPluginManager: Mounting plugin FacialAnimation
LogPluginManager: Mounting plugin GameplayTagsEditor
LogPluginManager: Mounting plugin MacGraphicsSwitching
LogPluginManager: Mounting plugin MeshEditor
LogPluginManager: Mounting plugin MobileLauncherProfileWizard
LogPluginManager: Mounting plugin PluginBrowser
LogPluginManager: Mounting plugin SpeedTreeImporter
LogPluginManager: Mounting plugin DatasmithContent
LogPluginManager: Mounting plugin AlembicImporter
LogPluginManager: Mounting plugin AppleImageUtils
LogPluginManager: Mounting plugin AppleVision
LogPluginManager: Mounting plugin BackChannel
LogPluginManager: Mounting plugin CharacterAI
LogPluginManager: Mounting plugin GeometryCache
LogPluginManager: Mounting plugin HTML5Networking
LogPluginManager: Mounting plugin ProxyLODPlugin
LogPluginManager: Mounting plugin MagicLeap
LogPluginManager: Mounting plugin MagicLeapEmulator
LogPluginManager: Mounting plugin MagicLeapMedia
LogPluginManager: Mounting plugin AndroidMedia
LogPluginManager: Mounting plugin AvfMedia
LogPluginManager: Mounting plugin ImgMedia
LogPluginManager: Mounting plugin LinearTimecode
LogPluginManager: Mounting plugin MediaCompositing
LogPluginManager: Mounting plugin MediaPlayerEditor
LogPluginManager: Mounting plugin WmfMedia
LogPluginManager: Mounting plugin TcpMessaging
LogPluginManager: Mounting plugin UdpMessaging
LogPluginManager: Mounting plugin ActorSequence
LogPluginManager: Mounting plugin LevelSequenceEditor
LogPluginManager: Mounting plugin MatineeToLevelSequence
LogPluginManager: Mounting plugin NetcodeUnitTest
LogPluginManager: Mounting plugin NUTUnrealEngine4
LogPluginManager: Mounting plugin OnlineSubsystemGooglePlay
LogPluginManager: Mounting plugin OnlineSubsystemIOS
LogPluginManager: Mounting plugin OnlineSubsystem
LogPluginManager: Mounting plugin OnlineSubsystemNull
LogPluginManager: Mounting plugin OnlineSubsystemUtils
LogPluginManager: Mounting plugin LauncherChunkInstaller
LogPluginManager: Mounting plugin AndroidDeviceProfileSelector
LogPluginManager: Mounting plugin AndroidMoviePlayer
LogPluginManager: Mounting plugin AndroidPermission
LogPluginManager: Mounting plugin AppleMoviePlayer
LogPluginManager: Mounting plugin ArchVisCharacter
LogPluginManager: Mounting plugin AudioCapture
LogPluginManager: Mounting plugin CableComponent
LogPluginManager: Mounting plugin CustomMeshComponent
LogPluginManager: Mounting plugin EditableMesh
LogPluginManager: Mounting plugin ExampleDeviceProfileSelector
LogPluginManager: Mounting plugin GoogleCloudMessaging
LogPluginManager: Mounting plugin ImmediatePhysics
LogPluginManager: Mounting plugin IOSDeviceProfileSelector
LogPluginManager: Mounting plugin LinuxDeviceProfileSelector
LogPluginManager: Mounting plugin LocationServicesBPLibrary
LogPluginManager: Mounting plugin MobilePatchingUtils
LogPluginManager: Mounting plugin OculusVR
LogPluginManager: Plugin shader directory ../../../Engine/Plugins/Runtime/Oculus/OculusVR/Shaders found
LogPluginManager: Mapping shader source directory ../../../Engine/Plugins/Runtime/Oculus/OculusVR/Shaders to virtual directory /Plugin/OculusVR
LogPluginManager: Mounting plugin PhysXVehicles
LogPluginManager: Mounting plugin ProceduralMeshComponent
LogPluginManager: Mounting plugin RuntimePhysXCooking
LogPluginManager: Mounting plugin SteamVR
LogPluginManager: Mounting plugin WindowsMoviePlayer
LogStreaming: Display: Took  0.321s to configure plugins.
LogInit: Using libcurl 7.55.1-DEV
LogInit:  - built for x86_64-pc-win32
LogInit:  - supports SSL with OpenSSL/1.0.2h
LogInit:  - supports HTTP deflate (compression) using libz 1.2.8
LogInit:  - other features:
LogInit:      CURL_VERSION_SSL
LogInit:      CURL_VERSION_LIBZ
LogInit:      CURL_VERSION_IPV6
LogInit:      CURL_VERSION_ASYNCHDNS
LogInit:      CURL_VERSION_LARGEFILE
LogInit:      CURL_VERSION_IDN
LogInit:  CurlRequestOptions (configurable via config and command line):
LogInit:  - bVerifyPeer = false  - Libcurl will NOT verify peer certificate
LogInit:  - bUseHttpProxy = false  - Libcurl will NOT use HTTP proxy
LogInit:  - bDontReuseConnections = false  - Libcurl will reuse connections
LogInit:  - CertBundlePath = nullptr  - Libcurl will use whatever was configured at build time.
LogInit:  - MaxHostConnections = 16  - Libcurl will limit the number of connections to a host
LogInit:  - LocalHostAddr = Default
LogInit:  - BufferSize = 65536
LogInit: WinSock: version 1.1 (2.2), MaxSocks=32767, MaxUdp=65467
LogInit: Build: ++UE4+Release-4.20-CL-4369336
LogInit: Engine Version: 4.20.3-4369336+++UE4+Release-4.20
LogInit: Compatible Engine Version: 4.20.0-4212847+++UE4+Release-4.20
LogInit: Net CL: 4212847
LogInit: OS: Windows 10 (), CPU: Intel(R) Xeon(R) CPU E5-1620 v3 @ 3.50GHz, GPU: NVIDIA GeForce GTX 970
LogInit: Compiled (64-bit): Sep 17 2018 12:26:19
LogInit: Compiled with Visual C++: 19.13.26129.00
LogInit: Build Configuration: Development
LogInit: Branch Name: ++UE4+Release-4.20
LogInit: Command Line:  -skipcompile
LogInit: Base Directory: C:/Epic/UE4/UE_4.20/Engine/Binaries/Win64/
LogInit: Installed Engine Build: 1
LogDevObjectVersion: Number of dev versions registered: 20
LogDevObjectVersion:   Dev-Blueprints (B0D832E4-1F89-4F0D-ACCF-7EB736FD4AA2): 10
LogDevObjectVersion:   Dev-Build (E1C64328-A22C-4D53-A36C-8E866417BD8C): 0
LogDevObjectVersion:   Dev-Core (375EC13C-06E4-48FB-B500-84F0262A717E): 2
LogDevObjectVersion:   Dev-Editor (E4B068ED-F494-42E9-A231-DA0B2E46BB41): 24
LogDevObjectVersion:   Dev-Framework (CFFC743F-43B0-4480-9391-14DF171D2073): 34
LogDevObjectVersion:   Dev-Mobile (B02B49B5-BB20-44E9-A304-32B752E40360): 2
LogDevObjectVersion:   Dev-Networking (A4E4105C-59A1-49B5-A7C5-40C4547EDFEE): 0
LogDevObjectVersion:   Dev-Online (39C831C9-5AE6-47DC-9A44-9C173E1C8E7C): 0
LogDevObjectVersion:   Dev-Physics (78F01B33-EBEA-4F98-B9B4-84EACCB95AA2): 0
LogDevObjectVersion:   Dev-Platform (6631380F-2D4D-43E0-8009-CF276956A95A): 0
LogDevObjectVersion:   Dev-Rendering (12F88B9F-8875-4AFC-A67C-D90C383ABD29): 26
LogDevObjectVersion:   Dev-Sequencer (7B5AE74C-D270-4C10-A958-57980B212A5A): 9
LogDevObjectVersion:   Dev-VR (D7296918-1DD6-4BDD-9DE2-64A83CC13884): 2
LogDevObjectVersion:   Dev-LoadTimes (C2A15278-BFE7-4AFE-6C17-90FF531DF755): 1
LogDevObjectVersion:   Private-Geometry (6EACA3D4-40EC-4CC1-B786-8BED09428FC5): 3
LogDevObjectVersion:   Dev-AnimPhys (29E575DD-E0A3-4627-9D10-D276232CDCEA): 17
LogDevObjectVersion:   Dev-ReflectionCapture (6B266CEC-1EC7-4B8F-A30B-E4D90942FC07): 1
LogDevObjectVersion:   Dev-Automation (0DF73D61-A23F-47EA-B727-89E90C41499A): 1
LogDevObjectVersion:   FortniteMain (601D1886-AC64-4F84-AA16-D3DE0DEAC7D6): 12
LogDevObjectVersion:   Dev-Enterprise (9DFFBCD6-494F-0158-E221-12823C92A888): 1
LogStreaming: Display: Took  0.008s to delete old logs.
LogInit: Presizing for max 8388607 objects, including 0 objects not considered by GC, pre-allocating 0 bytes for permanent pool.
LogInit: Object subsystem initialized
[2019.01.26-16.22.55:475][  0]LogInit: Selected Device Profile: [Windows]
[2019.01.26-16.22.55:475][  0]LogInit: Applying CVar settings loaded from the selected device profile: [Windows]
[2019.01.26-16.22.55:495][  0]LogHAL: Display: Platform has ~ 16 GB [17092038656 / 17179869184 / 16], which maps to Larger [LargestMinGB=32, LargerMinGB=12, DefaultMinGB=8, SmallerMinGB=6, SmallestMinGB=0)
[2019.01.26-16.22.55:495][  0]LogInit: Setting Device Profile CVar: [[r.Vulkan.UseRealUBs:1]]
[2019.01.26-16.22.55:495][  0]LogInit: Going up to parent DeviceProfile []
[2019.01.26-16.22.55:496][  0]LogInit: Computer: D102-12
[2019.01.26-16.22.55:496][  0]LogInit: User: c013767h
[2019.01.26-16.22.55:496][  0]LogInit: CPU Page size=4096, Cores=4
[2019.01.26-16.22.55:496][  0]LogInit: High frequency timer resolution =3.410072 MHz
[2019.01.26-16.22.55:496][  0]LogMemory: Memory total: Physical=15.9GB (16GB approx)
[2019.01.26-16.22.55:496][  0]LogMemory: Platform Memory Stats for Windows
[2019.01.26-16.22.55:496][  0]LogMemory: Process Physical Memory: 100.44 MB used, 100.44 MB peak
[2019.01.26-16.22.55:496][  0]LogMemory: Process Virtual Memory: 90.84 MB used, 90.84 MB peak
[2019.01.26-16.22.55:496][  0]LogMemory: Physical Memory: 7322.41 MB used,  8977.82 MB free, 16300.24 MB total
[2019.01.26-16.22.55:496][  0]LogMemory: Virtual Memory: 4640.35 MB used,  8977.82 MB free, 134217728.00 MB total
[2019.01.26-16.22.55:618][  0]LogInit: Using OS detected language (en-US).
[2019.01.26-16.22.55:618][  0]LogInit: Using OS detected locale (en-GB).
[2019.01.26-16.22.55:619][  0]LogTextLocalizationManager: No specific localization for 'en-US' exists, so the 'en' localization will be used.
[2019.01.26-16.22.56:032][  0]LogStreaming: Display: Took  0.415s to InitEngineTextLocalization.
[2019.01.26-16.22.56:032][  0]LogInit: Setting process to per monitor DPI aware
[2019.01.26-16.22.56:085][  0]LogSlate: New Slate User Created.  User Index 0, Is Virtual User: 0
[2019.01.26-16.22.56:085][  0]LogSlate: Slate User Registered.  User Index 0, Is Virtual User: 0
[2019.01.26-16.22.56:431][  0]LogHMD: Failed to initialize OpenVR with code 110
[2019.01.26-16.22.56:431][  0]LogD3D11RHI: D3D11 adapters:
[2019.01.26-16.22.56:521][  0]LogD3D11RHI:    0. 'NVIDIA GeForce GTX 970' (Feature Level 11_0)
[2019.01.26-16.22.56:521][  0]LogD3D11RHI:       4043/0/8150 MB DedicatedVideo/DedicatedSystem/SharedSystem, Outputs:2, VendorId:0x10de
[2019.01.26-16.22.56:527][  0]LogD3D11RHI:    1. 'Microsoft Basic Render Driver' (Feature Level 11_0)
[2019.01.26-16.22.56:527][  0]LogD3D11RHI:       0/0/8150 MB DedicatedVideo/DedicatedSystem/SharedSystem, Outputs:0, VendorId:0x1414
[2019.01.26-16.22.56:528][  0]LogD3D11RHI: Chosen D3D11 Adapter: 0
[2019.01.26-16.22.56:538][  0]LogD3D11RHI: Creating new Direct3DDevice
[2019.01.26-16.22.56:538][  0]LogD3D11RHI:     GPU DeviceId: 0x13c2 (for the marketing name, search the web for "GPU Device Id")
[2019.01.26-16.22.56:538][  0]LogWindows: EnumDisplayDevices:
[2019.01.26-16.22.56:539][  0]LogWindows:    0. 'NVIDIA GeForce GTX 970' (P:1 D:1)
[2019.01.26-16.22.56:539][  0]LogWindows:    1. 'NVIDIA GeForce GTX 970' (P:0 D:1)
[2019.01.26-16.22.56:539][  0]LogWindows:    2. 'NVIDIA GeForce GTX 970' (P:0 D:0)
[2019.01.26-16.22.56:540][  0]LogWindows:    3. 'NVIDIA GeForce GTX 970' (P:0 D:0)
[2019.01.26-16.22.56:540][  0]LogWindows: DebugString: FoundDriverCount:4 
[2019.01.26-16.22.56:540][  0]LogD3D11RHI:     Adapter Name: NVIDIA GeForce GTX 970
[2019.01.26-16.22.56:540][  0]LogD3D11RHI:   Driver Version: 398.82 (internal:24.21.13.9882, unified:398.82)
[2019.01.26-16.22.56:540][  0]LogD3D11RHI:      Driver Date: 7-30-2018
[2019.01.26-16.22.56:540][  0]LogRHI: Texture pool is 2830 MB (70% of 4043 MB)
[2019.01.26-16.22.56:591][  0]LogD3D11RHI: Async texture creation enabled
[2019.01.26-16.22.56:610][  0]LogD3D11RHI: GPU Timing Frequency: 1000.000000 (Debug: 2 2)
[2019.01.26-16.22.56:614][  0]LogShaderCompilers: Guid format shader working directory is -15 characters bigger than the processId version (../../../../../../Users/c013767h/Documents/GitHub/HomeIs/HomeIs/Intermediate/Shaders/WorkingDirectory/14920/).
[2019.01.26-16.22.56:615][  0]LogShaderCompilers: Cleaned the shader compiler working directory 'C:/Users/c013767h/AppData/Local/Temp/UnrealShaderWorkingDir/EAB7600D45C8C47032127C930EFE2060/'.
[2019.01.26-16.22.56:983][  0]LogTemp: Display: Loaded TP AllDesktopTargetPlatform
[2019.01.26-16.22.57:002][  0]LogTemp: Display: Loaded TP MacClientTargetPlatform
[2019.01.26-16.22.57:023][  0]LogTemp: Display: Loaded TP MacNoEditorTargetPlatform
[2019.01.26-16.22.57:047][  0]LogTemp: Display: Loaded TP MacServerTargetPlatform
[2019.01.26-16.22.57:068][  0]LogTemp: Display: Loaded TP MacTargetPlatform
[2019.01.26-16.22.57:090][  0]LogTemp: Display: Loaded TP WindowsClientTargetPlatform
[2019.01.26-16.22.57:110][  0]LogTemp: Display: Loaded TP WindowsNoEditorTargetPlatform
[2019.01.26-16.22.57:129][  0]LogTemp: Display: Loaded TP WindowsServerTargetPlatform
[2019.01.26-16.22.57:141][  0]LogTemp: Display: Loaded TP WindowsTargetPlatform
[2019.01.26-16.22.57:243][  0]LogTemp: Display: Loaded TP AndroidTargetPlatform
[2019.01.26-16.22.57:243][  0]LogTemp: Display: Loaded TP AndroidTargetPlatform
[2019.01.26-16.22.57:243][  0]LogTemp: Display: Loaded TP AndroidTargetPlatform
[2019.01.26-16.22.57:243][  0]LogTemp: Display: Loaded TP AndroidTargetPlatform
[2019.01.26-16.22.57:243][  0]LogTemp: Display: Loaded TP AndroidTargetPlatform
[2019.01.26-16.22.57:243][  0]LogTemp: Display: Loaded TP AndroidTargetPlatform
[2019.01.26-16.22.57:243][  0]LogTemp: Display: Loaded TP AndroidTargetPlatform
[2019.01.26-16.22.57:243][  0]LogTemp: Display: Loaded TP AndroidTargetPlatform
[2019.01.26-16.22.57:244][  0]LogTemp: Display: Loaded TP AndroidTargetPlatform
[2019.01.26-16.22.57:244][  0]LogTemp: Display: Loaded TP AndroidTargetPlatform
[2019.01.26-16.22.57:244][  0]LogTemp: Display: Loaded TP AndroidTargetPlatform
[2019.01.26-16.22.57:244][  0]LogTemp: Display: Loaded TP AndroidTargetPlatform
[2019.01.26-16.22.57:244][  0]LogTemp: Display: Loaded TP AndroidTargetPlatform
[2019.01.26-16.22.57:244][  0]LogTemp: Display: Loaded TP AndroidTargetPlatform
[2019.01.26-16.22.57:244][  0]LogTemp: Display: Loaded TP AndroidTargetPlatform
[2019.01.26-16.22.57:244][  0]LogTemp: Display: Loaded TP AndroidTargetPlatform
[2019.01.26-16.22.57:244][  0]LogTemp: Display: Loaded TP AndroidTargetPlatform
[2019.01.26-16.22.57:244][  0]LogTemp: Display: Loaded TP AndroidTargetPlatform
[2019.01.26-16.22.57:249][  0]LogTemp: Display: Loaded TP HTML5TargetPlatform
[2019.01.26-16.22.57:327][  0]LogTemp: Display: Loaded TP IOSTargetPlatform
[2019.01.26-16.22.57:327][  0]LogTemp: Display: Loaded TP IOSTargetPlatform
[2019.01.26-16.22.57:358][  0]LogTemp: Display: Loaded TP TVOSTargetPlatform
[2019.01.26-16.22.57:358][  0]LogTemp: Display: Loaded TP TVOSTargetPlatform
[2019.01.26-16.22.57:377][  0]LogTemp: Display: Loaded TP LinuxClientTargetPlatform
[2019.01.26-16.22.57:398][  0]LogTemp: Display: Loaded TP LinuxNoEditorTargetPlatform
[2019.01.26-16.22.57:418][  0]LogTemp: Display: Loaded TP LinuxServerTargetPlatform
[2019.01.26-16.22.57:438][  0]LogTemp: Display: Loaded TP LinuxTargetPlatform
[2019.01.26-16.22.57:454][  0]LogTemp: Display: Loaded TP LuminTargetPlatform
[2019.01.26-16.22.57:454][  0]LogTargetPlatformManager: Display: Building Assets For Windows
[2019.01.26-16.22.57:640][  0]LogXGEController: Cleaning working directory: C:/Users/c013767h/AppData/Local/Temp/UnrealXGEWorkingDir/
[2019.01.26-16.22.57:641][  0]LogXGEController: Cannot use XGE Controller as Incredibuild is not installed on this machine.
[2019.01.26-16.22.57:641][  0]LogShaderCompilers: Cannot use XGE Shader Compiler as Incredibuild is not installed on this machine.
[2019.01.26-16.22.57:641][  0]LogShaderCompilers: Display: Using Local Shader Compiler.
[2019.01.26-16.22.58:714][  0]LogDerivedDataCache: Display: Max Cache Size: 512 MB
[2019.01.26-16.22.58:819][  0]LogDerivedDataCache: Loaded boot cache 0.10s 73MB C:/Users/c013767h/AppData/Local/UnrealEngine/4.20/DerivedDataCache/Boot.ddc.
[2019.01.26-16.22.58:819][  0]LogDerivedDataCache: Display: Loaded Boot cache: C:/Users/c013767h/AppData/Local/UnrealEngine/4.20/DerivedDataCache/Boot.ddc
[2019.01.26-16.22.58:820][  0]LogDerivedDataCache: FDerivedDataBackendGraph:  Pak pak cache file ../../../../../../Users/c013767h/Documents/GitHub/HomeIs/HomeIs/DerivedDataCache/DDC.ddp not found, will not use a pak cache.
[2019.01.26-16.22.58:820][  0]LogDerivedDataCache: Unable to find inner node Pak for hierarchical cache Hierarchy.
[2019.01.26-16.22.58:820][  0]LogDerivedDataCache: FDerivedDataBackendGraph:  CompressedPak pak cache file ../../../../../../Users/c013767h/Documents/GitHub/HomeIs/HomeIs/DerivedDataCache/Compressed.ddp not found, will not use a pak cache.
[2019.01.26-16.22.58:820][  0]LogDerivedDataCache: Unable to find inner node CompressedPak for hierarchical cache Hierarchy.
[2019.01.26-16.22.58:838][  0]LogDerivedDataCache: Display: Pak cache opened for reading ../../../Engine/DerivedDataCache/Compressed.ddp.
[2019.01.26-16.22.58:852][  0]LogDerivedDataCache: Using Local data cache path C:/Users/c013767h/AppData/Local/UnrealEngine/Common/DerivedDataCache: Writable
[2019.01.26-16.22.58:852][  0]LogDerivedDataCache: Shared data cache path not found in *engine.ini, will not use an Shared cache.
[2019.01.26-16.22.58:852][  0]LogDerivedDataCache: Unable to find inner node Shared for hierarchical cache Hierarchy.
[2019.01.26-16.22.58:873][  0]LogMaterial: Verifying Global Shaders for PCD3D_SM5
[2019.01.26-16.22.58:875][  0]LogSlate: Using FreeType 2.6.0
[2019.01.26-16.22.58:876][  0]LogSlate: SlateFontServices - WITH_FREETYPE: 1, WITH_HARFBUZZ: 1
[2019.01.26-16.22.58:967][  0]LogAssetRegistry: FAssetRegistry took 0.0288 seconds to start up
[2019.01.26-16.22.59:443][  0]LogInit: Selected Device Profile: [Windows]
[2019.01.26-16.22.59:629][  0]LogSimplygon: Simplygon DLL not present - disabling.
[2019.01.26-16.22.59:639][  0]LogMeshReduction: Using SimplygonSwarm for distributed automatic mesh merging
[2019.01.26-16.22.59:639][  0]LogMeshReduction: Using ProxyLODMeshReduction for automatic mesh merging
[2019.01.26-16.22.59:639][  0]LogMeshReduction: Using QuadricMeshReduction for automatic static mesh reduction
[2019.01.26-16.22.59:639][  0]LogMeshReduction: No automatic skeletal mesh reduction module available
[2019.01.26-16.22.59:663][  0]LogNetVersion: HomeIs 1.0.0, NetCL: 4212847, EngineNetVer: 5, GameNetVer: 0 (Checksum: 4178729889)
[2019.01.26-16.23.00:557][  0]LogPackageLocalizationCache: Processed 11 localized package path(s) for 2 prioritized culture(s) in 0.381484 seconds
[2019.01.26-16.23.00:565][  0]LogUObjectArray: 38425 objects as part of root set at end of initial load.
[2019.01.26-16.23.00:565][  0]LogUObjectAllocator: 6690864 out of 0 bytes used by permanent object pool.
[2019.01.26-16.23.00:565][  0]LogUObjectArray: CloseDisregardForGC: 0/0 objects in disregard for GC pool
[2019.01.26-16.23.01:853][  0]LogTcpMessaging: Initializing TcpMessaging bridge
[2019.01.26-16.23.01:870][  0]LogUdpMessaging: Initializing bridge on interface 0.0.0.0:0 to multicast group 230.0.0.1:6666.
[2019.01.26-16.23.02:336][  0]SourceControl: Source control is disabled
[2019.01.26-16.23.02:336][  0]SourceControl: Source control is disabled
[2019.01.26-16.23.02:341][  0]SourceControl: Source control is disabled
[2019.01.26-16.23.02:346][  0]SourceControl: Source control is disabled
[2019.01.26-16.23.02:669][  0]LogAndroidPermission: UAndroidPermissionCallbackProxy::GetInstance
[2019.01.26-16.23.02:781][  0]LogOcInput: OculusInput pre-init called
[2019.01.26-16.23.02:862][  0]LogEngine: Initializing Engine...
[2019.01.26-16.23.02:863][  0]LogHMD: Failed to initialize OpenVR with code 110
[2019.01.26-16.23.02:865][  0]LogStats: UGameplayTagsManager::ConstructGameplayTagTree: ImportINI prefixes -  0.000 s
[2019.01.26-16.23.02:865][  0]LogStats: UGameplayTagsManager::ConstructGameplayTagTree: Construct from data asset -  0.000 s
[2019.01.26-16.23.02:866][  0]LogStats: UGameplayTagsManager::ConstructGameplayTagTree: ImportINI -  0.000 s
[2019.01.26-16.23.02:866][  0]LogStats: UGameplayTagsManager::ConstructGameplayTagTree: GameplayTagTreeChangedEvent.Broadcast -  0.000 s
[2019.01.26-16.23.03:112][  0]LogInit: Initializing FReadOnlyCVARCache
[2019.01.26-16.23.03:141][  0]LogAIModule: Creating AISystem for world Untitled
[2019.01.26-16.23.03:160][  0]LogInit: XAudio2 using 'Speakers (Realtek High Definition Audio)' : 2 channels at 48 kHz using 32 bits per sample (channel mask 0x3)
[2019.01.26-16.23.03:207][  0]LogInit: FAudioDevice initialized.
[2019.01.26-16.23.03:207][  0]LogNetVersion: Set ProjectVersion to 1.0.0.0. Version Checksum will be recalculated on next use.
[2019.01.26-16.23.03:303][  0]LogDerivedDataCache: Saved boot cache 0.10s 73MB C:/Users/c013767h/AppData/Local/UnrealEngine/4.20/DerivedDataCache/Boot.ddc.
[2019.01.26-16.23.03:322][  0]LogInit: Texture streaming: Enabled
[2019.01.26-16.23.03:366][  0]LogEngineSessionManager: EngineSessionManager initialized
[2019.01.26-16.23.03:366][  0]LogEngineSessionManager: EngineSessionManager sent abnormal shutdown report. Type=Debugger, SessionId={AE6901E3-4EE4-545B-2AC2-56BB460E98E7}
[2019.01.26-16.23.03:385][  0]LogInit: Transaction tracking system initialized
[2019.01.26-16.23.03:446][  0]BlueprintLog: New page: Editor Load
[2019.01.26-16.23.03:703][  0]LocalizationService: Localization service is disabled
[2019.01.26-16.23.04:113][  0]LogCook: Display: Max memory allowance for cook 16384mb min free memory 0mb
[2019.01.26-16.23.04:113][  0]LogCook: Display: Mobile HDR setting 1
[2019.01.26-16.23.04:114][  0]LogGameplayTags: Display: UGameplayTagsManager::DoneAddingNativeTags. DelegateIsBound: 0
[2019.01.26-16.23.04:114][  0]LogStats: UGameplayTagsManager::ConstructGameplayTagTree: ImportINI prefixes -  0.000 s
[2019.01.26-16.23.04:114][  0]LogStats: UGameplayTagsManager::ConstructGameplayTagTree: Construct from data asset -  0.000 s
[2019.01.26-16.23.04:114][  0]LogStats: UGameplayTagsManager::ConstructGameplayTagTree: ImportINI -  0.000 s
[2019.01.26-16.23.04:114][  0]LogStats: UGameplayTagsManager::ConstructGameplayTagTree: GameplayTagTreeChangedEvent.Broadcast -  0.000 s
[2019.01.26-16.23.04:387][  0]LogFileCache: Scanning file cache for directory 'C:/Users/c013767h/Documents/GitHub/HomeIs/HomeIs/Content/' took 0.02s
[2019.01.26-16.23.04:387][  0]SourceControl: Source control is disabled
[2019.01.26-16.23.04:387][  0]Cmd: MAP LOAD FILE="../../../../../../Users/c013767h/Documents/GitHub/HomeIs/HomeIs/Content/FirstPersonCPP/Maps/FirstPersonExampleMap.umap" TEMPLATE=0 SHOWPROGRESS=1 FEATURELEVEL=3
[2019.01.26-16.23.04:389][  0]LightingResults: New page: Lighting Build
[2019.01.26-16.23.04:396][  0]MapCheck: New page: Map Check
[2019.01.26-16.23.04:396][  0]LightingResults: New page: Lighting Build
[2019.01.26-16.23.04:689][  0]LogAIModule: Creating AISystem for world FirstPersonExampleMap
[2019.01.26-16.23.04:702][  0]LogEditorServer: Finished looking for orphan Actors (0.000 secs)
[2019.01.26-16.23.04:729][  0]Cmd: MAP CHECKDEP NOCLEARLOG
[2019.01.26-16.23.04:956][  0]MapCheck: Map check complete: 0 Error(s), 0 Warning(s), took 226.421ms to complete.
[2019.01.26-16.23.04:956][  0]LogFileHelpers: Loading map 'FirstPersonExampleMap' took 0.570
[2019.01.26-16.23.05:088][  0]LogSlate: Updating window title bar state: overlay mode, drag disabled, window buttons hidden, title bar hidden
[2019.01.26-16.23.05:097][  0]LogSlate: Updating window title bar state: overlay mode, drag disabled, window buttons hidden, title bar hidden
[2019.01.26-16.23.05:104][  0]LogSlate: Updating window title bar state: overlay mode, drag disabled, window buttons hidden, title bar hidden
[2019.01.26-16.23.05:112][  0]LogSlate: Updating window title bar state: overlay mode, drag disabled, window buttons hidden, title bar hidden
[2019.01.26-16.23.05:132][  0]LogCollectionManager: Loaded 0 collections in 0.003734 seconds
[2019.01.26-16.23.05:186][  0]LogFileCache: Scanning file cache for directory 'C:/Users/c013767h/Documents/GitHub/HomeIs/HomeIs/Saved/Collections/' took 0.01s
[2019.01.26-16.23.05:186][  0]LogFileCache: Scanning file cache for directory 'C:/Users/c013767h/Documents/GitHub/HomeIs/HomeIs/Content/Developers/c013767h/Collections/' took 0.01s
[2019.01.26-16.23.05:186][  0]LogFileCache: Scanning file cache for directory 'C:/Users/c013767h/Documents/GitHub/HomeIs/HomeIs/Content/Collections/' took 0.01s
[2019.01.26-16.23.05:186][  0]LogCollectionManager: Rebuilt the GUID cache for 0 collections in 0.000000 seconds
[2019.01.26-16.23.05:200][  0]LogContentBrowser: Native class hierarchy populated in 0.0135 seconds. Added 2580 classes and 605 folders.
[2019.01.26-16.23.05:214][  0]LogContentBrowser: Native class hierarchy updated for 'WidgetCarousel' in 0.0006 seconds. Added 0 classes and 0 folders.
[2019.01.26-16.23.05:306][  0]LogContentBrowser: Native class hierarchy updated for 'AddContentDialog' in 0.0007 seconds. Added 0 classes and 0 folders.
[2019.01.26-16.23.05:317][  0]LogContentBrowser: Native class hierarchy updated for 'SceneOutliner' in 0.0007 seconds. Added 1 classes and 2 folders.
[2019.01.26-16.23.05:373][  0]LogContentBrowser: Native class hierarchy updated for 'HierarchicalLODOutliner' in 0.0007 seconds. Added 0 classes and 0 folders.
[2019.01.26-16.23.05:373][  0]LogLoad: (Engine Initialization) Total time: 13.57 seconds
[2019.01.26-16.23.05:373][  0]LogLoad: (Engine Initialization) Total Blueprint compile time: 0.00 seconds
[2019.01.26-16.23.05:383][  0]LogWindowsTextInputMethodSystem: Display: IME system now deactivated.
[2019.01.26-16.23.05:403][  0]LogContentStreaming: Texture pool size now 1000 MB
[2019.01.26-16.23.05:405][  0]LogSlate: Took 0.000303 seconds to synchronously load lazily loaded font '../../../Engine/Content/Slate/Fonts/Roboto-Regular.ttf' (155K)
[2019.01.26-16.23.05:407][  0]LogSlate: Took 0.000306 seconds to synchronously load lazily loaded font '../../../Engine/Content/Slate/Fonts/Roboto-Bold.ttf' (160K)
[2019.01.26-16.23.05:414][  0]LogSlate: Took 0.000271 seconds to synchronously load lazily loaded font '../../../Engine/Content/Editor/Slate/Fonts/FontAwesome.ttf' (139K)
[2019.01.26-16.23.05:414][  0]LogSlate: Took 0.000187 seconds to synchronously load lazily loaded font '../../../Engine/Content/Slate/Fonts/DroidSansMono.ttf' (77K)
[2019.01.26-16.23.05:567][  0]LogRenderer: Reallocating scene render targets to support 804x360 Format 10 NumSamples 1 (Frame:1).
[2019.01.26-16.23.05:646][  1]LogAssetRegistry: Asset discovery search completed in 6.7033 seconds
[2019.01.26-16.23.05:650][  1]LogCollectionManager: Rebuilt the object cache for 0 collections in 0.000001 seconds (found 0 objects)
[2019.01.26-16.23.05:650][  1]LogCollectionManager: Fixed up redirectors for 0 collections in 0.000475 seconds (updated 0 objects)
[2019.01.26-16.23.08:525][335]LogSlate: FSceneViewport::OnFocusLost() reason 0
[2019.01.26-16.23.09:302][383]LogRenderer: Reallocating scene render targets to support 1208x576 Format 10 NumSamples 1 (Frame:4).
[2019.01.26-16.23.11:492][642]LogTemp: Repeating last play command: Selected Viewport
[2019.01.26-16.23.11:514][642]LogBlueprintUserMessages: Early PlayInEditor Detection: Level '/Game/FirstPersonCPP/Maps/FirstPersonExampleMap.FirstPersonExampleMap:PersistentLevel' has LevelScriptBlueprint '/Game/FirstPersonCPP/Maps/FirstPersonExampleMap.FirstPersonExampleMap:PersistentLevel.FirstPersonExampleMap' with GeneratedClass '/Game/FirstPersonCPP/Maps/FirstPersonExampleMap.FirstPersonExampleMap_C' with ClassGeneratedBy '/Game/FirstPersonCPP/Maps/FirstPersonExampleMap.FirstPersonExampleMap:PersistentLevel.FirstPersonExampleMap'
[2019.01.26-16.23.11:515][642]LogPlayLevel: PlayLevel: No blueprints needed recompiling
[2019.01.26-16.23.11:529][642]PIE: New page: PIE session: FirstPersonExampleMap (26 Jan 2019 16:23:11)
[2019.01.26-16.23.11:529][642]LogPlayLevel: Creating play world package: /Game/FirstPersonCPP/Maps/UEDPIE_0_FirstPersonExampleMap
[2019.01.26-16.23.11:561][642]LogPlayLevel: PIE: StaticDuplicateObject took: (0.032161s)
[2019.01.26-16.23.11:562][642]LogAIModule: Creating AISystem for world FirstPersonExampleMap
[2019.01.26-16.23.11:563][642]LogPlayLevel: PIE: World Init took: (0.001286s)
[2019.01.26-16.23.11:563][642]LogPlayLevel: PIE: Created PIE world by copying editor world from /Game/FirstPersonCPP/Maps/FirstPersonExampleMap.FirstPersonExampleMap to /Game/FirstPersonCPP/Maps/UEDPIE_0_FirstPersonExampleMap.FirstPersonExampleMap (0.034295s)
[2019.01.26-16.23.11:593][642]LogInit: XAudio2 using 'Speakers (Realtek High Definition Audio)' : 2 channels at 48 kHz using 32 bits per sample (channel mask 0x3)
[2019.01.26-16.23.11:609][642]LogInit: FAudioDevice initialized.
[2019.01.26-16.23.11:655][642]LogLoad: Game class is 'HomeIsGameMode'
[2019.01.26-16.23.11:661][642]LogWorld: Bringing World /Game/FirstPersonCPP/Maps/UEDPIE_0_FirstPersonExampleMap.FirstPersonExampleMap up for play (max tick rate 0) at 2019.01.26-16.23.11
[2019.01.26-16.23.11:662][642]LogWorld: Bringing up level for play took: 0.004932
[2019.01.26-16.23.11:684][642]LogContentBrowser: Native class hierarchy updated for 'MovieSceneCapture' in 0.0007 seconds. Added 10 classes and 0 folders.
[2019.01.26-16.23.11:685][642]PIE: Play in editor start time for /Game/FirstPersonCPP/Maps/UEDPIE_0_FirstPersonExampleMap -0.336
[2019.01.26-16.23.11:685][642]LogBlueprintUserMessages: Late PlayInEditor Detection: Level '/Game/FirstPersonCPP/Maps/FirstPersonExampleMap.FirstPersonExampleMap:PersistentLevel' has LevelScriptBlueprint '/Game/FirstPersonCPP/Maps/FirstPersonExampleMap.FirstPersonExampleMap:PersistentLevel.FirstPersonExampleMap' with GeneratedClass '/Game/FirstPersonCPP/Maps/FirstPersonExampleMap.FirstPersonExampleMap_C' with ClassGeneratedBy '/Game/FirstPersonCPP/Maps/FirstPersonExampleMap.FirstPersonExampleMap:PersistentLevel.FirstPersonExampleMap'
[2019.01.26-16.25.18:880][515]LogSlate: FSceneViewport::OnFocusLost() reason 0
[2019.01.26-16.25.19:586][586]LogBlueprintUserMessages: Early EndPlayMap Detection: Level '/Game/FirstPersonCPP/Maps/FirstPersonExampleMap.FirstPersonExampleMap:PersistentLevel' has LevelScriptBlueprint '/Game/FirstPersonCPP/Maps/FirstPersonExampleMap.FirstPersonExampleMap:PersistentLevel.FirstPersonExampleMap' with GeneratedClass '/Game/FirstPersonCPP/Maps/FirstPersonExampleMap.FirstPersonExampleMap_C' with ClassGeneratedBy '/Game/FirstPersonCPP/Maps/FirstPersonExampleMap.FirstPersonExampleMap:PersistentLevel.FirstPersonExampleMap'
[2019.01.26-16.25.19:588][586]LogSlate: Updating window title bar state: overlay mode, drag disabled, window buttons hidden, title bar hidden
[2019.01.26-16.25.19:625][586]LogPlayLevel: Display: Shutting down PIE online subsystems
[2019.01.26-16.25.19:625][586]LogBlueprintUserMessages: Late EndPlayMap Detection: Level '/Game/FirstPersonCPP/Maps/FirstPersonExampleMap.FirstPersonExampleMap:PersistentLevel' has LevelScriptBlueprint '/Game/FirstPersonCPP/Maps/FirstPersonExampleMap.FirstPersonExampleMap:PersistentLevel.FirstPersonExampleMap' with GeneratedClass '/Game/FirstPersonCPP/Maps/FirstPersonExampleMap.FirstPersonExampleMap_C' with ClassGeneratedBy '/Game/FirstPersonCPP/Maps/FirstPersonExampleMap.FirstPersonExampleMap:PersistentLevel.FirstPersonExampleMap'
[2019.01.26-16.25.19:651][586]LogSlate: Updating window title bar state: overlay mode, drag disabled, window buttons hidden, title bar hidden
[2019.01.26-16.25.19:688][588]LogPlayLevel: Display: Destroying online subsystem :Context_1
[2019.01.26-16.25.20:083][632]Candidate modules for hot reload:
[2019.01.26-16.25.20:083][632]  HomeIs
[2019.01.26-16.25.20:083][632]Launching UnrealBuildTool... [C:/Epic/UE4/UE_4.20/Engine/Binaries/DotNET/UnrealBuildTool.exe  -ModuleWithSuffix=HomeIs,2606 Win64 Development -TargetType=Editor -Project="../../../../../../Users/c013767h/Documents/GitHub/HomeIs/HomeIs/HomeIs.uproject" -canskiplink "C:/Users/c013767h/Documents/GitHub/HomeIs/HomeIs/HomeIs.uproject" ]
[2019.01.26-16.25.20:165][632]Warning: Starting HotReload took  0.1s.
[2019.01.26-16.25.26:129][345]CompilerResultsLog: New page: Compilation - 26 Jan 2019 16:25:26
[2019.01.26-16.25.26:129][345]CompilerResultsLog: Using 'git status' to determine working set for adaptive non-unity build.
[2019.01.26-16.25.26:129][345]CompilerResultsLog: Compiling game modules for hot reload
[2019.01.26-16.25.26:130][345]CompilerResultsLog: Building 3 actions with 8 processes...
[2019.01.26-16.25.26:130][345]CompilerResultsLog:   [1/3] Barricade.cpp
[2019.01.26-16.25.26:130][345]CompilerResultsLog:   [2/3] UE4Editor-HomeIs-2606.lib
[2019.01.26-16.25.26:130][345]CompilerResultsLog:      Creating library C:\Users\c013767h\Documents\GitHub\HomeIs\HomeIs\Intermediate\Build\Win64\UE4Editor\Development\HomeIs\UE4Editor-HomeIs-2606.lib and object C:\Users\c013767h\Documents\GitHub\HomeIs\HomeIs\Intermediate\Build\Win64\UE4Editor\Development\HomeIs\UE4Editor-HomeIs-2606.exp
[2019.01.26-16.25.26:130][345]CompilerResultsLog:   [3/3] UE4Editor-HomeIs-2606.dll
[2019.01.26-16.25.26:131][345]CompilerResultsLog:      Creating library C:\Users\c013767h\Documents\GitHub\HomeIs\HomeIs\Intermediate\Build\Win64\UE4Editor\Development\HomeIs\UE4Editor-HomeIs-2606.suppressed.lib and object C:\Users\c013767h\Documents\GitHub\HomeIs\HomeIs\Intermediate\Build\Win64\UE4Editor\Development\HomeIs\UE4Editor-HomeIs-2606.suppressed.exp
[2019.01.26-16.25.26:131][345]CompilerResultsLog: Total build time: 5.60 seconds (Parallel executor: 2.02 seconds)
[2019.01.26-16.25.26:132][345]LogMainFrame: MainFrame: Module compiling took 6.056 seconds
[2019.01.26-16.25.26:197][345]LogClass: Type HotReload.
[2019.01.26-16.25.26:199][345]LogHotReload: Re-instancing Barricade after hot-reload.
[2019.01.26-16.25.26:203][345]LogActor: Warning: MyBarricade_C /Game/FirstPersonCPP/Maps/FirstPersonExampleMap.FirstPersonExampleMap:PersistentLevel.MyBarricade2_2 has natively added scene component(s), but none of them were set as the actor's RootComponent - picking one arbitrarily
[2019.01.26-16.25.26:204][345]LogActor: Warning: MyBarricade_C /Game/FirstPersonCPP/Maps/FirstPersonExampleMap.FirstPersonExampleMap:PersistentLevel.MyBarricade_2 has natively added scene component(s), but none of them were set as the actor's RootComponent - picking one arbitrarily
[2019.01.26-16.25.26:308][345]LogContentBrowser: Native class hierarchy updated for 'HomeIs' in 0.0008 seconds. Added 8 classes and 2 folders.
[2019.01.26-16.25.26:311][345]Display: HotReload successful (1 functions remapped  0 scriptstructs remapped)
[2019.01.26-16.25.26:466][345]LogContentBrowser: Native class hierarchy populated in 0.0095 seconds. Added 2581 classes and 607 folders.
[2019.01.26-16.25.26:467][345]Display: HotReload took  6.4s.
[2019.01.26-16.25.34:465][303]LogTemp: Repeating last play command: Selected Viewport
[2019.01.26-16.25.34:487][303]LogBlueprintUserMessages: Early PlayInEditor Detection: Level '/Game/FirstPersonCPP/Maps/FirstPersonExampleMap.FirstPersonExampleMap:PersistentLevel' has LevelScriptBlueprint '/Game/FirstPersonCPP/Maps/FirstPersonExampleMap.FirstPersonExampleMap:PersistentLevel.FirstPersonExampleMap' with GeneratedClass '/Game/FirstPersonCPP/Maps/FirstPersonExampleMap.FirstPersonExampleMap_C' with ClassGeneratedBy '/Game/FirstPersonCPP/Maps/FirstPersonExampleMap.FirstPersonExampleMap:PersistentLevel.FirstPersonExampleMap'
[2019.01.26-16.25.34:488][303]LogPlayLevel: PlayLevel: No blueprints needed recompiling
[2019.01.26-16.25.34:488][303]PIE: New page: PIE session: FirstPersonExampleMap (26 Jan 2019 16:25:34)
[2019.01.26-16.25.34:488][303]LogPlayLevel: Creating play world package: /Game/FirstPersonCPP/Maps/UEDPIE_0_FirstPersonExampleMap
[2019.01.26-16.25.34:505][303]LogPlayLevel: PIE: StaticDuplicateObject took: (0.016196s)
[2019.01.26-16.25.34:506][303]LogAIModule: Creating AISystem for world FirstPersonExampleMap
[2019.01.26-16.25.34:507][303]LogPlayLevel: PIE: World Init took: (0.002124s)
[2019.01.26-16.25.34:508][303]LogPlayLevel: PIE: Created PIE world by copying editor world from /Game/FirstPersonCPP/Maps/FirstPersonExampleMap.FirstPersonExampleMap to /Game/FirstPersonCPP/Maps/UEDPIE_0_FirstPersonExampleMap.FirstPersonExampleMap (0.019440s)
[2019.01.26-16.25.34:543][303]LogInit: XAudio2 using 'Speakers (Realtek High Definition Audio)' : 2 channels at 48 kHz using 32 bits per sample (channel mask 0x3)
[2019.01.26-16.25.34:562][303]LogInit: FAudioDevice initialized.
[2019.01.26-16.25.34:599][303]LogLoad: Game class is 'HomeIsGameMode'
[2019.01.26-16.25.34:602][303]LogWorld: Bringing World /Game/FirstPersonCPP/Maps/UEDPIE_0_FirstPersonExampleMap.FirstPersonExampleMap up for play (max tick rate 0) at 2019.01.26-16.25.34
[2019.01.26-16.25.34:603][303]LogWorld: Bringing up level for play took: 0.002795
[2019.01.26-16.25.34:617][303]PIE: Play in editor start time for /Game/FirstPersonCPP/Maps/UEDPIE_0_FirstPersonExampleMap 0.596
[2019.01.26-16.25.34:618][303]LogBlueprintUserMessages: Late PlayInEditor Detection: Level '/Game/FirstPersonCPP/Maps/FirstPersonExampleMap.FirstPersonExampleMap:PersistentLevel' has LevelScriptBlueprint '/Game/FirstPersonCPP/Maps/FirstPersonExampleMap.FirstPersonExampleMap:PersistentLevel.FirstPersonExampleMap' with GeneratedClass '/Game/FirstPersonCPP/Maps/FirstPersonExampleMap.FirstPersonExampleMap_C' with ClassGeneratedBy '/Game/FirstPersonCPP/Maps/FirstPersonExampleMap.FirstPersonExampleMap:PersistentLevel.FirstPersonExampleMap'
[2019.01.26-16.25.35:506][404]LogTemp: Warning: 1
[2019.01.26-16.25.35:507][404]LogTemp: Warning: 2raycastCollider
[2019.01.26-16.25.35:507][404]LogTemp: Warning: 3
[2019.01.26-16.25.42:151][201]LogBlueprintUserMessages: Early EndPlayMap Detection: Level '/Game/FirstPersonCPP/Maps/FirstPersonExampleMap.FirstPersonExampleMap:PersistentLevel' has LevelScriptBlueprint '/Game/FirstPersonCPP/Maps/FirstPersonExampleMap.FirstPersonExampleMap:PersistentLevel.FirstPersonExampleMap' with GeneratedClass '/Game/FirstPersonCPP/Maps/FirstPersonExampleMap.FirstPersonExampleMap_C' with ClassGeneratedBy '/Game/FirstPersonCPP/Maps/FirstPersonExampleMap.FirstPersonExampleMap:PersistentLevel.FirstPersonExampleMap'
[2019.01.26-16.25.42:152][201]LogSlate: Updating window title bar state: overlay mode, drag disabled, window buttons hidden, title bar hidden
[2019.01.26-16.25.42:188][201]LogPlayLevel: Display: Shutting down PIE online subsystems
[2019.01.26-16.25.42:188][201]LogBlueprintUserMessages: Late EndPlayMap Detection: Level '/Game/FirstPersonCPP/Maps/FirstPersonExampleMap.FirstPersonExampleMap:PersistentLevel' has LevelScriptBlueprint '/Game/FirstPersonCPP/Maps/FirstPersonExampleMap.FirstPersonExampleMap:PersistentLevel.FirstPersonExampleMap' with GeneratedClass '/Game/FirstPersonCPP/Maps/FirstPersonExampleMap.FirstPersonExampleMap_C' with ClassGeneratedBy '/Game/FirstPersonCPP/Maps/FirstPersonExampleMap.FirstPersonExampleMap:PersistentLevel.FirstPersonExampleMap'
[2019.01.26-16.25.42:217][201]LogSlate: Updating window title bar state: overlay mode, drag disabled, window buttons hidden, title bar hidden
[2019.01.26-16.25.42:258][203]LogPlayLevel: Display: Destroying online subsystem :Context_2
[2019.01.26-16.25.57:878][713]LogSlate: FSceneViewport::OnFocusLost() reason 2
[2019.01.26-16.25.59:657][916]LogSlate: FSceneViewport::OnFocusLost() reason 2
[2019.01.26-16.26.00:746][916]LogSlate: Only BGRA pngs, bmps or icos are supported in by External Image Picker
[2019.01.26-16.26.00:814][917]LogTemp: Executing iPhonePackager certificates Engine -bundlename com.YourCompany.HomeIs
[2019.01.26-16.26.00:815][917]LogTemp: CWD: C:\Epic\UE4\UE_4.20\Engine\Binaries\DotNET\IOS
[2019.01.26-16.26.00:815][917]LogTemp: Initial Dir: C:\Epic\UE4\UE_4.20
[2019.01.26-16.26.00:815][917]LogTemp: Env CWD: C:\Epic\UE4\UE_4.20\Engine\Binaries\DotNET\IOS
[2019.01.26-16.26.00:820][917]LogTemp: BranchPath = D102-12/C/Epic/UE4/UE_4.20/Engine/Binaries --- GameBranchPath = D102-12/C/Epic/UE4/UE_4.20/Engine/Binaries
[2019.01.26-16.26.00:852][918]LogTemp: IPP ERROR: Could not find provision directory 'C:\Users\c013767h\AppData\Local/Apple Computer/MobileDevice/Provisioning Profiles/'.
[2019.01.26-16.27.06:610][336]LogSlate: Window 'Project Settings' being destroyed
[2019.01.26-16.27.06:615][336]LogSlate: Window 'Project Settings' being destroyed
[2019.01.26-16.27.07:573][447]LogSlate: FSceneViewport::OnFocusLost() reason 0
[2019.01.26-16.27.07:663][456]Candidate modules for hot reload:
[2019.01.26-16.27.07:663][456]  HomeIs
[2019.01.26-16.27.07:664][456]Launching UnrealBuildTool... [C:/Epic/UE4/UE_4.20/Engine/Binaries/DotNET/UnrealBuildTool.exe  -ModuleWithSuffix=HomeIs,9 Win64 Development -TargetType=Editor -Project="../../../../../../Users/c013767h/Documents/GitHub/HomeIs/HomeIs/HomeIs.uproject" -canskiplink "C:/Users/c013767h/Documents/GitHub/HomeIs/HomeIs/HomeIs.uproject" ]
[2019.01.26-16.27.07:672][456]Warning: Starting HotReload took  0.0s.
[2019.01.26-16.27.19:774][908]CompilerResultsLog: New page: Compilation - 26 Jan 2019 16:27:19
[2019.01.26-16.27.19:775][908]CompilerResultsLog: Using 'git status' to determine working set for adaptive non-unity build.
[2019.01.26-16.27.19:775][908]CompilerResultsLog: Creating makefile for hot reloading HomeIsEditor (ini files are newer than UBTMakefile)
[2019.01.26-16.27.19:775][908]CompilerResultsLog: Compiling game modules for hot reload
[2019.01.26-16.27.19:776][908]CompilerResultsLog: Using Visual Studio 2017 14.14.26428 toolchain (C:\Program Files (x86)\Microsoft Visual Studio\2017\Professional\VC\Tools\MSVC\14.14.26428) and Windows 10.0.17134.0 SDK (C:\Program Files (x86)\Windows Kits\10).
[2019.01.26-16.27.19:776][908]CompilerResultsLog: Building 3 actions with 8 processes...
[2019.01.26-16.27.19:776][908]CompilerResultsLog:   [1/3] Barricade.cpp
[2019.01.26-16.27.19:776][908]CompilerResultsLog:   [2/3] UE4Editor-HomeIs-9.lib
[2019.01.26-16.27.19:777][908]CompilerResultsLog:      Creating library C:\Users\c013767h\Documents\GitHub\HomeIs\HomeIs\Intermediate\Build\Win64\UE4Editor\Development\HomeIs\UE4Editor-HomeIs-9.lib and object C:\Users\c013767h\Documents\GitHub\HomeIs\HomeIs\Intermediate\Build\Win64\UE4Editor\Development\HomeIs\UE4Editor-HomeIs-9.exp
[2019.01.26-16.27.19:778][908]CompilerResultsLog:   [3/3] UE4Editor-HomeIs-9.dll
[2019.01.26-16.27.19:778][908]CompilerResultsLog:      Creating library C:\Users\c013767h\Documents\GitHub\HomeIs\HomeIs\Intermediate\Build\Win64\UE4Editor\Development\HomeIs\UE4Editor-HomeIs-9.suppressed.lib and object C:\Users\c013767h\Documents\GitHub\HomeIs\HomeIs\Intermediate\Build\Win64\UE4Editor\Development\HomeIs\UE4Editor-HomeIs-9.suppressed.exp
[2019.01.26-16.27.19:779][908]CompilerResultsLog: Total build time: 11.77 seconds (Parallel executor: 1.96 seconds)
[2019.01.26-16.27.19:779][908]LogMainFrame: MainFrame: Module compiling took 12.124 seconds
[2019.01.26-16.27.19:836][908]LogClass: Type HotReload.
[2019.01.26-16.27.19:843][908]LogContentBrowser: Native class hierarchy updated for 'HomeIs' in 0.0007 seconds. Added 8 classes and 2 folders.
[2019.01.26-16.27.19:846][908]Display: HotReload successful (1 functions remapped  0 scriptstructs remapped)
[2019.01.26-16.27.19:901][908]LogContentBrowser: Native class hierarchy populated in 0.0096 seconds. Added 2581 classes and 607 folders.
[2019.01.26-16.27.19:901][908]Display: HotReload took 12.3s.
[2019.01.26-16.27.21:778][133]LogTemp: Repeating last play command: Selected Viewport
[2019.01.26-16.27.21:796][133]LogBlueprintUserMessages: Early PlayInEditor Detection: Level '/Game/FirstPersonCPP/Maps/FirstPersonExampleMap.FirstPersonExampleMap:PersistentLevel' has LevelScriptBlueprint '/Game/FirstPersonCPP/Maps/FirstPersonExampleMap.FirstPersonExampleMap:PersistentLevel.FirstPersonExampleMap' with GeneratedClass '/Game/FirstPersonCPP/Maps/FirstPersonExampleMap.FirstPersonExampleMap_C' with ClassGeneratedBy '/Game/FirstPersonCPP/Maps/FirstPersonExampleMap.FirstPersonExampleMap:PersistentLevel.FirstPersonExampleMap'
[2019.01.26-16.27.21:797][133]LogPlayLevel: PlayLevel: No blueprints needed recompiling
[2019.01.26-16.27.21:798][133]PIE: New page: PIE session: FirstPersonExampleMap (26 Jan 2019 16:27:21)
[2019.01.26-16.27.21:798][133]LogPlayLevel: Creating play world package: /Game/FirstPersonCPP/Maps/UEDPIE_0_FirstPersonExampleMap
[2019.01.26-16.27.21:818][133]LogPlayLevel: PIE: StaticDuplicateObject took: (0.018796s)
[2019.01.26-16.27.21:819][133]LogAIModule: Creating AISystem for world FirstPersonExampleMap
[2019.01.26-16.27.21:819][133]LogPlayLevel: PIE: World Init took: (0.001431s)
[2019.01.26-16.27.21:820][133]LogPlayLevel: PIE: Created PIE world by copying editor world from /Game/FirstPersonCPP/Maps/FirstPersonExampleMap.FirstPersonExampleMap to /Game/FirstPersonCPP/Maps/UEDPIE_0_FirstPersonExampleMap.FirstPersonExampleMap (0.021227s)
[2019.01.26-16.27.21:857][133]LogInit: XAudio2 using 'Speakers (Realtek High Definition Audio)' : 2 channels at 48 kHz using 32 bits per sample (channel mask 0x3)
[2019.01.26-16.27.21:876][133]LogInit: FAudioDevice initialized.
[2019.01.26-16.27.21:919][133]LogLoad: Game class is 'HomeIsGameMode'
[2019.01.26-16.27.21:923][133]LogWorld: Bringing World /Game/FirstPersonCPP/Maps/UEDPIE_0_FirstPersonExampleMap.FirstPersonExampleMap up for play (max tick rate 0) at 2019.01.26-16.27.21
[2019.01.26-16.27.21:924][133]LogWorld: Bringing up level for play took: 0.003493
[2019.01.26-16.27.21:939][133]PIE: Play in editor start time for /Game/FirstPersonCPP/Maps/UEDPIE_0_FirstPersonExampleMap -0.082
[2019.01.26-16.27.21:939][133]LogBlueprintUserMessages: Late PlayInEditor Detection: Level '/Game/FirstPersonCPP/Maps/FirstPersonExampleMap.FirstPersonExampleMap:PersistentLevel' has LevelScriptBlueprint '/Game/FirstPersonCPP/Maps/FirstPersonExampleMap.FirstPersonExampleMap:PersistentLevel.FirstPersonExampleMap' with GeneratedClass '/Game/FirstPersonCPP/Maps/FirstPersonExampleMap.FirstPersonExampleMap_C' with ClassGeneratedBy '/Game/FirstPersonCPP/Maps/FirstPersonExampleMap.FirstPersonExampleMap:PersistentLevel.FirstPersonExampleMap'
[2019.01.26-16.27.23:161][275]LogTemp: Warning: 1
[2019.01.26-16.27.23:162][275]LogTemp: Warning: 2raycastCollider
[2019.01.26-16.27.23:162][275]LogTemp: Warning: 3
[2019.01.26-16.27.27:995][855]LogTemp: Warning: 1
[2019.01.26-16.27.27:995][855]LogTemp: Warning: 2raycastCollider
[2019.01.26-16.27.27:995][855]LogTemp: Warning: 3
[2019.01.26-16.27.28:945][969]LogTemp: Warning: 1
[2019.01.26-16.27.29:570][ 44]LogTemp: Warning: 1
[2019.01.26-16.27.29:570][ 44]LogTemp: Warning: 2raycastCollider
[2019.01.26-16.27.29:570][ 44]LogTemp: Warning: 3
[2019.01.26-16.27.30:178][117]LogTemp: Warning: 1
[2019.01.26-16.27.30:179][117]LogTemp: Warning: 2raycastCollider
[2019.01.26-16.27.30:179][117]LogTemp: Warning: 3
[2019.01.26-16.27.30:920][206]LogTemp: Warning: 1
[2019.01.26-16.27.32:237][364]LogTemp: Warning: 1
[2019.01.26-16.27.32:953][450]LogTemp: Warning: 1
[2019.01.26-16.27.32:953][450]LogTemp: Warning: 2raycastCollider
[2019.01.26-16.27.32:953][450]LogTemp: Warning: 3
[2019.01.26-16.27.44:129][791]LogBlueprintUserMessages: Early EndPlayMap Detection: Level '/Game/FirstPersonCPP/Maps/FirstPersonExampleMap.FirstPersonExampleMap:PersistentLevel' has LevelScriptBlueprint '/Game/FirstPersonCPP/Maps/FirstPersonExampleMap.FirstPersonExampleMap:PersistentLevel.FirstPersonExampleMap' with GeneratedClass '/Game/FirstPersonCPP/Maps/FirstPersonExampleMap.FirstPersonExampleMap_C' with ClassGeneratedBy '/Game/FirstPersonCPP/Maps/FirstPersonExampleMap.FirstPersonExampleMap:PersistentLevel.FirstPersonExampleMap'
[2019.01.26-16.27.44:130][791]LogSlate: Updating window title bar state: overlay mode, drag disabled, window buttons hidden, title bar hidden
[2019.01.26-16.27.44:172][791]LogPlayLevel: Display: Shutting down PIE online subsystems
[2019.01.26-16.27.44:173][791]LogBlueprintUserMessages: Late EndPlayMap Detection: Level '/Game/FirstPersonCPP/Maps/FirstPersonExampleMap.FirstPersonExampleMap:PersistentLevel' has LevelScriptBlueprint '/Game/FirstPersonCPP/Maps/FirstPersonExampleMap.FirstPersonExampleMap:PersistentLevel.FirstPersonExampleMap' with GeneratedClass '/Game/FirstPersonCPP/Maps/FirstPersonExampleMap.FirstPersonExampleMap_C' with ClassGeneratedBy '/Game/FirstPersonCPP/Maps/FirstPersonExampleMap.FirstPersonExampleMap:PersistentLevel.FirstPersonExampleMap'
[2019.01.26-16.27.44:203][791]LogSlate: Updating window title bar state: overlay mode, drag disabled, window buttons hidden, title bar hidden
[2019.01.26-16.27.44:243][793]LogPlayLevel: Display: Destroying online subsystem :Context_4
[2019.01.26-16.27.58:491][967]LogSlate: FSceneViewport::OnFocusLost() reason 0
[2019.01.26-16.27.58:909][967]LogSlate: Window 'HomeIs - Unreal Editor' being destroyed
[2019.01.26-16.27.58:910][967]LogWindowsTextInputMethodSystem: Display: IME system now deactivated.
[2019.01.26-16.27.59:131][968]Cmd: QUIT_EDITOR
[2019.01.26-16.27.59:626][968]LogExit: Preparing to exit.
[2019.01.26-16.28.00:621][968]LogExit: Editor shut down
[2019.01.26-16.28.00:623][968]LogExit: Transaction tracking system shut down
[2019.01.26-16.28.01:276][968]LogExit: Object subsystem successfully closed.
[2019.01.26-16.28.01:317][968]LogShaderCompilers: Display: Shaders left to compile 0
[2019.01.26-16.28.01:323][968]LogD3D11RHI: Shutdown
[2019.01.26-16.28.01:323][968]LogD3D11RHI: CleanupD3DDevice
[2019.01.26-16.28.01:325][968]LogD3D11RHI: ~FD3D11DynamicRHI
[2019.01.26-16.28.01:375][968]LogModuleManager: Shutting down and abandoning module HomeIs (620)
[2019.01.26-16.28.01:376][968]LogModuleManager: Shutting down and abandoning module ExternalImagePicker (619)
[2019.01.26-16.28.01:376][968]LogModuleManager: Shutting down and abandoning module MovieSceneCapture (616)
[2019.01.26-16.28.01:376][968]LogModuleManager: Shutting down and abandoning module Voice (614)
[2019.01.26-16.28.01:376][968]LogModuleManager: Shutting down and abandoning module HierarchicalLODOutliner (612)
[2019.01.26-16.28.01:376][968]LogModuleManager: Shutting down and abandoning module SceneOutliner (610)
[2019.01.26-16.28.01:376][968]LogModuleManager: Shutting down and abandoning module AddContentDialog (608)
[2019.01.26-16.28.01:377][968]LogModuleManager: Shutting down and abandoning module WidgetCarousel (607)
[2019.01.26-16.28.01:377][968]LogModuleManager: Shutting down and abandoning module EditorWidgets (604)
[2019.01.26-16.28.01:377][968]LogModuleManager: Shutting down and abandoning module CollectionManager (602)
[2019.01.26-16.28.01:377][968]LogModuleManager: Shutting down and abandoning module StatsViewer (600)
[2019.01.26-16.28.01:377][968]LogModuleManager: Shutting down and abandoning module FoliageEdit (598)
[2019.01.26-16.28.01:377][968]LogModuleManager: Shutting down and abandoning module LandscapeEditor (596)
[2019.01.26-16.28.01:377][968]LogModuleManager: Shutting down and abandoning module MeshPaintMode (594)
[2019.01.26-16.28.01:378][968]LogModuleManager: Shutting down and abandoning module SceneDepthPickerMode (592)
[2019.01.26-16.28.01:378][968]LogModuleManager: Shutting down and abandoning module ActorPickerMode (590)
[2019.01.26-16.28.01:378][968]LogModuleManager: Shutting down and abandoning module GeometryMode (588)
[2019.01.26-16.28.01:378][968]LogModuleManager: Shutting down and abandoning module TextureAlignMode (586)
[2019.01.26-16.28.01:378][968]LogModuleManager: Shutting down and abandoning module BspMode (584)
[2019.01.26-16.28.01:378][968]LogModuleManager: Shutting down and abandoning module PIEPreviewDeviceProfileSelector (582)
[2019.01.26-16.28.01:378][968]LogModuleManager: Shutting down and abandoning module SequenceRecorderSections (580)
[2019.01.26-16.28.01:378][968]LogModuleManager: Shutting down and abandoning module AutomationWorker (578)
[2019.01.26-16.28.01:378][968]LogModuleManager: Shutting down and abandoning module AudioCaptureEditor (576)
[2019.01.26-16.28.01:378][968]LogModuleManager: Shutting down and abandoning module SequenceRecorder (575)
[2019.01.26-16.28.01:378][968]LogModuleManager: Shutting down and abandoning module MatineeToLevelSequence (572)
[2019.01.26-16.28.01:379][968]LogModuleManager: Shutting down and abandoning module LevelSequenceEditor (570)
[2019.01.26-16.28.01:379][968]LogModuleManager: Shutting down and abandoning module PlacementMode (569)
[2019.01.26-16.28.01:379][968]LogModuleManager: Shutting down and abandoning module MaterialEditor (568)
[2019.01.26-16.28.01:379][968]LogModuleManager: Shutting down and abandoning module WmfMediaFactory (564)
[2019.01.26-16.28.01:379][968]LogModuleManager: Shutting down and abandoning module WmfMediaEditor (562)
[2019.01.26-16.28.01:379][968]LogModuleManager: Shutting down and abandoning module MediaPlayerEditor (560)
[2019.01.26-16.28.01:379][968]LogModuleManager: Shutting down and abandoning module OpenExrWrapper (558)
[2019.01.26-16.28.01:380][968]LogModuleManager: Shutting down and abandoning module ImgMediaFactory (556)
[2019.01.26-16.28.01:380][968]LogModuleManager: Shutting down and abandoning module ImgMediaEditor (554)
[2019.01.26-16.28.01:380][968]LogModuleManager: Shutting down and abandoning module AvfMediaFactory (552)
[2019.01.26-16.28.01:380][968]LogModuleManager: Shutting down and abandoning module AvfMediaEditor (550)
[2019.01.26-16.28.01:380][968]LogModuleManager: Shutting down and abandoning module AndroidMediaFactory (548)
[2019.01.26-16.28.01:380][968]LogModuleManager: Shutting down and abandoning module AndroidMediaEditor (546)
[2019.01.26-16.28.01:380][968]LogModuleManager: Shutting down and abandoning module MagicLeapCameraPreviewFactory (544)
[2019.01.26-16.28.01:380][968]LogModuleManager: Shutting down and abandoning module MagicLeapMediaFactory (542)
[2019.01.26-16.28.01:380][968]LogModuleManager: Shutting down and abandoning module MagicLeapMediaEditor (540)
[2019.01.26-16.28.01:380][968]LogModuleManager: Shutting down and abandoning module CharacterAI (538)
[2019.01.26-16.28.01:380][968]LogModuleManager: Shutting down and abandoning module SmartSnapping (536)
[2019.01.26-16.28.01:380][968]LogModuleManager: Shutting down and abandoning module SessionServices (534)
[2019.01.26-16.28.01:381][968]LogModuleManager: Shutting down and abandoning module ViewportSnapping (532)
[2019.01.26-16.28.01:381][968]LogModuleManager: Shutting down and abandoning module ViewportInteraction (530)
[2019.01.26-16.28.01:381][968]LogModuleManager: Shutting down and abandoning module ClothPainter (528)
[2019.01.26-16.28.01:381][968]LogModuleManager: Shutting down and abandoning module SkeletalMeshEditor (527)
[2019.01.26-16.28.01:381][968]LogModuleManager: Shutting down and abandoning module LogVisualizer (524)
[2019.01.26-16.28.01:381][968]LogModuleManager: Shutting down and abandoning module IntroTutorials (522)
[2019.01.26-16.28.01:381][968]LogModuleManager: Shutting down and abandoning module GameProjectGeneration (521)
[2019.01.26-16.28.01:382][968]LogModuleManager: Shutting down and abandoning module LuminPlatformEditor (518)
[2019.01.26-16.28.01:382][968]LogModuleManager: Shutting down and abandoning module IOSPlatformEditor (516)
[2019.01.26-16.28.01:382][968]LogModuleManager: Shutting down and abandoning module HTML5PlatformEditor (514)
[2019.01.26-16.28.01:382][968]LogModuleManager: Shutting down and abandoning module AndroidPlatformEditor (512)
[2019.01.26-16.28.01:382][968]LogModuleManager: Shutting down and abandoning module AndroidDeviceDetection (511)
[2019.01.26-16.28.02:220][968]LogModuleManager: Shutting down and abandoning module WindowsPlatformEditor (508)
[2019.01.26-16.28.02:220][968]LogModuleManager: Shutting down and abandoning module LuminRuntimeSettings (506)
[2019.01.26-16.28.02:221][968]LogModuleManager: Shutting down and abandoning module IOSRuntimeSettings (504)
[2019.01.26-16.28.02:221][968]LogModuleManager: Shutting down and abandoning module AndroidRuntimeSettings (502)
[2019.01.26-16.28.02:221][968]LogModuleManager: Shutting down and abandoning module InputBindingEditor (500)
[2019.01.26-16.28.02:221][968]LogModuleManager: Shutting down and abandoning module MergeActors (498)
[2019.01.26-16.28.02:222][968]LogModuleManager: Shutting down and abandoning module LocalizationDashboard (496)
[2019.01.26-16.28.02:222][968]LogModuleManager: Shutting down and abandoning module LocalizationService (495)
[2019.01.26-16.28.02:222][968]LogModuleManager: Shutting down and abandoning module HardwareTargeting (492)
[2019.01.26-16.28.02:223][968]LogModuleManager: Shutting down and abandoning module DeviceProfileEditor (490)
[2019.01.26-16.28.02:223][968]LogModuleManager: Shutting down and abandoning module UndoHistory (488)
[2019.01.26-16.28.02:223][968]LogModuleManager: Shutting down and abandoning module XmlParser (486)
[2019.01.26-16.28.02:224][968]LogModuleManager: Shutting down and abandoning module Blutility (484)
[2019.01.26-16.28.02:224][968]LogModuleManager: Shutting down and abandoning module ProjectSettingsViewer (482)
[2019.01.26-16.28.02:224][968]LogModuleManager: Shutting down and abandoning module ProjectTargetPlatformEditor (481)
[2019.01.26-16.28.02:225][968]LogModuleManager: Shutting down and abandoning module EditorSettingsViewer (478)
[2019.01.26-16.28.02:225][968]LogModuleManager: Shutting down and abandoning module SettingsEditor (476)
[2019.01.26-16.28.02:226][968]LogModuleManager: Shutting down and abandoning module ProjectLauncher (474)
[2019.01.26-16.28.02:226][968]LogModuleManager: Shutting down and abandoning module SessionFrontend (472)
[2019.01.26-16.28.02:226][968]LogModuleManager: Shutting down and abandoning module ProfilerClient (470)
[2019.01.26-16.28.02:226][968]LogModuleManager: Shutting down and abandoning module DeviceManager (468)
[2019.01.26-16.28.02:226][968]LogModuleManager: Shutting down and abandoning module TargetDeviceServices (467)
[2019.01.26-16.28.02:293][968]LogModuleManager: Shutting down and abandoning module AutomationController (464)
[2019.01.26-16.28.02:293][968]LogModuleManager: Shutting down and abandoning module AutomationWindow (462)
[2019.01.26-16.28.02:293][968]LogModuleManager: Shutting down and abandoning module Layers (460)
[2019.01.26-16.28.02:293][968]LogModuleManager: Shutting down and abandoning module ComponentVisualizers (458)
[2019.01.26-16.28.02:294][968]LogModuleManager: Shutting down and abandoning module DetailCustomizations (456)
[2019.01.26-16.28.02:294][968]LogModuleManager: Shutting down and abandoning module PackagesDialog (454)
[2019.01.26-16.28.02:294][968]LogModuleManager: Shutting down and abandoning module Persona (452)
[2019.01.26-16.28.02:294][968]LogModuleManager: Shutting down and abandoning module AdvancedPreviewScene (451)
[2019.01.26-16.28.02:295][968]LogModuleManager: Shutting down and abandoning module AnimGraph (449)
[2019.01.26-16.28.02:295][968]LogModuleManager: Shutting down and abandoning module Kismet (446)
[2019.01.26-16.28.02:296][968]LogModuleManager: Shutting down and abandoning module GraphEditor (444)
[2019.01.26-16.28.02:296][968]LogModuleManager: Shutting down and abandoning module ClassViewer (442)
[2019.01.26-16.28.02:296][968]LogModuleManager: Shutting down and abandoning module Toolbox (440)
[2019.01.26-16.28.02:296][968]LogModuleManager: Shutting down and abandoning module DesktopPlatform (439)
[2019.01.26-16.28.02:296][968]LogModuleManager: Shutting down and abandoning module ModuleUI (436)
[2019.01.26-16.28.02:297][968]LogModuleManager: Shutting down and abandoning module MovieSceneTools (434)
[2019.01.26-16.28.02:297][968]LogModuleManager: Shutting down and abandoning module OutputLog (432)
[2019.01.26-16.28.02:297][968]LogModuleManager: Shutting down and abandoning module GammaUI (430)
[2019.01.26-16.28.02:297][968]LogModuleManager: Shutting down and abandoning module Documentation (428)
[2019.01.26-16.28.02:298][968]LogModuleManager: Shutting down and abandoning module MovieSceneTracks (426)
[2019.01.26-16.28.02:298][968]LogModuleManager: Shutting down and abandoning module MovieScene (424)
[2019.01.26-16.28.02:298][968]LogModuleManager: Shutting down and abandoning module StreamingPauseRendering (422)
[2019.01.26-16.28.02:298][968]LogModuleManager: Shutting down and abandoning module LauncherPlatform (420)
[2019.01.26-16.28.02:298][968]LogModuleManager: Shutting down and abandoning module AnalyticsET (418)
[2019.01.26-16.28.02:299][968]LogModuleManager: Shutting down and abandoning module PortalServices (416)
[2019.01.26-16.28.02:299][968]LogModuleManager: Shutting down and abandoning module PortalRpc (414)
[2019.01.26-16.28.02:299][968]LogModuleManager: Shutting down and abandoning module MessagingRpc (412)
[2019.01.26-16.28.02:299][968]LogModuleManager: Shutting down and abandoning module AIModule (410)
[2019.01.26-16.28.02:299][968]LogModuleManager: Shutting down and abandoning module GameplayDebugger (409)
[2019.01.26-16.28.02:300][968]LogModuleManager: Shutting down and abandoning module AITestSuite (407)
[2019.01.26-16.28.02:300][968]LogModuleManager: Shutting down and abandoning module NavigationSystem (405)
[2019.01.26-16.28.02:300][968]LogModuleManager: Shutting down and abandoning module ProfilerService (402)
[2019.01.26-16.28.02:337][968]LogModuleManager: Shutting down and abandoning module TaskGraph (400)
[2019.01.26-16.28.02:337][968]LogModuleManager: Shutting down and abandoning module SteamVRController (398)
[2019.01.26-16.28.02:338][968]LogModuleManager: Shutting down and abandoning module ProceduralMeshComponentEditor (396)
[2019.01.26-16.28.02:338][968]LogModuleManager: Shutting down and abandoning module ProceduralMeshComponent (394)
[2019.01.26-16.28.02:338][968]LogModuleManager: Shutting down and abandoning module OculusInput (392)
[2019.01.26-16.28.02:338][968]LogModuleManager: Shutting down and abandoning module MobilePatchingUtils (390)
[2019.01.26-16.28.02:339][968]LogModuleManager: Shutting down and abandoning module EditableMesh (388)
[2019.01.26-16.28.02:340][968]LogModuleManager: Shutting down and abandoning module CustomMeshComponent (386)
[2019.01.26-16.28.02:340][968]LogModuleManager: Shutting down and abandoning module CableComponent (384)
[2019.01.26-16.28.02:341][968]LogModuleManager: Shutting down and abandoning module AudioCapture (382)
[2019.01.26-16.28.02:341][968]LogModuleManager: Shutting down and abandoning module ArchVisCharacter (380)
[2019.01.26-16.28.02:341][968]LogModuleManager: Shutting down and abandoning module AndroidPermission (378)
[2019.01.26-16.28.02:341][968]LogModuleManager: Shutting down and abandoning module NUTUnrealEngine4 (376)
[2019.01.26-16.28.02:342][968]LogModuleManager: Shutting down and abandoning module NetcodeUnitTest (374)
[2019.01.26-16.28.02:342][968]LogModuleManager: Shutting down and abandoning module MediaCompositingEditor (372)
[2019.01.26-16.28.02:342][968]LogModuleManager: Shutting down and abandoning module MediaCompositing (370)
[2019.01.26-16.28.02:342][968]LogModuleManager: Shutting down and abandoning module LinearTimecode (368)
[2019.01.26-16.28.02:342][968]LogModuleManager: Shutting down and abandoning module ImgMedia (366)
[2019.01.26-16.28.02:360][968]LogModuleManager: Shutting down and abandoning module HTML5Networking (364)
[2019.01.26-16.28.02:360][968]LogModuleManager: Shutting down and abandoning module GeometryCacheTracks (362)
[2019.01.26-16.28.02:360][968]LogModuleManager: Shutting down and abandoning module GeometryCacheSequencer (360)
[2019.01.26-16.28.02:360][968]LogModuleManager: Shutting down and abandoning module BackChannel (358)
[2019.01.26-16.28.02:361][968]LogModuleManager: Shutting down and abandoning module AppleVision (356)
[2019.01.26-16.28.02:361][968]LogModuleManager: Shutting down and abandoning module AppleImageUtils (354)
[2019.01.26-16.28.02:361][968]LogModuleManager: Shutting down and abandoning module AlembicImporter (352)
[2019.01.26-16.28.02:361][968]LogModuleManager: Shutting down and abandoning module AlembicLibrary (351)
[2019.01.26-16.28.02:361][968]LogModuleManager: Shutting down and abandoning module GeometryCache (350)
[2019.01.26-16.28.02:361][968]LogModuleManager: Shutting down and abandoning module GeometryCacheEd (349)
[2019.01.26-16.28.02:361][968]LogModuleManager: Shutting down and abandoning module DatasmithContentEditor (344)
[2019.01.26-16.28.02:362][968]LogModuleManager: Shutting down and abandoning module DatasmithContent (342)
[2019.01.26-16.28.02:365][968]LogModuleManager: Shutting down and abandoning module SpeedTreeImporter (340)
[2019.01.26-16.28.02:366][968]LogModuleManager: Shutting down and abandoning module PluginBrowser (338)
[2019.01.26-16.28.02:366][968]LogModuleManager: Shutting down and abandoning module MobileLauncherProfileWizard (336)
[2019.01.26-16.28.02:366][968]LogModuleManager: Shutting down and abandoning module PolygonModeling (334)
[2019.01.26-16.28.02:366][968]LogModuleManager: Shutting down and abandoning module MeshEditor (332)
[2019.01.26-16.28.02:367][968]LogModuleManager: Shutting down and abandoning module CryptoKeysOpenSSL (330)
[2019.01.26-16.28.02:367][968]LogModuleManager: Shutting down and abandoning module CryptoKeys (328)
[2019.01.26-16.28.02:368][968]LogModuleManager: Shutting down and abandoning module VisualStudioSourceCodeAccess (326)
[2019.01.26-16.28.02:368][968]LogModuleManager: Shutting down and abandoning module VisualStudioCodeSourceCodeAccess (324)
[2019.01.26-16.28.02:368][968]LogModuleManager: Shutting down and abandoning module UObjectPlugin (322)
[2019.01.26-16.28.02:368][968]LogModuleManager: Shutting down and abandoning module SubversionSourceControl (320)
[2019.01.26-16.28.02:368][968]LogModuleManager: Shutting down and abandoning module PerforceSourceControl (318)
[2019.01.26-16.28.02:369][968]LogModuleManager: Shutting down and abandoning module GitSourceControl (316)
[2019.01.26-16.28.02:369][968]LogModuleManager: Shutting down and abandoning module SourceControl (315)
[2019.01.26-16.28.02:369][968]LogModuleManager: Shutting down and abandoning module CLionSourceCodeAccess (312)
[2019.01.26-16.28.02:369][968]LogModuleManager: Shutting down and abandoning module LightPropagationVolumeEditor (310)
[2019.01.26-16.28.02:369][968]LogModuleManager: Shutting down and abandoning module PaperTiledImporter (308)
[2019.01.26-16.28.02:369][968]LogModuleManager: Shutting down and abandoning module PaperSpriteSheetImporter (306)
[2019.01.26-16.28.02:373][968]LogModuleManager: Shutting down and abandoning module Paper2DEditor (304)
[2019.01.26-16.28.02:373][968]LogModuleManager: Shutting down and abandoning module MeshPaint (303)
[2019.01.26-16.28.02:373][968]LogModuleManager: Shutting down and abandoning module RuntimePhysXCooking (298)
[2019.01.26-16.28.02:373][968]LogModuleManager: Shutting down and abandoning module PhysXVehiclesEditor (296)
[2019.01.26-16.28.02:374][968]LogModuleManager: Shutting down and abandoning module PhysXVehicles (294)
[2019.01.26-16.28.02:374][968]LogModuleManager: Shutting down and abandoning module OculusEditor (292)
[2019.01.26-16.28.02:374][968]LogModuleManager: Shutting down and abandoning module LocationServicesBPLibrary (290)
[2019.01.26-16.28.02:374][968]LogModuleManager: Shutting down and abandoning module ImmediatePhysicsEditor (288)
[2019.01.26-16.28.02:374][968]LogModuleManager: Shutting down and abandoning module ImmediatePhysics (286)
[2019.01.26-16.28.02:374][968]LogModuleManager: Shutting down and abandoning module ActorSequence (284)
[2019.01.26-16.28.02:374][968]LogModuleManager: Shutting down and abandoning module UdpMessaging (282)
[2019.01.26-16.28.02:475][968]LogModuleManager: Shutting down and abandoning module TcpMessaging (280)
[2019.01.26-16.28.02:577][968]LogModuleManager: Shutting down and abandoning module MagicLeapAudio (278)
[2019.01.26-16.28.02:577][968]LogModuleManager: Shutting down and abandoning module GameplayTagsEditor (276)
[2019.01.26-16.28.02:577][968]LogModuleManager: Shutting down and abandoning module FacialAnimationEditor (274)
[2019.01.26-16.28.02:577][968]LogModuleManager: Shutting down and abandoning module FacialAnimation (272)
[2019.01.26-16.28.02:577][968]LogModuleManager: Shutting down and abandoning module DataValidation (270)
[2019.01.26-16.28.02:578][968]LogModuleManager: Shutting down and abandoning module AssetManagerEditor (268)
[2019.01.26-16.28.02:578][968]LogModuleManager: Shutting down and abandoning module LevelEditor (267)
[2019.01.26-16.28.02:580][968]LogModuleManager: Shutting down and abandoning module PixelInspectorModule (266)
[2019.01.26-16.28.02:581][968]LogModuleManager: Shutting down and abandoning module CommonMenuExtensions (264)
[2019.01.26-16.28.02:581][968]LogModuleManager: Shutting down and abandoning module MainFrame (262)
[2019.01.26-16.28.02:581][968]LogModuleManager: Shutting down and abandoning module HotReload (261)
[2019.01.26-16.28.02:583][968]LogModuleManager: Shutting down and abandoning module ContentBrowser (257)
[2019.01.26-16.28.02:584][968]LogModuleManager: Shutting down and abandoning module TreeMap (255)
[2019.01.26-16.28.02:584][968]LogModuleManager: Shutting down and abandoning module LightPropagationVolumeRuntime (252)
[2019.01.26-16.28.02:585][968]LogModuleManager: Shutting down and abandoning module AISupportModule (250)
[2019.01.26-16.28.02:585][968]LogModuleManager: Shutting down and abandoning module Paper2D (248)
[2019.01.26-16.28.02:585][968]LogModuleManager: Shutting down and abandoning module WindowsMoviePlayer (246)
[2019.01.26-16.28.02:585][968]LogModuleManager: Shutting down and abandoning module WmfMedia (244)
[2019.01.26-16.28.02:591][968]LogModuleManager: Shutting down and abandoning module Media (243)
[2019.01.26-16.28.02:599][968]LogModuleManager: Shutting down and abandoning module PacketHandler (240)
[2019.01.26-16.28.02:599][968]LogModuleManager: Shutting down and abandoning module ClothingSystemEditor (238)
[2019.01.26-16.28.02:599][968]LogModuleManager: Shutting down and abandoning module ClothingSystemRuntime (236)
[2019.01.26-16.28.02:600][968]LogModuleManager: Shutting down and abandoning module MediaAssets (234)
[2019.01.26-16.28.02:600][968]LogModuleManager: Shutting down and abandoning module Overlay (232)
[2019.01.26-16.28.02:600][968]LogModuleManager: Shutting down and abandoning module OverlayEditor (231)
[2019.01.26-16.28.02:600][968]LogModuleManager: Shutting down and abandoning module VREditor (228)
[2019.01.26-16.28.02:600][968]LogModuleManager: Shutting down and abandoning module StringTableEditor (226)
[2019.01.26-16.28.02:601][968]LogModuleManager: Shutting down and abandoning module GameplayTasksEditor (224)
[2019.01.26-16.28.02:601][968]LogModuleManager: Shutting down and abandoning module BehaviorTreeEditor (222)
[2019.01.26-16.28.02:601][968]LogModuleManager: Shutting down and abandoning module FunctionalTesting (220)
[2019.01.26-16.28.02:601][968]LogModuleManager: Shutting down and abandoning module CollisionAnalyzer (218)
[2019.01.26-16.28.02:602][968]LogModuleManager: Shutting down and abandoning module WorkspaceMenuStructure (217)
[2019.01.26-16.28.02:602][968]LogModuleManager: Shutting down and abandoning module UMG (214)
[2019.01.26-16.28.02:602][968]LogModuleManager: Shutting down and abandoning module UMGEditor (213)
[2019.01.26-16.28.02:602][968]LogModuleManager: Shutting down and abandoning module Sequencer (212)
[2019.01.26-16.28.02:603][968]LogModuleManager: Shutting down and abandoning module MessageLog (209)
[2019.01.26-16.28.02:603][968]LogModuleManager: Shutting down and abandoning module SlateReflector (204)
[2019.01.26-16.28.02:603][968]LogModuleManager: Shutting down and abandoning module Slate (202)
[2019.01.26-16.28.02:603][968]LogModuleManager: Shutting down and abandoning module EditorStyle (200)
[2019.01.26-16.28.02:608][968]LogModuleManager: Shutting down and abandoning module MRMesh (198)
[2019.01.26-16.28.02:608][968]LogModuleManager: Shutting down and abandoning module SourceCodeAccess (196)
[2019.01.26-16.28.02:608][968]LogModuleManager: Shutting down and abandoning module HeadMountedDisplay (194)
[2019.01.26-16.28.02:609][968]LogModuleManager: Shutting down and abandoning module XAudio2 (192)
[2019.01.26-16.28.02:609][968]LogModuleManager: Shutting down and abandoning module Networking (190)
[2019.01.26-16.28.02:609][968]LogModuleManager: Shutting down and abandoning module Core (188)
[2019.01.26-16.28.02:609][968]LogModuleManager: Shutting down and abandoning module LevelSequence (186)
[2019.01.26-16.28.02:609][968]LogModuleManager: Shutting down and abandoning module KismetCompiler (184)
[2019.01.26-16.28.02:609][968]LogModuleManager: Shutting down and abandoning module MeshUtilities (182)
[2019.01.26-16.28.02:610][968]LogModuleManager: Shutting down and abandoning module MeshMergeUtilities (181)
[2019.01.26-16.28.02:610][968]LogModuleManager: Shutting down and abandoning module MeshReductionInterface (180)
[2019.01.26-16.28.02:610][968]LogModuleManager: Shutting down and abandoning module SimplygonSwarm (179)
[2019.01.26-16.28.02:610][968]LogModuleManager: Shutting down and abandoning module ProxyLODMeshReduction (177)
[2019.01.26-16.28.02:610][968]LogModuleManager: Shutting down and abandoning module SimplygonMeshReduction (175)
[2019.01.26-16.28.02:610][968]LogModuleManager: Shutting down and abandoning module QuadricMeshReduction (173)
[2019.01.26-16.28.02:611][968]LogModuleManager: Shutting down and abandoning module MaterialBaking (169)
[2019.01.26-16.28.02:611][968]LogModuleManager: Shutting down and abandoning module DirectoryWatcher (165)
[2019.01.26-16.28.02:611][968]LogModuleManager: Shutting down and abandoning module DerivedDataCache (162)
[2019.01.26-16.28.02:643][968]LogDerivedDataCache: Shutdown
[2019.01.26-16.28.02:643][968]LogModuleManager: Shutting down and abandoning module XGEController (160)
[2019.01.26-16.28.02:643][968]LogXGEController: Cleaning working directory: C:/Users/c013767h/AppData/Local/Temp/UnrealXGEWorkingDir/
[2019.01.26-16.28.02:643][968]LogModuleManager: Shutting down and abandoning module TargetPlatform (158)
[2019.01.26-16.28.02:644][968]LogModuleManager: Shutting down and abandoning module VulkanShaderFormat (157)
[2019.01.26-16.28.02:644][968]LogModuleManager: Shutting down and abandoning module ShaderFormatVectorVM (155)
[2019.01.26-16.28.02:644][968]LogModuleManager: Shutting down and abandoning module ShaderFormatOpenGL (153)
[2019.01.26-16.28.02:644][968]LogModuleManager: Shutting down and abandoning module ShaderFormatD3D (151)
[2019.01.26-16.28.02:644][968]LogModuleManager: Shutting down and abandoning module MetalShaderFormat (149)
[2019.01.26-16.28.02:644][968]LogModuleManager: Shutting down and abandoning module TextureFormatUncompressed (147)
[2019.01.26-16.28.02:644][968]LogModuleManager: Shutting down and abandoning module TextureFormatPVR (145)
[2019.01.26-16.28.02:644][968]LogModuleManager: Shutting down and abandoning module TextureFormatDXT (143)
[2019.01.26-16.28.02:644][968]LogModuleManager: Shutting down and abandoning module TextureFormatIntelISPCTexComp (141)
[2019.01.26-16.28.02:646][968]LogModuleManager: Shutting down and abandoning module TextureFormatASTC (139)
[2019.01.26-16.28.02:646][968]LogModuleManager: Shutting down and abandoning module ImageWrapper (138)
[2019.01.26-16.28.02:646][968]LogModuleManager: Shutting down and abandoning module TextureFormatAndroid (135)
[2019.01.26-16.28.02:647][968]LogModuleManager: Shutting down and abandoning module AudioFormatOpus (133)
[2019.01.26-16.28.02:647][968]LogModuleManager: Shutting down and abandoning module AudioFormatOgg (131)
[2019.01.26-16.28.02:647][968]LogModuleManager: Shutting down and abandoning module AudioFormatADPCM (129)
[2019.01.26-16.28.02:647][968]LogModuleManager: Shutting down and abandoning module LuminTargetPlatform (127)
[2019.01.26-16.28.02:647][968]LogModuleManager: Shutting down and abandoning module LinuxTargetPlatform (125)
[2019.01.26-16.28.02:647][968]LogModuleManager: Shutting down and abandoning module LinuxServerTargetPlatform (123)
[2019.01.26-16.28.02:647][968]LogModuleManager: Shutting down and abandoning module LinuxNoEditorTargetPlatform (121)
[2019.01.26-16.28.02:647][968]LogModuleManager: Shutting down and abandoning module LinuxClientTargetPlatform (119)
[2019.01.26-16.28.02:647][968]LogModuleManager: Shutting down and abandoning module TVOSTargetPlatform (117)
[2019.01.26-16.28.02:649][968]LogModuleManager: Shutting down and abandoning module Messaging (115)
[2019.01.26-16.28.02:649][968]LogModuleManager: Shutting down and abandoning module IOSTargetPlatform (113)
[2019.01.26-16.28.02:650][968]LogModuleManager: Shutting down and abandoning module HTML5TargetPlatform (111)
[2019.01.26-16.28.02:650][968]LogModuleManager: Shutting down and abandoning module AndroidTargetPlatform (109)
[2019.01.26-16.28.02:661][968]LogModuleManager: Shutting down and abandoning module WindowsTargetPlatform (107)
[2019.01.26-16.28.02:661][968]LogModuleManager: Shutting down and abandoning module WindowsServerTargetPlatform (105)
[2019.01.26-16.28.02:661][968]LogModuleManager: Shutting down and abandoning module WindowsNoEditorTargetPlatform (103)
[2019.01.26-16.28.02:661][968]LogModuleManager: Shutting down and abandoning module WindowsClientTargetPlatform (101)
[2019.01.26-16.28.02:662][968]LogModuleManager: Shutting down and abandoning module MacTargetPlatform (99)
[2019.01.26-16.28.02:662][968]LogModuleManager: Shutting down and abandoning module MacServerTargetPlatform (97)
[2019.01.26-16.28.02:662][968]LogModuleManager: Shutting down and abandoning module MacNoEditorTargetPlatform (95)
[2019.01.26-16.28.02:662][968]LogModuleManager: Shutting down and abandoning module MacClientTargetPlatform (93)
[2019.01.26-16.28.02:662][968]LogModuleManager: Shutting down and abandoning module AllDesktopTargetPlatform (91)
[2019.01.26-16.28.02:662][968]LogModuleManager: Shutting down and abandoning module InputCore (88)
[2019.01.26-16.28.02:662][968]LogModuleManager: Shutting down and abandoning module Settings (86)
[2019.01.26-16.28.02:662][968]LogModuleManager: Shutting down and abandoning module PhysXCooking (84)
[2019.01.26-16.28.02:662][968]LogModuleManager: Shutting down and abandoning module SteamVR (82)
[2019.01.26-16.28.02:663][968]LogModuleManager: Shutting down and abandoning module OculusHMD (80)
[2019.01.26-16.28.02:663][968]LogModuleManager: Shutting down and abandoning module ExampleDeviceProfileSelector (78)
[2019.01.26-16.28.02:663][968]LogModuleManager: Shutting down and abandoning module LauncherChunkInstaller (76)
[2019.01.26-16.28.02:663][968]LogModuleManager: Shutting down and abandoning module OnlineBlueprintSupport (74)
[2019.01.26-16.28.02:663][968]LogModuleManager: Shutting down and abandoning module OnlineSubsystem (70)
[2019.01.26-16.28.02:666][968]LogModuleManager: Shutting down and abandoning module XMPP (65)
[2019.01.26-16.28.02:666][968]LogModuleManager: Shutting down and abandoning module WebSockets (64)
[2019.01.26-16.28.02:680][968]LogModuleManager: Shutting down and abandoning module HTTP (61)
[2019.01.26-16.28.02:680][968]LogHttp: Display: Http module shutting down, but needs to wait on 1 outstanding Http requests:
[2019.01.26-16.28.02:680][968]LogHttp: Display: 	verb=[POST] url=[https://datarouter.ol.epicgames.com/datarouter/api/v1/public/data?SessionID=%7B5448446D-4B5F-99AB-9975-80BF112BDBB8%7D&AppID=UEEditor.Rocket.Release&AppVersion=4.20.3-4369336%2B%2B%2BUE4%2BRelease-4.20&UserID=e1a96d8d45bceed625bb5288f05cbdbb%7C%7C11c54207-c36e-46fd-a530-02aa99756efb&AppEnvironment=datacollector-binary&UploadType=eteventstream] status=Processing
[2019.01.26-16.28.02:689][968]LogModuleManager: Shutting down and abandoning module SSL (60)
[2019.01.26-16.28.02:690][968]LogModuleManager: Shutting down and abandoning module MagicLeapEmulator (56)
[2019.01.26-16.28.02:691][968]LogModuleManager: Shutting down and abandoning module MagicLeapPrivileges (54)
[2019.01.26-16.28.02:691][968]LogModuleManager: Shutting down and abandoning module MagicLeapIdentity (52)
[2019.01.26-16.28.02:691][968]LogModuleManager: Shutting down and abandoning module MagicLeapHelperVulkan (50)
[2019.01.26-16.28.02:691][968]LogModuleManager: Shutting down and abandoning module MagicLeapHelperOpenGL (48)
[2019.01.26-16.28.02:691][968]LogModuleManager: Shutting down and abandoning module MagicLeapSecureStorage (46)
[2019.01.26-16.28.02:691][968]LogModuleManager: Shutting down and abandoning module MagicLeapGestures (44)
[2019.01.26-16.28.02:691][968]LogModuleManager: Shutting down and abandoning module MagicLeapEyeTracker (42)
[2019.01.26-16.28.02:691][968]LogModuleManager: Shutting down and abandoning module MagicLeapController (40)
[2019.01.26-16.28.02:691][968]LogSlate: Slate User Destroyed.  User Index 0, Is Virtual User: 0
[2019.01.26-16.28.02:691][968]LogModuleManager: Shutting down and abandoning module MagicLeap (38)
[2019.01.26-16.28.02:692][968]LogModuleManager: Shutting down and abandoning module AnimationModifiers (36)
[2019.01.26-16.28.02:692][968]LogModuleManager: Shutting down and abandoning module PropertyEditor (35)
[2019.01.26-16.28.02:692][968]LogModuleManager: Shutting down and abandoning module AudioEditor (32)
[2019.01.26-16.28.02:692][968]LogModuleManager: Shutting down and abandoning module TextureCompressor (30)
[2019.01.26-16.28.02:695][968]LogModuleManager: Shutting down and abandoning module ShaderCore (28)
[2019.01.26-16.28.02:695][968]LogModuleManager: Shutting down and abandoning module Landscape (26)
[2019.01.26-16.28.02:695][968]LogModuleManager: Shutting down and abandoning module SlateRHIRenderer (24)
[2019.01.26-16.28.02:697][968]LogModuleManager: Shutting down and abandoning module OpenGLDrv (22)
[2019.01.26-16.28.02:697][968]LogModuleManager: Shutting down and abandoning module D3D11RHI (20)
[2019.01.26-16.28.02:697][968]LogModuleManager: Shutting down and abandoning module AnimGraphRuntime (18)
[2019.01.26-16.28.02:697][968]LogModuleManager: Shutting down and abandoning module Renderer (16)
[2019.01.26-16.28.02:698][968]LogModuleManager: Shutting down and abandoning module Engine (14)
[2019.01.26-16.28.02:698][968]LogModuleManager: Shutting down and abandoning module CoreUObject (12)
[2019.01.26-16.28.02:698][968]LogModuleManager: Shutting down and abandoning module NetworkFile (10)
[2019.01.26-16.28.02:698][968]LogModuleManager: Shutting down and abandoning module CookedIterativeFile (8)
[2019.01.26-16.28.02:698][968]LogModuleManager: Shutting down and abandoning module StreamingFile (6)
[2019.01.26-16.28.02:698][968]LogModuleManager: Shutting down and abandoning module SandboxFile (4)
[2019.01.26-16.28.02:698][968]LogModuleManager: Shutting down and abandoning module PakFile (2)
[2019.01.26-16.28.02:717][968]LogExit: Exiting.
[2019.01.26-16.28.02:724][968]Log file closed, 01/26/19 16:28:02
