Log file open, 01/26/19 14:56:07
LogWindows: Failed to load 'aqProf.dll' (GetLastError=126)
LogWindows: File 'aqProf.dll' does not exist
LogWindows: Failed to load 'VSPerf140.dll' (GetLastError=126)
LogWindows: File 'VSPerf140.dll' does not exist
LogWindows: Failed to load 'VtuneApi.dll' (GetLastError=126)
LogWindows: File 'VtuneApi.dll' does not exist
LogWindows: Failed to load 'VtuneApi32e.dll' (GetLastError=126)
LogWindows: File 'VtuneApi32e.dll' does not exist
LogInit: Display: Running engine for game: HomeIs
LogPlatformFile: Not using cached read wrapper
LogTaskGraph: Started task graph with 5 named threads and 23 total threads with 3 sets of task threads.
LogStats: Stats thread started at 0.494748
LogD3D11RHI: Loaded GFSDK_Aftermath_Lib.x64.dll
LogICUInternationalization: Display: ICU TimeZone Detection - Raw Offset: +0:00, Platform Override: ''
LogPluginManager: Mounting plugin Paper2D
LogPluginManager: Mounting plugin AISupport
LogPluginManager: Mounting plugin LightPropagationVolume
LogPluginManager: Mounting plugin CLionSourceCodeAccess
LogPluginManager: Mounting plugin CodeLiteSourceCodeAccess
LogPluginManager: Mounting plugin GitSourceControl
LogPluginManager: Mounting plugin KDevelopSourceCodeAccess
LogPluginManager: Mounting plugin NullSourceCodeAccess
LogPluginManager: Mounting plugin PerforceSourceControl
LogPluginManager: Mounting plugin SubversionSourceControl
LogPluginManager: Mounting plugin UObjectPlugin
LogPluginManager: Mounting plugin VisualStudioCodeSourceCodeAccess
LogPluginManager: Mounting plugin VisualStudioSourceCodeAccess
LogPluginManager: Mounting plugin XCodeSourceCodeAccess
LogPluginManager: Mounting plugin AssetManagerEditor
LogPluginManager: Mounting plugin CryptoKeys
LogPluginManager: Mounting plugin DataValidation
LogPluginManager: Mounting plugin FacialAnimation
LogPluginManager: Mounting plugin GameplayTagsEditor
LogPluginManager: Mounting plugin MacGraphicsSwitching
LogPluginManager: Mounting plugin MeshEditor
LogPluginManager: Mounting plugin MobileLauncherProfileWizard
LogPluginManager: Mounting plugin PluginBrowser
LogPluginManager: Mounting plugin SpeedTreeImporter
LogPluginManager: Mounting plugin DatasmithContent
LogPluginManager: Mounting plugin AlembicImporter
LogPluginManager: Mounting plugin AppleImageUtils
LogPluginManager: Mounting plugin AppleVision
LogPluginManager: Mounting plugin BackChannel
LogPluginManager: Mounting plugin CharacterAI
LogPluginManager: Mounting plugin GeometryCache
LogPluginManager: Mounting plugin HTML5Networking
LogPluginManager: Mounting plugin ProxyLODPlugin
LogPluginManager: Mounting plugin MagicLeap
LogPluginManager: Mounting plugin MagicLeapEmulator
LogPluginManager: Mounting plugin MagicLeapMedia
LogPluginManager: Mounting plugin AndroidMedia
LogPluginManager: Mounting plugin AvfMedia
LogPluginManager: Mounting plugin ImgMedia
LogPluginManager: Mounting plugin LinearTimecode
LogPluginManager: Mounting plugin MediaCompositing
LogPluginManager: Mounting plugin MediaPlayerEditor
LogPluginManager: Mounting plugin WmfMedia
LogPluginManager: Mounting plugin TcpMessaging
LogPluginManager: Mounting plugin UdpMessaging
LogPluginManager: Mounting plugin ActorSequence
LogPluginManager: Mounting plugin LevelSequenceEditor
LogPluginManager: Mounting plugin MatineeToLevelSequence
LogPluginManager: Mounting plugin NetcodeUnitTest
LogPluginManager: Mounting plugin NUTUnrealEngine4
LogPluginManager: Mounting plugin OnlineSubsystemGooglePlay
LogPluginManager: Mounting plugin OnlineSubsystemIOS
LogPluginManager: Mounting plugin OnlineSubsystem
LogPluginManager: Mounting plugin OnlineSubsystemNull
LogPluginManager: Mounting plugin OnlineSubsystemUtils
LogPluginManager: Mounting plugin LauncherChunkInstaller
LogPluginManager: Mounting plugin AndroidDeviceProfileSelector
LogPluginManager: Mounting plugin AndroidMoviePlayer
LogPluginManager: Mounting plugin AndroidPermission
LogPluginManager: Mounting plugin AppleMoviePlayer
LogPluginManager: Mounting plugin ArchVisCharacter
LogPluginManager: Mounting plugin AudioCapture
LogPluginManager: Mounting plugin CableComponent
LogPluginManager: Mounting plugin CustomMeshComponent
LogPluginManager: Mounting plugin EditableMesh
LogPluginManager: Mounting plugin ExampleDeviceProfileSelector
LogPluginManager: Mounting plugin GoogleCloudMessaging
LogPluginManager: Mounting plugin ImmediatePhysics
LogPluginManager: Mounting plugin IOSDeviceProfileSelector
LogPluginManager: Mounting plugin LinuxDeviceProfileSelector
LogPluginManager: Mounting plugin LocationServicesBPLibrary
LogPluginManager: Mounting plugin MobilePatchingUtils
LogPluginManager: Mounting plugin OculusVR
LogPluginManager: Plugin shader directory ../../../Engine/Plugins/Runtime/Oculus/OculusVR/Shaders found
LogPluginManager: Mapping shader source directory ../../../Engine/Plugins/Runtime/Oculus/OculusVR/Shaders to virtual directory /Plugin/OculusVR
LogPluginManager: Mounting plugin PhysXVehicles
LogPluginManager: Mounting plugin ProceduralMeshComponent
LogPluginManager: Mounting plugin RuntimePhysXCooking
LogPluginManager: Mounting plugin SteamVR
LogPluginManager: Mounting plugin WindowsMoviePlayer
LogStreaming: Display: Took  0.338s to configure plugins.
LogInit: Using libcurl 7.55.1-DEV
LogInit:  - built for x86_64-pc-win32
LogInit:  - supports SSL with OpenSSL/1.0.2h
LogInit:  - supports HTTP deflate (compression) using libz 1.2.8
LogInit:  - other features:
LogInit:      CURL_VERSION_SSL
LogInit:      CURL_VERSION_LIBZ
LogInit:      CURL_VERSION_IPV6
LogInit:      CURL_VERSION_ASYNCHDNS
LogInit:      CURL_VERSION_LARGEFILE
LogInit:      CURL_VERSION_IDN
LogInit:  CurlRequestOptions (configurable via config and command line):
LogInit:  - bVerifyPeer = false  - Libcurl will NOT verify peer certificate
LogInit:  - bUseHttpProxy = false  - Libcurl will NOT use HTTP proxy
LogInit:  - bDontReuseConnections = false  - Libcurl will reuse connections
LogInit:  - CertBundlePath = nullptr  - Libcurl will use whatever was configured at build time.
LogInit:  - MaxHostConnections = 16  - Libcurl will limit the number of connections to a host
LogInit:  - LocalHostAddr = Default
LogInit:  - BufferSize = 65536
LogInit: WinSock: version 1.1 (2.2), MaxSocks=32767, MaxUdp=65467
LogInit: Build: ++UE4+Release-4.20-CL-4369336
LogInit: Engine Version: 4.20.3-4369336+++UE4+Release-4.20
LogInit: Compatible Engine Version: 4.20.0-4212847+++UE4+Release-4.20
LogInit: Net CL: 4212847
LogInit: OS: Windows 10 (), CPU: Intel(R) Xeon(R) CPU E5-1620 v3 @ 3.50GHz, GPU: NVIDIA GeForce GTX 970
LogInit: Compiled (64-bit): Sep 17 2018 12:26:19
LogInit: Compiled with Visual C++: 19.13.26129.00
LogInit: Build Configuration: Development
LogInit: Branch Name: ++UE4+Release-4.20
LogInit: Command Line:  -skipcompile
LogInit: Base Directory: C:/Epic/UE4/UE_4.20/Engine/Binaries/Win64/
LogInit: Installed Engine Build: 1
LogDevObjectVersion: Number of dev versions registered: 20
LogDevObjectVersion:   Dev-Blueprints (B0D832E4-1F89-4F0D-ACCF-7EB736FD4AA2): 10
LogDevObjectVersion:   Dev-Build (E1C64328-A22C-4D53-A36C-8E866417BD8C): 0
LogDevObjectVersion:   Dev-Core (375EC13C-06E4-48FB-B500-84F0262A717E): 2
LogDevObjectVersion:   Dev-Editor (E4B068ED-F494-42E9-A231-DA0B2E46BB41): 24
LogDevObjectVersion:   Dev-Framework (CFFC743F-43B0-4480-9391-14DF171D2073): 34
LogDevObjectVersion:   Dev-Mobile (B02B49B5-BB20-44E9-A304-32B752E40360): 2
LogDevObjectVersion:   Dev-Networking (A4E4105C-59A1-49B5-A7C5-40C4547EDFEE): 0
LogDevObjectVersion:   Dev-Online (39C831C9-5AE6-47DC-9A44-9C173E1C8E7C): 0
LogDevObjectVersion:   Dev-Physics (78F01B33-EBEA-4F98-B9B4-84EACCB95AA2): 0
LogDevObjectVersion:   Dev-Platform (6631380F-2D4D-43E0-8009-CF276956A95A): 0
LogDevObjectVersion:   Dev-Rendering (12F88B9F-8875-4AFC-A67C-D90C383ABD29): 26
LogDevObjectVersion:   Dev-Sequencer (7B5AE74C-D270-4C10-A958-57980B212A5A): 9
LogDevObjectVersion:   Dev-VR (D7296918-1DD6-4BDD-9DE2-64A83CC13884): 2
LogDevObjectVersion:   Dev-LoadTimes (C2A15278-BFE7-4AFE-6C17-90FF531DF755): 1
LogDevObjectVersion:   Private-Geometry (6EACA3D4-40EC-4CC1-B786-8BED09428FC5): 3
LogDevObjectVersion:   Dev-AnimPhys (29E575DD-E0A3-4627-9D10-D276232CDCEA): 17
LogDevObjectVersion:   Dev-ReflectionCapture (6B266CEC-1EC7-4B8F-A30B-E4D90942FC07): 1
LogDevObjectVersion:   Dev-Automation (0DF73D61-A23F-47EA-B727-89E90C41499A): 1
LogDevObjectVersion:   FortniteMain (601D1886-AC64-4F84-AA16-D3DE0DEAC7D6): 12
LogDevObjectVersion:   Dev-Enterprise (9DFFBCD6-494F-0158-E221-12823C92A888): 1
LogStreaming: Display: Took  0.006s to delete old logs.
LogInit: Presizing for max 8388607 objects, including 0 objects not considered by GC, pre-allocating 0 bytes for permanent pool.
LogInit: Object subsystem initialized
[2019.01.26-14.56.08:043][  0]LogInit: Selected Device Profile: [Windows]
[2019.01.26-14.56.08:043][  0]LogInit: Applying CVar settings loaded from the selected device profile: [Windows]
[2019.01.26-14.56.08:070][  0]LogHAL: Display: Platform has ~ 16 GB [17092038656 / 17179869184 / 16], which maps to Larger [LargestMinGB=32, LargerMinGB=12, DefaultMinGB=8, SmallerMinGB=6, SmallestMinGB=0)
[2019.01.26-14.56.08:070][  0]LogInit: Setting Device Profile CVar: [[r.Vulkan.UseRealUBs:1]]
[2019.01.26-14.56.08:070][  0]LogInit: Going up to parent DeviceProfile []
[2019.01.26-14.56.08:071][  0]LogInit: Computer: D102-12
[2019.01.26-14.56.08:072][  0]LogInit: User: c013767h
[2019.01.26-14.56.08:072][  0]LogInit: CPU Page size=4096, Cores=4
[2019.01.26-14.56.08:072][  0]LogInit: High frequency timer resolution =3.410072 MHz
[2019.01.26-14.56.08:072][  0]LogMemory: Memory total: Physical=15.9GB (16GB approx)
[2019.01.26-14.56.08:072][  0]LogMemory: Platform Memory Stats for Windows
[2019.01.26-14.56.08:072][  0]LogMemory: Process Physical Memory: 100.36 MB used, 100.36 MB peak
[2019.01.26-14.56.08:072][  0]LogMemory: Process Virtual Memory: 90.84 MB used, 90.84 MB peak
[2019.01.26-14.56.08:072][  0]LogMemory: Physical Memory: 6555.13 MB used,  9745.11 MB free, 16300.24 MB total
[2019.01.26-14.56.08:072][  0]LogMemory: Virtual Memory: 4640.35 MB used,  9745.11 MB free, 134217728.00 MB total
[2019.01.26-14.56.08:215][  0]LogInit: Using OS detected language (en-US).
[2019.01.26-14.56.08:215][  0]LogInit: Using OS detected locale (en-GB).
[2019.01.26-14.56.08:216][  0]LogTextLocalizationManager: No specific localization for 'en-US' exists, so the 'en' localization will be used.
[2019.01.26-14.56.08:678][  0]LogStreaming: Display: Took  0.464s to InitEngineTextLocalization.
[2019.01.26-14.56.08:678][  0]LogInit: Setting process to per monitor DPI aware
[2019.01.26-14.56.08:751][  0]LogSlate: New Slate User Created.  User Index 0, Is Virtual User: 0
[2019.01.26-14.56.08:751][  0]LogSlate: Slate User Registered.  User Index 0, Is Virtual User: 0
[2019.01.26-14.56.09:110][  0]LogHMD: Failed to initialize OpenVR with code 110
[2019.01.26-14.56.09:110][  0]LogD3D11RHI: D3D11 adapters:
[2019.01.26-14.56.09:203][  0]LogD3D11RHI:    0. 'NVIDIA GeForce GTX 970' (Feature Level 11_0)
[2019.01.26-14.56.09:203][  0]LogD3D11RHI:       4043/0/8150 MB DedicatedVideo/DedicatedSystem/SharedSystem, Outputs:2, VendorId:0x10de
[2019.01.26-14.56.09:210][  0]LogD3D11RHI:    1. 'Microsoft Basic Render Driver' (Feature Level 11_0)
[2019.01.26-14.56.09:210][  0]LogD3D11RHI:       0/0/8150 MB DedicatedVideo/DedicatedSystem/SharedSystem, Outputs:0, VendorId:0x1414
[2019.01.26-14.56.09:210][  0]LogD3D11RHI: Chosen D3D11 Adapter: 0
[2019.01.26-14.56.09:221][  0]LogD3D11RHI: Creating new Direct3DDevice
[2019.01.26-14.56.09:221][  0]LogD3D11RHI:     GPU DeviceId: 0x13c2 (for the marketing name, search the web for "GPU Device Id")
[2019.01.26-14.56.09:221][  0]LogWindows: EnumDisplayDevices:
[2019.01.26-14.56.09:221][  0]LogWindows:    0. 'NVIDIA GeForce GTX 970' (P:1 D:1)
[2019.01.26-14.56.09:222][  0]LogWindows:    1. 'NVIDIA GeForce GTX 970' (P:0 D:1)
[2019.01.26-14.56.09:222][  0]LogWindows:    2. 'NVIDIA GeForce GTX 970' (P:0 D:0)
[2019.01.26-14.56.09:223][  0]LogWindows:    3. 'NVIDIA GeForce GTX 970' (P:0 D:0)
[2019.01.26-14.56.09:223][  0]LogWindows: DebugString: FoundDriverCount:4 
[2019.01.26-14.56.09:223][  0]LogD3D11RHI:     Adapter Name: NVIDIA GeForce GTX 970
[2019.01.26-14.56.09:223][  0]LogD3D11RHI:   Driver Version: 398.82 (internal:24.21.13.9882, unified:398.82)
[2019.01.26-14.56.09:223][  0]LogD3D11RHI:      Driver Date: 7-30-2018
[2019.01.26-14.56.09:223][  0]LogRHI: Texture pool is 2830 MB (70% of 4043 MB)
[2019.01.26-14.56.09:273][  0]LogD3D11RHI: Async texture creation enabled
[2019.01.26-14.56.09:291][  0]LogD3D11RHI: GPU Timing Frequency: 1000.000000 (Debug: 2 2)
[2019.01.26-14.56.09:294][  0]LogShaderCompilers: Guid format shader working directory is -15 characters bigger than the processId version (../../../../../../Users/c013767h/Documents/GitHub/HomeIs/HomeIs/Intermediate/Shaders/WorkingDirectory/14408/).
[2019.01.26-14.56.09:295][  0]LogShaderCompilers: Cleaned the shader compiler working directory 'C:/Users/c013767h/AppData/Local/Temp/UnrealShaderWorkingDir/E5D800634AB250D8251A8EB50779A61A/'.
[2019.01.26-14.56.09:679][  0]LogTemp: Display: Loaded TP AllDesktopTargetPlatform
[2019.01.26-14.56.09:697][  0]LogTemp: Display: Loaded TP MacClientTargetPlatform
[2019.01.26-14.56.09:716][  0]LogTemp: Display: Loaded TP MacNoEditorTargetPlatform
[2019.01.26-14.56.09:734][  0]LogTemp: Display: Loaded TP MacServerTargetPlatform
[2019.01.26-14.56.09:753][  0]LogTemp: Display: Loaded TP MacTargetPlatform
[2019.01.26-14.56.09:773][  0]LogTemp: Display: Loaded TP WindowsClientTargetPlatform
[2019.01.26-14.56.09:796][  0]LogTemp: Display: Loaded TP WindowsNoEditorTargetPlatform
[2019.01.26-14.56.09:815][  0]LogTemp: Display: Loaded TP WindowsServerTargetPlatform
[2019.01.26-14.56.09:826][  0]LogTemp: Display: Loaded TP WindowsTargetPlatform
[2019.01.26-14.56.09:926][  0]LogTemp: Display: Loaded TP AndroidTargetPlatform
[2019.01.26-14.56.09:927][  0]LogTemp: Display: Loaded TP AndroidTargetPlatform
[2019.01.26-14.56.09:927][  0]LogTemp: Display: Loaded TP AndroidTargetPlatform
[2019.01.26-14.56.09:927][  0]LogTemp: Display: Loaded TP AndroidTargetPlatform
[2019.01.26-14.56.09:927][  0]LogTemp: Display: Loaded TP AndroidTargetPlatform
[2019.01.26-14.56.09:927][  0]LogTemp: Display: Loaded TP AndroidTargetPlatform
[2019.01.26-14.56.09:927][  0]LogTemp: Display: Loaded TP AndroidTargetPlatform
[2019.01.26-14.56.09:927][  0]LogTemp: Display: Loaded TP AndroidTargetPlatform
[2019.01.26-14.56.09:927][  0]LogTemp: Display: Loaded TP AndroidTargetPlatform
[2019.01.26-14.56.09:927][  0]LogTemp: Display: Loaded TP AndroidTargetPlatform
[2019.01.26-14.56.09:927][  0]LogTemp: Display: Loaded TP AndroidTargetPlatform
[2019.01.26-14.56.09:927][  0]LogTemp: Display: Loaded TP AndroidTargetPlatform
[2019.01.26-14.56.09:927][  0]LogTemp: Display: Loaded TP AndroidTargetPlatform
[2019.01.26-14.56.09:927][  0]LogTemp: Display: Loaded TP AndroidTargetPlatform
[2019.01.26-14.56.09:927][  0]LogTemp: Display: Loaded TP AndroidTargetPlatform
[2019.01.26-14.56.09:927][  0]LogTemp: Display: Loaded TP AndroidTargetPlatform
[2019.01.26-14.56.09:927][  0]LogTemp: Display: Loaded TP AndroidTargetPlatform
[2019.01.26-14.56.09:928][  0]LogTemp: Display: Loaded TP AndroidTargetPlatform
[2019.01.26-14.56.09:933][  0]LogTemp: Display: Loaded TP HTML5TargetPlatform
[2019.01.26-14.56.10:015][  0]LogTemp: Display: Loaded TP IOSTargetPlatform
[2019.01.26-14.56.10:015][  0]LogTemp: Display: Loaded TP IOSTargetPlatform
[2019.01.26-14.56.10:047][  0]LogTemp: Display: Loaded TP TVOSTargetPlatform
[2019.01.26-14.56.10:047][  0]LogTemp: Display: Loaded TP TVOSTargetPlatform
[2019.01.26-14.56.10:064][  0]LogTemp: Display: Loaded TP LinuxClientTargetPlatform
[2019.01.26-14.56.10:080][  0]LogTemp: Display: Loaded TP LinuxNoEditorTargetPlatform
[2019.01.26-14.56.10:096][  0]LogTemp: Display: Loaded TP LinuxServerTargetPlatform
[2019.01.26-14.56.10:114][  0]LogTemp: Display: Loaded TP LinuxTargetPlatform
[2019.01.26-14.56.10:127][  0]LogTemp: Display: Loaded TP LuminTargetPlatform
[2019.01.26-14.56.10:127][  0]LogTargetPlatformManager: Display: Building Assets For Windows
[2019.01.26-14.56.10:290][  0]LogXGEController: Cleaning working directory: C:/Users/c013767h/AppData/Local/Temp/UnrealXGEWorkingDir/
[2019.01.26-14.56.10:290][  0]LogXGEController: Cannot use XGE Controller as Incredibuild is not installed on this machine.
[2019.01.26-14.56.10:291][  0]LogShaderCompilers: Cannot use XGE Shader Compiler as Incredibuild is not installed on this machine.
[2019.01.26-14.56.10:291][  0]LogShaderCompilers: Display: Using Local Shader Compiler.
[2019.01.26-14.56.11:418][  0]LogDerivedDataCache: Display: Max Cache Size: 512 MB
[2019.01.26-14.56.11:547][  0]LogDerivedDataCache: Loaded boot cache 0.13s 73MB C:/Users/c013767h/AppData/Local/UnrealEngine/4.20/DerivedDataCache/Boot.ddc.
[2019.01.26-14.56.11:549][  0]LogDerivedDataCache: Display: Loaded Boot cache: C:/Users/c013767h/AppData/Local/UnrealEngine/4.20/DerivedDataCache/Boot.ddc
[2019.01.26-14.56.11:549][  0]LogDerivedDataCache: FDerivedDataBackendGraph:  Pak pak cache file ../../../../../../Users/c013767h/Documents/GitHub/HomeIs/HomeIs/DerivedDataCache/DDC.ddp not found, will not use a pak cache.
[2019.01.26-14.56.11:549][  0]LogDerivedDataCache: Unable to find inner node Pak for hierarchical cache Hierarchy.
[2019.01.26-14.56.11:549][  0]LogDerivedDataCache: FDerivedDataBackendGraph:  CompressedPak pak cache file ../../../../../../Users/c013767h/Documents/GitHub/HomeIs/HomeIs/DerivedDataCache/Compressed.ddp not found, will not use a pak cache.
[2019.01.26-14.56.11:550][  0]LogDerivedDataCache: Unable to find inner node CompressedPak for hierarchical cache Hierarchy.
[2019.01.26-14.56.11:564][  0]LogDerivedDataCache: Display: Pak cache opened for reading ../../../Engine/DerivedDataCache/Compressed.ddp.
[2019.01.26-14.56.11:578][  0]LogDerivedDataCache: Using Local data cache path C:/Users/c013767h/AppData/Local/UnrealEngine/Common/DerivedDataCache: Writable
[2019.01.26-14.56.11:578][  0]LogDerivedDataCache: Shared data cache path not found in *engine.ini, will not use an Shared cache.
[2019.01.26-14.56.11:578][  0]LogDerivedDataCache: Unable to find inner node Shared for hierarchical cache Hierarchy.
[2019.01.26-14.56.11:600][  0]LogMaterial: Verifying Global Shaders for PCD3D_SM5
[2019.01.26-14.56.11:601][  0]LogSlate: Using FreeType 2.6.0
[2019.01.26-14.56.11:602][  0]LogSlate: SlateFontServices - WITH_FREETYPE: 1, WITH_HARFBUZZ: 1
[2019.01.26-14.56.11:690][  0]LogAssetRegistry: FAssetRegistry took 0.0312 seconds to start up
[2019.01.26-14.56.12:076][  0]LogInit: Selected Device Profile: [Windows]
[2019.01.26-14.56.12:288][  0]LogSimplygon: Simplygon DLL not present - disabling.
[2019.01.26-14.56.12:300][  0]LogMeshReduction: Using SimplygonSwarm for distributed automatic mesh merging
[2019.01.26-14.56.12:300][  0]LogMeshReduction: Using ProxyLODMeshReduction for automatic mesh merging
[2019.01.26-14.56.12:300][  0]LogMeshReduction: Using QuadricMeshReduction for automatic static mesh reduction
[2019.01.26-14.56.12:300][  0]LogMeshReduction: No automatic skeletal mesh reduction module available
[2019.01.26-14.56.12:323][  0]LogNetVersion: HomeIs 1.0.0, NetCL: 4212847, EngineNetVer: 5, GameNetVer: 0 (Checksum: 4178729889)
[2019.01.26-14.56.13:122][  0]LogPackageLocalizationCache: Processed 11 localized package path(s) for 2 prioritized culture(s) in 0.251779 seconds
[2019.01.26-14.56.13:129][  0]LogUObjectArray: 38425 objects as part of root set at end of initial load.
[2019.01.26-14.56.13:129][  0]LogUObjectAllocator: 6690872 out of 0 bytes used by permanent object pool.
[2019.01.26-14.56.13:129][  0]LogUObjectArray: CloseDisregardForGC: 0/0 objects in disregard for GC pool
[2019.01.26-14.56.14:306][  0]LogTcpMessaging: Initializing TcpMessaging bridge
[2019.01.26-14.56.14:324][  0]LogUdpMessaging: Initializing bridge on interface 0.0.0.0:0 to multicast group 230.0.0.1:6666.
[2019.01.26-14.56.14:893][  0]SourceControl: Source control is disabled
[2019.01.26-14.56.14:893][  0]SourceControl: Source control is disabled
[2019.01.26-14.56.14:898][  0]SourceControl: Source control is disabled
[2019.01.26-14.56.14:902][  0]SourceControl: Source control is disabled
[2019.01.26-14.56.15:230][  0]LogAndroidPermission: UAndroidPermissionCallbackProxy::GetInstance
[2019.01.26-14.56.15:337][  0]LogOcInput: OculusInput pre-init called
[2019.01.26-14.56.15:415][  0]LogEngine: Initializing Engine...
[2019.01.26-14.56.15:416][  0]LogHMD: Failed to initialize OpenVR with code 110
[2019.01.26-14.56.15:417][  0]LogStats: UGameplayTagsManager::ConstructGameplayTagTree: ImportINI prefixes -  0.000 s
[2019.01.26-14.56.15:417][  0]LogStats: UGameplayTagsManager::ConstructGameplayTagTree: Construct from data asset -  0.000 s
[2019.01.26-14.56.15:418][  0]LogStats: UGameplayTagsManager::ConstructGameplayTagTree: ImportINI -  0.000 s
[2019.01.26-14.56.15:418][  0]LogStats: UGameplayTagsManager::ConstructGameplayTagTree: GameplayTagTreeChangedEvent.Broadcast -  0.000 s
[2019.01.26-14.56.15:682][  0]LogInit: Initializing FReadOnlyCVARCache
[2019.01.26-14.56.15:722][  0]LogAIModule: Creating AISystem for world Untitled
[2019.01.26-14.56.15:736][  0]LogInit: XAudio2 using 'Speakers (Realtek High Definition Audio)' : 2 channels at 48 kHz using 32 bits per sample (channel mask 0x3)
[2019.01.26-14.56.15:790][  0]LogInit: FAudioDevice initialized.
[2019.01.26-14.56.15:791][  0]LogNetVersion: Set ProjectVersion to 1.0.0.0. Version Checksum will be recalculated on next use.
[2019.01.26-14.56.15:918][  0]LogDerivedDataCache: Saved boot cache 0.13s 73MB C:/Users/c013767h/AppData/Local/UnrealEngine/4.20/DerivedDataCache/Boot.ddc.
[2019.01.26-14.56.15:927][  0]LogInit: Texture streaming: Enabled
[2019.01.26-14.56.15:977][  0]LogEngineSessionManager: EngineSessionManager initialized
[2019.01.26-14.56.15:999][  0]LogInit: Transaction tracking system initialized
[2019.01.26-14.56.16:065][  0]BlueprintLog: New page: Editor Load
[2019.01.26-14.56.16:399][  0]LocalizationService: Localization service is disabled
[2019.01.26-14.56.16:815][  0]LogCook: Display: Max memory allowance for cook 16384mb min free memory 0mb
[2019.01.26-14.56.16:816][  0]LogCook: Display: Mobile HDR setting 1
[2019.01.26-14.56.16:816][  0]LogGameplayTags: Display: UGameplayTagsManager::DoneAddingNativeTags. DelegateIsBound: 0
[2019.01.26-14.56.16:816][  0]LogStats: UGameplayTagsManager::ConstructGameplayTagTree: ImportINI prefixes -  0.000 s
[2019.01.26-14.56.16:816][  0]LogStats: UGameplayTagsManager::ConstructGameplayTagTree: Construct from data asset -  0.000 s
[2019.01.26-14.56.16:817][  0]LogStats: UGameplayTagsManager::ConstructGameplayTagTree: ImportINI -  0.000 s
[2019.01.26-14.56.16:817][  0]LogStats: UGameplayTagsManager::ConstructGameplayTagTree: GameplayTagTreeChangedEvent.Broadcast -  0.000 s
[2019.01.26-14.56.17:056][  0]LogFileCache: Scanning file cache for directory 'C:/Users/c013767h/Documents/GitHub/HomeIs/HomeIs/Content/' took 0.03s
[2019.01.26-14.56.17:070][  0]SourceControl: Source control is disabled
[2019.01.26-14.56.17:070][  0]Cmd: MAP LOAD FILE="../../../../../../Users/c013767h/Documents/GitHub/HomeIs/HomeIs/Content/FirstPersonCPP/Maps/FirstPersonExampleMap.umap" TEMPLATE=0 SHOWPROGRESS=1 FEATURELEVEL=3
[2019.01.26-14.56.17:071][  0]LightingResults: New page: Lighting Build
[2019.01.26-14.56.17:076][  0]MapCheck: New page: Map Check
[2019.01.26-14.56.17:076][  0]LightingResults: New page: Lighting Build
[2019.01.26-14.56.17:337][  0]LogAIModule: Creating AISystem for world FirstPersonExampleMap
[2019.01.26-14.56.17:350][  0]LogEditorServer: Finished looking for orphan Actors (0.000 secs)
[2019.01.26-14.56.17:373][  0]Cmd: MAP CHECKDEP NOCLEARLOG
[2019.01.26-14.56.17:588][  0]MapCheck: Map check complete: 0 Error(s), 0 Warning(s), took 215.21ms to complete.
[2019.01.26-14.56.17:589][  0]LogFileHelpers: Loading map 'FirstPersonExampleMap' took 0.518
[2019.01.26-14.56.17:772][  0]LogSlate: Updating window title bar state: overlay mode, drag disabled, window buttons hidden, title bar hidden
[2019.01.26-14.56.17:779][  0]LogSlate: Updating window title bar state: overlay mode, drag disabled, window buttons hidden, title bar hidden
[2019.01.26-14.56.17:789][  0]LogSlate: Updating window title bar state: overlay mode, drag disabled, window buttons hidden, title bar hidden
[2019.01.26-14.56.17:796][  0]LogSlate: Updating window title bar state: overlay mode, drag disabled, window buttons hidden, title bar hidden
[2019.01.26-14.56.17:809][  0]LogCollectionManager: Loaded 0 collections in 0.003664 seconds
[2019.01.26-14.56.17:867][  0]LogFileCache: Scanning file cache for directory 'C:/Users/c013767h/Documents/GitHub/HomeIs/HomeIs/Saved/Collections/' took 0.01s
[2019.01.26-14.56.17:867][  0]LogFileCache: Scanning file cache for directory 'C:/Users/c013767h/Documents/GitHub/HomeIs/HomeIs/Content/Developers/c013767h/Collections/' took 0.01s
[2019.01.26-14.56.17:867][  0]LogFileCache: Scanning file cache for directory 'C:/Users/c013767h/Documents/GitHub/HomeIs/HomeIs/Content/Collections/' took 0.01s
[2019.01.26-14.56.17:867][  0]LogCollectionManager: Rebuilt the GUID cache for 0 collections in 0.000000 seconds
[2019.01.26-14.56.17:880][  0]LogContentBrowser: Native class hierarchy populated in 0.0124 seconds. Added 2579 classes and 605 folders.
[2019.01.26-14.56.17:893][  0]LogContentBrowser: Native class hierarchy updated for 'WidgetCarousel' in 0.0005 seconds. Added 0 classes and 0 folders.
[2019.01.26-14.56.17:996][  0]LogContentBrowser: Native class hierarchy updated for 'AddContentDialog' in 0.0007 seconds. Added 0 classes and 0 folders.
[2019.01.26-14.56.18:011][  0]LogContentBrowser: Native class hierarchy updated for 'SceneOutliner' in 0.0010 seconds. Added 1 classes and 2 folders.
[2019.01.26-14.56.18:030][  0]LogSlate: Took 0.000372 seconds to synchronously load lazily loaded font '../../../Engine/Content/Slate/Fonts/Roboto-Regular.ttf' (155K)
[2019.01.26-14.56.18:033][  0]LogSlate: Took 0.000279 seconds to synchronously load lazily loaded font '../../../Engine/Content/Slate/Fonts/Roboto-Bold.ttf' (160K)
[2019.01.26-14.56.18:041][  0]LogSlate: Took 0.000267 seconds to synchronously load lazily loaded font '../../../Engine/Content/Editor/Slate/Fonts/FontAwesome.ttf' (139K)
[2019.01.26-14.56.18:132][  0]LogRenderer: Reallocating scene render targets to support 1208x576 Format 10 NumSamples 1 (Frame:1).
[2019.01.26-14.56.18:200][  0]LogSlate: Took 0.000223 seconds to synchronously load lazily loaded font '../../../Engine/Content/Slate/Fonts/Roboto-Light.ttf' (167K)
[2019.01.26-14.56.18:333][  0]LogContentBrowser: Native class hierarchy updated for 'HierarchicalLODOutliner' in 0.0019 seconds. Added 0 classes and 0 folders.
[2019.01.26-14.56.18:333][  0]LogLoad: (Engine Initialization) Total time: 14.10 seconds
[2019.01.26-14.56.18:333][  0]LogLoad: (Engine Initialization) Total Blueprint compile time: 0.00 seconds
[2019.01.26-14.56.18:347][  0]LogWindowsTextInputMethodSystem: Display: IME system now deactivated.
[2019.01.26-14.56.18:383][  0]LogContentStreaming: Texture pool size now 1000 MB
[2019.01.26-14.56.18:644][  2]LogAssetRegistry: Asset discovery search completed in 6.9793 seconds
[2019.01.26-14.56.18:647][  2]LogCollectionManager: Rebuilt the object cache for 0 collections in 0.000001 seconds (found 0 objects)
[2019.01.26-14.56.18:648][  2]LogCollectionManager: Fixed up redirectors for 0 collections in 0.000326 seconds (updated 0 objects)
[2019.01.26-14.56.20:924][265]LogSlate: FSceneViewport::OnFocusLost() reason 0
[2019.01.26-14.56.21:065][281]LogSlate: Took 0.000272 seconds to synchronously load lazily loaded font '../../../Engine/Content/Slate/Fonts/Roboto-Light.ttf' (167K)
[2019.01.26-14.56.21:071][281]LogAssetEditorManager: Opening Asset editor for Blueprint /Game/MyBarricade.MyBarricade
[2019.01.26-14.56.21:601][281]LogContentBrowser: Native class hierarchy updated for 'BlueprintGraph' in 0.0008 seconds. Added 116 classes and 0 folders.
[2019.01.26-14.56.22:589][281]LogSlate: Took 0.000586 seconds to synchronously load lazily loaded font '../../../Engine/Content/Slate/Fonts/Roboto-BoldCondensed.ttf' (158K)
[2019.01.26-14.56.25:120][545]LogSlate: Took 0.000299 seconds to synchronously load lazily loaded font '../../../Engine/Content/Slate/Fonts/Roboto-Italic.ttf' (157K)
[2019.01.26-14.57.25:765][360]LogSlate: Window 'MyBarricade' being destroyed
[2019.01.26-14.57.25:768][360]LogSlate: Window 'MyBarricade' being destroyed
[2019.01.26-15.00.13:406][ 18]Candidate modules for hot reload:
[2019.01.26-15.00.13:406][ 18]  HomeIs
[2019.01.26-15.00.13:407][ 18]Launching UnrealBuildTool... [C:/Epic/UE4/UE_4.20/Engine/Binaries/DotNET/UnrealBuildTool.exe  -ModuleWithSuffix=HomeIs,6282 Win64 Development -TargetType=Editor -Project="../../../../../../Users/c013767h/Documents/GitHub/HomeIs/HomeIs/HomeIs.uproject" -canskiplink "C:/Users/c013767h/Documents/GitHub/HomeIs/HomeIs/HomeIs.uproject" ]
[2019.01.26-15.00.13:412][ 18]Warning: Starting HotReload took  0.0s.
[2019.01.26-15.00.30:599][ 78]CompilerResultsLog: New page: Compilation - 26 Jan 2019 15:00:30
[2019.01.26-15.00.30:600][ 78]CompilerResultsLog: Using 'git status' to determine working set for adaptive non-unity build.
[2019.01.26-15.00.30:600][ 78]CompilerResultsLog: Compiling game modules for hot reload
[2019.01.26-15.00.30:600][ 78]CompilerResultsLog: Parsing headers for HomeIsEditor
[2019.01.26-15.00.30:600][ 78]CompilerResultsLog:   Running UnrealHeaderTool "C:\Users\c013767h\Documents\GitHub\HomeIs\HomeIs\HomeIs.uproject" "C:\Users\c013767h\Documents\GitHub\HomeIs\HomeIs\Intermediate\Build\Win64\HomeIsEditor\Development\HomeIsEditor.uhtmanifest" -LogCmds="loginit warning, logexit warning, logdatabase error" -Unattended -WarningsAsErrors -installed
[2019.01.26-15.00.30:600][ 78]CompilerResultsLog: Reflection code generated for HomeIsEditor in 11.8509424 seconds
[2019.01.26-15.00.30:600][ 78]CompilerResultsLog: Building 5 actions with 8 processes...
[2019.01.26-15.00.30:600][ 78]CompilerResultsLog:   [1/5] Barricade.cpp
[2019.01.26-15.00.30:600][ 78]CompilerResultsLog:    C:\Users\c013767h\Documents\GitHub\HomeIs\HomeIs\Source\HomeIs\Barricade.cpp(34) : error C2065: 'myRaycastCollider': undeclared identifier
[2019.01.26-15.00.30:600][ 78]CompilerResultsLog:    C:\Users\c013767h\Documents\GitHub\HomeIs\HomeIs\Source\HomeIs\Barricade.cpp(34) : error C2227: left of '->SetCollisionResponseToAllChannels' must point to class/struct/union/generic type
[2019.01.26-15.00.30:600][ 78]CompilerResultsLog:   C:\Users\c013767h\Documents\GitHub\HomeIs\HomeIs\Source\HomeIs\Barricade.cpp(34): note: type is 'unknown-type'
[2019.01.26-15.00.30:601][ 78]CompilerResultsLog:    C:\Users\c013767h\Documents\GitHub\HomeIs\HomeIs\Source\HomeIs\Barricade.cpp(35) : error C2065: 'myRaycastCollider': undeclared identifier
[2019.01.26-15.00.30:601][ 78]CompilerResultsLog:    C:\Users\c013767h\Documents\GitHub\HomeIs\HomeIs\Source\HomeIs\Barricade.cpp(35) : error C2227: left of '->SetCollisionResponseToChannel' must point to class/struct/union/generic type
[2019.01.26-15.00.30:601][ 78]CompilerResultsLog:   C:\Users\c013767h\Documents\GitHub\HomeIs\HomeIs\Source\HomeIs\Barricade.cpp(35): note: type is 'unknown-type'
[2019.01.26-15.00.30:601][ 78]CompilerResultsLog:    C:\Users\c013767h\Documents\GitHub\HomeIs\HomeIs\Source\HomeIs\Barricade.cpp(54) : error C2065: 'myRaycastCollider': undeclared identifier
[2019.01.26-15.00.30:601][ 78]CompilerResultsLog:    C:\Users\c013767h\Documents\GitHub\HomeIs\HomeIs\Source\HomeIs\Barricade.cpp(54) : error C2227: left of '->SetCollisionResponseToAllChannels' must point to class/struct/union/generic type
[2019.01.26-15.00.30:601][ 78]CompilerResultsLog:   C:\Users\c013767h\Documents\GitHub\HomeIs\HomeIs\Source\HomeIs\Barricade.cpp(54): note: type is 'unknown-type'
[2019.01.26-15.00.30:601][ 78]CompilerResultsLog:   [2/5] HomeIs.init.gen.cpp
[2019.01.26-15.00.30:601][ 78]CompilerResultsLog:   [3/5] Barricade.gen.cpp
[2019.01.26-15.00.30:601][ 78]CompilerResultsLog: ERROR: UBT ERROR: Failed to produce item: C:\Users\c013767h\Documents\GitHub\HomeIs\HomeIs\Binaries\Win64\UE4Editor-HomeIs-6282.dll
[2019.01.26-15.00.30:601][ 78]CompilerResultsLog:        (see ../Programs/UnrealBuildTool/Log.txt for full exception trace)
[2019.01.26-15.00.30:601][ 78]CompilerResultsLog: Total build time: 16.85 seconds (Parallel executor: 0.00 seconds)
[2019.01.26-15.00.30:602][ 78]LogMainFrame: MainFrame: Module compiling took 17.203 seconds
[2019.01.26-15.00.30:602][ 78]Warning: HotReload failed, recompile failed
[2019.01.26-15.00.41:067][323]LogAssetEditorManager: Opening Asset editor for Blueprint /Game/MyBarricade.MyBarricade
[2019.01.26-15.01.31:722][453]LogSlate: Window 'MyBarricade' being destroyed
[2019.01.26-15.01.31:726][453]LogSlate: Window 'MyBarricade' being destroyed
[2019.01.26-15.01.33:265][599]LogSlate: Window 'HomeIs - Unreal Editor' being destroyed
[2019.01.26-15.01.33:266][599]LogWindowsTextInputMethodSystem: Display: IME system now deactivated.
[2019.01.26-15.01.33:455][600]Cmd: QUIT_EDITOR
[2019.01.26-15.01.33:490][600]LogExit: Preparing to exit.
[2019.01.26-15.01.34:085][600]LogExit: Editor shut down
[2019.01.26-15.01.34:086][600]LogExit: Transaction tracking system shut down
[2019.01.26-15.01.34:493][600]LogExit: Object subsystem successfully closed.
[2019.01.26-15.01.34:538][600]LogShaderCompilers: Display: Shaders left to compile 0
[2019.01.26-15.01.34:544][600]LogD3D11RHI: Shutdown
[2019.01.26-15.01.34:545][600]LogD3D11RHI: CleanupD3DDevice
[2019.01.26-15.01.34:547][600]LogD3D11RHI: ~FD3D11DynamicRHI
[2019.01.26-15.01.34:586][600]LogModuleManager: Shutting down and abandoning module BlueprintGraph (614)
[2019.01.26-15.01.34:586][600]LogModuleManager: Shutting down and abandoning module HierarchicalLODOutliner (612)
[2019.01.26-15.01.34:587][600]LogModuleManager: Shutting down and abandoning module SceneOutliner (610)
[2019.01.26-15.01.34:587][600]LogModuleManager: Shutting down and abandoning module AddContentDialog (608)
[2019.01.26-15.01.34:587][600]LogModuleManager: Shutting down and abandoning module WidgetCarousel (607)
[2019.01.26-15.01.34:587][600]LogModuleManager: Shutting down and abandoning module EditorWidgets (604)
[2019.01.26-15.01.34:587][600]LogModuleManager: Shutting down and abandoning module CollectionManager (602)
[2019.01.26-15.01.34:587][600]LogModuleManager: Shutting down and abandoning module StatsViewer (600)
[2019.01.26-15.01.34:588][600]LogModuleManager: Shutting down and abandoning module FoliageEdit (598)
[2019.01.26-15.01.34:588][600]LogModuleManager: Shutting down and abandoning module LandscapeEditor (596)
[2019.01.26-15.01.34:588][600]LogModuleManager: Shutting down and abandoning module MeshPaintMode (594)
[2019.01.26-15.01.34:588][600]LogModuleManager: Shutting down and abandoning module SceneDepthPickerMode (592)
[2019.01.26-15.01.34:588][600]LogModuleManager: Shutting down and abandoning module ActorPickerMode (590)
[2019.01.26-15.01.34:588][600]LogModuleManager: Shutting down and abandoning module GeometryMode (588)
[2019.01.26-15.01.34:588][600]LogModuleManager: Shutting down and abandoning module TextureAlignMode (586)
[2019.01.26-15.01.34:588][600]LogModuleManager: Shutting down and abandoning module BspMode (584)
[2019.01.26-15.01.34:588][600]LogModuleManager: Shutting down and abandoning module PIEPreviewDeviceProfileSelector (582)
[2019.01.26-15.01.34:588][600]LogModuleManager: Shutting down and abandoning module SequenceRecorderSections (580)
[2019.01.26-15.01.34:588][600]LogModuleManager: Shutting down and abandoning module AutomationWorker (578)
[2019.01.26-15.01.34:589][600]LogModuleManager: Shutting down and abandoning module AudioCaptureEditor (576)
[2019.01.26-15.01.34:589][600]LogModuleManager: Shutting down and abandoning module SequenceRecorder (575)
[2019.01.26-15.01.34:589][600]LogModuleManager: Shutting down and abandoning module MatineeToLevelSequence (572)
[2019.01.26-15.01.34:589][600]LogModuleManager: Shutting down and abandoning module LevelSequenceEditor (570)
[2019.01.26-15.01.34:589][600]LogModuleManager: Shutting down and abandoning module PlacementMode (569)
[2019.01.26-15.01.34:589][600]LogModuleManager: Shutting down and abandoning module MaterialEditor (568)
[2019.01.26-15.01.34:589][600]LogModuleManager: Shutting down and abandoning module WmfMediaFactory (564)
[2019.01.26-15.01.34:589][600]LogModuleManager: Shutting down and abandoning module WmfMediaEditor (562)
[2019.01.26-15.01.34:589][600]LogModuleManager: Shutting down and abandoning module MediaPlayerEditor (560)
[2019.01.26-15.01.34:589][600]LogModuleManager: Shutting down and abandoning module OpenExrWrapper (558)
[2019.01.26-15.01.34:589][600]LogModuleManager: Shutting down and abandoning module ImgMediaFactory (556)
[2019.01.26-15.01.34:589][600]LogModuleManager: Shutting down and abandoning module ImgMediaEditor (554)
[2019.01.26-15.01.34:590][600]LogModuleManager: Shutting down and abandoning module AvfMediaFactory (552)
[2019.01.26-15.01.34:590][600]LogModuleManager: Shutting down and abandoning module AvfMediaEditor (550)
[2019.01.26-15.01.34:590][600]LogModuleManager: Shutting down and abandoning module AndroidMediaFactory (548)
[2019.01.26-15.01.34:590][600]LogModuleManager: Shutting down and abandoning module AndroidMediaEditor (546)
[2019.01.26-15.01.34:590][600]LogModuleManager: Shutting down and abandoning module MagicLeapCameraPreviewFactory (544)
[2019.01.26-15.01.34:590][600]LogModuleManager: Shutting down and abandoning module MagicLeapMediaFactory (542)
[2019.01.26-15.01.34:590][600]LogModuleManager: Shutting down and abandoning module MagicLeapMediaEditor (540)
[2019.01.26-15.01.34:590][600]LogModuleManager: Shutting down and abandoning module CharacterAI (538)
[2019.01.26-15.01.34:590][600]LogModuleManager: Shutting down and abandoning module SmartSnapping (536)
[2019.01.26-15.01.34:590][600]LogModuleManager: Shutting down and abandoning module SessionServices (534)
[2019.01.26-15.01.34:590][600]LogModuleManager: Shutting down and abandoning module ViewportSnapping (532)
[2019.01.26-15.01.34:590][600]LogModuleManager: Shutting down and abandoning module ViewportInteraction (530)
[2019.01.26-15.01.34:590][600]LogModuleManager: Shutting down and abandoning module ClothPainter (528)
[2019.01.26-15.01.34:590][600]LogModuleManager: Shutting down and abandoning module SkeletalMeshEditor (527)
[2019.01.26-15.01.34:591][600]LogModuleManager: Shutting down and abandoning module LogVisualizer (524)
[2019.01.26-15.01.34:591][600]LogModuleManager: Shutting down and abandoning module IntroTutorials (522)
[2019.01.26-15.01.34:591][600]LogModuleManager: Shutting down and abandoning module GameProjectGeneration (521)
[2019.01.26-15.01.34:591][600]LogModuleManager: Shutting down and abandoning module LuminPlatformEditor (518)
[2019.01.26-15.01.34:591][600]LogModuleManager: Shutting down and abandoning module IOSPlatformEditor (516)
[2019.01.26-15.01.34:591][600]LogModuleManager: Shutting down and abandoning module HTML5PlatformEditor (514)
[2019.01.26-15.01.34:591][600]LogModuleManager: Shutting down and abandoning module AndroidPlatformEditor (512)
[2019.01.26-15.01.34:591][600]LogModuleManager: Shutting down and abandoning module AndroidDeviceDetection (511)
[2019.01.26-15.01.34:857][600]LogModuleManager: Shutting down and abandoning module WindowsPlatformEditor (508)
[2019.01.26-15.01.34:857][600]LogModuleManager: Shutting down and abandoning module LuminRuntimeSettings (506)
[2019.01.26-15.01.34:857][600]LogModuleManager: Shutting down and abandoning module IOSRuntimeSettings (504)
[2019.01.26-15.01.34:857][600]LogModuleManager: Shutting down and abandoning module AndroidRuntimeSettings (502)
[2019.01.26-15.01.34:858][600]LogModuleManager: Shutting down and abandoning module InputBindingEditor (500)
[2019.01.26-15.01.34:858][600]LogModuleManager: Shutting down and abandoning module MergeActors (498)
[2019.01.26-15.01.34:858][600]LogModuleManager: Shutting down and abandoning module LocalizationDashboard (496)
[2019.01.26-15.01.34:858][600]LogModuleManager: Shutting down and abandoning module LocalizationService (495)
[2019.01.26-15.01.34:859][600]LogModuleManager: Shutting down and abandoning module HardwareTargeting (492)
[2019.01.26-15.01.34:859][600]LogModuleManager: Shutting down and abandoning module DeviceProfileEditor (490)
[2019.01.26-15.01.34:859][600]LogModuleManager: Shutting down and abandoning module UndoHistory (488)
[2019.01.26-15.01.34:859][600]LogModuleManager: Shutting down and abandoning module XmlParser (486)
[2019.01.26-15.01.34:859][600]LogModuleManager: Shutting down and abandoning module Blutility (484)
[2019.01.26-15.01.34:860][600]LogModuleManager: Shutting down and abandoning module ProjectSettingsViewer (482)
[2019.01.26-15.01.34:860][600]LogModuleManager: Shutting down and abandoning module ProjectTargetPlatformEditor (481)
[2019.01.26-15.01.34:860][600]LogModuleManager: Shutting down and abandoning module EditorSettingsViewer (478)
[2019.01.26-15.01.34:861][600]LogModuleManager: Shutting down and abandoning module SettingsEditor (476)
[2019.01.26-15.01.34:861][600]LogModuleManager: Shutting down and abandoning module ProjectLauncher (474)
[2019.01.26-15.01.34:861][600]LogModuleManager: Shutting down and abandoning module SessionFrontend (472)
[2019.01.26-15.01.34:861][600]LogModuleManager: Shutting down and abandoning module ProfilerClient (470)
[2019.01.26-15.01.34:861][600]LogModuleManager: Shutting down and abandoning module DeviceManager (468)
[2019.01.26-15.01.34:862][600]LogModuleManager: Shutting down and abandoning module TargetDeviceServices (467)
[2019.01.26-15.01.34:928][600]LogModuleManager: Shutting down and abandoning module AutomationController (464)
[2019.01.26-15.01.34:928][600]LogModuleManager: Shutting down and abandoning module AutomationWindow (462)
[2019.01.26-15.01.34:928][600]LogModuleManager: Shutting down and abandoning module Layers (460)
[2019.01.26-15.01.34:928][600]LogModuleManager: Shutting down and abandoning module ComponentVisualizers (458)
[2019.01.26-15.01.34:929][600]LogModuleManager: Shutting down and abandoning module DetailCustomizations (456)
[2019.01.26-15.01.34:929][600]LogModuleManager: Shutting down and abandoning module PackagesDialog (454)
[2019.01.26-15.01.34:929][600]LogModuleManager: Shutting down and abandoning module Persona (452)
[2019.01.26-15.01.34:929][600]LogModuleManager: Shutting down and abandoning module AdvancedPreviewScene (451)
[2019.01.26-15.01.34:929][600]LogModuleManager: Shutting down and abandoning module AnimGraph (449)
[2019.01.26-15.01.34:930][600]LogModuleManager: Shutting down and abandoning module Kismet (446)
[2019.01.26-15.01.34:937][600]LogModuleManager: Shutting down and abandoning module GraphEditor (444)
[2019.01.26-15.01.34:937][600]LogModuleManager: Shutting down and abandoning module ClassViewer (442)
[2019.01.26-15.01.34:937][600]LogModuleManager: Shutting down and abandoning module Toolbox (440)
[2019.01.26-15.01.34:937][600]LogModuleManager: Shutting down and abandoning module DesktopPlatform (439)
[2019.01.26-15.01.34:938][600]LogModuleManager: Shutting down and abandoning module ModuleUI (436)
[2019.01.26-15.01.34:938][600]LogModuleManager: Shutting down and abandoning module MovieSceneTools (434)
[2019.01.26-15.01.34:938][600]LogModuleManager: Shutting down and abandoning module OutputLog (432)
[2019.01.26-15.01.34:938][600]LogModuleManager: Shutting down and abandoning module GammaUI (430)
[2019.01.26-15.01.34:938][600]LogModuleManager: Shutting down and abandoning module Documentation (428)
[2019.01.26-15.01.34:939][600]LogModuleManager: Shutting down and abandoning module MovieSceneTracks (426)
[2019.01.26-15.01.34:939][600]LogModuleManager: Shutting down and abandoning module MovieScene (424)
[2019.01.26-15.01.34:939][600]LogModuleManager: Shutting down and abandoning module StreamingPauseRendering (422)
[2019.01.26-15.01.34:939][600]LogModuleManager: Shutting down and abandoning module LauncherPlatform (420)
[2019.01.26-15.01.34:939][600]LogModuleManager: Shutting down and abandoning module AnalyticsET (418)
[2019.01.26-15.01.34:939][600]LogModuleManager: Shutting down and abandoning module PortalServices (416)
[2019.01.26-15.01.34:940][600]LogModuleManager: Shutting down and abandoning module PortalRpc (414)
[2019.01.26-15.01.34:940][600]LogModuleManager: Shutting down and abandoning module MessagingRpc (412)
[2019.01.26-15.01.34:940][600]LogModuleManager: Shutting down and abandoning module AIModule (410)
[2019.01.26-15.01.34:940][600]LogModuleManager: Shutting down and abandoning module GameplayDebugger (409)
[2019.01.26-15.01.34:940][600]LogModuleManager: Shutting down and abandoning module AITestSuite (407)
[2019.01.26-15.01.34:940][600]LogModuleManager: Shutting down and abandoning module NavigationSystem (405)
[2019.01.26-15.01.34:940][600]LogModuleManager: Shutting down and abandoning module ProfilerService (402)
[2019.01.26-15.01.34:994][600]LogModuleManager: Shutting down and abandoning module TaskGraph (400)
[2019.01.26-15.01.34:995][600]LogModuleManager: Shutting down and abandoning module SteamVRController (398)
[2019.01.26-15.01.34:995][600]LogModuleManager: Shutting down and abandoning module ProceduralMeshComponentEditor (396)
[2019.01.26-15.01.34:995][600]LogModuleManager: Shutting down and abandoning module ProceduralMeshComponent (394)
[2019.01.26-15.01.34:995][600]LogModuleManager: Shutting down and abandoning module OculusInput (392)
[2019.01.26-15.01.34:995][600]LogModuleManager: Shutting down and abandoning module MobilePatchingUtils (390)
[2019.01.26-15.01.34:996][600]LogModuleManager: Shutting down and abandoning module EditableMesh (388)
[2019.01.26-15.01.34:996][600]LogModuleManager: Shutting down and abandoning module CustomMeshComponent (386)
[2019.01.26-15.01.34:996][600]LogModuleManager: Shutting down and abandoning module CableComponent (384)
[2019.01.26-15.01.34:996][600]LogModuleManager: Shutting down and abandoning module AudioCapture (382)
[2019.01.26-15.01.34:996][600]LogModuleManager: Shutting down and abandoning module ArchVisCharacter (380)
[2019.01.26-15.01.34:996][600]LogModuleManager: Shutting down and abandoning module AndroidPermission (378)
[2019.01.26-15.01.34:996][600]LogModuleManager: Shutting down and abandoning module NUTUnrealEngine4 (376)
[2019.01.26-15.01.34:996][600]LogModuleManager: Shutting down and abandoning module NetcodeUnitTest (374)
[2019.01.26-15.01.34:996][600]LogModuleManager: Shutting down and abandoning module MediaCompositingEditor (372)
[2019.01.26-15.01.34:997][600]LogModuleManager: Shutting down and abandoning module MediaCompositing (370)
[2019.01.26-15.01.34:997][600]LogModuleManager: Shutting down and abandoning module LinearTimecode (368)
[2019.01.26-15.01.34:997][600]LogModuleManager: Shutting down and abandoning module ImgMedia (366)
[2019.01.26-15.01.35:009][600]LogModuleManager: Shutting down and abandoning module HTML5Networking (364)
[2019.01.26-15.01.35:009][600]LogModuleManager: Shutting down and abandoning module GeometryCacheTracks (362)
[2019.01.26-15.01.35:010][600]LogModuleManager: Shutting down and abandoning module GeometryCacheSequencer (360)
[2019.01.26-15.01.35:010][600]LogModuleManager: Shutting down and abandoning module BackChannel (358)
[2019.01.26-15.01.35:010][600]LogModuleManager: Shutting down and abandoning module AppleVision (356)
[2019.01.26-15.01.35:010][600]LogModuleManager: Shutting down and abandoning module AppleImageUtils (354)
[2019.01.26-15.01.35:011][600]LogModuleManager: Shutting down and abandoning module AlembicImporter (352)
[2019.01.26-15.01.35:011][600]LogModuleManager: Shutting down and abandoning module AlembicLibrary (351)
[2019.01.26-15.01.35:011][600]LogModuleManager: Shutting down and abandoning module GeometryCache (350)
[2019.01.26-15.01.35:011][600]LogModuleManager: Shutting down and abandoning module GeometryCacheEd (349)
[2019.01.26-15.01.35:011][600]LogModuleManager: Shutting down and abandoning module DatasmithContentEditor (344)
[2019.01.26-15.01.35:012][600]LogModuleManager: Shutting down and abandoning module DatasmithContent (342)
[2019.01.26-15.01.35:015][600]LogModuleManager: Shutting down and abandoning module SpeedTreeImporter (340)
[2019.01.26-15.01.35:015][600]LogModuleManager: Shutting down and abandoning module PluginBrowser (338)
[2019.01.26-15.01.35:017][600]LogModuleManager: Shutting down and abandoning module MobileLauncherProfileWizard (336)
[2019.01.26-15.01.35:017][600]LogModuleManager: Shutting down and abandoning module PolygonModeling (334)
[2019.01.26-15.01.35:017][600]LogModuleManager: Shutting down and abandoning module MeshEditor (332)
[2019.01.26-15.01.35:017][600]LogModuleManager: Shutting down and abandoning module CryptoKeysOpenSSL (330)
[2019.01.26-15.01.35:017][600]LogModuleManager: Shutting down and abandoning module CryptoKeys (328)
[2019.01.26-15.01.35:018][600]LogModuleManager: Shutting down and abandoning module VisualStudioSourceCodeAccess (326)
[2019.01.26-15.01.35:018][600]LogModuleManager: Shutting down and abandoning module VisualStudioCodeSourceCodeAccess (324)
[2019.01.26-15.01.35:018][600]LogModuleManager: Shutting down and abandoning module UObjectPlugin (322)
[2019.01.26-15.01.35:018][600]LogModuleManager: Shutting down and abandoning module SubversionSourceControl (320)
[2019.01.26-15.01.35:018][600]LogModuleManager: Shutting down and abandoning module PerforceSourceControl (318)
[2019.01.26-15.01.35:018][600]LogModuleManager: Shutting down and abandoning module GitSourceControl (316)
[2019.01.26-15.01.35:018][600]LogModuleManager: Shutting down and abandoning module SourceControl (315)
[2019.01.26-15.01.35:019][600]LogModuleManager: Shutting down and abandoning module CLionSourceCodeAccess (312)
[2019.01.26-15.01.35:019][600]LogModuleManager: Shutting down and abandoning module LightPropagationVolumeEditor (310)
[2019.01.26-15.01.35:019][600]LogModuleManager: Shutting down and abandoning module PaperTiledImporter (308)
[2019.01.26-15.01.35:019][600]LogModuleManager: Shutting down and abandoning module PaperSpriteSheetImporter (306)
[2019.01.26-15.01.35:019][600]LogModuleManager: Shutting down and abandoning module Paper2DEditor (304)
[2019.01.26-15.01.35:019][600]LogModuleManager: Shutting down and abandoning module MeshPaint (303)
[2019.01.26-15.01.35:019][600]LogModuleManager: Shutting down and abandoning module HomeIs (300)
[2019.01.26-15.01.35:020][600]LogModuleManager: Shutting down and abandoning module RuntimePhysXCooking (298)
[2019.01.26-15.01.35:020][600]LogModuleManager: Shutting down and abandoning module PhysXVehiclesEditor (296)
[2019.01.26-15.01.35:020][600]LogModuleManager: Shutting down and abandoning module PhysXVehicles (294)
[2019.01.26-15.01.35:020][600]LogModuleManager: Shutting down and abandoning module OculusEditor (292)
[2019.01.26-15.01.35:020][600]LogModuleManager: Shutting down and abandoning module LocationServicesBPLibrary (290)
[2019.01.26-15.01.35:021][600]LogModuleManager: Shutting down and abandoning module ImmediatePhysicsEditor (288)
[2019.01.26-15.01.35:021][600]LogModuleManager: Shutting down and abandoning module ImmediatePhysics (286)
[2019.01.26-15.01.35:021][600]LogModuleManager: Shutting down and abandoning module ActorSequence (284)
[2019.01.26-15.01.35:021][600]LogModuleManager: Shutting down and abandoning module UdpMessaging (282)
[2019.01.26-15.01.35:122][600]LogModuleManager: Shutting down and abandoning module TcpMessaging (280)
[2019.01.26-15.01.35:223][600]LogModuleManager: Shutting down and abandoning module MagicLeapAudio (278)
[2019.01.26-15.01.35:223][600]LogModuleManager: Shutting down and abandoning module GameplayTagsEditor (276)
[2019.01.26-15.01.35:223][600]LogModuleManager: Shutting down and abandoning module FacialAnimationEditor (274)
[2019.01.26-15.01.35:223][600]LogModuleManager: Shutting down and abandoning module FacialAnimation (272)
[2019.01.26-15.01.35:223][600]LogModuleManager: Shutting down and abandoning module DataValidation (270)
[2019.01.26-15.01.35:223][600]LogModuleManager: Shutting down and abandoning module AssetManagerEditor (268)
[2019.01.26-15.01.35:224][600]LogModuleManager: Shutting down and abandoning module LevelEditor (267)
[2019.01.26-15.01.35:225][600]LogModuleManager: Shutting down and abandoning module PixelInspectorModule (266)
[2019.01.26-15.01.35:226][600]LogModuleManager: Shutting down and abandoning module CommonMenuExtensions (264)
[2019.01.26-15.01.35:226][600]LogModuleManager: Shutting down and abandoning module MainFrame (262)
[2019.01.26-15.01.35:226][600]LogModuleManager: Shutting down and abandoning module HotReload (261)
[2019.01.26-15.01.35:227][600]LogModuleManager: Shutting down and abandoning module ContentBrowser (257)
[2019.01.26-15.01.35:229][600]LogModuleManager: Shutting down and abandoning module TreeMap (255)
[2019.01.26-15.01.35:230][600]LogModuleManager: Shutting down and abandoning module LightPropagationVolumeRuntime (252)
[2019.01.26-15.01.35:230][600]LogModuleManager: Shutting down and abandoning module AISupportModule (250)
[2019.01.26-15.01.35:230][600]LogModuleManager: Shutting down and abandoning module Paper2D (248)
[2019.01.26-15.01.35:230][600]LogModuleManager: Shutting down and abandoning module WindowsMoviePlayer (246)
[2019.01.26-15.01.35:230][600]LogModuleManager: Shutting down and abandoning module WmfMedia (244)
[2019.01.26-15.01.35:235][600]LogModuleManager: Shutting down and abandoning module Media (243)
[2019.01.26-15.01.35:242][600]LogModuleManager: Shutting down and abandoning module PacketHandler (240)
[2019.01.26-15.01.35:242][600]LogModuleManager: Shutting down and abandoning module ClothingSystemEditor (238)
[2019.01.26-15.01.35:242][600]LogModuleManager: Shutting down and abandoning module ClothingSystemRuntime (236)
[2019.01.26-15.01.35:242][600]LogModuleManager: Shutting down and abandoning module MediaAssets (234)
[2019.01.26-15.01.35:243][600]LogModuleManager: Shutting down and abandoning module Overlay (232)
[2019.01.26-15.01.35:243][600]LogModuleManager: Shutting down and abandoning module OverlayEditor (231)
[2019.01.26-15.01.35:243][600]LogModuleManager: Shutting down and abandoning module VREditor (228)
[2019.01.26-15.01.35:243][600]LogModuleManager: Shutting down and abandoning module StringTableEditor (226)
[2019.01.26-15.01.35:243][600]LogModuleManager: Shutting down and abandoning module GameplayTasksEditor (224)
[2019.01.26-15.01.35:243][600]LogModuleManager: Shutting down and abandoning module BehaviorTreeEditor (222)
[2019.01.26-15.01.35:243][600]LogModuleManager: Shutting down and abandoning module FunctionalTesting (220)
[2019.01.26-15.01.35:243][600]LogModuleManager: Shutting down and abandoning module CollisionAnalyzer (218)
[2019.01.26-15.01.35:244][600]LogModuleManager: Shutting down and abandoning module WorkspaceMenuStructure (217)
[2019.01.26-15.01.35:244][600]LogModuleManager: Shutting down and abandoning module UMG (214)
[2019.01.26-15.01.35:244][600]LogModuleManager: Shutting down and abandoning module UMGEditor (213)
[2019.01.26-15.01.35:244][600]LogModuleManager: Shutting down and abandoning module Sequencer (212)
[2019.01.26-15.01.35:244][600]LogModuleManager: Shutting down and abandoning module MessageLog (209)
[2019.01.26-15.01.35:244][600]LogModuleManager: Shutting down and abandoning module SlateReflector (204)
[2019.01.26-15.01.35:245][600]LogModuleManager: Shutting down and abandoning module Slate (202)
[2019.01.26-15.01.35:245][600]LogModuleManager: Shutting down and abandoning module EditorStyle (200)
[2019.01.26-15.01.35:248][600]LogModuleManager: Shutting down and abandoning module MRMesh (198)
[2019.01.26-15.01.35:249][600]LogModuleManager: Shutting down and abandoning module SourceCodeAccess (196)
[2019.01.26-15.01.35:249][600]LogModuleManager: Shutting down and abandoning module HeadMountedDisplay (194)
[2019.01.26-15.01.35:249][600]LogModuleManager: Shutting down and abandoning module XAudio2 (192)
[2019.01.26-15.01.35:249][600]LogModuleManager: Shutting down and abandoning module Networking (190)
[2019.01.26-15.01.35:249][600]LogModuleManager: Shutting down and abandoning module Core (188)
[2019.01.26-15.01.35:249][600]LogModuleManager: Shutting down and abandoning module LevelSequence (186)
[2019.01.26-15.01.35:249][600]LogModuleManager: Shutting down and abandoning module KismetCompiler (184)
[2019.01.26-15.01.35:249][600]LogModuleManager: Shutting down and abandoning module MeshUtilities (182)
[2019.01.26-15.01.35:250][600]LogModuleManager: Shutting down and abandoning module MeshMergeUtilities (181)
[2019.01.26-15.01.35:250][600]LogModuleManager: Shutting down and abandoning module MeshReductionInterface (180)
[2019.01.26-15.01.35:250][600]LogModuleManager: Shutting down and abandoning module SimplygonSwarm (179)
[2019.01.26-15.01.35:250][600]LogModuleManager: Shutting down and abandoning module ProxyLODMeshReduction (177)
[2019.01.26-15.01.35:250][600]LogModuleManager: Shutting down and abandoning module SimplygonMeshReduction (175)
[2019.01.26-15.01.35:250][600]LogModuleManager: Shutting down and abandoning module QuadricMeshReduction (173)
[2019.01.26-15.01.35:250][600]LogModuleManager: Shutting down and abandoning module MaterialBaking (169)
[2019.01.26-15.01.35:250][600]LogModuleManager: Shutting down and abandoning module DirectoryWatcher (165)
[2019.01.26-15.01.35:251][600]LogModuleManager: Shutting down and abandoning module DerivedDataCache (162)
[2019.01.26-15.01.35:260][600]LogDerivedDataCache: Shutdown
[2019.01.26-15.01.35:261][600]LogModuleManager: Shutting down and abandoning module XGEController (160)
[2019.01.26-15.01.35:261][600]LogXGEController: Cleaning working directory: C:/Users/c013767h/AppData/Local/Temp/UnrealXGEWorkingDir/
[2019.01.26-15.01.35:261][600]LogModuleManager: Shutting down and abandoning module TargetPlatform (158)
[2019.01.26-15.01.35:262][600]LogModuleManager: Shutting down and abandoning module VulkanShaderFormat (157)
[2019.01.26-15.01.35:262][600]LogModuleManager: Shutting down and abandoning module ShaderFormatVectorVM (155)
[2019.01.26-15.01.35:262][600]LogModuleManager: Shutting down and abandoning module ShaderFormatOpenGL (153)
[2019.01.26-15.01.35:262][600]LogModuleManager: Shutting down and abandoning module ShaderFormatD3D (151)
[2019.01.26-15.01.35:262][600]LogModuleManager: Shutting down and abandoning module MetalShaderFormat (149)
[2019.01.26-15.01.35:262][600]LogModuleManager: Shutting down and abandoning module TextureFormatUncompressed (147)
[2019.01.26-15.01.35:262][600]LogModuleManager: Shutting down and abandoning module TextureFormatPVR (145)
[2019.01.26-15.01.35:262][600]LogModuleManager: Shutting down and abandoning module TextureFormatDXT (143)
[2019.01.26-15.01.35:262][600]LogModuleManager: Shutting down and abandoning module TextureFormatIntelISPCTexComp (141)
[2019.01.26-15.01.35:264][600]LogModuleManager: Shutting down and abandoning module TextureFormatASTC (139)
[2019.01.26-15.01.35:264][600]LogModuleManager: Shutting down and abandoning module ImageWrapper (138)
[2019.01.26-15.01.35:264][600]LogModuleManager: Shutting down and abandoning module TextureFormatAndroid (135)
[2019.01.26-15.01.35:264][600]LogModuleManager: Shutting down and abandoning module AudioFormatOpus (133)
[2019.01.26-15.01.35:264][600]LogModuleManager: Shutting down and abandoning module AudioFormatOgg (131)
[2019.01.26-15.01.35:264][600]LogModuleManager: Shutting down and abandoning module AudioFormatADPCM (129)
[2019.01.26-15.01.35:264][600]LogModuleManager: Shutting down and abandoning module LuminTargetPlatform (127)
[2019.01.26-15.01.35:264][600]LogModuleManager: Shutting down and abandoning module LinuxTargetPlatform (125)
[2019.01.26-15.01.35:264][600]LogModuleManager: Shutting down and abandoning module LinuxServerTargetPlatform (123)
[2019.01.26-15.01.35:265][600]LogModuleManager: Shutting down and abandoning module LinuxNoEditorTargetPlatform (121)
[2019.01.26-15.01.35:265][600]LogModuleManager: Shutting down and abandoning module LinuxClientTargetPlatform (119)
[2019.01.26-15.01.35:265][600]LogModuleManager: Shutting down and abandoning module TVOSTargetPlatform (117)
[2019.01.26-15.01.35:266][600]LogModuleManager: Shutting down and abandoning module Messaging (115)
[2019.01.26-15.01.35:266][600]LogModuleManager: Shutting down and abandoning module IOSTargetPlatform (113)
[2019.01.26-15.01.35:268][600]LogModuleManager: Shutting down and abandoning module HTML5TargetPlatform (111)
[2019.01.26-15.01.35:268][600]LogModuleManager: Shutting down and abandoning module AndroidTargetPlatform (109)
[2019.01.26-15.01.35:286][600]LogModuleManager: Shutting down and abandoning module WindowsTargetPlatform (107)
[2019.01.26-15.01.35:286][600]LogModuleManager: Shutting down and abandoning module WindowsServerTargetPlatform (105)
[2019.01.26-15.01.35:286][600]LogModuleManager: Shutting down and abandoning module WindowsNoEditorTargetPlatform (103)
[2019.01.26-15.01.35:286][600]LogModuleManager: Shutting down and abandoning module WindowsClientTargetPlatform (101)
[2019.01.26-15.01.35:286][600]LogModuleManager: Shutting down and abandoning module MacTargetPlatform (99)
[2019.01.26-15.01.35:286][600]LogModuleManager: Shutting down and abandoning module MacServerTargetPlatform (97)
[2019.01.26-15.01.35:287][600]LogModuleManager: Shutting down and abandoning module MacNoEditorTargetPlatform (95)
[2019.01.26-15.01.35:287][600]LogModuleManager: Shutting down and abandoning module MacClientTargetPlatform (93)
[2019.01.26-15.01.35:287][600]LogModuleManager: Shutting down and abandoning module AllDesktopTargetPlatform (91)
[2019.01.26-15.01.35:287][600]LogModuleManager: Shutting down and abandoning module InputCore (88)
[2019.01.26-15.01.35:287][600]LogModuleManager: Shutting down and abandoning module Settings (86)
[2019.01.26-15.01.35:287][600]LogModuleManager: Shutting down and abandoning module PhysXCooking (84)
[2019.01.26-15.01.35:287][600]LogModuleManager: Shutting down and abandoning module SteamVR (82)
[2019.01.26-15.01.35:287][600]LogModuleManager: Shutting down and abandoning module OculusHMD (80)
[2019.01.26-15.01.35:287][600]LogModuleManager: Shutting down and abandoning module ExampleDeviceProfileSelector (78)
[2019.01.26-15.01.35:287][600]LogModuleManager: Shutting down and abandoning module LauncherChunkInstaller (76)
[2019.01.26-15.01.35:287][600]LogModuleManager: Shutting down and abandoning module OnlineBlueprintSupport (74)
[2019.01.26-15.01.35:288][600]LogModuleManager: Shutting down and abandoning module OnlineSubsystem (70)
[2019.01.26-15.01.35:290][600]LogModuleManager: Shutting down and abandoning module XMPP (65)
[2019.01.26-15.01.35:290][600]LogModuleManager: Shutting down and abandoning module WebSockets (64)
[2019.01.26-15.01.35:296][600]LogModuleManager: Shutting down and abandoning module HTTP (61)
[2019.01.26-15.01.35:296][600]LogHttp: Display: Http module shutting down, but needs to wait on 1 outstanding Http requests:
[2019.01.26-15.01.35:296][600]LogHttp: Display: 	verb=[POST] url=[https://datarouter.ol.epicgames.com/datarouter/api/v1/public/data?SessionID=%7BDA6F8B9E-4BB0-D08F-CEBA-51B733CAC7FF%7D&AppID=UEEditor.Rocket.Release&AppVersion=4.20.3-4369336%2B%2B%2BUE4%2BRelease-4.20&UserID=e1a96d8d45bceed625bb5288f05cbdbb%7C%7C11c54207-c36e-46fd-a530-02aa99756efb&AppEnvironment=datacollector-binary&UploadType=eteventstream] status=Processing
[2019.01.26-15.01.35:309][600]LogModuleManager: Shutting down and abandoning module SSL (60)
[2019.01.26-15.01.35:310][600]LogModuleManager: Shutting down and abandoning module MagicLeapEmulator (56)
[2019.01.26-15.01.35:310][600]LogModuleManager: Shutting down and abandoning module MagicLeapPrivileges (54)
[2019.01.26-15.01.35:310][600]LogModuleManager: Shutting down and abandoning module MagicLeapIdentity (52)
[2019.01.26-15.01.35:310][600]LogModuleManager: Shutting down and abandoning module MagicLeapHelperVulkan (50)
[2019.01.26-15.01.35:310][600]LogModuleManager: Shutting down and abandoning module MagicLeapHelperOpenGL (48)
[2019.01.26-15.01.35:310][600]LogModuleManager: Shutting down and abandoning module MagicLeapSecureStorage (46)
[2019.01.26-15.01.35:310][600]LogModuleManager: Shutting down and abandoning module MagicLeapGestures (44)
[2019.01.26-15.01.35:310][600]LogModuleManager: Shutting down and abandoning module MagicLeapEyeTracker (42)
[2019.01.26-15.01.35:311][600]LogModuleManager: Shutting down and abandoning module MagicLeapController (40)
[2019.01.26-15.01.35:311][600]LogSlate: Slate User Destroyed.  User Index 0, Is Virtual User: 0
[2019.01.26-15.01.35:311][600]LogModuleManager: Shutting down and abandoning module MagicLeap (38)
[2019.01.26-15.01.35:311][600]LogModuleManager: Shutting down and abandoning module AnimationModifiers (36)
[2019.01.26-15.01.35:311][600]LogModuleManager: Shutting down and abandoning module PropertyEditor (35)
[2019.01.26-15.01.35:311][600]LogModuleManager: Shutting down and abandoning module AudioEditor (32)
[2019.01.26-15.01.35:311][600]LogModuleManager: Shutting down and abandoning module TextureCompressor (30)
[2019.01.26-15.01.35:314][600]LogModuleManager: Shutting down and abandoning module ShaderCore (28)
[2019.01.26-15.01.35:314][600]LogModuleManager: Shutting down and abandoning module Landscape (26)
[2019.01.26-15.01.35:314][600]LogModuleManager: Shutting down and abandoning module SlateRHIRenderer (24)
[2019.01.26-15.01.35:315][600]LogModuleManager: Shutting down and abandoning module OpenGLDrv (22)
[2019.01.26-15.01.35:315][600]LogModuleManager: Shutting down and abandoning module D3D11RHI (20)
[2019.01.26-15.01.35:315][600]LogModuleManager: Shutting down and abandoning module AnimGraphRuntime (18)
[2019.01.26-15.01.35:315][600]LogModuleManager: Shutting down and abandoning module Renderer (16)
[2019.01.26-15.01.35:315][600]LogModuleManager: Shutting down and abandoning module Engine (14)
[2019.01.26-15.01.35:315][600]LogModuleManager: Shutting down and abandoning module CoreUObject (12)
[2019.01.26-15.01.35:315][600]LogModuleManager: Shutting down and abandoning module NetworkFile (10)
[2019.01.26-15.01.35:315][600]LogModuleManager: Shutting down and abandoning module CookedIterativeFile (8)
[2019.01.26-15.01.35:315][600]LogModuleManager: Shutting down and abandoning module StreamingFile (6)
[2019.01.26-15.01.35:315][600]LogModuleManager: Shutting down and abandoning module SandboxFile (4)
[2019.01.26-15.01.35:315][600]LogModuleManager: Shutting down and abandoning module PakFile (2)
[2019.01.26-15.01.35:332][600]LogExit: Exiting.
[2019.01.26-15.01.35:337][600]Log file closed, 01/26/19 15:01:35
