Log file open, 01/26/19 15:40:52
LogWindows: Failed to load 'aqProf.dll' (GetLastError=126)
LogWindows: File 'aqProf.dll' does not exist
LogWindows: Failed to load 'VSPerf140.dll' (GetLastError=126)
LogWindows: File 'VSPerf140.dll' does not exist
LogWindows: Failed to load 'VtuneApi.dll' (GetLastError=126)
LogWindows: File 'VtuneApi.dll' does not exist
LogWindows: Failed to load 'VtuneApi32e.dll' (GetLastError=126)
LogWindows: File 'VtuneApi32e.dll' does not exist
LogInit: Display: Running engine for game: HomeIs
LogPlatformFile: Not using cached read wrapper
LogTaskGraph: Started task graph with 5 named threads and 23 total threads with 3 sets of task threads.
LogStats: Stats thread started at 0.481846
LogD3D11RHI: Loaded GFSDK_Aftermath_Lib.x64.dll
LogICUInternationalization: Display: ICU TimeZone Detection - Raw Offset: +0:00, Platform Override: ''
LogPluginManager: Mounting plugin Paper2D
LogPluginManager: Mounting plugin AISupport
LogPluginManager: Mounting plugin LightPropagationVolume
LogPluginManager: Mounting plugin CLionSourceCodeAccess
LogPluginManager: Mounting plugin CodeLiteSourceCodeAccess
LogPluginManager: Mounting plugin GitSourceControl
LogPluginManager: Mounting plugin KDevelopSourceCodeAccess
LogPluginManager: Mounting plugin NullSourceCodeAccess
LogPluginManager: Mounting plugin PerforceSourceControl
LogPluginManager: Mounting plugin SubversionSourceControl
LogPluginManager: Mounting plugin UObjectPlugin
LogPluginManager: Mounting plugin VisualStudioCodeSourceCodeAccess
LogPluginManager: Mounting plugin VisualStudioSourceCodeAccess
LogPluginManager: Mounting plugin XCodeSourceCodeAccess
LogPluginManager: Mounting plugin AssetManagerEditor
LogPluginManager: Mounting plugin CryptoKeys
LogPluginManager: Mounting plugin DataValidation
LogPluginManager: Mounting plugin FacialAnimation
LogPluginManager: Mounting plugin GameplayTagsEditor
LogPluginManager: Mounting plugin MacGraphicsSwitching
LogPluginManager: Mounting plugin MeshEditor
LogPluginManager: Mounting plugin MobileLauncherProfileWizard
LogPluginManager: Mounting plugin PluginBrowser
LogPluginManager: Mounting plugin SpeedTreeImporter
LogPluginManager: Mounting plugin DatasmithContent
LogPluginManager: Mounting plugin AlembicImporter
LogPluginManager: Mounting plugin AppleImageUtils
LogPluginManager: Mounting plugin AppleVision
LogPluginManager: Mounting plugin BackChannel
LogPluginManager: Mounting plugin CharacterAI
LogPluginManager: Mounting plugin GeometryCache
LogPluginManager: Mounting plugin HTML5Networking
LogPluginManager: Mounting plugin ProxyLODPlugin
LogPluginManager: Mounting plugin MagicLeap
LogPluginManager: Mounting plugin MagicLeapEmulator
LogPluginManager: Mounting plugin MagicLeapMedia
LogPluginManager: Mounting plugin AndroidMedia
LogPluginManager: Mounting plugin AvfMedia
LogPluginManager: Mounting plugin ImgMedia
LogPluginManager: Mounting plugin LinearTimecode
LogPluginManager: Mounting plugin MediaCompositing
LogPluginManager: Mounting plugin MediaPlayerEditor
LogPluginManager: Mounting plugin WmfMedia
LogPluginManager: Mounting plugin TcpMessaging
LogPluginManager: Mounting plugin UdpMessaging
LogPluginManager: Mounting plugin ActorSequence
LogPluginManager: Mounting plugin LevelSequenceEditor
LogPluginManager: Mounting plugin MatineeToLevelSequence
LogPluginManager: Mounting plugin NetcodeUnitTest
LogPluginManager: Mounting plugin NUTUnrealEngine4
LogPluginManager: Mounting plugin OnlineSubsystemGooglePlay
LogPluginManager: Mounting plugin OnlineSubsystemIOS
LogPluginManager: Mounting plugin OnlineSubsystem
LogPluginManager: Mounting plugin OnlineSubsystemNull
LogPluginManager: Mounting plugin OnlineSubsystemUtils
LogPluginManager: Mounting plugin LauncherChunkInstaller
LogPluginManager: Mounting plugin AndroidDeviceProfileSelector
LogPluginManager: Mounting plugin AndroidMoviePlayer
LogPluginManager: Mounting plugin AndroidPermission
LogPluginManager: Mounting plugin AppleMoviePlayer
LogPluginManager: Mounting plugin ArchVisCharacter
LogPluginManager: Mounting plugin AudioCapture
LogPluginManager: Mounting plugin CableComponent
LogPluginManager: Mounting plugin CustomMeshComponent
LogPluginManager: Mounting plugin EditableMesh
LogPluginManager: Mounting plugin ExampleDeviceProfileSelector
LogPluginManager: Mounting plugin GoogleCloudMessaging
LogPluginManager: Mounting plugin ImmediatePhysics
LogPluginManager: Mounting plugin IOSDeviceProfileSelector
LogPluginManager: Mounting plugin LinuxDeviceProfileSelector
LogPluginManager: Mounting plugin LocationServicesBPLibrary
LogPluginManager: Mounting plugin MobilePatchingUtils
LogPluginManager: Mounting plugin OculusVR
LogPluginManager: Plugin shader directory ../../../Engine/Plugins/Runtime/Oculus/OculusVR/Shaders found
LogPluginManager: Mapping shader source directory ../../../Engine/Plugins/Runtime/Oculus/OculusVR/Shaders to virtual directory /Plugin/OculusVR
LogPluginManager: Mounting plugin PhysXVehicles
LogPluginManager: Mounting plugin ProceduralMeshComponent
LogPluginManager: Mounting plugin RuntimePhysXCooking
LogPluginManager: Mounting plugin SteamVR
LogPluginManager: Mounting plugin WindowsMoviePlayer
LogStreaming: Display: Took  0.350s to configure plugins.
LogInit: Using libcurl 7.55.1-DEV
LogInit:  - built for x86_64-pc-win32
LogInit:  - supports SSL with OpenSSL/1.0.2h
LogInit:  - supports HTTP deflate (compression) using libz 1.2.8
LogInit:  - other features:
LogInit:      CURL_VERSION_SSL
LogInit:      CURL_VERSION_LIBZ
LogInit:      CURL_VERSION_IPV6
LogInit:      CURL_VERSION_ASYNCHDNS
LogInit:      CURL_VERSION_LARGEFILE
LogInit:      CURL_VERSION_IDN
LogInit:  CurlRequestOptions (configurable via config and command line):
LogInit:  - bVerifyPeer = false  - Libcurl will NOT verify peer certificate
LogInit:  - bUseHttpProxy = false  - Libcurl will NOT use HTTP proxy
LogInit:  - bDontReuseConnections = false  - Libcurl will reuse connections
LogInit:  - CertBundlePath = nullptr  - Libcurl will use whatever was configured at build time.
LogInit:  - MaxHostConnections = 16  - Libcurl will limit the number of connections to a host
LogInit:  - LocalHostAddr = Default
LogInit:  - BufferSize = 65536
LogInit: WinSock: version 1.1 (2.2), MaxSocks=32767, MaxUdp=65467
LogInit: Build: ++UE4+Release-4.20-CL-4369336
LogInit: Engine Version: 4.20.3-4369336+++UE4+Release-4.20
LogInit: Compatible Engine Version: 4.20.0-4212847+++UE4+Release-4.20
LogInit: Net CL: 4212847
LogInit: OS: Windows 10 (), CPU: Intel(R) Xeon(R) CPU E5-1620 v3 @ 3.50GHz, GPU: NVIDIA GeForce GTX 970
LogInit: Compiled (64-bit): Sep 17 2018 12:26:19
LogInit: Compiled with Visual C++: 19.13.26129.00
LogInit: Build Configuration: Development
LogInit: Branch Name: ++UE4+Release-4.20
LogInit: Command Line:  -skipcompile
LogInit: Base Directory: C:/Epic/UE4/UE_4.20/Engine/Binaries/Win64/
LogInit: Installed Engine Build: 1
LogDevObjectVersion: Number of dev versions registered: 20
LogDevObjectVersion:   Dev-Blueprints (B0D832E4-1F89-4F0D-ACCF-7EB736FD4AA2): 10
LogDevObjectVersion:   Dev-Build (E1C64328-A22C-4D53-A36C-8E866417BD8C): 0
LogDevObjectVersion:   Dev-Core (375EC13C-06E4-48FB-B500-84F0262A717E): 2
LogDevObjectVersion:   Dev-Editor (E4B068ED-F494-42E9-A231-DA0B2E46BB41): 24
LogDevObjectVersion:   Dev-Framework (CFFC743F-43B0-4480-9391-14DF171D2073): 34
LogDevObjectVersion:   Dev-Mobile (B02B49B5-BB20-44E9-A304-32B752E40360): 2
LogDevObjectVersion:   Dev-Networking (A4E4105C-59A1-49B5-A7C5-40C4547EDFEE): 0
LogDevObjectVersion:   Dev-Online (39C831C9-5AE6-47DC-9A44-9C173E1C8E7C): 0
LogDevObjectVersion:   Dev-Physics (78F01B33-EBEA-4F98-B9B4-84EACCB95AA2): 0
LogDevObjectVersion:   Dev-Platform (6631380F-2D4D-43E0-8009-CF276956A95A): 0
LogDevObjectVersion:   Dev-Rendering (12F88B9F-8875-4AFC-A67C-D90C383ABD29): 26
LogDevObjectVersion:   Dev-Sequencer (7B5AE74C-D270-4C10-A958-57980B212A5A): 9
LogDevObjectVersion:   Dev-VR (D7296918-1DD6-4BDD-9DE2-64A83CC13884): 2
LogDevObjectVersion:   Dev-LoadTimes (C2A15278-BFE7-4AFE-6C17-90FF531DF755): 1
LogDevObjectVersion:   Private-Geometry (6EACA3D4-40EC-4CC1-B786-8BED09428FC5): 3
LogDevObjectVersion:   Dev-AnimPhys (29E575DD-E0A3-4627-9D10-D276232CDCEA): 17
LogDevObjectVersion:   Dev-ReflectionCapture (6B266CEC-1EC7-4B8F-A30B-E4D90942FC07): 1
LogDevObjectVersion:   Dev-Automation (0DF73D61-A23F-47EA-B727-89E90C41499A): 1
LogDevObjectVersion:   FortniteMain (601D1886-AC64-4F84-AA16-D3DE0DEAC7D6): 12
LogDevObjectVersion:   Dev-Enterprise (9DFFBCD6-494F-0158-E221-12823C92A888): 1
LogStreaming: Display: Took  0.008s to delete old logs.
LogInit: Presizing for max 8388607 objects, including 0 objects not considered by GC, pre-allocating 0 bytes for permanent pool.
LogInit: Object subsystem initialized
[2019.01.26-15.40.53:626][  0]LogInit: Selected Device Profile: [Windows]
[2019.01.26-15.40.53:626][  0]LogInit: Applying CVar settings loaded from the selected device profile: [Windows]
[2019.01.26-15.40.53:645][  0]LogHAL: Display: Platform has ~ 16 GB [17092038656 / 17179869184 / 16], which maps to Larger [LargestMinGB=32, LargerMinGB=12, DefaultMinGB=8, SmallerMinGB=6, SmallestMinGB=0)
[2019.01.26-15.40.53:646][  0]LogInit: Setting Device Profile CVar: [[r.Vulkan.UseRealUBs:1]]
[2019.01.26-15.40.53:646][  0]LogInit: Going up to parent DeviceProfile []
[2019.01.26-15.40.53:646][  0]LogInit: Computer: D102-12
[2019.01.26-15.40.53:646][  0]LogInit: User: c013767h
[2019.01.26-15.40.53:646][  0]LogInit: CPU Page size=4096, Cores=4
[2019.01.26-15.40.53:647][  0]LogInit: High frequency timer resolution =3.410072 MHz
[2019.01.26-15.40.53:647][  0]LogMemory: Memory total: Physical=15.9GB (16GB approx)
[2019.01.26-15.40.53:647][  0]LogMemory: Platform Memory Stats for Windows
[2019.01.26-15.40.53:647][  0]LogMemory: Process Physical Memory: 100.60 MB used, 100.60 MB peak
[2019.01.26-15.40.53:647][  0]LogMemory: Process Virtual Memory: 91.21 MB used, 91.21 MB peak
[2019.01.26-15.40.53:647][  0]LogMemory: Physical Memory: 7306.64 MB used,  8993.60 MB free, 16300.24 MB total
[2019.01.26-15.40.53:647][  0]LogMemory: Virtual Memory: 4640.35 MB used,  8993.60 MB free, 134217728.00 MB total
[2019.01.26-15.40.53:776][  0]LogInit: Using OS detected language (en-US).
[2019.01.26-15.40.53:776][  0]LogInit: Using OS detected locale (en-GB).
[2019.01.26-15.40.53:778][  0]LogTextLocalizationManager: No specific localization for 'en-US' exists, so the 'en' localization will be used.
[2019.01.26-15.40.54:196][  0]LogStreaming: Display: Took  0.420s to InitEngineTextLocalization.
[2019.01.26-15.40.54:197][  0]LogInit: Setting process to per monitor DPI aware
[2019.01.26-15.40.54:282][  0]LogSlate: New Slate User Created.  User Index 0, Is Virtual User: 0
[2019.01.26-15.40.54:283][  0]LogSlate: Slate User Registered.  User Index 0, Is Virtual User: 0
[2019.01.26-15.40.54:644][  0]LogHMD: Failed to initialize OpenVR with code 110
[2019.01.26-15.40.54:644][  0]LogD3D11RHI: D3D11 adapters:
[2019.01.26-15.40.54:735][  0]LogD3D11RHI:    0. 'NVIDIA GeForce GTX 970' (Feature Level 11_0)
[2019.01.26-15.40.54:735][  0]LogD3D11RHI:       4043/0/8150 MB DedicatedVideo/DedicatedSystem/SharedSystem, Outputs:2, VendorId:0x10de
[2019.01.26-15.40.54:741][  0]LogD3D11RHI:    1. 'Microsoft Basic Render Driver' (Feature Level 11_0)
[2019.01.26-15.40.54:741][  0]LogD3D11RHI:       0/0/8150 MB DedicatedVideo/DedicatedSystem/SharedSystem, Outputs:0, VendorId:0x1414
[2019.01.26-15.40.54:741][  0]LogD3D11RHI: Chosen D3D11 Adapter: 0
[2019.01.26-15.40.54:751][  0]LogD3D11RHI: Creating new Direct3DDevice
[2019.01.26-15.40.54:751][  0]LogD3D11RHI:     GPU DeviceId: 0x13c2 (for the marketing name, search the web for "GPU Device Id")
[2019.01.26-15.40.54:751][  0]LogWindows: EnumDisplayDevices:
[2019.01.26-15.40.54:751][  0]LogWindows:    0. 'NVIDIA GeForce GTX 970' (P:1 D:1)
[2019.01.26-15.40.54:752][  0]LogWindows:    1. 'NVIDIA GeForce GTX 970' (P:0 D:1)
[2019.01.26-15.40.54:752][  0]LogWindows:    2. 'NVIDIA GeForce GTX 970' (P:0 D:0)
[2019.01.26-15.40.54:753][  0]LogWindows:    3. 'NVIDIA GeForce GTX 970' (P:0 D:0)
[2019.01.26-15.40.54:753][  0]LogWindows: DebugString: FoundDriverCount:4 
[2019.01.26-15.40.54:753][  0]LogD3D11RHI:     Adapter Name: NVIDIA GeForce GTX 970
[2019.01.26-15.40.54:753][  0]LogD3D11RHI:   Driver Version: 398.82 (internal:24.21.13.9882, unified:398.82)
[2019.01.26-15.40.54:753][  0]LogD3D11RHI:      Driver Date: 7-30-2018
[2019.01.26-15.40.54:753][  0]LogRHI: Texture pool is 2830 MB (70% of 4043 MB)
[2019.01.26-15.40.54:808][  0]LogD3D11RHI: Async texture creation enabled
[2019.01.26-15.40.54:826][  0]LogD3D11RHI: GPU Timing Frequency: 1000.000000 (Debug: 2 2)
[2019.01.26-15.40.54:830][  0]LogShaderCompilers: Guid format shader working directory is -15 characters bigger than the processId version (../../../../../../Users/c013767h/Documents/GitHub/HomeIs/HomeIs/Intermediate/Shaders/WorkingDirectory/17344/).
[2019.01.26-15.40.54:830][  0]LogShaderCompilers: Cleaned the shader compiler working directory 'C:/Users/c013767h/AppData/Local/Temp/UnrealShaderWorkingDir/54C532D64323DFAB68E9FD880C981120/'.
[2019.01.26-15.40.55:197][  0]LogTemp: Display: Loaded TP AllDesktopTargetPlatform
[2019.01.26-15.40.55:218][  0]LogTemp: Display: Loaded TP MacClientTargetPlatform
[2019.01.26-15.40.55:239][  0]LogTemp: Display: Loaded TP MacNoEditorTargetPlatform
[2019.01.26-15.40.55:259][  0]LogTemp: Display: Loaded TP MacServerTargetPlatform
[2019.01.26-15.40.55:279][  0]LogTemp: Display: Loaded TP MacTargetPlatform
[2019.01.26-15.40.55:299][  0]LogTemp: Display: Loaded TP WindowsClientTargetPlatform
[2019.01.26-15.40.55:320][  0]LogTemp: Display: Loaded TP WindowsNoEditorTargetPlatform
[2019.01.26-15.40.55:339][  0]LogTemp: Display: Loaded TP WindowsServerTargetPlatform
[2019.01.26-15.40.55:351][  0]LogTemp: Display: Loaded TP WindowsTargetPlatform
[2019.01.26-15.40.55:451][  0]LogTemp: Display: Loaded TP AndroidTargetPlatform
[2019.01.26-15.40.55:451][  0]LogTemp: Display: Loaded TP AndroidTargetPlatform
[2019.01.26-15.40.55:451][  0]LogTemp: Display: Loaded TP AndroidTargetPlatform
[2019.01.26-15.40.55:451][  0]LogTemp: Display: Loaded TP AndroidTargetPlatform
[2019.01.26-15.40.55:451][  0]LogTemp: Display: Loaded TP AndroidTargetPlatform
[2019.01.26-15.40.55:451][  0]LogTemp: Display: Loaded TP AndroidTargetPlatform
[2019.01.26-15.40.55:451][  0]LogTemp: Display: Loaded TP AndroidTargetPlatform
[2019.01.26-15.40.55:451][  0]LogTemp: Display: Loaded TP AndroidTargetPlatform
[2019.01.26-15.40.55:451][  0]LogTemp: Display: Loaded TP AndroidTargetPlatform
[2019.01.26-15.40.55:451][  0]LogTemp: Display: Loaded TP AndroidTargetPlatform
[2019.01.26-15.40.55:451][  0]LogTemp: Display: Loaded TP AndroidTargetPlatform
[2019.01.26-15.40.55:451][  0]LogTemp: Display: Loaded TP AndroidTargetPlatform
[2019.01.26-15.40.55:451][  0]LogTemp: Display: Loaded TP AndroidTargetPlatform
[2019.01.26-15.40.55:451][  0]LogTemp: Display: Loaded TP AndroidTargetPlatform
[2019.01.26-15.40.55:452][  0]LogTemp: Display: Loaded TP AndroidTargetPlatform
[2019.01.26-15.40.55:452][  0]LogTemp: Display: Loaded TP AndroidTargetPlatform
[2019.01.26-15.40.55:452][  0]LogTemp: Display: Loaded TP AndroidTargetPlatform
[2019.01.26-15.40.55:452][  0]LogTemp: Display: Loaded TP AndroidTargetPlatform
[2019.01.26-15.40.55:456][  0]LogTemp: Display: Loaded TP HTML5TargetPlatform
[2019.01.26-15.40.55:533][  0]LogTemp: Display: Loaded TP IOSTargetPlatform
[2019.01.26-15.40.55:533][  0]LogTemp: Display: Loaded TP IOSTargetPlatform
[2019.01.26-15.40.55:567][  0]LogTemp: Display: Loaded TP TVOSTargetPlatform
[2019.01.26-15.40.55:567][  0]LogTemp: Display: Loaded TP TVOSTargetPlatform
[2019.01.26-15.40.55:586][  0]LogTemp: Display: Loaded TP LinuxClientTargetPlatform
[2019.01.26-15.40.55:611][  0]LogTemp: Display: Loaded TP LinuxNoEditorTargetPlatform
[2019.01.26-15.40.55:629][  0]LogTemp: Display: Loaded TP LinuxServerTargetPlatform
[2019.01.26-15.40.55:649][  0]LogTemp: Display: Loaded TP LinuxTargetPlatform
[2019.01.26-15.40.55:662][  0]LogTemp: Display: Loaded TP LuminTargetPlatform
[2019.01.26-15.40.55:663][  0]LogTargetPlatformManager: Display: Building Assets For Windows
[2019.01.26-15.40.55:831][  0]LogXGEController: Cleaning working directory: C:/Users/c013767h/AppData/Local/Temp/UnrealXGEWorkingDir/
[2019.01.26-15.40.55:832][  0]LogXGEController: Cannot use XGE Controller as Incredibuild is not installed on this machine.
[2019.01.26-15.40.55:832][  0]LogShaderCompilers: Cannot use XGE Shader Compiler as Incredibuild is not installed on this machine.
[2019.01.26-15.40.55:832][  0]LogShaderCompilers: Display: Using Local Shader Compiler.
[2019.01.26-15.40.56:893][  0]LogDerivedDataCache: Display: Max Cache Size: 512 MB
[2019.01.26-15.40.57:014][  0]LogDerivedDataCache: Loaded boot cache 0.12s 73MB C:/Users/c013767h/AppData/Local/UnrealEngine/4.20/DerivedDataCache/Boot.ddc.
[2019.01.26-15.40.57:017][  0]LogDerivedDataCache: Display: Loaded Boot cache: C:/Users/c013767h/AppData/Local/UnrealEngine/4.20/DerivedDataCache/Boot.ddc
[2019.01.26-15.40.57:018][  0]LogDerivedDataCache: FDerivedDataBackendGraph:  Pak pak cache file ../../../../../../Users/c013767h/Documents/GitHub/HomeIs/HomeIs/DerivedDataCache/DDC.ddp not found, will not use a pak cache.
[2019.01.26-15.40.57:018][  0]LogDerivedDataCache: Unable to find inner node Pak for hierarchical cache Hierarchy.
[2019.01.26-15.40.57:018][  0]LogDerivedDataCache: FDerivedDataBackendGraph:  CompressedPak pak cache file ../../../../../../Users/c013767h/Documents/GitHub/HomeIs/HomeIs/DerivedDataCache/Compressed.ddp not found, will not use a pak cache.
[2019.01.26-15.40.57:018][  0]LogDerivedDataCache: Unable to find inner node CompressedPak for hierarchical cache Hierarchy.
[2019.01.26-15.40.57:032][  0]LogDerivedDataCache: Display: Pak cache opened for reading ../../../Engine/DerivedDataCache/Compressed.ddp.
[2019.01.26-15.40.57:046][  0]LogDerivedDataCache: Using Local data cache path C:/Users/c013767h/AppData/Local/UnrealEngine/Common/DerivedDataCache: Writable
[2019.01.26-15.40.57:046][  0]LogDerivedDataCache: Shared data cache path not found in *engine.ini, will not use an Shared cache.
[2019.01.26-15.40.57:047][  0]LogDerivedDataCache: Unable to find inner node Shared for hierarchical cache Hierarchy.
[2019.01.26-15.40.57:081][  0]LogMaterial: Verifying Global Shaders for PCD3D_SM5
[2019.01.26-15.40.57:082][  0]LogSlate: Using FreeType 2.6.0
[2019.01.26-15.40.57:084][  0]LogSlate: SlateFontServices - WITH_FREETYPE: 1, WITH_HARFBUZZ: 1
[2019.01.26-15.40.57:171][  0]LogAssetRegistry: FAssetRegistry took 0.0296 seconds to start up
[2019.01.26-15.40.57:623][  0]LogInit: Selected Device Profile: [Windows]
[2019.01.26-15.40.57:824][  0]LogSimplygon: Simplygon DLL not present - disabling.
[2019.01.26-15.40.57:836][  0]LogMeshReduction: Using SimplygonSwarm for distributed automatic mesh merging
[2019.01.26-15.40.57:836][  0]LogMeshReduction: Using ProxyLODMeshReduction for automatic mesh merging
[2019.01.26-15.40.57:836][  0]LogMeshReduction: Using QuadricMeshReduction for automatic static mesh reduction
[2019.01.26-15.40.57:836][  0]LogMeshReduction: No automatic skeletal mesh reduction module available
[2019.01.26-15.40.57:863][  0]LogNetVersion: HomeIs 1.0.0, NetCL: 4212847, EngineNetVer: 5, GameNetVer: 0 (Checksum: 4178729889)
[2019.01.26-15.40.58:881][  0]LogPackageLocalizationCache: Processed 11 localized package path(s) for 2 prioritized culture(s) in 0.496443 seconds
[2019.01.26-15.40.58:888][  0]LogUObjectArray: 38425 objects as part of root set at end of initial load.
[2019.01.26-15.40.58:888][  0]LogUObjectAllocator: 6690864 out of 0 bytes used by permanent object pool.
[2019.01.26-15.40.58:888][  0]LogUObjectArray: CloseDisregardForGC: 0/0 objects in disregard for GC pool
[2019.01.26-15.41.00:131][  0]LogTcpMessaging: Initializing TcpMessaging bridge
[2019.01.26-15.41.00:150][  0]LogUdpMessaging: Initializing bridge on interface 0.0.0.0:0 to multicast group 230.0.0.1:6666.
[2019.01.26-15.41.00:644][  0]SourceControl: Source control is disabled
[2019.01.26-15.41.00:645][  0]SourceControl: Source control is disabled
[2019.01.26-15.41.00:650][  0]SourceControl: Source control is disabled
[2019.01.26-15.41.00:653][  0]SourceControl: Source control is disabled
[2019.01.26-15.41.00:999][  0]LogAndroidPermission: UAndroidPermissionCallbackProxy::GetInstance
[2019.01.26-15.41.01:102][  0]LogOcInput: OculusInput pre-init called
[2019.01.26-15.41.01:180][  0]LogEngine: Initializing Engine...
[2019.01.26-15.41.01:181][  0]LogHMD: Failed to initialize OpenVR with code 110
[2019.01.26-15.41.01:183][  0]LogStats: UGameplayTagsManager::ConstructGameplayTagTree: ImportINI prefixes -  0.000 s
[2019.01.26-15.41.01:183][  0]LogStats: UGameplayTagsManager::ConstructGameplayTagTree: Construct from data asset -  0.000 s
[2019.01.26-15.41.01:183][  0]LogStats: UGameplayTagsManager::ConstructGameplayTagTree: ImportINI -  0.000 s
[2019.01.26-15.41.01:183][  0]LogStats: UGameplayTagsManager::ConstructGameplayTagTree: GameplayTagTreeChangedEvent.Broadcast -  0.000 s
[2019.01.26-15.41.01:422][  0]LogInit: Initializing FReadOnlyCVARCache
[2019.01.26-15.41.01:450][  0]LogAIModule: Creating AISystem for world Untitled
[2019.01.26-15.41.01:469][  0]LogInit: XAudio2 using 'Speakers (Realtek High Definition Audio)' : 2 channels at 48 kHz using 32 bits per sample (channel mask 0x3)
[2019.01.26-15.41.01:515][  0]LogInit: FAudioDevice initialized.
[2019.01.26-15.41.01:515][  0]LogNetVersion: Set ProjectVersion to 1.0.0.0. Version Checksum will be recalculated on next use.
[2019.01.26-15.41.01:617][  0]LogDerivedDataCache: Saved boot cache 0.10s 73MB C:/Users/c013767h/AppData/Local/UnrealEngine/4.20/DerivedDataCache/Boot.ddc.
[2019.01.26-15.41.01:638][  0]LogInit: Texture streaming: Enabled
[2019.01.26-15.41.01:675][  0]LogEngineSessionManager: EngineSessionManager initialized
[2019.01.26-15.41.01:693][  0]LogInit: Transaction tracking system initialized
[2019.01.26-15.41.01:750][  0]BlueprintLog: New page: Editor Load
[2019.01.26-15.41.01:985][  0]LocalizationService: Localization service is disabled
[2019.01.26-15.41.02:362][  0]LogCook: Display: Max memory allowance for cook 16384mb min free memory 0mb
[2019.01.26-15.41.02:363][  0]LogCook: Display: Mobile HDR setting 1
[2019.01.26-15.41.02:363][  0]LogGameplayTags: Display: UGameplayTagsManager::DoneAddingNativeTags. DelegateIsBound: 0
[2019.01.26-15.41.02:363][  0]LogStats: UGameplayTagsManager::ConstructGameplayTagTree: ImportINI prefixes -  0.000 s
[2019.01.26-15.41.02:363][  0]LogStats: UGameplayTagsManager::ConstructGameplayTagTree: Construct from data asset -  0.000 s
[2019.01.26-15.41.02:364][  0]LogStats: UGameplayTagsManager::ConstructGameplayTagTree: ImportINI -  0.000 s
[2019.01.26-15.41.02:364][  0]LogStats: UGameplayTagsManager::ConstructGameplayTagTree: GameplayTagTreeChangedEvent.Broadcast -  0.000 s
[2019.01.26-15.41.02:614][  0]LogFileCache: Scanning file cache for directory 'C:/Users/c013767h/Documents/GitHub/HomeIs/HomeIs/Content/' took 0.02s
[2019.01.26-15.41.02:614][  0]SourceControl: Source control is disabled
[2019.01.26-15.41.02:615][  0]Cmd: MAP LOAD FILE="../../../../../../Users/c013767h/Documents/GitHub/HomeIs/HomeIs/Content/FirstPersonCPP/Maps/FirstPersonExampleMap.umap" TEMPLATE=0 SHOWPROGRESS=1 FEATURELEVEL=3
[2019.01.26-15.41.02:616][  0]LightingResults: New page: Lighting Build
[2019.01.26-15.41.02:621][  0]MapCheck: New page: Map Check
[2019.01.26-15.41.02:621][  0]LightingResults: New page: Lighting Build
[2019.01.26-15.41.02:877][  0]LogAIModule: Creating AISystem for world FirstPersonExampleMap
[2019.01.26-15.41.02:892][  0]LogEditorServer: Finished looking for orphan Actors (0.000 secs)
[2019.01.26-15.41.02:921][  0]Cmd: MAP CHECKDEP NOCLEARLOG
[2019.01.26-15.41.03:153][  0]MapCheck: Map check complete: 0 Error(s), 0 Warning(s), took 231.192ms to complete.
[2019.01.26-15.41.03:153][  0]LogFileHelpers: Loading map 'FirstPersonExampleMap' took 0.539
[2019.01.26-15.41.03:276][  0]LogSlate: Updating window title bar state: overlay mode, drag disabled, window buttons hidden, title bar hidden
[2019.01.26-15.41.03:288][  0]LogSlate: Updating window title bar state: overlay mode, drag disabled, window buttons hidden, title bar hidden
[2019.01.26-15.41.03:295][  0]LogSlate: Updating window title bar state: overlay mode, drag disabled, window buttons hidden, title bar hidden
[2019.01.26-15.41.03:304][  0]LogSlate: Updating window title bar state: overlay mode, drag disabled, window buttons hidden, title bar hidden
[2019.01.26-15.41.03:318][  0]LogCollectionManager: Loaded 0 collections in 0.004199 seconds
[2019.01.26-15.41.03:375][  0]LogFileCache: Scanning file cache for directory 'C:/Users/c013767h/Documents/GitHub/HomeIs/HomeIs/Saved/Collections/' took 0.01s
[2019.01.26-15.41.03:375][  0]LogFileCache: Scanning file cache for directory 'C:/Users/c013767h/Documents/GitHub/HomeIs/HomeIs/Content/Developers/c013767h/Collections/' took 0.01s
[2019.01.26-15.41.03:375][  0]LogFileCache: Scanning file cache for directory 'C:/Users/c013767h/Documents/GitHub/HomeIs/HomeIs/Content/Collections/' took 0.01s
[2019.01.26-15.41.03:375][  0]LogCollectionManager: Rebuilt the GUID cache for 0 collections in 0.000001 seconds
[2019.01.26-15.41.03:392][  0]LogContentBrowser: Native class hierarchy populated in 0.0162 seconds. Added 2579 classes and 605 folders.
[2019.01.26-15.41.03:406][  0]LogContentBrowser: Native class hierarchy updated for 'WidgetCarousel' in 0.0010 seconds. Added 0 classes and 0 folders.
[2019.01.26-15.41.03:498][  0]LogContentBrowser: Native class hierarchy updated for 'AddContentDialog' in 0.0005 seconds. Added 0 classes and 0 folders.
[2019.01.26-15.41.03:509][  0]LogContentBrowser: Native class hierarchy updated for 'SceneOutliner' in 0.0006 seconds. Added 1 classes and 2 folders.
[2019.01.26-15.41.03:525][  0]LogSlate: Took 0.000321 seconds to synchronously load lazily loaded font '../../../Engine/Content/Slate/Fonts/Roboto-Regular.ttf' (155K)
[2019.01.26-15.41.03:528][  0]LogSlate: Took 0.000296 seconds to synchronously load lazily loaded font '../../../Engine/Content/Slate/Fonts/Roboto-Bold.ttf' (160K)
[2019.01.26-15.41.03:536][  0]LogSlate: Took 0.000238 seconds to synchronously load lazily loaded font '../../../Engine/Content/Editor/Slate/Fonts/FontAwesome.ttf' (139K)
[2019.01.26-15.41.03:536][  0]LogSlate: Took 0.000199 seconds to synchronously load lazily loaded font '../../../Engine/Content/Slate/Fonts/DroidSansMono.ttf' (77K)
[2019.01.26-15.41.03:645][  0]LogRenderer: Reallocating scene render targets to support 1208x576 Format 10 NumSamples 1 (Frame:1).
[2019.01.26-15.41.03:779][  0]LogContentBrowser: Native class hierarchy updated for 'HierarchicalLODOutliner' in 0.0005 seconds. Added 0 classes and 0 folders.
[2019.01.26-15.41.03:780][  0]LogLoad: (Engine Initialization) Total time: 14.07 seconds
[2019.01.26-15.41.03:780][  0]LogLoad: (Engine Initialization) Total Blueprint compile time: 0.00 seconds
[2019.01.26-15.41.03:791][  0]LogWindowsTextInputMethodSystem: Display: IME system now deactivated.
[2019.01.26-15.41.03:820][  0]LogContentStreaming: Texture pool size now 1000 MB
[2019.01.26-15.41.03:842][  1]LogAssetRegistry: Asset discovery search completed in 6.6955 seconds
[2019.01.26-15.41.03:844][  1]LogCollectionManager: Rebuilt the object cache for 0 collections in 0.000001 seconds (found 0 objects)
[2019.01.26-15.41.03:844][  1]LogCollectionManager: Fixed up redirectors for 0 collections in 0.000270 seconds (updated 0 objects)
[2019.01.26-15.41.07:652][450]LogSlate: FSceneViewport::OnFocusLost() reason 0
[2019.01.26-15.41.07:727][459]LogTemp: Repeating last play command: Selected Viewport
[2019.01.26-15.41.07:745][459]LogBlueprintUserMessages: Early PlayInEditor Detection: Level '/Game/FirstPersonCPP/Maps/FirstPersonExampleMap.FirstPersonExampleMap:PersistentLevel' has LevelScriptBlueprint '/Game/FirstPersonCPP/Maps/FirstPersonExampleMap.FirstPersonExampleMap:PersistentLevel.FirstPersonExampleMap' with GeneratedClass '/Game/FirstPersonCPP/Maps/FirstPersonExampleMap.FirstPersonExampleMap_C' with ClassGeneratedBy '/Game/FirstPersonCPP/Maps/FirstPersonExampleMap.FirstPersonExampleMap:PersistentLevel.FirstPersonExampleMap'
[2019.01.26-15.41.07:746][459]LogPlayLevel: PlayLevel: No blueprints needed recompiling
[2019.01.26-15.41.07:761][459]PIE: New page: PIE session: FirstPersonExampleMap (26 Jan 2019 15:41:07)
[2019.01.26-15.41.07:761][459]LogPlayLevel: Creating play world package: /Game/FirstPersonCPP/Maps/UEDPIE_0_FirstPersonExampleMap
[2019.01.26-15.41.07:797][459]LogPlayLevel: PIE: StaticDuplicateObject took: (0.035319s)
[2019.01.26-15.41.07:798][459]LogAIModule: Creating AISystem for world FirstPersonExampleMap
[2019.01.26-15.41.07:799][459]LogPlayLevel: PIE: World Init took: (0.001567s)
[2019.01.26-15.41.07:799][459]LogPlayLevel: PIE: Created PIE world by copying editor world from /Game/FirstPersonCPP/Maps/FirstPersonExampleMap.FirstPersonExampleMap to /Game/FirstPersonCPP/Maps/UEDPIE_0_FirstPersonExampleMap.FirstPersonExampleMap (0.038042s)
[2019.01.26-15.41.07:837][459]LogInit: XAudio2 using 'Speakers (Realtek High Definition Audio)' : 2 channels at 48 kHz using 32 bits per sample (channel mask 0x3)
[2019.01.26-15.41.07:854][459]LogInit: FAudioDevice initialized.
[2019.01.26-15.41.07:907][459]LogLoad: Game class is 'HomeIsGameMode'
[2019.01.26-15.41.07:911][459]LogWorld: Bringing World /Game/FirstPersonCPP/Maps/UEDPIE_0_FirstPersonExampleMap.FirstPersonExampleMap up for play (max tick rate 0) at 2019.01.26-15.41.07
[2019.01.26-15.41.07:912][459]LogWorld: Bringing up level for play took: 0.003402
[2019.01.26-15.41.07:954][459]LogContentBrowser: Native class hierarchy updated for 'MovieSceneCapture' in 0.0014 seconds. Added 10 classes and 0 folders.
[2019.01.26-15.41.07:957][459]PIE: Play in editor start time for /Game/FirstPersonCPP/Maps/UEDPIE_0_FirstPersonExampleMap -0.058
[2019.01.26-15.41.07:957][459]LogBlueprintUserMessages: Late PlayInEditor Detection: Level '/Game/FirstPersonCPP/Maps/FirstPersonExampleMap.FirstPersonExampleMap:PersistentLevel' has LevelScriptBlueprint '/Game/FirstPersonCPP/Maps/FirstPersonExampleMap.FirstPersonExampleMap:PersistentLevel.FirstPersonExampleMap' with GeneratedClass '/Game/FirstPersonCPP/Maps/FirstPersonExampleMap.FirstPersonExampleMap_C' with ClassGeneratedBy '/Game/FirstPersonCPP/Maps/FirstPersonExampleMap.FirstPersonExampleMap:PersistentLevel.FirstPersonExampleMap'
[2019.01.26-15.41.08:966][564]LogTemp: Warning: 1
[2019.01.26-15.41.08:966][564]LogTemp: Warning: 2CollisionCylinder
[2019.01.26-15.41.09:917][678]LogTemp: Warning: 1
[2019.01.26-15.41.09:917][678]LogTemp: Warning: 2CollisionCylinder
[2019.01.26-15.41.10:734][776]LogTemp: Warning: 1
[2019.01.26-15.41.10:735][776]LogTemp: Warning: 2CollisionCylinder
[2019.01.26-15.41.11:717][894]LogTemp: Warning: 1
[2019.01.26-15.41.11:717][894]LogTemp: Warning: 2CollisionCylinder
[2019.01.26-15.41.13:067][ 56]LogTemp: Warning: 1
[2019.01.26-15.41.13:068][ 56]LogTemp: Warning: 2CollisionCylinder
[2019.01.26-15.41.13:700][132]LogTemp: Warning: 1
[2019.01.26-15.41.13:700][132]LogTemp: Warning: 2CollisionCylinder
[2019.01.26-15.41.14:185][190]LogBlueprintUserMessages: Early EndPlayMap Detection: Level '/Game/FirstPersonCPP/Maps/FirstPersonExampleMap.FirstPersonExampleMap:PersistentLevel' has LevelScriptBlueprint '/Game/FirstPersonCPP/Maps/FirstPersonExampleMap.FirstPersonExampleMap:PersistentLevel.FirstPersonExampleMap' with GeneratedClass '/Game/FirstPersonCPP/Maps/FirstPersonExampleMap.FirstPersonExampleMap_C' with ClassGeneratedBy '/Game/FirstPersonCPP/Maps/FirstPersonExampleMap.FirstPersonExampleMap:PersistentLevel.FirstPersonExampleMap'
[2019.01.26-15.41.14:186][190]LogSlate: Updating window title bar state: overlay mode, drag disabled, window buttons hidden, title bar hidden
[2019.01.26-15.41.14:226][190]LogPlayLevel: Display: Shutting down PIE online subsystems
[2019.01.26-15.41.14:226][190]LogBlueprintUserMessages: Late EndPlayMap Detection: Level '/Game/FirstPersonCPP/Maps/FirstPersonExampleMap.FirstPersonExampleMap:PersistentLevel' has LevelScriptBlueprint '/Game/FirstPersonCPP/Maps/FirstPersonExampleMap.FirstPersonExampleMap:PersistentLevel.FirstPersonExampleMap' with GeneratedClass '/Game/FirstPersonCPP/Maps/FirstPersonExampleMap.FirstPersonExampleMap_C' with ClassGeneratedBy '/Game/FirstPersonCPP/Maps/FirstPersonExampleMap.FirstPersonExampleMap:PersistentLevel.FirstPersonExampleMap'
[2019.01.26-15.41.14:251][190]LogSlate: Updating window title bar state: overlay mode, drag disabled, window buttons hidden, title bar hidden
[2019.01.26-15.41.14:305][192]LogPlayLevel: Display: Destroying online subsystem :Context_1
[2019.01.26-15.41.16:707][461]LogEditorViewport: Clicking on Actor (LMB): FirstPersonCharacter_C (FirstPersonCharacter2)
[2019.01.26-15.41.19:709][774]LogSlate: FSceneViewport::OnFocusLost() reason 0
[2019.01.26-15.41.19:728][774]LogSlate: Took 0.000573 seconds to synchronously load lazily loaded font '../../../Engine/Content/Slate/Fonts/Roboto-Light.ttf' (167K)
[2019.01.26-15.41.19:746][775]LogActor: Warning: MyBarricade_C /Engine/Transient.World_0:PersistentLevel.MyBarricade_C_0 has natively added scene component(s), but none of them were set as the actor's RootComponent - picking one arbitrarily
[2019.01.26-15.41.23:230][189]LogSlate: Took 0.000279 seconds to synchronously load lazily loaded font '../../../Engine/Content/Slate/Fonts/Roboto-Italic.ttf' (157K)
[2019.01.26-15.41.54:662][782]LogSlate: Only BGRA pngs, bmps or icos are supported in by External Image Picker
[2019.01.26-15.41.54:751][783]LogTemp: Executing iPhonePackager certificates Engine -bundlename com.YourCompany.HomeIs
[2019.01.26-15.41.54:751][783]LogTemp: CWD: C:\Epic\UE4\UE_4.20\Engine\Binaries\DotNET\IOS
[2019.01.26-15.41.54:752][783]LogTemp: Initial Dir: C:\Epic\UE4\UE_4.20
[2019.01.26-15.41.54:752][783]LogTemp: Env CWD: C:\Epic\UE4\UE_4.20\Engine\Binaries\DotNET\IOS
[2019.01.26-15.41.54:752][783]LogTemp: BranchPath = D102-12/C/Epic/UE4/UE_4.20/Engine/Binaries --- GameBranchPath = D102-12/C/Epic/UE4/UE_4.20/Engine/Binaries
[2019.01.26-15.41.54:779][784]LogTemp: IPP ERROR: Could not find provision directory 'C:\Users\c013767h\AppData\Local/Apple Computer/MobileDevice/Provisioning Profiles/'.
[2019.01.26-15.42.57:419][772]LogSlate: Window 'Edit Profile' being destroyed
[2019.01.26-15.42.59:800][ 13]LogSlate: Window 'Project Settings' being destroyed
[2019.01.26-15.42.59:803][ 13]LogSlate: Window 'Project Settings' being destroyed
[2019.01.26-15.43.01:810][247]Candidate modules for hot reload:
[2019.01.26-15.43.01:810][247]  HomeIs
[2019.01.26-15.43.01:810][247]Launching UnrealBuildTool... [C:/Epic/UE4/UE_4.20/Engine/Binaries/DotNET/UnrealBuildTool.exe  -ModuleWithSuffix=HomeIs,9006 Win64 Development -TargetType=Editor -Project="../../../../../../Users/c013767h/Documents/GitHub/HomeIs/HomeIs/HomeIs.uproject" -canskiplink "C:/Users/c013767h/Documents/GitHub/HomeIs/HomeIs/HomeIs.uproject" ]
[2019.01.26-15.43.01:818][247]Warning: Starting HotReload took  0.0s.
[2019.01.26-15.43.11:951][446]CompilerResultsLog: New page: Compilation - 26 Jan 2019 15:43:11
[2019.01.26-15.43.11:951][446]CompilerResultsLog: Using 'git status' to determine working set for adaptive non-unity build.
[2019.01.26-15.43.11:951][446]CompilerResultsLog: Creating makefile for hot reloading HomeIsEditor (ini files are newer than UBTMakefile)
[2019.01.26-15.43.11:952][446]CompilerResultsLog: Compiling game modules for hot reload
[2019.01.26-15.43.11:952][446]CompilerResultsLog: Using Visual Studio 2017 14.14.26428 toolchain (C:\Program Files (x86)\Microsoft Visual Studio\2017\Professional\VC\Tools\MSVC\14.14.26428) and Windows 10.0.17134.0 SDK (C:\Program Files (x86)\Windows Kits\10).
[2019.01.26-15.43.11:952][446]CompilerResultsLog: Target is up to date
[2019.01.26-15.43.11:952][446]CompilerResultsLog: Total build time: 9.81 seconds (NoActionsToExecute executor: 0.00 seconds)
[2019.01.26-15.43.11:953][446]LogMainFrame: MainFrame: Module compiling took 10.150 seconds
[2019.01.26-15.43.11:990][446]LogContentBrowser: Native class hierarchy populated in 0.0119 seconds. Added 2580 classes and 607 folders.
[2019.01.26-15.43.11:991][446]Display: HotReload took 10.2s.
[2019.01.26-15.43.12:895][554]LogTemp: Repeating last play command: Selected Viewport
[2019.01.26-15.43.12:915][554]LogBlueprintUserMessages: Early PlayInEditor Detection: Level '/Game/FirstPersonCPP/Maps/FirstPersonExampleMap.FirstPersonExampleMap:PersistentLevel' has LevelScriptBlueprint '/Game/FirstPersonCPP/Maps/FirstPersonExampleMap.FirstPersonExampleMap:PersistentLevel.FirstPersonExampleMap' with GeneratedClass '/Game/FirstPersonCPP/Maps/FirstPersonExampleMap.FirstPersonExampleMap_C' with ClassGeneratedBy '/Game/FirstPersonCPP/Maps/FirstPersonExampleMap.FirstPersonExampleMap:PersistentLevel.FirstPersonExampleMap'
[2019.01.26-15.43.12:915][554]LogPlayLevel: PlayLevel: No blueprints needed recompiling
[2019.01.26-15.43.12:916][554]PIE: New page: PIE session: FirstPersonExampleMap (26 Jan 2019 15:43:12)
[2019.01.26-15.43.12:916][554]LogPlayLevel: Creating play world package: /Game/FirstPersonCPP/Maps/UEDPIE_0_FirstPersonExampleMap
[2019.01.26-15.43.12:932][554]LogPlayLevel: PIE: StaticDuplicateObject took: (0.015629s)
[2019.01.26-15.43.12:933][554]LogAIModule: Creating AISystem for world FirstPersonExampleMap
[2019.01.26-15.43.12:934][554]LogPlayLevel: PIE: World Init took: (0.001851s)
[2019.01.26-15.43.12:934][554]LogPlayLevel: PIE: Created PIE world by copying editor world from /Game/FirstPersonCPP/Maps/FirstPersonExampleMap.FirstPersonExampleMap to /Game/FirstPersonCPP/Maps/UEDPIE_0_FirstPersonExampleMap.FirstPersonExampleMap (0.018369s)
[2019.01.26-15.43.12:999][554]LogInit: XAudio2 using 'Speakers (Realtek High Definition Audio)' : 2 channels at 48 kHz using 32 bits per sample (channel mask 0x3)
[2019.01.26-15.43.13:016][554]LogInit: FAudioDevice initialized.
[2019.01.26-15.43.13:055][554]LogLoad: Game class is 'HomeIsGameMode'
[2019.01.26-15.43.13:058][554]LogWorld: Bringing World /Game/FirstPersonCPP/Maps/UEDPIE_0_FirstPersonExampleMap.FirstPersonExampleMap up for play (max tick rate 0) at 2019.01.26-15.43.13
[2019.01.26-15.43.13:059][554]LogWorld: Bringing up level for play took: 0.002431
[2019.01.26-15.43.13:072][554]PIE: Play in editor start time for /Game/FirstPersonCPP/Maps/UEDPIE_0_FirstPersonExampleMap 1.056
[2019.01.26-15.43.13:073][554]LogBlueprintUserMessages: Late PlayInEditor Detection: Level '/Game/FirstPersonCPP/Maps/FirstPersonExampleMap.FirstPersonExampleMap:PersistentLevel' has LevelScriptBlueprint '/Game/FirstPersonCPP/Maps/FirstPersonExampleMap.FirstPersonExampleMap:PersistentLevel.FirstPersonExampleMap' with GeneratedClass '/Game/FirstPersonCPP/Maps/FirstPersonExampleMap.FirstPersonExampleMap_C' with ClassGeneratedBy '/Game/FirstPersonCPP/Maps/FirstPersonExampleMap.FirstPersonExampleMap:PersistentLevel.FirstPersonExampleMap'
[2019.01.26-15.43.13:836][641]LogTemp: Warning: 1
[2019.01.26-15.43.13:836][641]LogTemp: Warning: 2raycastCollider
[2019.01.26-15.43.13:836][641]LogTemp: Warning: 3
[2019.01.26-15.43.14:353][703]LogTemp: Warning: 1
[2019.01.26-15.43.14:353][703]LogTemp: Warning: 2raycastCollider
[2019.01.26-15.43.14:353][703]LogTemp: Warning: 3
[2019.01.26-15.43.16:069][909]LogSlate: FSceneViewport::OnFocusLost() reason 0
[2019.01.26-15.43.25:211][  6]LogSlate: FSceneViewport::OnFocusLost() reason 2
[2019.01.26-15.43.29:021][463]LogTemp: Warning: 1
[2019.01.26-15.43.29:021][463]LogTemp: Warning: 2raycastCollider
[2019.01.26-15.43.29:021][463]LogTemp: Warning: 3
[2019.01.26-15.43.29:913][570]LogTemp: Warning: 1
[2019.01.26-15.43.29:913][570]LogTemp: Warning: 2raycastCollider
[2019.01.26-15.43.29:913][570]LogTemp: Warning: 3
[2019.01.26-15.43.30:080][590]LogTemp: Warning: 1
[2019.01.26-15.43.30:080][590]LogTemp: Warning: 2raycastCollider
[2019.01.26-15.43.30:081][590]LogTemp: Warning: 3
[2019.01.26-15.43.30:196][604]LogTemp: Warning: 1
[2019.01.26-15.43.30:197][604]LogTemp: Warning: 2raycastCollider
[2019.01.26-15.43.30:197][604]LogTemp: Warning: 3
[2019.01.26-15.43.30:197][604]LogTemp: Warning: BROKE
[2019.01.26-15.43.30:438][633]LogTemp: Warning: 1
[2019.01.26-15.43.31:013][702]LogTemp: Warning: 1
[2019.01.26-15.43.31:163][720]LogTemp: Warning: 1
[2019.01.26-15.43.31:271][733]LogTemp: Warning: 1
[2019.01.26-15.43.31:521][763]LogTemp: Warning: 1
[2019.01.26-15.43.31:688][783]LogTemp: Warning: 1
[2019.01.26-15.43.31:880][806]LogTemp: Warning: 1
[2019.01.26-15.43.32:105][833]LogTemp: Warning: 1
[2019.01.26-15.43.32:296][856]LogTemp: Warning: 1
[2019.01.26-15.43.32:479][878]LogTemp: Warning: 1
[2019.01.26-15.43.32:730][908]LogTemp: Warning: 1
[2019.01.26-15.43.32:971][937]LogTemp: Warning: 1
[2019.01.26-15.43.33:147][958]LogTemp: Warning: 1
[2019.01.26-15.43.33:321][979]LogTemp: Warning: 1
[2019.01.26-15.43.33:722][ 27]LogTemp: Warning: 1
[2019.01.26-15.43.35:497][240]LogTemp: Warning: 1
[2019.01.26-15.43.35:664][260]LogTemp: Warning: 1
[2019.01.26-15.43.35:814][278]LogTemp: Warning: 1
[2019.01.26-15.43.35:946][294]LogTemp: Warning: 1
[2019.01.26-15.43.36:230][328]LogTemp: Warning: 1
[2019.01.26-15.43.36:488][359]LogTemp: Warning: 1
[2019.01.26-15.43.38:414][590]LogBlueprintUserMessages: Early EndPlayMap Detection: Level '/Game/FirstPersonCPP/Maps/FirstPersonExampleMap.FirstPersonExampleMap:PersistentLevel' has LevelScriptBlueprint '/Game/FirstPersonCPP/Maps/FirstPersonExampleMap.FirstPersonExampleMap:PersistentLevel.FirstPersonExampleMap' with GeneratedClass '/Game/FirstPersonCPP/Maps/FirstPersonExampleMap.FirstPersonExampleMap_C' with ClassGeneratedBy '/Game/FirstPersonCPP/Maps/FirstPersonExampleMap.FirstPersonExampleMap:PersistentLevel.FirstPersonExampleMap'
[2019.01.26-15.43.38:415][590]LogSlate: Updating window title bar state: overlay mode, drag disabled, window buttons hidden, title bar hidden
[2019.01.26-15.43.38:452][590]LogPlayLevel: Display: Shutting down PIE online subsystems
[2019.01.26-15.43.38:452][590]LogBlueprintUserMessages: Late EndPlayMap Detection: Level '/Game/FirstPersonCPP/Maps/FirstPersonExampleMap.FirstPersonExampleMap:PersistentLevel' has LevelScriptBlueprint '/Game/FirstPersonCPP/Maps/FirstPersonExampleMap.FirstPersonExampleMap:PersistentLevel.FirstPersonExampleMap' with GeneratedClass '/Game/FirstPersonCPP/Maps/FirstPersonExampleMap.FirstPersonExampleMap_C' with ClassGeneratedBy '/Game/FirstPersonCPP/Maps/FirstPersonExampleMap.FirstPersonExampleMap:PersistentLevel.FirstPersonExampleMap'
[2019.01.26-15.43.38:486][590]LogSlate: Updating window title bar state: overlay mode, drag disabled, window buttons hidden, title bar hidden
[2019.01.26-15.43.38:524][592]LogPlayLevel: Display: Destroying online subsystem :Context_4
[2019.01.26-15.43.39:367][693]LogSlate: FSceneViewport::OnFocusLost() reason 0
[2019.01.26-15.43.39:850][751]LogTemp: Repeating last play command: Selected Viewport
[2019.01.26-15.43.39:872][751]LogBlueprintUserMessages: Early PlayInEditor Detection: Level '/Game/FirstPersonCPP/Maps/FirstPersonExampleMap.FirstPersonExampleMap:PersistentLevel' has LevelScriptBlueprint '/Game/FirstPersonCPP/Maps/FirstPersonExampleMap.FirstPersonExampleMap:PersistentLevel.FirstPersonExampleMap' with GeneratedClass '/Game/FirstPersonCPP/Maps/FirstPersonExampleMap.FirstPersonExampleMap_C' with ClassGeneratedBy '/Game/FirstPersonCPP/Maps/FirstPersonExampleMap.FirstPersonExampleMap:PersistentLevel.FirstPersonExampleMap'
[2019.01.26-15.43.39:872][751]LogPlayLevel: PlayLevel: No blueprints needed recompiling
[2019.01.26-15.43.39:873][751]PIE: New page: PIE session: FirstPersonExampleMap (26 Jan 2019 15:43:39)
[2019.01.26-15.43.39:873][751]LogPlayLevel: Creating play world package: /Game/FirstPersonCPP/Maps/UEDPIE_0_FirstPersonExampleMap
[2019.01.26-15.43.39:890][751]LogPlayLevel: PIE: StaticDuplicateObject took: (0.016692s)
[2019.01.26-15.43.39:891][751]LogAIModule: Creating AISystem for world FirstPersonExampleMap
[2019.01.26-15.43.39:892][751]LogPlayLevel: PIE: World Init took: (0.001338s)
[2019.01.26-15.43.39:892][751]LogPlayLevel: PIE: Created PIE world by copying editor world from /Game/FirstPersonCPP/Maps/FirstPersonExampleMap.FirstPersonExampleMap to /Game/FirstPersonCPP/Maps/UEDPIE_0_FirstPersonExampleMap.FirstPersonExampleMap (0.018818s)
[2019.01.26-15.43.39:923][751]LogInit: XAudio2 using 'Speakers (Realtek High Definition Audio)' : 2 channels at 48 kHz using 32 bits per sample (channel mask 0x3)
[2019.01.26-15.43.39:940][751]LogInit: FAudioDevice initialized.
[2019.01.26-15.43.39:979][751]LogLoad: Game class is 'HomeIsGameMode'
[2019.01.26-15.43.39:982][751]LogWorld: Bringing World /Game/FirstPersonCPP/Maps/UEDPIE_0_FirstPersonExampleMap.FirstPersonExampleMap up for play (max tick rate 0) at 2019.01.26-15.43.39
[2019.01.26-15.43.39:983][751]LogWorld: Bringing up level for play took: 0.002844
[2019.01.26-15.43.39:999][751]PIE: Play in editor start time for /Game/FirstPersonCPP/Maps/UEDPIE_0_FirstPersonExampleMap -0.018
[2019.01.26-15.43.39:999][751]LogBlueprintUserMessages: Late PlayInEditor Detection: Level '/Game/FirstPersonCPP/Maps/FirstPersonExampleMap.FirstPersonExampleMap:PersistentLevel' has LevelScriptBlueprint '/Game/FirstPersonCPP/Maps/FirstPersonExampleMap.FirstPersonExampleMap:PersistentLevel.FirstPersonExampleMap' with GeneratedClass '/Game/FirstPersonCPP/Maps/FirstPersonExampleMap.FirstPersonExampleMap_C' with ClassGeneratedBy '/Game/FirstPersonCPP/Maps/FirstPersonExampleMap.FirstPersonExampleMap:PersistentLevel.FirstPersonExampleMap'
[2019.01.26-15.43.42:138][  1]LogTemp: Warning: 1
[2019.01.26-15.43.42:138][  1]LogTemp: Warning: 2raycastCollider
[2019.01.26-15.43.42:138][  1]LogTemp: Warning: 3
[2019.01.26-15.43.42:396][ 32]LogTemp: Warning: 1
[2019.01.26-15.43.42:396][ 32]LogTemp: Warning: 2raycastCollider
[2019.01.26-15.43.42:396][ 32]LogTemp: Warning: 3
[2019.01.26-15.43.42:530][ 48]LogTemp: Warning: 1
[2019.01.26-15.43.42:530][ 48]LogTemp: Warning: 2raycastCollider
[2019.01.26-15.43.42:530][ 48]LogTemp: Warning: 3
[2019.01.26-15.43.42:637][ 61]LogTemp: Warning: 1
[2019.01.26-15.43.42:637][ 61]LogTemp: Warning: 2raycastCollider
[2019.01.26-15.43.42:638][ 61]LogTemp: Warning: 3
[2019.01.26-15.43.42:813][ 82]LogTemp: Warning: 1
[2019.01.26-15.43.42:813][ 82]LogTemp: Warning: 2raycastCollider
[2019.01.26-15.43.42:813][ 82]LogTemp: Warning: 3
[2019.01.26-15.43.43:038][109]LogTemp: Warning: 1
[2019.01.26-15.43.43:171][125]LogTemp: Warning: 1
[2019.01.26-15.43.43:363][148]LogTemp: Warning: 1
[2019.01.26-15.43.43:496][164]LogTemp: Warning: 1
[2019.01.26-15.43.43:497][164]LogTemp: Warning: 2raycastCollider
[2019.01.26-15.43.43:497][164]LogTemp: Warning: 3
[2019.01.26-15.43.43:497][164]LogTemp: Warning: BROKE
[2019.01.26-15.43.43:621][179]LogTemp: Warning: 1
[2019.01.26-15.43.43:971][221]LogTemp: Warning: 1
[2019.01.26-15.43.44:129][240]LogTemp: Warning: 1
[2019.01.26-15.43.44:363][268]LogTemp: Warning: 1
[2019.01.26-15.43.44:454][279]LogTemp: Warning: 1
[2019.01.26-15.43.44:738][313]LogTemp: Warning: 1
[2019.01.26-15.43.45:080][354]LogTemp: Warning: 1
[2019.01.26-15.43.45:263][376]LogTemp: Warning: 1
[2019.01.26-15.43.45:447][398]LogTemp: Warning: 1
[2019.01.26-15.43.45:905][453]LogTemp: Warning: 1
[2019.01.26-15.43.46:087][475]LogTemp: Warning: 1
[2019.01.26-15.43.46:530][528]LogTemp: Warning: 1
[2019.01.26-15.43.46:697][548]LogTemp: Warning: 1
[2019.01.26-15.43.46:871][569]LogTemp: Warning: 1
[2019.01.26-15.43.47:105][597]LogTemp: Warning: 1
[2019.01.26-15.43.47:280][618]LogTemp: Warning: 1
[2019.01.26-15.43.47:422][635]LogTemp: Warning: 1
[2019.01.26-15.43.47:664][664]LogTemp: Warning: 1
[2019.01.26-15.43.48:321][743]LogTemp: Warning: 1
[2019.01.26-15.43.48:730][792]LogTemp: Warning: 1
[2019.01.26-15.43.48:897][812]LogTemp: Warning: 1
[2019.01.26-15.43.51:563][132]LogTemp: Warning: 1
[2019.01.26-15.43.52:055][191]LogTemp: Warning: 1
[2019.01.26-15.43.52:939][297]LogTemp: Warning: 1
[2019.01.26-15.43.53:080][314]LogTemp: Warning: 1
[2019.01.26-15.43.54:656][503]LogBlueprintUserMessages: Early EndPlayMap Detection: Level '/Game/FirstPersonCPP/Maps/FirstPersonExampleMap.FirstPersonExampleMap:PersistentLevel' has LevelScriptBlueprint '/Game/FirstPersonCPP/Maps/FirstPersonExampleMap.FirstPersonExampleMap:PersistentLevel.FirstPersonExampleMap' with GeneratedClass '/Game/FirstPersonCPP/Maps/FirstPersonExampleMap.FirstPersonExampleMap_C' with ClassGeneratedBy '/Game/FirstPersonCPP/Maps/FirstPersonExampleMap.FirstPersonExampleMap:PersistentLevel.FirstPersonExampleMap'
[2019.01.26-15.43.54:657][503]LogSlate: Updating window title bar state: overlay mode, drag disabled, window buttons hidden, title bar hidden
[2019.01.26-15.43.54:697][503]LogPlayLevel: Display: Shutting down PIE online subsystems
[2019.01.26-15.43.54:697][503]LogBlueprintUserMessages: Late EndPlayMap Detection: Level '/Game/FirstPersonCPP/Maps/FirstPersonExampleMap.FirstPersonExampleMap:PersistentLevel' has LevelScriptBlueprint '/Game/FirstPersonCPP/Maps/FirstPersonExampleMap.FirstPersonExampleMap:PersistentLevel.FirstPersonExampleMap' with GeneratedClass '/Game/FirstPersonCPP/Maps/FirstPersonExampleMap.FirstPersonExampleMap_C' with ClassGeneratedBy '/Game/FirstPersonCPP/Maps/FirstPersonExampleMap.FirstPersonExampleMap:PersistentLevel.FirstPersonExampleMap'
[2019.01.26-15.43.54:730][503]LogSlate: Updating window title bar state: overlay mode, drag disabled, window buttons hidden, title bar hidden
[2019.01.26-15.43.54:777][505]LogPlayLevel: Display: Destroying online subsystem :Context_5
[2019.01.26-15.44.16:959][164]LogEditorViewport: Clicking on Actor (LMB): StaticMeshActor (BigWall2)
[2019.01.26-15.44.20:248][538]LogSlate: FSceneViewport::OnFocusLost() reason 0
[2019.01.26-15.44.26:390][269]LogSlate: Took 0.000299 seconds to synchronously load lazily loaded font '../../../Engine/Content/Slate/Fonts/Roboto-Light.ttf' (167K)
[2019.01.26-15.44.26:442][269]LogSlate: Took 0.000411 seconds to synchronously load lazily loaded font '../../../Engine/Content/Slate/Fonts/Roboto-BoldCondensed.ttf' (158K)
[2019.01.26-15.44.53:788][484]Running C:/Epic/UE4/UE_4.20/Engine/Binaries/DotNET/UnrealBuildTool.exe Win64 Development -TargetType=Editor -Project="C:/Users/c013767h/Documents/GitHub/HomeIs/HomeIs/HomeIs.uproject" -invalidatemakefilesonly
[2019.01.26-15.44.55:209][484]Invalidating makefiles only in this run.
[2019.01.26-15.44.55:333][484]Candidate modules for hot reload:
[2019.01.26-15.44.55:333][484]  HomeIs
[2019.01.26-15.44.55:333][484]Launching UnrealBuildTool... [C:/Epic/UE4/UE_4.20/Engine/Binaries/DotNET/UnrealBuildTool.exe  -ModuleWithSuffix=HomeIs,5688 Win64 Development -TargetType=Editor -Project="../../../../../../Users/c013767h/Documents/GitHub/HomeIs/HomeIs/HomeIs.uproject" -canskiplink "C:/Users/c013767h/Documents/GitHub/HomeIs/HomeIs/HomeIs.uproject" ]
[2019.01.26-15.45.19:526][484]CompilerResultsLog: New page: Compilation - 26 Jan 2019 15:45:19
[2019.01.26-15.45.19:527][484]CompilerResultsLog: Using 'git status' to determine working set for adaptive non-unity build.
[2019.01.26-15.45.19:527][484]CompilerResultsLog: Creating makefile for hot reloading HomeIsEditor (no existing makefile)
[2019.01.26-15.45.19:527][484]CompilerResultsLog: Compiling game modules for hot reload
[2019.01.26-15.45.19:528][484]CompilerResultsLog: Using Visual Studio 2017 14.14.26428 toolchain (C:\Program Files (x86)\Microsoft Visual Studio\2017\Professional\VC\Tools\MSVC\14.14.26428) and Windows 10.0.17134.0 SDK (C:\Program Files (x86)\Windows Kits\10).
[2019.01.26-15.45.19:528][484]CompilerResultsLog: Parsing headers for HomeIsEditor
[2019.01.26-15.45.19:529][484]CompilerResultsLog:   Running UnrealHeaderTool "C:\Users\c013767h\Documents\GitHub\HomeIs\HomeIs\HomeIs.uproject" "C:\Users\c013767h\Documents\GitHub\HomeIs\HomeIs\Intermediate\Build\Win64\HomeIsEditor\Development\HomeIsEditor.uhtmanifest" -LogCmds="loginit warning, logexit warning, logdatabase error" -Unattended -WarningsAsErrors -installed
[2019.01.26-15.45.19:529][484]CompilerResultsLog: Reflection code generated for HomeIsEditor in 12.9642236 seconds
[2019.01.26-15.45.19:530][484]CompilerResultsLog: Building 5 actions with 8 processes...
[2019.01.26-15.45.19:530][484]CompilerResultsLog:   [1/5] HomeIs.init.gen.cpp
[2019.01.26-15.45.19:530][484]CompilerResultsLog:   [2/5] IInteractable.cpp
[2019.01.26-15.45.19:530][484]CompilerResultsLog:   [3/5] IInteractable.gen.cpp
[2019.01.26-15.45.19:530][484]CompilerResultsLog:   [4/5] UE4Editor-HomeIs-5688.lib
[2019.01.26-15.45.19:531][484]CompilerResultsLog:      Creating library C:\Users\c013767h\Documents\GitHub\HomeIs\HomeIs\Intermediate\Build\Win64\UE4Editor\Development\HomeIs\UE4Editor-HomeIs-5688.lib and object C:\Users\c013767h\Documents\GitHub\HomeIs\HomeIs\Intermediate\Build\Win64\UE4Editor\Development\HomeIs\UE4Editor-HomeIs-5688.exp
[2019.01.26-15.45.19:532][484]CompilerResultsLog:   [5/5] UE4Editor-HomeIs-5688.dll
[2019.01.26-15.45.19:532][484]CompilerResultsLog:      Creating library C:\Users\c013767h\Documents\GitHub\HomeIs\HomeIs\Intermediate\Build\Win64\UE4Editor\Development\HomeIs\UE4Editor-HomeIs-5688.suppressed.lib and object C:\Users\c013767h\Documents\GitHub\HomeIs\HomeIs\Intermediate\Build\Win64\UE4Editor\Development\HomeIs\UE4Editor-HomeIs-5688.suppressed.exp
[2019.01.26-15.45.19:533][484]CompilerResultsLog: Total build time: 23.88 seconds (Parallel executor: 2.13 seconds)
[2019.01.26-15.45.19:534][484]LogMainFrame: MainFrame: Module compiling took 24.208 seconds
[2019.01.26-15.45.19:603][484]LogClass: Could not find existing class IInteractable in package /Script/HomeIs for HotReload, assuming new class
[2019.01.26-15.45.19:604][484]LogClass: Type HotReload.
[2019.01.26-15.45.19:611][484]LogContentBrowser: Native class hierarchy updated for 'HomeIs' in 0.0008 seconds. Added 8 classes and 2 folders.
[2019.01.26-15.45.19:615][484]Display: HotReload successful (1 functions remapped  0 scriptstructs remapped)
[2019.01.26-15.45.19:765][484]LogContentBrowser: Native class hierarchy populated in 0.0108 seconds. Added 2581 classes and 607 folders.
[2019.01.26-15.45.19:765][484]Display: HotReload took 24.4s.
[2019.01.26-15.45.19:766][484]Warning: HotReload operation took 24.4s.
[2019.01.26-15.45.20:449][484]LogVSAccessor: Warning: Couldn't goto line number '1' in 'C:/Users/c013767h/Documents/GitHub/HomeIs/HomeIs/Source/HomeIs/IInteractable.cpp'
[2019.01.26-15.45.20:459][484]LogSlate: Window 'Add C++ Class' being destroyed
[2019.01.26-15.45.20:474][484]LogHotReload: New module detected: UE4Editor-HomeIs-5688.dll
[2019.01.26-15.45.20:520][485]LogHotReload: Starting Hot-Reload from IDE
[2019.01.26-15.45.20:579][485]LogContentBrowser: Native class hierarchy updated for 'HomeIs' in 0.0006 seconds. Added 8 classes and 2 folders.
[2019.01.26-15.45.20:583][485]Display: HotReload successful (0 functions remapped  0 scriptstructs remapped)
[2019.01.26-15.45.20:625][485]LogContentBrowser: Native class hierarchy populated in 0.0104 seconds. Added 2581 classes and 607 folders.
[2019.01.26-15.45.20:632][485]Display: HotReload took  0.1s.
[2019.01.26-15.46.31:554][700]LogEditorViewport: Clicking on Actor (context menu): StaticMeshActor (Floor)
[2019.01.26-15.46.31:616][700]LogSlate: FSceneViewport::OnFocusLost() reason 2
[2019.01.26-15.46.32:606][813]LogEditorViewport: Clicking on Actor (LMB): StaticMeshActor (Floor)
[2019.01.26-15.57.56:388][402]LogSlate: FSceneViewport::OnFocusLost() reason 0
[2019.01.26-15.57.56:616][414]LogSlate: Window 'HomeIs - Unreal Editor' being destroyed
[2019.01.26-15.57.56:836][415]Cmd: QUIT_EDITOR
[2019.01.26-15.57.57:572][415]LogWindowsTextInputMethodSystem: Display: IME system now deactivated.
[2019.01.26-15.57.57:589][415]LogExit: Preparing to exit.
[2019.01.26-15.57.58:260][415]LogExit: Editor shut down
[2019.01.26-15.57.58:260][415]LogExit: Transaction tracking system shut down
[2019.01.26-15.57.58:915][415]LogExit: Object subsystem successfully closed.
[2019.01.26-15.57.58:946][415]LogShaderCompilers: Display: Shaders left to compile 0
[2019.01.26-15.57.58:950][415]LogD3D11RHI: Shutdown
[2019.01.26-15.57.58:950][415]LogD3D11RHI: CleanupD3DDevice
[2019.01.26-15.57.58:952][415]LogD3D11RHI: ~FD3D11DynamicRHI
[2019.01.26-15.57.58:993][415]LogModuleManager: Shutting down and abandoning module HomeIs (620)
[2019.01.26-15.57.58:993][415]LogModuleManager: Shutting down and abandoning module ExternalImagePicker (618)
[2019.01.26-15.57.58:993][415]LogModuleManager: Shutting down and abandoning module MovieSceneCapture (616)
[2019.01.26-15.57.58:993][415]LogModuleManager: Shutting down and abandoning module Voice (614)
[2019.01.26-15.57.58:993][415]LogModuleManager: Shutting down and abandoning module HierarchicalLODOutliner (612)
[2019.01.26-15.57.58:993][415]LogModuleManager: Shutting down and abandoning module SceneOutliner (610)
[2019.01.26-15.57.58:993][415]LogModuleManager: Shutting down and abandoning module AddContentDialog (608)
[2019.01.26-15.57.58:994][415]LogModuleManager: Shutting down and abandoning module WidgetCarousel (607)
[2019.01.26-15.57.58:994][415]LogModuleManager: Shutting down and abandoning module EditorWidgets (604)
[2019.01.26-15.57.58:994][415]LogModuleManager: Shutting down and abandoning module CollectionManager (602)
[2019.01.26-15.57.58:994][415]LogModuleManager: Shutting down and abandoning module StatsViewer (600)
[2019.01.26-15.57.58:994][415]LogModuleManager: Shutting down and abandoning module FoliageEdit (598)
[2019.01.26-15.57.58:994][415]LogModuleManager: Shutting down and abandoning module LandscapeEditor (596)
[2019.01.26-15.57.58:995][415]LogModuleManager: Shutting down and abandoning module MeshPaintMode (594)
[2019.01.26-15.57.58:995][415]LogModuleManager: Shutting down and abandoning module SceneDepthPickerMode (592)
[2019.01.26-15.57.58:995][415]LogModuleManager: Shutting down and abandoning module ActorPickerMode (590)
[2019.01.26-15.57.58:995][415]LogModuleManager: Shutting down and abandoning module GeometryMode (588)
[2019.01.26-15.57.58:995][415]LogModuleManager: Shutting down and abandoning module TextureAlignMode (586)
[2019.01.26-15.57.58:995][415]LogModuleManager: Shutting down and abandoning module BspMode (584)
[2019.01.26-15.57.58:995][415]LogModuleManager: Shutting down and abandoning module PIEPreviewDeviceProfileSelector (582)
[2019.01.26-15.57.58:995][415]LogModuleManager: Shutting down and abandoning module SequenceRecorderSections (580)
[2019.01.26-15.57.58:995][415]LogModuleManager: Shutting down and abandoning module AutomationWorker (578)
[2019.01.26-15.57.58:995][415]LogModuleManager: Shutting down and abandoning module AudioCaptureEditor (576)
[2019.01.26-15.57.58:995][415]LogModuleManager: Shutting down and abandoning module SequenceRecorder (575)
[2019.01.26-15.57.58:995][415]LogModuleManager: Shutting down and abandoning module MatineeToLevelSequence (572)
[2019.01.26-15.57.58:996][415]LogModuleManager: Shutting down and abandoning module LevelSequenceEditor (570)
[2019.01.26-15.57.58:996][415]LogModuleManager: Shutting down and abandoning module PlacementMode (569)
[2019.01.26-15.57.58:996][415]LogModuleManager: Shutting down and abandoning module MaterialEditor (568)
[2019.01.26-15.57.58:996][415]LogModuleManager: Shutting down and abandoning module WmfMediaFactory (564)
[2019.01.26-15.57.58:996][415]LogModuleManager: Shutting down and abandoning module WmfMediaEditor (562)
[2019.01.26-15.57.58:996][415]LogModuleManager: Shutting down and abandoning module MediaPlayerEditor (560)
[2019.01.26-15.57.58:996][415]LogModuleManager: Shutting down and abandoning module OpenExrWrapper (558)
[2019.01.26-15.57.58:996][415]LogModuleManager: Shutting down and abandoning module ImgMediaFactory (556)
[2019.01.26-15.57.58:996][415]LogModuleManager: Shutting down and abandoning module ImgMediaEditor (554)
[2019.01.26-15.57.58:996][415]LogModuleManager: Shutting down and abandoning module AvfMediaFactory (552)
[2019.01.26-15.57.58:996][415]LogModuleManager: Shutting down and abandoning module AvfMediaEditor (550)
[2019.01.26-15.57.58:996][415]LogModuleManager: Shutting down and abandoning module AndroidMediaFactory (548)
[2019.01.26-15.57.58:996][415]LogModuleManager: Shutting down and abandoning module AndroidMediaEditor (546)
[2019.01.26-15.57.58:997][415]LogModuleManager: Shutting down and abandoning module MagicLeapCameraPreviewFactory (544)
[2019.01.26-15.57.58:997][415]LogModuleManager: Shutting down and abandoning module MagicLeapMediaFactory (542)
[2019.01.26-15.57.58:997][415]LogModuleManager: Shutting down and abandoning module MagicLeapMediaEditor (540)
[2019.01.26-15.57.58:997][415]LogModuleManager: Shutting down and abandoning module CharacterAI (538)
[2019.01.26-15.57.58:997][415]LogModuleManager: Shutting down and abandoning module SmartSnapping (536)
[2019.01.26-15.57.58:997][415]LogModuleManager: Shutting down and abandoning module SessionServices (534)
[2019.01.26-15.57.58:997][415]LogModuleManager: Shutting down and abandoning module ViewportSnapping (532)
[2019.01.26-15.57.58:997][415]LogModuleManager: Shutting down and abandoning module ViewportInteraction (530)
[2019.01.26-15.57.58:997][415]LogModuleManager: Shutting down and abandoning module ClothPainter (528)
[2019.01.26-15.57.58:997][415]LogModuleManager: Shutting down and abandoning module SkeletalMeshEditor (527)
[2019.01.26-15.57.58:997][415]LogModuleManager: Shutting down and abandoning module LogVisualizer (524)
[2019.01.26-15.57.58:997][415]LogModuleManager: Shutting down and abandoning module IntroTutorials (522)
[2019.01.26-15.57.58:998][415]LogModuleManager: Shutting down and abandoning module GameProjectGeneration (521)
[2019.01.26-15.57.58:998][415]LogModuleManager: Shutting down and abandoning module LuminPlatformEditor (518)
[2019.01.26-15.57.58:998][415]LogModuleManager: Shutting down and abandoning module IOSPlatformEditor (516)
[2019.01.26-15.57.58:998][415]LogModuleManager: Shutting down and abandoning module HTML5PlatformEditor (514)
[2019.01.26-15.57.58:998][415]LogModuleManager: Shutting down and abandoning module AndroidPlatformEditor (512)
[2019.01.26-15.57.58:998][415]LogModuleManager: Shutting down and abandoning module AndroidDeviceDetection (511)
[2019.01.26-15.57.59:902][415]LogModuleManager: Shutting down and abandoning module WindowsPlatformEditor (508)
[2019.01.26-15.57.59:902][415]LogModuleManager: Shutting down and abandoning module LuminRuntimeSettings (506)
[2019.01.26-15.57.59:902][415]LogModuleManager: Shutting down and abandoning module IOSRuntimeSettings (504)
[2019.01.26-15.57.59:903][415]LogModuleManager: Shutting down and abandoning module AndroidRuntimeSettings (502)
[2019.01.26-15.57.59:904][415]LogModuleManager: Shutting down and abandoning module InputBindingEditor (500)
[2019.01.26-15.57.59:904][415]LogModuleManager: Shutting down and abandoning module MergeActors (498)
[2019.01.26-15.57.59:904][415]LogModuleManager: Shutting down and abandoning module LocalizationDashboard (496)
[2019.01.26-15.57.59:904][415]LogModuleManager: Shutting down and abandoning module LocalizationService (495)
[2019.01.26-15.57.59:905][415]LogModuleManager: Shutting down and abandoning module HardwareTargeting (492)
[2019.01.26-15.57.59:905][415]LogModuleManager: Shutting down and abandoning module DeviceProfileEditor (490)
[2019.01.26-15.57.59:905][415]LogModuleManager: Shutting down and abandoning module UndoHistory (488)
[2019.01.26-15.57.59:905][415]LogModuleManager: Shutting down and abandoning module XmlParser (486)
[2019.01.26-15.57.59:905][415]LogModuleManager: Shutting down and abandoning module Blutility (484)
[2019.01.26-15.57.59:905][415]LogModuleManager: Shutting down and abandoning module ProjectSettingsViewer (482)
[2019.01.26-15.57.59:906][415]LogModuleManager: Shutting down and abandoning module ProjectTargetPlatformEditor (481)
[2019.01.26-15.57.59:906][415]LogModuleManager: Shutting down and abandoning module EditorSettingsViewer (478)
[2019.01.26-15.57.59:906][415]LogModuleManager: Shutting down and abandoning module SettingsEditor (476)
[2019.01.26-15.57.59:906][415]LogModuleManager: Shutting down and abandoning module ProjectLauncher (474)
[2019.01.26-15.57.59:907][415]LogModuleManager: Shutting down and abandoning module SessionFrontend (472)
[2019.01.26-15.57.59:907][415]LogModuleManager: Shutting down and abandoning module ProfilerClient (470)
[2019.01.26-15.57.59:907][415]LogModuleManager: Shutting down and abandoning module DeviceManager (468)
[2019.01.26-15.57.59:907][415]LogModuleManager: Shutting down and abandoning module TargetDeviceServices (467)
[2019.01.26-15.57.59:973][415]LogModuleManager: Shutting down and abandoning module AutomationController (464)
[2019.01.26-15.57.59:973][415]LogModuleManager: Shutting down and abandoning module AutomationWindow (462)
[2019.01.26-15.57.59:973][415]LogModuleManager: Shutting down and abandoning module Layers (460)
[2019.01.26-15.57.59:973][415]LogModuleManager: Shutting down and abandoning module ComponentVisualizers (458)
[2019.01.26-15.57.59:973][415]LogModuleManager: Shutting down and abandoning module DetailCustomizations (456)
[2019.01.26-15.57.59:973][415]LogModuleManager: Shutting down and abandoning module PackagesDialog (454)
[2019.01.26-15.57.59:973][415]LogModuleManager: Shutting down and abandoning module Persona (452)
[2019.01.26-15.57.59:973][415]LogModuleManager: Shutting down and abandoning module AdvancedPreviewScene (451)
[2019.01.26-15.57.59:974][415]LogModuleManager: Shutting down and abandoning module AnimGraph (449)
[2019.01.26-15.57.59:974][415]LogModuleManager: Shutting down and abandoning module Kismet (446)
[2019.01.26-15.57.59:974][415]LogModuleManager: Shutting down and abandoning module GraphEditor (444)
[2019.01.26-15.57.59:974][415]LogModuleManager: Shutting down and abandoning module ClassViewer (442)
[2019.01.26-15.57.59:976][415]LogModuleManager: Shutting down and abandoning module Toolbox (440)
[2019.01.26-15.57.59:976][415]LogModuleManager: Shutting down and abandoning module DesktopPlatform (439)
[2019.01.26-15.57.59:976][415]LogModuleManager: Shutting down and abandoning module ModuleUI (436)
[2019.01.26-15.57.59:976][415]LogModuleManager: Shutting down and abandoning module MovieSceneTools (434)
[2019.01.26-15.57.59:976][415]LogModuleManager: Shutting down and abandoning module OutputLog (432)
[2019.01.26-15.57.59:976][415]LogModuleManager: Shutting down and abandoning module GammaUI (430)
[2019.01.26-15.57.59:976][415]LogModuleManager: Shutting down and abandoning module Documentation (428)
[2019.01.26-15.57.59:977][415]LogModuleManager: Shutting down and abandoning module MovieSceneTracks (426)
[2019.01.26-15.57.59:977][415]LogModuleManager: Shutting down and abandoning module MovieScene (424)
[2019.01.26-15.57.59:977][415]LogModuleManager: Shutting down and abandoning module StreamingPauseRendering (422)
[2019.01.26-15.57.59:977][415]LogModuleManager: Shutting down and abandoning module LauncherPlatform (420)
[2019.01.26-15.57.59:977][415]LogModuleManager: Shutting down and abandoning module AnalyticsET (418)
[2019.01.26-15.57.59:977][415]LogModuleManager: Shutting down and abandoning module PortalServices (416)
[2019.01.26-15.57.59:977][415]LogModuleManager: Shutting down and abandoning module PortalRpc (414)
[2019.01.26-15.57.59:977][415]LogModuleManager: Shutting down and abandoning module MessagingRpc (412)
[2019.01.26-15.57.59:977][415]LogModuleManager: Shutting down and abandoning module AIModule (410)
[2019.01.26-15.57.59:977][415]LogModuleManager: Shutting down and abandoning module GameplayDebugger (409)
[2019.01.26-15.57.59:977][415]LogModuleManager: Shutting down and abandoning module AITestSuite (407)
[2019.01.26-15.57.59:978][415]LogModuleManager: Shutting down and abandoning module NavigationSystem (405)
[2019.01.26-15.57.59:978][415]LogModuleManager: Shutting down and abandoning module ProfilerService (402)
[2019.01.26-15.58.00:111][415]LogModuleManager: Shutting down and abandoning module TaskGraph (400)
[2019.01.26-15.58.00:111][415]LogModuleManager: Shutting down and abandoning module SteamVRController (398)
[2019.01.26-15.58.00:111][415]LogModuleManager: Shutting down and abandoning module ProceduralMeshComponentEditor (396)
[2019.01.26-15.58.00:111][415]LogModuleManager: Shutting down and abandoning module ProceduralMeshComponent (394)
[2019.01.26-15.58.00:111][415]LogModuleManager: Shutting down and abandoning module OculusInput (392)
[2019.01.26-15.58.00:111][415]LogModuleManager: Shutting down and abandoning module MobilePatchingUtils (390)
[2019.01.26-15.58.00:111][415]LogModuleManager: Shutting down and abandoning module EditableMesh (388)
[2019.01.26-15.58.00:112][415]LogModuleManager: Shutting down and abandoning module CustomMeshComponent (386)
[2019.01.26-15.58.00:112][415]LogModuleManager: Shutting down and abandoning module CableComponent (384)
[2019.01.26-15.58.00:112][415]LogModuleManager: Shutting down and abandoning module AudioCapture (382)
[2019.01.26-15.58.00:112][415]LogModuleManager: Shutting down and abandoning module ArchVisCharacter (380)
[2019.01.26-15.58.00:112][415]LogModuleManager: Shutting down and abandoning module AndroidPermission (378)
[2019.01.26-15.58.00:112][415]LogModuleManager: Shutting down and abandoning module NUTUnrealEngine4 (376)
[2019.01.26-15.58.00:112][415]LogModuleManager: Shutting down and abandoning module NetcodeUnitTest (374)
[2019.01.26-15.58.00:112][415]LogModuleManager: Shutting down and abandoning module MediaCompositingEditor (372)
[2019.01.26-15.58.00:112][415]LogModuleManager: Shutting down and abandoning module MediaCompositing (370)
[2019.01.26-15.58.00:112][415]LogModuleManager: Shutting down and abandoning module LinearTimecode (368)
[2019.01.26-15.58.00:112][415]LogModuleManager: Shutting down and abandoning module ImgMedia (366)
[2019.01.26-15.58.00:121][415]LogModuleManager: Shutting down and abandoning module HTML5Networking (364)
[2019.01.26-15.58.00:121][415]LogModuleManager: Shutting down and abandoning module GeometryCacheTracks (362)
[2019.01.26-15.58.00:121][415]LogModuleManager: Shutting down and abandoning module GeometryCacheSequencer (360)
[2019.01.26-15.58.00:121][415]LogModuleManager: Shutting down and abandoning module BackChannel (358)
[2019.01.26-15.58.00:121][415]LogModuleManager: Shutting down and abandoning module AppleVision (356)
[2019.01.26-15.58.00:121][415]LogModuleManager: Shutting down and abandoning module AppleImageUtils (354)
[2019.01.26-15.58.00:121][415]LogModuleManager: Shutting down and abandoning module AlembicImporter (352)
[2019.01.26-15.58.00:121][415]LogModuleManager: Shutting down and abandoning module AlembicLibrary (351)
[2019.01.26-15.58.00:121][415]LogModuleManager: Shutting down and abandoning module GeometryCache (350)
[2019.01.26-15.58.00:121][415]LogModuleManager: Shutting down and abandoning module GeometryCacheEd (349)
[2019.01.26-15.58.00:121][415]LogModuleManager: Shutting down and abandoning module DatasmithContentEditor (344)
[2019.01.26-15.58.00:121][415]LogModuleManager: Shutting down and abandoning module DatasmithContent (342)
[2019.01.26-15.58.00:127][415]LogModuleManager: Shutting down and abandoning module SpeedTreeImporter (340)
[2019.01.26-15.58.00:127][415]LogModuleManager: Shutting down and abandoning module PluginBrowser (338)
[2019.01.26-15.58.00:128][415]LogModuleManager: Shutting down and abandoning module MobileLauncherProfileWizard (336)
[2019.01.26-15.58.00:128][415]LogModuleManager: Shutting down and abandoning module PolygonModeling (334)
[2019.01.26-15.58.00:128][415]LogModuleManager: Shutting down and abandoning module MeshEditor (332)
[2019.01.26-15.58.00:128][415]LogModuleManager: Shutting down and abandoning module CryptoKeysOpenSSL (330)
[2019.01.26-15.58.00:128][415]LogModuleManager: Shutting down and abandoning module CryptoKeys (328)
[2019.01.26-15.58.00:128][415]LogModuleManager: Shutting down and abandoning module VisualStudioSourceCodeAccess (326)
[2019.01.26-15.58.00:128][415]LogModuleManager: Shutting down and abandoning module VisualStudioCodeSourceCodeAccess (324)
[2019.01.26-15.58.00:128][415]LogModuleManager: Shutting down and abandoning module UObjectPlugin (322)
[2019.01.26-15.58.00:128][415]LogModuleManager: Shutting down and abandoning module SubversionSourceControl (320)
[2019.01.26-15.58.00:129][415]LogModuleManager: Shutting down and abandoning module PerforceSourceControl (318)
[2019.01.26-15.58.00:129][415]LogModuleManager: Shutting down and abandoning module GitSourceControl (316)
[2019.01.26-15.58.00:129][415]LogModuleManager: Shutting down and abandoning module SourceControl (315)
[2019.01.26-15.58.00:129][415]LogModuleManager: Shutting down and abandoning module CLionSourceCodeAccess (312)
[2019.01.26-15.58.00:129][415]LogModuleManager: Shutting down and abandoning module LightPropagationVolumeEditor (310)
[2019.01.26-15.58.00:129][415]LogModuleManager: Shutting down and abandoning module PaperTiledImporter (308)
[2019.01.26-15.58.00:129][415]LogModuleManager: Shutting down and abandoning module PaperSpriteSheetImporter (306)
[2019.01.26-15.58.00:129][415]LogModuleManager: Shutting down and abandoning module Paper2DEditor (304)
[2019.01.26-15.58.00:129][415]LogModuleManager: Shutting down and abandoning module MeshPaint (303)
[2019.01.26-15.58.00:130][415]LogModuleManager: Shutting down and abandoning module RuntimePhysXCooking (298)
[2019.01.26-15.58.00:130][415]LogModuleManager: Shutting down and abandoning module PhysXVehiclesEditor (296)
[2019.01.26-15.58.00:130][415]LogModuleManager: Shutting down and abandoning module PhysXVehicles (294)
[2019.01.26-15.58.00:130][415]LogModuleManager: Shutting down and abandoning module OculusEditor (292)
[2019.01.26-15.58.00:130][415]LogModuleManager: Shutting down and abandoning module LocationServicesBPLibrary (290)
[2019.01.26-15.58.00:130][415]LogModuleManager: Shutting down and abandoning module ImmediatePhysicsEditor (288)
[2019.01.26-15.58.00:130][415]LogModuleManager: Shutting down and abandoning module ImmediatePhysics (286)
[2019.01.26-15.58.00:130][415]LogModuleManager: Shutting down and abandoning module ActorSequence (284)
[2019.01.26-15.58.00:130][415]LogModuleManager: Shutting down and abandoning module UdpMessaging (282)
[2019.01.26-15.58.00:231][415]LogModuleManager: Shutting down and abandoning module TcpMessaging (280)
[2019.01.26-15.58.00:332][415]LogModuleManager: Shutting down and abandoning module MagicLeapAudio (278)
[2019.01.26-15.58.00:332][415]LogModuleManager: Shutting down and abandoning module GameplayTagsEditor (276)
[2019.01.26-15.58.00:332][415]LogModuleManager: Shutting down and abandoning module FacialAnimationEditor (274)
[2019.01.26-15.58.00:332][415]LogModuleManager: Shutting down and abandoning module FacialAnimation (272)
[2019.01.26-15.58.00:332][415]LogModuleManager: Shutting down and abandoning module DataValidation (270)
[2019.01.26-15.58.00:332][415]LogModuleManager: Shutting down and abandoning module AssetManagerEditor (268)
[2019.01.26-15.58.00:332][415]LogModuleManager: Shutting down and abandoning module LevelEditor (267)
[2019.01.26-15.58.00:333][415]LogModuleManager: Shutting down and abandoning module PixelInspectorModule (266)
[2019.01.26-15.58.00:333][415]LogModuleManager: Shutting down and abandoning module CommonMenuExtensions (264)
[2019.01.26-15.58.00:334][415]LogModuleManager: Shutting down and abandoning module MainFrame (262)
[2019.01.26-15.58.00:334][415]LogModuleManager: Shutting down and abandoning module HotReload (261)
[2019.01.26-15.58.00:335][415]LogModuleManager: Shutting down and abandoning module ContentBrowser (257)
[2019.01.26-15.58.00:336][415]LogModuleManager: Shutting down and abandoning module TreeMap (255)
[2019.01.26-15.58.00:336][415]LogModuleManager: Shutting down and abandoning module LightPropagationVolumeRuntime (252)
[2019.01.26-15.58.00:336][415]LogModuleManager: Shutting down and abandoning module AISupportModule (250)
[2019.01.26-15.58.00:337][415]LogModuleManager: Shutting down and abandoning module Paper2D (248)
[2019.01.26-15.58.00:337][415]LogModuleManager: Shutting down and abandoning module WindowsMoviePlayer (246)
[2019.01.26-15.58.00:337][415]LogModuleManager: Shutting down and abandoning module WmfMedia (244)
[2019.01.26-15.58.00:339][415]LogModuleManager: Shutting down and abandoning module Media (243)
[2019.01.26-15.58.00:347][415]LogModuleManager: Shutting down and abandoning module PacketHandler (240)
[2019.01.26-15.58.00:347][415]LogModuleManager: Shutting down and abandoning module ClothingSystemEditor (238)
[2019.01.26-15.58.00:347][415]LogModuleManager: Shutting down and abandoning module ClothingSystemRuntime (236)
[2019.01.26-15.58.00:347][415]LogModuleManager: Shutting down and abandoning module MediaAssets (234)
[2019.01.26-15.58.00:347][415]LogModuleManager: Shutting down and abandoning module Overlay (232)
[2019.01.26-15.58.00:347][415]LogModuleManager: Shutting down and abandoning module OverlayEditor (231)
[2019.01.26-15.58.00:347][415]LogModuleManager: Shutting down and abandoning module VREditor (228)
[2019.01.26-15.58.00:347][415]LogModuleManager: Shutting down and abandoning module StringTableEditor (226)
[2019.01.26-15.58.00:347][415]LogModuleManager: Shutting down and abandoning module GameplayTasksEditor (224)
[2019.01.26-15.58.00:348][415]LogModuleManager: Shutting down and abandoning module BehaviorTreeEditor (222)
[2019.01.26-15.58.00:348][415]LogModuleManager: Shutting down and abandoning module FunctionalTesting (220)
[2019.01.26-15.58.00:348][415]LogModuleManager: Shutting down and abandoning module CollisionAnalyzer (218)
[2019.01.26-15.58.00:348][415]LogModuleManager: Shutting down and abandoning module WorkspaceMenuStructure (217)
[2019.01.26-15.58.00:348][415]LogModuleManager: Shutting down and abandoning module UMG (214)
[2019.01.26-15.58.00:348][415]LogModuleManager: Shutting down and abandoning module UMGEditor (213)
[2019.01.26-15.58.00:348][415]LogModuleManager: Shutting down and abandoning module Sequencer (212)
[2019.01.26-15.58.00:349][415]LogModuleManager: Shutting down and abandoning module MessageLog (209)
[2019.01.26-15.58.00:349][415]LogModuleManager: Shutting down and abandoning module SlateReflector (204)
[2019.01.26-15.58.00:349][415]LogModuleManager: Shutting down and abandoning module Slate (202)
[2019.01.26-15.58.00:349][415]LogModuleManager: Shutting down and abandoning module EditorStyle (200)
[2019.01.26-15.58.00:351][415]LogModuleManager: Shutting down and abandoning module MRMesh (198)
[2019.01.26-15.58.00:351][415]LogModuleManager: Shutting down and abandoning module SourceCodeAccess (196)
[2019.01.26-15.58.00:351][415]LogModuleManager: Shutting down and abandoning module HeadMountedDisplay (194)
[2019.01.26-15.58.00:351][415]LogModuleManager: Shutting down and abandoning module XAudio2 (192)
[2019.01.26-15.58.00:351][415]LogModuleManager: Shutting down and abandoning module Networking (190)
[2019.01.26-15.58.00:351][415]LogModuleManager: Shutting down and abandoning module Core (188)
[2019.01.26-15.58.00:351][415]LogModuleManager: Shutting down and abandoning module LevelSequence (186)
[2019.01.26-15.58.00:351][415]LogModuleManager: Shutting down and abandoning module KismetCompiler (184)
[2019.01.26-15.58.00:352][415]LogModuleManager: Shutting down and abandoning module MeshUtilities (182)
[2019.01.26-15.58.00:352][415]LogModuleManager: Shutting down and abandoning module MeshMergeUtilities (181)
[2019.01.26-15.58.00:352][415]LogModuleManager: Shutting down and abandoning module MeshReductionInterface (180)
[2019.01.26-15.58.00:352][415]LogModuleManager: Shutting down and abandoning module SimplygonSwarm (179)
[2019.01.26-15.58.00:352][415]LogModuleManager: Shutting down and abandoning module ProxyLODMeshReduction (177)
[2019.01.26-15.58.00:352][415]LogModuleManager: Shutting down and abandoning module SimplygonMeshReduction (175)
[2019.01.26-15.58.00:352][415]LogModuleManager: Shutting down and abandoning module QuadricMeshReduction (173)
[2019.01.26-15.58.00:353][415]LogModuleManager: Shutting down and abandoning module MaterialBaking (169)
[2019.01.26-15.58.00:353][415]LogModuleManager: Shutting down and abandoning module DirectoryWatcher (165)
[2019.01.26-15.58.00:353][415]LogModuleManager: Shutting down and abandoning module DerivedDataCache (162)
[2019.01.26-15.58.00:419][415]LogDerivedDataCache: Shutdown
[2019.01.26-15.58.00:419][415]LogModuleManager: Shutting down and abandoning module XGEController (160)
[2019.01.26-15.58.00:419][415]LogXGEController: Cleaning working directory: C:/Users/c013767h/AppData/Local/Temp/UnrealXGEWorkingDir/
[2019.01.26-15.58.00:420][415]LogModuleManager: Shutting down and abandoning module TargetPlatform (158)
[2019.01.26-15.58.00:421][415]LogModuleManager: Shutting down and abandoning module VulkanShaderFormat (157)
[2019.01.26-15.58.00:421][415]LogModuleManager: Shutting down and abandoning module ShaderFormatVectorVM (155)
[2019.01.26-15.58.00:421][415]LogModuleManager: Shutting down and abandoning module ShaderFormatOpenGL (153)
[2019.01.26-15.58.00:422][415]LogModuleManager: Shutting down and abandoning module ShaderFormatD3D (151)
[2019.01.26-15.58.00:422][415]LogModuleManager: Shutting down and abandoning module MetalShaderFormat (149)
[2019.01.26-15.58.00:422][415]LogModuleManager: Shutting down and abandoning module TextureFormatUncompressed (147)
[2019.01.26-15.58.00:422][415]LogModuleManager: Shutting down and abandoning module TextureFormatPVR (145)
[2019.01.26-15.58.00:422][415]LogModuleManager: Shutting down and abandoning module TextureFormatDXT (143)
[2019.01.26-15.58.00:423][415]LogModuleManager: Shutting down and abandoning module TextureFormatIntelISPCTexComp (141)
[2019.01.26-15.58.00:424][415]LogModuleManager: Shutting down and abandoning module TextureFormatASTC (139)
[2019.01.26-15.58.00:424][415]LogModuleManager: Shutting down and abandoning module ImageWrapper (138)
[2019.01.26-15.58.00:424][415]LogModuleManager: Shutting down and abandoning module TextureFormatAndroid (135)
[2019.01.26-15.58.00:424][415]LogModuleManager: Shutting down and abandoning module AudioFormatOpus (133)
[2019.01.26-15.58.00:424][415]LogModuleManager: Shutting down and abandoning module AudioFormatOgg (131)
[2019.01.26-15.58.00:424][415]LogModuleManager: Shutting down and abandoning module AudioFormatADPCM (129)
[2019.01.26-15.58.00:424][415]LogModuleManager: Shutting down and abandoning module LuminTargetPlatform (127)
[2019.01.26-15.58.00:424][415]LogModuleManager: Shutting down and abandoning module LinuxTargetPlatform (125)
[2019.01.26-15.58.00:425][415]LogModuleManager: Shutting down and abandoning module LinuxServerTargetPlatform (123)
[2019.01.26-15.58.00:425][415]LogModuleManager: Shutting down and abandoning module LinuxNoEditorTargetPlatform (121)
[2019.01.26-15.58.00:425][415]LogModuleManager: Shutting down and abandoning module LinuxClientTargetPlatform (119)
[2019.01.26-15.58.00:425][415]LogModuleManager: Shutting down and abandoning module TVOSTargetPlatform (117)
[2019.01.26-15.58.00:426][415]LogModuleManager: Shutting down and abandoning module Messaging (115)
[2019.01.26-15.58.00:426][415]LogModuleManager: Shutting down and abandoning module IOSTargetPlatform (113)
[2019.01.26-15.58.00:427][415]LogModuleManager: Shutting down and abandoning module HTML5TargetPlatform (111)
[2019.01.26-15.58.00:427][415]LogModuleManager: Shutting down and abandoning module AndroidTargetPlatform (109)
[2019.01.26-15.58.00:433][415]LogModuleManager: Shutting down and abandoning module WindowsTargetPlatform (107)
[2019.01.26-15.58.00:433][415]LogModuleManager: Shutting down and abandoning module WindowsServerTargetPlatform (105)
[2019.01.26-15.58.00:433][415]LogModuleManager: Shutting down and abandoning module WindowsNoEditorTargetPlatform (103)
[2019.01.26-15.58.00:433][415]LogModuleManager: Shutting down and abandoning module WindowsClientTargetPlatform (101)
[2019.01.26-15.58.00:433][415]LogModuleManager: Shutting down and abandoning module MacTargetPlatform (99)
[2019.01.26-15.58.00:433][415]LogModuleManager: Shutting down and abandoning module MacServerTargetPlatform (97)
[2019.01.26-15.58.00:434][415]LogModuleManager: Shutting down and abandoning module MacNoEditorTargetPlatform (95)
[2019.01.26-15.58.00:434][415]LogModuleManager: Shutting down and abandoning module MacClientTargetPlatform (93)
[2019.01.26-15.58.00:434][415]LogModuleManager: Shutting down and abandoning module AllDesktopTargetPlatform (91)
[2019.01.26-15.58.00:434][415]LogModuleManager: Shutting down and abandoning module InputCore (88)
[2019.01.26-15.58.00:434][415]LogModuleManager: Shutting down and abandoning module Settings (86)
[2019.01.26-15.58.00:434][415]LogModuleManager: Shutting down and abandoning module PhysXCooking (84)
[2019.01.26-15.58.00:434][415]LogModuleManager: Shutting down and abandoning module SteamVR (82)
[2019.01.26-15.58.00:434][415]LogModuleManager: Shutting down and abandoning module OculusHMD (80)
[2019.01.26-15.58.00:434][415]LogModuleManager: Shutting down and abandoning module ExampleDeviceProfileSelector (78)
[2019.01.26-15.58.00:434][415]LogModuleManager: Shutting down and abandoning module LauncherChunkInstaller (76)
[2019.01.26-15.58.00:434][415]LogModuleManager: Shutting down and abandoning module OnlineBlueprintSupport (74)
[2019.01.26-15.58.00:434][415]LogModuleManager: Shutting down and abandoning module OnlineSubsystem (70)
[2019.01.26-15.58.00:437][415]LogModuleManager: Shutting down and abandoning module XMPP (65)
[2019.01.26-15.58.00:437][415]LogModuleManager: Shutting down and abandoning module WebSockets (64)
[2019.01.26-15.58.00:470][415]LogModuleManager: Shutting down and abandoning module HTTP (61)
[2019.01.26-15.58.00:470][415]LogHttp: Display: Http module shutting down, but needs to wait on 1 outstanding Http requests:
[2019.01.26-15.58.00:470][415]LogHttp: Display: 	verb=[POST] url=[https://datarouter.ol.epicgames.com/datarouter/api/v1/public/data?SessionID=%7B4E4E7DBD-473F-6EAA-BCF9-64A43D1FF0CF%7D&AppID=UEEditor.Rocket.Release&AppVersion=4.20.3-4369336%2B%2B%2BUE4%2BRelease-4.20&UserID=e1a96d8d45bceed625bb5288f05cbdbb%7C%7C11c54207-c36e-46fd-a530-02aa99756efb&AppEnvironment=datacollector-binary&UploadType=eteventstream] status=Processing
[2019.01.26-15.58.00:487][415]LogModuleManager: Shutting down and abandoning module SSL (60)
[2019.01.26-15.58.00:490][415]LogModuleManager: Shutting down and abandoning module MagicLeapEmulator (56)
[2019.01.26-15.58.00:490][415]LogModuleManager: Shutting down and abandoning module MagicLeapPrivileges (54)
[2019.01.26-15.58.00:491][415]LogModuleManager: Shutting down and abandoning module MagicLeapIdentity (52)
[2019.01.26-15.58.00:491][415]LogModuleManager: Shutting down and abandoning module MagicLeapHelperVulkan (50)
[2019.01.26-15.58.00:491][415]LogModuleManager: Shutting down and abandoning module MagicLeapHelperOpenGL (48)
[2019.01.26-15.58.00:491][415]LogModuleManager: Shutting down and abandoning module MagicLeapSecureStorage (46)
[2019.01.26-15.58.00:491][415]LogModuleManager: Shutting down and abandoning module MagicLeapGestures (44)
[2019.01.26-15.58.00:491][415]LogModuleManager: Shutting down and abandoning module MagicLeapEyeTracker (42)
[2019.01.26-15.58.00:492][415]LogModuleManager: Shutting down and abandoning module MagicLeapController (40)
[2019.01.26-15.58.00:492][415]LogSlate: Slate User Destroyed.  User Index 0, Is Virtual User: 0
[2019.01.26-15.58.00:492][415]LogModuleManager: Shutting down and abandoning module MagicLeap (38)
[2019.01.26-15.58.00:493][415]LogModuleManager: Shutting down and abandoning module AnimationModifiers (36)
[2019.01.26-15.58.00:493][415]LogModuleManager: Shutting down and abandoning module PropertyEditor (35)
[2019.01.26-15.58.00:493][415]LogModuleManager: Shutting down and abandoning module AudioEditor (32)
[2019.01.26-15.58.00:493][415]LogModuleManager: Shutting down and abandoning module TextureCompressor (30)
[2019.01.26-15.58.00:499][415]LogModuleManager: Shutting down and abandoning module ShaderCore (28)
[2019.01.26-15.58.00:499][415]LogModuleManager: Shutting down and abandoning module Landscape (26)
[2019.01.26-15.58.00:499][415]LogModuleManager: Shutting down and abandoning module SlateRHIRenderer (24)
[2019.01.26-15.58.00:500][415]LogModuleManager: Shutting down and abandoning module OpenGLDrv (22)
[2019.01.26-15.58.00:500][415]LogModuleManager: Shutting down and abandoning module D3D11RHI (20)
[2019.01.26-15.58.00:501][415]LogModuleManager: Shutting down and abandoning module AnimGraphRuntime (18)
[2019.01.26-15.58.00:501][415]LogModuleManager: Shutting down and abandoning module Renderer (16)
[2019.01.26-15.58.00:501][415]LogModuleManager: Shutting down and abandoning module Engine (14)
[2019.01.26-15.58.00:501][415]LogModuleManager: Shutting down and abandoning module CoreUObject (12)
[2019.01.26-15.58.00:502][415]LogModuleManager: Shutting down and abandoning module NetworkFile (10)
[2019.01.26-15.58.00:502][415]LogModuleManager: Shutting down and abandoning module CookedIterativeFile (8)
[2019.01.26-15.58.00:502][415]LogModuleManager: Shutting down and abandoning module StreamingFile (6)
[2019.01.26-15.58.00:503][415]LogModuleManager: Shutting down and abandoning module SandboxFile (4)
[2019.01.26-15.58.00:503][415]LogModuleManager: Shutting down and abandoning module PakFile (2)
[2019.01.26-15.58.00:542][415]LogExit: Exiting.
[2019.01.26-15.58.00:546][415]Log file closed, 01/26/19 15:58:00
