Log file open, 01/25/19 21:33:27
LogWindows: Failed to load 'aqProf.dll' (GetLastError=126)
LogWindows: File 'aqProf.dll' does not exist
LogWindows: Failed to load 'VSPerf140.dll' (GetLastError=126)
LogWindows: File 'VSPerf140.dll' does not exist
LogWindows: Failed to load 'VtuneApi.dll' (GetLastError=126)
LogWindows: File 'VtuneApi.dll' does not exist
LogWindows: Failed to load 'VtuneApi32e.dll' (GetLastError=126)
LogWindows: File 'VtuneApi32e.dll' does not exist
LogInit: Display: Running engine for game: HomeIs
LogPlatformFile: Not using cached read wrapper
LogTaskGraph: Started task graph with 5 named threads and 23 total threads with 3 sets of task threads.
LogStats: Stats thread started at 0.427534
LogD3D11RHI: Loaded GFSDK_Aftermath_Lib.x64.dll
LogICUInternationalization: Display: ICU TimeZone Detection - Raw Offset: +0:00, Platform Override: ''
LogPluginManager: Mounting plugin Paper2D
LogPluginManager: Mounting plugin AISupport
LogPluginManager: Mounting plugin LightPropagationVolume
LogPluginManager: Mounting plugin CLionSourceCodeAccess
LogPluginManager: Mounting plugin CodeLiteSourceCodeAccess
LogPluginManager: Mounting plugin GitSourceControl
LogPluginManager: Mounting plugin KDevelopSourceCodeAccess
LogPluginManager: Mounting plugin NullSourceCodeAccess
LogPluginManager: Mounting plugin PerforceSourceControl
LogPluginManager: Mounting plugin SubversionSourceControl
LogPluginManager: Mounting plugin UObjectPlugin
LogPluginManager: Mounting plugin VisualStudioCodeSourceCodeAccess
LogPluginManager: Mounting plugin VisualStudioSourceCodeAccess
LogPluginManager: Mounting plugin XCodeSourceCodeAccess
LogPluginManager: Mounting plugin AssetManagerEditor
LogPluginManager: Mounting plugin CryptoKeys
LogPluginManager: Mounting plugin DataValidation
LogPluginManager: Mounting plugin FacialAnimation
LogPluginManager: Mounting plugin GameplayTagsEditor
LogPluginManager: Mounting plugin MacGraphicsSwitching
LogPluginManager: Mounting plugin MeshEditor
LogPluginManager: Mounting plugin MobileLauncherProfileWizard
LogPluginManager: Mounting plugin PluginBrowser
LogPluginManager: Mounting plugin SpeedTreeImporter
LogPluginManager: Mounting plugin DatasmithContent
LogPluginManager: Mounting plugin AlembicImporter
LogPluginManager: Mounting plugin AppleImageUtils
LogPluginManager: Mounting plugin AppleVision
LogPluginManager: Mounting plugin BackChannel
LogPluginManager: Mounting plugin CharacterAI
LogPluginManager: Mounting plugin GeometryCache
LogPluginManager: Mounting plugin HTML5Networking
LogPluginManager: Mounting plugin ProxyLODPlugin
LogPluginManager: Mounting plugin MagicLeap
LogPluginManager: Mounting plugin MagicLeapEmulator
LogPluginManager: Mounting plugin MagicLeapMedia
LogPluginManager: Mounting plugin AndroidMedia
LogPluginManager: Mounting plugin AvfMedia
LogPluginManager: Mounting plugin ImgMedia
LogPluginManager: Mounting plugin LinearTimecode
LogPluginManager: Mounting plugin MediaCompositing
LogPluginManager: Mounting plugin MediaPlayerEditor
LogPluginManager: Mounting plugin WmfMedia
LogPluginManager: Mounting plugin TcpMessaging
LogPluginManager: Mounting plugin UdpMessaging
LogPluginManager: Mounting plugin ActorSequence
LogPluginManager: Mounting plugin LevelSequenceEditor
LogPluginManager: Mounting plugin MatineeToLevelSequence
LogPluginManager: Mounting plugin NetcodeUnitTest
LogPluginManager: Mounting plugin NUTUnrealEngine4
LogPluginManager: Mounting plugin OnlineSubsystemGooglePlay
LogPluginManager: Mounting plugin OnlineSubsystemIOS
LogPluginManager: Mounting plugin OnlineSubsystem
LogPluginManager: Mounting plugin OnlineSubsystemNull
LogPluginManager: Mounting plugin OnlineSubsystemUtils
LogPluginManager: Mounting plugin LauncherChunkInstaller
LogPluginManager: Mounting plugin AndroidDeviceProfileSelector
LogPluginManager: Mounting plugin AndroidMoviePlayer
LogPluginManager: Mounting plugin AndroidPermission
LogPluginManager: Mounting plugin AppleMoviePlayer
LogPluginManager: Mounting plugin ArchVisCharacter
LogPluginManager: Mounting plugin AudioCapture
LogPluginManager: Mounting plugin CableComponent
LogPluginManager: Mounting plugin CustomMeshComponent
LogPluginManager: Mounting plugin EditableMesh
LogPluginManager: Mounting plugin ExampleDeviceProfileSelector
LogPluginManager: Mounting plugin GoogleCloudMessaging
LogPluginManager: Mounting plugin ImmediatePhysics
LogPluginManager: Mounting plugin IOSDeviceProfileSelector
LogPluginManager: Mounting plugin LinuxDeviceProfileSelector
LogPluginManager: Mounting plugin LocationServicesBPLibrary
LogPluginManager: Mounting plugin MobilePatchingUtils
LogPluginManager: Mounting plugin OculusVR
LogPluginManager: Plugin shader directory ../../../Engine/Plugins/Runtime/Oculus/OculusVR/Shaders found
LogPluginManager: Mapping shader source directory ../../../Engine/Plugins/Runtime/Oculus/OculusVR/Shaders to virtual directory /Plugin/OculusVR
LogPluginManager: Mounting plugin PhysXVehicles
LogPluginManager: Mounting plugin ProceduralMeshComponent
LogPluginManager: Mounting plugin RuntimePhysXCooking
LogPluginManager: Mounting plugin SteamVR
LogPluginManager: Mounting plugin WindowsMoviePlayer
LogStreaming: Display: Took  0.330s to configure plugins.
LogInit: Using libcurl 7.55.1-DEV
LogInit:  - built for x86_64-pc-win32
LogInit:  - supports SSL with OpenSSL/1.0.2h
LogInit:  - supports HTTP deflate (compression) using libz 1.2.8
LogInit:  - other features:
LogInit:      CURL_VERSION_SSL
LogInit:      CURL_VERSION_LIBZ
LogInit:      CURL_VERSION_IPV6
LogInit:      CURL_VERSION_ASYNCHDNS
LogInit:      CURL_VERSION_LARGEFILE
LogInit:      CURL_VERSION_IDN
LogInit:  CurlRequestOptions (configurable via config and command line):
LogInit:  - bVerifyPeer = false  - Libcurl will NOT verify peer certificate
LogInit:  - bUseHttpProxy = false  - Libcurl will NOT use HTTP proxy
LogInit:  - bDontReuseConnections = false  - Libcurl will reuse connections
LogInit:  - CertBundlePath = nullptr  - Libcurl will use whatever was configured at build time.
LogInit:  - MaxHostConnections = 16  - Libcurl will limit the number of connections to a host
LogInit:  - LocalHostAddr = Default
LogInit:  - BufferSize = 65536
LogInit: WinSock: version 1.1 (2.2), MaxSocks=32767, MaxUdp=65467
LogInit: Build: ++UE4+Release-4.20-CL-4369336
LogInit: Engine Version: 4.20.3-4369336+++UE4+Release-4.20
LogInit: Compatible Engine Version: 4.20.0-4212847+++UE4+Release-4.20
LogInit: Net CL: 4212847
LogInit: OS: Windows 10 (), CPU: Intel(R) Xeon(R) CPU E5-1620 v3 @ 3.50GHz, GPU: NVIDIA GeForce GTX 970
LogInit: Compiled (64-bit): Sep 17 2018 12:26:19
LogInit: Compiled with Visual C++: 19.13.26129.00
LogInit: Build Configuration: Development
LogInit: Branch Name: ++UE4+Release-4.20
LogInit: Command Line:  -skipcompile
LogInit: Base Directory: C:/Epic/UE4/UE_4.20/Engine/Binaries/Win64/
LogInit: Installed Engine Build: 1
LogDevObjectVersion: Number of dev versions registered: 20
LogDevObjectVersion:   Dev-Blueprints (B0D832E4-1F89-4F0D-ACCF-7EB736FD4AA2): 10
LogDevObjectVersion:   Dev-Build (E1C64328-A22C-4D53-A36C-8E866417BD8C): 0
LogDevObjectVersion:   Dev-Core (375EC13C-06E4-48FB-B500-84F0262A717E): 2
LogDevObjectVersion:   Dev-Editor (E4B068ED-F494-42E9-A231-DA0B2E46BB41): 24
LogDevObjectVersion:   Dev-Framework (CFFC743F-43B0-4480-9391-14DF171D2073): 34
LogDevObjectVersion:   Dev-Mobile (B02B49B5-BB20-44E9-A304-32B752E40360): 2
LogDevObjectVersion:   Dev-Networking (A4E4105C-59A1-49B5-A7C5-40C4547EDFEE): 0
LogDevObjectVersion:   Dev-Online (39C831C9-5AE6-47DC-9A44-9C173E1C8E7C): 0
LogDevObjectVersion:   Dev-Physics (78F01B33-EBEA-4F98-B9B4-84EACCB95AA2): 0
LogDevObjectVersion:   Dev-Platform (6631380F-2D4D-43E0-8009-CF276956A95A): 0
LogDevObjectVersion:   Dev-Rendering (12F88B9F-8875-4AFC-A67C-D90C383ABD29): 26
LogDevObjectVersion:   Dev-Sequencer (7B5AE74C-D270-4C10-A958-57980B212A5A): 9
LogDevObjectVersion:   Dev-VR (D7296918-1DD6-4BDD-9DE2-64A83CC13884): 2
LogDevObjectVersion:   Dev-LoadTimes (C2A15278-BFE7-4AFE-6C17-90FF531DF755): 1
LogDevObjectVersion:   Private-Geometry (6EACA3D4-40EC-4CC1-B786-8BED09428FC5): 3
LogDevObjectVersion:   Dev-AnimPhys (29E575DD-E0A3-4627-9D10-D276232CDCEA): 17
LogDevObjectVersion:   Dev-ReflectionCapture (6B266CEC-1EC7-4B8F-A30B-E4D90942FC07): 1
LogDevObjectVersion:   Dev-Automation (0DF73D61-A23F-47EA-B727-89E90C41499A): 1
LogDevObjectVersion:   FortniteMain (601D1886-AC64-4F84-AA16-D3DE0DEAC7D6): 12
LogDevObjectVersion:   Dev-Enterprise (9DFFBCD6-494F-0158-E221-12823C92A888): 1
LogStreaming: Display: Took  0.007s to delete old logs.
LogInit: Presizing for max 8388607 objects, including 0 objects not considered by GC, pre-allocating 0 bytes for permanent pool.
LogInit: Object subsystem initialized
[2019.01.25-21.33.27:697][  0]LogInit: Selected Device Profile: [Windows]
[2019.01.25-21.33.27:697][  0]LogInit: Applying CVar settings loaded from the selected device profile: [Windows]
[2019.01.25-21.33.27:715][  0]LogHAL: Display: Platform has ~ 16 GB [17092038656 / 17179869184 / 16], which maps to Larger [LargestMinGB=32, LargerMinGB=12, DefaultMinGB=8, SmallerMinGB=6, SmallestMinGB=0)
[2019.01.25-21.33.27:715][  0]LogInit: Setting Device Profile CVar: [[r.Vulkan.UseRealUBs:1]]
[2019.01.25-21.33.27:715][  0]LogInit: Going up to parent DeviceProfile []
[2019.01.25-21.33.27:716][  0]LogInit: Computer: D102-11
[2019.01.25-21.33.27:716][  0]LogInit: User: w014100h
[2019.01.25-21.33.27:716][  0]LogInit: CPU Page size=4096, Cores=4
[2019.01.25-21.33.27:716][  0]LogInit: High frequency timer resolution =3.410072 MHz
[2019.01.25-21.33.27:716][  0]LogMemory: Memory total: Physical=15.9GB (16GB approx)
[2019.01.25-21.33.27:716][  0]LogMemory: Platform Memory Stats for Windows
[2019.01.25-21.33.27:716][  0]LogMemory: Process Physical Memory: 100.29 MB used, 100.29 MB peak
[2019.01.25-21.33.27:716][  0]LogMemory: Process Virtual Memory: 91.05 MB used, 91.05 MB peak
[2019.01.25-21.33.27:716][  0]LogMemory: Physical Memory: 6988.48 MB used,  9311.76 MB free, 16300.24 MB total
[2019.01.25-21.33.27:717][  0]LogMemory: Virtual Memory: 4640.35 MB used,  9311.76 MB free, 134217728.00 MB total
[2019.01.25-21.33.27:828][  0]LogInit: Using OS detected language (en-US).
[2019.01.25-21.33.27:828][  0]LogInit: Using OS detected locale (en-GB).
[2019.01.25-21.33.27:830][  0]LogTextLocalizationManager: No specific localization for 'en-US' exists, so the 'en' localization will be used.
[2019.01.25-21.33.28:215][  0]LogStreaming: Display: Took  0.387s to InitEngineTextLocalization.
[2019.01.25-21.33.28:216][  0]LogInit: Setting process to per monitor DPI aware
[2019.01.25-21.33.28:271][  0]LogSlate: New Slate User Created.  User Index 0, Is Virtual User: 0
[2019.01.25-21.33.28:271][  0]LogSlate: Slate User Registered.  User Index 0, Is Virtual User: 0
[2019.01.25-21.33.28:591][  0]LogHMD: Failed to initialize OpenVR with code 110
[2019.01.25-21.33.28:591][  0]LogD3D11RHI: D3D11 adapters:
[2019.01.25-21.33.28:680][  0]LogD3D11RHI:    0. 'NVIDIA GeForce GTX 970' (Feature Level 11_0)
[2019.01.25-21.33.28:680][  0]LogD3D11RHI:       4043/0/8150 MB DedicatedVideo/DedicatedSystem/SharedSystem, Outputs:2, VendorId:0x10de
[2019.01.25-21.33.28:685][  0]LogD3D11RHI:    1. 'Microsoft Basic Render Driver' (Feature Level 11_0)
[2019.01.25-21.33.28:685][  0]LogD3D11RHI:       0/0/8150 MB DedicatedVideo/DedicatedSystem/SharedSystem, Outputs:0, VendorId:0x1414
[2019.01.25-21.33.28:685][  0]LogD3D11RHI: Chosen D3D11 Adapter: 0
[2019.01.25-21.33.28:699][  0]LogD3D11RHI: Creating new Direct3DDevice
[2019.01.25-21.33.28:699][  0]LogD3D11RHI:     GPU DeviceId: 0x13c2 (for the marketing name, search the web for "GPU Device Id")
[2019.01.25-21.33.28:699][  0]LogWindows: EnumDisplayDevices:
[2019.01.25-21.33.28:699][  0]LogWindows:    0. 'NVIDIA GeForce GTX 970' (P:1 D:1)
[2019.01.25-21.33.28:700][  0]LogWindows:    1. 'NVIDIA GeForce GTX 970' (P:0 D:1)
[2019.01.25-21.33.28:700][  0]LogWindows:    2. 'NVIDIA GeForce GTX 970' (P:0 D:0)
[2019.01.25-21.33.28:701][  0]LogWindows:    3. 'NVIDIA GeForce GTX 970' (P:0 D:0)
[2019.01.25-21.33.28:701][  0]LogWindows: DebugString: FoundDriverCount:4 
[2019.01.25-21.33.28:701][  0]LogD3D11RHI:     Adapter Name: NVIDIA GeForce GTX 970
[2019.01.25-21.33.28:701][  0]LogD3D11RHI:   Driver Version: 398.82 (internal:24.21.13.9882, unified:398.82)
[2019.01.25-21.33.28:701][  0]LogD3D11RHI:      Driver Date: 7-30-2018
[2019.01.25-21.33.28:701][  0]LogRHI: Texture pool is 2830 MB (70% of 4043 MB)
[2019.01.25-21.33.28:758][  0]LogD3D11RHI: Async texture creation enabled
[2019.01.25-21.33.28:776][  0]LogD3D11RHI: GPU Timing Frequency: 1000.000000 (Debug: 2 2)
[2019.01.25-21.33.28:780][  0]LogShaderCompilers: Guid format shader working directory is -14 characters bigger than the processId version (../../../../../../Users/w014100h/Documents/Github/HomeIs/HomeIs/Intermediate/Shaders/WorkingDirectory/7520/).
[2019.01.25-21.33.28:780][  0]LogShaderCompilers: Cleaned the shader compiler working directory 'C:/Users/w014100h/AppData/Local/Temp/UnrealShaderWorkingDir/77A01AD34E7362853FAFAB8A8757833C/'.
[2019.01.25-21.33.29:177][  0]LogTemp: Display: Loaded TP AllDesktopTargetPlatform
[2019.01.25-21.33.29:195][  0]LogTemp: Display: Loaded TP MacClientTargetPlatform
[2019.01.25-21.33.29:214][  0]LogTemp: Display: Loaded TP MacNoEditorTargetPlatform
[2019.01.25-21.33.29:233][  0]LogTemp: Display: Loaded TP MacServerTargetPlatform
[2019.01.25-21.33.29:254][  0]LogTemp: Display: Loaded TP MacTargetPlatform
[2019.01.25-21.33.29:274][  0]LogTemp: Display: Loaded TP WindowsClientTargetPlatform
[2019.01.25-21.33.29:292][  0]LogTemp: Display: Loaded TP WindowsNoEditorTargetPlatform
[2019.01.25-21.33.29:311][  0]LogTemp: Display: Loaded TP WindowsServerTargetPlatform
[2019.01.25-21.33.29:322][  0]LogTemp: Display: Loaded TP WindowsTargetPlatform
[2019.01.25-21.33.29:422][  0]LogTemp: Display: Loaded TP AndroidTargetPlatform
[2019.01.25-21.33.29:422][  0]LogTemp: Display: Loaded TP AndroidTargetPlatform
[2019.01.25-21.33.29:422][  0]LogTemp: Display: Loaded TP AndroidTargetPlatform
[2019.01.25-21.33.29:422][  0]LogTemp: Display: Loaded TP AndroidTargetPlatform
[2019.01.25-21.33.29:422][  0]LogTemp: Display: Loaded TP AndroidTargetPlatform
[2019.01.25-21.33.29:422][  0]LogTemp: Display: Loaded TP AndroidTargetPlatform
[2019.01.25-21.33.29:422][  0]LogTemp: Display: Loaded TP AndroidTargetPlatform
[2019.01.25-21.33.29:422][  0]LogTemp: Display: Loaded TP AndroidTargetPlatform
[2019.01.25-21.33.29:422][  0]LogTemp: Display: Loaded TP AndroidTargetPlatform
[2019.01.25-21.33.29:422][  0]LogTemp: Display: Loaded TP AndroidTargetPlatform
[2019.01.25-21.33.29:423][  0]LogTemp: Display: Loaded TP AndroidTargetPlatform
[2019.01.25-21.33.29:423][  0]LogTemp: Display: Loaded TP AndroidTargetPlatform
[2019.01.25-21.33.29:423][  0]LogTemp: Display: Loaded TP AndroidTargetPlatform
[2019.01.25-21.33.29:423][  0]LogTemp: Display: Loaded TP AndroidTargetPlatform
[2019.01.25-21.33.29:423][  0]LogTemp: Display: Loaded TP AndroidTargetPlatform
[2019.01.25-21.33.29:423][  0]LogTemp: Display: Loaded TP AndroidTargetPlatform
[2019.01.25-21.33.29:423][  0]LogTemp: Display: Loaded TP AndroidTargetPlatform
[2019.01.25-21.33.29:423][  0]LogTemp: Display: Loaded TP AndroidTargetPlatform
[2019.01.25-21.33.29:428][  0]LogTemp: Display: Loaded TP HTML5TargetPlatform
[2019.01.25-21.33.29:504][  0]LogTemp: Display: Loaded TP IOSTargetPlatform
[2019.01.25-21.33.29:504][  0]LogTemp: Display: Loaded TP IOSTargetPlatform
[2019.01.25-21.33.29:533][  0]LogTemp: Display: Loaded TP TVOSTargetPlatform
[2019.01.25-21.33.29:533][  0]LogTemp: Display: Loaded TP TVOSTargetPlatform
[2019.01.25-21.33.29:552][  0]LogTemp: Display: Loaded TP LinuxClientTargetPlatform
[2019.01.25-21.33.29:568][  0]LogTemp: Display: Loaded TP LinuxNoEditorTargetPlatform
[2019.01.25-21.33.29:584][  0]LogTemp: Display: Loaded TP LinuxServerTargetPlatform
[2019.01.25-21.33.29:603][  0]LogTemp: Display: Loaded TP LinuxTargetPlatform
[2019.01.25-21.33.29:616][  0]LogTemp: Display: Loaded TP LuminTargetPlatform
[2019.01.25-21.33.29:616][  0]LogTargetPlatformManager: Display: Building Assets For Windows
[2019.01.25-21.33.29:794][  0]LogXGEController: Cleaning working directory: C:/Users/w014100h/AppData/Local/Temp/UnrealXGEWorkingDir/
[2019.01.25-21.33.29:795][  0]LogXGEController: Cannot use XGE Controller as Incredibuild is not installed on this machine.
[2019.01.25-21.33.29:795][  0]LogShaderCompilers: Cannot use XGE Shader Compiler as Incredibuild is not installed on this machine.
[2019.01.25-21.33.29:795][  0]LogShaderCompilers: Display: Using Local Shader Compiler.
[2019.01.25-21.33.30:926][  0]LogDerivedDataCache: Display: Max Cache Size: 512 MB
[2019.01.25-21.33.31:021][  0]LogDerivedDataCache: Loaded boot cache 0.10s 73MB C:/Users/w014100h/AppData/Local/UnrealEngine/4.20/DerivedDataCache/Boot.ddc.
[2019.01.25-21.33.31:022][  0]LogDerivedDataCache: Display: Loaded Boot cache: C:/Users/w014100h/AppData/Local/UnrealEngine/4.20/DerivedDataCache/Boot.ddc
[2019.01.25-21.33.31:022][  0]LogDerivedDataCache: FDerivedDataBackendGraph:  Pak pak cache file ../../../../../../Users/w014100h/Documents/Github/HomeIs/HomeIs/DerivedDataCache/DDC.ddp not found, will not use a pak cache.
[2019.01.25-21.33.31:022][  0]LogDerivedDataCache: Unable to find inner node Pak for hierarchical cache Hierarchy.
[2019.01.25-21.33.31:023][  0]LogDerivedDataCache: FDerivedDataBackendGraph:  CompressedPak pak cache file ../../../../../../Users/w014100h/Documents/Github/HomeIs/HomeIs/DerivedDataCache/Compressed.ddp not found, will not use a pak cache.
[2019.01.25-21.33.31:023][  0]LogDerivedDataCache: Unable to find inner node CompressedPak for hierarchical cache Hierarchy.
[2019.01.25-21.33.31:037][  0]LogDerivedDataCache: Display: Pak cache opened for reading ../../../Engine/DerivedDataCache/Compressed.ddp.
[2019.01.25-21.33.31:051][  0]LogDerivedDataCache: Using Local data cache path C:/Users/w014100h/AppData/Local/UnrealEngine/Common/DerivedDataCache: Writable
[2019.01.25-21.33.31:051][  0]LogDerivedDataCache: Shared data cache path not found in *engine.ini, will not use an Shared cache.
[2019.01.25-21.33.31:051][  0]LogDerivedDataCache: Unable to find inner node Shared for hierarchical cache Hierarchy.
[2019.01.25-21.33.31:072][  0]LogMaterial: Verifying Global Shaders for PCD3D_SM5
[2019.01.25-21.33.31:073][  0]LogSlate: Using FreeType 2.6.0
[2019.01.25-21.33.31:074][  0]LogSlate: SlateFontServices - WITH_FREETYPE: 1, WITH_HARFBUZZ: 1
[2019.01.25-21.33.31:161][  0]LogAssetRegistry: FAssetRegistry took 0.0293 seconds to start up
[2019.01.25-21.33.31:584][  0]LogInit: Selected Device Profile: [Windows]
[2019.01.25-21.33.31:775][  0]LogSimplygon: Simplygon DLL not present - disabling.
[2019.01.25-21.33.31:785][  0]LogMeshReduction: Using SimplygonSwarm for distributed automatic mesh merging
[2019.01.25-21.33.31:785][  0]LogMeshReduction: Using ProxyLODMeshReduction for automatic mesh merging
[2019.01.25-21.33.31:785][  0]LogMeshReduction: Using QuadricMeshReduction for automatic static mesh reduction
[2019.01.25-21.33.31:786][  0]LogMeshReduction: No automatic skeletal mesh reduction module available
[2019.01.25-21.33.31:809][  0]LogNetVersion: HomeIs 1.0.0, NetCL: 4212847, EngineNetVer: 5, GameNetVer: 0 (Checksum: 4178729889)
[2019.01.25-21.33.32:542][  0]LogPackageLocalizationCache: Processed 11 localized package path(s) for 2 prioritized culture(s) in 0.242256 seconds
[2019.01.25-21.33.32:549][  0]LogUObjectArray: 38425 objects as part of root set at end of initial load.
[2019.01.25-21.33.32:549][  0]LogUObjectAllocator: 6690872 out of 0 bytes used by permanent object pool.
[2019.01.25-21.33.32:549][  0]LogUObjectArray: CloseDisregardForGC: 0/0 objects in disregard for GC pool
[2019.01.25-21.33.33:715][  0]LogTcpMessaging: Initializing TcpMessaging bridge
[2019.01.25-21.33.33:732][  0]LogUdpMessaging: Initializing bridge on interface 0.0.0.0:0 to multicast group 230.0.0.1:6666.
[2019.01.25-21.33.34:189][  0]SourceControl: Source control is disabled
[2019.01.25-21.33.34:190][  0]SourceControl: Source control is disabled
[2019.01.25-21.33.34:194][  0]SourceControl: Source control is disabled
[2019.01.25-21.33.34:197][  0]SourceControl: Source control is disabled
[2019.01.25-21.33.34:517][  0]LogAndroidPermission: UAndroidPermissionCallbackProxy::GetInstance
[2019.01.25-21.33.34:627][  0]LogOcInput: OculusInput pre-init called
[2019.01.25-21.33.34:707][  0]LogEngine: Initializing Engine...
[2019.01.25-21.33.34:709][  0]LogHMD: Failed to initialize OpenVR with code 110
[2019.01.25-21.33.34:710][  0]LogStats: UGameplayTagsManager::ConstructGameplayTagTree: ImportINI prefixes -  0.000 s
[2019.01.25-21.33.34:710][  0]LogStats: UGameplayTagsManager::ConstructGameplayTagTree: Construct from data asset -  0.000 s
[2019.01.25-21.33.34:710][  0]LogStats: UGameplayTagsManager::ConstructGameplayTagTree: ImportINI -  0.000 s
[2019.01.25-21.33.34:711][  0]LogStats: UGameplayTagsManager::ConstructGameplayTagTree: GameplayTagTreeChangedEvent.Broadcast -  0.000 s
[2019.01.25-21.33.34:948][  0]LogInit: Initializing FReadOnlyCVARCache
[2019.01.25-21.33.34:981][  0]LogAIModule: Creating AISystem for world Untitled
[2019.01.25-21.33.34:995][  0]LogInit: XAudio2 using 'Speakers (Realtek High Definition Audio)' : 2 channels at 48 kHz using 32 bits per sample (channel mask 0x3)
[2019.01.25-21.33.35:020][  0]LogInit: FAudioDevice initialized.
[2019.01.25-21.33.35:021][  0]LogNetVersion: Set ProjectVersion to 1.0.0.0. Version Checksum will be recalculated on next use.
[2019.01.25-21.33.35:114][  0]LogDerivedDataCache: Saved boot cache 0.09s 73MB C:/Users/w014100h/AppData/Local/UnrealEngine/4.20/DerivedDataCache/Boot.ddc.
[2019.01.25-21.33.35:119][  0]LogInit: Texture streaming: Enabled
[2019.01.25-21.33.35:165][  0]LogEngineSessionManager: EngineSessionManager initialized
[2019.01.25-21.33.35:165][  0]LogEngineSessionManager: EngineSessionManager sent abnormal shutdown report. Type=Debugger, SessionId={796E70CA-4C6F-718D-8333-E9BF9920F2C0}
[2019.01.25-21.33.35:165][  0]LogEngineSessionManager: EngineSessionManager sent abnormal shutdown report. Type=Debugger, SessionId={A5CFFEB1-4390-CA53-96D5-DCA9A0408B6E}
[2019.01.25-21.33.35:184][  0]LogInit: Transaction tracking system initialized
[2019.01.25-21.33.35:244][  0]BlueprintLog: New page: Editor Load
[2019.01.25-21.33.35:485][  0]LocalizationService: Localization service is disabled
[2019.01.25-21.33.35:859][  0]LogCook: Display: Max memory allowance for cook 16384mb min free memory 0mb
[2019.01.25-21.33.35:860][  0]LogCook: Display: Mobile HDR setting 1
[2019.01.25-21.33.35:860][  0]LogGameplayTags: Display: UGameplayTagsManager::DoneAddingNativeTags. DelegateIsBound: 0
[2019.01.25-21.33.35:860][  0]LogStats: UGameplayTagsManager::ConstructGameplayTagTree: ImportINI prefixes -  0.000 s
[2019.01.25-21.33.35:860][  0]LogStats: UGameplayTagsManager::ConstructGameplayTagTree: Construct from data asset -  0.000 s
[2019.01.25-21.33.35:861][  0]LogStats: UGameplayTagsManager::ConstructGameplayTagTree: ImportINI -  0.000 s
[2019.01.25-21.33.35:861][  0]LogStats: UGameplayTagsManager::ConstructGameplayTagTree: GameplayTagTreeChangedEvent.Broadcast -  0.000 s
[2019.01.25-21.33.36:119][  0]LogFileCache: Scanning file cache for directory 'C:/Users/w014100h/Documents/Github/HomeIs/HomeIs/Content/' took 0.02s
[2019.01.25-21.33.36:119][  0]SourceControl: Source control is disabled
[2019.01.25-21.33.36:119][  0]Cmd: MAP LOAD FILE="../../../../../../Users/w014100h/Documents/Github/HomeIs/HomeIs/Content/FirstPersonCPP/Maps/FirstPersonExampleMap.umap" TEMPLATE=0 SHOWPROGRESS=1 FEATURELEVEL=3
[2019.01.25-21.33.36:120][  0]LightingResults: New page: Lighting Build
[2019.01.25-21.33.36:125][  0]MapCheck: New page: Map Check
[2019.01.25-21.33.36:125][  0]LightingResults: New page: Lighting Build
[2019.01.25-21.33.36:386][  0]LogAIModule: Creating AISystem for world FirstPersonExampleMap
[2019.01.25-21.33.36:403][  0]LogEditorServer: Finished looking for orphan Actors (0.000 secs)
[2019.01.25-21.33.36:429][  0]Cmd: MAP CHECKDEP NOCLEARLOG
[2019.01.25-21.33.36:642][  0]MapCheck: Map check complete: 0 Error(s), 0 Warning(s), took 213.682ms to complete.
[2019.01.25-21.33.36:642][  0]LogFileHelpers: Loading map 'FirstPersonExampleMap' took 0.524
[2019.01.25-21.33.36:778][  0]LogSlate: Updating window title bar state: overlay mode, drag disabled, window buttons hidden, title bar hidden
[2019.01.25-21.33.36:786][  0]LogSlate: Updating window title bar state: overlay mode, drag disabled, window buttons hidden, title bar hidden
[2019.01.25-21.33.36:796][  0]LogSlate: Updating window title bar state: overlay mode, drag disabled, window buttons hidden, title bar hidden
[2019.01.25-21.33.36:804][  0]LogSlate: Updating window title bar state: overlay mode, drag disabled, window buttons hidden, title bar hidden
[2019.01.25-21.33.36:817][  0]LogCollectionManager: Loaded 0 collections in 0.003724 seconds
[2019.01.25-21.33.36:869][  0]LogFileCache: Scanning file cache for directory 'C:/Users/w014100h/Documents/Github/HomeIs/HomeIs/Saved/Collections/' took 0.01s
[2019.01.25-21.33.36:869][  0]LogFileCache: Scanning file cache for directory 'C:/Users/w014100h/Documents/Github/HomeIs/HomeIs/Content/Developers/w014100h/Collections/' took 0.01s
[2019.01.25-21.33.36:869][  0]LogFileCache: Scanning file cache for directory 'C:/Users/w014100h/Documents/Github/HomeIs/HomeIs/Content/Collections/' took 0.01s
[2019.01.25-21.33.36:869][  0]LogCollectionManager: Rebuilt the GUID cache for 0 collections in 0.000000 seconds
[2019.01.25-21.33.36:884][  0]LogContentBrowser: Native class hierarchy populated in 0.0145 seconds. Added 2577 classes and 605 folders.
[2019.01.25-21.33.36:894][  0]LogContentBrowser: Native class hierarchy updated for 'WidgetCarousel' in 0.0005 seconds. Added 0 classes and 0 folders.
[2019.01.25-21.33.36:984][  0]LogContentBrowser: Native class hierarchy updated for 'AddContentDialog' in 0.0005 seconds. Added 0 classes and 0 folders.
[2019.01.25-21.33.36:995][  0]LogContentBrowser: Native class hierarchy updated for 'SceneOutliner' in 0.0010 seconds. Added 1 classes and 2 folders.
[2019.01.25-21.33.37:013][  0]LogSlate: Took 0.000298 seconds to synchronously load lazily loaded font '../../../Engine/Content/Slate/Fonts/Roboto-Regular.ttf' (155K)
[2019.01.25-21.33.37:018][  0]LogSlate: Took 0.000260 seconds to synchronously load lazily loaded font '../../../Engine/Content/Slate/Fonts/Roboto-Bold.ttf' (160K)
[2019.01.25-21.33.37:025][  0]LogSlate: Took 0.000333 seconds to synchronously load lazily loaded font '../../../Engine/Content/Editor/Slate/Fonts/FontAwesome.ttf' (139K)
[2019.01.25-21.33.37:112][  0]LogRenderer: Reallocating scene render targets to support 1208x576 Format 10 NumSamples 1 (Frame:1).
[2019.01.25-21.33.37:196][  0]LogSlate: Took 0.000238 seconds to synchronously load lazily loaded font '../../../Engine/Content/Slate/Fonts/Roboto-Light.ttf' (167K)
[2019.01.25-21.33.37:266][  0]LogSlate: FSceneViewport::OnFocusLost() reason 2
[2019.01.25-21.33.37:290][  0]LogSlate: Window 'Tutorials' being destroyed
[2019.01.25-21.33.37:333][  0]LogContentBrowser: Native class hierarchy updated for 'HierarchicalLODOutliner' in 0.0006 seconds. Added 0 classes and 0 folders.
[2019.01.25-21.33.37:333][  0]LogLoad: (Engine Initialization) Total time: 13.03 seconds
[2019.01.25-21.33.37:333][  0]LogLoad: (Engine Initialization) Total Blueprint compile time: 0.00 seconds
[2019.01.25-21.33.37:362][  0]LogWindowsTextInputMethodSystem: Display: IME system now deactivated.
[2019.01.25-21.33.37:387][  0]LogContentStreaming: Texture pool size now 1000 MB
[2019.01.25-21.33.37:450][  1]LogAssetRegistry: Asset discovery search completed in 6.3135 seconds
[2019.01.25-21.33.37:451][  1]LogCollectionManager: Rebuilt the object cache for 0 collections in 0.000000 seconds (found 0 objects)
[2019.01.25-21.33.37:452][  1]LogCollectionManager: Fixed up redirectors for 0 collections in 0.000108 seconds (updated 0 objects)
[2019.01.25-21.33.39:119][194]LogSlate: FSceneViewport::OnFocusLost() reason 0
[2019.01.25-21.33.39:185][202]LogTemp: Repeating last play command: Selected Viewport
[2019.01.25-21.33.39:202][202]LogBlueprintUserMessages: Early PlayInEditor Detection: Level '/Game/FirstPersonCPP/Maps/FirstPersonExampleMap.FirstPersonExampleMap:PersistentLevel' has LevelScriptBlueprint '/Game/FirstPersonCPP/Maps/FirstPersonExampleMap.FirstPersonExampleMap:PersistentLevel.FirstPersonExampleMap' with GeneratedClass '/Game/FirstPersonCPP/Maps/FirstPersonExampleMap.FirstPersonExampleMap_C' with ClassGeneratedBy '/Game/FirstPersonCPP/Maps/FirstPersonExampleMap.FirstPersonExampleMap:PersistentLevel.FirstPersonExampleMap'
[2019.01.25-21.33.39:202][202]LogPlayLevel: PlayLevel: No blueprints needed recompiling
[2019.01.25-21.33.39:219][202]PIE: New page: PIE session: FirstPersonExampleMap (25 Jan 2019 21:33:39)
[2019.01.25-21.33.39:220][202]LogPlayLevel: Creating play world package: /Game/FirstPersonCPP/Maps/UEDPIE_0_FirstPersonExampleMap
[2019.01.25-21.33.39:246][202]LogPlayLevel: PIE: StaticDuplicateObject took: (0.026732s)
[2019.01.25-21.33.39:247][202]LogAIModule: Creating AISystem for world FirstPersonExampleMap
[2019.01.25-21.33.39:248][202]LogPlayLevel: PIE: World Init took: (0.000948s)
[2019.01.25-21.33.39:248][202]LogPlayLevel: PIE: Created PIE world by copying editor world from /Game/FirstPersonCPP/Maps/FirstPersonExampleMap.FirstPersonExampleMap to /Game/FirstPersonCPP/Maps/UEDPIE_0_FirstPersonExampleMap.FirstPersonExampleMap (0.028119s)
[2019.01.25-21.33.39:275][202]LogInit: XAudio2 using 'Speakers (Realtek High Definition Audio)' : 2 channels at 48 kHz using 32 bits per sample (channel mask 0x3)
[2019.01.25-21.33.39:290][202]LogInit: FAudioDevice initialized.
[2019.01.25-21.33.39:339][202]LogLoad: Game class is 'HomeIsGameMode'
[2019.01.25-21.33.39:342][202]LogWorld: Bringing World /Game/FirstPersonCPP/Maps/UEDPIE_0_FirstPersonExampleMap.FirstPersonExampleMap up for play (max tick rate 0) at 2019.01.25-21.33.39
[2019.01.25-21.33.39:342][202]LogWorld: Bringing up level for play took: 0.002099
[2019.01.25-21.33.39:364][202]LogContentBrowser: Native class hierarchy updated for 'MovieSceneCapture' in 0.0005 seconds. Added 10 classes and 0 folders.
[2019.01.25-21.33.39:365][202]PIE: Play in editor start time for /Game/FirstPersonCPP/Maps/UEDPIE_0_FirstPersonExampleMap -0.668
[2019.01.25-21.33.39:366][202]LogBlueprintUserMessages: Late PlayInEditor Detection: Level '/Game/FirstPersonCPP/Maps/FirstPersonExampleMap.FirstPersonExampleMap:PersistentLevel' has LevelScriptBlueprint '/Game/FirstPersonCPP/Maps/FirstPersonExampleMap.FirstPersonExampleMap:PersistentLevel.FirstPersonExampleMap' with GeneratedClass '/Game/FirstPersonCPP/Maps/FirstPersonExampleMap.FirstPersonExampleMap_C' with ClassGeneratedBy '/Game/FirstPersonCPP/Maps/FirstPersonExampleMap.FirstPersonExampleMap:PersistentLevel.FirstPersonExampleMap'
[2019.01.25-21.33.42:039][515]LogBlueprintUserMessages: Early EndPlayMap Detection: Level '/Game/FirstPersonCPP/Maps/FirstPersonExampleMap.FirstPersonExampleMap:PersistentLevel' has LevelScriptBlueprint '/Game/FirstPersonCPP/Maps/FirstPersonExampleMap.FirstPersonExampleMap:PersistentLevel.FirstPersonExampleMap' with GeneratedClass '/Game/FirstPersonCPP/Maps/FirstPersonExampleMap.FirstPersonExampleMap_C' with ClassGeneratedBy '/Game/FirstPersonCPP/Maps/FirstPersonExampleMap.FirstPersonExampleMap:PersistentLevel.FirstPersonExampleMap'
[2019.01.25-21.33.42:040][515]LogSlate: Updating window title bar state: overlay mode, drag disabled, window buttons hidden, title bar hidden
[2019.01.25-21.33.42:078][515]LogPlayLevel: Display: Shutting down PIE online subsystems
[2019.01.25-21.33.42:079][515]LogBlueprintUserMessages: Late EndPlayMap Detection: Level '/Game/FirstPersonCPP/Maps/FirstPersonExampleMap.FirstPersonExampleMap:PersistentLevel' has LevelScriptBlueprint '/Game/FirstPersonCPP/Maps/FirstPersonExampleMap.FirstPersonExampleMap:PersistentLevel.FirstPersonExampleMap' with GeneratedClass '/Game/FirstPersonCPP/Maps/FirstPersonExampleMap.FirstPersonExampleMap_C' with ClassGeneratedBy '/Game/FirstPersonCPP/Maps/FirstPersonExampleMap.FirstPersonExampleMap:PersistentLevel.FirstPersonExampleMap'
[2019.01.25-21.33.42:103][515]LogSlate: Updating window title bar state: overlay mode, drag disabled, window buttons hidden, title bar hidden
[2019.01.25-21.33.42:144][518]LogPlayLevel: Display: Destroying online subsystem :Context_1
[2019.01.25-21.33.44:836][827]LogEditorViewport: Clicking on Actor (LMB): MyTurret_C (MyTurret)
[2019.01.25-21.33.51:550][602]LogSlate: FSceneViewport::OnFocusLost() reason 0
[2019.01.25-21.33.52:453][702]LogSlate: Took 0.000268 seconds to synchronously load lazily loaded font '../../../Engine/Content/Slate/Fonts/Roboto-Light.ttf' (167K)
[2019.01.25-21.33.52:460][702]LogAssetEditorManager: Opening Asset editor for Blueprint /Game/MyTurret.MyTurret
[2019.01.25-21.33.52:994][702]LogContentBrowser: Native class hierarchy updated for 'BlueprintGraph' in 0.0021 seconds. Added 116 classes and 0 folders.
[2019.01.25-21.33.53:892][702]LogSlate: Took 0.000336 seconds to synchronously load lazily loaded font '../../../Engine/Content/Slate/Fonts/Roboto-BoldCondensed.ttf' (158K)
[2019.01.25-21.34.01:944][327]LogSlate: Took 0.000282 seconds to synchronously load lazily loaded font '../../../Engine/Content/Slate/Fonts/Roboto-Italic.ttf' (157K)
[2019.01.25-21.34.10:317][  3]BlueprintLog: New page: Compile MyTurret
[2019.01.25-21.34.10:855][ 25]Cmd: OBJ SAVEPACKAGE PACKAGE="/Game/MyTurret" FILE="../../../../../../Users/w014100h/Documents/Github/HomeIs/HomeIs/Content/MyTurret.uasset" SILENT=true
[2019.01.25-21.34.10:882][ 25]LogSavePackage: Moving '../../../../../../Users/w014100h/Documents/Github/HomeIs/HomeIs/Saved/MyTurretCCF87F1C4EA9996F40B419ACF7D2C4FD.tmp' to '../../../../../../Users/w014100h/Documents/Github/HomeIs/HomeIs/Content/MyTurret.uasset'
[2019.01.25-21.34.22:280][949]BlueprintLog: New page: Compile MyTurret
[2019.01.25-21.34.22:895][978]Cmd: OBJ SAVEPACKAGE PACKAGE="/Game/MyTurret" FILE="../../../../../../Users/w014100h/Documents/Github/HomeIs/HomeIs/Content/MyTurret.uasset" SILENT=true
[2019.01.25-21.34.22:923][978]LogSavePackage: Moving '../../../../../../Users/w014100h/Documents/Github/HomeIs/HomeIs/Saved/MyTurret3E0C7E014456B3F019A69393F5929ED5.tmp' to '../../../../../../Users/w014100h/Documents/Github/HomeIs/HomeIs/Content/MyTurret.uasset'
[2019.01.25-21.34.24:725][141]LogEditorViewport: Clicking on Actor (context menu): StaticMeshActor (Wall3)
[2019.01.25-21.34.24:769][141]LogSlate: FSceneViewport::OnFocusLost() reason 2
[2019.01.25-21.34.27:669][455]LogSlate: FSceneViewport::OnFocusLost() reason 0
[2019.01.25-21.34.40:218][479]LogRenderer: Reallocating scene render targets to support 1208x900 Format 10 NumSamples 1 (Frame:1).
[2019.01.25-21.34.49:436][218]LogSlate: FSceneViewport::OnFocusLost() reason 0
[2019.01.25-21.35.01:757][187]LogSlate: FSceneViewport::OnFocusLost() reason 0
[2019.01.25-21.35.10:661][873]LogClass: Warning: In asset 'None', there is an enum property of type 'ECollisionEnabled' with an invalid value of ''
[2019.01.25-21.35.10:661][873]LogClass: Warning: In asset 'None', there is an enum property of type 'ECollisionEnabled' with an invalid value of ''
[2019.01.25-21.35.10:661][873]LogClass: Warning: In asset 'None', there is an enum property of type 'ECollisionEnabled' with an invalid value of ''
[2019.01.25-21.35.10:664][873]LogClass: Warning: In asset 'None', there is an enum property of type 'ECollisionChannel' with an invalid value of ''
[2019.01.25-21.35.10:665][873]LogClass: Warning: In asset 'None', there is an enum property of type 'ECollisionChannel' with an invalid value of ''
[2019.01.25-21.35.10:665][873]LogClass: Warning: In asset 'None', there is an enum property of type 'ECollisionChannel' with an invalid value of ''
[2019.01.25-21.35.23:062][887]LogSlate: FSceneViewport::OnFocusLost() reason 0
[2019.01.25-21.35.23:124][892]BlueprintLog: New page: Compile MyTurret
[2019.01.25-21.35.23:722][918]Cmd: OBJ SAVEPACKAGE PACKAGE="/Game/MyTurret" FILE="../../../../../../Users/w014100h/Documents/Github/HomeIs/HomeIs/Content/MyTurret.uasset" SILENT=true
[2019.01.25-21.35.23:750][918]LogSavePackage: Moving '../../../../../../Users/w014100h/Documents/Github/HomeIs/HomeIs/Saved/MyTurret6CA5A43744EBC3CF9E14F89D27477137.tmp' to '../../../../../../Users/w014100h/Documents/Github/HomeIs/HomeIs/Content/MyTurret.uasset'
[2019.01.25-21.35.24:878][  3]LogSlate: FSceneViewport::OnFocusLost() reason 0
[2019.01.25-21.35.24:931][  7]LogSlate: Window 'MyTurret' being destroyed
[2019.01.25-21.35.24:935][  7]LogSlate: Window 'MyTurret' being destroyed
[2019.01.25-21.35.25:553][ 68]LogEditorViewport: Clicking on Actor (LMB): StaticMeshActor (Wall3)
[2019.01.25-21.35.28:546][397]LogSlate: FSceneViewport::OnFocusLost() reason 0
[2019.01.25-21.35.28:583][401]LogTemp: Repeating last play command: Selected Viewport
[2019.01.25-21.35.28:613][401]LogBlueprintUserMessages: Early PlayInEditor Detection: Level '/Game/FirstPersonCPP/Maps/FirstPersonExampleMap.FirstPersonExampleMap:PersistentLevel' has LevelScriptBlueprint '/Game/FirstPersonCPP/Maps/FirstPersonExampleMap.FirstPersonExampleMap:PersistentLevel.FirstPersonExampleMap' with GeneratedClass '/Game/FirstPersonCPP/Maps/FirstPersonExampleMap.FirstPersonExampleMap_C' with ClassGeneratedBy '/Game/FirstPersonCPP/Maps/FirstPersonExampleMap.FirstPersonExampleMap:PersistentLevel.FirstPersonExampleMap'
[2019.01.25-21.35.28:613][401]LogPlayLevel: PlayLevel: No blueprints needed recompiling
[2019.01.25-21.35.28:613][401]PIE: New page: PIE session: FirstPersonExampleMap (25 Jan 2019 21:35:28)
[2019.01.25-21.35.28:613][401]LogPlayLevel: Creating play world package: /Game/FirstPersonCPP/Maps/UEDPIE_0_FirstPersonExampleMap
[2019.01.25-21.35.28:629][401]LogPlayLevel: PIE: StaticDuplicateObject took: (0.015354s)
[2019.01.25-21.35.28:630][401]LogAIModule: Creating AISystem for world FirstPersonExampleMap
[2019.01.25-21.35.28:630][401]LogPlayLevel: PIE: World Init took: (0.000956s)
[2019.01.25-21.35.28:630][401]LogPlayLevel: PIE: Created PIE world by copying editor world from /Game/FirstPersonCPP/Maps/FirstPersonExampleMap.FirstPersonExampleMap to /Game/FirstPersonCPP/Maps/UEDPIE_0_FirstPersonExampleMap.FirstPersonExampleMap (0.016777s)
[2019.01.25-21.35.28:665][401]LogInit: XAudio2 using 'Speakers (Realtek High Definition Audio)' : 2 channels at 48 kHz using 32 bits per sample (channel mask 0x3)
[2019.01.25-21.35.28:679][401]LogInit: FAudioDevice initialized.
[2019.01.25-21.35.28:712][401]LogLoad: Game class is 'HomeIsGameMode'
[2019.01.25-21.35.28:714][401]LogWorld: Bringing World /Game/FirstPersonCPP/Maps/UEDPIE_0_FirstPersonExampleMap.FirstPersonExampleMap up for play (max tick rate 0) at 2019.01.25-21.35.28
[2019.01.25-21.35.28:715][401]LogWorld: Bringing up level for play took: 0.002004
[2019.01.25-21.35.28:730][401]PIE: Play in editor start time for /Game/FirstPersonCPP/Maps/UEDPIE_0_FirstPersonExampleMap 0.696
[2019.01.25-21.35.28:730][401]LogBlueprintUserMessages: Late PlayInEditor Detection: Level '/Game/FirstPersonCPP/Maps/FirstPersonExampleMap.FirstPersonExampleMap:PersistentLevel' has LevelScriptBlueprint '/Game/FirstPersonCPP/Maps/FirstPersonExampleMap.FirstPersonExampleMap:PersistentLevel.FirstPersonExampleMap' with GeneratedClass '/Game/FirstPersonCPP/Maps/FirstPersonExampleMap.FirstPersonExampleMap_C' with ClassGeneratedBy '/Game/FirstPersonCPP/Maps/FirstPersonExampleMap.FirstPersonExampleMap:PersistentLevel.FirstPersonExampleMap'
[2019.01.25-21.35.31:693][752]LogSpawn: Warning: SpawnActor failed because of collision at the spawn location [X=-229.927 Y=780.385 Z=240.673] for [FirstPersonProjectile_C]
[2019.01.25-21.35.36:899][376]LogSpawn: Warning: SpawnActor failed because of collision at the spawn location [X=-231.245 Y=783.034 Z=243.732] for [FirstPersonProjectile_C]
[2019.01.25-21.35.45:763][438]LogBlueprintUserMessages: Early EndPlayMap Detection: Level '/Game/FirstPersonCPP/Maps/FirstPersonExampleMap.FirstPersonExampleMap:PersistentLevel' has LevelScriptBlueprint '/Game/FirstPersonCPP/Maps/FirstPersonExampleMap.FirstPersonExampleMap:PersistentLevel.FirstPersonExampleMap' with GeneratedClass '/Game/FirstPersonCPP/Maps/FirstPersonExampleMap.FirstPersonExampleMap_C' with ClassGeneratedBy '/Game/FirstPersonCPP/Maps/FirstPersonExampleMap.FirstPersonExampleMap:PersistentLevel.FirstPersonExampleMap'
[2019.01.25-21.35.45:764][438]LogSlate: Updating window title bar state: overlay mode, drag disabled, window buttons hidden, title bar hidden
[2019.01.25-21.35.45:802][438]LogPlayLevel: Display: Shutting down PIE online subsystems
[2019.01.25-21.35.45:802][438]LogBlueprintUserMessages: Late EndPlayMap Detection: Level '/Game/FirstPersonCPP/Maps/FirstPersonExampleMap.FirstPersonExampleMap:PersistentLevel' has LevelScriptBlueprint '/Game/FirstPersonCPP/Maps/FirstPersonExampleMap.FirstPersonExampleMap:PersistentLevel.FirstPersonExampleMap' with GeneratedClass '/Game/FirstPersonCPP/Maps/FirstPersonExampleMap.FirstPersonExampleMap_C' with ClassGeneratedBy '/Game/FirstPersonCPP/Maps/FirstPersonExampleMap.FirstPersonExampleMap:PersistentLevel.FirstPersonExampleMap'
[2019.01.25-21.35.45:847][438]LogSlate: Updating window title bar state: overlay mode, drag disabled, window buttons hidden, title bar hidden
[2019.01.25-21.35.45:872][439]LogPlayLevel: Display: Destroying online subsystem :Context_6
[2019.01.25-21.35.47:456][628]LogSlate: FSceneViewport::OnFocusLost() reason 0
[2019.01.25-21.43.58:092][ 96]LogSavePackage: Moving '../../../../../../Users/w014100h/Documents/Github/HomeIs/HomeIs/Saved/FirstPersonExampleMap_Auto1A57FDC2A42D4372CE4F1429A3E25ED45.tmp' to '../../../../../../Users/w014100h/Documents/Github/HomeIs/HomeIs/Saved/Autosaves/Game/FirstPersonCPP/Maps/FirstPersonExampleMap_Auto1.umap'
[2019.01.25-21.43.58:108][ 96]LogFileHelpers: Editor autosave (incl. sublevels) for '/Game/FirstPersonCPP/Maps/FirstPersonExampleMap' took 0.308
[2019.01.25-21.43.58:108][ 96]LogFileHelpers: Editor autosave (incl. sublevels) for all levels took 0.308
