Log file open, 01/25/19 21:20:38
LogWindows: Failed to load 'aqProf.dll' (GetLastError=126)
LogWindows: File 'aqProf.dll' does not exist
LogWindows: Failed to load 'VSPerf140.dll' (GetLastError=126)
LogWindows: File 'VSPerf140.dll' does not exist
LogWindows: Failed to load 'VtuneApi.dll' (GetLastError=126)
LogWindows: File 'VtuneApi.dll' does not exist
LogWindows: Failed to load 'VtuneApi32e.dll' (GetLastError=126)
LogWindows: File 'VtuneApi32e.dll' does not exist
LogInit: Display: Running engine for game: HomeIs
LogPlatformFile: Not using cached read wrapper
LogTaskGraph: Started task graph with 5 named threads and 23 total threads with 3 sets of task threads.
LogStats: Stats thread started at 0.440925
LogD3D11RHI: Loaded GFSDK_Aftermath_Lib.x64.dll
LogICUInternationalization: Display: ICU TimeZone Detection - Raw Offset: +0:00, Platform Override: ''
LogPluginManager: Mounting plugin Paper2D
LogPluginManager: Mounting plugin AISupport
LogPluginManager: Mounting plugin LightPropagationVolume
LogPluginManager: Mounting plugin CLionSourceCodeAccess
LogPluginManager: Mounting plugin CodeLiteSourceCodeAccess
LogPluginManager: Mounting plugin GitSourceControl
LogPluginManager: Mounting plugin KDevelopSourceCodeAccess
LogPluginManager: Mounting plugin NullSourceCodeAccess
LogPluginManager: Mounting plugin PerforceSourceControl
LogPluginManager: Mounting plugin SubversionSourceControl
LogPluginManager: Mounting plugin UObjectPlugin
LogPluginManager: Mounting plugin VisualStudioCodeSourceCodeAccess
LogPluginManager: Mounting plugin VisualStudioSourceCodeAccess
LogPluginManager: Mounting plugin XCodeSourceCodeAccess
LogPluginManager: Mounting plugin AssetManagerEditor
LogPluginManager: Mounting plugin CryptoKeys
LogPluginManager: Mounting plugin DataValidation
LogPluginManager: Mounting plugin FacialAnimation
LogPluginManager: Mounting plugin GameplayTagsEditor
LogPluginManager: Mounting plugin MacGraphicsSwitching
LogPluginManager: Mounting plugin MeshEditor
LogPluginManager: Mounting plugin MobileLauncherProfileWizard
LogPluginManager: Mounting plugin PluginBrowser
LogPluginManager: Mounting plugin SpeedTreeImporter
LogPluginManager: Mounting plugin DatasmithContent
LogPluginManager: Mounting plugin AlembicImporter
LogPluginManager: Mounting plugin AppleImageUtils
LogPluginManager: Mounting plugin AppleVision
LogPluginManager: Mounting plugin BackChannel
LogPluginManager: Mounting plugin CharacterAI
LogPluginManager: Mounting plugin GeometryCache
LogPluginManager: Mounting plugin HTML5Networking
LogPluginManager: Mounting plugin ProxyLODPlugin
LogPluginManager: Mounting plugin MagicLeap
LogPluginManager: Mounting plugin MagicLeapEmulator
LogPluginManager: Mounting plugin MagicLeapMedia
LogPluginManager: Mounting plugin AndroidMedia
LogPluginManager: Mounting plugin AvfMedia
LogPluginManager: Mounting plugin ImgMedia
LogPluginManager: Mounting plugin LinearTimecode
LogPluginManager: Mounting plugin MediaCompositing
LogPluginManager: Mounting plugin MediaPlayerEditor
LogPluginManager: Mounting plugin WmfMedia
LogPluginManager: Mounting plugin TcpMessaging
LogPluginManager: Mounting plugin UdpMessaging
LogPluginManager: Mounting plugin ActorSequence
LogPluginManager: Mounting plugin LevelSequenceEditor
LogPluginManager: Mounting plugin MatineeToLevelSequence
LogPluginManager: Mounting plugin NetcodeUnitTest
LogPluginManager: Mounting plugin NUTUnrealEngine4
LogPluginManager: Mounting plugin OnlineSubsystemGooglePlay
LogPluginManager: Mounting plugin OnlineSubsystemIOS
LogPluginManager: Mounting plugin OnlineSubsystem
LogPluginManager: Mounting plugin OnlineSubsystemNull
LogPluginManager: Mounting plugin OnlineSubsystemUtils
LogPluginManager: Mounting plugin LauncherChunkInstaller
LogPluginManager: Mounting plugin AndroidDeviceProfileSelector
LogPluginManager: Mounting plugin AndroidMoviePlayer
LogPluginManager: Mounting plugin AndroidPermission
LogPluginManager: Mounting plugin AppleMoviePlayer
LogPluginManager: Mounting plugin ArchVisCharacter
LogPluginManager: Mounting plugin AudioCapture
LogPluginManager: Mounting plugin CableComponent
LogPluginManager: Mounting plugin CustomMeshComponent
LogPluginManager: Mounting plugin EditableMesh
LogPluginManager: Mounting plugin ExampleDeviceProfileSelector
LogPluginManager: Mounting plugin GoogleCloudMessaging
LogPluginManager: Mounting plugin ImmediatePhysics
LogPluginManager: Mounting plugin IOSDeviceProfileSelector
LogPluginManager: Mounting plugin LinuxDeviceProfileSelector
LogPluginManager: Mounting plugin LocationServicesBPLibrary
LogPluginManager: Mounting plugin MobilePatchingUtils
LogPluginManager: Mounting plugin OculusVR
LogPluginManager: Plugin shader directory ../../../Engine/Plugins/Runtime/Oculus/OculusVR/Shaders found
LogPluginManager: Mapping shader source directory ../../../Engine/Plugins/Runtime/Oculus/OculusVR/Shaders to virtual directory /Plugin/OculusVR
LogPluginManager: Mounting plugin PhysXVehicles
LogPluginManager: Mounting plugin ProceduralMeshComponent
LogPluginManager: Mounting plugin RuntimePhysXCooking
LogPluginManager: Mounting plugin SteamVR
LogPluginManager: Mounting plugin WindowsMoviePlayer
LogStreaming: Display: Took  0.350s to configure plugins.
LogInit: Using libcurl 7.55.1-DEV
LogInit:  - built for x86_64-pc-win32
LogInit:  - supports SSL with OpenSSL/1.0.2h
LogInit:  - supports HTTP deflate (compression) using libz 1.2.8
LogInit:  - other features:
LogInit:      CURL_VERSION_SSL
LogInit:      CURL_VERSION_LIBZ
LogInit:      CURL_VERSION_IPV6
LogInit:      CURL_VERSION_ASYNCHDNS
LogInit:      CURL_VERSION_LARGEFILE
LogInit:      CURL_VERSION_IDN
LogInit:  CurlRequestOptions (configurable via config and command line):
LogInit:  - bVerifyPeer = false  - Libcurl will NOT verify peer certificate
LogInit:  - bUseHttpProxy = false  - Libcurl will NOT use HTTP proxy
LogInit:  - bDontReuseConnections = false  - Libcurl will reuse connections
LogInit:  - CertBundlePath = nullptr  - Libcurl will use whatever was configured at build time.
LogInit:  - MaxHostConnections = 16  - Libcurl will limit the number of connections to a host
LogInit:  - LocalHostAddr = Default
LogInit:  - BufferSize = 65536
LogInit: WinSock: version 1.1 (2.2), MaxSocks=32767, MaxUdp=65467
LogInit: Build: ++UE4+Release-4.20-CL-4369336
LogInit: Engine Version: 4.20.3-4369336+++UE4+Release-4.20
LogInit: Compatible Engine Version: 4.20.0-4212847+++UE4+Release-4.20
LogInit: Net CL: 4212847
LogInit: OS: Windows 10 (), CPU: Intel(R) Xeon(R) CPU E5-1620 v3 @ 3.50GHz, GPU: NVIDIA GeForce GTX 970
LogInit: Compiled (64-bit): Sep 17 2018 12:26:19
LogInit: Compiled with Visual C++: 19.13.26129.00
LogInit: Build Configuration: Development
LogInit: Branch Name: ++UE4+Release-4.20
LogInit: Command Line:  -skipcompile
LogInit: Base Directory: C:/Epic/UE4/UE_4.20/Engine/Binaries/Win64/
LogInit: Installed Engine Build: 1
LogDevObjectVersion: Number of dev versions registered: 20
LogDevObjectVersion:   Dev-Blueprints (B0D832E4-1F89-4F0D-ACCF-7EB736FD4AA2): 10
LogDevObjectVersion:   Dev-Build (E1C64328-A22C-4D53-A36C-8E866417BD8C): 0
LogDevObjectVersion:   Dev-Core (375EC13C-06E4-48FB-B500-84F0262A717E): 2
LogDevObjectVersion:   Dev-Editor (E4B068ED-F494-42E9-A231-DA0B2E46BB41): 24
LogDevObjectVersion:   Dev-Framework (CFFC743F-43B0-4480-9391-14DF171D2073): 34
LogDevObjectVersion:   Dev-Mobile (B02B49B5-BB20-44E9-A304-32B752E40360): 2
LogDevObjectVersion:   Dev-Networking (A4E4105C-59A1-49B5-A7C5-40C4547EDFEE): 0
LogDevObjectVersion:   Dev-Online (39C831C9-5AE6-47DC-9A44-9C173E1C8E7C): 0
LogDevObjectVersion:   Dev-Physics (78F01B33-EBEA-4F98-B9B4-84EACCB95AA2): 0
LogDevObjectVersion:   Dev-Platform (6631380F-2D4D-43E0-8009-CF276956A95A): 0
LogDevObjectVersion:   Dev-Rendering (12F88B9F-8875-4AFC-A67C-D90C383ABD29): 26
LogDevObjectVersion:   Dev-Sequencer (7B5AE74C-D270-4C10-A958-57980B212A5A): 9
LogDevObjectVersion:   Dev-VR (D7296918-1DD6-4BDD-9DE2-64A83CC13884): 2
LogDevObjectVersion:   Dev-LoadTimes (C2A15278-BFE7-4AFE-6C17-90FF531DF755): 1
LogDevObjectVersion:   Private-Geometry (6EACA3D4-40EC-4CC1-B786-8BED09428FC5): 3
LogDevObjectVersion:   Dev-AnimPhys (29E575DD-E0A3-4627-9D10-D276232CDCEA): 17
LogDevObjectVersion:   Dev-ReflectionCapture (6B266CEC-1EC7-4B8F-A30B-E4D90942FC07): 1
LogDevObjectVersion:   Dev-Automation (0DF73D61-A23F-47EA-B727-89E90C41499A): 1
LogDevObjectVersion:   FortniteMain (601D1886-AC64-4F84-AA16-D3DE0DEAC7D6): 12
LogDevObjectVersion:   Dev-Enterprise (9DFFBCD6-494F-0158-E221-12823C92A888): 1
LogStreaming: Display: Took  0.008s to delete old logs.
LogInit: Presizing for max 8388607 objects, including 0 objects not considered by GC, pre-allocating 0 bytes for permanent pool.
LogInit: Object subsystem initialized
[2019.01.25-21.20.38:911][  0]LogInit: Selected Device Profile: [Windows]
[2019.01.25-21.20.38:911][  0]LogInit: Applying CVar settings loaded from the selected device profile: [Windows]
[2019.01.25-21.20.38:938][  0]LogHAL: Display: Platform has ~ 16 GB [17092038656 / 17179869184 / 16], which maps to Larger [LargestMinGB=32, LargerMinGB=12, DefaultMinGB=8, SmallerMinGB=6, SmallestMinGB=0)
[2019.01.25-21.20.38:938][  0]LogInit: Setting Device Profile CVar: [[r.Vulkan.UseRealUBs:1]]
[2019.01.25-21.20.38:938][  0]LogInit: Going up to parent DeviceProfile []
[2019.01.25-21.20.38:939][  0]LogInit: Computer: D102-11
[2019.01.25-21.20.38:939][  0]LogInit: User: w014100h
[2019.01.25-21.20.38:939][  0]LogInit: CPU Page size=4096, Cores=4
[2019.01.25-21.20.38:939][  0]LogInit: High frequency timer resolution =3.410072 MHz
[2019.01.25-21.20.38:940][  0]LogMemory: Memory total: Physical=15.9GB (16GB approx)
[2019.01.25-21.20.38:940][  0]LogMemory: Platform Memory Stats for Windows
[2019.01.25-21.20.38:940][  0]LogMemory: Process Physical Memory: 100.45 MB used, 100.45 MB peak
[2019.01.25-21.20.38:940][  0]LogMemory: Process Virtual Memory: 91.11 MB used, 91.11 MB peak
[2019.01.25-21.20.38:940][  0]LogMemory: Physical Memory: 6947.98 MB used,  9352.26 MB free, 16300.24 MB total
[2019.01.25-21.20.38:940][  0]LogMemory: Virtual Memory: 4640.35 MB used,  9352.26 MB free, 134217728.00 MB total
[2019.01.25-21.20.39:097][  0]LogInit: Using OS detected language (en-US).
[2019.01.25-21.20.39:097][  0]LogInit: Using OS detected locale (en-GB).
[2019.01.25-21.20.39:099][  0]LogTextLocalizationManager: No specific localization for 'en-US' exists, so the 'en' localization will be used.
[2019.01.25-21.20.39:545][  0]LogStreaming: Display: Took  0.448s to InitEngineTextLocalization.
[2019.01.25-21.20.39:546][  0]LogInit: Setting process to per monitor DPI aware
[2019.01.25-21.20.39:599][  0]LogSlate: New Slate User Created.  User Index 0, Is Virtual User: 0
[2019.01.25-21.20.39:600][  0]LogSlate: Slate User Registered.  User Index 0, Is Virtual User: 0
[2019.01.25-21.20.39:978][  0]LogHMD: Failed to initialize OpenVR with code 110
[2019.01.25-21.20.39:978][  0]LogD3D11RHI: D3D11 adapters:
[2019.01.25-21.20.40:085][  0]LogD3D11RHI:    0. 'NVIDIA GeForce GTX 970' (Feature Level 11_0)
[2019.01.25-21.20.40:085][  0]LogD3D11RHI:       4043/0/8150 MB DedicatedVideo/DedicatedSystem/SharedSystem, Outputs:2, VendorId:0x10de
[2019.01.25-21.20.40:093][  0]LogD3D11RHI:    1. 'Microsoft Basic Render Driver' (Feature Level 11_0)
[2019.01.25-21.20.40:094][  0]LogD3D11RHI:       0/0/8150 MB DedicatedVideo/DedicatedSystem/SharedSystem, Outputs:0, VendorId:0x1414
[2019.01.25-21.20.40:094][  0]LogD3D11RHI: Chosen D3D11 Adapter: 0
[2019.01.25-21.20.40:107][  0]LogD3D11RHI: Creating new Direct3DDevice
[2019.01.25-21.20.40:107][  0]LogD3D11RHI:     GPU DeviceId: 0x13c2 (for the marketing name, search the web for "GPU Device Id")
[2019.01.25-21.20.40:107][  0]LogWindows: EnumDisplayDevices:
[2019.01.25-21.20.40:108][  0]LogWindows:    0. 'NVIDIA GeForce GTX 970' (P:1 D:1)
[2019.01.25-21.20.40:108][  0]LogWindows:    1. 'NVIDIA GeForce GTX 970' (P:0 D:1)
[2019.01.25-21.20.40:109][  0]LogWindows:    2. 'NVIDIA GeForce GTX 970' (P:0 D:0)
[2019.01.25-21.20.40:109][  0]LogWindows:    3. 'NVIDIA GeForce GTX 970' (P:0 D:0)
[2019.01.25-21.20.40:110][  0]LogWindows: DebugString: FoundDriverCount:4 
[2019.01.25-21.20.40:110][  0]LogD3D11RHI:     Adapter Name: NVIDIA GeForce GTX 970
[2019.01.25-21.20.40:110][  0]LogD3D11RHI:   Driver Version: 398.82 (internal:24.21.13.9882, unified:398.82)
[2019.01.25-21.20.40:110][  0]LogD3D11RHI:      Driver Date: 7-30-2018
[2019.01.25-21.20.40:110][  0]LogRHI: Texture pool is 2830 MB (70% of 4043 MB)
[2019.01.25-21.20.40:170][  0]LogD3D11RHI: Async texture creation enabled
[2019.01.25-21.20.40:191][  0]LogD3D11RHI: GPU Timing Frequency: 1000.000000 (Debug: 2 2)
[2019.01.25-21.20.40:195][  0]LogShaderCompilers: Guid format shader working directory is -15 characters bigger than the processId version (../../../../../../Users/w014100h/Documents/Github/HomeIs/HomeIs/Intermediate/Shaders/WorkingDirectory/11308/).
[2019.01.25-21.20.40:196][  0]LogShaderCompilers: Cleaned the shader compiler working directory 'C:/Users/w014100h/AppData/Local/Temp/UnrealShaderWorkingDir/A37F275445F2126DBD7FFD98444C4630/'.
[2019.01.25-21.20.40:758][  0]LogTemp: Display: Loaded TP AllDesktopTargetPlatform
[2019.01.25-21.20.40:778][  0]LogTemp: Display: Loaded TP MacClientTargetPlatform
[2019.01.25-21.20.40:797][  0]LogTemp: Display: Loaded TP MacNoEditorTargetPlatform
[2019.01.25-21.20.40:815][  0]LogTemp: Display: Loaded TP MacServerTargetPlatform
[2019.01.25-21.20.40:836][  0]LogTemp: Display: Loaded TP MacTargetPlatform
[2019.01.25-21.20.40:859][  0]LogTemp: Display: Loaded TP WindowsClientTargetPlatform
[2019.01.25-21.20.40:877][  0]LogTemp: Display: Loaded TP WindowsNoEditorTargetPlatform
[2019.01.25-21.20.40:898][  0]LogTemp: Display: Loaded TP WindowsServerTargetPlatform
[2019.01.25-21.20.40:910][  0]LogTemp: Display: Loaded TP WindowsTargetPlatform
[2019.01.25-21.20.41:023][  0]LogTemp: Display: Loaded TP AndroidTargetPlatform
[2019.01.25-21.20.41:023][  0]LogTemp: Display: Loaded TP AndroidTargetPlatform
[2019.01.25-21.20.41:023][  0]LogTemp: Display: Loaded TP AndroidTargetPlatform
[2019.01.25-21.20.41:023][  0]LogTemp: Display: Loaded TP AndroidTargetPlatform
[2019.01.25-21.20.41:023][  0]LogTemp: Display: Loaded TP AndroidTargetPlatform
[2019.01.25-21.20.41:023][  0]LogTemp: Display: Loaded TP AndroidTargetPlatform
[2019.01.25-21.20.41:023][  0]LogTemp: Display: Loaded TP AndroidTargetPlatform
[2019.01.25-21.20.41:023][  0]LogTemp: Display: Loaded TP AndroidTargetPlatform
[2019.01.25-21.20.41:023][  0]LogTemp: Display: Loaded TP AndroidTargetPlatform
[2019.01.25-21.20.41:023][  0]LogTemp: Display: Loaded TP AndroidTargetPlatform
[2019.01.25-21.20.41:023][  0]LogTemp: Display: Loaded TP AndroidTargetPlatform
[2019.01.25-21.20.41:023][  0]LogTemp: Display: Loaded TP AndroidTargetPlatform
[2019.01.25-21.20.41:024][  0]LogTemp: Display: Loaded TP AndroidTargetPlatform
[2019.01.25-21.20.41:024][  0]LogTemp: Display: Loaded TP AndroidTargetPlatform
[2019.01.25-21.20.41:024][  0]LogTemp: Display: Loaded TP AndroidTargetPlatform
[2019.01.25-21.20.41:024][  0]LogTemp: Display: Loaded TP AndroidTargetPlatform
[2019.01.25-21.20.41:024][  0]LogTemp: Display: Loaded TP AndroidTargetPlatform
[2019.01.25-21.20.41:024][  0]LogTemp: Display: Loaded TP AndroidTargetPlatform
[2019.01.25-21.20.41:029][  0]LogTemp: Display: Loaded TP HTML5TargetPlatform
[2019.01.25-21.20.41:116][  0]LogTemp: Display: Loaded TP IOSTargetPlatform
[2019.01.25-21.20.41:116][  0]LogTemp: Display: Loaded TP IOSTargetPlatform
[2019.01.25-21.20.41:161][  0]LogTemp: Display: Loaded TP TVOSTargetPlatform
[2019.01.25-21.20.41:161][  0]LogTemp: Display: Loaded TP TVOSTargetPlatform
[2019.01.25-21.20.41:182][  0]LogTemp: Display: Loaded TP LinuxClientTargetPlatform
[2019.01.25-21.20.41:200][  0]LogTemp: Display: Loaded TP LinuxNoEditorTargetPlatform
[2019.01.25-21.20.41:222][  0]LogTemp: Display: Loaded TP LinuxServerTargetPlatform
[2019.01.25-21.20.41:243][  0]LogTemp: Display: Loaded TP LinuxTargetPlatform
[2019.01.25-21.20.41:257][  0]LogTemp: Display: Loaded TP LuminTargetPlatform
[2019.01.25-21.20.41:257][  0]LogTargetPlatformManager: Display: Building Assets For Windows
[2019.01.25-21.20.41:444][  0]LogXGEController: Cleaning working directory: C:/Users/w014100h/AppData/Local/Temp/UnrealXGEWorkingDir/
[2019.01.25-21.20.41:444][  0]LogXGEController: Cannot use XGE Controller as Incredibuild is not installed on this machine.
[2019.01.25-21.20.41:444][  0]LogShaderCompilers: Cannot use XGE Shader Compiler as Incredibuild is not installed on this machine.
[2019.01.25-21.20.41:445][  0]LogShaderCompilers: Display: Using Local Shader Compiler.
[2019.01.25-21.20.42:574][  0]LogDerivedDataCache: Display: Max Cache Size: 512 MB
[2019.01.25-21.20.42:667][  0]LogDerivedDataCache: Loaded boot cache 0.09s 73MB C:/Users/w014100h/AppData/Local/UnrealEngine/4.20/DerivedDataCache/Boot.ddc.
[2019.01.25-21.20.42:668][  0]LogDerivedDataCache: Display: Loaded Boot cache: C:/Users/w014100h/AppData/Local/UnrealEngine/4.20/DerivedDataCache/Boot.ddc
[2019.01.25-21.20.42:668][  0]LogDerivedDataCache: FDerivedDataBackendGraph:  Pak pak cache file ../../../../../../Users/w014100h/Documents/Github/HomeIs/HomeIs/DerivedDataCache/DDC.ddp not found, will not use a pak cache.
[2019.01.25-21.20.42:668][  0]LogDerivedDataCache: Unable to find inner node Pak for hierarchical cache Hierarchy.
[2019.01.25-21.20.42:668][  0]LogDerivedDataCache: FDerivedDataBackendGraph:  CompressedPak pak cache file ../../../../../../Users/w014100h/Documents/Github/HomeIs/HomeIs/DerivedDataCache/Compressed.ddp not found, will not use a pak cache.
[2019.01.25-21.20.42:668][  0]LogDerivedDataCache: Unable to find inner node CompressedPak for hierarchical cache Hierarchy.
[2019.01.25-21.20.42:683][  0]LogDerivedDataCache: Display: Pak cache opened for reading ../../../Engine/DerivedDataCache/Compressed.ddp.
[2019.01.25-21.20.42:696][  0]LogDerivedDataCache: Using Local data cache path C:/Users/w014100h/AppData/Local/UnrealEngine/Common/DerivedDataCache: Writable
[2019.01.25-21.20.42:696][  0]LogDerivedDataCache: Shared data cache path not found in *engine.ini, will not use an Shared cache.
[2019.01.25-21.20.42:696][  0]LogDerivedDataCache: Unable to find inner node Shared for hierarchical cache Hierarchy.
[2019.01.25-21.20.42:716][  0]LogMaterial: Verifying Global Shaders for PCD3D_SM5
[2019.01.25-21.20.42:718][  0]LogSlate: Using FreeType 2.6.0
[2019.01.25-21.20.42:719][  0]LogSlate: SlateFontServices - WITH_FREETYPE: 1, WITH_HARFBUZZ: 1
[2019.01.25-21.20.42:811][  0]LogAssetRegistry: FAssetRegistry took 0.0293 seconds to start up
[2019.01.25-21.20.43:253][  0]LogInit: Selected Device Profile: [Windows]
[2019.01.25-21.20.43:451][  0]LogSimplygon: Simplygon DLL not present - disabling.
[2019.01.25-21.20.43:463][  0]LogMeshReduction: Using SimplygonSwarm for distributed automatic mesh merging
[2019.01.25-21.20.43:463][  0]LogMeshReduction: Using ProxyLODMeshReduction for automatic mesh merging
[2019.01.25-21.20.43:463][  0]LogMeshReduction: Using QuadricMeshReduction for automatic static mesh reduction
[2019.01.25-21.20.43:463][  0]LogMeshReduction: No automatic skeletal mesh reduction module available
[2019.01.25-21.20.43:484][  0]LogNetVersion: HomeIs 1.0.0, NetCL: 4212847, EngineNetVer: 5, GameNetVer: 0 (Checksum: 4178729889)
[2019.01.25-21.20.44:243][  0]LogPackageLocalizationCache: Processed 11 localized package path(s) for 2 prioritized culture(s) in 0.271870 seconds
[2019.01.25-21.20.44:250][  0]LogUObjectArray: 38425 objects as part of root set at end of initial load.
[2019.01.25-21.20.44:250][  0]LogUObjectAllocator: 6690872 out of 0 bytes used by permanent object pool.
[2019.01.25-21.20.44:251][  0]LogUObjectArray: CloseDisregardForGC: 0/0 objects in disregard for GC pool
[2019.01.25-21.20.45:485][  0]LogTcpMessaging: Initializing TcpMessaging bridge
[2019.01.25-21.20.45:502][  0]LogUdpMessaging: Initializing bridge on interface 0.0.0.0:0 to multicast group 230.0.0.1:6666.
[2019.01.25-21.20.45:980][  0]SourceControl: Source control is disabled
[2019.01.25-21.20.45:981][  0]SourceControl: Source control is disabled
[2019.01.25-21.20.45:986][  0]SourceControl: Source control is disabled
[2019.01.25-21.20.45:990][  0]SourceControl: Source control is disabled
[2019.01.25-21.20.46:299][  0]LogAndroidPermission: UAndroidPermissionCallbackProxy::GetInstance
[2019.01.25-21.20.46:410][  0]LogOcInput: OculusInput pre-init called
[2019.01.25-21.20.46:493][  0]LogEngine: Initializing Engine...
[2019.01.25-21.20.46:494][  0]LogHMD: Failed to initialize OpenVR with code 110
[2019.01.25-21.20.46:495][  0]LogStats: UGameplayTagsManager::ConstructGameplayTagTree: ImportINI prefixes -  0.000 s
[2019.01.25-21.20.46:495][  0]LogStats: UGameplayTagsManager::ConstructGameplayTagTree: Construct from data asset -  0.000 s
[2019.01.25-21.20.46:495][  0]LogStats: UGameplayTagsManager::ConstructGameplayTagTree: ImportINI -  0.000 s
[2019.01.25-21.20.46:495][  0]LogStats: UGameplayTagsManager::ConstructGameplayTagTree: GameplayTagTreeChangedEvent.Broadcast -  0.000 s
[2019.01.25-21.20.46:722][  0]LogInit: Initializing FReadOnlyCVARCache
[2019.01.25-21.20.46:755][  0]LogAIModule: Creating AISystem for world Untitled
[2019.01.25-21.20.46:770][  0]LogInit: XAudio2 using 'Speakers (Realtek High Definition Audio)' : 2 channels at 48 kHz using 32 bits per sample (channel mask 0x3)
[2019.01.25-21.20.46:797][  0]LogInit: FAudioDevice initialized.
[2019.01.25-21.20.46:797][  0]LogNetVersion: Set ProjectVersion to 1.0.0.0. Version Checksum will be recalculated on next use.
[2019.01.25-21.20.46:892][  0]LogDerivedDataCache: Saved boot cache 0.09s 73MB C:/Users/w014100h/AppData/Local/UnrealEngine/4.20/DerivedDataCache/Boot.ddc.
[2019.01.25-21.20.46:918][  0]LogInit: Texture streaming: Enabled
[2019.01.25-21.20.46:960][  0]LogEngineSessionManager: EngineSessionManager initialized
[2019.01.25-21.20.46:960][  0]LogEngineSessionManager: EngineSessionManager sent abnormal shutdown report. Type=Debugger, SessionId={755E302E-4C22-D94C-7F61-718593DCF944}
[2019.01.25-21.20.46:978][  0]LogInit: Transaction tracking system initialized
[2019.01.25-21.20.47:045][  0]BlueprintLog: New page: Editor Load
[2019.01.25-21.20.47:271][  0]LocalizationService: Localization service is disabled
[2019.01.25-21.20.47:671][  0]LogCook: Display: Max memory allowance for cook 16384mb min free memory 0mb
[2019.01.25-21.20.47:672][  0]LogCook: Display: Mobile HDR setting 1
[2019.01.25-21.20.47:672][  0]LogGameplayTags: Display: UGameplayTagsManager::DoneAddingNativeTags. DelegateIsBound: 0
[2019.01.25-21.20.47:672][  0]LogStats: UGameplayTagsManager::ConstructGameplayTagTree: ImportINI prefixes -  0.000 s
[2019.01.25-21.20.47:672][  0]LogStats: UGameplayTagsManager::ConstructGameplayTagTree: Construct from data asset -  0.000 s
[2019.01.25-21.20.47:673][  0]LogStats: UGameplayTagsManager::ConstructGameplayTagTree: ImportINI -  0.000 s
[2019.01.25-21.20.47:673][  0]LogStats: UGameplayTagsManager::ConstructGameplayTagTree: GameplayTagTreeChangedEvent.Broadcast -  0.000 s
[2019.01.25-21.20.47:930][  0]LogFileCache: Scanning file cache for directory 'C:/Users/w014100h/Documents/Github/HomeIs/HomeIs/Content/' took 0.02s
[2019.01.25-21.20.47:930][  0]SourceControl: Source control is disabled
[2019.01.25-21.20.47:930][  0]Cmd: MAP LOAD FILE="../../../../../../Users/w014100h/Documents/Github/HomeIs/HomeIs/Content/FirstPersonCPP/Maps/FirstPersonExampleMap.umap" TEMPLATE=0 SHOWPROGRESS=1 FEATURELEVEL=3
[2019.01.25-21.20.47:931][  0]LightingResults: New page: Lighting Build
[2019.01.25-21.20.47:936][  0]MapCheck: New page: Map Check
[2019.01.25-21.20.47:936][  0]LightingResults: New page: Lighting Build
[2019.01.25-21.20.48:075][  0]LogLinker: Warning: Can't find file '/Game/FirstPersonCPP/Maps/FirstPersonExampleMap_BuiltData'
[2019.01.25-21.20.48:076][  0]LogLinker: Warning: Can't find file for asset '/Game/FirstPersonCPP/Maps/FirstPersonExampleMap_BuiltData' while loading ../../../../../../Users/w014100h/Documents/Github/HomeIs/HomeIs/Content/FirstPersonCPP/Maps/FirstPersonExampleMap.umap.
[2019.01.25-21.20.48:076][  0]LoadErrors: Error: /Game/FirstPersonCPP/Maps/FirstPersonExampleMap : Can't find file for asset. /Game/FirstPersonCPP/Maps/FirstPersonExampleMap_BuiltData
[2019.01.25-21.20.48:086][  0]LogLinker: Warning: Can't find file '/Game/FirstPersonCPP/Maps/FirstPersonExampleMap_BuiltData'
[2019.01.25-21.20.48:087][  0]LogLinker: Warning: Can't find file for asset '/Game/FirstPersonCPP/Maps/FirstPersonExampleMap_BuiltData' while loading ../../../../../../Users/w014100h/Documents/Github/HomeIs/HomeIs/Content/FirstPersonCPP/Maps/FirstPersonExampleMap.umap.
[2019.01.25-21.20.48:087][  0]LoadErrors: Error: /Game/FirstPersonCPP/Maps/FirstPersonExampleMap : Can't find file for asset. /Game/FirstPersonCPP/Maps/FirstPersonExampleMap_BuiltData
[2019.01.25-21.20.48:093][  0]LogLinker: Warning: Can't find file '/Game/FirstPersonCPP/Maps/FirstPersonExampleMap_BuiltData'
[2019.01.25-21.20.48:094][  0]LogLinker: Warning: Can't find file for asset '/Game/FirstPersonCPP/Maps/FirstPersonExampleMap_BuiltData' while loading NULL.
[2019.01.25-21.20.48:094][  0]LogLinker: Warning: Can't find file '/Game/FirstPersonCPP/Maps/FirstPersonExampleMap_BuiltData'
[2019.01.25-21.20.48:095][  0]LogLinker: Warning: Can't find file for asset '/Game/FirstPersonCPP/Maps/FirstPersonExampleMap_BuiltData' while loading NULL.
[2019.01.25-21.20.48:124][  0]LogLinker: Warning: Can't find file '/Game/FirstPersonCPP/Maps/FirstPersonExampleMap_BuiltData'
[2019.01.25-21.20.48:125][  0]LoadErrors: Failed to load /Game/FirstPersonCPP/Maps/FirstPersonExampleMap_BuiltData.FirstPersonExampleMap_BuiltData Referenced by PersistentLevel
[2019.01.25-21.20.48:125][  0]LogLinker: Warning: Can't find file for asset '/Game/FirstPersonCPP/Maps/FirstPersonExampleMap_BuiltData' while loading NULL.
[2019.01.25-21.20.48:126][  0]LoadErrors: Failed to load /Game/FirstPersonCPP/Maps/FirstPersonExampleMap_BuiltData.FirstPersonExampleMap_BuiltData Referenced by PersistentLevel
[2019.01.25-21.20.48:207][  0]LogAIModule: Creating AISystem for world FirstPersonExampleMap
[2019.01.25-21.20.48:224][  0]LogEditorServer: Finished looking for orphan Actors (0.000 secs)
[2019.01.25-21.20.48:254][  0]Cmd: MAP CHECKDEP NOCLEARLOG
[2019.01.25-21.20.48:476][  0]MapCheck: Map check complete: 0 Error(s), 0 Warning(s), took 221.371ms to complete.
[2019.01.25-21.20.48:476][  0]LogFileHelpers: Loading map 'FirstPersonExampleMap' took 0.545
[2019.01.25-21.20.48:622][  0]LogSlate: Updating window title bar state: overlay mode, drag disabled, window buttons hidden, title bar hidden
[2019.01.25-21.20.48:634][  0]LogSlate: Updating window title bar state: overlay mode, drag disabled, window buttons hidden, title bar hidden
[2019.01.25-21.20.48:644][  0]LogSlate: Updating window title bar state: overlay mode, drag disabled, window buttons hidden, title bar hidden
[2019.01.25-21.20.48:651][  0]LogSlate: Updating window title bar state: overlay mode, drag disabled, window buttons hidden, title bar hidden
[2019.01.25-21.20.48:667][  0]LogCollectionManager: Loaded 0 collections in 0.004324 seconds
[2019.01.25-21.20.48:724][  0]LogFileCache: Scanning file cache for directory 'C:/Users/w014100h/Documents/Github/HomeIs/HomeIs/Saved/Collections/' took 0.01s
[2019.01.25-21.20.48:724][  0]LogFileCache: Scanning file cache for directory 'C:/Users/w014100h/Documents/Github/HomeIs/HomeIs/Content/Developers/w014100h/Collections/' took 0.01s
[2019.01.25-21.20.48:724][  0]LogFileCache: Scanning file cache for directory 'C:/Users/w014100h/Documents/Github/HomeIs/HomeIs/Content/Collections/' took 0.01s
[2019.01.25-21.20.48:724][  0]LogCollectionManager: Rebuilt the GUID cache for 0 collections in 0.000000 seconds
[2019.01.25-21.20.48:735][  0]LogContentBrowser: Native class hierarchy populated in 0.0103 seconds. Added 2577 classes and 605 folders.
[2019.01.25-21.20.48:747][  0]LogContentBrowser: Native class hierarchy updated for 'WidgetCarousel' in 0.0005 seconds. Added 0 classes and 0 folders.
[2019.01.25-21.20.48:838][  0]LogContentBrowser: Native class hierarchy updated for 'AddContentDialog' in 0.0006 seconds. Added 0 classes and 0 folders.
[2019.01.25-21.20.48:849][  0]LogContentBrowser: Native class hierarchy updated for 'SceneOutliner' in 0.0007 seconds. Added 1 classes and 2 folders.
[2019.01.25-21.20.48:866][  0]LogSlate: Took 0.000492 seconds to synchronously load lazily loaded font '../../../Engine/Content/Slate/Fonts/Roboto-Regular.ttf' (155K)
[2019.01.25-21.20.48:871][  0]LogSlate: Took 0.000336 seconds to synchronously load lazily loaded font '../../../Engine/Content/Slate/Fonts/Roboto-Bold.ttf' (160K)
[2019.01.25-21.20.48:877][  0]LogSlate: Took 0.000303 seconds to synchronously load lazily loaded font '../../../Engine/Content/Editor/Slate/Fonts/FontAwesome.ttf' (139K)
[2019.01.25-21.20.48:970][  0]LogRenderer: Reallocating scene render targets to support 1208x576 Format 10 NumSamples 1 (Frame:1).
[2019.01.25-21.20.49:041][  0]LogSlate: Took 0.000237 seconds to synchronously load lazily loaded font '../../../Engine/Content/Slate/Fonts/Roboto-Light.ttf' (167K)
[2019.01.25-21.20.49:105][  0]LogSlate: FSceneViewport::OnFocusLost() reason 2
[2019.01.25-21.20.49:123][  0]LogSlate: Window 'Tutorials' being destroyed
[2019.01.25-21.20.49:161][  0]LogContentBrowser: Native class hierarchy updated for 'HierarchicalLODOutliner' in 0.0006 seconds. Added 0 classes and 0 folders.
[2019.01.25-21.20.49:161][  0]LogLoad: (Engine Initialization) Total time: 13.82 seconds
[2019.01.25-21.20.49:161][  0]LogLoad: (Engine Initialization) Total Blueprint compile time: 0.00 seconds
[2019.01.25-21.20.49:172][  0]LogWindowsTextInputMethodSystem: Display: IME system now deactivated.
[2019.01.25-21.20.49:194][  0]LogContentStreaming: Texture pool size now 1000 MB
[2019.01.25-21.20.49:202][  0]LogSlate: FSceneViewport::OnFocusLost() reason 2
[2019.01.25-21.20.49:269][  1]LogAssetRegistry: Asset discovery search completed in 6.4826 seconds
[2019.01.25-21.20.49:272][  1]LogCollectionManager: Rebuilt the object cache for 0 collections in 0.000001 seconds (found 0 objects)
[2019.01.25-21.20.49:272][  1]LogCollectionManager: Fixed up redirectors for 0 collections in 0.000160 seconds (updated 0 objects)
[2019.01.25-21.20.52:965][428]LogSlate: Window 'Message Log' being destroyed
[2019.01.25-21.20.52:969][428]LogSlate: Window 'Message Log' being destroyed
[2019.01.25-21.20.53:587][501]LogSlate: FSceneViewport::OnFocusLost() reason 0
[2019.01.25-21.20.53:645][508]LogTemp: Repeating last play command: Selected Viewport
[2019.01.25-21.20.53:662][508]LogBlueprintUserMessages: Early PlayInEditor Detection: Level '/Game/FirstPersonCPP/Maps/FirstPersonExampleMap.FirstPersonExampleMap:PersistentLevel' has LevelScriptBlueprint '/Game/FirstPersonCPP/Maps/FirstPersonExampleMap.FirstPersonExampleMap:PersistentLevel.FirstPersonExampleMap' with GeneratedClass '/Game/FirstPersonCPP/Maps/FirstPersonExampleMap.FirstPersonExampleMap_C' with ClassGeneratedBy '/Game/FirstPersonCPP/Maps/FirstPersonExampleMap.FirstPersonExampleMap:PersistentLevel.FirstPersonExampleMap'
[2019.01.25-21.20.53:663][508]LogPlayLevel: PlayLevel: No blueprints needed recompiling
[2019.01.25-21.20.53:677][508]PIE: New page: PIE session: FirstPersonExampleMap (25 Jan 2019 21:20:53)
[2019.01.25-21.20.53:677][508]LogPlayLevel: Creating play world package: /Game/FirstPersonCPP/Maps/UEDPIE_0_FirstPersonExampleMap
[2019.01.25-21.20.53:705][508]LogPlayLevel: PIE: StaticDuplicateObject took: (0.028076s)
[2019.01.25-21.20.53:706][508]LogAIModule: Creating AISystem for world FirstPersonExampleMap
[2019.01.25-21.20.53:707][508]LogPlayLevel: PIE: World Init took: (0.001602s)
[2019.01.25-21.20.53:707][508]LogPlayLevel: PIE: Created PIE world by copying editor world from /Game/FirstPersonCPP/Maps/FirstPersonExampleMap.FirstPersonExampleMap to /Game/FirstPersonCPP/Maps/UEDPIE_0_FirstPersonExampleMap.FirstPersonExampleMap (0.030096s)
[2019.01.25-21.20.53:734][508]LogInit: XAudio2 using 'Speakers (Realtek High Definition Audio)' : 2 channels at 48 kHz using 32 bits per sample (channel mask 0x3)
[2019.01.25-21.20.53:751][508]LogInit: FAudioDevice initialized.
[2019.01.25-21.20.53:802][508]LogLoad: Game class is 'HomeIsGameMode'
[2019.01.25-21.20.53:806][508]LogWorld: Bringing World /Game/FirstPersonCPP/Maps/UEDPIE_0_FirstPersonExampleMap.FirstPersonExampleMap up for play (max tick rate 0) at 2019.01.25-21.20.53
[2019.01.25-21.20.53:807][508]LogWorld: Bringing up level for play took: 0.003231
[2019.01.25-21.20.53:830][508]LogContentBrowser: Native class hierarchy updated for 'MovieSceneCapture' in 0.0005 seconds. Added 10 classes and 0 folders.
[2019.01.25-21.20.53:831][508]PIE: Play in editor start time for /Game/FirstPersonCPP/Maps/UEDPIE_0_FirstPersonExampleMap -0.196
[2019.01.25-21.20.53:831][508]LogBlueprintUserMessages: Late PlayInEditor Detection: Level '/Game/FirstPersonCPP/Maps/FirstPersonExampleMap.FirstPersonExampleMap:PersistentLevel' has LevelScriptBlueprint '/Game/FirstPersonCPP/Maps/FirstPersonExampleMap.FirstPersonExampleMap:PersistentLevel.FirstPersonExampleMap' with GeneratedClass '/Game/FirstPersonCPP/Maps/FirstPersonExampleMap.FirstPersonExampleMap_C' with ClassGeneratedBy '/Game/FirstPersonCPP/Maps/FirstPersonExampleMap.FirstPersonExampleMap:PersistentLevel.FirstPersonExampleMap'
[2019.01.25-21.20.55:285][670]LogBlueprintUserMessages: Early EndPlayMap Detection: Level '/Game/FirstPersonCPP/Maps/FirstPersonExampleMap.FirstPersonExampleMap:PersistentLevel' has LevelScriptBlueprint '/Game/FirstPersonCPP/Maps/FirstPersonExampleMap.FirstPersonExampleMap:PersistentLevel.FirstPersonExampleMap' with GeneratedClass '/Game/FirstPersonCPP/Maps/FirstPersonExampleMap.FirstPersonExampleMap_C' with ClassGeneratedBy '/Game/FirstPersonCPP/Maps/FirstPersonExampleMap.FirstPersonExampleMap:PersistentLevel.FirstPersonExampleMap'
[2019.01.25-21.20.55:286][670]LogSlate: Updating window title bar state: overlay mode, drag disabled, window buttons hidden, title bar hidden
[2019.01.25-21.20.55:327][670]LogPlayLevel: Display: Shutting down PIE online subsystems
[2019.01.25-21.20.55:327][670]LogBlueprintUserMessages: Late EndPlayMap Detection: Level '/Game/FirstPersonCPP/Maps/FirstPersonExampleMap.FirstPersonExampleMap:PersistentLevel' has LevelScriptBlueprint '/Game/FirstPersonCPP/Maps/FirstPersonExampleMap.FirstPersonExampleMap:PersistentLevel.FirstPersonExampleMap' with GeneratedClass '/Game/FirstPersonCPP/Maps/FirstPersonExampleMap.FirstPersonExampleMap_C' with ClassGeneratedBy '/Game/FirstPersonCPP/Maps/FirstPersonExampleMap.FirstPersonExampleMap:PersistentLevel.FirstPersonExampleMap'
[2019.01.25-21.20.55:353][670]LogSlate: Updating window title bar state: overlay mode, drag disabled, window buttons hidden, title bar hidden
[2019.01.25-21.20.55:417][672]LogPlayLevel: Display: Destroying online subsystem :Context_1
[2019.01.25-21.20.56:380][786]LogSlate: FSceneViewport::OnFocusLost() reason 0
[2019.01.25-21.20.59:211][ 92]LogSlate: FSceneViewport::OnFocusLost() reason 0
[2019.01.25-21.20.59:287][100]LogTemp: Repeating last play command: Selected Viewport
[2019.01.25-21.20.59:304][100]LogBlueprintUserMessages: Early PlayInEditor Detection: Level '/Game/FirstPersonCPP/Maps/FirstPersonExampleMap.FirstPersonExampleMap:PersistentLevel' has LevelScriptBlueprint '/Game/FirstPersonCPP/Maps/FirstPersonExampleMap.FirstPersonExampleMap:PersistentLevel.FirstPersonExampleMap' with GeneratedClass '/Game/FirstPersonCPP/Maps/FirstPersonExampleMap.FirstPersonExampleMap_C' with ClassGeneratedBy '/Game/FirstPersonCPP/Maps/FirstPersonExampleMap.FirstPersonExampleMap:PersistentLevel.FirstPersonExampleMap'
[2019.01.25-21.20.59:304][100]LogPlayLevel: PlayLevel: No blueprints needed recompiling
[2019.01.25-21.20.59:304][100]PIE: New page: PIE session: FirstPersonExampleMap (25 Jan 2019 21:20:59)
[2019.01.25-21.20.59:305][100]LogPlayLevel: Creating play world package: /Game/FirstPersonCPP/Maps/UEDPIE_0_FirstPersonExampleMap
[2019.01.25-21.20.59:320][100]LogPlayLevel: PIE: StaticDuplicateObject took: (0.015115s)
[2019.01.25-21.20.59:321][100]LogAIModule: Creating AISystem for world FirstPersonExampleMap
[2019.01.25-21.20.59:321][100]LogPlayLevel: PIE: World Init took: (0.001209s)
[2019.01.25-21.20.59:321][100]LogPlayLevel: PIE: Created PIE world by copying editor world from /Game/FirstPersonCPP/Maps/FirstPersonExampleMap.FirstPersonExampleMap to /Game/FirstPersonCPP/Maps/UEDPIE_0_FirstPersonExampleMap.FirstPersonExampleMap (0.016816s)
[2019.01.25-21.20.59:350][100]LogInit: XAudio2 using 'Speakers (Realtek High Definition Audio)' : 2 channels at 48 kHz using 32 bits per sample (channel mask 0x3)
[2019.01.25-21.20.59:365][100]LogInit: FAudioDevice initialized.
[2019.01.25-21.20.59:397][100]LogLoad: Game class is 'HomeIsGameMode'
[2019.01.25-21.20.59:400][100]LogWorld: Bringing World /Game/FirstPersonCPP/Maps/UEDPIE_0_FirstPersonExampleMap.FirstPersonExampleMap up for play (max tick rate 0) at 2019.01.25-21.20.59
[2019.01.25-21.20.59:400][100]LogWorld: Bringing up level for play took: 0.002034
[2019.01.25-21.20.59:414][100]PIE: Play in editor start time for /Game/FirstPersonCPP/Maps/UEDPIE_0_FirstPersonExampleMap -0.613
[2019.01.25-21.20.59:414][100]LogBlueprintUserMessages: Late PlayInEditor Detection: Level '/Game/FirstPersonCPP/Maps/FirstPersonExampleMap.FirstPersonExampleMap:PersistentLevel' has LevelScriptBlueprint '/Game/FirstPersonCPP/Maps/FirstPersonExampleMap.FirstPersonExampleMap:PersistentLevel.FirstPersonExampleMap' with GeneratedClass '/Game/FirstPersonCPP/Maps/FirstPersonExampleMap.FirstPersonExampleMap_C' with ClassGeneratedBy '/Game/FirstPersonCPP/Maps/FirstPersonExampleMap.FirstPersonExampleMap:PersistentLevel.FirstPersonExampleMap'
[2019.01.25-21.21.21:551][748]LogBlueprintUserMessages: Early EndPlayMap Detection: Level '/Game/FirstPersonCPP/Maps/FirstPersonExampleMap.FirstPersonExampleMap:PersistentLevel' has LevelScriptBlueprint '/Game/FirstPersonCPP/Maps/FirstPersonExampleMap.FirstPersonExampleMap:PersistentLevel.FirstPersonExampleMap' with GeneratedClass '/Game/FirstPersonCPP/Maps/FirstPersonExampleMap.FirstPersonExampleMap_C' with ClassGeneratedBy '/Game/FirstPersonCPP/Maps/FirstPersonExampleMap.FirstPersonExampleMap:PersistentLevel.FirstPersonExampleMap'
[2019.01.25-21.21.21:551][748]LogSlate: Updating window title bar state: overlay mode, drag disabled, window buttons hidden, title bar hidden
[2019.01.25-21.21.21:591][748]LogPlayLevel: Display: Shutting down PIE online subsystems
[2019.01.25-21.21.21:591][748]LogBlueprintUserMessages: Late EndPlayMap Detection: Level '/Game/FirstPersonCPP/Maps/FirstPersonExampleMap.FirstPersonExampleMap:PersistentLevel' has LevelScriptBlueprint '/Game/FirstPersonCPP/Maps/FirstPersonExampleMap.FirstPersonExampleMap:PersistentLevel.FirstPersonExampleMap' with GeneratedClass '/Game/FirstPersonCPP/Maps/FirstPersonExampleMap.FirstPersonExampleMap_C' with ClassGeneratedBy '/Game/FirstPersonCPP/Maps/FirstPersonExampleMap.FirstPersonExampleMap:PersistentLevel.FirstPersonExampleMap'
[2019.01.25-21.21.21:638][748]LogSlate: Updating window title bar state: overlay mode, drag disabled, window buttons hidden, title bar hidden
[2019.01.25-21.21.21:670][749]LogPlayLevel: Display: Destroying online subsystem :Context_3
