Log file open, 01/26/19 15:29:20
LogWindows: Failed to load 'aqProf.dll' (GetLastError=126)
LogWindows: File 'aqProf.dll' does not exist
LogWindows: Failed to load 'VSPerf140.dll' (GetLastError=126)
LogWindows: File 'VSPerf140.dll' does not exist
LogWindows: Failed to load 'VtuneApi.dll' (GetLastError=126)
LogWindows: File 'VtuneApi.dll' does not exist
LogWindows: Failed to load 'VtuneApi32e.dll' (GetLastError=126)
LogWindows: File 'VtuneApi32e.dll' does not exist
LogInit: Display: Running engine for game: HomeIs
LogPlatformFile: Not using cached read wrapper
LogTaskGraph: Started task graph with 5 named threads and 23 total threads with 3 sets of task threads.
LogStats: Stats thread started at 0.495039
LogD3D11RHI: Loaded GFSDK_Aftermath_Lib.x64.dll
LogICUInternationalization: Display: ICU TimeZone Detection - Raw Offset: +0:00, Platform Override: ''
LogPluginManager: Mounting plugin Paper2D
LogPluginManager: Mounting plugin AISupport
LogPluginManager: Mounting plugin LightPropagationVolume
LogPluginManager: Mounting plugin CLionSourceCodeAccess
LogPluginManager: Mounting plugin CodeLiteSourceCodeAccess
LogPluginManager: Mounting plugin GitSourceControl
LogPluginManager: Mounting plugin KDevelopSourceCodeAccess
LogPluginManager: Mounting plugin NullSourceCodeAccess
LogPluginManager: Mounting plugin PerforceSourceControl
LogPluginManager: Mounting plugin SubversionSourceControl
LogPluginManager: Mounting plugin UObjectPlugin
LogPluginManager: Mounting plugin VisualStudioCodeSourceCodeAccess
LogPluginManager: Mounting plugin VisualStudioSourceCodeAccess
LogPluginManager: Mounting plugin XCodeSourceCodeAccess
LogPluginManager: Mounting plugin AssetManagerEditor
LogPluginManager: Mounting plugin CryptoKeys
LogPluginManager: Mounting plugin DataValidation
LogPluginManager: Mounting plugin FacialAnimation
LogPluginManager: Mounting plugin GameplayTagsEditor
LogPluginManager: Mounting plugin MacGraphicsSwitching
LogPluginManager: Mounting plugin MeshEditor
LogPluginManager: Mounting plugin MobileLauncherProfileWizard
LogPluginManager: Mounting plugin PluginBrowser
LogPluginManager: Mounting plugin SpeedTreeImporter
LogPluginManager: Mounting plugin DatasmithContent
LogPluginManager: Mounting plugin AlembicImporter
LogPluginManager: Mounting plugin AppleImageUtils
LogPluginManager: Mounting plugin AppleVision
LogPluginManager: Mounting plugin BackChannel
LogPluginManager: Mounting plugin CharacterAI
LogPluginManager: Mounting plugin GeometryCache
LogPluginManager: Mounting plugin HTML5Networking
LogPluginManager: Mounting plugin ProxyLODPlugin
LogPluginManager: Mounting plugin MagicLeap
LogPluginManager: Mounting plugin MagicLeapEmulator
LogPluginManager: Mounting plugin MagicLeapMedia
LogPluginManager: Mounting plugin AndroidMedia
LogPluginManager: Mounting plugin AvfMedia
LogPluginManager: Mounting plugin ImgMedia
LogPluginManager: Mounting plugin LinearTimecode
LogPluginManager: Mounting plugin MediaCompositing
LogPluginManager: Mounting plugin MediaPlayerEditor
LogPluginManager: Mounting plugin WmfMedia
LogPluginManager: Mounting plugin TcpMessaging
LogPluginManager: Mounting plugin UdpMessaging
LogPluginManager: Mounting plugin ActorSequence
LogPluginManager: Mounting plugin LevelSequenceEditor
LogPluginManager: Mounting plugin MatineeToLevelSequence
LogPluginManager: Mounting plugin NetcodeUnitTest
LogPluginManager: Mounting plugin NUTUnrealEngine4
LogPluginManager: Mounting plugin OnlineSubsystemGooglePlay
LogPluginManager: Mounting plugin OnlineSubsystemIOS
LogPluginManager: Mounting plugin OnlineSubsystem
LogPluginManager: Mounting plugin OnlineSubsystemNull
LogPluginManager: Mounting plugin OnlineSubsystemUtils
LogPluginManager: Mounting plugin LauncherChunkInstaller
LogPluginManager: Mounting plugin AndroidDeviceProfileSelector
LogPluginManager: Mounting plugin AndroidMoviePlayer
LogPluginManager: Mounting plugin AndroidPermission
LogPluginManager: Mounting plugin AppleMoviePlayer
LogPluginManager: Mounting plugin ArchVisCharacter
LogPluginManager: Mounting plugin AudioCapture
LogPluginManager: Mounting plugin CableComponent
LogPluginManager: Mounting plugin CustomMeshComponent
LogPluginManager: Mounting plugin EditableMesh
LogPluginManager: Mounting plugin ExampleDeviceProfileSelector
LogPluginManager: Mounting plugin GoogleCloudMessaging
LogPluginManager: Mounting plugin ImmediatePhysics
LogPluginManager: Mounting plugin IOSDeviceProfileSelector
LogPluginManager: Mounting plugin LinuxDeviceProfileSelector
LogPluginManager: Mounting plugin LocationServicesBPLibrary
LogPluginManager: Mounting plugin MobilePatchingUtils
LogPluginManager: Mounting plugin OculusVR
LogPluginManager: Plugin shader directory ../../../Engine/Plugins/Runtime/Oculus/OculusVR/Shaders found
LogPluginManager: Mapping shader source directory ../../../Engine/Plugins/Runtime/Oculus/OculusVR/Shaders to virtual directory /Plugin/OculusVR
LogPluginManager: Mounting plugin PhysXVehicles
LogPluginManager: Mounting plugin ProceduralMeshComponent
LogPluginManager: Mounting plugin RuntimePhysXCooking
LogPluginManager: Mounting plugin SteamVR
LogPluginManager: Mounting plugin WindowsMoviePlayer
LogStreaming: Display: Took  0.315s to configure plugins.
LogInit: Using libcurl 7.55.1-DEV
LogInit:  - built for x86_64-pc-win32
LogInit:  - supports SSL with OpenSSL/1.0.2h
LogInit:  - supports HTTP deflate (compression) using libz 1.2.8
LogInit:  - other features:
LogInit:      CURL_VERSION_SSL
LogInit:      CURL_VERSION_LIBZ
LogInit:      CURL_VERSION_IPV6
LogInit:      CURL_VERSION_ASYNCHDNS
LogInit:      CURL_VERSION_LARGEFILE
LogInit:      CURL_VERSION_IDN
LogInit:  CurlRequestOptions (configurable via config and command line):
LogInit:  - bVerifyPeer = false  - Libcurl will NOT verify peer certificate
LogInit:  - bUseHttpProxy = false  - Libcurl will NOT use HTTP proxy
LogInit:  - bDontReuseConnections = false  - Libcurl will reuse connections
LogInit:  - CertBundlePath = nullptr  - Libcurl will use whatever was configured at build time.
LogInit:  - MaxHostConnections = 16  - Libcurl will limit the number of connections to a host
LogInit:  - LocalHostAddr = Default
LogInit:  - BufferSize = 65536
LogInit: WinSock: version 1.1 (2.2), MaxSocks=32767, MaxUdp=65467
LogInit: Build: ++UE4+Release-4.20-CL-4369336
LogInit: Engine Version: 4.20.3-4369336+++UE4+Release-4.20
LogInit: Compatible Engine Version: 4.20.0-4212847+++UE4+Release-4.20
LogInit: Net CL: 4212847
LogInit: OS: Windows 10 (), CPU: Intel(R) Xeon(R) CPU E5-1620 v3 @ 3.50GHz, GPU: NVIDIA GeForce GTX 970
LogInit: Compiled (64-bit): Sep 17 2018 12:26:19
LogInit: Compiled with Visual C++: 19.13.26129.00
LogInit: Build Configuration: Development
LogInit: Branch Name: ++UE4+Release-4.20
LogInit: Command Line:  -skipcompile
LogInit: Base Directory: C:/Epic/UE4/UE_4.20/Engine/Binaries/Win64/
LogInit: Installed Engine Build: 1
LogDevObjectVersion: Number of dev versions registered: 20
LogDevObjectVersion:   Dev-Blueprints (B0D832E4-1F89-4F0D-ACCF-7EB736FD4AA2): 10
LogDevObjectVersion:   Dev-Build (E1C64328-A22C-4D53-A36C-8E866417BD8C): 0
LogDevObjectVersion:   Dev-Core (375EC13C-06E4-48FB-B500-84F0262A717E): 2
LogDevObjectVersion:   Dev-Editor (E4B068ED-F494-42E9-A231-DA0B2E46BB41): 24
LogDevObjectVersion:   Dev-Framework (CFFC743F-43B0-4480-9391-14DF171D2073): 34
LogDevObjectVersion:   Dev-Mobile (B02B49B5-BB20-44E9-A304-32B752E40360): 2
LogDevObjectVersion:   Dev-Networking (A4E4105C-59A1-49B5-A7C5-40C4547EDFEE): 0
LogDevObjectVersion:   Dev-Online (39C831C9-5AE6-47DC-9A44-9C173E1C8E7C): 0
LogDevObjectVersion:   Dev-Physics (78F01B33-EBEA-4F98-B9B4-84EACCB95AA2): 0
LogDevObjectVersion:   Dev-Platform (6631380F-2D4D-43E0-8009-CF276956A95A): 0
LogDevObjectVersion:   Dev-Rendering (12F88B9F-8875-4AFC-A67C-D90C383ABD29): 26
LogDevObjectVersion:   Dev-Sequencer (7B5AE74C-D270-4C10-A958-57980B212A5A): 9
LogDevObjectVersion:   Dev-VR (D7296918-1DD6-4BDD-9DE2-64A83CC13884): 2
LogDevObjectVersion:   Dev-LoadTimes (C2A15278-BFE7-4AFE-6C17-90FF531DF755): 1
LogDevObjectVersion:   Private-Geometry (6EACA3D4-40EC-4CC1-B786-8BED09428FC5): 3
LogDevObjectVersion:   Dev-AnimPhys (29E575DD-E0A3-4627-9D10-D276232CDCEA): 17
LogDevObjectVersion:   Dev-ReflectionCapture (6B266CEC-1EC7-4B8F-A30B-E4D90942FC07): 1
LogDevObjectVersion:   Dev-Automation (0DF73D61-A23F-47EA-B727-89E90C41499A): 1
LogDevObjectVersion:   FortniteMain (601D1886-AC64-4F84-AA16-D3DE0DEAC7D6): 12
LogDevObjectVersion:   Dev-Enterprise (9DFFBCD6-494F-0158-E221-12823C92A888): 1
LogStreaming: Display: Took  0.007s to delete old logs.
LogInit: Presizing for max 8388607 objects, including 0 objects not considered by GC, pre-allocating 0 bytes for permanent pool.
LogInit: Object subsystem initialized
[2019.01.26-15.29.20:855][  0]LogInit: Selected Device Profile: [Windows]
[2019.01.26-15.29.20:856][  0]LogInit: Applying CVar settings loaded from the selected device profile: [Windows]
[2019.01.26-15.29.20:883][  0]LogHAL: Display: Platform has ~ 16 GB [17092038656 / 17179869184 / 16], which maps to Larger [LargestMinGB=32, LargerMinGB=12, DefaultMinGB=8, SmallerMinGB=6, SmallestMinGB=0)
[2019.01.26-15.29.20:883][  0]LogInit: Setting Device Profile CVar: [[r.Vulkan.UseRealUBs:1]]
[2019.01.26-15.29.20:883][  0]LogInit: Going up to parent DeviceProfile []
[2019.01.26-15.29.20:884][  0]LogInit: Computer: D102-12
[2019.01.26-15.29.20:884][  0]LogInit: User: c013767h
[2019.01.26-15.29.20:884][  0]LogInit: CPU Page size=4096, Cores=4
[2019.01.26-15.29.20:884][  0]LogInit: High frequency timer resolution =3.410072 MHz
[2019.01.26-15.29.20:884][  0]LogMemory: Memory total: Physical=15.9GB (16GB approx)
[2019.01.26-15.29.20:884][  0]LogMemory: Platform Memory Stats for Windows
[2019.01.26-15.29.20:884][  0]LogMemory: Process Physical Memory: 100.43 MB used, 100.43 MB peak
[2019.01.26-15.29.20:884][  0]LogMemory: Process Virtual Memory: 90.96 MB used, 90.96 MB peak
[2019.01.26-15.29.20:885][  0]LogMemory: Physical Memory: 7285.38 MB used,  9014.86 MB free, 16300.24 MB total
[2019.01.26-15.29.20:885][  0]LogMemory: Virtual Memory: 4640.35 MB used,  9014.86 MB free, 134217728.00 MB total
[2019.01.26-15.29.21:027][  0]LogInit: Using OS detected language (en-US).
[2019.01.26-15.29.21:027][  0]LogInit: Using OS detected locale (en-GB).
[2019.01.26-15.29.21:029][  0]LogTextLocalizationManager: No specific localization for 'en-US' exists, so the 'en' localization will be used.
[2019.01.26-15.29.21:460][  0]LogStreaming: Display: Took  0.433s to InitEngineTextLocalization.
[2019.01.26-15.29.21:461][  0]LogInit: Setting process to per monitor DPI aware
[2019.01.26-15.29.21:524][  0]LogSlate: New Slate User Created.  User Index 0, Is Virtual User: 0
[2019.01.26-15.29.21:524][  0]LogSlate: Slate User Registered.  User Index 0, Is Virtual User: 0
[2019.01.26-15.29.21:879][  0]LogHMD: Failed to initialize OpenVR with code 110
[2019.01.26-15.29.21:879][  0]LogD3D11RHI: D3D11 adapters:
[2019.01.26-15.29.21:983][  0]LogD3D11RHI:    0. 'NVIDIA GeForce GTX 970' (Feature Level 11_0)
[2019.01.26-15.29.21:983][  0]LogD3D11RHI:       4043/0/8150 MB DedicatedVideo/DedicatedSystem/SharedSystem, Outputs:2, VendorId:0x10de
[2019.01.26-15.29.21:989][  0]LogD3D11RHI:    1. 'Microsoft Basic Render Driver' (Feature Level 11_0)
[2019.01.26-15.29.21:989][  0]LogD3D11RHI:       0/0/8150 MB DedicatedVideo/DedicatedSystem/SharedSystem, Outputs:0, VendorId:0x1414
[2019.01.26-15.29.21:989][  0]LogD3D11RHI: Chosen D3D11 Adapter: 0
[2019.01.26-15.29.21:999][  0]LogD3D11RHI: Creating new Direct3DDevice
[2019.01.26-15.29.21:999][  0]LogD3D11RHI:     GPU DeviceId: 0x13c2 (for the marketing name, search the web for "GPU Device Id")
[2019.01.26-15.29.21:999][  0]LogWindows: EnumDisplayDevices:
[2019.01.26-15.29.21:999][  0]LogWindows:    0. 'NVIDIA GeForce GTX 970' (P:1 D:1)
[2019.01.26-15.29.22:000][  0]LogWindows:    1. 'NVIDIA GeForce GTX 970' (P:0 D:1)
[2019.01.26-15.29.22:000][  0]LogWindows:    2. 'NVIDIA GeForce GTX 970' (P:0 D:0)
[2019.01.26-15.29.22:001][  0]LogWindows:    3. 'NVIDIA GeForce GTX 970' (P:0 D:0)
[2019.01.26-15.29.22:001][  0]LogWindows: DebugString: FoundDriverCount:4 
[2019.01.26-15.29.22:001][  0]LogD3D11RHI:     Adapter Name: NVIDIA GeForce GTX 970
[2019.01.26-15.29.22:001][  0]LogD3D11RHI:   Driver Version: 398.82 (internal:24.21.13.9882, unified:398.82)
[2019.01.26-15.29.22:001][  0]LogD3D11RHI:      Driver Date: 7-30-2018
[2019.01.26-15.29.22:001][  0]LogRHI: Texture pool is 2830 MB (70% of 4043 MB)
[2019.01.26-15.29.22:048][  0]LogD3D11RHI: Async texture creation enabled
[2019.01.26-15.29.22:067][  0]LogD3D11RHI: GPU Timing Frequency: 1000.000000 (Debug: 2 2)
[2019.01.26-15.29.22:070][  0]LogShaderCompilers: Guid format shader working directory is -14 characters bigger than the processId version (../../../../../../Users/c013767h/Documents/GitHub/HomeIs/HomeIs/Intermediate/Shaders/WorkingDirectory/5748/).
[2019.01.26-15.29.22:071][  0]LogShaderCompilers: Cleaned the shader compiler working directory 'C:/Users/c013767h/AppData/Local/Temp/UnrealShaderWorkingDir/0A02820346F3C7B1B955CE8DD1A6A2CA/'.
[2019.01.26-15.29.22:436][  0]LogTemp: Display: Loaded TP AllDesktopTargetPlatform
[2019.01.26-15.29.22:455][  0]LogTemp: Display: Loaded TP MacClientTargetPlatform
[2019.01.26-15.29.22:473][  0]LogTemp: Display: Loaded TP MacNoEditorTargetPlatform
[2019.01.26-15.29.22:493][  0]LogTemp: Display: Loaded TP MacServerTargetPlatform
[2019.01.26-15.29.22:514][  0]LogTemp: Display: Loaded TP MacTargetPlatform
[2019.01.26-15.29.22:533][  0]LogTemp: Display: Loaded TP WindowsClientTargetPlatform
[2019.01.26-15.29.22:552][  0]LogTemp: Display: Loaded TP WindowsNoEditorTargetPlatform
[2019.01.26-15.29.22:571][  0]LogTemp: Display: Loaded TP WindowsServerTargetPlatform
[2019.01.26-15.29.22:582][  0]LogTemp: Display: Loaded TP WindowsTargetPlatform
[2019.01.26-15.29.22:680][  0]LogTemp: Display: Loaded TP AndroidTargetPlatform
[2019.01.26-15.29.22:680][  0]LogTemp: Display: Loaded TP AndroidTargetPlatform
[2019.01.26-15.29.22:680][  0]LogTemp: Display: Loaded TP AndroidTargetPlatform
[2019.01.26-15.29.22:680][  0]LogTemp: Display: Loaded TP AndroidTargetPlatform
[2019.01.26-15.29.22:681][  0]LogTemp: Display: Loaded TP AndroidTargetPlatform
[2019.01.26-15.29.22:681][  0]LogTemp: Display: Loaded TP AndroidTargetPlatform
[2019.01.26-15.29.22:681][  0]LogTemp: Display: Loaded TP AndroidTargetPlatform
[2019.01.26-15.29.22:681][  0]LogTemp: Display: Loaded TP AndroidTargetPlatform
[2019.01.26-15.29.22:681][  0]LogTemp: Display: Loaded TP AndroidTargetPlatform
[2019.01.26-15.29.22:681][  0]LogTemp: Display: Loaded TP AndroidTargetPlatform
[2019.01.26-15.29.22:682][  0]LogTemp: Display: Loaded TP AndroidTargetPlatform
[2019.01.26-15.29.22:682][  0]LogTemp: Display: Loaded TP AndroidTargetPlatform
[2019.01.26-15.29.22:682][  0]LogTemp: Display: Loaded TP AndroidTargetPlatform
[2019.01.26-15.29.22:682][  0]LogTemp: Display: Loaded TP AndroidTargetPlatform
[2019.01.26-15.29.22:682][  0]LogTemp: Display: Loaded TP AndroidTargetPlatform
[2019.01.26-15.29.22:682][  0]LogTemp: Display: Loaded TP AndroidTargetPlatform
[2019.01.26-15.29.22:682][  0]LogTemp: Display: Loaded TP AndroidTargetPlatform
[2019.01.26-15.29.22:682][  0]LogTemp: Display: Loaded TP AndroidTargetPlatform
[2019.01.26-15.29.22:693][  0]LogTemp: Display: Loaded TP HTML5TargetPlatform
[2019.01.26-15.29.22:774][  0]LogTemp: Display: Loaded TP IOSTargetPlatform
[2019.01.26-15.29.22:774][  0]LogTemp: Display: Loaded TP IOSTargetPlatform
[2019.01.26-15.29.22:806][  0]LogTemp: Display: Loaded TP TVOSTargetPlatform
[2019.01.26-15.29.22:806][  0]LogTemp: Display: Loaded TP TVOSTargetPlatform
[2019.01.26-15.29.22:824][  0]LogTemp: Display: Loaded TP LinuxClientTargetPlatform
[2019.01.26-15.29.22:840][  0]LogTemp: Display: Loaded TP LinuxNoEditorTargetPlatform
[2019.01.26-15.29.22:860][  0]LogTemp: Display: Loaded TP LinuxServerTargetPlatform
[2019.01.26-15.29.22:879][  0]LogTemp: Display: Loaded TP LinuxTargetPlatform
[2019.01.26-15.29.22:894][  0]LogTemp: Display: Loaded TP LuminTargetPlatform
[2019.01.26-15.29.22:894][  0]LogTargetPlatformManager: Display: Building Assets For Windows
[2019.01.26-15.29.23:077][  0]LogXGEController: Cleaning working directory: C:/Users/c013767h/AppData/Local/Temp/UnrealXGEWorkingDir/
[2019.01.26-15.29.23:077][  0]LogXGEController: Cannot use XGE Controller as Incredibuild is not installed on this machine.
[2019.01.26-15.29.23:077][  0]LogShaderCompilers: Cannot use XGE Shader Compiler as Incredibuild is not installed on this machine.
[2019.01.26-15.29.23:078][  0]LogShaderCompilers: Display: Using Local Shader Compiler.
[2019.01.26-15.29.24:153][  0]LogDerivedDataCache: Display: Max Cache Size: 512 MB
[2019.01.26-15.29.24:283][  0]LogDerivedDataCache: Loaded boot cache 0.13s 73MB C:/Users/c013767h/AppData/Local/UnrealEngine/4.20/DerivedDataCache/Boot.ddc.
[2019.01.26-15.29.24:288][  0]LogDerivedDataCache: Display: Loaded Boot cache: C:/Users/c013767h/AppData/Local/UnrealEngine/4.20/DerivedDataCache/Boot.ddc
[2019.01.26-15.29.24:288][  0]LogDerivedDataCache: FDerivedDataBackendGraph:  Pak pak cache file ../../../../../../Users/c013767h/Documents/GitHub/HomeIs/HomeIs/DerivedDataCache/DDC.ddp not found, will not use a pak cache.
[2019.01.26-15.29.24:289][  0]LogDerivedDataCache: Unable to find inner node Pak for hierarchical cache Hierarchy.
[2019.01.26-15.29.24:289][  0]LogDerivedDataCache: FDerivedDataBackendGraph:  CompressedPak pak cache file ../../../../../../Users/c013767h/Documents/GitHub/HomeIs/HomeIs/DerivedDataCache/Compressed.ddp not found, will not use a pak cache.
[2019.01.26-15.29.24:289][  0]LogDerivedDataCache: Unable to find inner node CompressedPak for hierarchical cache Hierarchy.
[2019.01.26-15.29.24:318][  0]LogDerivedDataCache: Display: Pak cache opened for reading ../../../Engine/DerivedDataCache/Compressed.ddp.
[2019.01.26-15.29.24:335][  0]LogDerivedDataCache: Using Local data cache path C:/Users/c013767h/AppData/Local/UnrealEngine/Common/DerivedDataCache: Writable
[2019.01.26-15.29.24:335][  0]LogDerivedDataCache: Shared data cache path not found in *engine.ini, will not use an Shared cache.
[2019.01.26-15.29.24:335][  0]LogDerivedDataCache: Unable to find inner node Shared for hierarchical cache Hierarchy.
[2019.01.26-15.29.24:381][  0]LogMaterial: Verifying Global Shaders for PCD3D_SM5
[2019.01.26-15.29.24:383][  0]LogSlate: Using FreeType 2.6.0
[2019.01.26-15.29.24:385][  0]LogSlate: SlateFontServices - WITH_FREETYPE: 1, WITH_HARFBUZZ: 1
[2019.01.26-15.29.24:481][  0]LogAssetRegistry: FAssetRegistry took 0.0324 seconds to start up
[2019.01.26-15.29.24:911][  0]LogInit: Selected Device Profile: [Windows]
[2019.01.26-15.29.25:126][  0]LogSimplygon: Simplygon DLL not present - disabling.
[2019.01.26-15.29.25:138][  0]LogMeshReduction: Using SimplygonSwarm for distributed automatic mesh merging
[2019.01.26-15.29.25:138][  0]LogMeshReduction: Using ProxyLODMeshReduction for automatic mesh merging
[2019.01.26-15.29.25:138][  0]LogMeshReduction: Using QuadricMeshReduction for automatic static mesh reduction
[2019.01.26-15.29.25:138][  0]LogMeshReduction: No automatic skeletal mesh reduction module available
[2019.01.26-15.29.25:164][  0]LogNetVersion: HomeIs 1.0.0, NetCL: 4212847, EngineNetVer: 5, GameNetVer: 0 (Checksum: 4178729889)
[2019.01.26-15.29.25:959][  0]LogPackageLocalizationCache: Processed 11 localized package path(s) for 2 prioritized culture(s) in 0.263540 seconds
[2019.01.26-15.29.25:965][  0]LogUObjectArray: 38425 objects as part of root set at end of initial load.
[2019.01.26-15.29.25:966][  0]LogUObjectAllocator: 6690864 out of 0 bytes used by permanent object pool.
[2019.01.26-15.29.25:966][  0]LogUObjectArray: CloseDisregardForGC: 0/0 objects in disregard for GC pool
[2019.01.26-15.29.27:237][  0]LogTcpMessaging: Initializing TcpMessaging bridge
[2019.01.26-15.29.27:256][  0]LogUdpMessaging: Initializing bridge on interface 0.0.0.0:0 to multicast group 230.0.0.1:6666.
[2019.01.26-15.29.27:779][  0]SourceControl: Source control is disabled
[2019.01.26-15.29.27:779][  0]SourceControl: Source control is disabled
[2019.01.26-15.29.27:785][  0]SourceControl: Source control is disabled
[2019.01.26-15.29.27:788][  0]SourceControl: Source control is disabled
[2019.01.26-15.29.28:109][  0]LogAndroidPermission: UAndroidPermissionCallbackProxy::GetInstance
[2019.01.26-15.29.28:209][  0]LogOcInput: OculusInput pre-init called
[2019.01.26-15.29.28:290][  0]LogEngine: Initializing Engine...
[2019.01.26-15.29.28:291][  0]LogHMD: Failed to initialize OpenVR with code 110
[2019.01.26-15.29.28:293][  0]LogStats: UGameplayTagsManager::ConstructGameplayTagTree: ImportINI prefixes -  0.000 s
[2019.01.26-15.29.28:293][  0]LogStats: UGameplayTagsManager::ConstructGameplayTagTree: Construct from data asset -  0.000 s
[2019.01.26-15.29.28:294][  0]LogStats: UGameplayTagsManager::ConstructGameplayTagTree: ImportINI -  0.000 s
[2019.01.26-15.29.28:294][  0]LogStats: UGameplayTagsManager::ConstructGameplayTagTree: GameplayTagTreeChangedEvent.Broadcast -  0.000 s
[2019.01.26-15.29.28:524][  0]LogInit: Initializing FReadOnlyCVARCache
[2019.01.26-15.29.28:554][  0]LogAIModule: Creating AISystem for world Untitled
[2019.01.26-15.29.28:571][  0]LogInit: XAudio2 using 'Speakers (Realtek High Definition Audio)' : 2 channels at 48 kHz using 32 bits per sample (channel mask 0x3)
[2019.01.26-15.29.28:618][  0]LogInit: FAudioDevice initialized.
[2019.01.26-15.29.28:618][  0]LogNetVersion: Set ProjectVersion to 1.0.0.0. Version Checksum will be recalculated on next use.
[2019.01.26-15.29.28:716][  0]LogDerivedDataCache: Saved boot cache 0.10s 73MB C:/Users/c013767h/AppData/Local/UnrealEngine/4.20/DerivedDataCache/Boot.ddc.
[2019.01.26-15.29.28:737][  0]LogInit: Texture streaming: Enabled
[2019.01.26-15.29.28:778][  0]LogEngineSessionManager: EngineSessionManager initialized
[2019.01.26-15.29.28:802][  0]LogInit: Transaction tracking system initialized
[2019.01.26-15.29.28:861][  0]BlueprintLog: New page: Editor Load
[2019.01.26-15.29.29:114][  0]LocalizationService: Localization service is disabled
[2019.01.26-15.29.29:506][  0]LogCook: Display: Max memory allowance for cook 16384mb min free memory 0mb
[2019.01.26-15.29.29:506][  0]LogCook: Display: Mobile HDR setting 1
[2019.01.26-15.29.29:507][  0]LogGameplayTags: Display: UGameplayTagsManager::DoneAddingNativeTags. DelegateIsBound: 0
[2019.01.26-15.29.29:507][  0]LogStats: UGameplayTagsManager::ConstructGameplayTagTree: ImportINI prefixes -  0.000 s
[2019.01.26-15.29.29:507][  0]LogStats: UGameplayTagsManager::ConstructGameplayTagTree: Construct from data asset -  0.000 s
[2019.01.26-15.29.29:507][  0]LogStats: UGameplayTagsManager::ConstructGameplayTagTree: ImportINI -  0.000 s
[2019.01.26-15.29.29:507][  0]LogStats: UGameplayTagsManager::ConstructGameplayTagTree: GameplayTagTreeChangedEvent.Broadcast -  0.000 s
[2019.01.26-15.29.29:768][  0]LogFileCache: Scanning file cache for directory 'C:/Users/c013767h/Documents/GitHub/HomeIs/HomeIs/Content/' took 0.02s
[2019.01.26-15.29.29:768][  0]SourceControl: Source control is disabled
[2019.01.26-15.29.29:768][  0]Cmd: MAP LOAD FILE="../../../../../../Users/c013767h/Documents/GitHub/HomeIs/HomeIs/Content/FirstPersonCPP/Maps/FirstPersonExampleMap.umap" TEMPLATE=0 SHOWPROGRESS=1 FEATURELEVEL=3
[2019.01.26-15.29.29:769][  0]LightingResults: New page: Lighting Build
[2019.01.26-15.29.29:774][  0]MapCheck: New page: Map Check
[2019.01.26-15.29.29:774][  0]LightingResults: New page: Lighting Build
[2019.01.26-15.29.30:036][  0]LogAIModule: Creating AISystem for world FirstPersonExampleMap
[2019.01.26-15.29.30:049][  0]LogEditorServer: Finished looking for orphan Actors (0.000 secs)
[2019.01.26-15.29.30:078][  0]Cmd: MAP CHECKDEP NOCLEARLOG
[2019.01.26-15.29.30:299][  0]MapCheck: Map check complete: 0 Error(s), 0 Warning(s), took 219.934ms to complete.
[2019.01.26-15.29.30:299][  0]LogFileHelpers: Loading map 'FirstPersonExampleMap' took 0.531
[2019.01.26-15.29.30:456][  0]LogSlate: Updating window title bar state: overlay mode, drag disabled, window buttons hidden, title bar hidden
[2019.01.26-15.29.30:467][  0]LogSlate: Updating window title bar state: overlay mode, drag disabled, window buttons hidden, title bar hidden
[2019.01.26-15.29.30:474][  0]LogSlate: Updating window title bar state: overlay mode, drag disabled, window buttons hidden, title bar hidden
[2019.01.26-15.29.30:482][  0]LogSlate: Updating window title bar state: overlay mode, drag disabled, window buttons hidden, title bar hidden
[2019.01.26-15.29.30:495][  0]LogCollectionManager: Loaded 0 collections in 0.003929 seconds
[2019.01.26-15.29.30:551][  0]LogFileCache: Scanning file cache for directory 'C:/Users/c013767h/Documents/GitHub/HomeIs/HomeIs/Saved/Collections/' took 0.01s
[2019.01.26-15.29.30:552][  0]LogFileCache: Scanning file cache for directory 'C:/Users/c013767h/Documents/GitHub/HomeIs/HomeIs/Content/Developers/c013767h/Collections/' took 0.01s
[2019.01.26-15.29.30:552][  0]LogFileCache: Scanning file cache for directory 'C:/Users/c013767h/Documents/GitHub/HomeIs/HomeIs/Content/Collections/' took 0.01s
[2019.01.26-15.29.30:552][  0]LogCollectionManager: Rebuilt the GUID cache for 0 collections in 0.000000 seconds
[2019.01.26-15.29.30:568][  0]LogContentBrowser: Native class hierarchy populated in 0.0150 seconds. Added 2579 classes and 605 folders.
[2019.01.26-15.29.30:582][  0]LogContentBrowser: Native class hierarchy updated for 'WidgetCarousel' in 0.0007 seconds. Added 0 classes and 0 folders.
[2019.01.26-15.29.30:679][  0]LogContentBrowser: Native class hierarchy updated for 'AddContentDialog' in 0.0005 seconds. Added 0 classes and 0 folders.
[2019.01.26-15.29.30:692][  0]LogContentBrowser: Native class hierarchy updated for 'SceneOutliner' in 0.0006 seconds. Added 1 classes and 2 folders.
[2019.01.26-15.29.30:707][  0]LogSlate: Took 0.000295 seconds to synchronously load lazily loaded font '../../../Engine/Content/Slate/Fonts/Roboto-Regular.ttf' (155K)
[2019.01.26-15.29.30:710][  0]LogSlate: Took 0.000304 seconds to synchronously load lazily loaded font '../../../Engine/Content/Slate/Fonts/Roboto-Bold.ttf' (160K)
[2019.01.26-15.29.30:719][  0]LogSlate: Took 0.000338 seconds to synchronously load lazily loaded font '../../../Engine/Content/Editor/Slate/Fonts/FontAwesome.ttf' (139K)
[2019.01.26-15.29.30:720][  0]LogSlate: Took 0.000223 seconds to synchronously load lazily loaded font '../../../Engine/Content/Slate/Fonts/DroidSansMono.ttf' (77K)
[2019.01.26-15.29.30:846][  0]LogRenderer: Reallocating scene render targets to support 1208x576 Format 10 NumSamples 1 (Frame:1).
[2019.01.26-15.29.31:001][  0]LogContentBrowser: Native class hierarchy updated for 'HierarchicalLODOutliner' in 0.0006 seconds. Added 0 classes and 0 folders.
[2019.01.26-15.29.31:001][  0]LogLoad: (Engine Initialization) Total time: 13.91 seconds
[2019.01.26-15.29.31:001][  0]LogLoad: (Engine Initialization) Total Blueprint compile time: 0.00 seconds
[2019.01.26-15.29.31:011][  0]LogWindowsTextInputMethodSystem: Display: IME system now deactivated.
[2019.01.26-15.29.31:032][  0]LogContentStreaming: Texture pool size now 1000 MB
[2019.01.26-15.29.31:063][  1]LogAssetRegistry: Asset discovery search completed in 6.6080 seconds
[2019.01.26-15.29.31:065][  1]LogCollectionManager: Rebuilt the object cache for 0 collections in 0.000000 seconds (found 0 objects)
[2019.01.26-15.29.31:066][  1]LogCollectionManager: Fixed up redirectors for 0 collections in 0.000298 seconds (updated 0 objects)
[2019.01.26-15.29.32:860][202]LogSlate: FSceneViewport::OnFocusLost() reason 0
[2019.01.26-15.29.32:952][213]LogTemp: Repeating last play command: Selected Viewport
[2019.01.26-15.29.32:972][213]LogBlueprintUserMessages: Early PlayInEditor Detection: Level '/Game/FirstPersonCPP/Maps/FirstPersonExampleMap.FirstPersonExampleMap:PersistentLevel' has LevelScriptBlueprint '/Game/FirstPersonCPP/Maps/FirstPersonExampleMap.FirstPersonExampleMap:PersistentLevel.FirstPersonExampleMap' with GeneratedClass '/Game/FirstPersonCPP/Maps/FirstPersonExampleMap.FirstPersonExampleMap_C' with ClassGeneratedBy '/Game/FirstPersonCPP/Maps/FirstPersonExampleMap.FirstPersonExampleMap:PersistentLevel.FirstPersonExampleMap'
[2019.01.26-15.29.32:973][213]LogPlayLevel: PlayLevel: No blueprints needed recompiling
[2019.01.26-15.29.32:988][213]PIE: New page: PIE session: FirstPersonExampleMap (26 Jan 2019 15:29:32)
[2019.01.26-15.29.32:988][213]LogPlayLevel: Creating play world package: /Game/FirstPersonCPP/Maps/UEDPIE_0_FirstPersonExampleMap
[2019.01.26-15.29.33:024][213]LogPlayLevel: PIE: StaticDuplicateObject took: (0.035074s)
[2019.01.26-15.29.33:025][213]LogAIModule: Creating AISystem for world FirstPersonExampleMap
[2019.01.26-15.29.33:026][213]LogPlayLevel: PIE: World Init took: (0.001317s)
[2019.01.26-15.29.33:026][213]LogPlayLevel: PIE: Created PIE world by copying editor world from /Game/FirstPersonCPP/Maps/FirstPersonExampleMap.FirstPersonExampleMap to /Game/FirstPersonCPP/Maps/UEDPIE_0_FirstPersonExampleMap.FirstPersonExampleMap (0.037601s)
[2019.01.26-15.29.33:066][213]LogInit: XAudio2 using 'Speakers (Realtek High Definition Audio)' : 2 channels at 48 kHz using 32 bits per sample (channel mask 0x3)
[2019.01.26-15.29.33:085][213]LogInit: FAudioDevice initialized.
[2019.01.26-15.29.33:135][213]LogLoad: Game class is 'HomeIsGameMode'
[2019.01.26-15.29.33:140][213]LogWorld: Bringing World /Game/FirstPersonCPP/Maps/UEDPIE_0_FirstPersonExampleMap.FirstPersonExampleMap up for play (max tick rate 0) at 2019.01.26-15.29.33
[2019.01.26-15.29.33:141][213]LogWorld: Bringing up level for play took: 0.003584
[2019.01.26-15.29.33:165][213]LogContentBrowser: Native class hierarchy updated for 'MovieSceneCapture' in 0.0006 seconds. Added 10 classes and 0 folders.
[2019.01.26-15.29.33:166][213]PIE: Play in editor start time for /Game/FirstPersonCPP/Maps/UEDPIE_0_FirstPersonExampleMap 1.161
[2019.01.26-15.29.33:167][213]LogBlueprintUserMessages: Late PlayInEditor Detection: Level '/Game/FirstPersonCPP/Maps/FirstPersonExampleMap.FirstPersonExampleMap:PersistentLevel' has LevelScriptBlueprint '/Game/FirstPersonCPP/Maps/FirstPersonExampleMap.FirstPersonExampleMap:PersistentLevel.FirstPersonExampleMap' with GeneratedClass '/Game/FirstPersonCPP/Maps/FirstPersonExampleMap.FirstPersonExampleMap_C' with ClassGeneratedBy '/Game/FirstPersonCPP/Maps/FirstPersonExampleMap.FirstPersonExampleMap:PersistentLevel.FirstPersonExampleMap'
[2019.01.26-15.29.39:439][946]LogSlate: FSceneViewport::OnFocusLost() reason 2
[2019.01.26-15.29.55:405][859]LogSlate: FSceneViewport::OnFocusLost() reason 2
[2019.01.26-15.29.56:258][960]LogSlate: FSceneViewport::OnFocusLost() reason 2
[2019.01.26-15.29.57:357][960]LogSlate: Only BGRA pngs, bmps or icos are supported in by External Image Picker
[2019.01.26-15.29.57:435][961]LogTemp: Executing iPhonePackager certificates Engine -bundlename com.YourCompany.HomeIs
[2019.01.26-15.29.57:435][961]LogTemp: CWD: C:\Epic\UE4\UE_4.20\Engine\Binaries\DotNET\IOS
[2019.01.26-15.29.57:436][961]LogTemp: Initial Dir: C:\Epic\UE4\UE_4.20
[2019.01.26-15.29.57:436][961]LogTemp: Env CWD: C:\Epic\UE4\UE_4.20\Engine\Binaries\DotNET\IOS
[2019.01.26-15.29.57:436][961]LogTemp: BranchPath = D102-12/C/Epic/UE4/UE_4.20/Engine/Binaries --- GameBranchPath = D102-12/C/Epic/UE4/UE_4.20/Engine/Binaries
[2019.01.26-15.29.57:436][961]LogTemp: IPP ERROR: Could not find provision directory 'C:\Users\c013767h\AppData\Local/Apple Computer/MobileDevice/Provisioning Profiles/'.
[2019.01.26-15.30.23:795][247]LogSlate: Window 'Edit Profile' being destroyed
[2019.01.26-15.30.35:185][543]LogSlate: FSceneViewport::OnFocusLost() reason 0
[2019.01.26-15.30.35:252][551]LogSlate: Window 'Project Settings' being destroyed
[2019.01.26-15.30.35:255][551]LogSlate: Window 'Project Settings' being destroyed
[2019.01.26-15.31.39:955][ 89]LogSlate: FSceneViewport::OnFocusLost() reason 0
[2019.01.26-15.31.40:040][ 99]LogBlueprintUserMessages: Early EndPlayMap Detection: Level '/Game/FirstPersonCPP/Maps/FirstPersonExampleMap.FirstPersonExampleMap:PersistentLevel' has LevelScriptBlueprint '/Game/FirstPersonCPP/Maps/FirstPersonExampleMap.FirstPersonExampleMap:PersistentLevel.FirstPersonExampleMap' with GeneratedClass '/Game/FirstPersonCPP/Maps/FirstPersonExampleMap.FirstPersonExampleMap_C' with ClassGeneratedBy '/Game/FirstPersonCPP/Maps/FirstPersonExampleMap.FirstPersonExampleMap:PersistentLevel.FirstPersonExampleMap'
[2019.01.26-15.31.40:040][ 99]LogSlate: Updating window title bar state: overlay mode, drag disabled, window buttons hidden, title bar hidden
[2019.01.26-15.31.40:076][ 99]LogPlayLevel: Display: Shutting down PIE online subsystems
[2019.01.26-15.31.40:077][ 99]LogBlueprintUserMessages: Late EndPlayMap Detection: Level '/Game/FirstPersonCPP/Maps/FirstPersonExampleMap.FirstPersonExampleMap:PersistentLevel' has LevelScriptBlueprint '/Game/FirstPersonCPP/Maps/FirstPersonExampleMap.FirstPersonExampleMap:PersistentLevel.FirstPersonExampleMap' with GeneratedClass '/Game/FirstPersonCPP/Maps/FirstPersonExampleMap.FirstPersonExampleMap_C' with ClassGeneratedBy '/Game/FirstPersonCPP/Maps/FirstPersonExampleMap.FirstPersonExampleMap:PersistentLevel.FirstPersonExampleMap'
[2019.01.26-15.31.40:102][ 99]LogSlate: Updating window title bar state: overlay mode, drag disabled, window buttons hidden, title bar hidden
[2019.01.26-15.31.40:146][102]LogPlayLevel: Display: Destroying online subsystem :Context_1
[2019.01.26-15.31.40:718][168]Candidate modules for hot reload:
[2019.01.26-15.31.40:719][168]  HomeIs
[2019.01.26-15.31.40:719][168]Launching UnrealBuildTool... [C:/Epic/UE4/UE_4.20/Engine/Binaries/DotNET/UnrealBuildTool.exe  -ModuleWithSuffix=HomeIs,9934 Win64 Development -TargetType=Editor -Project="../../../../../../Users/c013767h/Documents/GitHub/HomeIs/HomeIs/HomeIs.uproject" -canskiplink "C:/Users/c013767h/Documents/GitHub/HomeIs/HomeIs/HomeIs.uproject" ]
[2019.01.26-15.31.40:725][168]Warning: Starting HotReload took  0.0s.
[2019.01.26-15.31.52:827][619]CompilerResultsLog: New page: Compilation - 26 Jan 2019 15:31:52
[2019.01.26-15.31.52:828][619]CompilerResultsLog: Using 'git status' to determine working set for adaptive non-unity build.
[2019.01.26-15.31.52:828][619]CompilerResultsLog: Creating makefile for hot reloading HomeIsEditor (ini files are newer than UBTMakefile)
[2019.01.26-15.31.52:828][619]CompilerResultsLog: Compiling game modules for hot reload
[2019.01.26-15.31.52:829][619]CompilerResultsLog: Using Visual Studio 2017 14.14.26428 toolchain (C:\Program Files (x86)\Microsoft Visual Studio\2017\Professional\VC\Tools\MSVC\14.14.26428) and Windows 10.0.17134.0 SDK (C:\Program Files (x86)\Windows Kits\10).
[2019.01.26-15.31.52:829][619]CompilerResultsLog: Building 3 actions with 8 processes...
[2019.01.26-15.31.52:830][619]CompilerResultsLog:   [1/3] Barricade.cpp
[2019.01.26-15.31.52:830][619]CompilerResultsLog:   [2/3] UE4Editor-HomeIs-9934.lib
[2019.01.26-15.31.52:830][619]CompilerResultsLog:      Creating library C:\Users\c013767h\Documents\GitHub\HomeIs\HomeIs\Intermediate\Build\Win64\UE4Editor\Development\HomeIs\UE4Editor-HomeIs-9934.lib and object C:\Users\c013767h\Documents\GitHub\HomeIs\HomeIs\Intermediate\Build\Win64\UE4Editor\Development\HomeIs\UE4Editor-HomeIs-9934.exp
[2019.01.26-15.31.52:830][619]CompilerResultsLog:   [3/3] UE4Editor-HomeIs-9934.dll
[2019.01.26-15.31.52:831][619]CompilerResultsLog:      Creating library C:\Users\c013767h\Documents\GitHub\HomeIs\HomeIs\Intermediate\Build\Win64\UE4Editor\Development\HomeIs\UE4Editor-HomeIs-9934.suppressed.lib and object C:\Users\c013767h\Documents\GitHub\HomeIs\HomeIs\Intermediate\Build\Win64\UE4Editor\Development\HomeIs\UE4Editor-HomeIs-9934.suppressed.exp
[2019.01.26-15.31.52:831][619]CompilerResultsLog: Total build time: 11.76 seconds (Parallel executor: 2.01 seconds)
[2019.01.26-15.31.52:832][619]LogMainFrame: MainFrame: Module compiling took 12.120 seconds
[2019.01.26-15.31.52:894][619]LogClass: Type HotReload.
[2019.01.26-15.31.52:897][619]LogHotReload: Re-instancing Barricade after hot-reload.
[2019.01.26-15.31.52:901][619]LogActor: Warning: MyBarricade_C /Game/FirstPersonCPP/Maps/FirstPersonExampleMap.FirstPersonExampleMap:PersistentLevel.MyBarricade2_2 has natively added scene component(s), but none of them were set as the actor's RootComponent - picking one arbitrarily
[2019.01.26-15.31.52:902][619]LogActor: Warning: MyBarricade_C /Game/FirstPersonCPP/Maps/FirstPersonExampleMap.FirstPersonExampleMap:PersistentLevel.MyBarricade_2 has natively added scene component(s), but none of them were set as the actor's RootComponent - picking one arbitrarily
[2019.01.26-15.31.53:013][619]LogContentBrowser: Native class hierarchy updated for 'HomeIs' in 0.0006 seconds. Added 7 classes and 2 folders.
[2019.01.26-15.31.53:016][619]Display: HotReload successful (1 functions remapped  0 scriptstructs remapped)
[2019.01.26-15.31.53:156][619]LogContentBrowser: Native class hierarchy populated in 0.0113 seconds. Added 2580 classes and 607 folders.
[2019.01.26-15.31.53:157][619]Display: HotReload took 12.5s.
[2019.01.26-15.32.35:680][697]LogTemp: Repeating last play command: Selected Viewport
[2019.01.26-15.32.35:705][697]LogBlueprintUserMessages: Early PlayInEditor Detection: Level '/Game/FirstPersonCPP/Maps/FirstPersonExampleMap.FirstPersonExampleMap:PersistentLevel' has LevelScriptBlueprint '/Game/FirstPersonCPP/Maps/FirstPersonExampleMap.FirstPersonExampleMap:PersistentLevel.FirstPersonExampleMap' with GeneratedClass '/Game/FirstPersonCPP/Maps/FirstPersonExampleMap.FirstPersonExampleMap_C' with ClassGeneratedBy '/Game/FirstPersonCPP/Maps/FirstPersonExampleMap.FirstPersonExampleMap:PersistentLevel.FirstPersonExampleMap'
[2019.01.26-15.32.35:706][697]LogPlayLevel: PlayLevel: No blueprints needed recompiling
[2019.01.26-15.32.35:706][697]PIE: New page: PIE session: FirstPersonExampleMap (26 Jan 2019 15:32:35)
[2019.01.26-15.32.35:706][697]LogPlayLevel: Creating play world package: /Game/FirstPersonCPP/Maps/UEDPIE_0_FirstPersonExampleMap
[2019.01.26-15.32.35:723][697]LogPlayLevel: PIE: StaticDuplicateObject took: (0.016534s)
[2019.01.26-15.32.35:724][697]LogAIModule: Creating AISystem for world FirstPersonExampleMap
[2019.01.26-15.32.35:725][697]LogPlayLevel: PIE: World Init took: (0.001510s)
[2019.01.26-15.32.35:725][697]LogPlayLevel: PIE: Created PIE world by copying editor world from /Game/FirstPersonCPP/Maps/FirstPersonExampleMap.FirstPersonExampleMap to /Game/FirstPersonCPP/Maps/UEDPIE_0_FirstPersonExampleMap.FirstPersonExampleMap (0.018957s)
[2019.01.26-15.32.35:759][697]LogInit: XAudio2 using 'Speakers (Realtek High Definition Audio)' : 2 channels at 48 kHz using 32 bits per sample (channel mask 0x3)
[2019.01.26-15.32.35:777][697]LogInit: FAudioDevice initialized.
[2019.01.26-15.32.35:818][697]LogLoad: Game class is 'HomeIsGameMode'
[2019.01.26-15.32.35:820][697]LogWorld: Bringing World /Game/FirstPersonCPP/Maps/UEDPIE_0_FirstPersonExampleMap.FirstPersonExampleMap up for play (max tick rate 0) at 2019.01.26-15.32.35
[2019.01.26-15.32.35:821][697]LogWorld: Bringing up level for play took: 0.002456
[2019.01.26-15.32.35:835][697]PIE: Play in editor start time for /Game/FirstPersonCPP/Maps/UEDPIE_0_FirstPersonExampleMap -0.173
[2019.01.26-15.32.35:836][697]LogBlueprintUserMessages: Late PlayInEditor Detection: Level '/Game/FirstPersonCPP/Maps/FirstPersonExampleMap.FirstPersonExampleMap:PersistentLevel' has LevelScriptBlueprint '/Game/FirstPersonCPP/Maps/FirstPersonExampleMap.FirstPersonExampleMap:PersistentLevel.FirstPersonExampleMap' with GeneratedClass '/Game/FirstPersonCPP/Maps/FirstPersonExampleMap.FirstPersonExampleMap_C' with ClassGeneratedBy '/Game/FirstPersonCPP/Maps/FirstPersonExampleMap.FirstPersonExampleMap:PersistentLevel.FirstPersonExampleMap'
[2019.01.26-15.32.59:709][ 25]LogSlate: FSceneViewport::OnFocusLost() reason 0
[2019.01.26-15.32.59:776][ 33]LogBlueprintUserMessages: Early EndPlayMap Detection: Level '/Game/FirstPersonCPP/Maps/FirstPersonExampleMap.FirstPersonExampleMap:PersistentLevel' has LevelScriptBlueprint '/Game/FirstPersonCPP/Maps/FirstPersonExampleMap.FirstPersonExampleMap:PersistentLevel.FirstPersonExampleMap' with GeneratedClass '/Game/FirstPersonCPP/Maps/FirstPersonExampleMap.FirstPersonExampleMap_C' with ClassGeneratedBy '/Game/FirstPersonCPP/Maps/FirstPersonExampleMap.FirstPersonExampleMap:PersistentLevel.FirstPersonExampleMap'
[2019.01.26-15.32.59:777][ 33]LogSlate: Updating window title bar state: overlay mode, drag disabled, window buttons hidden, title bar hidden
[2019.01.26-15.32.59:812][ 33]LogPlayLevel: Display: Shutting down PIE online subsystems
[2019.01.26-15.32.59:813][ 33]LogBlueprintUserMessages: Late EndPlayMap Detection: Level '/Game/FirstPersonCPP/Maps/FirstPersonExampleMap.FirstPersonExampleMap:PersistentLevel' has LevelScriptBlueprint '/Game/FirstPersonCPP/Maps/FirstPersonExampleMap.FirstPersonExampleMap:PersistentLevel.FirstPersonExampleMap' with GeneratedClass '/Game/FirstPersonCPP/Maps/FirstPersonExampleMap.FirstPersonExampleMap_C' with ClassGeneratedBy '/Game/FirstPersonCPP/Maps/FirstPersonExampleMap.FirstPersonExampleMap:PersistentLevel.FirstPersonExampleMap'
[2019.01.26-15.32.59:847][ 33]LogSlate: Updating window title bar state: overlay mode, drag disabled, window buttons hidden, title bar hidden
[2019.01.26-15.32.59:889][ 35]LogPlayLevel: Display: Destroying online subsystem :Context_3
[2019.01.26-15.33.00:421][ 99]LogEditorViewport: Clicking on Actor (LMB): StaticMeshActor (EditorCube11)
[2019.01.26-15.33.04:092][526]LogSlate: FSceneViewport::OnFocusLost() reason 0
