Log file open, 01/27/19 13:04:53
LogWindows: Failed to load 'aqProf.dll' (GetLastError=126)
LogWindows: File 'aqProf.dll' does not exist
LogWindows: Failed to load 'VSPerf140.dll' (GetLastError=126)
LogWindows: File 'VSPerf140.dll' does not exist
LogWindows: Failed to load 'VtuneApi.dll' (GetLastError=126)
LogWindows: File 'VtuneApi.dll' does not exist
LogWindows: Failed to load 'VtuneApi32e.dll' (GetLastError=126)
LogWindows: File 'VtuneApi32e.dll' does not exist
LogInit: Display: Running engine for game: HomeIs
LogPlatformFile: Not using cached read wrapper
LogTaskGraph: Started task graph with 5 named threads and 23 total threads with 3 sets of task threads.
LogStats: Stats thread started at 0.476260
LogD3D11RHI: Loaded GFSDK_Aftermath_Lib.x64.dll
LogICUInternationalization: Display: ICU TimeZone Detection - Raw Offset: +0:00, Platform Override: ''
LogPluginManager: Mounting plugin Paper2D
LogPluginManager: Mounting plugin AISupport
LogPluginManager: Mounting plugin LightPropagationVolume
LogPluginManager: Mounting plugin CLionSourceCodeAccess
LogPluginManager: Mounting plugin CodeLiteSourceCodeAccess
LogPluginManager: Mounting plugin GitSourceControl
LogPluginManager: Mounting plugin KDevelopSourceCodeAccess
LogPluginManager: Mounting plugin NullSourceCodeAccess
LogPluginManager: Mounting plugin PerforceSourceControl
LogPluginManager: Mounting plugin SubversionSourceControl
LogPluginManager: Mounting plugin UObjectPlugin
LogPluginManager: Mounting plugin VisualStudioCodeSourceCodeAccess
LogPluginManager: Mounting plugin VisualStudioSourceCodeAccess
LogPluginManager: Mounting plugin XCodeSourceCodeAccess
LogPluginManager: Mounting plugin AssetManagerEditor
LogPluginManager: Mounting plugin CryptoKeys
LogPluginManager: Mounting plugin DataValidation
LogPluginManager: Mounting plugin FacialAnimation
LogPluginManager: Mounting plugin GameplayTagsEditor
LogPluginManager: Mounting plugin MacGraphicsSwitching
LogPluginManager: Mounting plugin MeshEditor
LogPluginManager: Mounting plugin MobileLauncherProfileWizard
LogPluginManager: Mounting plugin PluginBrowser
LogPluginManager: Mounting plugin SpeedTreeImporter
LogPluginManager: Mounting plugin DatasmithContent
LogPluginManager: Mounting plugin AlembicImporter
LogPluginManager: Mounting plugin AppleImageUtils
LogPluginManager: Mounting plugin AppleVision
LogPluginManager: Mounting plugin BackChannel
LogPluginManager: Mounting plugin CharacterAI
LogPluginManager: Mounting plugin GeometryCache
LogPluginManager: Mounting plugin HTML5Networking
LogPluginManager: Mounting plugin ProxyLODPlugin
LogPluginManager: Mounting plugin MagicLeap
LogPluginManager: Mounting plugin MagicLeapEmulator
LogPluginManager: Mounting plugin MagicLeapMedia
LogPluginManager: Mounting plugin AndroidMedia
LogPluginManager: Mounting plugin AvfMedia
LogPluginManager: Mounting plugin ImgMedia
LogPluginManager: Mounting plugin LinearTimecode
LogPluginManager: Mounting plugin MediaCompositing
LogPluginManager: Mounting plugin MediaPlayerEditor
LogPluginManager: Mounting plugin WmfMedia
LogPluginManager: Mounting plugin TcpMessaging
LogPluginManager: Mounting plugin UdpMessaging
LogPluginManager: Mounting plugin ActorSequence
LogPluginManager: Mounting plugin LevelSequenceEditor
LogPluginManager: Mounting plugin MatineeToLevelSequence
LogPluginManager: Mounting plugin NetcodeUnitTest
LogPluginManager: Mounting plugin NUTUnrealEngine4
LogPluginManager: Mounting plugin OnlineSubsystemGooglePlay
LogPluginManager: Mounting plugin OnlineSubsystemIOS
LogPluginManager: Mounting plugin OnlineSubsystem
LogPluginManager: Mounting plugin OnlineSubsystemNull
LogPluginManager: Mounting plugin OnlineSubsystemUtils
LogPluginManager: Mounting plugin LauncherChunkInstaller
LogPluginManager: Mounting plugin AndroidDeviceProfileSelector
LogPluginManager: Mounting plugin AndroidMoviePlayer
LogPluginManager: Mounting plugin AndroidPermission
LogPluginManager: Mounting plugin ApexDestruction
LogPluginManager: Mounting plugin AppleMoviePlayer
LogPluginManager: Mounting plugin ArchVisCharacter
LogPluginManager: Mounting plugin AudioCapture
LogPluginManager: Mounting plugin CableComponent
LogPluginManager: Mounting plugin CustomMeshComponent
LogPluginManager: Mounting plugin EditableMesh
LogPluginManager: Mounting plugin ExampleDeviceProfileSelector
LogPluginManager: Mounting plugin GoogleCloudMessaging
LogPluginManager: Mounting plugin ImmediatePhysics
LogPluginManager: Mounting plugin IOSDeviceProfileSelector
LogPluginManager: Mounting plugin LinuxDeviceProfileSelector
LogPluginManager: Mounting plugin LocationServicesBPLibrary
LogPluginManager: Mounting plugin MobilePatchingUtils
LogPluginManager: Mounting plugin OculusVR
LogPluginManager: Plugin shader directory ../../../Engine/Plugins/Runtime/Oculus/OculusVR/Shaders found
LogPluginManager: Mapping shader source directory ../../../Engine/Plugins/Runtime/Oculus/OculusVR/Shaders to virtual directory /Plugin/OculusVR
LogPluginManager: Mounting plugin PhysXVehicles
LogPluginManager: Mounting plugin ProceduralMeshComponent
LogPluginManager: Mounting plugin RuntimePhysXCooking
LogPluginManager: Mounting plugin SteamVR
LogPluginManager: Mounting plugin WindowsMoviePlayer
LogStreaming: Display: Took  0.534s to configure plugins.
LogInit: Using libcurl 7.55.1-DEV
LogInit:  - built for x86_64-pc-win32
LogInit:  - supports SSL with OpenSSL/1.0.2h
LogInit:  - supports HTTP deflate (compression) using libz 1.2.8
LogInit:  - other features:
LogInit:      CURL_VERSION_SSL
LogInit:      CURL_VERSION_LIBZ
LogInit:      CURL_VERSION_IPV6
LogInit:      CURL_VERSION_ASYNCHDNS
LogInit:      CURL_VERSION_LARGEFILE
LogInit:      CURL_VERSION_IDN
LogInit:  CurlRequestOptions (configurable via config and command line):
LogInit:  - bVerifyPeer = false  - Libcurl will NOT verify peer certificate
LogInit:  - bUseHttpProxy = false  - Libcurl will NOT use HTTP proxy
LogInit:  - bDontReuseConnections = false  - Libcurl will reuse connections
LogInit:  - CertBundlePath = nullptr  - Libcurl will use whatever was configured at build time.
LogInit:  - MaxHostConnections = 16  - Libcurl will limit the number of connections to a host
LogInit:  - LocalHostAddr = Default
LogInit:  - BufferSize = 65536
LogInit: WinSock: version 1.1 (2.2), MaxSocks=32767, MaxUdp=65467
LogInit: Build: ++UE4+Release-4.20-CL-4369336
LogInit: Engine Version: 4.20.3-4369336+++UE4+Release-4.20
LogInit: Compatible Engine Version: 4.20.0-4212847+++UE4+Release-4.20
LogInit: Net CL: 4212847
LogInit: OS: Windows 10 (), CPU: Intel(R) Xeon(R) CPU E5-1620 v3 @ 3.50GHz, GPU: NVIDIA GeForce GTX 970
LogInit: Compiled (64-bit): Sep 17 2018 12:26:19
LogInit: Compiled with Visual C++: 19.13.26129.00
LogInit: Build Configuration: Development
LogInit: Branch Name: ++UE4+Release-4.20
LogInit: Command Line:  -skipcompile
LogInit: Base Directory: C:/Epic/UE4/UE_4.20/Engine/Binaries/Win64/
LogInit: Installed Engine Build: 1
LogDevObjectVersion: Number of dev versions registered: 20
LogDevObjectVersion:   Dev-Blueprints (B0D832E4-1F89-4F0D-ACCF-7EB736FD4AA2): 10
LogDevObjectVersion:   Dev-Build (E1C64328-A22C-4D53-A36C-8E866417BD8C): 0
LogDevObjectVersion:   Dev-Core (375EC13C-06E4-48FB-B500-84F0262A717E): 2
LogDevObjectVersion:   Dev-Editor (E4B068ED-F494-42E9-A231-DA0B2E46BB41): 24
LogDevObjectVersion:   Dev-Framework (CFFC743F-43B0-4480-9391-14DF171D2073): 34
LogDevObjectVersion:   Dev-Mobile (B02B49B5-BB20-44E9-A304-32B752E40360): 2
LogDevObjectVersion:   Dev-Networking (A4E4105C-59A1-49B5-A7C5-40C4547EDFEE): 0
LogDevObjectVersion:   Dev-Online (39C831C9-5AE6-47DC-9A44-9C173E1C8E7C): 0
LogDevObjectVersion:   Dev-Physics (78F01B33-EBEA-4F98-B9B4-84EACCB95AA2): 0
LogDevObjectVersion:   Dev-Platform (6631380F-2D4D-43E0-8009-CF276956A95A): 0
LogDevObjectVersion:   Dev-Rendering (12F88B9F-8875-4AFC-A67C-D90C383ABD29): 26
LogDevObjectVersion:   Dev-Sequencer (7B5AE74C-D270-4C10-A958-57980B212A5A): 9
LogDevObjectVersion:   Dev-VR (D7296918-1DD6-4BDD-9DE2-64A83CC13884): 2
LogDevObjectVersion:   Dev-LoadTimes (C2A15278-BFE7-4AFE-6C17-90FF531DF755): 1
LogDevObjectVersion:   Private-Geometry (6EACA3D4-40EC-4CC1-B786-8BED09428FC5): 3
LogDevObjectVersion:   Dev-AnimPhys (29E575DD-E0A3-4627-9D10-D276232CDCEA): 17
LogDevObjectVersion:   Dev-ReflectionCapture (6B266CEC-1EC7-4B8F-A30B-E4D90942FC07): 1
LogDevObjectVersion:   Dev-Automation (0DF73D61-A23F-47EA-B727-89E90C41499A): 1
LogDevObjectVersion:   FortniteMain (601D1886-AC64-4F84-AA16-D3DE0DEAC7D6): 12
LogDevObjectVersion:   Dev-Enterprise (9DFFBCD6-494F-0158-E221-12823C92A888): 1
LogStreaming: Display: Took  0.012s to delete old logs.
LogLinker: Error: AddRedirectList(C:/Users/r017093h/Documents/HomeIs/HomeIs/Saved/Config/Windows/Engine.ini) found conflicting redirectors for TP_FirstPerson! Old: /Script/MyProject2.TP_FirstPerson, New: /Script/HomeIs.TP_FirstPerson
LogLinker: Error: AddRedirectList(C:/Users/r017093h/Documents/HomeIs/HomeIs/Saved/Config/Windows/Engine.ini) found conflicting redirectors for /Script/TP_FirstPerson! Old: /Script/MyProject2, New: /Script/HomeIs
LogLinker: Error: AddRedirectList(C:/Users/r017093h/Documents/HomeIs/HomeIs/Saved/Config/Windows/Engine.ini) found conflicting redirectors for TP_FirstPersonProjectile! Old: MyProject2Projectile, New: HomeIsProjectile
LogLinker: Error: AddRedirectList(C:/Users/r017093h/Documents/HomeIs/HomeIs/Saved/Config/Windows/Engine.ini) found conflicting redirectors for TP_FirstPersonProjectile! Old: MyProject2Projectile, New: HomeIsProjectile
LogLinker: Error: AddRedirectList(C:/Users/r017093h/Documents/HomeIs/HomeIs/Saved/Config/Windows/Engine.ini) found conflicting redirectors for TP_FirstPersonHUD! Old: MyProject2HUD, New: HomeIsHUD
LogLinker: Error: AddRedirectList(C:/Users/r017093h/Documents/HomeIs/HomeIs/Saved/Config/Windows/Engine.ini) found conflicting redirectors for TP_FirstPersonHUD! Old: MyProject2HUD, New: HomeIsHUD
LogLinker: Error: AddRedirectList(C:/Users/r017093h/Documents/HomeIs/HomeIs/Saved/Config/Windows/Engine.ini) found conflicting redirectors for TP_FirstPersonGameMode! Old: MyProject2GameMode, New: HomeIsGameMode
LogLinker: Error: AddRedirectList(C:/Users/r017093h/Documents/HomeIs/HomeIs/Saved/Config/Windows/Engine.ini) found conflicting redirectors for TP_FirstPersonGameMode! Old: MyProject2GameMode, New: HomeIsGameMode
LogLinker: Error: AddRedirectList(C:/Users/r017093h/Documents/HomeIs/HomeIs/Saved/Config/Windows/Engine.ini) found conflicting redirectors for TP_FirstPersonCharacter! Old: MyProject2Character, New: HomeIsCharacter
LogLinker: Error: AddRedirectList(C:/Users/r017093h/Documents/HomeIs/HomeIs/Saved/Config/Windows/Engine.ini) found conflicting redirectors for TP_FirstPersonCharacter! Old: MyProject2Character, New: HomeIsCharacter
LogInit: Presizing for max 8388607 objects, including 0 objects not considered by GC, pre-allocating 0 bytes for permanent pool.
LogInit: Object subsystem initialized
[2019.01.27-13.04.54:413][  0]LogInit: Selected Device Profile: [Windows]
[2019.01.27-13.04.54:413][  0]LogInit: Applying CVar settings loaded from the selected device profile: [Windows]
[2019.01.27-13.04.54:436][  0]LogHAL: Display: Platform has ~ 16 GB [17092038656 / 17179869184 / 16], which maps to Larger [LargestMinGB=32, LargerMinGB=12, DefaultMinGB=8, SmallerMinGB=6, SmallestMinGB=0)
[2019.01.27-13.04.54:436][  0]LogInit: Setting Device Profile CVar: [[r.Vulkan.UseRealUBs:1]]
[2019.01.27-13.04.54:436][  0]LogInit: Going up to parent DeviceProfile []
[2019.01.27-13.04.54:436][  0]LogInit: Computer: D102-13
[2019.01.27-13.04.54:436][  0]LogInit: User: r017093h
[2019.01.27-13.04.54:437][  0]LogInit: CPU Page size=4096, Cores=4
[2019.01.27-13.04.54:437][  0]LogInit: High frequency timer resolution =3.410067 MHz
[2019.01.27-13.04.54:437][  0]LogMemory: Memory total: Physical=15.9GB (16GB approx)
[2019.01.27-13.04.54:437][  0]LogMemory: Platform Memory Stats for Windows
[2019.01.27-13.04.54:437][  0]LogMemory: Process Physical Memory: 101.58 MB used, 101.58 MB peak
[2019.01.27-13.04.54:437][  0]LogMemory: Process Virtual Memory: 87.42 MB used, 87.42 MB peak
[2019.01.27-13.04.54:437][  0]LogMemory: Physical Memory: 6167.13 MB used,  10133.11 MB free, 16300.24 MB total
[2019.01.27-13.04.54:437][  0]LogMemory: Virtual Memory: 4636.79 MB used,  10133.11 MB free, 134217728.00 MB total
[2019.01.27-13.04.54:571][  0]LogInit: Using OS detected language (en-US).
[2019.01.27-13.04.54:571][  0]LogInit: Using OS detected locale (en-GB).
[2019.01.27-13.04.54:572][  0]LogTextLocalizationManager: No specific localization for 'en-US' exists, so the 'en' localization will be used.
[2019.01.27-13.04.54:992][  0]LogStreaming: Display: Took  0.422s to InitEngineTextLocalization.
[2019.01.27-13.04.54:993][  0]LogInit: Setting process to per monitor DPI aware
[2019.01.27-13.04.55:061][  0]LogSlate: New Slate User Created.  User Index 0, Is Virtual User: 0
[2019.01.27-13.04.55:061][  0]LogSlate: Slate User Registered.  User Index 0, Is Virtual User: 0
[2019.01.27-13.04.55:398][  0]LogHMD: Failed to initialize OpenVR with code 110
[2019.01.27-13.04.55:398][  0]LogD3D11RHI: D3D11 adapters:
[2019.01.27-13.04.55:486][  0]LogD3D11RHI:    0. 'NVIDIA GeForce GTX 970' (Feature Level 11_0)
[2019.01.27-13.04.55:486][  0]LogD3D11RHI:       4043/0/8150 MB DedicatedVideo/DedicatedSystem/SharedSystem, Outputs:2, VendorId:0x10de
[2019.01.27-13.04.55:492][  0]LogD3D11RHI:    1. 'Microsoft Basic Render Driver' (Feature Level 11_0)
[2019.01.27-13.04.55:492][  0]LogD3D11RHI:       0/0/8150 MB DedicatedVideo/DedicatedSystem/SharedSystem, Outputs:0, VendorId:0x1414
[2019.01.27-13.04.55:492][  0]LogD3D11RHI: Chosen D3D11 Adapter: 0
[2019.01.27-13.04.55:502][  0]LogD3D11RHI: Creating new Direct3DDevice
[2019.01.27-13.04.55:502][  0]LogD3D11RHI:     GPU DeviceId: 0x13c2 (for the marketing name, search the web for "GPU Device Id")
[2019.01.27-13.04.55:502][  0]LogWindows: EnumDisplayDevices:
[2019.01.27-13.04.55:502][  0]LogWindows:    0. 'NVIDIA GeForce GTX 970' (P:1 D:1)
[2019.01.27-13.04.55:503][  0]LogWindows:    1. 'NVIDIA GeForce GTX 970' (P:0 D:1)
[2019.01.27-13.04.55:503][  0]LogWindows:    2. 'NVIDIA GeForce GTX 970' (P:0 D:0)
[2019.01.27-13.04.55:503][  0]LogWindows:    3. 'NVIDIA GeForce GTX 970' (P:0 D:0)
[2019.01.27-13.04.55:504][  0]LogWindows: DebugString: FoundDriverCount:4 
[2019.01.27-13.04.55:504][  0]LogD3D11RHI:     Adapter Name: NVIDIA GeForce GTX 970
[2019.01.27-13.04.55:504][  0]LogD3D11RHI:   Driver Version: 398.82 (internal:24.21.13.9882, unified:398.82)
[2019.01.27-13.04.55:504][  0]LogD3D11RHI:      Driver Date: 7-30-2018
[2019.01.27-13.04.55:504][  0]LogRHI: Texture pool is 2830 MB (70% of 4043 MB)
[2019.01.27-13.04.55:556][  0]LogD3D11RHI: Async texture creation enabled
[2019.01.27-13.04.55:574][  0]LogD3D11RHI: GPU Timing Frequency: 1000.000000 (Debug: 2 2)
[2019.01.27-13.04.55:578][  0]LogShaderCompilers: Guid format shader working directory is -7 characters bigger than the processId version (../../../../../../Users/r017093h/Documents/HomeIs/HomeIs/Intermediate/Shaders/WorkingDirectory/1492/).
[2019.01.27-13.04.55:578][  0]LogShaderCompilers: Cleaned the shader compiler working directory 'C:/Users/r017093h/AppData/Local/Temp/UnrealShaderWorkingDir/E08344EC45F2D60237DCF285F37742EA/'.
[2019.01.27-13.04.56:089][  0]LogTemp: Display: Loaded TP AllDesktopTargetPlatform
[2019.01.27-13.04.56:110][  0]LogTemp: Display: Loaded TP MacClientTargetPlatform
[2019.01.27-13.04.56:135][  0]LogTemp: Display: Loaded TP MacNoEditorTargetPlatform
[2019.01.27-13.04.56:158][  0]LogTemp: Display: Loaded TP MacServerTargetPlatform
[2019.01.27-13.04.56:178][  0]LogTemp: Display: Loaded TP MacTargetPlatform
[2019.01.27-13.04.56:201][  0]LogTemp: Display: Loaded TP WindowsClientTargetPlatform
[2019.01.27-13.04.56:224][  0]LogTemp: Display: Loaded TP WindowsNoEditorTargetPlatform
[2019.01.27-13.04.56:247][  0]LogTemp: Display: Loaded TP WindowsServerTargetPlatform
[2019.01.27-13.04.56:260][  0]LogTemp: Display: Loaded TP WindowsTargetPlatform
[2019.01.27-13.04.56:377][  0]LogTemp: Display: Loaded TP AndroidTargetPlatform
[2019.01.27-13.04.56:377][  0]LogTemp: Display: Loaded TP AndroidTargetPlatform
[2019.01.27-13.04.56:377][  0]LogTemp: Display: Loaded TP AndroidTargetPlatform
[2019.01.27-13.04.56:377][  0]LogTemp: Display: Loaded TP AndroidTargetPlatform
[2019.01.27-13.04.56:377][  0]LogTemp: Display: Loaded TP AndroidTargetPlatform
[2019.01.27-13.04.56:377][  0]LogTemp: Display: Loaded TP AndroidTargetPlatform
[2019.01.27-13.04.56:377][  0]LogTemp: Display: Loaded TP AndroidTargetPlatform
[2019.01.27-13.04.56:377][  0]LogTemp: Display: Loaded TP AndroidTargetPlatform
[2019.01.27-13.04.56:377][  0]LogTemp: Display: Loaded TP AndroidTargetPlatform
[2019.01.27-13.04.56:377][  0]LogTemp: Display: Loaded TP AndroidTargetPlatform
[2019.01.27-13.04.56:377][  0]LogTemp: Display: Loaded TP AndroidTargetPlatform
[2019.01.27-13.04.56:377][  0]LogTemp: Display: Loaded TP AndroidTargetPlatform
[2019.01.27-13.04.56:378][  0]LogTemp: Display: Loaded TP AndroidTargetPlatform
[2019.01.27-13.04.56:378][  0]LogTemp: Display: Loaded TP AndroidTargetPlatform
[2019.01.27-13.04.56:378][  0]LogTemp: Display: Loaded TP AndroidTargetPlatform
[2019.01.27-13.04.56:378][  0]LogTemp: Display: Loaded TP AndroidTargetPlatform
[2019.01.27-13.04.56:378][  0]LogTemp: Display: Loaded TP AndroidTargetPlatform
[2019.01.27-13.04.56:378][  0]LogTemp: Display: Loaded TP AndroidTargetPlatform
[2019.01.27-13.04.56:382][  0]LogTemp: Display: Loaded TP HTML5TargetPlatform
[2019.01.27-13.04.56:467][  0]LogTemp: Display: Loaded TP IOSTargetPlatform
[2019.01.27-13.04.56:467][  0]LogTemp: Display: Loaded TP IOSTargetPlatform
[2019.01.27-13.04.56:498][  0]LogTemp: Display: Loaded TP TVOSTargetPlatform
[2019.01.27-13.04.56:498][  0]LogTemp: Display: Loaded TP TVOSTargetPlatform
[2019.01.27-13.04.56:515][  0]LogTemp: Display: Loaded TP LinuxClientTargetPlatform
[2019.01.27-13.04.56:532][  0]LogTemp: Display: Loaded TP LinuxNoEditorTargetPlatform
[2019.01.27-13.04.56:550][  0]LogTemp: Display: Loaded TP LinuxServerTargetPlatform
[2019.01.27-13.04.56:569][  0]LogTemp: Display: Loaded TP LinuxTargetPlatform
[2019.01.27-13.04.56:582][  0]LogTemp: Display: Loaded TP LuminTargetPlatform
[2019.01.27-13.04.56:583][  0]LogTargetPlatformManager: Display: Building Assets For Windows
[2019.01.27-13.04.56:765][  0]LogXGEController: Cleaning working directory: C:/Users/r017093h/AppData/Local/Temp/UnrealXGEWorkingDir/
[2019.01.27-13.04.56:765][  0]LogXGEController: Cannot use XGE Controller as Incredibuild is not installed on this machine.
[2019.01.27-13.04.56:765][  0]LogShaderCompilers: Cannot use XGE Shader Compiler as Incredibuild is not installed on this machine.
[2019.01.27-13.04.56:766][  0]LogShaderCompilers: Display: Using Local Shader Compiler.
[2019.01.27-13.04.57:875][  0]LogDerivedDataCache: Display: Max Cache Size: 512 MB
[2019.01.27-13.04.57:973][  0]LogDerivedDataCache: Loaded boot cache 0.10s 73MB C:/Users/r017093h/AppData/Local/UnrealEngine/4.20/DerivedDataCache/Boot.ddc.
[2019.01.27-13.04.57:973][  0]LogDerivedDataCache: Display: Loaded Boot cache: C:/Users/r017093h/AppData/Local/UnrealEngine/4.20/DerivedDataCache/Boot.ddc
[2019.01.27-13.04.57:973][  0]LogDerivedDataCache: FDerivedDataBackendGraph:  Pak pak cache file ../../../../../../Users/r017093h/Documents/HomeIs/HomeIs/DerivedDataCache/DDC.ddp not found, will not use a pak cache.
[2019.01.27-13.04.57:973][  0]LogDerivedDataCache: Unable to find inner node Pak for hierarchical cache Hierarchy.
[2019.01.27-13.04.57:974][  0]LogDerivedDataCache: FDerivedDataBackendGraph:  CompressedPak pak cache file ../../../../../../Users/r017093h/Documents/HomeIs/HomeIs/DerivedDataCache/Compressed.ddp not found, will not use a pak cache.
[2019.01.27-13.04.57:974][  0]LogDerivedDataCache: Unable to find inner node CompressedPak for hierarchical cache Hierarchy.
[2019.01.27-13.04.57:989][  0]LogDerivedDataCache: Display: Pak cache opened for reading ../../../Engine/DerivedDataCache/Compressed.ddp.
[2019.01.27-13.04.58:003][  0]LogDerivedDataCache: Using Local data cache path C:/Users/r017093h/AppData/Local/UnrealEngine/Common/DerivedDataCache: Writable
[2019.01.27-13.04.58:003][  0]LogDerivedDataCache: Shared data cache path not found in *engine.ini, will not use an Shared cache.
[2019.01.27-13.04.58:003][  0]LogDerivedDataCache: Unable to find inner node Shared for hierarchical cache Hierarchy.
[2019.01.27-13.04.58:024][  0]LogMaterial: Verifying Global Shaders for PCD3D_SM5
[2019.01.27-13.04.58:026][  0]LogSlate: Using FreeType 2.6.0
[2019.01.27-13.04.58:027][  0]LogSlate: SlateFontServices - WITH_FREETYPE: 1, WITH_HARFBUZZ: 1
[2019.01.27-13.04.58:125][  0]LogAssetRegistry: FAssetRegistry took 0.0296 seconds to start up
[2019.01.27-13.04.58:568][  0]LogInit: Selected Device Profile: [Windows]
[2019.01.27-13.04.58:762][  0]LogSimplygon: Simplygon DLL not present - disabling.
[2019.01.27-13.04.58:773][  0]LogMeshReduction: Using SimplygonSwarm for distributed automatic mesh merging
[2019.01.27-13.04.58:773][  0]LogMeshReduction: Using ProxyLODMeshReduction for automatic mesh merging
[2019.01.27-13.04.58:773][  0]LogMeshReduction: Using QuadricMeshReduction for automatic static mesh reduction
[2019.01.27-13.04.58:773][  0]LogMeshReduction: No automatic skeletal mesh reduction module available
[2019.01.27-13.04.58:802][  0]LogNetVersion: HomeIs 1.0.0, NetCL: 4212847, EngineNetVer: 5, GameNetVer: 0 (Checksum: 4178729889)
[2019.01.27-13.04.59:806][  0]LogPackageLocalizationCache: Processed 11 localized package path(s) for 2 prioritized culture(s) in 0.510825 seconds
[2019.01.27-13.04.59:814][  0]LogUObjectArray: 38425 objects as part of root set at end of initial load.
[2019.01.27-13.04.59:814][  0]LogUObjectAllocator: 6690872 out of 0 bytes used by permanent object pool.
[2019.01.27-13.04.59:814][  0]LogUObjectArray: CloseDisregardForGC: 0/0 objects in disregard for GC pool
[2019.01.27-13.05.01:059][  0]LogTcpMessaging: Initializing TcpMessaging bridge
[2019.01.27-13.05.01:077][  0]LogUdpMessaging: Initializing bridge on interface 0.0.0.0:0 to multicast group 230.0.0.1:6666.
[2019.01.27-13.05.01:609][  0]SourceControl: Source control is disabled
[2019.01.27-13.05.01:610][  0]SourceControl: Source control is disabled
[2019.01.27-13.05.01:613][  0]SourceControl: Source control is disabled
[2019.01.27-13.05.01:617][  0]SourceControl: Source control is disabled
[2019.01.27-13.05.01:935][  0]LogAndroidPermission: UAndroidPermissionCallbackProxy::GetInstance
[2019.01.27-13.05.02:066][  0]LogOcInput: OculusInput pre-init called
[2019.01.27-13.05.02:144][  0]LogEngine: Initializing Engine...
[2019.01.27-13.05.02:146][  0]LogHMD: Failed to initialize OpenVR with code 110
[2019.01.27-13.05.02:149][  0]LogStats: UGameplayTagsManager::ConstructGameplayTagTree: ImportINI prefixes -  0.000 s
[2019.01.27-13.05.02:149][  0]LogStats: UGameplayTagsManager::ConstructGameplayTagTree: Construct from data asset -  0.000 s
[2019.01.27-13.05.02:149][  0]LogStats: UGameplayTagsManager::ConstructGameplayTagTree: ImportINI -  0.000 s
[2019.01.27-13.05.02:149][  0]LogStats: UGameplayTagsManager::ConstructGameplayTagTree: GameplayTagTreeChangedEvent.Broadcast -  0.000 s
[2019.01.27-13.05.02:395][  0]LogInit: Initializing FReadOnlyCVARCache
[2019.01.27-13.05.02:422][  0]LogAIModule: Creating AISystem for world Untitled
[2019.01.27-13.05.02:442][  0]LogInit: XAudio2 using 'Speakers (Logitech G430 Gaming Headset)' : 2 channels at 48 kHz using 16 bits per sample (channel mask 0x3)
[2019.01.27-13.05.02:460][  0]LogInit: FAudioDevice initialized.
[2019.01.27-13.05.02:461][  0]LogNetVersion: Set ProjectVersion to 1.0.0.0. Version Checksum will be recalculated on next use.
[2019.01.27-13.05.02:555][  0]LogDerivedDataCache: Saved boot cache 0.09s 73MB C:/Users/r017093h/AppData/Local/UnrealEngine/4.20/DerivedDataCache/Boot.ddc.
[2019.01.27-13.05.02:589][  0]LogInit: Texture streaming: Enabled
[2019.01.27-13.05.02:624][  0]LogEngineSessionManager: EngineSessionManager initialized
[2019.01.27-13.05.02:643][  0]LogInit: Transaction tracking system initialized
[2019.01.27-13.05.02:696][  0]BlueprintLog: New page: Editor Load
[2019.01.27-13.05.02:917][  0]LocalizationService: Localization service is disabled
[2019.01.27-13.05.03:312][  0]LogCook: Display: Max memory allowance for cook 16384mb min free memory 0mb
[2019.01.27-13.05.03:312][  0]LogCook: Display: Mobile HDR setting 1
[2019.01.27-13.05.03:312][  0]LogGameplayTags: Display: UGameplayTagsManager::DoneAddingNativeTags. DelegateIsBound: 0
[2019.01.27-13.05.03:312][  0]LogStats: UGameplayTagsManager::ConstructGameplayTagTree: ImportINI prefixes -  0.000 s
[2019.01.27-13.05.03:312][  0]LogStats: UGameplayTagsManager::ConstructGameplayTagTree: Construct from data asset -  0.000 s
[2019.01.27-13.05.03:313][  0]LogStats: UGameplayTagsManager::ConstructGameplayTagTree: ImportINI -  0.000 s
[2019.01.27-13.05.03:313][  0]LogStats: UGameplayTagsManager::ConstructGameplayTagTree: GameplayTagTreeChangedEvent.Broadcast -  0.000 s
[2019.01.27-13.05.03:553][  0]LogFileCache: Scanning file cache for directory 'C:/Users/r017093h/Documents/HomeIs/HomeIs/Content/' took 0.03s
[2019.01.27-13.05.03:553][  0]SourceControl: Source control is disabled
[2019.01.27-13.05.03:554][  0]Cmd: MAP LOAD FILE="../../../../../../Users/r017093h/Documents/HomeIs/HomeIs/Content/FirstPersonCPP/Maps/FirstPersonExampleMap.umap" TEMPLATE=0 SHOWPROGRESS=1 FEATURELEVEL=3
[2019.01.27-13.05.03:555][  0]LightingResults: New page: Lighting Build
[2019.01.27-13.05.03:561][  0]MapCheck: New page: Map Check
[2019.01.27-13.05.03:561][  0]LightingResults: New page: Lighting Build
[2019.01.27-13.05.04:876][  0]LogAIModule: Creating AISystem for world FirstPersonExampleMap
[2019.01.27-13.05.04:925][  0]LogSlate: Took 0.000208 seconds to synchronously load lazily loaded font '../../../Engine/Content/Slate/Fonts/Roboto-Regular.ttf' (155K)
[2019.01.27-13.05.04:954][  0]LogWindowsTextInputMethodSystem: Display: IME system now deactivated.
[2019.01.27-13.05.09:084][  0]LogSlate: Window 'Message' being destroyed
[2019.01.27-13.05.09:085][  0]LogWindowsTextInputMethodSystem: Display: IME system now deactivated.
[2019.01.27-13.05.09:087][  0]LogWindowsTextInputMethodSystem: Display: IME system now deactivated.
[2019.01.27-13.05.09:089][  0]LoadErrors: Error: The Skeleton  mremireh_o_desbiens_Skeleton is missing bones that SkeletalMesh  derrick needs. They will be added now. Please save the Skeleton!
[2019.01.27-13.05.09:089][  0]LoadErrors: Error: The Skeleton  mremireh_o_desbiens_Skeleton is missing bones that SkeletalMesh  derrick needs. They will be added now. Please save the Skeleton!
[2019.01.27-13.05.09:089][  0]LoadErrors: Error: The Skeleton  mremireh_o_desbiens_Skeleton is missing bones that SkeletalMesh  derrick needs. They will be added now. Please save the Skeleton!
[2019.01.27-13.05.09:090][  0]LoadErrors: Error: The Skeleton  mremireh_o_desbiens_Skeleton is missing bones that SkeletalMesh  derrick needs. They will be added now. Please save the Skeleton!
[2019.01.27-13.05.09:099][  0]LogEditorServer: Finished looking for orphan Actors (0.000 secs)
[2019.01.27-13.05.09:137][  0]Cmd: MAP CHECKDEP NOCLEARLOG
[2019.01.27-13.05.09:440][  0]MapCheck: Map check complete: 0 Error(s), 0 Warning(s), took 303.155ms to complete.
[2019.01.27-13.05.09:440][  0]LogFileHelpers: Loading map 'FirstPersonExampleMap' took 5.886
[2019.01.27-13.05.09:620][  0]LogSlate: Updating window title bar state: overlay mode, drag disabled, window buttons hidden, title bar hidden
[2019.01.27-13.05.09:643][  0]LogSlate: Updating window title bar state: overlay mode, drag disabled, window buttons hidden, title bar hidden
[2019.01.27-13.05.09:663][  0]LogSlate: Updating window title bar state: overlay mode, drag disabled, window buttons hidden, title bar hidden
[2019.01.27-13.05.09:685][  0]LogSlate: Updating window title bar state: overlay mode, drag disabled, window buttons hidden, title bar hidden
[2019.01.27-13.05.09:704][  0]LogCollectionManager: Loaded 0 collections in 0.006712 seconds
[2019.01.27-13.05.09:772][  0]LogFileCache: Scanning file cache for directory 'C:/Users/r017093h/Documents/HomeIs/HomeIs/Saved/Collections/' took 0.01s
[2019.01.27-13.05.09:773][  0]LogFileCache: Scanning file cache for directory 'C:/Users/r017093h/Documents/HomeIs/HomeIs/Content/Developers/r017093h/Collections/' took 0.01s
[2019.01.27-13.05.09:773][  0]LogFileCache: Scanning file cache for directory 'C:/Users/r017093h/Documents/HomeIs/HomeIs/Content/Collections/' took 0.01s
[2019.01.27-13.05.09:773][  0]LogCollectionManager: Rebuilt the GUID cache for 0 collections in 0.000000 seconds
[2019.01.27-13.05.09:799][  0]LogContentBrowser: Native class hierarchy populated in 0.0255 seconds. Added 2594 classes and 611 folders.
[2019.01.27-13.05.09:829][  0]LogContentBrowser: Native class hierarchy updated for 'WidgetCarousel' in 0.0018 seconds. Added 0 classes and 0 folders.
[2019.01.27-13.05.09:965][  0]LogContentBrowser: Native class hierarchy updated for 'AddContentDialog' in 0.0008 seconds. Added 0 classes and 0 folders.
[2019.01.27-13.05.09:977][  0]LogContentBrowser: Native class hierarchy updated for 'SceneOutliner' in 0.0008 seconds. Added 1 classes and 2 folders.
[2019.01.27-13.05.09:995][  0]LogSlate: Took 0.000301 seconds to synchronously load lazily loaded font '../../../Engine/Content/Slate/Fonts/Roboto-Bold.ttf' (160K)
[2019.01.27-13.05.10:003][  0]LogSlate: Took 0.000342 seconds to synchronously load lazily loaded font '../../../Engine/Content/Editor/Slate/Fonts/FontAwesome.ttf' (139K)
[2019.01.27-13.05.10:069][  0]LogRenderer: Reallocating scene render targets to support 1208x576 Format 10 NumSamples 1 (Frame:1).
[2019.01.27-13.05.10:141][  0]LogSlate: Took 0.000247 seconds to synchronously load lazily loaded font '../../../Engine/Content/Slate/Fonts/Roboto-Light.ttf' (167K)
[2019.01.27-13.05.10:212][  0]LogContentBrowser: Native class hierarchy updated for 'HierarchicalLODOutliner' in 0.0008 seconds. Added 0 classes and 0 folders.
[2019.01.27-13.05.10:213][  0]LogLoad: (Engine Initialization) Total time: 19.61 seconds
[2019.01.27-13.05.10:213][  0]LogLoad: (Engine Initialization) Total Blueprint compile time: 0.00 seconds
[2019.01.27-13.05.10:284][  0]LogContentStreaming: Texture pool size now 1000 MB
[2019.01.27-13.05.10:293][  0]LogSlate: FSceneViewport::OnFocusLost() reason 2
[2019.01.27-13.05.10:393][  2]LogAssetRegistry: Asset discovery search completed in 12.2933 seconds
[2019.01.27-13.05.10:398][  2]LogCollectionManager: Rebuilt the object cache for 0 collections in 0.000001 seconds (found 0 objects)
[2019.01.27-13.05.10:398][  2]LogCollectionManager: Fixed up redirectors for 0 collections in 0.000246 seconds (updated 0 objects)
[2019.01.27-13.05.14:399][458]LogSlate: FSceneViewport::OnFocusLost() reason 2
[2019.01.27-13.05.15:347][553]LogFileCache: Retrieving MD5 hashes for directory 'C:/Users/r017093h/Documents/HomeIs/HomeIs/Content/' took 5.11s
[2019.01.27-13.05.18:024][857]LogSlate: Window 'Message Log' being destroyed
[2019.01.27-13.05.18:026][857]LogSlate: Window 'Message Log' being destroyed
[2019.01.27-13.05.21:072][153]LogSlate: FSceneViewport::OnFocusLost() reason 0
[2019.01.27-13.05.21:459][191]LogTemp: Repeating last play command: Selected Viewport
[2019.01.27-13.05.21:488][191]LogBlueprintUserMessages: Early PlayInEditor Detection: Level '/Game/FirstPersonCPP/Maps/FirstPersonExampleMap.FirstPersonExampleMap:PersistentLevel' has LevelScriptBlueprint '/Game/FirstPersonCPP/Maps/FirstPersonExampleMap.FirstPersonExampleMap:PersistentLevel.FirstPersonExampleMap' with GeneratedClass '/Game/FirstPersonCPP/Maps/FirstPersonExampleMap.FirstPersonExampleMap_C' with ClassGeneratedBy '/Game/FirstPersonCPP/Maps/FirstPersonExampleMap.FirstPersonExampleMap:PersistentLevel.FirstPersonExampleMap'
[2019.01.27-13.05.21:488][191]LogPlayLevel: PlayLevel: No blueprints needed recompiling
[2019.01.27-13.05.21:503][191]PIE: New page: PIE session: FirstPersonExampleMap (27 Jan 2019 13:05:21)
[2019.01.27-13.05.21:503][191]LogPlayLevel: Creating play world package: /Game/FirstPersonCPP/Maps/UEDPIE_0_FirstPersonExampleMap
[2019.01.27-13.05.21:543][191]LogPlayLevel: PIE: StaticDuplicateObject took: (0.039589s)
[2019.01.27-13.05.21:544][191]LogAIModule: Creating AISystem for world FirstPersonExampleMap
[2019.01.27-13.05.21:544][191]LogPlayLevel: PIE: World Init took: (0.001430s)
[2019.01.27-13.05.21:544][191]LogPlayLevel: PIE: Created PIE world by copying editor world from /Game/FirstPersonCPP/Maps/FirstPersonExampleMap.FirstPersonExampleMap to /Game/FirstPersonCPP/Maps/UEDPIE_0_FirstPersonExampleMap.FirstPersonExampleMap (0.041590s)
[2019.01.27-13.05.21:583][191]LogInit: XAudio2 using 'Speakers (Logitech G430 Gaming Headset)' : 2 channels at 48 kHz using 16 bits per sample (channel mask 0x3)
[2019.01.27-13.05.21:595][191]LogInit: FAudioDevice initialized.
[2019.01.27-13.05.21:650][191]LogLoad: Game class is 'HomeIsGameMode'
[2019.01.27-13.05.21:655][191]LogWorld: Bringing World /Game/FirstPersonCPP/Maps/UEDPIE_0_FirstPersonExampleMap.FirstPersonExampleMap up for play (max tick rate 0) at 2019.01.27-13.05.21
[2019.01.27-13.05.21:657][191]LogWorld: Bringing up level for play took: 0.004575
[2019.01.27-13.05.21:680][191]LogContentBrowser: Native class hierarchy updated for 'MovieSceneCapture' in 0.0007 seconds. Added 10 classes and 0 folders.
[2019.01.27-13.05.21:683][191]PIE: Play in editor start time for /Game/FirstPersonCPP/Maps/UEDPIE_0_FirstPersonExampleMap 0.672
[2019.01.27-13.05.21:683][191]LogBlueprintUserMessages: Late PlayInEditor Detection: Level '/Game/FirstPersonCPP/Maps/FirstPersonExampleMap.FirstPersonExampleMap:PersistentLevel' has LevelScriptBlueprint '/Game/FirstPersonCPP/Maps/FirstPersonExampleMap.FirstPersonExampleMap:PersistentLevel.FirstPersonExampleMap' with GeneratedClass '/Game/FirstPersonCPP/Maps/FirstPersonExampleMap.FirstPersonExampleMap_C' with ClassGeneratedBy '/Game/FirstPersonCPP/Maps/FirstPersonExampleMap.FirstPersonExampleMap:PersistentLevel.FirstPersonExampleMap'
[2019.01.27-13.05.21:693][191]LogTemp: Warning: Already marked for destroy.
[2019.01.27-13.05.28:115][545]LogTemp: Warning: 463.230377
[2019.01.27-13.05.28:169][547]LogTemp: Warning: 542.381714
[2019.01.27-13.05.28:562][568]LogTemp: Warning: 467.001282
[2019.01.27-13.05.28:611][571]LogTemp: Warning: 450.292999
[2019.01.27-13.05.29:072][598]LogTemp: Warning: 569.368530
[2019.01.27-13.05.29:172][603]LogTemp: Warning: 708.319824
[2019.01.27-13.05.29:649][625]LogTemp: Warning: 948.551147
[2019.01.27-13.05.29:678][626]LogTemp: Warning: 883.903198
[2019.01.27-13.05.30:124][650]LogTemp: Warning: 1149.390137
[2019.01.27-13.05.30:124][650]LogTemp: Warning: 1232.622314
[2019.01.27-13.05.30:627][677]LogTemp: Warning: 961.633057
[2019.01.27-13.05.30:663][679]LogTemp: Warning: 851.326233
[2019.01.27-13.05.31:139][707]LogTemp: Warning: 648.649292
[2019.01.27-13.05.31:171][708]LogTemp: Warning: 553.446350
[2019.01.27-13.05.31:688][731]LogTemp: Warning: 328.624084
[2019.01.27-13.05.31:742][734]LogTemp: Warning: 203.823502
[2019.01.27-13.05.32:235][761]LogTemp: Warning: 85.192703
[2019.01.27-13.05.32:287][763]LogTemp: Warning: 145.204193
[2019.01.27-13.05.32:744][786]LogTemp: Warning: 85.192703
[2019.01.27-13.05.32:745][786]LogTemp: Warning: 145.021255
[2019.01.27-13.05.33:180][811]LogTemp: Warning: 85.192703
[2019.01.27-13.05.33:316][816]LogTemp: Warning: 143.611084
[2019.01.27-13.05.33:656][834]LogTemp: Warning: 85.192703
[2019.01.27-13.05.33:778][839]LogTemp: Warning: 135.692520
[2019.01.27-13.05.34:237][861]LogTemp: Warning: 85.192703
[2019.01.27-13.05.34:275][864]LogTemp: Warning: 1
[2019.01.27-13.05.34:276][864]LogTemp: Warning: 2CollisionCylinder
[2019.01.27-13.05.34:276][864]LogTemp: Warning: 3
[2019.01.27-13.05.34:318][866]LogTemp: Warning: 85.160545
[2019.01.27-13.05.34:428][873]LogTemp: Warning: 1
[2019.01.27-13.05.34:428][873]LogTemp: Warning: 2CollisionCylinder
[2019.01.27-13.05.34:428][873]LogTemp: Warning: 3
[2019.01.27-13.05.34:620][885]LogTemp: Warning: 1
[2019.01.27-13.05.34:621][885]LogTemp: Warning: 2CollisionCylinder
[2019.01.27-13.05.34:621][885]LogTemp: Warning: 3
[2019.01.27-13.05.34:678][888]LogTemp: Warning: 85.192703
[2019.01.27-13.05.34:742][892]LogTemp: Warning: 85.162506
[2019.01.27-13.05.34:787][894]LogTemp: Warning: 1
[2019.01.27-13.05.34:787][894]LogTemp: Warning: 2CollisionCylinder
[2019.01.27-13.05.34:787][894]LogTemp: Warning: 3
[2019.01.27-13.05.34:933][903]LogTemp: Warning: 1
[2019.01.27-13.05.34:933][903]LogTemp: Warning: 2CollisionCylinder
[2019.01.27-13.05.34:933][903]LogTemp: Warning: 3
[2019.01.27-13.05.35:099][913]LogTemp: Warning: 85.192703
[2019.01.27-13.05.35:105][914]LogTemp: Warning: 1
[2019.01.27-13.05.35:105][914]LogTemp: Warning: 2CollisionCylinder
[2019.01.27-13.05.35:105][914]LogTemp: Warning: 3
[2019.01.27-13.05.35:209][920]LogTemp: Warning: 85.162712
[2019.01.27-13.05.35:583][941]LogBlueprintUserMessages: Early EndPlayMap Detection: Level '/Game/FirstPersonCPP/Maps/FirstPersonExampleMap.FirstPersonExampleMap:PersistentLevel' has LevelScriptBlueprint '/Game/FirstPersonCPP/Maps/FirstPersonExampleMap.FirstPersonExampleMap:PersistentLevel.FirstPersonExampleMap' with GeneratedClass '/Game/FirstPersonCPP/Maps/FirstPersonExampleMap.FirstPersonExampleMap_C' with ClassGeneratedBy '/Game/FirstPersonCPP/Maps/FirstPersonExampleMap.FirstPersonExampleMap:PersistentLevel.FirstPersonExampleMap'
[2019.01.27-13.05.35:584][941]LogSlate: Updating window title bar state: overlay mode, drag disabled, window buttons hidden, title bar hidden
[2019.01.27-13.05.35:626][941]LogPlayLevel: Display: Shutting down PIE online subsystems
[2019.01.27-13.05.35:627][941]LogBlueprintUserMessages: Late EndPlayMap Detection: Level '/Game/FirstPersonCPP/Maps/FirstPersonExampleMap.FirstPersonExampleMap:PersistentLevel' has LevelScriptBlueprint '/Game/FirstPersonCPP/Maps/FirstPersonExampleMap.FirstPersonExampleMap:PersistentLevel.FirstPersonExampleMap' with GeneratedClass '/Game/FirstPersonCPP/Maps/FirstPersonExampleMap.FirstPersonExampleMap_C' with ClassGeneratedBy '/Game/FirstPersonCPP/Maps/FirstPersonExampleMap.FirstPersonExampleMap:PersistentLevel.FirstPersonExampleMap'
[2019.01.27-13.05.35:653][941]LogSlate: Updating window title bar state: overlay mode, drag disabled, window buttons hidden, title bar hidden
[2019.01.27-13.05.35:680][942]LogPlayLevel: Display: Destroying online subsystem :Context_6
[2019.01.27-13.12.50:442][924]LogSlate: FSceneViewport::OnFocusLost() reason 0
[2019.01.27-13.13.00:643][969]LogEditorViewport: Clicking on Actor (LMB): FirstPersonCharacter_C (FirstPersonCharacter2)
[2019.01.27-13.13.03:004][135]LogSlate: FSceneViewport::OnFocusLost() reason 2
[2019.01.27-13.13.03:021][135]LogSlate: Took 0.000238 seconds to synchronously load lazily loaded font '../../../Engine/Content/Slate/Fonts/Roboto-Light.ttf' (167K)
[2019.01.27-13.13.08:284][587]LogSlate: Took 0.000404 seconds to synchronously load lazily loaded font '../../../Engine/Content/Slate/Fonts/Roboto-Italic.ttf' (157K)
[2019.01.27-13.13.11:056][855]LogSlate: FSceneViewport::OnFocusLost() reason 0
[2019.01.27-13.13.26:841][497]LogTemp: Repeating last play command: Selected Viewport
[2019.01.27-13.13.26:867][497]LogBlueprintUserMessages: Early PlayInEditor Detection: Level '/Game/FirstPersonCPP/Maps/FirstPersonExampleMap.FirstPersonExampleMap:PersistentLevel' has LevelScriptBlueprint '/Game/FirstPersonCPP/Maps/FirstPersonExampleMap.FirstPersonExampleMap:PersistentLevel.FirstPersonExampleMap' with GeneratedClass '/Game/FirstPersonCPP/Maps/FirstPersonExampleMap.FirstPersonExampleMap_C' with ClassGeneratedBy '/Game/FirstPersonCPP/Maps/FirstPersonExampleMap.FirstPersonExampleMap:PersistentLevel.FirstPersonExampleMap'
[2019.01.27-13.13.26:867][497]LogPlayLevel: PlayLevel: No blueprints needed recompiling
[2019.01.27-13.13.26:867][497]PIE: New page: PIE session: FirstPersonExampleMap (27 Jan 2019 13:13:26)
[2019.01.27-13.13.26:867][497]LogPlayLevel: Creating play world package: /Game/FirstPersonCPP/Maps/UEDPIE_0_FirstPersonExampleMap
[2019.01.27-13.13.26:889][497]LogPlayLevel: PIE: StaticDuplicateObject took: (0.021373s)
[2019.01.27-13.13.26:891][497]LogAIModule: Creating AISystem for world FirstPersonExampleMap
[2019.01.27-13.13.26:891][497]LogPlayLevel: PIE: World Init took: (0.002206s)
[2019.01.27-13.13.26:892][497]LogPlayLevel: PIE: Created PIE world by copying editor world from /Game/FirstPersonCPP/Maps/FirstPersonExampleMap.FirstPersonExampleMap to /Game/FirstPersonCPP/Maps/UEDPIE_0_FirstPersonExampleMap.FirstPersonExampleMap (0.024082s)
[2019.01.27-13.13.26:985][497]LogInit: XAudio2 using 'Speakers (Logitech G430 Gaming Headset)' : 2 channels at 48 kHz using 16 bits per sample (channel mask 0x3)
[2019.01.27-13.13.26:998][497]LogInit: FAudioDevice initialized.
[2019.01.27-13.13.27:040][497]LogLoad: Game class is 'HomeIsGameMode'
[2019.01.27-13.13.27:044][497]LogWorld: Bringing World /Game/FirstPersonCPP/Maps/UEDPIE_0_FirstPersonExampleMap.FirstPersonExampleMap up for play (max tick rate 0) at 2019.01.27-13.13.27
[2019.01.27-13.13.27:046][497]LogWorld: Bringing up level for play took: 0.004417
[2019.01.27-13.13.27:062][497]PIE: Play in editor start time for /Game/FirstPersonCPP/Maps/UEDPIE_0_FirstPersonExampleMap 0.048
[2019.01.27-13.13.27:062][497]LogBlueprintUserMessages: Late PlayInEditor Detection: Level '/Game/FirstPersonCPP/Maps/FirstPersonExampleMap.FirstPersonExampleMap:PersistentLevel' has LevelScriptBlueprint '/Game/FirstPersonCPP/Maps/FirstPersonExampleMap.FirstPersonExampleMap:PersistentLevel.FirstPersonExampleMap' with GeneratedClass '/Game/FirstPersonCPP/Maps/FirstPersonExampleMap.FirstPersonExampleMap_C' with ClassGeneratedBy '/Game/FirstPersonCPP/Maps/FirstPersonExampleMap.FirstPersonExampleMap:PersistentLevel.FirstPersonExampleMap'
[2019.01.27-13.13.27:072][497]LogTemp: Warning: Already marked for destroy.
[2019.01.27-13.13.28:178][564]LogTemp: Warning: 1
[2019.01.27-13.13.28:385][577]LogTemp: Warning: 1
[2019.01.27-13.13.28:635][594]LogTemp: Warning: 1
[2019.01.27-13.13.29:896][666]LogBlueprintUserMessages: Early EndPlayMap Detection: Level '/Game/FirstPersonCPP/Maps/FirstPersonExampleMap.FirstPersonExampleMap:PersistentLevel' has LevelScriptBlueprint '/Game/FirstPersonCPP/Maps/FirstPersonExampleMap.FirstPersonExampleMap:PersistentLevel.FirstPersonExampleMap' with GeneratedClass '/Game/FirstPersonCPP/Maps/FirstPersonExampleMap.FirstPersonExampleMap_C' with ClassGeneratedBy '/Game/FirstPersonCPP/Maps/FirstPersonExampleMap.FirstPersonExampleMap:PersistentLevel.FirstPersonExampleMap'
[2019.01.27-13.13.29:896][666]LogSlate: Updating window title bar state: overlay mode, drag disabled, window buttons hidden, title bar hidden
[2019.01.27-13.13.29:930][666]LogPlayLevel: Display: Shutting down PIE online subsystems
[2019.01.27-13.13.29:931][666]LogBlueprintUserMessages: Late EndPlayMap Detection: Level '/Game/FirstPersonCPP/Maps/FirstPersonExampleMap.FirstPersonExampleMap:PersistentLevel' has LevelScriptBlueprint '/Game/FirstPersonCPP/Maps/FirstPersonExampleMap.FirstPersonExampleMap:PersistentLevel.FirstPersonExampleMap' with GeneratedClass '/Game/FirstPersonCPP/Maps/FirstPersonExampleMap.FirstPersonExampleMap_C' with ClassGeneratedBy '/Game/FirstPersonCPP/Maps/FirstPersonExampleMap.FirstPersonExampleMap:PersistentLevel.FirstPersonExampleMap'
[2019.01.27-13.13.29:957][666]LogSlate: Updating window title bar state: overlay mode, drag disabled, window buttons hidden, title bar hidden
[2019.01.27-13.13.30:002][668]LogPlayLevel: Display: Destroying online subsystem :Context_9
[2019.01.27-13.13.30:804][761]Cmd: TRANSACTION UNDO
[2019.01.27-13.13.30:804][761]LogEditorTransaction: Undo Edit Skeletal Mesh
[2019.01.27-13.13.31:789][869]Cmd: TRANSACTION UNDO
[2019.01.27-13.13.31:789][869]LogEditorTransaction: Undo Clicking on Component (tree view)
[2019.01.27-13.13.35:243][197]Cmd: TRANSACTION UNDO
[2019.01.27-13.13.35:243][197]LogEditorTransaction: Undo Edit Skeletal Mesh
[2019.01.27-13.13.35:754][244]Cmd: TRANSACTION UNDO
[2019.01.27-13.13.35:754][244]LogEditorTransaction: Undo Clicking on Component (tree view)
[2019.01.27-13.13.36:302][295]Cmd: TRANSACTION UNDO
[2019.01.27-13.13.36:302][295]LogEditorTransaction: Undo Clicking on Component (tree view)
[2019.01.27-13.13.37:052][372]Cmd: TRANSACTION UNDO
[2019.01.27-13.13.37:052][372]LogEditorTransaction: Undo Clicking on Component (tree view)
[2019.01.27-13.13.38:919][553]Cmd: TRANSACTION UNDO
[2019.01.27-13.13.38:919][553]LogEditorTransaction: Undo Clicking on Component (tree view)
[2019.01.27-13.13.40:500][648]Cmd: TRANSACTION UNDO
[2019.01.27-13.13.40:500][648]LogEditorTransaction: Undo Edit Skeletal Mesh
[2019.01.27-13.13.41:608][745]Cmd: TRANSACTION UNDO
[2019.01.27-13.13.41:609][745]LogEditorTransaction: Undo Clicking on Actors
[2019.01.27-13.13.44:090][ 16]LogSlate: FSceneViewport::OnFocusLost() reason 0
[2019.01.27-13.13.44:149][ 23]LogTemp: Repeating last play command: Selected Viewport
[2019.01.27-13.13.44:175][ 23]LogBlueprintUserMessages: Early PlayInEditor Detection: Level '/Game/FirstPersonCPP/Maps/FirstPersonExampleMap.FirstPersonExampleMap:PersistentLevel' has LevelScriptBlueprint '/Game/FirstPersonCPP/Maps/FirstPersonExampleMap.FirstPersonExampleMap:PersistentLevel.FirstPersonExampleMap' with GeneratedClass '/Game/FirstPersonCPP/Maps/FirstPersonExampleMap.FirstPersonExampleMap_C' with ClassGeneratedBy '/Game/FirstPersonCPP/Maps/FirstPersonExampleMap.FirstPersonExampleMap:PersistentLevel.FirstPersonExampleMap'
[2019.01.27-13.13.44:175][ 23]LogPlayLevel: PlayLevel: No blueprints needed recompiling
[2019.01.27-13.13.44:175][ 23]PIE: New page: PIE session: FirstPersonExampleMap (27 Jan 2019 13:13:44)
[2019.01.27-13.13.44:175][ 23]LogPlayLevel: Creating play world package: /Game/FirstPersonCPP/Maps/UEDPIE_0_FirstPersonExampleMap
[2019.01.27-13.13.44:197][ 23]LogPlayLevel: PIE: StaticDuplicateObject took: (0.022034s)
[2019.01.27-13.13.44:199][ 23]LogAIModule: Creating AISystem for world FirstPersonExampleMap
[2019.01.27-13.13.44:199][ 23]LogPlayLevel: PIE: World Init took: (0.001291s)
[2019.01.27-13.13.44:199][ 23]LogPlayLevel: PIE: Created PIE world by copying editor world from /Game/FirstPersonCPP/Maps/FirstPersonExampleMap.FirstPersonExampleMap to /Game/FirstPersonCPP/Maps/UEDPIE_0_FirstPersonExampleMap.FirstPersonExampleMap (0.023733s)
[2019.01.27-13.13.44:246][ 23]LogInit: XAudio2 using 'Speakers (Logitech G430 Gaming Headset)' : 2 channels at 48 kHz using 16 bits per sample (channel mask 0x3)
[2019.01.27-13.13.44:262][ 23]LogInit: FAudioDevice initialized.
[2019.01.27-13.13.44:306][ 23]LogLoad: Game class is 'HomeIsGameMode'
[2019.01.27-13.13.44:312][ 23]LogWorld: Bringing World /Game/FirstPersonCPP/Maps/UEDPIE_0_FirstPersonExampleMap.FirstPersonExampleMap up for play (max tick rate 0) at 2019.01.27-13.13.44
[2019.01.27-13.13.44:320][ 23]LogWorld: Bringing up level for play took: 0.012687
[2019.01.27-13.13.44:339][ 23]PIE: Play in editor start time for /Game/FirstPersonCPP/Maps/UEDPIE_0_FirstPersonExampleMap -0.675
[2019.01.27-13.13.44:339][ 23]LogBlueprintUserMessages: Late PlayInEditor Detection: Level '/Game/FirstPersonCPP/Maps/FirstPersonExampleMap.FirstPersonExampleMap:PersistentLevel' has LevelScriptBlueprint '/Game/FirstPersonCPP/Maps/FirstPersonExampleMap.FirstPersonExampleMap:PersistentLevel.FirstPersonExampleMap' with GeneratedClass '/Game/FirstPersonCPP/Maps/FirstPersonExampleMap.FirstPersonExampleMap_C' with ClassGeneratedBy '/Game/FirstPersonCPP/Maps/FirstPersonExampleMap.FirstPersonExampleMap:PersistentLevel.FirstPersonExampleMap'
[2019.01.27-13.13.44:350][ 23]LogTemp: Warning: Already marked for destroy.
[2019.01.27-13.13.45:447][ 85]LogTemp: Warning: 1
[2019.01.27-13.13.45:630][ 97]LogTemp: Warning: 1
[2019.01.27-13.13.45:799][106]LogTemp: Warning: 1
[2019.01.27-13.13.45:945][115]LogTemp: Warning: 1
[2019.01.27-13.13.46:071][123]LogTemp: Warning: 1
[2019.01.27-13.13.46:282][137]LogTemp: Warning: 1
[2019.01.27-13.13.48:554][283]LogBlueprintUserMessages: Early EndPlayMap Detection: Level '/Game/FirstPersonCPP/Maps/FirstPersonExampleMap.FirstPersonExampleMap:PersistentLevel' has LevelScriptBlueprint '/Game/FirstPersonCPP/Maps/FirstPersonExampleMap.FirstPersonExampleMap:PersistentLevel.FirstPersonExampleMap' with GeneratedClass '/Game/FirstPersonCPP/Maps/FirstPersonExampleMap.FirstPersonExampleMap_C' with ClassGeneratedBy '/Game/FirstPersonCPP/Maps/FirstPersonExampleMap.FirstPersonExampleMap:PersistentLevel.FirstPersonExampleMap'
[2019.01.27-13.13.48:555][283]LogSlate: Updating window title bar state: overlay mode, drag disabled, window buttons hidden, title bar hidden
[2019.01.27-13.13.48:597][283]LogPlayLevel: Display: Shutting down PIE online subsystems
[2019.01.27-13.13.48:597][283]LogBlueprintUserMessages: Late EndPlayMap Detection: Level '/Game/FirstPersonCPP/Maps/FirstPersonExampleMap.FirstPersonExampleMap:PersistentLevel' has LevelScriptBlueprint '/Game/FirstPersonCPP/Maps/FirstPersonExampleMap.FirstPersonExampleMap:PersistentLevel.FirstPersonExampleMap' with GeneratedClass '/Game/FirstPersonCPP/Maps/FirstPersonExampleMap.FirstPersonExampleMap_C' with ClassGeneratedBy '/Game/FirstPersonCPP/Maps/FirstPersonExampleMap.FirstPersonExampleMap:PersistentLevel.FirstPersonExampleMap'
[2019.01.27-13.13.48:624][283]LogSlate: Updating window title bar state: overlay mode, drag disabled, window buttons hidden, title bar hidden
[2019.01.27-13.13.48:652][284]LogPlayLevel: Display: Destroying online subsystem :Context_10
[2019.01.27-13.13.49:802][415]LogSlate: FSceneViewport::OnFocusLost() reason 0
[2019.01.27-13.13.50:200][422]LogSavePackage: Moving '../../../../../../Users/r017093h/Documents/HomeIs/HomeIs/Saved/FirstPersonExampleMap03C3D00B4AF477B7BB2020885AA96DDE.tmp' to '../../../../../../Users/r017093h/Documents/HomeIs/HomeIs/Content/FirstPersonCPP/Maps/FirstPersonExampleMap.umap'
[2019.01.27-13.14.16:331][969]LogSlate: FSceneViewport::OnFocusLost() reason 0
[2019.01.27-13.14.16:555][977]LogSlate: Window 'HomeIs - Unreal Editor' being destroyed
[2019.01.27-13.14.16:822][978]Cmd: QUIT_EDITOR
[2019.01.27-13.14.17:819][978]LogWindowsTextInputMethodSystem: Display: IME system now deactivated.
[2019.01.27-13.14.17:839][978]LogExit: Preparing to exit.
[2019.01.27-13.14.17:903][978]LogExit: Editor shut down
[2019.01.27-13.14.17:904][978]LogExit: Transaction tracking system shut down
[2019.01.27-13.14.18:334][978]LogExit: Object subsystem successfully closed.
[2019.01.27-13.14.18:364][978]LogShaderCompilers: Display: Shaders left to compile 0
[2019.01.27-13.14.18:369][978]LogD3D11RHI: Shutdown
[2019.01.27-13.14.18:369][978]LogD3D11RHI: CleanupD3DDevice
[2019.01.27-13.14.18:371][978]LogD3D11RHI: ~FD3D11DynamicRHI
[2019.01.27-13.14.18:409][978]LogModuleManager: Shutting down and abandoning module MovieSceneCapture (620)
[2019.01.27-13.14.18:409][978]LogModuleManager: Shutting down and abandoning module Voice (618)
[2019.01.27-13.14.18:410][978]LogModuleManager: Shutting down and abandoning module HierarchicalLODOutliner (616)
[2019.01.27-13.14.18:410][978]LogModuleManager: Shutting down and abandoning module SceneOutliner (614)
[2019.01.27-13.14.18:410][978]LogModuleManager: Shutting down and abandoning module AddContentDialog (612)
[2019.01.27-13.14.18:410][978]LogModuleManager: Shutting down and abandoning module WidgetCarousel (611)
[2019.01.27-13.14.18:410][978]LogModuleManager: Shutting down and abandoning module EditorWidgets (608)
[2019.01.27-13.14.18:410][978]LogModuleManager: Shutting down and abandoning module CollectionManager (606)
[2019.01.27-13.14.18:411][978]LogModuleManager: Shutting down and abandoning module StatsViewer (604)
[2019.01.27-13.14.18:411][978]LogModuleManager: Shutting down and abandoning module FoliageEdit (602)
[2019.01.27-13.14.18:411][978]LogModuleManager: Shutting down and abandoning module LandscapeEditor (600)
[2019.01.27-13.14.18:411][978]LogModuleManager: Shutting down and abandoning module MeshPaintMode (598)
[2019.01.27-13.14.18:411][978]LogModuleManager: Shutting down and abandoning module SceneDepthPickerMode (596)
[2019.01.27-13.14.18:411][978]LogModuleManager: Shutting down and abandoning module ActorPickerMode (594)
[2019.01.27-13.14.18:411][978]LogModuleManager: Shutting down and abandoning module GeometryMode (592)
[2019.01.27-13.14.18:411][978]LogModuleManager: Shutting down and abandoning module TextureAlignMode (590)
[2019.01.27-13.14.18:412][978]LogModuleManager: Shutting down and abandoning module BspMode (588)
[2019.01.27-13.14.18:412][978]LogModuleManager: Shutting down and abandoning module PIEPreviewDeviceProfileSelector (586)
[2019.01.27-13.14.18:412][978]LogModuleManager: Shutting down and abandoning module SequenceRecorderSections (584)
[2019.01.27-13.14.18:412][978]LogModuleManager: Shutting down and abandoning module AutomationWorker (582)
[2019.01.27-13.14.18:412][978]LogModuleManager: Shutting down and abandoning module AudioCaptureEditor (580)
[2019.01.27-13.14.18:412][978]LogModuleManager: Shutting down and abandoning module SequenceRecorder (579)
[2019.01.27-13.14.18:412][978]LogModuleManager: Shutting down and abandoning module MatineeToLevelSequence (576)
[2019.01.27-13.14.18:412][978]LogModuleManager: Shutting down and abandoning module LevelSequenceEditor (574)
[2019.01.27-13.14.18:412][978]LogModuleManager: Shutting down and abandoning module PlacementMode (573)
[2019.01.27-13.14.18:413][978]LogModuleManager: Shutting down and abandoning module MaterialEditor (572)
[2019.01.27-13.14.18:413][978]LogModuleManager: Shutting down and abandoning module WmfMediaFactory (568)
[2019.01.27-13.14.18:413][978]LogModuleManager: Shutting down and abandoning module WmfMediaEditor (566)
[2019.01.27-13.14.18:413][978]LogModuleManager: Shutting down and abandoning module MediaPlayerEditor (564)
[2019.01.27-13.14.18:413][978]LogModuleManager: Shutting down and abandoning module OpenExrWrapper (562)
[2019.01.27-13.14.18:413][978]LogModuleManager: Shutting down and abandoning module ImgMediaFactory (560)
[2019.01.27-13.14.18:413][978]LogModuleManager: Shutting down and abandoning module ImgMediaEditor (558)
[2019.01.27-13.14.18:413][978]LogModuleManager: Shutting down and abandoning module AvfMediaFactory (556)
[2019.01.27-13.14.18:414][978]LogModuleManager: Shutting down and abandoning module AvfMediaEditor (554)
[2019.01.27-13.14.18:414][978]LogModuleManager: Shutting down and abandoning module AndroidMediaFactory (552)
[2019.01.27-13.14.18:414][978]LogModuleManager: Shutting down and abandoning module AndroidMediaEditor (550)
[2019.01.27-13.14.18:414][978]LogModuleManager: Shutting down and abandoning module MagicLeapCameraPreviewFactory (548)
[2019.01.27-13.14.18:414][978]LogModuleManager: Shutting down and abandoning module MagicLeapMediaFactory (546)
[2019.01.27-13.14.18:414][978]LogModuleManager: Shutting down and abandoning module MagicLeapMediaEditor (544)
[2019.01.27-13.14.18:414][978]LogModuleManager: Shutting down and abandoning module CharacterAI (542)
[2019.01.27-13.14.18:414][978]LogModuleManager: Shutting down and abandoning module SmartSnapping (540)
[2019.01.27-13.14.18:414][978]LogModuleManager: Shutting down and abandoning module SessionServices (538)
[2019.01.27-13.14.18:414][978]LogModuleManager: Shutting down and abandoning module ViewportSnapping (536)
[2019.01.27-13.14.18:415][978]LogModuleManager: Shutting down and abandoning module ViewportInteraction (534)
[2019.01.27-13.14.18:415][978]LogModuleManager: Shutting down and abandoning module ClothPainter (532)
[2019.01.27-13.14.18:415][978]LogModuleManager: Shutting down and abandoning module SkeletalMeshEditor (531)
[2019.01.27-13.14.18:415][978]LogModuleManager: Shutting down and abandoning module LogVisualizer (528)
[2019.01.27-13.14.18:415][978]LogModuleManager: Shutting down and abandoning module IntroTutorials (526)
[2019.01.27-13.14.18:415][978]LogModuleManager: Shutting down and abandoning module GameProjectGeneration (525)
[2019.01.27-13.14.18:415][978]LogModuleManager: Shutting down and abandoning module LuminPlatformEditor (522)
[2019.01.27-13.14.18:415][978]LogModuleManager: Shutting down and abandoning module IOSPlatformEditor (520)
[2019.01.27-13.14.18:415][978]LogModuleManager: Shutting down and abandoning module HTML5PlatformEditor (518)
[2019.01.27-13.14.18:416][978]LogModuleManager: Shutting down and abandoning module AndroidPlatformEditor (516)
[2019.01.27-13.14.18:416][978]LogModuleManager: Shutting down and abandoning module AndroidDeviceDetection (515)
[2019.01.27-13.14.19:571][978]LogModuleManager: Shutting down and abandoning module WindowsPlatformEditor (512)
[2019.01.27-13.14.19:571][978]LogModuleManager: Shutting down and abandoning module LuminRuntimeSettings (510)
[2019.01.27-13.14.19:571][978]LogModuleManager: Shutting down and abandoning module IOSRuntimeSettings (508)
[2019.01.27-13.14.19:571][978]LogModuleManager: Shutting down and abandoning module AndroidRuntimeSettings (506)
[2019.01.27-13.14.19:571][978]LogModuleManager: Shutting down and abandoning module InputBindingEditor (504)
[2019.01.27-13.14.19:572][978]LogModuleManager: Shutting down and abandoning module MergeActors (502)
[2019.01.27-13.14.19:572][978]LogModuleManager: Shutting down and abandoning module LocalizationDashboard (500)
[2019.01.27-13.14.19:572][978]LogModuleManager: Shutting down and abandoning module LocalizationService (499)
[2019.01.27-13.14.19:572][978]LogModuleManager: Shutting down and abandoning module HardwareTargeting (496)
[2019.01.27-13.14.19:572][978]LogModuleManager: Shutting down and abandoning module DeviceProfileEditor (494)
[2019.01.27-13.14.19:572][978]LogModuleManager: Shutting down and abandoning module UndoHistory (492)
[2019.01.27-13.14.19:572][978]LogModuleManager: Shutting down and abandoning module XmlParser (490)
[2019.01.27-13.14.19:572][978]LogModuleManager: Shutting down and abandoning module Blutility (488)
[2019.01.27-13.14.19:572][978]LogModuleManager: Shutting down and abandoning module ProjectSettingsViewer (486)
[2019.01.27-13.14.19:572][978]LogModuleManager: Shutting down and abandoning module ProjectTargetPlatformEditor (485)
[2019.01.27-13.14.19:573][978]LogModuleManager: Shutting down and abandoning module EditorSettingsViewer (482)
[2019.01.27-13.14.19:573][978]LogModuleManager: Shutting down and abandoning module SettingsEditor (480)
[2019.01.27-13.14.19:573][978]LogModuleManager: Shutting down and abandoning module ProjectLauncher (478)
[2019.01.27-13.14.19:573][978]LogModuleManager: Shutting down and abandoning module SessionFrontend (476)
[2019.01.27-13.14.19:573][978]LogModuleManager: Shutting down and abandoning module ProfilerClient (474)
[2019.01.27-13.14.19:573][978]LogModuleManager: Shutting down and abandoning module DeviceManager (472)
[2019.01.27-13.14.19:573][978]LogModuleManager: Shutting down and abandoning module TargetDeviceServices (471)
[2019.01.27-13.14.19:639][978]LogModuleManager: Shutting down and abandoning module AutomationController (468)
[2019.01.27-13.14.19:639][978]LogModuleManager: Shutting down and abandoning module AutomationWindow (466)
[2019.01.27-13.14.19:639][978]LogModuleManager: Shutting down and abandoning module Layers (464)
[2019.01.27-13.14.19:639][978]LogModuleManager: Shutting down and abandoning module ComponentVisualizers (462)
[2019.01.27-13.14.19:639][978]LogModuleManager: Shutting down and abandoning module DetailCustomizations (460)
[2019.01.27-13.14.19:639][978]LogModuleManager: Shutting down and abandoning module PackagesDialog (458)
[2019.01.27-13.14.19:639][978]LogModuleManager: Shutting down and abandoning module Persona (456)
[2019.01.27-13.14.19:640][978]LogModuleManager: Shutting down and abandoning module AdvancedPreviewScene (455)
[2019.01.27-13.14.19:640][978]LogModuleManager: Shutting down and abandoning module AnimGraph (453)
[2019.01.27-13.14.19:640][978]LogModuleManager: Shutting down and abandoning module Kismet (450)
[2019.01.27-13.14.19:640][978]LogModuleManager: Shutting down and abandoning module GraphEditor (448)
[2019.01.27-13.14.19:641][978]LogModuleManager: Shutting down and abandoning module ClassViewer (446)
[2019.01.27-13.14.19:641][978]LogModuleManager: Shutting down and abandoning module Toolbox (444)
[2019.01.27-13.14.19:641][978]LogModuleManager: Shutting down and abandoning module DesktopPlatform (443)
[2019.01.27-13.14.19:641][978]LogModuleManager: Shutting down and abandoning module ModuleUI (440)
[2019.01.27-13.14.19:641][978]LogModuleManager: Shutting down and abandoning module MovieSceneTools (438)
[2019.01.27-13.14.19:641][978]LogModuleManager: Shutting down and abandoning module OutputLog (436)
[2019.01.27-13.14.19:642][978]LogModuleManager: Shutting down and abandoning module GammaUI (434)
[2019.01.27-13.14.19:642][978]LogModuleManager: Shutting down and abandoning module Documentation (432)
[2019.01.27-13.14.19:642][978]LogModuleManager: Shutting down and abandoning module MovieSceneTracks (430)
[2019.01.27-13.14.19:642][978]LogModuleManager: Shutting down and abandoning module MovieScene (428)
[2019.01.27-13.14.19:642][978]LogModuleManager: Shutting down and abandoning module StreamingPauseRendering (426)
[2019.01.27-13.14.19:642][978]LogModuleManager: Shutting down and abandoning module LauncherPlatform (424)
[2019.01.27-13.14.19:642][978]LogModuleManager: Shutting down and abandoning module AnalyticsET (422)
[2019.01.27-13.14.19:642][978]LogModuleManager: Shutting down and abandoning module PortalServices (420)
[2019.01.27-13.14.19:642][978]LogModuleManager: Shutting down and abandoning module PortalRpc (418)
[2019.01.27-13.14.19:642][978]LogModuleManager: Shutting down and abandoning module MessagingRpc (416)
[2019.01.27-13.14.19:642][978]LogModuleManager: Shutting down and abandoning module AIModule (414)
[2019.01.27-13.14.19:643][978]LogModuleManager: Shutting down and abandoning module GameplayDebugger (413)
[2019.01.27-13.14.19:643][978]LogModuleManager: Shutting down and abandoning module AITestSuite (411)
[2019.01.27-13.14.19:643][978]LogModuleManager: Shutting down and abandoning module NavigationSystem (409)
[2019.01.27-13.14.19:643][978]LogModuleManager: Shutting down and abandoning module ProfilerService (406)
[2019.01.27-13.14.19:796][978]LogModuleManager: Shutting down and abandoning module TaskGraph (404)
[2019.01.27-13.14.19:796][978]LogModuleManager: Shutting down and abandoning module SteamVRController (402)
[2019.01.27-13.14.19:797][978]LogModuleManager: Shutting down and abandoning module ProceduralMeshComponentEditor (400)
[2019.01.27-13.14.19:797][978]LogModuleManager: Shutting down and abandoning module ProceduralMeshComponent (398)
[2019.01.27-13.14.19:797][978]LogModuleManager: Shutting down and abandoning module OculusInput (396)
[2019.01.27-13.14.19:797][978]LogModuleManager: Shutting down and abandoning module MobilePatchingUtils (394)
[2019.01.27-13.14.19:797][978]LogModuleManager: Shutting down and abandoning module EditableMesh (392)
[2019.01.27-13.14.19:798][978]LogModuleManager: Shutting down and abandoning module CustomMeshComponent (390)
[2019.01.27-13.14.19:798][978]LogModuleManager: Shutting down and abandoning module CableComponent (388)
[2019.01.27-13.14.19:798][978]LogModuleManager: Shutting down and abandoning module AudioCapture (386)
[2019.01.27-13.14.19:798][978]LogModuleManager: Shutting down and abandoning module ArchVisCharacter (384)
[2019.01.27-13.14.19:798][978]LogModuleManager: Shutting down and abandoning module AndroidPermission (382)
[2019.01.27-13.14.19:798][978]LogModuleManager: Shutting down and abandoning module NUTUnrealEngine4 (380)
[2019.01.27-13.14.19:798][978]LogModuleManager: Shutting down and abandoning module NetcodeUnitTest (378)
[2019.01.27-13.14.19:798][978]LogModuleManager: Shutting down and abandoning module MediaCompositingEditor (376)
[2019.01.27-13.14.19:799][978]LogModuleManager: Shutting down and abandoning module MediaCompositing (374)
[2019.01.27-13.14.19:799][978]LogModuleManager: Shutting down and abandoning module LinearTimecode (372)
[2019.01.27-13.14.19:799][978]LogModuleManager: Shutting down and abandoning module ImgMedia (370)
[2019.01.27-13.14.19:808][978]LogModuleManager: Shutting down and abandoning module HTML5Networking (368)
[2019.01.27-13.14.19:808][978]LogModuleManager: Shutting down and abandoning module GeometryCacheTracks (366)
[2019.01.27-13.14.19:808][978]LogModuleManager: Shutting down and abandoning module GeometryCacheSequencer (364)
[2019.01.27-13.14.19:808][978]LogModuleManager: Shutting down and abandoning module BackChannel (362)
[2019.01.27-13.14.19:808][978]LogModuleManager: Shutting down and abandoning module AppleVision (360)
[2019.01.27-13.14.19:808][978]LogModuleManager: Shutting down and abandoning module AppleImageUtils (358)
[2019.01.27-13.14.19:808][978]LogModuleManager: Shutting down and abandoning module AlembicImporter (356)
[2019.01.27-13.14.19:808][978]LogModuleManager: Shutting down and abandoning module AlembicLibrary (355)
[2019.01.27-13.14.19:808][978]LogModuleManager: Shutting down and abandoning module GeometryCache (354)
[2019.01.27-13.14.19:808][978]LogModuleManager: Shutting down and abandoning module GeometryCacheEd (353)
[2019.01.27-13.14.19:809][978]LogModuleManager: Shutting down and abandoning module DatasmithContentEditor (348)
[2019.01.27-13.14.19:809][978]LogModuleManager: Shutting down and abandoning module DatasmithContent (346)
[2019.01.27-13.14.19:811][978]LogModuleManager: Shutting down and abandoning module SpeedTreeImporter (344)
[2019.01.27-13.14.19:811][978]LogModuleManager: Shutting down and abandoning module PluginBrowser (342)
[2019.01.27-13.14.19:811][978]LogModuleManager: Shutting down and abandoning module MobileLauncherProfileWizard (340)
[2019.01.27-13.14.19:811][978]LogModuleManager: Shutting down and abandoning module PolygonModeling (338)
[2019.01.27-13.14.19:811][978]LogModuleManager: Shutting down and abandoning module MeshEditor (336)
[2019.01.27-13.14.19:811][978]LogModuleManager: Shutting down and abandoning module CryptoKeysOpenSSL (334)
[2019.01.27-13.14.19:811][978]LogModuleManager: Shutting down and abandoning module CryptoKeys (332)
[2019.01.27-13.14.19:811][978]LogModuleManager: Shutting down and abandoning module VisualStudioSourceCodeAccess (330)
[2019.01.27-13.14.19:812][978]LogModuleManager: Shutting down and abandoning module VisualStudioCodeSourceCodeAccess (328)
[2019.01.27-13.14.19:812][978]LogModuleManager: Shutting down and abandoning module UObjectPlugin (326)
[2019.01.27-13.14.19:812][978]LogModuleManager: Shutting down and abandoning module SubversionSourceControl (324)
[2019.01.27-13.14.19:812][978]LogModuleManager: Shutting down and abandoning module PerforceSourceControl (322)
[2019.01.27-13.14.19:812][978]LogModuleManager: Shutting down and abandoning module GitSourceControl (320)
[2019.01.27-13.14.19:812][978]LogModuleManager: Shutting down and abandoning module SourceControl (319)
[2019.01.27-13.14.19:812][978]LogModuleManager: Shutting down and abandoning module CLionSourceCodeAccess (316)
[2019.01.27-13.14.19:812][978]LogModuleManager: Shutting down and abandoning module LightPropagationVolumeEditor (314)
[2019.01.27-13.14.19:812][978]LogModuleManager: Shutting down and abandoning module PaperTiledImporter (312)
[2019.01.27-13.14.19:812][978]LogModuleManager: Shutting down and abandoning module PaperSpriteSheetImporter (310)
[2019.01.27-13.14.19:812][978]LogModuleManager: Shutting down and abandoning module Paper2DEditor (308)
[2019.01.27-13.14.19:812][978]LogModuleManager: Shutting down and abandoning module MeshPaint (307)
[2019.01.27-13.14.19:813][978]LogModuleManager: Shutting down and abandoning module HomeIs (304)
[2019.01.27-13.14.19:813][978]LogModuleManager: Shutting down and abandoning module RuntimePhysXCooking (302)
[2019.01.27-13.14.19:813][978]LogModuleManager: Shutting down and abandoning module PhysXVehiclesEditor (300)
[2019.01.27-13.14.19:813][978]LogModuleManager: Shutting down and abandoning module PhysXVehicles (298)
[2019.01.27-13.14.19:813][978]LogModuleManager: Shutting down and abandoning module OculusEditor (296)
[2019.01.27-13.14.19:813][978]LogModuleManager: Shutting down and abandoning module LocationServicesBPLibrary (294)
[2019.01.27-13.14.19:813][978]LogModuleManager: Shutting down and abandoning module ImmediatePhysicsEditor (292)
[2019.01.27-13.14.19:813][978]LogModuleManager: Shutting down and abandoning module ImmediatePhysics (290)
[2019.01.27-13.14.19:813][978]LogModuleManager: Shutting down and abandoning module ApexDestructionEditor (288)
[2019.01.27-13.14.19:813][978]LogModuleManager: Shutting down and abandoning module ApexDestruction (286)
[2019.01.27-13.14.19:813][978]LogModuleManager: Shutting down and abandoning module ActorSequence (284)
[2019.01.27-13.14.19:813][978]LogModuleManager: Shutting down and abandoning module UdpMessaging (282)
[2019.01.27-13.14.19:915][978]LogModuleManager: Shutting down and abandoning module TcpMessaging (280)
[2019.01.27-13.14.20:016][978]LogModuleManager: Shutting down and abandoning module MagicLeapAudio (278)
[2019.01.27-13.14.20:016][978]LogModuleManager: Shutting down and abandoning module GameplayTagsEditor (276)
[2019.01.27-13.14.20:016][978]LogModuleManager: Shutting down and abandoning module FacialAnimationEditor (274)
[2019.01.27-13.14.20:016][978]LogModuleManager: Shutting down and abandoning module FacialAnimation (272)
[2019.01.27-13.14.20:016][978]LogModuleManager: Shutting down and abandoning module DataValidation (270)
[2019.01.27-13.14.20:016][978]LogModuleManager: Shutting down and abandoning module AssetManagerEditor (268)
[2019.01.27-13.14.20:016][978]LogModuleManager: Shutting down and abandoning module LevelEditor (267)
[2019.01.27-13.14.20:017][978]LogModuleManager: Shutting down and abandoning module PixelInspectorModule (266)
[2019.01.27-13.14.20:017][978]LogModuleManager: Shutting down and abandoning module CommonMenuExtensions (264)
[2019.01.27-13.14.20:017][978]LogModuleManager: Shutting down and abandoning module MainFrame (262)
[2019.01.27-13.14.20:017][978]LogModuleManager: Shutting down and abandoning module HotReload (261)
[2019.01.27-13.14.20:018][978]LogModuleManager: Shutting down and abandoning module ContentBrowser (257)
[2019.01.27-13.14.20:019][978]LogModuleManager: Shutting down and abandoning module TreeMap (255)
[2019.01.27-13.14.20:019][978]LogModuleManager: Shutting down and abandoning module LightPropagationVolumeRuntime (252)
[2019.01.27-13.14.20:019][978]LogModuleManager: Shutting down and abandoning module AISupportModule (250)
[2019.01.27-13.14.20:019][978]LogModuleManager: Shutting down and abandoning module Paper2D (248)
[2019.01.27-13.14.20:019][978]LogModuleManager: Shutting down and abandoning module WindowsMoviePlayer (246)
[2019.01.27-13.14.20:019][978]LogModuleManager: Shutting down and abandoning module WmfMedia (244)
[2019.01.27-13.14.20:021][978]LogModuleManager: Shutting down and abandoning module Media (243)
[2019.01.27-13.14.20:028][978]LogModuleManager: Shutting down and abandoning module PacketHandler (240)
[2019.01.27-13.14.20:028][978]LogModuleManager: Shutting down and abandoning module ClothingSystemEditor (238)
[2019.01.27-13.14.20:028][978]LogModuleManager: Shutting down and abandoning module ClothingSystemRuntime (236)
[2019.01.27-13.14.20:028][978]LogModuleManager: Shutting down and abandoning module MediaAssets (234)
[2019.01.27-13.14.20:028][978]LogModuleManager: Shutting down and abandoning module Overlay (232)
[2019.01.27-13.14.20:028][978]LogModuleManager: Shutting down and abandoning module OverlayEditor (231)
[2019.01.27-13.14.20:028][978]LogModuleManager: Shutting down and abandoning module VREditor (228)
[2019.01.27-13.14.20:028][978]LogModuleManager: Shutting down and abandoning module StringTableEditor (226)
[2019.01.27-13.14.20:028][978]LogModuleManager: Shutting down and abandoning module GameplayTasksEditor (224)
[2019.01.27-13.14.20:029][978]LogModuleManager: Shutting down and abandoning module BehaviorTreeEditor (222)
[2019.01.27-13.14.20:029][978]LogModuleManager: Shutting down and abandoning module FunctionalTesting (220)
[2019.01.27-13.14.20:029][978]LogModuleManager: Shutting down and abandoning module CollisionAnalyzer (218)
[2019.01.27-13.14.20:029][978]LogModuleManager: Shutting down and abandoning module WorkspaceMenuStructure (217)
[2019.01.27-13.14.20:029][978]LogModuleManager: Shutting down and abandoning module UMG (214)
[2019.01.27-13.14.20:029][978]LogModuleManager: Shutting down and abandoning module UMGEditor (213)
[2019.01.27-13.14.20:029][978]LogModuleManager: Shutting down and abandoning module Sequencer (212)
[2019.01.27-13.14.20:029][978]LogModuleManager: Shutting down and abandoning module MessageLog (209)
[2019.01.27-13.14.20:029][978]LogModuleManager: Shutting down and abandoning module SlateReflector (204)
[2019.01.27-13.14.20:029][978]LogModuleManager: Shutting down and abandoning module Slate (202)
[2019.01.27-13.14.20:029][978]LogModuleManager: Shutting down and abandoning module EditorStyle (200)
[2019.01.27-13.14.20:031][978]LogModuleManager: Shutting down and abandoning module MRMesh (198)
[2019.01.27-13.14.20:031][978]LogModuleManager: Shutting down and abandoning module SourceCodeAccess (196)
[2019.01.27-13.14.20:031][978]LogModuleManager: Shutting down and abandoning module HeadMountedDisplay (194)
[2019.01.27-13.14.20:031][978]LogModuleManager: Shutting down and abandoning module XAudio2 (192)
[2019.01.27-13.14.20:031][978]LogModuleManager: Shutting down and abandoning module Networking (190)
[2019.01.27-13.14.20:031][978]LogModuleManager: Shutting down and abandoning module Core (188)
[2019.01.27-13.14.20:031][978]LogModuleManager: Shutting down and abandoning module LevelSequence (186)
[2019.01.27-13.14.20:031][978]LogModuleManager: Shutting down and abandoning module KismetCompiler (184)
[2019.01.27-13.14.20:032][978]LogModuleManager: Shutting down and abandoning module MeshUtilities (182)
[2019.01.27-13.14.20:032][978]LogModuleManager: Shutting down and abandoning module MeshMergeUtilities (181)
[2019.01.27-13.14.20:032][978]LogModuleManager: Shutting down and abandoning module MeshReductionInterface (180)
[2019.01.27-13.14.20:032][978]LogModuleManager: Shutting down and abandoning module SimplygonSwarm (179)
[2019.01.27-13.14.20:032][978]LogModuleManager: Shutting down and abandoning module ProxyLODMeshReduction (177)
[2019.01.27-13.14.20:032][978]LogModuleManager: Shutting down and abandoning module SimplygonMeshReduction (175)
[2019.01.27-13.14.20:032][978]LogModuleManager: Shutting down and abandoning module QuadricMeshReduction (173)
[2019.01.27-13.14.20:032][978]LogModuleManager: Shutting down and abandoning module MaterialBaking (169)
[2019.01.27-13.14.20:032][978]LogModuleManager: Shutting down and abandoning module DirectoryWatcher (165)
[2019.01.27-13.14.20:032][978]LogModuleManager: Shutting down and abandoning module DerivedDataCache (162)
[2019.01.27-13.14.20:049][978]LogDerivedDataCache: Shutdown
[2019.01.27-13.14.20:049][978]LogModuleManager: Shutting down and abandoning module XGEController (160)
[2019.01.27-13.14.20:049][978]LogXGEController: Cleaning working directory: C:/Users/r017093h/AppData/Local/Temp/UnrealXGEWorkingDir/
[2019.01.27-13.14.20:050][978]LogModuleManager: Shutting down and abandoning module TargetPlatform (158)
[2019.01.27-13.14.20:050][978]LogModuleManager: Shutting down and abandoning module VulkanShaderFormat (157)
[2019.01.27-13.14.20:050][978]LogModuleManager: Shutting down and abandoning module ShaderFormatVectorVM (155)
[2019.01.27-13.14.20:050][978]LogModuleManager: Shutting down and abandoning module ShaderFormatOpenGL (153)
[2019.01.27-13.14.20:050][978]LogModuleManager: Shutting down and abandoning module ShaderFormatD3D (151)
[2019.01.27-13.14.20:050][978]LogModuleManager: Shutting down and abandoning module MetalShaderFormat (149)
[2019.01.27-13.14.20:050][978]LogModuleManager: Shutting down and abandoning module TextureFormatUncompressed (147)
[2019.01.27-13.14.20:050][978]LogModuleManager: Shutting down and abandoning module TextureFormatPVR (145)
[2019.01.27-13.14.20:050][978]LogModuleManager: Shutting down and abandoning module TextureFormatDXT (143)
[2019.01.27-13.14.20:050][978]LogModuleManager: Shutting down and abandoning module TextureFormatIntelISPCTexComp (141)
[2019.01.27-13.14.20:052][978]LogModuleManager: Shutting down and abandoning module TextureFormatASTC (139)
[2019.01.27-13.14.20:052][978]LogModuleManager: Shutting down and abandoning module ImageWrapper (138)
[2019.01.27-13.14.20:052][978]LogModuleManager: Shutting down and abandoning module TextureFormatAndroid (135)
[2019.01.27-13.14.20:052][978]LogModuleManager: Shutting down and abandoning module AudioFormatOpus (133)
[2019.01.27-13.14.20:052][978]LogModuleManager: Shutting down and abandoning module AudioFormatOgg (131)
[2019.01.27-13.14.20:052][978]LogModuleManager: Shutting down and abandoning module AudioFormatADPCM (129)
[2019.01.27-13.14.20:052][978]LogModuleManager: Shutting down and abandoning module LuminTargetPlatform (127)
[2019.01.27-13.14.20:052][978]LogModuleManager: Shutting down and abandoning module LinuxTargetPlatform (125)
[2019.01.27-13.14.20:052][978]LogModuleManager: Shutting down and abandoning module LinuxServerTargetPlatform (123)
[2019.01.27-13.14.20:052][978]LogModuleManager: Shutting down and abandoning module LinuxNoEditorTargetPlatform (121)
[2019.01.27-13.14.20:052][978]LogModuleManager: Shutting down and abandoning module LinuxClientTargetPlatform (119)
[2019.01.27-13.14.20:052][978]LogModuleManager: Shutting down and abandoning module TVOSTargetPlatform (117)
[2019.01.27-13.14.20:053][978]LogModuleManager: Shutting down and abandoning module Messaging (115)
[2019.01.27-13.14.20:053][978]LogModuleManager: Shutting down and abandoning module IOSTargetPlatform (113)
[2019.01.27-13.14.20:054][978]LogModuleManager: Shutting down and abandoning module HTML5TargetPlatform (111)
[2019.01.27-13.14.20:054][978]LogModuleManager: Shutting down and abandoning module AndroidTargetPlatform (109)
[2019.01.27-13.14.20:060][978]LogModuleManager: Shutting down and abandoning module WindowsTargetPlatform (107)
[2019.01.27-13.14.20:061][978]LogModuleManager: Shutting down and abandoning module WindowsServerTargetPlatform (105)
[2019.01.27-13.14.20:061][978]LogModuleManager: Shutting down and abandoning module WindowsNoEditorTargetPlatform (103)
[2019.01.27-13.14.20:061][978]LogModuleManager: Shutting down and abandoning module WindowsClientTargetPlatform (101)
[2019.01.27-13.14.20:061][978]LogModuleManager: Shutting down and abandoning module MacTargetPlatform (99)
[2019.01.27-13.14.20:061][978]LogModuleManager: Shutting down and abandoning module MacServerTargetPlatform (97)
[2019.01.27-13.14.20:061][978]LogModuleManager: Shutting down and abandoning module MacNoEditorTargetPlatform (95)
[2019.01.27-13.14.20:061][978]LogModuleManager: Shutting down and abandoning module MacClientTargetPlatform (93)
[2019.01.27-13.14.20:061][978]LogModuleManager: Shutting down and abandoning module AllDesktopTargetPlatform (91)
[2019.01.27-13.14.20:061][978]LogModuleManager: Shutting down and abandoning module InputCore (88)
[2019.01.27-13.14.20:061][978]LogModuleManager: Shutting down and abandoning module Settings (86)
[2019.01.27-13.14.20:061][978]LogModuleManager: Shutting down and abandoning module PhysXCooking (84)
[2019.01.27-13.14.20:061][978]LogModuleManager: Shutting down and abandoning module SteamVR (82)
[2019.01.27-13.14.20:061][978]LogModuleManager: Shutting down and abandoning module OculusHMD (80)
[2019.01.27-13.14.20:061][978]LogModuleManager: Shutting down and abandoning module ExampleDeviceProfileSelector (78)
[2019.01.27-13.14.20:061][978]LogModuleManager: Shutting down and abandoning module LauncherChunkInstaller (76)
[2019.01.27-13.14.20:062][978]LogModuleManager: Shutting down and abandoning module OnlineBlueprintSupport (74)
[2019.01.27-13.14.20:062][978]LogModuleManager: Shutting down and abandoning module OnlineSubsystem (70)
[2019.01.27-13.14.20:063][978]LogModuleManager: Shutting down and abandoning module XMPP (65)
[2019.01.27-13.14.20:063][978]LogModuleManager: Shutting down and abandoning module WebSockets (64)
[2019.01.27-13.14.20:090][978]LogModuleManager: Shutting down and abandoning module HTTP (61)
[2019.01.27-13.14.20:090][978]LogHttp: Display: Http module shutting down, but needs to wait on 1 outstanding Http requests:
[2019.01.27-13.14.20:090][978]LogHttp: Display: 	verb=[POST] url=[https://datarouter.ol.epicgames.com/datarouter/api/v1/public/data?SessionID=%7B48AA2E67-478C-5AE0-6C0B-8280D3684AAE%7D&AppID=UEEditor.Rocket.Release&AppVersion=4.20.3-4369336%2B%2B%2BUE4%2BRelease-4.20&UserID=6dec31894bbf581511f58d98b5e70936%7C26eaa5d099374575b8301f86ce2aff90%7C0d7677bb-236e-4441-8b5c-6fcde9bdc990&AppEnvironment=datacollector-binary&UploadType=eteventstream] status=Processing
[2019.01.27-13.14.20:116][978]LogModuleManager: Shutting down and abandoning module SSL (60)
[2019.01.27-13.14.20:118][978]LogModuleManager: Shutting down and abandoning module MagicLeapEmulator (56)
[2019.01.27-13.14.20:118][978]LogModuleManager: Shutting down and abandoning module MagicLeapPrivileges (54)
[2019.01.27-13.14.20:118][978]LogModuleManager: Shutting down and abandoning module MagicLeapIdentity (52)
[2019.01.27-13.14.20:118][978]LogModuleManager: Shutting down and abandoning module MagicLeapHelperVulkan (50)
[2019.01.27-13.14.20:118][978]LogModuleManager: Shutting down and abandoning module MagicLeapHelperOpenGL (48)
[2019.01.27-13.14.20:118][978]LogModuleManager: Shutting down and abandoning module MagicLeapSecureStorage (46)
[2019.01.27-13.14.20:118][978]LogModuleManager: Shutting down and abandoning module MagicLeapGestures (44)
[2019.01.27-13.14.20:118][978]LogModuleManager: Shutting down and abandoning module MagicLeapEyeTracker (42)
[2019.01.27-13.14.20:118][978]LogModuleManager: Shutting down and abandoning module MagicLeapController (40)
[2019.01.27-13.14.20:118][978]LogSlate: Slate User Destroyed.  User Index 0, Is Virtual User: 0
[2019.01.27-13.14.20:118][978]LogModuleManager: Shutting down and abandoning module MagicLeap (38)
[2019.01.27-13.14.20:119][978]LogModuleManager: Shutting down and abandoning module AnimationModifiers (36)
[2019.01.27-13.14.20:119][978]LogModuleManager: Shutting down and abandoning module PropertyEditor (35)
[2019.01.27-13.14.20:119][978]LogModuleManager: Shutting down and abandoning module AudioEditor (32)
[2019.01.27-13.14.20:119][978]LogModuleManager: Shutting down and abandoning module TextureCompressor (30)
[2019.01.27-13.14.20:122][978]LogModuleManager: Shutting down and abandoning module ShaderCore (28)
[2019.01.27-13.14.20:122][978]LogModuleManager: Shutting down and abandoning module Landscape (26)
[2019.01.27-13.14.20:122][978]LogModuleManager: Shutting down and abandoning module SlateRHIRenderer (24)
[2019.01.27-13.14.20:123][978]LogModuleManager: Shutting down and abandoning module OpenGLDrv (22)
[2019.01.27-13.14.20:123][978]LogModuleManager: Shutting down and abandoning module D3D11RHI (20)
[2019.01.27-13.14.20:123][978]LogModuleManager: Shutting down and abandoning module AnimGraphRuntime (18)
[2019.01.27-13.14.20:124][978]LogModuleManager: Shutting down and abandoning module Renderer (16)
[2019.01.27-13.14.20:124][978]LogModuleManager: Shutting down and abandoning module Engine (14)
[2019.01.27-13.14.20:124][978]LogModuleManager: Shutting down and abandoning module CoreUObject (12)
[2019.01.27-13.14.20:124][978]LogModuleManager: Shutting down and abandoning module NetworkFile (10)
[2019.01.27-13.14.20:124][978]LogModuleManager: Shutting down and abandoning module CookedIterativeFile (8)
[2019.01.27-13.14.20:124][978]LogModuleManager: Shutting down and abandoning module StreamingFile (6)
[2019.01.27-13.14.20:124][978]LogModuleManager: Shutting down and abandoning module SandboxFile (4)
[2019.01.27-13.14.20:124][978]LogModuleManager: Shutting down and abandoning module PakFile (2)
[2019.01.27-13.14.20:139][978]LogExit: Exiting.
[2019.01.27-13.14.20:149][978]Log file closed, 01/27/19 13:14:20
