Log file open, 01/26/19 23:32:11
LogWindows: Failed to load 'aqProf.dll' (GetLastError=126)
LogWindows: File 'aqProf.dll' does not exist
LogWindows: Failed to load 'VSPerf140.dll' (GetLastError=126)
LogWindows: File 'VSPerf140.dll' does not exist
LogWindows: Failed to load 'VtuneApi.dll' (GetLastError=126)
LogWindows: File 'VtuneApi.dll' does not exist
LogWindows: Failed to load 'VtuneApi32e.dll' (GetLastError=126)
LogWindows: File 'VtuneApi32e.dll' does not exist
LogInit: Display: Running engine for game: HomeIs
LogPlatformFile: Not using cached read wrapper
LogTaskGraph: Started task graph with 5 named threads and 23 total threads with 3 sets of task threads.
LogStats: Stats thread started at 0.346776
LogD3D11RHI: Loaded GFSDK_Aftermath_Lib.x64.dll
LogICUInternationalization: Display: ICU TimeZone Detection - Raw Offset: +0:00, Platform Override: ''
LogPluginManager: Mounting plugin Paper2D
LogPluginManager: Mounting plugin AISupport
LogPluginManager: Mounting plugin LightPropagationVolume
LogPluginManager: Mounting plugin CLionSourceCodeAccess
LogPluginManager: Mounting plugin CodeLiteSourceCodeAccess
LogPluginManager: Mounting plugin GitSourceControl
LogPluginManager: Mounting plugin KDevelopSourceCodeAccess
LogPluginManager: Mounting plugin NullSourceCodeAccess
LogPluginManager: Mounting plugin PerforceSourceControl
LogPluginManager: Mounting plugin SubversionSourceControl
LogPluginManager: Mounting plugin UObjectPlugin
LogPluginManager: Mounting plugin VisualStudioCodeSourceCodeAccess
LogPluginManager: Mounting plugin VisualStudioSourceCodeAccess
LogPluginManager: Mounting plugin XCodeSourceCodeAccess
LogPluginManager: Mounting plugin AssetManagerEditor
LogPluginManager: Mounting plugin CryptoKeys
LogPluginManager: Mounting plugin DataValidation
LogPluginManager: Mounting plugin FacialAnimation
LogPluginManager: Mounting plugin GameplayTagsEditor
LogPluginManager: Mounting plugin MacGraphicsSwitching
LogPluginManager: Mounting plugin MeshEditor
LogPluginManager: Mounting plugin MobileLauncherProfileWizard
LogPluginManager: Mounting plugin PluginBrowser
LogPluginManager: Mounting plugin SpeedTreeImporter
LogPluginManager: Mounting plugin DatasmithContent
LogPluginManager: Mounting plugin AlembicImporter
LogPluginManager: Mounting plugin AppleImageUtils
LogPluginManager: Mounting plugin AppleVision
LogPluginManager: Mounting plugin BackChannel
LogPluginManager: Mounting plugin CharacterAI
LogPluginManager: Mounting plugin GeometryCache
LogPluginManager: Mounting plugin HTML5Networking
LogPluginManager: Mounting plugin ProxyLODPlugin
LogPluginManager: Mounting plugin MagicLeap
LogPluginManager: Mounting plugin MagicLeapEmulator
LogPluginManager: Mounting plugin MagicLeapMedia
LogPluginManager: Mounting plugin AndroidMedia
LogPluginManager: Mounting plugin AvfMedia
LogPluginManager: Mounting plugin ImgMedia
LogPluginManager: Mounting plugin LinearTimecode
LogPluginManager: Mounting plugin MediaCompositing
LogPluginManager: Mounting plugin MediaPlayerEditor
LogPluginManager: Mounting plugin WmfMedia
LogPluginManager: Mounting plugin TcpMessaging
LogPluginManager: Mounting plugin UdpMessaging
LogPluginManager: Mounting plugin ActorSequence
LogPluginManager: Mounting plugin LevelSequenceEditor
LogPluginManager: Mounting plugin MatineeToLevelSequence
LogPluginManager: Mounting plugin NetcodeUnitTest
LogPluginManager: Mounting plugin NUTUnrealEngine4
LogPluginManager: Mounting plugin OnlineSubsystemGooglePlay
LogPluginManager: Mounting plugin OnlineSubsystemIOS
LogPluginManager: Mounting plugin OnlineSubsystem
LogPluginManager: Mounting plugin OnlineSubsystemNull
LogPluginManager: Mounting plugin OnlineSubsystemUtils
LogPluginManager: Mounting plugin LauncherChunkInstaller
LogPluginManager: Mounting plugin AndroidDeviceProfileSelector
LogPluginManager: Mounting plugin AndroidMoviePlayer
LogPluginManager: Mounting plugin AndroidPermission
LogPluginManager: Mounting plugin ApexDestruction
LogPluginManager: Mounting plugin AppleMoviePlayer
LogPluginManager: Mounting plugin ArchVisCharacter
LogPluginManager: Mounting plugin AudioCapture
LogPluginManager: Mounting plugin CableComponent
LogPluginManager: Mounting plugin CustomMeshComponent
LogPluginManager: Mounting plugin EditableMesh
LogPluginManager: Mounting plugin ExampleDeviceProfileSelector
LogPluginManager: Mounting plugin GoogleCloudMessaging
LogPluginManager: Mounting plugin ImmediatePhysics
LogPluginManager: Mounting plugin IOSDeviceProfileSelector
LogPluginManager: Mounting plugin LinuxDeviceProfileSelector
LogPluginManager: Mounting plugin LocationServicesBPLibrary
LogPluginManager: Mounting plugin MobilePatchingUtils
LogPluginManager: Mounting plugin OculusVR
LogPluginManager: Plugin shader directory ../../../Engine/Plugins/Runtime/Oculus/OculusVR/Shaders found
LogPluginManager: Mapping shader source directory ../../../Engine/Plugins/Runtime/Oculus/OculusVR/Shaders to virtual directory /Plugin/OculusVR
LogPluginManager: Mounting plugin PhysXVehicles
LogPluginManager: Mounting plugin ProceduralMeshComponent
LogPluginManager: Mounting plugin RuntimePhysXCooking
LogPluginManager: Mounting plugin SteamVR
LogPluginManager: Mounting plugin WindowsMoviePlayer
LogStreaming: Display: Took  0.318s to configure plugins.
LogInit: Using libcurl 7.55.1-DEV
LogInit:  - built for x86_64-pc-win32
LogInit:  - supports SSL with OpenSSL/1.0.2h
LogInit:  - supports HTTP deflate (compression) using libz 1.2.8
LogInit:  - other features:
LogInit:      CURL_VERSION_SSL
LogInit:      CURL_VERSION_LIBZ
LogInit:      CURL_VERSION_IPV6
LogInit:      CURL_VERSION_ASYNCHDNS
LogInit:      CURL_VERSION_LARGEFILE
LogInit:      CURL_VERSION_IDN
LogInit:  CurlRequestOptions (configurable via config and command line):
LogInit:  - bVerifyPeer = false  - Libcurl will NOT verify peer certificate
LogInit:  - bUseHttpProxy = false  - Libcurl will NOT use HTTP proxy
LogInit:  - bDontReuseConnections = false  - Libcurl will reuse connections
LogInit:  - CertBundlePath = nullptr  - Libcurl will use whatever was configured at build time.
LogInit:  - MaxHostConnections = 16  - Libcurl will limit the number of connections to a host
LogInit:  - LocalHostAddr = Default
LogInit:  - BufferSize = 65536
LogInit: WinSock: version 1.1 (2.2), MaxSocks=32767, MaxUdp=65467
LogInit: Build: ++UE4+Release-4.20-CL-4369336
LogInit: Engine Version: 4.20.3-4369336+++UE4+Release-4.20
LogInit: Compatible Engine Version: 4.20.0-4212847+++UE4+Release-4.20
LogInit: Net CL: 4212847
LogInit: OS: Windows 10 (), CPU: Intel(R) Xeon(R) CPU E5-1620 v3 @ 3.50GHz, GPU: NVIDIA GeForce GTX 970
LogInit: Compiled (64-bit): Sep 17 2018 12:26:19
LogInit: Compiled with Visual C++: 19.13.26129.00
LogInit: Build Configuration: Development
LogInit: Branch Name: ++UE4+Release-4.20
LogInit: Command Line: 
LogInit: Base Directory: C:/Epic/UE4/UE_4.20/Engine/Binaries/Win64/
LogInit: Installed Engine Build: 1
LogDevObjectVersion: Number of dev versions registered: 20
LogDevObjectVersion:   Dev-Blueprints (B0D832E4-1F89-4F0D-ACCF-7EB736FD4AA2): 10
LogDevObjectVersion:   Dev-Build (E1C64328-A22C-4D53-A36C-8E866417BD8C): 0
LogDevObjectVersion:   Dev-Core (375EC13C-06E4-48FB-B500-84F0262A717E): 2
LogDevObjectVersion:   Dev-Editor (E4B068ED-F494-42E9-A231-DA0B2E46BB41): 24
LogDevObjectVersion:   Dev-Framework (CFFC743F-43B0-4480-9391-14DF171D2073): 34
LogDevObjectVersion:   Dev-Mobile (B02B49B5-BB20-44E9-A304-32B752E40360): 2
LogDevObjectVersion:   Dev-Networking (A4E4105C-59A1-49B5-A7C5-40C4547EDFEE): 0
LogDevObjectVersion:   Dev-Online (39C831C9-5AE6-47DC-9A44-9C173E1C8E7C): 0
LogDevObjectVersion:   Dev-Physics (78F01B33-EBEA-4F98-B9B4-84EACCB95AA2): 0
LogDevObjectVersion:   Dev-Platform (6631380F-2D4D-43E0-8009-CF276956A95A): 0
LogDevObjectVersion:   Dev-Rendering (12F88B9F-8875-4AFC-A67C-D90C383ABD29): 26
LogDevObjectVersion:   Dev-Sequencer (7B5AE74C-D270-4C10-A958-57980B212A5A): 9
LogDevObjectVersion:   Dev-VR (D7296918-1DD6-4BDD-9DE2-64A83CC13884): 2
LogDevObjectVersion:   Dev-LoadTimes (C2A15278-BFE7-4AFE-6C17-90FF531DF755): 1
LogDevObjectVersion:   Private-Geometry (6EACA3D4-40EC-4CC1-B786-8BED09428FC5): 3
LogDevObjectVersion:   Dev-AnimPhys (29E575DD-E0A3-4627-9D10-D276232CDCEA): 17
LogDevObjectVersion:   Dev-ReflectionCapture (6B266CEC-1EC7-4B8F-A30B-E4D90942FC07): 1
LogDevObjectVersion:   Dev-Automation (0DF73D61-A23F-47EA-B727-89E90C41499A): 1
LogDevObjectVersion:   FortniteMain (601D1886-AC64-4F84-AA16-D3DE0DEAC7D6): 12
LogDevObjectVersion:   Dev-Enterprise (9DFFBCD6-494F-0158-E221-12823C92A888): 1
LogStreaming: Display: Took  0.007s to delete old logs.
LogLinker: Error: AddRedirectList(C:/Users/r017093h/Documents/HomeIs/HomeIs/Saved/Config/Windows/Engine.ini) found conflicting redirectors for TP_FirstPerson! Old: /Script/MyProject2.TP_FirstPerson, New: /Script/HomeIs.TP_FirstPerson
LogLinker: Error: AddRedirectList(C:/Users/r017093h/Documents/HomeIs/HomeIs/Saved/Config/Windows/Engine.ini) found conflicting redirectors for /Script/TP_FirstPerson! Old: /Script/MyProject2, New: /Script/HomeIs
LogLinker: Error: AddRedirectList(C:/Users/r017093h/Documents/HomeIs/HomeIs/Saved/Config/Windows/Engine.ini) found conflicting redirectors for TP_FirstPersonProjectile! Old: MyProject2Projectile, New: HomeIsProjectile
LogLinker: Error: AddRedirectList(C:/Users/r017093h/Documents/HomeIs/HomeIs/Saved/Config/Windows/Engine.ini) found conflicting redirectors for TP_FirstPersonProjectile! Old: MyProject2Projectile, New: HomeIsProjectile
LogLinker: Error: AddRedirectList(C:/Users/r017093h/Documents/HomeIs/HomeIs/Saved/Config/Windows/Engine.ini) found conflicting redirectors for TP_FirstPersonHUD! Old: MyProject2HUD, New: HomeIsHUD
LogLinker: Error: AddRedirectList(C:/Users/r017093h/Documents/HomeIs/HomeIs/Saved/Config/Windows/Engine.ini) found conflicting redirectors for TP_FirstPersonHUD! Old: MyProject2HUD, New: HomeIsHUD
LogLinker: Error: AddRedirectList(C:/Users/r017093h/Documents/HomeIs/HomeIs/Saved/Config/Windows/Engine.ini) found conflicting redirectors for TP_FirstPersonGameMode! Old: MyProject2GameMode, New: HomeIsGameMode
LogLinker: Error: AddRedirectList(C:/Users/r017093h/Documents/HomeIs/HomeIs/Saved/Config/Windows/Engine.ini) found conflicting redirectors for TP_FirstPersonGameMode! Old: MyProject2GameMode, New: HomeIsGameMode
LogLinker: Error: AddRedirectList(C:/Users/r017093h/Documents/HomeIs/HomeIs/Saved/Config/Windows/Engine.ini) found conflicting redirectors for TP_FirstPersonCharacter! Old: MyProject2Character, New: HomeIsCharacter
LogLinker: Error: AddRedirectList(C:/Users/r017093h/Documents/HomeIs/HomeIs/Saved/Config/Windows/Engine.ini) found conflicting redirectors for TP_FirstPersonCharacter! Old: MyProject2Character, New: HomeIsCharacter
LogInit: Presizing for max 8388607 objects, including 0 objects not considered by GC, pre-allocating 0 bytes for permanent pool.
LogInit: Object subsystem initialized
[2019.01.26-23.32.12:332][  0]LogInit: Selected Device Profile: [Windows]
[2019.01.26-23.32.12:332][  0]LogInit: Applying CVar settings loaded from the selected device profile: [Windows]
[2019.01.26-23.32.12:349][  0]LogHAL: Display: Platform has ~ 16 GB [17092038656 / 17179869184 / 16], which maps to Larger [LargestMinGB=32, LargerMinGB=12, DefaultMinGB=8, SmallerMinGB=6, SmallestMinGB=0)
[2019.01.26-23.32.12:350][  0]LogInit: Setting Device Profile CVar: [[r.Vulkan.UseRealUBs:1]]
[2019.01.26-23.32.12:350][  0]LogInit: Going up to parent DeviceProfile []
[2019.01.26-23.32.12:350][  0]LogInit: Computer: D102-13
[2019.01.26-23.32.12:350][  0]LogInit: User: r017093h
[2019.01.26-23.32.12:350][  0]LogInit: CPU Page size=4096, Cores=4
[2019.01.26-23.32.12:350][  0]LogInit: High frequency timer resolution =3.410069 MHz
[2019.01.26-23.32.12:350][  0]LogMemory: Memory total: Physical=15.9GB (16GB approx)
[2019.01.26-23.32.12:350][  0]LogMemory: Platform Memory Stats for Windows
[2019.01.26-23.32.12:350][  0]LogMemory: Process Physical Memory: 100.31 MB used, 100.31 MB peak
[2019.01.26-23.32.12:350][  0]LogMemory: Process Virtual Memory: 90.95 MB used, 90.95 MB peak
[2019.01.26-23.32.12:350][  0]LogMemory: Physical Memory: 5247.85 MB used,  11052.39 MB free, 16300.24 MB total
[2019.01.26-23.32.12:350][  0]LogMemory: Virtual Memory: 4640.35 MB used,  11052.39 MB free, 134217728.00 MB total
[2019.01.26-23.32.12:380][  0]LogInit: Using OS detected language (en-US).
[2019.01.26-23.32.12:380][  0]LogInit: Using OS detected locale (en-GB).
[2019.01.26-23.32.12:382][  0]LogTextLocalizationManager: No specific localization for 'en-US' exists, so the 'en' localization will be used.
[2019.01.26-23.32.12:764][  0]LogStreaming: Display: Took  0.384s to InitEngineTextLocalization.
[2019.01.26-23.32.12:765][  0]LogInit: Setting process to per monitor DPI aware
[2019.01.26-23.32.12:809][  0]LogSlate: New Slate User Created.  User Index 0, Is Virtual User: 0
[2019.01.26-23.32.12:809][  0]LogSlate: Slate User Registered.  User Index 0, Is Virtual User: 0
[2019.01.26-23.32.13:136][  0]LogHMD: Failed to initialize OpenVR with code 110
[2019.01.26-23.32.13:136][  0]LogD3D11RHI: D3D11 adapters:
[2019.01.26-23.32.13:207][  0]LogD3D11RHI:    0. 'NVIDIA GeForce GTX 970' (Feature Level 11_0)
[2019.01.26-23.32.13:207][  0]LogD3D11RHI:       4043/0/8150 MB DedicatedVideo/DedicatedSystem/SharedSystem, Outputs:2, VendorId:0x10de
[2019.01.26-23.32.13:209][  0]LogD3D11RHI:    1. 'Microsoft Basic Render Driver' (Feature Level 11_0)
[2019.01.26-23.32.13:209][  0]LogD3D11RHI:       0/0/8150 MB DedicatedVideo/DedicatedSystem/SharedSystem, Outputs:0, VendorId:0x1414
[2019.01.26-23.32.13:209][  0]LogD3D11RHI: Chosen D3D11 Adapter: 0
[2019.01.26-23.32.13:216][  0]LogD3D11RHI: Creating new Direct3DDevice
[2019.01.26-23.32.13:216][  0]LogD3D11RHI:     GPU DeviceId: 0x13c2 (for the marketing name, search the web for "GPU Device Id")
[2019.01.26-23.32.13:216][  0]LogWindows: EnumDisplayDevices:
[2019.01.26-23.32.13:217][  0]LogWindows:    0. 'NVIDIA GeForce GTX 970' (P:1 D:1)
[2019.01.26-23.32.13:217][  0]LogWindows:    1. 'NVIDIA GeForce GTX 970' (P:0 D:1)
[2019.01.26-23.32.13:217][  0]LogWindows:    2. 'NVIDIA GeForce GTX 970' (P:0 D:0)
[2019.01.26-23.32.13:218][  0]LogWindows:    3. 'NVIDIA GeForce GTX 970' (P:0 D:0)
[2019.01.26-23.32.13:218][  0]LogWindows: DebugString: FoundDriverCount:4 
[2019.01.26-23.32.13:218][  0]LogD3D11RHI:     Adapter Name: NVIDIA GeForce GTX 970
[2019.01.26-23.32.13:218][  0]LogD3D11RHI:   Driver Version: 398.82 (internal:24.21.13.9882, unified:398.82)
[2019.01.26-23.32.13:218][  0]LogD3D11RHI:      Driver Date: 7-30-2018
[2019.01.26-23.32.13:218][  0]LogRHI: Texture pool is 2830 MB (70% of 4043 MB)
[2019.01.26-23.32.13:269][  0]LogD3D11RHI: Async texture creation enabled
[2019.01.26-23.32.13:286][  0]LogD3D11RHI: GPU Timing Frequency: 1000.000000 (Debug: 2 2)
[2019.01.26-23.32.13:290][  0]LogShaderCompilers: Guid format shader working directory is -7 characters bigger than the processId version (../../../../../../Users/r017093h/Documents/HomeIs/HomeIs/Intermediate/Shaders/WorkingDirectory/6648/).
[2019.01.26-23.32.13:290][  0]LogShaderCompilers: Cleaned the shader compiler working directory 'C:/Users/r017093h/AppData/Local/Temp/UnrealShaderWorkingDir/9EC389424D0B88774071709385587F44/'.
[2019.01.26-23.32.13:616][  0]LogTemp: Display: Loaded TP AllDesktopTargetPlatform
[2019.01.26-23.32.13:632][  0]LogTemp: Display: Loaded TP MacClientTargetPlatform
[2019.01.26-23.32.13:649][  0]LogTemp: Display: Loaded TP MacNoEditorTargetPlatform
[2019.01.26-23.32.13:665][  0]LogTemp: Display: Loaded TP MacServerTargetPlatform
[2019.01.26-23.32.13:682][  0]LogTemp: Display: Loaded TP MacTargetPlatform
[2019.01.26-23.32.13:703][  0]LogTemp: Display: Loaded TP WindowsClientTargetPlatform
[2019.01.26-23.32.13:719][  0]LogTemp: Display: Loaded TP WindowsNoEditorTargetPlatform
[2019.01.26-23.32.13:735][  0]LogTemp: Display: Loaded TP WindowsServerTargetPlatform
[2019.01.26-23.32.13:744][  0]LogTemp: Display: Loaded TP WindowsTargetPlatform
[2019.01.26-23.32.13:840][  0]LogTemp: Display: Loaded TP AndroidTargetPlatform
[2019.01.26-23.32.13:840][  0]LogTemp: Display: Loaded TP AndroidTargetPlatform
[2019.01.26-23.32.13:840][  0]LogTemp: Display: Loaded TP AndroidTargetPlatform
[2019.01.26-23.32.13:840][  0]LogTemp: Display: Loaded TP AndroidTargetPlatform
[2019.01.26-23.32.13:840][  0]LogTemp: Display: Loaded TP AndroidTargetPlatform
[2019.01.26-23.32.13:840][  0]LogTemp: Display: Loaded TP AndroidTargetPlatform
[2019.01.26-23.32.13:840][  0]LogTemp: Display: Loaded TP AndroidTargetPlatform
[2019.01.26-23.32.13:840][  0]LogTemp: Display: Loaded TP AndroidTargetPlatform
[2019.01.26-23.32.13:840][  0]LogTemp: Display: Loaded TP AndroidTargetPlatform
[2019.01.26-23.32.13:840][  0]LogTemp: Display: Loaded TP AndroidTargetPlatform
[2019.01.26-23.32.13:840][  0]LogTemp: Display: Loaded TP AndroidTargetPlatform
[2019.01.26-23.32.13:840][  0]LogTemp: Display: Loaded TP AndroidTargetPlatform
[2019.01.26-23.32.13:840][  0]LogTemp: Display: Loaded TP AndroidTargetPlatform
[2019.01.26-23.32.13:840][  0]LogTemp: Display: Loaded TP AndroidTargetPlatform
[2019.01.26-23.32.13:840][  0]LogTemp: Display: Loaded TP AndroidTargetPlatform
[2019.01.26-23.32.13:840][  0]LogTemp: Display: Loaded TP AndroidTargetPlatform
[2019.01.26-23.32.13:840][  0]LogTemp: Display: Loaded TP AndroidTargetPlatform
[2019.01.26-23.32.13:840][  0]LogTemp: Display: Loaded TP AndroidTargetPlatform
[2019.01.26-23.32.13:842][  0]LogTemp: Display: Loaded TP HTML5TargetPlatform
[2019.01.26-23.32.13:915][  0]LogTemp: Display: Loaded TP IOSTargetPlatform
[2019.01.26-23.32.13:915][  0]LogTemp: Display: Loaded TP IOSTargetPlatform
[2019.01.26-23.32.13:942][  0]LogTemp: Display: Loaded TP TVOSTargetPlatform
[2019.01.26-23.32.13:942][  0]LogTemp: Display: Loaded TP TVOSTargetPlatform
[2019.01.26-23.32.13:956][  0]LogTemp: Display: Loaded TP LinuxClientTargetPlatform
[2019.01.26-23.32.13:970][  0]LogTemp: Display: Loaded TP LinuxNoEditorTargetPlatform
[2019.01.26-23.32.13:988][  0]LogTemp: Display: Loaded TP LinuxServerTargetPlatform
[2019.01.26-23.32.14:003][  0]LogTemp: Display: Loaded TP LinuxTargetPlatform
[2019.01.26-23.32.14:014][  0]LogTemp: Display: Loaded TP LuminTargetPlatform
[2019.01.26-23.32.14:014][  0]LogTargetPlatformManager: Display: Building Assets For Windows
[2019.01.26-23.32.14:134][  0]LogXGEController: Cannot use XGE Controller as Incredibuild is not installed on this machine.
[2019.01.26-23.32.14:134][  0]LogShaderCompilers: Cannot use XGE Shader Compiler as Incredibuild is not installed on this machine.
[2019.01.26-23.32.14:134][  0]LogShaderCompilers: Display: Using Local Shader Compiler.
[2019.01.26-23.32.15:258][  0]LogDerivedDataCache: Display: Max Cache Size: 512 MB
[2019.01.26-23.32.15:355][  0]LogDerivedDataCache: Loaded boot cache 0.10s 73MB C:/Users/r017093h/AppData/Local/UnrealEngine/4.20/DerivedDataCache/Boot.ddc.
[2019.01.26-23.32.15:355][  0]LogDerivedDataCache: Display: Loaded Boot cache: C:/Users/r017093h/AppData/Local/UnrealEngine/4.20/DerivedDataCache/Boot.ddc
[2019.01.26-23.32.15:355][  0]LogDerivedDataCache: FDerivedDataBackendGraph:  Pak pak cache file ../../../../../../Users/r017093h/Documents/HomeIs/HomeIs/DerivedDataCache/DDC.ddp not found, will not use a pak cache.
[2019.01.26-23.32.15:355][  0]LogDerivedDataCache: Unable to find inner node Pak for hierarchical cache Hierarchy.
[2019.01.26-23.32.15:355][  0]LogDerivedDataCache: FDerivedDataBackendGraph:  CompressedPak pak cache file ../../../../../../Users/r017093h/Documents/HomeIs/HomeIs/DerivedDataCache/Compressed.ddp not found, will not use a pak cache.
[2019.01.26-23.32.15:355][  0]LogDerivedDataCache: Unable to find inner node CompressedPak for hierarchical cache Hierarchy.
[2019.01.26-23.32.15:368][  0]LogDerivedDataCache: Display: Pak cache opened for reading ../../../Engine/DerivedDataCache/Compressed.ddp.
[2019.01.26-23.32.15:380][  0]LogDerivedDataCache: Using Local data cache path C:/Users/r017093h/AppData/Local/UnrealEngine/Common/DerivedDataCache: Writable
[2019.01.26-23.32.15:380][  0]LogDerivedDataCache: Shared data cache path not found in *engine.ini, will not use an Shared cache.
[2019.01.26-23.32.15:380][  0]LogDerivedDataCache: Unable to find inner node Shared for hierarchical cache Hierarchy.
[2019.01.26-23.32.15:398][  0]LogMaterial: Verifying Global Shaders for PCD3D_SM5
[2019.01.26-23.32.15:399][  0]LogSlate: Using FreeType 2.6.0
[2019.01.26-23.32.15:400][  0]LogSlate: SlateFontServices - WITH_FREETYPE: 1, WITH_HARFBUZZ: 1
[2019.01.26-23.32.15:498][  0]LogAssetRegistry: FAssetRegistry took 0.0358 seconds to start up
[2019.01.26-23.32.15:899][  0]LogInit: Selected Device Profile: [Windows]
[2019.01.26-23.32.15:979][  0]LogSimplygon: Simplygon DLL not present - disabling.
[2019.01.26-23.32.15:985][  0]LogMeshReduction: Using SimplygonSwarm for distributed automatic mesh merging
[2019.01.26-23.32.15:985][  0]LogMeshReduction: Using ProxyLODMeshReduction for automatic mesh merging
[2019.01.26-23.32.15:985][  0]LogMeshReduction: Using QuadricMeshReduction for automatic static mesh reduction
[2019.01.26-23.32.15:985][  0]LogMeshReduction: No automatic skeletal mesh reduction module available
[2019.01.26-23.32.16:108][  0]LogNetVersion: HomeIs 1.0.0, NetCL: 4212847, EngineNetVer: 5, GameNetVer: 0 (Checksum: 4178729889)
[2019.01.26-23.32.16:833][  0]LogPackageLocalizationCache: Processed 11 localized package path(s) for 2 prioritized culture(s) in 0.207085 seconds
[2019.01.26-23.32.16:840][  0]LogUObjectArray: 38425 objects as part of root set at end of initial load.
[2019.01.26-23.32.16:840][  0]LogUObjectAllocator: 6690872 out of 0 bytes used by permanent object pool.
[2019.01.26-23.32.16:840][  0]LogUObjectArray: CloseDisregardForGC: 0/0 objects in disregard for GC pool
[2019.01.26-23.32.17:891][  0]LogTcpMessaging: Initializing TcpMessaging bridge
[2019.01.26-23.32.17:905][  0]LogUdpMessaging: Initializing bridge on interface 0.0.0.0:0 to multicast group 230.0.0.1:6666.
[2019.01.26-23.32.18:437][  0]SourceControl: Source control is disabled
[2019.01.26-23.32.18:437][  0]SourceControl: Source control is disabled
[2019.01.26-23.32.18:439][  0]SourceControl: Source control is disabled
[2019.01.26-23.32.18:440][  0]SourceControl: Source control is disabled
[2019.01.26-23.32.18:660][  0]LogAndroidPermission: UAndroidPermissionCallbackProxy::GetInstance
[2019.01.26-23.32.18:771][  0]LogOcInput: OculusInput pre-init called
[2019.01.26-23.32.18:873][  0]LogEngine: Initializing Engine...
[2019.01.26-23.32.18:874][  0]LogHMD: Failed to initialize OpenVR with code 110
[2019.01.26-23.32.18:876][  0]LogStats: UGameplayTagsManager::ConstructGameplayTagTree: ImportINI prefixes -  0.000 s
[2019.01.26-23.32.18:876][  0]LogStats: UGameplayTagsManager::ConstructGameplayTagTree: Construct from data asset -  0.000 s
[2019.01.26-23.32.18:877][  0]LogStats: UGameplayTagsManager::ConstructGameplayTagTree: ImportINI -  0.000 s
[2019.01.26-23.32.18:877][  0]LogStats: UGameplayTagsManager::ConstructGameplayTagTree: GameplayTagTreeChangedEvent.Broadcast -  0.000 s
[2019.01.26-23.32.19:138][  0]LogInit: Initializing FReadOnlyCVARCache
[2019.01.26-23.32.19:165][  0]LogAIModule: Creating AISystem for world Untitled
[2019.01.26-23.32.19:179][  0]LogInit: XAudio2 using 'Speakers (Realtek High Definition Audio)' : 2 channels at 48 kHz using 32 bits per sample (channel mask 0x3)
[2019.01.26-23.32.19:225][  0]LogInit: FAudioDevice initialized.
[2019.01.26-23.32.19:225][  0]LogNetVersion: Set ProjectVersion to 1.0.0.0. Version Checksum will be recalculated on next use.
[2019.01.26-23.32.19:325][  0]LogDerivedDataCache: Saved boot cache 0.10s 73MB C:/Users/r017093h/AppData/Local/UnrealEngine/4.20/DerivedDataCache/Boot.ddc.
[2019.01.26-23.32.19:342][  0]LogInit: Texture streaming: Enabled
[2019.01.26-23.32.19:377][  0]LogEngineSessionManager: EngineSessionManager initialized
[2019.01.26-23.32.19:398][  0]LogInit: Transaction tracking system initialized
[2019.01.26-23.32.19:448][  0]BlueprintLog: New page: Editor Load
[2019.01.26-23.32.19:629][  0]LocalizationService: Localization service is disabled
[2019.01.26-23.32.19:978][  0]LogCook: Display: Max memory allowance for cook 16384mb min free memory 0mb
[2019.01.26-23.32.19:978][  0]LogCook: Display: Mobile HDR setting 1
[2019.01.26-23.32.19:978][  0]LogGameplayTags: Display: UGameplayTagsManager::DoneAddingNativeTags. DelegateIsBound: 0
[2019.01.26-23.32.19:978][  0]LogStats: UGameplayTagsManager::ConstructGameplayTagTree: ImportINI prefixes -  0.000 s
[2019.01.26-23.32.19:978][  0]LogStats: UGameplayTagsManager::ConstructGameplayTagTree: Construct from data asset -  0.000 s
[2019.01.26-23.32.19:978][  0]LogStats: UGameplayTagsManager::ConstructGameplayTagTree: ImportINI -  0.000 s
[2019.01.26-23.32.19:978][  0]LogStats: UGameplayTagsManager::ConstructGameplayTagTree: GameplayTagTreeChangedEvent.Broadcast -  0.000 s
[2019.01.26-23.32.20:147][  0]LogFileCache: Scanning file cache for directory 'C:/Users/r017093h/Documents/HomeIs/HomeIs/Content/' took 0.02s
[2019.01.26-23.32.20:147][  0]SourceControl: Source control is disabled
[2019.01.26-23.32.20:147][  0]Cmd: MAP LOAD FILE="../../../../../../Users/r017093h/Documents/HomeIs/HomeIs/Content/FirstPersonCPP/Maps/FirstPersonExampleMap.umap" TEMPLATE=0 SHOWPROGRESS=1 FEATURELEVEL=3
[2019.01.26-23.32.20:148][  0]LightingResults: New page: Lighting Build
[2019.01.26-23.32.20:153][  0]MapCheck: New page: Map Check
[2019.01.26-23.32.20:153][  0]LightingResults: New page: Lighting Build
[2019.01.26-23.32.21:497][  0]LogAIModule: Creating AISystem for world FirstPersonExampleMap
[2019.01.26-23.32.21:510][  0]LogEditorServer: Finished looking for orphan Actors (0.000 secs)
[2019.01.26-23.32.21:539][  0]Cmd: MAP CHECKDEP NOCLEARLOG
[2019.01.26-23.32.21:792][  0]MapCheck: Map check complete: 0 Error(s), 0 Warning(s), took 252.229ms to complete.
[2019.01.26-23.32.21:792][  0]LogFileHelpers: Loading map 'FirstPersonExampleMap' took 1.644
[2019.01.26-23.32.21:929][  0]LogSlate: Updating window title bar state: overlay mode, drag disabled, window buttons hidden, title bar hidden
[2019.01.26-23.32.21:937][  0]LogSlate: Updating window title bar state: overlay mode, drag disabled, window buttons hidden, title bar hidden
[2019.01.26-23.32.21:945][  0]LogSlate: Updating window title bar state: overlay mode, drag disabled, window buttons hidden, title bar hidden
[2019.01.26-23.32.21:953][  0]LogSlate: Updating window title bar state: overlay mode, drag disabled, window buttons hidden, title bar hidden
[2019.01.26-23.32.21:967][  0]LogCollectionManager: Loaded 0 collections in 0.003333 seconds
[2019.01.26-23.32.22:015][  0]LogFileCache: Scanning file cache for directory 'C:/Users/r017093h/Documents/HomeIs/HomeIs/Saved/Collections/' took 0.01s
[2019.01.26-23.32.22:015][  0]LogFileCache: Scanning file cache for directory 'C:/Users/r017093h/Documents/HomeIs/HomeIs/Content/Developers/r017093h/Collections/' took 0.01s
[2019.01.26-23.32.22:015][  0]LogFileCache: Scanning file cache for directory 'C:/Users/r017093h/Documents/HomeIs/HomeIs/Content/Collections/' took 0.01s
[2019.01.26-23.32.22:015][  0]LogCollectionManager: Rebuilt the GUID cache for 0 collections in 0.000000 seconds
[2019.01.26-23.32.22:026][  0]LogContentBrowser: Native class hierarchy populated in 0.0108 seconds. Added 2594 classes and 611 folders.
[2019.01.26-23.32.22:036][  0]LogContentBrowser: Native class hierarchy updated for 'WidgetCarousel' in 0.0006 seconds. Added 0 classes and 0 folders.
[2019.01.26-23.32.22:411][  0]LogContentBrowser: Native class hierarchy updated for 'AddContentDialog' in 0.0006 seconds. Added 0 classes and 0 folders.
[2019.01.26-23.32.22:418][  0]LogContentBrowser: Native class hierarchy updated for 'SceneOutliner' in 0.0006 seconds. Added 1 classes and 2 folders.
[2019.01.26-23.32.22:477][  0]LogContentBrowser: Native class hierarchy updated for 'HierarchicalLODOutliner' in 0.0006 seconds. Added 0 classes and 0 folders.
[2019.01.26-23.32.22:477][  0]LogLoad: (Engine Initialization) Total time: 14.29 seconds
[2019.01.26-23.32.22:477][  0]LogLoad: (Engine Initialization) Total Blueprint compile time: 0.00 seconds
[2019.01.26-23.32.22:487][  0]LogWindowsTextInputMethodSystem: Display: IME system now deactivated.
[2019.01.26-23.32.22:526][  0]LogContentStreaming: Texture pool size now 1000 MB
[2019.01.26-23.32.22:529][  0]LogSlate: Took 0.000213 seconds to synchronously load lazily loaded font '../../../Engine/Content/Slate/Fonts/Roboto-Regular.ttf' (155K)
[2019.01.26-23.32.22:531][  0]LogSlate: Took 0.000185 seconds to synchronously load lazily loaded font '../../../Engine/Content/Slate/Fonts/Roboto-Bold.ttf' (160K)
[2019.01.26-23.32.22:541][  0]LogSlate: Took 0.004838 seconds to synchronously load lazily loaded font '../../../Engine/Content/Editor/Slate/Fonts/FontAwesome.ttf' (139K)
[2019.01.26-23.32.22:719][  0]LogRenderer: Reallocating scene render targets to support 804x360 Format 10 NumSamples 1 (Frame:1).
[2019.01.26-23.32.22:781][  0]LogSlate: Took 0.004735 seconds to synchronously load lazily loaded font '../../../Engine/Content/Slate/Fonts/Roboto-Light.ttf' (167K)
[2019.01.26-23.32.22:801][  1]LogFileCache: Retrieving MD5 hashes for directory 'C:/Users/r017093h/Documents/HomeIs/HomeIs/Content/' took 0.30s
[2019.01.26-23.32.22:828][  1]LogAssetRegistry: Asset discovery search completed in 7.3484 seconds
[2019.01.26-23.32.22:830][  1]LogCollectionManager: Rebuilt the object cache for 0 collections in 0.000001 seconds (found 0 objects)
[2019.01.26-23.32.22:830][  1]LogCollectionManager: Fixed up redirectors for 0 collections in 0.000049 seconds (updated 0 objects)
[2019.01.26-23.32.25:216][273]LogSlate: FSceneViewport::OnFocusLost() reason 0
[2019.01.26-23.32.25:339][282]LogRenderer: Reallocating scene render targets to support 1208x576 Format 10 NumSamples 1 (Frame:4).
[2019.01.26-23.34.39:903][938]LogTemp: Repeating last play command: Selected Viewport
[2019.01.26-23.34.39:933][938]LogBlueprintUserMessages: Early PlayInEditor Detection: Level '/Game/FirstPersonCPP/Maps/FirstPersonExampleMap.FirstPersonExampleMap:PersistentLevel' has LevelScriptBlueprint '/Game/FirstPersonCPP/Maps/FirstPersonExampleMap.FirstPersonExampleMap:PersistentLevel.FirstPersonExampleMap' with GeneratedClass '/Game/FirstPersonCPP/Maps/FirstPersonExampleMap.FirstPersonExampleMap_C' with ClassGeneratedBy '/Game/FirstPersonCPP/Maps/FirstPersonExampleMap.FirstPersonExampleMap:PersistentLevel.FirstPersonExampleMap'
[2019.01.26-23.34.39:933][938]LogPlayLevel: PlayLevel: No blueprints needed recompiling
[2019.01.26-23.34.39:945][938]PIE: New page: PIE session: FirstPersonExampleMap (26 Jan 2019 23:34:39)
[2019.01.26-23.34.39:945][938]LogPlayLevel: Creating play world package: /Game/FirstPersonCPP/Maps/UEDPIE_0_FirstPersonExampleMap
[2019.01.26-23.34.39:976][938]LogPlayLevel: PIE: StaticDuplicateObject took: (0.031033s)
[2019.01.26-23.34.39:978][938]LogAIModule: Creating AISystem for world FirstPersonExampleMap
[2019.01.26-23.34.39:978][938]LogPlayLevel: PIE: World Init took: (0.001336s)
[2019.01.26-23.34.39:978][938]LogPlayLevel: PIE: Created PIE world by copying editor world from /Game/FirstPersonCPP/Maps/FirstPersonExampleMap.FirstPersonExampleMap to /Game/FirstPersonCPP/Maps/UEDPIE_0_FirstPersonExampleMap.FirstPersonExampleMap (0.032568s)
[2019.01.26-23.34.40:020][938]LogInit: XAudio2 using 'Speakers (Realtek High Definition Audio)' : 2 channels at 48 kHz using 32 bits per sample (channel mask 0x3)
[2019.01.26-23.34.40:038][938]LogInit: FAudioDevice initialized.
[2019.01.26-23.34.40:080][938]LogLoad: Game class is 'HomeIsGameMode'
[2019.01.26-23.34.40:083][938]LogWorld: Bringing World /Game/FirstPersonCPP/Maps/UEDPIE_0_FirstPersonExampleMap.FirstPersonExampleMap up for play (max tick rate 0) at 2019.01.26-23.34.40
[2019.01.26-23.34.40:084][938]LogWorld: Bringing up level for play took: 0.003272
[2019.01.26-23.34.40:105][938]LogContentBrowser: Native class hierarchy updated for 'MovieSceneCapture' in 0.0007 seconds. Added 10 classes and 0 folders.
[2019.01.26-23.34.40:108][938]PIE: Play in editor start time for /Game/FirstPersonCPP/Maps/UEDPIE_0_FirstPersonExampleMap 0.463
[2019.01.26-23.34.40:108][938]LogBlueprintUserMessages: Late PlayInEditor Detection: Level '/Game/FirstPersonCPP/Maps/FirstPersonExampleMap.FirstPersonExampleMap:PersistentLevel' has LevelScriptBlueprint '/Game/FirstPersonCPP/Maps/FirstPersonExampleMap.FirstPersonExampleMap:PersistentLevel.FirstPersonExampleMap' with GeneratedClass '/Game/FirstPersonCPP/Maps/FirstPersonExampleMap.FirstPersonExampleMap_C' with ClassGeneratedBy '/Game/FirstPersonCPP/Maps/FirstPersonExampleMap.FirstPersonExampleMap:PersistentLevel.FirstPersonExampleMap'
[2019.01.26-23.34.40:118][938]LogBlueprintUserMessages: [SUpdateTargetPosition_C_0] X=-481.000 Y=1201.000 Z=268.372
[2019.01.26-23.34.40:374][946]LogBlueprintUserMessages: [SUpdateTargetPosition_C_0] X=-481.000 Y=1201.000 Z=268.372
[2019.01.26-23.34.40:880][979]LogBlueprintUserMessages: [SUpdateTargetPosition_C_0] X=-481.000 Y=1201.000 Z=268.372
[2019.01.26-23.34.41:339][ 11]LogBlueprintUserMessages: [SUpdateTargetPosition_C_0] X=-389.332 Y=1289.640 Z=268.372
[2019.01.26-23.34.41:812][ 59]LogBlueprintUserMessages: Early EndPlayMap Detection: Level '/Game/FirstPersonCPP/Maps/FirstPersonExampleMap.FirstPersonExampleMap:PersistentLevel' has LevelScriptBlueprint '/Game/FirstPersonCPP/Maps/FirstPersonExampleMap.FirstPersonExampleMap:PersistentLevel.FirstPersonExampleMap' with GeneratedClass '/Game/FirstPersonCPP/Maps/FirstPersonExampleMap.FirstPersonExampleMap_C' with ClassGeneratedBy '/Game/FirstPersonCPP/Maps/FirstPersonExampleMap.FirstPersonExampleMap:PersistentLevel.FirstPersonExampleMap'
[2019.01.26-23.34.41:812][ 59]LogSlate: Updating window title bar state: overlay mode, drag disabled, window buttons hidden, title bar hidden
[2019.01.26-23.34.41:845][ 59]LogPlayLevel: Display: Shutting down PIE online subsystems
[2019.01.26-23.34.41:846][ 59]LogBlueprintUserMessages: Late EndPlayMap Detection: Level '/Game/FirstPersonCPP/Maps/FirstPersonExampleMap.FirstPersonExampleMap:PersistentLevel' has LevelScriptBlueprint '/Game/FirstPersonCPP/Maps/FirstPersonExampleMap.FirstPersonExampleMap:PersistentLevel.FirstPersonExampleMap' with GeneratedClass '/Game/FirstPersonCPP/Maps/FirstPersonExampleMap.FirstPersonExampleMap_C' with ClassGeneratedBy '/Game/FirstPersonCPP/Maps/FirstPersonExampleMap.FirstPersonExampleMap:PersistentLevel.FirstPersonExampleMap'
[2019.01.26-23.34.41:873][ 59]LogSlate: Updating window title bar state: overlay mode, drag disabled, window buttons hidden, title bar hidden
[2019.01.26-23.34.41:922][ 61]LogPlayLevel: Display: Destroying online subsystem :Context_3
[2019.01.26-23.34.45:592][214]LogSlate: FSceneViewport::OnFocusLost() reason 0
[2019.01.26-23.34.45:819][214]LogTemp: Repeating last play command: Selected Viewport
[2019.01.26-23.34.45:842][214]LogBlueprintUserMessages: Early PlayInEditor Detection: Level '/Game/FirstPersonCPP/Maps/FirstPersonExampleMap.FirstPersonExampleMap:PersistentLevel' has LevelScriptBlueprint '/Game/FirstPersonCPP/Maps/FirstPersonExampleMap.FirstPersonExampleMap:PersistentLevel.FirstPersonExampleMap' with GeneratedClass '/Game/FirstPersonCPP/Maps/FirstPersonExampleMap.FirstPersonExampleMap_C' with ClassGeneratedBy '/Game/FirstPersonCPP/Maps/FirstPersonExampleMap.FirstPersonExampleMap:PersistentLevel.FirstPersonExampleMap'
[2019.01.26-23.34.45:842][214]LogPlayLevel: PlayLevel: No blueprints needed recompiling
[2019.01.26-23.34.45:843][214]PIE: New page: PIE session: FirstPersonExampleMap (26 Jan 2019 23:34:45)
[2019.01.26-23.34.45:843][214]LogPlayLevel: Creating play world package: /Game/FirstPersonCPP/Maps/UEDPIE_0_FirstPersonExampleMap
[2019.01.26-23.34.45:859][214]LogPlayLevel: PIE: StaticDuplicateObject took: (0.016802s)
[2019.01.26-23.34.45:860][214]LogAIModule: Creating AISystem for world FirstPersonExampleMap
[2019.01.26-23.34.45:860][214]LogPlayLevel: PIE: World Init took: (0.000980s)
[2019.01.26-23.34.45:861][214]LogPlayLevel: PIE: Created PIE world by copying editor world from /Game/FirstPersonCPP/Maps/FirstPersonExampleMap.FirstPersonExampleMap to /Game/FirstPersonCPP/Maps/UEDPIE_0_FirstPersonExampleMap.FirstPersonExampleMap (0.017949s)
[2019.01.26-23.34.45:896][214]LogInit: XAudio2 using 'Speakers (Realtek High Definition Audio)' : 2 channels at 48 kHz using 32 bits per sample (channel mask 0x3)
[2019.01.26-23.34.45:910][214]LogInit: FAudioDevice initialized.
[2019.01.26-23.34.45:945][214]LogLoad: Game class is 'HomeIsGameMode'
[2019.01.26-23.34.45:950][214]LogWorld: Bringing World /Game/FirstPersonCPP/Maps/UEDPIE_0_FirstPersonExampleMap.FirstPersonExampleMap up for play (max tick rate 0) at 2019.01.26-23.34.45
[2019.01.26-23.34.45:951][214]LogWorld: Bringing up level for play took: 0.004271
[2019.01.26-23.34.45:966][214]PIE: Play in editor start time for /Game/FirstPersonCPP/Maps/UEDPIE_0_FirstPersonExampleMap 0.321
[2019.01.26-23.34.45:967][214]LogBlueprintUserMessages: Late PlayInEditor Detection: Level '/Game/FirstPersonCPP/Maps/FirstPersonExampleMap.FirstPersonExampleMap:PersistentLevel' has LevelScriptBlueprint '/Game/FirstPersonCPP/Maps/FirstPersonExampleMap.FirstPersonExampleMap:PersistentLevel.FirstPersonExampleMap' with GeneratedClass '/Game/FirstPersonCPP/Maps/FirstPersonExampleMap.FirstPersonExampleMap_C' with ClassGeneratedBy '/Game/FirstPersonCPP/Maps/FirstPersonExampleMap.FirstPersonExampleMap:PersistentLevel.FirstPersonExampleMap'
[2019.01.26-23.34.45:988][214]LogBlueprintUserMessages: [SUpdateTargetPosition_C_0] X=-481.000 Y=1201.000 Z=268.372
[2019.01.26-23.34.46:427][237]LogBlueprintUserMessages: [SUpdateTargetPosition_C_0] X=-481.000 Y=1201.000 Z=268.372
[2019.01.26-23.34.46:874][267]LogBlueprintUserMessages: [SUpdateTargetPosition_C_0] X=-481.000 Y=1201.000 Z=268.372
[2019.01.26-23.34.47:373][302]LogBlueprintUserMessages: [SUpdateTargetPosition_C_0] X=-481.000 Y=1201.000 Z=268.372
[2019.01.26-23.34.47:859][355]LogBlueprintUserMessages: [SUpdateTargetPosition_C_0] X=-394.649 Y=1277.522 Z=268.372
[2019.01.26-23.34.48:387][418]LogBlueprintUserMessages: [SUpdateTargetPosition_C_0] X=-272.100 Y=1157.986 Z=268.372
[2019.01.26-23.34.48:735][459]LogTemp: Warning: 1
[2019.01.26-23.34.48:735][459]LogTemp: Warning: 2CollisionCylinder
[2019.01.26-23.34.48:735][459]LogTemp: Warning: 3
[2019.01.26-23.34.48:810][468]LogBlueprintUserMessages: [SUpdateTargetPosition_C_0] X=-90.285 Y=1146.872 Z=268.372
[2019.01.26-23.34.48:894][478]LogTemp: Warning: 1
[2019.01.26-23.34.48:894][478]LogTemp: Warning: 2CollisionCylinder
[2019.01.26-23.34.48:894][478]LogTemp: Warning: 3
[2019.01.26-23.34.49:044][496]LogTemp: Warning: 1
[2019.01.26-23.34.49:044][496]LogTemp: Warning: 2CollisionCylinder
[2019.01.26-23.34.49:044][496]LogTemp: Warning: 3
[2019.01.26-23.34.49:210][516]LogTemp: Warning: 1
[2019.01.26-23.34.49:210][516]LogTemp: Warning: 2CollisionCylinder
[2019.01.26-23.34.49:210][516]LogTemp: Warning: 3
[2019.01.26-23.34.49:327][530]LogBlueprintUserMessages: [SUpdateTargetPosition_C_0] X=212.314 Y=1132.538 Z=268.372
[2019.01.26-23.34.49:377][536]LogTemp: Warning: 1
[2019.01.26-23.34.49:377][536]LogTemp: Warning: 2CollisionCylinder
[2019.01.26-23.34.49:377][536]LogTemp: Warning: 3
[2019.01.26-23.34.49:569][559]LogTemp: Warning: 1
[2019.01.26-23.34.49:569][559]LogTemp: Warning: 2CollisionCylinder
[2019.01.26-23.34.49:569][559]LogTemp: Warning: 3
[2019.01.26-23.34.49:736][579]LogTemp: Warning: 1
[2019.01.26-23.34.49:736][579]LogTemp: Warning: 2CollisionCylinder
[2019.01.26-23.34.49:736][579]LogTemp: Warning: 3
[2019.01.26-23.34.49:736][579]LogBlueprintUserMessages: [SUpdateTargetPosition_C_0] X=165.208 Y=1134.760 Z=268.372
[2019.01.26-23.34.49:919][601]LogTemp: Warning: 1
[2019.01.26-23.34.49:919][601]LogTemp: Warning: 2CollisionCylinder
[2019.01.26-23.34.49:919][601]LogTemp: Warning: 3
[2019.01.26-23.34.50:093][622]LogTemp: Warning: 1
[2019.01.26-23.34.50:093][622]LogTemp: Warning: 2CollisionCylinder
[2019.01.26-23.34.50:093][622]LogTemp: Warning: 3
[2019.01.26-23.34.50:151][629]LogBlueprintUserMessages: [SUpdateTargetPosition_C_0] X=-4.985 Y=1142.771 Z=268.372
[2019.01.26-23.34.50:244][640]LogTemp: Warning: 1
[2019.01.26-23.34.50:244][640]LogTemp: Warning: 2CollisionCylinder
[2019.01.26-23.34.50:244][640]LogTemp: Warning: 3
[2019.01.26-23.34.50:396][658]LogTemp: Warning: 1
[2019.01.26-23.34.50:396][658]LogTemp: Warning: 2CollisionCylinder
[2019.01.26-23.34.50:396][658]LogTemp: Warning: 3
[2019.01.26-23.34.50:575][679]LogTemp: Warning: 1
[2019.01.26-23.34.50:575][679]LogTemp: Warning: 2CollisionCylinder
[2019.01.26-23.34.50:575][679]LogTemp: Warning: 3
[2019.01.26-23.34.50:575][679]LogBlueprintUserMessages: [SUpdateTargetPosition_C_0] X=-4.985 Y=1142.771 Z=268.372
[2019.01.26-23.34.50:733][698]LogTemp: Warning: 1
[2019.01.26-23.34.50:733][698]LogTemp: Warning: 2CollisionCylinder
[2019.01.26-23.34.50:733][698]LogTemp: Warning: 3
[2019.01.26-23.34.50:891][717]LogTemp: Warning: 1
[2019.01.26-23.34.50:891][717]LogTemp: Warning: 2CollisionCylinder
[2019.01.26-23.34.50:891][717]LogTemp: Warning: 3
[2019.01.26-23.34.51:041][735]LogTemp: Warning: 1
[2019.01.26-23.34.51:041][735]LogTemp: Warning: 2CollisionCylinder
[2019.01.26-23.34.51:041][735]LogTemp: Warning: 3
[2019.01.26-23.34.51:116][744]LogBlueprintUserMessages: [SUpdateTargetPosition_C_0] X=-4.985 Y=1142.771 Z=268.372
[2019.01.26-23.34.51:158][749]LogTemp: Warning: 1
[2019.01.26-23.34.51:158][749]LogTemp: Warning: 2CollisionCylinder
[2019.01.26-23.34.51:158][749]LogTemp: Warning: 3
[2019.01.26-23.34.51:350][772]LogTemp: Warning: 1
[2019.01.26-23.34.51:350][772]LogTemp: Warning: 2CollisionCylinder
[2019.01.26-23.34.51:350][772]LogTemp: Warning: 3
[2019.01.26-23.34.51:875][835]LogBlueprintUserMessages: Early EndPlayMap Detection: Level '/Game/FirstPersonCPP/Maps/FirstPersonExampleMap.FirstPersonExampleMap:PersistentLevel' has LevelScriptBlueprint '/Game/FirstPersonCPP/Maps/FirstPersonExampleMap.FirstPersonExampleMap:PersistentLevel.FirstPersonExampleMap' with GeneratedClass '/Game/FirstPersonCPP/Maps/FirstPersonExampleMap.FirstPersonExampleMap_C' with ClassGeneratedBy '/Game/FirstPersonCPP/Maps/FirstPersonExampleMap.FirstPersonExampleMap:PersistentLevel.FirstPersonExampleMap'
[2019.01.26-23.34.51:875][835]LogSlate: Updating window title bar state: overlay mode, drag disabled, window buttons hidden, title bar hidden
[2019.01.26-23.34.51:908][835]LogPlayLevel: Display: Shutting down PIE online subsystems
[2019.01.26-23.34.51:908][835]LogBlueprintUserMessages: Late EndPlayMap Detection: Level '/Game/FirstPersonCPP/Maps/FirstPersonExampleMap.FirstPersonExampleMap:PersistentLevel' has LevelScriptBlueprint '/Game/FirstPersonCPP/Maps/FirstPersonExampleMap.FirstPersonExampleMap:PersistentLevel.FirstPersonExampleMap' with GeneratedClass '/Game/FirstPersonCPP/Maps/FirstPersonExampleMap.FirstPersonExampleMap_C' with ClassGeneratedBy '/Game/FirstPersonCPP/Maps/FirstPersonExampleMap.FirstPersonExampleMap:PersistentLevel.FirstPersonExampleMap'
[2019.01.26-23.34.51:957][835]LogSlate: Updating window title bar state: overlay mode, drag disabled, window buttons hidden, title bar hidden
[2019.01.26-23.34.51:985][836]LogPlayLevel: Display: Destroying online subsystem :Context_4
[2019.01.26-23.35.46:187][412]LogEditorViewport: Clicking on Actor (LMB): StaticMeshActor (Floor)
[2019.01.26-23.35.46:833][453]LogEditorViewport: Clicking on Actor (LMB): Zombie_C (Zombie)
[2019.01.26-23.36.01:372][  2]LogSlate: FSceneViewport::OnFocusLost() reason 0
[2019.01.26-23.36.01:433][  8]LogSlate: Took 0.000233 seconds to synchronously load lazily loaded font '../../../Engine/Content/Slate/Fonts/Roboto-Light.ttf' (167K)
[2019.01.26-23.36.01:701][  8]LogSavePackage: Moving '../../../../../../Users/r017093h/Documents/HomeIs/HomeIs/Saved/FirstPersonExampleMap8DE2BF3241304587FD9B73A4DCE3E9CA.tmp' to '../../../../../../Users/r017093h/Documents/HomeIs/HomeIs/Content/FirstPersonCPP/Maps/FirstPersonExampleMap.umap'
[2019.01.26-23.40.14:679][992]LogSlate: Took 0.006906 seconds to synchronously load lazily loaded font '../../../Engine/Content/Slate/Fonts/Roboto-Italic.ttf' (157K)
[2019.01.26-23.40.18:329][312]LogEditorViewport: Clicking on Actor (LMB): MyBarricade_C (MyBarricade)
[2019.01.26-23.40.46:236][629]LogSlate: FSceneViewport::OnFocusLost() reason 0
[2019.01.26-23.41.00:847][937]LogAssetEditorManager: Opening Asset editor for Blueprint /Game/HalsStuffFuckOff/Zombie.Zombie
[2019.01.26-23.41.01:501][937]LogContentBrowser: Native class hierarchy updated for 'BlueprintGraph' in 0.0010 seconds. Added 116 classes and 0 folders.
[2019.01.26-23.41.02:620][937]LogSlate: Took 0.006448 seconds to synchronously load lazily loaded font '../../../Engine/Content/Slate/Fonts/Roboto-BoldCondensed.ttf' (158K)
[2019.01.26-23.41.04:635][ 91]LogRenderer: Reallocating scene render targets to support 1208x712 Format 10 NumSamples 1 (Frame:1).
[2019.01.26-23.41.16:610][913]LogSlate: FSceneViewport::OnFocusLost() reason 0
[2019.01.26-23.41.23:423][384]LogSkeletalMesh: Building Skeletal Mesh 6hpBarricade_DM...
[2019.01.26-23.41.23:459][384]LogSkeletalMesh: Built Skeletal Mesh [0.04s] /Game/Imported/Models/Barricades/6hpBarricade_DM.6hpBarricade_DM
[2019.01.26-23.41.23:487][384]LogAnimation: Warning: SkeletalMesh 6hpBarricade_DM has no skeleton. This needs to fixed before an animation can be set
[2019.01.26-23.41.23:487][384]LogAnimation: Warning: SkeletalMesh 6hpBarricade_DM has no skeleton. This needs to fixed before an animation can be set
[2019.01.26-23.42.16:866][921]AssetReimport: New page: Outstanding source content changes 23:42:16
[2019.01.26-23.42.16:869][921]LogFactory: FactoryCreateFile: Texture with ReimportTextureFactory (0 0 C:/Users/r017093h/Documents/HomeIs/HomeIs/Content/HalsStuffFuckOff/Assets/mremireh_o_desbiens.fbm/mremireh_shoe_specular.png)
[2019.01.26-23.42.16:960][922]LogFactory: FactoryCreateFile: Texture with ReimportTextureFactory (0 0 C:/Users/r017093h/Documents/HomeIs/HomeIs/Content/HalsStuffFuckOff/Assets/mremireh_o_desbiens.fbm/mremireh_shoe_normal.png)
[2019.01.26-23.42.17:031][923]LogFactory: FactoryCreateFile: Texture with ReimportTextureFactory (0 0 C:/Users/r017093h/Documents/HomeIs/HomeIs/Content/HalsStuffFuckOff/Assets/mremireh_o_desbiens.fbm/mremireh_shoe_diffuse.png)
[2019.01.26-23.42.17:132][924]LogFactory: FactoryCreateFile: Texture with ReimportTextureFactory (0 0 C:/Users/r017093h/Documents/HomeIs/HomeIs/Content/HalsStuffFuckOff/Assets/mremireh_o_desbiens.fbm/mremireh_body_specular.png)
[2019.01.26-23.42.18:312][925]LogFactory: FactoryCreateFile: Texture with ReimportTextureFactory (0 0 C:/Users/r017093h/Documents/HomeIs/HomeIs/Content/HalsStuffFuckOff/Assets/mremireh_o_desbiens.fbm/mremireh_body_normal.png)
[2019.01.26-23.42.18:804][926]LogEditorFactories: Performing atomic reimport of [C:/Users/r017093h/Documents/HomeIs/HomeIs/Content/HalsStuffFuckOff/Assets/mremireh_o_desbiens.fbm/mremireh_body__diffuse.png]
[2019.01.26-23.42.18:817][926]LogFactory: FactoryCreateFile: Texture2D with ReimportTextureFactory (0 0 C:/Users/r017093h/Documents/HomeIs/HomeIs/Content/HalsStuffFuckOff/Assets/mremireh_o_desbiens.fbm/mremireh_body__diffuse.png)
[2019.01.26-23.42.20:018][926]LogEditorFactories: -- imported successfully
[2019.01.26-23.42.20:116][927]LogEditorFactories: Performing atomic reimport of [C:/Users/r017093h/Documents/HomeIs/HomeIs/Content/HalsStuffFuckOff/Assets/mremireh_o_desbiens.fbx]
[2019.01.26-23.42.20:176][927]LogFbx: Loading FBX Scene from C:/Users/r017093h/Documents/HomeIs/HomeIs/Content/HalsStuffFuckOff/Assets/mremireh_o_desbiens.fbx
[2019.01.26-23.42.20:248][927]LogFbx: FBX Scene Loaded Succesfully
[2019.01.26-23.42.20:251][927]LogFbx: =================================================
[2019.01.26-23.42.20:251][927]LogFbx: Dumping Node START [mremireh_shoe] 
[2019.01.26-23.42.20:251][927]LogFbx: 	Total Deformer Count -254604576.
[2019.01.26-23.42.20:251][927]LogFbx: 		[Node 1] Skin mremireh_shoe (Type Skin).
[2019.01.26-23.42.20:251][927]LogFbx: =================================================
[2019.01.26-23.42.20:251][927]LogFbx: 	Attribute (mremireh_shoe) Type (4).
[2019.01.26-23.42.20:251][927]LogFbx: 		[Node Attribute Child 1] mremireh_shoe (Type Mesh).
[2019.01.26-23.42.20:251][927]LogFbx: Dumping Node END [mremireh_shoe]
[2019.01.26-23.42.20:251][927]LogFbx: =================================================
[2019.01.26-23.42.20:252][927]LogFbx: Dumping Node START [mremireh_body] 
[2019.01.26-23.42.20:252][927]LogFbx: 	Total Deformer Count -254604576.
[2019.01.26-23.42.20:252][927]LogFbx: 		[Node 1] Skin mremireh_body (Type Skin).
[2019.01.26-23.42.20:252][927]LogFbx: =================================================
[2019.01.26-23.42.20:252][927]LogFbx: 	Attribute (mremireh_body) Type (4).
[2019.01.26-23.42.20:252][927]LogFbx: 		[Node Attribute Child 1] mremireh_body (Type Mesh).
[2019.01.26-23.42.20:252][927]LogFbx: Dumping Node END [mremireh_body]
[2019.01.26-23.42.20:253][927]LogFbx: =================================================
[2019.01.26-23.42.20:253][927]LogFbx: Dumping Node START [mremireh_shoe] 
[2019.01.26-23.42.20:253][927]LogFbx: 	Total Deformer Count -254604576.
[2019.01.26-23.42.20:253][927]LogFbx: 		[Node 1] Skin mremireh_shoe (Type Skin).
[2019.01.26-23.42.20:253][927]LogFbx: =================================================
[2019.01.26-23.42.20:253][927]LogFbx: 	Attribute (mremireh_shoe) Type (4).
[2019.01.26-23.42.20:253][927]LogFbx: 		[Node Attribute Child 1] mremireh_shoe (Type Mesh).
[2019.01.26-23.42.20:253][927]LogFbx: Dumping Node END [mremireh_shoe]
[2019.01.26-23.42.20:253][927]LogFbx: =================================================
[2019.01.26-23.42.20:253][927]LogFbx: Dumping Node START [mremireh_body] 
[2019.01.26-23.42.20:253][927]LogFbx: 	Total Deformer Count -254604576.
[2019.01.26-23.42.20:253][927]LogFbx: 		[Node 1] Skin mremireh_body (Type Skin).
[2019.01.26-23.42.20:253][927]LogFbx: =================================================
[2019.01.26-23.42.20:253][927]LogFbx: 	Attribute (mremireh_body) Type (4).
[2019.01.26-23.42.20:253][927]LogFbx: 		[Node Attribute Child 1] mremireh_body (Type Mesh).
[2019.01.26-23.42.20:253][927]LogFbx: Dumping Node END [mremireh_body]
[2019.01.26-23.42.20:255][927]LogFbx: Valid bind pose for Pose (FbxSDKBindPose) - mremireh_shoe
[2019.01.26-23.42.20:347][927]LogSkeletalMesh: Section 0: 132 vertices, 1 active bones
[2019.01.26-23.42.20:347][927]LogSkeletalMesh: Section 1: 2961 vertices, 46 active bones
[2019.01.26-23.42.20:348][927]LogSkeletalMesh: Section 0: Material=0, 164 triangles
[2019.01.26-23.42.20:348][927]LogSkeletalMesh: Section 1: Material=1, 4384 triangles
[2019.01.26-23.42.20:349][927]LogSkeletalMesh: Building Skeletal Mesh mremireh_o_desbiens...
[2019.01.26-23.42.20:353][927]LogSkeletalMesh: Built Skeletal Mesh [0.00s] /Game/HalsStuffFuckOff/Assets/mremireh_o_desbiens.mremireh_o_desbiens
[2019.01.26-23.42.20:356][927]LogEditorFactories: -- imported successfully
[2019.01.26-23.42.20:413][927]LogSkeletalMesh: Building Skeletal Mesh mremireh_o_desbiens...
[2019.01.26-23.42.20:418][927]LogSkeletalMesh: Built Skeletal Mesh [0.00s] /Game/HalsStuffFuckOff/Assets/mremireh_o_desbiens.mremireh_o_desbiens
[2019.01.26-23.42.20:519][928]LogSavePackage: Moving '../../../../../../Users/r017093h/Documents/HomeIs/HomeIs/Saved/mremireh_shoe_specular5A22649847C018FF0A93FFB6BDB073B9.tmp' to '../../../../../../Users/r017093h/Documents/HomeIs/HomeIs/Content/HalsStuffFuckOff/Assets/mremireh_o_desbiens_fbm/mremireh_shoe_specular.uasset'
[2019.01.26-23.42.20:607][928]LogSavePackage: Moving '../../../../../../Users/r017093h/Documents/HomeIs/HomeIs/Saved/mremireh_shoe_normal034AA163466CE271C9B12A97903A0344.tmp' to '../../../../../../Users/r017093h/Documents/HomeIs/HomeIs/Content/HalsStuffFuckOff/Assets/mremireh_o_desbiens_fbm/mremireh_shoe_normal.uasset'
[2019.01.26-23.42.20:687][928]LogSavePackage: Moving '../../../../../../Users/r017093h/Documents/HomeIs/HomeIs/Saved/mremireh_shoe_diffuseA2F3DFD242F3B2C64F1BEF86D7684C4A.tmp' to '../../../../../../Users/r017093h/Documents/HomeIs/HomeIs/Content/HalsStuffFuckOff/Assets/mremireh_o_desbiens_fbm/mremireh_shoe_diffuse.uasset'
[2019.01.26-23.42.21:319][928]LogSavePackage: Moving '../../../../../../Users/r017093h/Documents/HomeIs/HomeIs/Saved/mremireh_body_specular191F166446BC8B976B6366B5984CCD67.tmp' to '../../../../../../Users/r017093h/Documents/HomeIs/HomeIs/Content/HalsStuffFuckOff/Assets/mremireh_o_desbiens_fbm/mremireh_body_specular.uasset'
[2019.01.26-23.42.21:946][928]LogSavePackage: Moving '../../../../../../Users/r017093h/Documents/HomeIs/HomeIs/Saved/mremireh_body_normal7C40013342DE1B5EE71313A11F4EFBF1.tmp' to '../../../../../../Users/r017093h/Documents/HomeIs/HomeIs/Content/HalsStuffFuckOff/Assets/mremireh_o_desbiens_fbm/mremireh_body_normal.uasset'
[2019.01.26-23.42.22:553][928]LogSavePackage: Moving '../../../../../../Users/r017093h/Documents/HomeIs/HomeIs/Saved/mremireh_body_diffuse4D27823741DEE81E381BFBA87229AF9E.tmp' to '../../../../../../Users/r017093h/Documents/HomeIs/HomeIs/Content/HalsStuffFuckOff/Assets/mremireh_body_diffuse.uasset'
[2019.01.26-23.42.22:722][928]LogSavePackage: Moving '../../../../../../Users/r017093h/Documents/HomeIs/HomeIs/Saved/mremireh_o_desbiensE2AED9DE4D0BCB77CBCC12A0051D21FD.tmp' to '../../../../../../Users/r017093h/Documents/HomeIs/HomeIs/Content/HalsStuffFuckOff/Assets/mremireh_o_desbiens.uasset'
[2019.01.26-23.42.25:761][172]AssetReimport: Importing new asset /Game/HalsStuffFuckOff/Assets/mremireh_o_desbiens_fbm/mremireh_shoe_specular.
[2019.01.26-23.42.25:761][172]AssetReimport: Importing new asset /Game/HalsStuffFuckOff/Assets/mremireh_o_desbiens_fbm/mremireh_shoe_normal.
[2019.01.26-23.42.25:761][172]AssetReimport: Importing new asset /Game/HalsStuffFuckOff/Assets/mremireh_o_desbiens_fbm/mremireh_shoe_diffuse.
[2019.01.26-23.42.25:761][172]AssetReimport: Importing new asset /Game/HalsStuffFuckOff/Assets/mremireh_o_desbiens_fbm/mremireh_body_specular.
[2019.01.26-23.42.25:761][172]AssetReimport: Importing new asset /Game/HalsStuffFuckOff/Assets/mremireh_o_desbiens_fbm/mremireh_body_normal.
[2019.01.26-23.42.25:761][172]AssetReimport: Reimported asset mremireh_body_diffuse from C:/Users/r017093h/Documents/HomeIs/HomeIs/Content/HalsStuffFuckOff/Assets/mremireh_o_desbiens.fbm/mremireh_body__diffuse.png.
[2019.01.26-23.42.25:761][172]AssetReimport: Reimported asset mremireh_o_desbiens from C:/Users/r017093h/Documents/HomeIs/HomeIs/Content/HalsStuffFuckOff/Assets/mremireh_o_desbiens.fbx.
[2019.01.26-23.42.34:815][ 47]BlueprintLog: New page: Compile Zombie
[2019.01.26-23.42.35:998][145]Cmd: OBJ SAVEPACKAGE PACKAGE="/Game/HalsStuffFuckOff/Zombie" FILE="../../../../../../Users/r017093h/Documents/HomeIs/HomeIs/Content/HalsStuffFuckOff/Zombie.uasset" SILENT=true
[2019.01.26-23.42.36:052][145]LogSavePackage: Moving '../../../../../../Users/r017093h/Documents/HomeIs/HomeIs/Saved/Zombie060271074F6C558FACB896994E73A9BE.tmp' to '../../../../../../Users/r017093h/Documents/HomeIs/HomeIs/Content/HalsStuffFuckOff/Zombie.uasset'
[2019.01.26-23.42.50:647][458]LogSlate: FSceneViewport::OnFocusLost() reason 0
[2019.01.26-23.42.50:736][466]BlueprintLog: New page: Compile Zombie
[2019.01.26-23.42.51:466][501]Cmd: OBJ SAVEPACKAGE PACKAGE="/Game/HalsStuffFuckOff/Zombie" FILE="../../../../../../Users/r017093h/Documents/HomeIs/HomeIs/Content/HalsStuffFuckOff/Zombie.uasset" SILENT=true
[2019.01.26-23.42.51:527][501]LogSavePackage: Moving '../../../../../../Users/r017093h/Documents/HomeIs/HomeIs/Saved/Zombie2496187B48808809F9228682507B596D.tmp' to '../../../../../../Users/r017093h/Documents/HomeIs/HomeIs/Content/HalsStuffFuckOff/Zombie.uasset'
[2019.01.26-23.42.55:953][905]LogSlate: Window 'Zombie' being destroyed
[2019.01.26-23.43.07:139][977]LogSavePackage: Moving '../../../../../../Users/r017093h/Documents/HomeIs/HomeIs/Saved/FirstPersonExampleMap32DDC363433C29BED9B19E9897453A25.tmp' to '../../../../../../Users/r017093h/Documents/HomeIs/HomeIs/Content/FirstPersonCPP/Maps/FirstPersonExampleMap.umap'
[2019.01.26-23.43.07:214][977]LogFileHelpers: Saving map 'FirstPersonExampleMap' took 0.772
[2019.01.26-23.43.14:673][654]LogSlate: Window 'HomeIs - Unreal Editor' being destroyed
[2019.01.26-23.43.14:872][655]Cmd: QUIT_EDITOR
[2019.01.26-23.43.15:236][655]LogWindowsTextInputMethodSystem: Display: IME system now deactivated.
[2019.01.26-23.43.15:253][655]LogExit: Preparing to exit.
[2019.01.26-23.43.16:412][655]LogExit: Editor shut down
[2019.01.26-23.43.16:413][655]LogExit: Transaction tracking system shut down
[2019.01.26-23.43.17:176][655]LogExit: Object subsystem successfully closed.
[2019.01.26-23.43.17:195][655]LogShaderCompilers: Display: Shaders left to compile 0
[2019.01.26-23.43.17:202][655]LogD3D11RHI: Shutdown
[2019.01.26-23.43.17:202][655]LogD3D11RHI: CleanupD3DDevice
[2019.01.26-23.43.17:205][655]LogD3D11RHI: ~FD3D11DynamicRHI
[2019.01.26-23.43.17:258][655]LogModuleManager: Shutting down and abandoning module BlueprintGraph (622)
[2019.01.26-23.43.17:258][655]LogModuleManager: Shutting down and abandoning module MovieSceneCapture (620)
[2019.01.26-23.43.17:258][655]LogModuleManager: Shutting down and abandoning module Voice (618)
[2019.01.26-23.43.17:258][655]LogModuleManager: Shutting down and abandoning module HierarchicalLODOutliner (616)
[2019.01.26-23.43.17:258][655]LogModuleManager: Shutting down and abandoning module SceneOutliner (614)
[2019.01.26-23.43.17:258][655]LogModuleManager: Shutting down and abandoning module AddContentDialog (612)
[2019.01.26-23.43.17:266][655]LogModuleManager: Shutting down and abandoning module WidgetCarousel (611)
[2019.01.26-23.43.17:266][655]LogModuleManager: Shutting down and abandoning module EditorWidgets (608)
[2019.01.26-23.43.17:266][655]LogModuleManager: Shutting down and abandoning module CollectionManager (606)
[2019.01.26-23.43.17:267][655]LogModuleManager: Shutting down and abandoning module StatsViewer (604)
[2019.01.26-23.43.17:267][655]LogModuleManager: Shutting down and abandoning module FoliageEdit (602)
[2019.01.26-23.43.17:267][655]LogModuleManager: Shutting down and abandoning module LandscapeEditor (600)
[2019.01.26-23.43.17:267][655]LogModuleManager: Shutting down and abandoning module MeshPaintMode (598)
[2019.01.26-23.43.17:267][655]LogModuleManager: Shutting down and abandoning module SceneDepthPickerMode (596)
[2019.01.26-23.43.17:267][655]LogModuleManager: Shutting down and abandoning module ActorPickerMode (594)
[2019.01.26-23.43.17:267][655]LogModuleManager: Shutting down and abandoning module GeometryMode (592)
[2019.01.26-23.43.17:267][655]LogModuleManager: Shutting down and abandoning module TextureAlignMode (590)
[2019.01.26-23.43.17:267][655]LogModuleManager: Shutting down and abandoning module BspMode (588)
[2019.01.26-23.43.17:267][655]LogModuleManager: Shutting down and abandoning module PIEPreviewDeviceProfileSelector (586)
[2019.01.26-23.43.17:267][655]LogModuleManager: Shutting down and abandoning module SequenceRecorderSections (584)
[2019.01.26-23.43.17:267][655]LogModuleManager: Shutting down and abandoning module AutomationWorker (582)
[2019.01.26-23.43.17:267][655]LogModuleManager: Shutting down and abandoning module AudioCaptureEditor (580)
[2019.01.26-23.43.17:267][655]LogModuleManager: Shutting down and abandoning module SequenceRecorder (579)
[2019.01.26-23.43.17:268][655]LogModuleManager: Shutting down and abandoning module MatineeToLevelSequence (576)
[2019.01.26-23.43.17:268][655]LogModuleManager: Shutting down and abandoning module LevelSequenceEditor (574)
[2019.01.26-23.43.17:268][655]LogModuleManager: Shutting down and abandoning module PlacementMode (573)
[2019.01.26-23.43.17:268][655]LogModuleManager: Shutting down and abandoning module MaterialEditor (572)
[2019.01.26-23.43.17:268][655]LogModuleManager: Shutting down and abandoning module WmfMediaFactory (568)
[2019.01.26-23.43.17:268][655]LogModuleManager: Shutting down and abandoning module WmfMediaEditor (566)
[2019.01.26-23.43.17:268][655]LogModuleManager: Shutting down and abandoning module MediaPlayerEditor (564)
[2019.01.26-23.43.17:268][655]LogModuleManager: Shutting down and abandoning module OpenExrWrapper (562)
[2019.01.26-23.43.17:268][655]LogModuleManager: Shutting down and abandoning module ImgMediaFactory (560)
[2019.01.26-23.43.17:268][655]LogModuleManager: Shutting down and abandoning module ImgMediaEditor (558)
[2019.01.26-23.43.17:268][655]LogModuleManager: Shutting down and abandoning module AvfMediaFactory (556)
[2019.01.26-23.43.17:268][655]LogModuleManager: Shutting down and abandoning module AvfMediaEditor (554)
[2019.01.26-23.43.17:268][655]LogModuleManager: Shutting down and abandoning module AndroidMediaFactory (552)
[2019.01.26-23.43.17:268][655]LogModuleManager: Shutting down and abandoning module AndroidMediaEditor (550)
[2019.01.26-23.43.17:268][655]LogModuleManager: Shutting down and abandoning module MagicLeapCameraPreviewFactory (548)
[2019.01.26-23.43.17:268][655]LogModuleManager: Shutting down and abandoning module MagicLeapMediaFactory (546)
[2019.01.26-23.43.17:268][655]LogModuleManager: Shutting down and abandoning module MagicLeapMediaEditor (544)
[2019.01.26-23.43.17:268][655]LogModuleManager: Shutting down and abandoning module CharacterAI (542)
[2019.01.26-23.43.17:268][655]LogModuleManager: Shutting down and abandoning module SmartSnapping (540)
[2019.01.26-23.43.17:268][655]LogModuleManager: Shutting down and abandoning module SessionServices (538)
[2019.01.26-23.43.17:268][655]LogModuleManager: Shutting down and abandoning module ViewportSnapping (536)
[2019.01.26-23.43.17:268][655]LogModuleManager: Shutting down and abandoning module ViewportInteraction (534)
[2019.01.26-23.43.17:269][655]LogModuleManager: Shutting down and abandoning module ClothPainter (532)
[2019.01.26-23.43.17:269][655]LogModuleManager: Shutting down and abandoning module SkeletalMeshEditor (531)
[2019.01.26-23.43.17:269][655]LogModuleManager: Shutting down and abandoning module LogVisualizer (528)
[2019.01.26-23.43.17:269][655]LogModuleManager: Shutting down and abandoning module IntroTutorials (526)
[2019.01.26-23.43.17:269][655]LogModuleManager: Shutting down and abandoning module GameProjectGeneration (525)
[2019.01.26-23.43.17:269][655]LogModuleManager: Shutting down and abandoning module LuminPlatformEditor (522)
[2019.01.26-23.43.17:269][655]LogModuleManager: Shutting down and abandoning module IOSPlatformEditor (520)
[2019.01.26-23.43.17:269][655]LogModuleManager: Shutting down and abandoning module HTML5PlatformEditor (518)
[2019.01.26-23.43.17:269][655]LogModuleManager: Shutting down and abandoning module AndroidPlatformEditor (516)
[2019.01.26-23.43.17:269][655]LogModuleManager: Shutting down and abandoning module AndroidDeviceDetection (515)
[2019.01.26-23.43.18:063][655]LogModuleManager: Shutting down and abandoning module WindowsPlatformEditor (512)
[2019.01.26-23.43.18:063][655]LogModuleManager: Shutting down and abandoning module LuminRuntimeSettings (510)
[2019.01.26-23.43.18:063][655]LogModuleManager: Shutting down and abandoning module IOSRuntimeSettings (508)
[2019.01.26-23.43.18:063][655]LogModuleManager: Shutting down and abandoning module AndroidRuntimeSettings (506)
[2019.01.26-23.43.18:063][655]LogModuleManager: Shutting down and abandoning module InputBindingEditor (504)
[2019.01.26-23.43.18:063][655]LogModuleManager: Shutting down and abandoning module MergeActors (502)
[2019.01.26-23.43.18:063][655]LogModuleManager: Shutting down and abandoning module LocalizationDashboard (500)
[2019.01.26-23.43.18:063][655]LogModuleManager: Shutting down and abandoning module LocalizationService (499)
[2019.01.26-23.43.18:063][655]LogModuleManager: Shutting down and abandoning module HardwareTargeting (496)
[2019.01.26-23.43.18:063][655]LogModuleManager: Shutting down and abandoning module DeviceProfileEditor (494)
[2019.01.26-23.43.18:063][655]LogModuleManager: Shutting down and abandoning module UndoHistory (492)
[2019.01.26-23.43.18:063][655]LogModuleManager: Shutting down and abandoning module XmlParser (490)
[2019.01.26-23.43.18:063][655]LogModuleManager: Shutting down and abandoning module Blutility (488)
[2019.01.26-23.43.18:063][655]LogModuleManager: Shutting down and abandoning module ProjectSettingsViewer (486)
[2019.01.26-23.43.18:064][655]LogModuleManager: Shutting down and abandoning module ProjectTargetPlatformEditor (485)
[2019.01.26-23.43.18:064][655]LogModuleManager: Shutting down and abandoning module EditorSettingsViewer (482)
[2019.01.26-23.43.18:064][655]LogModuleManager: Shutting down and abandoning module SettingsEditor (480)
[2019.01.26-23.43.18:064][655]LogModuleManager: Shutting down and abandoning module ProjectLauncher (478)
[2019.01.26-23.43.18:064][655]LogModuleManager: Shutting down and abandoning module SessionFrontend (476)
[2019.01.26-23.43.18:064][655]LogModuleManager: Shutting down and abandoning module ProfilerClient (474)
[2019.01.26-23.43.18:064][655]LogModuleManager: Shutting down and abandoning module DeviceManager (472)
[2019.01.26-23.43.18:064][655]LogModuleManager: Shutting down and abandoning module TargetDeviceServices (471)
[2019.01.26-23.43.18:130][655]LogModuleManager: Shutting down and abandoning module AutomationController (468)
[2019.01.26-23.43.18:130][655]LogModuleManager: Shutting down and abandoning module AutomationWindow (466)
[2019.01.26-23.43.18:130][655]LogModuleManager: Shutting down and abandoning module Layers (464)
[2019.01.26-23.43.18:130][655]LogModuleManager: Shutting down and abandoning module ComponentVisualizers (462)
[2019.01.26-23.43.18:130][655]LogModuleManager: Shutting down and abandoning module DetailCustomizations (460)
[2019.01.26-23.43.18:130][655]LogModuleManager: Shutting down and abandoning module PackagesDialog (458)
[2019.01.26-23.43.18:130][655]LogModuleManager: Shutting down and abandoning module Persona (456)
[2019.01.26-23.43.18:130][655]LogModuleManager: Shutting down and abandoning module AdvancedPreviewScene (455)
[2019.01.26-23.43.18:130][655]LogModuleManager: Shutting down and abandoning module AnimGraph (453)
[2019.01.26-23.43.18:130][655]LogModuleManager: Shutting down and abandoning module Kismet (450)
[2019.01.26-23.43.18:135][655]LogModuleManager: Shutting down and abandoning module GraphEditor (448)
[2019.01.26-23.43.18:135][655]LogModuleManager: Shutting down and abandoning module ClassViewer (446)
[2019.01.26-23.43.18:135][655]LogModuleManager: Shutting down and abandoning module Toolbox (444)
[2019.01.26-23.43.18:135][655]LogModuleManager: Shutting down and abandoning module DesktopPlatform (443)
[2019.01.26-23.43.18:135][655]LogModuleManager: Shutting down and abandoning module ModuleUI (440)
[2019.01.26-23.43.18:135][655]LogModuleManager: Shutting down and abandoning module MovieSceneTools (438)
[2019.01.26-23.43.18:136][655]LogModuleManager: Shutting down and abandoning module OutputLog (436)
[2019.01.26-23.43.18:136][655]LogModuleManager: Shutting down and abandoning module GammaUI (434)
[2019.01.26-23.43.18:136][655]LogModuleManager: Shutting down and abandoning module Documentation (432)
[2019.01.26-23.43.18:136][655]LogModuleManager: Shutting down and abandoning module MovieSceneTracks (430)
[2019.01.26-23.43.18:136][655]LogModuleManager: Shutting down and abandoning module MovieScene (428)
[2019.01.26-23.43.18:136][655]LogModuleManager: Shutting down and abandoning module StreamingPauseRendering (426)
[2019.01.26-23.43.18:136][655]LogModuleManager: Shutting down and abandoning module LauncherPlatform (424)
[2019.01.26-23.43.18:136][655]LogModuleManager: Shutting down and abandoning module AnalyticsET (422)
[2019.01.26-23.43.18:136][655]LogModuleManager: Shutting down and abandoning module PortalServices (420)
[2019.01.26-23.43.18:136][655]LogModuleManager: Shutting down and abandoning module PortalRpc (418)
[2019.01.26-23.43.18:136][655]LogModuleManager: Shutting down and abandoning module MessagingRpc (416)
[2019.01.26-23.43.18:136][655]LogModuleManager: Shutting down and abandoning module AIModule (414)
[2019.01.26-23.43.18:136][655]LogModuleManager: Shutting down and abandoning module GameplayDebugger (413)
[2019.01.26-23.43.18:136][655]LogModuleManager: Shutting down and abandoning module AITestSuite (411)
[2019.01.26-23.43.18:136][655]LogModuleManager: Shutting down and abandoning module NavigationSystem (409)
[2019.01.26-23.43.18:136][655]LogModuleManager: Shutting down and abandoning module ProfilerService (406)
[2019.01.26-23.43.18:161][655]LogModuleManager: Shutting down and abandoning module TaskGraph (404)
[2019.01.26-23.43.18:161][655]LogModuleManager: Shutting down and abandoning module SteamVRController (402)
[2019.01.26-23.43.18:161][655]LogModuleManager: Shutting down and abandoning module ProceduralMeshComponentEditor (400)
[2019.01.26-23.43.18:161][655]LogModuleManager: Shutting down and abandoning module ProceduralMeshComponent (398)
[2019.01.26-23.43.18:161][655]LogModuleManager: Shutting down and abandoning module OculusInput (396)
[2019.01.26-23.43.18:161][655]LogModuleManager: Shutting down and abandoning module MobilePatchingUtils (394)
[2019.01.26-23.43.18:161][655]LogModuleManager: Shutting down and abandoning module EditableMesh (392)
[2019.01.26-23.43.18:161][655]LogModuleManager: Shutting down and abandoning module CustomMeshComponent (390)
[2019.01.26-23.43.18:161][655]LogModuleManager: Shutting down and abandoning module CableComponent (388)
[2019.01.26-23.43.18:161][655]LogModuleManager: Shutting down and abandoning module AudioCapture (386)
[2019.01.26-23.43.18:161][655]LogModuleManager: Shutting down and abandoning module ArchVisCharacter (384)
[2019.01.26-23.43.18:161][655]LogModuleManager: Shutting down and abandoning module AndroidPermission (382)
[2019.01.26-23.43.18:161][655]LogModuleManager: Shutting down and abandoning module NUTUnrealEngine4 (380)
[2019.01.26-23.43.18:161][655]LogModuleManager: Shutting down and abandoning module NetcodeUnitTest (378)
[2019.01.26-23.43.18:162][655]LogModuleManager: Shutting down and abandoning module MediaCompositingEditor (376)
[2019.01.26-23.43.18:162][655]LogModuleManager: Shutting down and abandoning module MediaCompositing (374)
[2019.01.26-23.43.18:162][655]LogModuleManager: Shutting down and abandoning module LinearTimecode (372)
[2019.01.26-23.43.18:162][655]LogModuleManager: Shutting down and abandoning module ImgMedia (370)
[2019.01.26-23.43.18:165][655]LogModuleManager: Shutting down and abandoning module HTML5Networking (368)
[2019.01.26-23.43.18:165][655]LogModuleManager: Shutting down and abandoning module GeometryCacheTracks (366)
[2019.01.26-23.43.18:165][655]LogModuleManager: Shutting down and abandoning module GeometryCacheSequencer (364)
[2019.01.26-23.43.18:165][655]LogModuleManager: Shutting down and abandoning module BackChannel (362)
[2019.01.26-23.43.18:165][655]LogModuleManager: Shutting down and abandoning module AppleVision (360)
[2019.01.26-23.43.18:165][655]LogModuleManager: Shutting down and abandoning module AppleImageUtils (358)
[2019.01.26-23.43.18:165][655]LogModuleManager: Shutting down and abandoning module AlembicImporter (356)
[2019.01.26-23.43.18:165][655]LogModuleManager: Shutting down and abandoning module AlembicLibrary (355)
[2019.01.26-23.43.18:165][655]LogModuleManager: Shutting down and abandoning module GeometryCache (354)
[2019.01.26-23.43.18:165][655]LogModuleManager: Shutting down and abandoning module GeometryCacheEd (353)
[2019.01.26-23.43.18:165][655]LogModuleManager: Shutting down and abandoning module DatasmithContentEditor (348)
[2019.01.26-23.43.18:165][655]LogModuleManager: Shutting down and abandoning module DatasmithContent (346)
[2019.01.26-23.43.18:167][655]LogModuleManager: Shutting down and abandoning module SpeedTreeImporter (344)
[2019.01.26-23.43.18:167][655]LogModuleManager: Shutting down and abandoning module PluginBrowser (342)
[2019.01.26-23.43.18:167][655]LogModuleManager: Shutting down and abandoning module MobileLauncherProfileWizard (340)
[2019.01.26-23.43.18:167][655]LogModuleManager: Shutting down and abandoning module PolygonModeling (338)
[2019.01.26-23.43.18:167][655]LogModuleManager: Shutting down and abandoning module MeshEditor (336)
[2019.01.26-23.43.18:168][655]LogModuleManager: Shutting down and abandoning module CryptoKeysOpenSSL (334)
[2019.01.26-23.43.18:168][655]LogModuleManager: Shutting down and abandoning module CryptoKeys (332)
[2019.01.26-23.43.18:168][655]LogModuleManager: Shutting down and abandoning module VisualStudioSourceCodeAccess (330)
[2019.01.26-23.43.18:168][655]LogModuleManager: Shutting down and abandoning module VisualStudioCodeSourceCodeAccess (328)
[2019.01.26-23.43.18:168][655]LogModuleManager: Shutting down and abandoning module UObjectPlugin (326)
[2019.01.26-23.43.18:168][655]LogModuleManager: Shutting down and abandoning module SubversionSourceControl (324)
[2019.01.26-23.43.18:168][655]LogModuleManager: Shutting down and abandoning module PerforceSourceControl (322)
[2019.01.26-23.43.18:168][655]LogModuleManager: Shutting down and abandoning module GitSourceControl (320)
[2019.01.26-23.43.18:168][655]LogModuleManager: Shutting down and abandoning module SourceControl (319)
[2019.01.26-23.43.18:168][655]LogModuleManager: Shutting down and abandoning module CLionSourceCodeAccess (316)
[2019.01.26-23.43.18:168][655]LogModuleManager: Shutting down and abandoning module LightPropagationVolumeEditor (314)
[2019.01.26-23.43.18:168][655]LogModuleManager: Shutting down and abandoning module PaperTiledImporter (312)
[2019.01.26-23.43.18:168][655]LogModuleManager: Shutting down and abandoning module PaperSpriteSheetImporter (310)
[2019.01.26-23.43.18:168][655]LogModuleManager: Shutting down and abandoning module Paper2DEditor (308)
[2019.01.26-23.43.18:168][655]LogModuleManager: Shutting down and abandoning module MeshPaint (307)
[2019.01.26-23.43.18:168][655]LogModuleManager: Shutting down and abandoning module HomeIs (304)
[2019.01.26-23.43.18:168][655]LogModuleManager: Shutting down and abandoning module RuntimePhysXCooking (302)
[2019.01.26-23.43.18:168][655]LogModuleManager: Shutting down and abandoning module PhysXVehiclesEditor (300)
[2019.01.26-23.43.18:168][655]LogModuleManager: Shutting down and abandoning module PhysXVehicles (298)
[2019.01.26-23.43.18:168][655]LogModuleManager: Shutting down and abandoning module OculusEditor (296)
[2019.01.26-23.43.18:168][655]LogModuleManager: Shutting down and abandoning module LocationServicesBPLibrary (294)
[2019.01.26-23.43.18:168][655]LogModuleManager: Shutting down and abandoning module ImmediatePhysicsEditor (292)
[2019.01.26-23.43.18:169][655]LogModuleManager: Shutting down and abandoning module ImmediatePhysics (290)
[2019.01.26-23.43.18:169][655]LogModuleManager: Shutting down and abandoning module ApexDestructionEditor (288)
[2019.01.26-23.43.18:169][655]LogModuleManager: Shutting down and abandoning module ApexDestruction (286)
[2019.01.26-23.43.18:169][655]LogModuleManager: Shutting down and abandoning module ActorSequence (284)
[2019.01.26-23.43.18:169][655]LogModuleManager: Shutting down and abandoning module UdpMessaging (282)
[2019.01.26-23.43.18:270][655]LogModuleManager: Shutting down and abandoning module TcpMessaging (280)
[2019.01.26-23.43.18:371][655]LogModuleManager: Shutting down and abandoning module MagicLeapAudio (278)
[2019.01.26-23.43.18:371][655]LogModuleManager: Shutting down and abandoning module GameplayTagsEditor (276)
[2019.01.26-23.43.18:371][655]LogModuleManager: Shutting down and abandoning module FacialAnimationEditor (274)
[2019.01.26-23.43.18:371][655]LogModuleManager: Shutting down and abandoning module FacialAnimation (272)
[2019.01.26-23.43.18:371][655]LogModuleManager: Shutting down and abandoning module DataValidation (270)
[2019.01.26-23.43.18:371][655]LogModuleManager: Shutting down and abandoning module AssetManagerEditor (268)
[2019.01.26-23.43.18:371][655]LogModuleManager: Shutting down and abandoning module LevelEditor (267)
[2019.01.26-23.43.18:371][655]LogModuleManager: Shutting down and abandoning module PixelInspectorModule (266)
[2019.01.26-23.43.18:371][655]LogModuleManager: Shutting down and abandoning module CommonMenuExtensions (264)
[2019.01.26-23.43.18:372][655]LogModuleManager: Shutting down and abandoning module MainFrame (262)
[2019.01.26-23.43.18:372][655]LogModuleManager: Shutting down and abandoning module HotReload (261)
[2019.01.26-23.43.18:372][655]LogModuleManager: Shutting down and abandoning module ContentBrowser (257)
[2019.01.26-23.43.18:373][655]LogModuleManager: Shutting down and abandoning module TreeMap (255)
[2019.01.26-23.43.18:373][655]LogModuleManager: Shutting down and abandoning module LightPropagationVolumeRuntime (252)
[2019.01.26-23.43.18:373][655]LogModuleManager: Shutting down and abandoning module AISupportModule (250)
[2019.01.26-23.43.18:373][655]LogModuleManager: Shutting down and abandoning module Paper2D (248)
[2019.01.26-23.43.18:373][655]LogModuleManager: Shutting down and abandoning module WindowsMoviePlayer (246)
[2019.01.26-23.43.18:373][655]LogModuleManager: Shutting down and abandoning module WmfMedia (244)
[2019.01.26-23.43.18:374][655]LogModuleManager: Shutting down and abandoning module Media (243)
[2019.01.26-23.43.18:381][655]LogModuleManager: Shutting down and abandoning module PacketHandler (240)
[2019.01.26-23.43.18:381][655]LogModuleManager: Shutting down and abandoning module ClothingSystemEditor (238)
[2019.01.26-23.43.18:381][655]LogModuleManager: Shutting down and abandoning module ClothingSystemRuntime (236)
[2019.01.26-23.43.18:381][655]LogModuleManager: Shutting down and abandoning module MediaAssets (234)
[2019.01.26-23.43.18:381][655]LogModuleManager: Shutting down and abandoning module Overlay (232)
[2019.01.26-23.43.18:381][655]LogModuleManager: Shutting down and abandoning module OverlayEditor (231)
[2019.01.26-23.43.18:381][655]LogModuleManager: Shutting down and abandoning module VREditor (228)
[2019.01.26-23.43.18:381][655]LogModuleManager: Shutting down and abandoning module StringTableEditor (226)
[2019.01.26-23.43.18:381][655]LogModuleManager: Shutting down and abandoning module GameplayTasksEditor (224)
[2019.01.26-23.43.18:381][655]LogModuleManager: Shutting down and abandoning module BehaviorTreeEditor (222)
[2019.01.26-23.43.18:381][655]LogModuleManager: Shutting down and abandoning module FunctionalTesting (220)
[2019.01.26-23.43.18:381][655]LogModuleManager: Shutting down and abandoning module CollisionAnalyzer (218)
[2019.01.26-23.43.18:381][655]LogModuleManager: Shutting down and abandoning module WorkspaceMenuStructure (217)
[2019.01.26-23.43.18:381][655]LogModuleManager: Shutting down and abandoning module UMG (214)
[2019.01.26-23.43.18:381][655]LogModuleManager: Shutting down and abandoning module UMGEditor (213)
[2019.01.26-23.43.18:381][655]LogModuleManager: Shutting down and abandoning module Sequencer (212)
[2019.01.26-23.43.18:381][655]LogModuleManager: Shutting down and abandoning module MessageLog (209)
[2019.01.26-23.43.18:382][655]LogModuleManager: Shutting down and abandoning module SlateReflector (204)
[2019.01.26-23.43.18:382][655]LogModuleManager: Shutting down and abandoning module Slate (202)
[2019.01.26-23.43.18:382][655]LogModuleManager: Shutting down and abandoning module EditorStyle (200)
[2019.01.26-23.43.18:383][655]LogModuleManager: Shutting down and abandoning module MRMesh (198)
[2019.01.26-23.43.18:383][655]LogModuleManager: Shutting down and abandoning module SourceCodeAccess (196)
[2019.01.26-23.43.18:383][655]LogModuleManager: Shutting down and abandoning module HeadMountedDisplay (194)
[2019.01.26-23.43.18:383][655]LogModuleManager: Shutting down and abandoning module XAudio2 (192)
[2019.01.26-23.43.18:383][655]LogModuleManager: Shutting down and abandoning module Networking (190)
[2019.01.26-23.43.18:383][655]LogModuleManager: Shutting down and abandoning module Core (188)
[2019.01.26-23.43.18:383][655]LogModuleManager: Shutting down and abandoning module LevelSequence (186)
[2019.01.26-23.43.18:383][655]LogModuleManager: Shutting down and abandoning module KismetCompiler (184)
[2019.01.26-23.43.18:383][655]LogModuleManager: Shutting down and abandoning module MeshUtilities (182)
[2019.01.26-23.43.18:383][655]LogModuleManager: Shutting down and abandoning module MeshMergeUtilities (181)
[2019.01.26-23.43.18:383][655]LogModuleManager: Shutting down and abandoning module MeshReductionInterface (180)
[2019.01.26-23.43.18:383][655]LogModuleManager: Shutting down and abandoning module SimplygonSwarm (179)
[2019.01.26-23.43.18:383][655]LogModuleManager: Shutting down and abandoning module ProxyLODMeshReduction (177)
[2019.01.26-23.43.18:383][655]LogModuleManager: Shutting down and abandoning module SimplygonMeshReduction (175)
[2019.01.26-23.43.18:383][655]LogModuleManager: Shutting down and abandoning module QuadricMeshReduction (173)
[2019.01.26-23.43.18:383][655]LogModuleManager: Shutting down and abandoning module MaterialBaking (169)
[2019.01.26-23.43.18:383][655]LogModuleManager: Shutting down and abandoning module DirectoryWatcher (165)
[2019.01.26-23.43.18:383][655]LogModuleManager: Shutting down and abandoning module DerivedDataCache (162)
[2019.01.26-23.43.18:404][655]LogDerivedDataCache: Shutdown
[2019.01.26-23.43.18:404][655]LogModuleManager: Shutting down and abandoning module XGEController (160)
[2019.01.26-23.43.18:404][655]LogModuleManager: Shutting down and abandoning module TargetPlatform (158)
[2019.01.26-23.43.18:404][655]LogModuleManager: Shutting down and abandoning module VulkanShaderFormat (157)
[2019.01.26-23.43.18:404][655]LogModuleManager: Shutting down and abandoning module ShaderFormatVectorVM (155)
[2019.01.26-23.43.18:404][655]LogModuleManager: Shutting down and abandoning module ShaderFormatOpenGL (153)
[2019.01.26-23.43.18:404][655]LogModuleManager: Shutting down and abandoning module ShaderFormatD3D (151)
[2019.01.26-23.43.18:404][655]LogModuleManager: Shutting down and abandoning module MetalShaderFormat (149)
[2019.01.26-23.43.18:404][655]LogModuleManager: Shutting down and abandoning module TextureFormatUncompressed (147)
[2019.01.26-23.43.18:404][655]LogModuleManager: Shutting down and abandoning module TextureFormatPVR (145)
[2019.01.26-23.43.18:404][655]LogModuleManager: Shutting down and abandoning module TextureFormatDXT (143)
[2019.01.26-23.43.18:404][655]LogModuleManager: Shutting down and abandoning module TextureFormatIntelISPCTexComp (141)
[2019.01.26-23.43.18:405][655]LogModuleManager: Shutting down and abandoning module TextureFormatASTC (139)
[2019.01.26-23.43.18:405][655]LogModuleManager: Shutting down and abandoning module ImageWrapper (138)
[2019.01.26-23.43.18:405][655]LogModuleManager: Shutting down and abandoning module TextureFormatAndroid (135)
[2019.01.26-23.43.18:405][655]LogModuleManager: Shutting down and abandoning module AudioFormatOpus (133)
[2019.01.26-23.43.18:405][655]LogModuleManager: Shutting down and abandoning module AudioFormatOgg (131)
[2019.01.26-23.43.18:405][655]LogModuleManager: Shutting down and abandoning module AudioFormatADPCM (129)
[2019.01.26-23.43.18:405][655]LogModuleManager: Shutting down and abandoning module LuminTargetPlatform (127)
[2019.01.26-23.43.18:405][655]LogModuleManager: Shutting down and abandoning module LinuxTargetPlatform (125)
[2019.01.26-23.43.18:405][655]LogModuleManager: Shutting down and abandoning module LinuxServerTargetPlatform (123)
[2019.01.26-23.43.18:405][655]LogModuleManager: Shutting down and abandoning module LinuxNoEditorTargetPlatform (121)
[2019.01.26-23.43.18:405][655]LogModuleManager: Shutting down and abandoning module LinuxClientTargetPlatform (119)
[2019.01.26-23.43.18:405][655]LogModuleManager: Shutting down and abandoning module TVOSTargetPlatform (117)
[2019.01.26-23.43.18:406][655]LogModuleManager: Shutting down and abandoning module Messaging (115)
[2019.01.26-23.43.18:406][655]LogModuleManager: Shutting down and abandoning module IOSTargetPlatform (113)
[2019.01.26-23.43.18:406][655]LogModuleManager: Shutting down and abandoning module HTML5TargetPlatform (111)
[2019.01.26-23.43.18:406][655]LogModuleManager: Shutting down and abandoning module AndroidTargetPlatform (109)
[2019.01.26-23.43.18:413][655]LogModuleManager: Shutting down and abandoning module WindowsTargetPlatform (107)
[2019.01.26-23.43.18:413][655]LogModuleManager: Shutting down and abandoning module WindowsServerTargetPlatform (105)
[2019.01.26-23.43.18:413][655]LogModuleManager: Shutting down and abandoning module WindowsNoEditorTargetPlatform (103)
[2019.01.26-23.43.18:413][655]LogModuleManager: Shutting down and abandoning module WindowsClientTargetPlatform (101)
[2019.01.26-23.43.18:413][655]LogModuleManager: Shutting down and abandoning module MacTargetPlatform (99)
[2019.01.26-23.43.18:413][655]LogModuleManager: Shutting down and abandoning module MacServerTargetPlatform (97)
[2019.01.26-23.43.18:413][655]LogModuleManager: Shutting down and abandoning module MacNoEditorTargetPlatform (95)
[2019.01.26-23.43.18:413][655]LogModuleManager: Shutting down and abandoning module MacClientTargetPlatform (93)
[2019.01.26-23.43.18:413][655]LogModuleManager: Shutting down and abandoning module AllDesktopTargetPlatform (91)
[2019.01.26-23.43.18:413][655]LogModuleManager: Shutting down and abandoning module InputCore (88)
[2019.01.26-23.43.18:414][655]LogModuleManager: Shutting down and abandoning module Settings (86)
[2019.01.26-23.43.18:414][655]LogModuleManager: Shutting down and abandoning module PhysXCooking (84)
[2019.01.26-23.43.18:414][655]LogModuleManager: Shutting down and abandoning module SteamVR (82)
[2019.01.26-23.43.18:414][655]LogModuleManager: Shutting down and abandoning module OculusHMD (80)
[2019.01.26-23.43.18:414][655]LogModuleManager: Shutting down and abandoning module ExampleDeviceProfileSelector (78)
[2019.01.26-23.43.18:414][655]LogModuleManager: Shutting down and abandoning module LauncherChunkInstaller (76)
[2019.01.26-23.43.18:414][655]LogModuleManager: Shutting down and abandoning module OnlineBlueprintSupport (74)
[2019.01.26-23.43.18:414][655]LogModuleManager: Shutting down and abandoning module OnlineSubsystem (70)
[2019.01.26-23.43.18:414][655]LogModuleManager: Shutting down and abandoning module XMPP (65)
[2019.01.26-23.43.18:414][655]LogModuleManager: Shutting down and abandoning module WebSockets (64)
[2019.01.26-23.43.18:417][655]LogModuleManager: Shutting down and abandoning module HTTP (61)
[2019.01.26-23.43.18:418][655]LogHttp: Display: Http module shutting down, but needs to wait on 1 outstanding Http requests:
[2019.01.26-23.43.18:418][655]LogHttp: Display: 	verb=[POST] url=[https://datarouter.ol.epicgames.com/datarouter/api/v1/public/data?SessionID=%7BB0970CAA-4DF4-1F82-BFA3-92A94182019D%7D&AppID=UEEditor.Rocket.Release&AppVersion=4.20.3-4369336%2B%2B%2BUE4%2BRelease-4.20&UserID=6dec31894bbf581511f58d98b5e70936%7C%7C0d7677bb-236e-4441-8b5c-6fcde9bdc990&AppEnvironment=datacollector-binary&UploadType=eteventstream] status=Processing
[2019.01.26-23.43.18:430][655]LogModuleManager: Shutting down and abandoning module SSL (60)
[2019.01.26-23.43.18:431][655]LogModuleManager: Shutting down and abandoning module MagicLeapEmulator (56)
[2019.01.26-23.43.18:431][655]LogModuleManager: Shutting down and abandoning module MagicLeapPrivileges (54)
[2019.01.26-23.43.18:431][655]LogModuleManager: Shutting down and abandoning module MagicLeapIdentity (52)
[2019.01.26-23.43.18:431][655]LogModuleManager: Shutting down and abandoning module MagicLeapHelperVulkan (50)
[2019.01.26-23.43.18:431][655]LogModuleManager: Shutting down and abandoning module MagicLeapHelperOpenGL (48)
[2019.01.26-23.43.18:431][655]LogModuleManager: Shutting down and abandoning module MagicLeapSecureStorage (46)
[2019.01.26-23.43.18:431][655]LogModuleManager: Shutting down and abandoning module MagicLeapGestures (44)
[2019.01.26-23.43.18:432][655]LogModuleManager: Shutting down and abandoning module MagicLeapEyeTracker (42)
[2019.01.26-23.43.18:432][655]LogModuleManager: Shutting down and abandoning module MagicLeapController (40)
[2019.01.26-23.43.18:432][655]LogSlate: Slate User Destroyed.  User Index 0, Is Virtual User: 0
[2019.01.26-23.43.18:432][655]LogModuleManager: Shutting down and abandoning module MagicLeap (38)
[2019.01.26-23.43.18:432][655]LogModuleManager: Shutting down and abandoning module AnimationModifiers (36)
[2019.01.26-23.43.18:432][655]LogModuleManager: Shutting down and abandoning module PropertyEditor (35)
[2019.01.26-23.43.18:432][655]LogModuleManager: Shutting down and abandoning module AudioEditor (32)
[2019.01.26-23.43.18:432][655]LogModuleManager: Shutting down and abandoning module TextureCompressor (30)
[2019.01.26-23.43.18:432][655]LogModuleManager: Shutting down and abandoning module ShaderCore (28)
[2019.01.26-23.43.18:432][655]LogModuleManager: Shutting down and abandoning module Landscape (26)
[2019.01.26-23.43.18:432][655]LogModuleManager: Shutting down and abandoning module SlateRHIRenderer (24)
[2019.01.26-23.43.18:433][655]LogModuleManager: Shutting down and abandoning module OpenGLDrv (22)
[2019.01.26-23.43.18:433][655]LogModuleManager: Shutting down and abandoning module D3D11RHI (20)
[2019.01.26-23.43.18:433][655]LogModuleManager: Shutting down and abandoning module AnimGraphRuntime (18)
[2019.01.26-23.43.18:433][655]LogModuleManager: Shutting down and abandoning module Renderer (16)
[2019.01.26-23.43.18:433][655]LogModuleManager: Shutting down and abandoning module Engine (14)
[2019.01.26-23.43.18:433][655]LogModuleManager: Shutting down and abandoning module CoreUObject (12)
[2019.01.26-23.43.18:433][655]LogModuleManager: Shutting down and abandoning module NetworkFile (10)
[2019.01.26-23.43.18:433][655]LogModuleManager: Shutting down and abandoning module CookedIterativeFile (8)
[2019.01.26-23.43.18:433][655]LogModuleManager: Shutting down and abandoning module StreamingFile (6)
[2019.01.26-23.43.18:433][655]LogModuleManager: Shutting down and abandoning module SandboxFile (4)
[2019.01.26-23.43.18:433][655]LogModuleManager: Shutting down and abandoning module PakFile (2)
[2019.01.26-23.43.18:439][655]LogExit: Exiting.
[2019.01.26-23.43.18:472][655]Log file closed, 01/26/19 23:43:18
