Log file open, 01/27/19 01:20:19
LogWindows: Failed to load 'aqProf.dll' (GetLastError=126)
LogWindows: File 'aqProf.dll' does not exist
LogWindows: Failed to load 'VSPerf140.dll' (GetLastError=126)
LogWindows: File 'VSPerf140.dll' does not exist
LogWindows: Failed to load 'VtuneApi.dll' (GetLastError=126)
LogWindows: File 'VtuneApi.dll' does not exist
LogWindows: Failed to load 'VtuneApi32e.dll' (GetLastError=126)
LogWindows: File 'VtuneApi32e.dll' does not exist
LogInit: Display: Running engine for game: HomeIs
LogPlatformFile: Not using cached read wrapper
LogTaskGraph: Started task graph with 5 named threads and 23 total threads with 3 sets of task threads.
LogStats: Stats thread started at 0.479618
LogD3D11RHI: Loaded GFSDK_Aftermath_Lib.x64.dll
LogICUInternationalization: Display: ICU TimeZone Detection - Raw Offset: +0:00, Platform Override: ''
LogPluginManager: Mounting plugin Paper2D
LogPluginManager: Mounting plugin AISupport
LogPluginManager: Mounting plugin LightPropagationVolume
LogPluginManager: Mounting plugin CLionSourceCodeAccess
LogPluginManager: Mounting plugin CodeLiteSourceCodeAccess
LogPluginManager: Mounting plugin GitSourceControl
LogPluginManager: Mounting plugin KDevelopSourceCodeAccess
LogPluginManager: Mounting plugin NullSourceCodeAccess
LogPluginManager: Mounting plugin PerforceSourceControl
LogPluginManager: Mounting plugin SubversionSourceControl
LogPluginManager: Mounting plugin UObjectPlugin
LogPluginManager: Mounting plugin VisualStudioCodeSourceCodeAccess
LogPluginManager: Mounting plugin VisualStudioSourceCodeAccess
LogPluginManager: Mounting plugin XCodeSourceCodeAccess
LogPluginManager: Mounting plugin AssetManagerEditor
LogPluginManager: Mounting plugin CryptoKeys
LogPluginManager: Mounting plugin DataValidation
LogPluginManager: Mounting plugin FacialAnimation
LogPluginManager: Mounting plugin GameplayTagsEditor
LogPluginManager: Mounting plugin MacGraphicsSwitching
LogPluginManager: Mounting plugin MeshEditor
LogPluginManager: Mounting plugin MobileLauncherProfileWizard
LogPluginManager: Mounting plugin PluginBrowser
LogPluginManager: Mounting plugin SpeedTreeImporter
LogPluginManager: Mounting plugin DatasmithContent
LogPluginManager: Mounting plugin AlembicImporter
LogPluginManager: Mounting plugin AppleImageUtils
LogPluginManager: Mounting plugin AppleVision
LogPluginManager: Mounting plugin BackChannel
LogPluginManager: Mounting plugin CharacterAI
LogPluginManager: Mounting plugin GeometryCache
LogPluginManager: Mounting plugin HTML5Networking
LogPluginManager: Mounting plugin ProxyLODPlugin
LogPluginManager: Mounting plugin MagicLeap
LogPluginManager: Mounting plugin MagicLeapEmulator
LogPluginManager: Mounting plugin MagicLeapMedia
LogPluginManager: Mounting plugin AndroidMedia
LogPluginManager: Mounting plugin AvfMedia
LogPluginManager: Mounting plugin ImgMedia
LogPluginManager: Mounting plugin LinearTimecode
LogPluginManager: Mounting plugin MediaCompositing
LogPluginManager: Mounting plugin MediaPlayerEditor
LogPluginManager: Mounting plugin WmfMedia
LogPluginManager: Mounting plugin TcpMessaging
LogPluginManager: Mounting plugin UdpMessaging
LogPluginManager: Mounting plugin ActorSequence
LogPluginManager: Mounting plugin LevelSequenceEditor
LogPluginManager: Mounting plugin MatineeToLevelSequence
LogPluginManager: Mounting plugin NetcodeUnitTest
LogPluginManager: Mounting plugin NUTUnrealEngine4
LogPluginManager: Mounting plugin OnlineSubsystemGooglePlay
LogPluginManager: Mounting plugin OnlineSubsystemIOS
LogPluginManager: Mounting plugin OnlineSubsystem
LogPluginManager: Mounting plugin OnlineSubsystemNull
LogPluginManager: Mounting plugin OnlineSubsystemUtils
LogPluginManager: Mounting plugin LauncherChunkInstaller
LogPluginManager: Mounting plugin AndroidDeviceProfileSelector
LogPluginManager: Mounting plugin AndroidMoviePlayer
LogPluginManager: Mounting plugin AndroidPermission
LogPluginManager: Mounting plugin ApexDestruction
LogPluginManager: Mounting plugin AppleMoviePlayer
LogPluginManager: Mounting plugin ArchVisCharacter
LogPluginManager: Mounting plugin AudioCapture
LogPluginManager: Mounting plugin CableComponent
LogPluginManager: Mounting plugin CustomMeshComponent
LogPluginManager: Mounting plugin EditableMesh
LogPluginManager: Mounting plugin ExampleDeviceProfileSelector
LogPluginManager: Mounting plugin GoogleCloudMessaging
LogPluginManager: Mounting plugin ImmediatePhysics
LogPluginManager: Mounting plugin IOSDeviceProfileSelector
LogPluginManager: Mounting plugin LinuxDeviceProfileSelector
LogPluginManager: Mounting plugin LocationServicesBPLibrary
LogPluginManager: Mounting plugin MobilePatchingUtils
LogPluginManager: Mounting plugin OculusVR
LogPluginManager: Plugin shader directory ../../../Engine/Plugins/Runtime/Oculus/OculusVR/Shaders found
LogPluginManager: Mapping shader source directory ../../../Engine/Plugins/Runtime/Oculus/OculusVR/Shaders to virtual directory /Plugin/OculusVR
LogPluginManager: Mounting plugin PhysXVehicles
LogPluginManager: Mounting plugin ProceduralMeshComponent
LogPluginManager: Mounting plugin RuntimePhysXCooking
LogPluginManager: Mounting plugin SteamVR
LogPluginManager: Mounting plugin WindowsMoviePlayer
LogStreaming: Display: Took  0.534s to configure plugins.
LogInit: Using libcurl 7.55.1-DEV
LogInit:  - built for x86_64-pc-win32
LogInit:  - supports SSL with OpenSSL/1.0.2h
LogInit:  - supports HTTP deflate (compression) using libz 1.2.8
LogInit:  - other features:
LogInit:      CURL_VERSION_SSL
LogInit:      CURL_VERSION_LIBZ
LogInit:      CURL_VERSION_IPV6
LogInit:      CURL_VERSION_ASYNCHDNS
LogInit:      CURL_VERSION_LARGEFILE
LogInit:      CURL_VERSION_IDN
LogInit:  CurlRequestOptions (configurable via config and command line):
LogInit:  - bVerifyPeer = false  - Libcurl will NOT verify peer certificate
LogInit:  - bUseHttpProxy = false  - Libcurl will NOT use HTTP proxy
LogInit:  - bDontReuseConnections = false  - Libcurl will reuse connections
LogInit:  - CertBundlePath = nullptr  - Libcurl will use whatever was configured at build time.
LogInit:  - MaxHostConnections = 16  - Libcurl will limit the number of connections to a host
LogInit:  - LocalHostAddr = Default
LogInit:  - BufferSize = 65536
LogInit: WinSock: version 1.1 (2.2), MaxSocks=32767, MaxUdp=65467
LogInit: Build: ++UE4+Release-4.20-CL-4369336
LogInit: Engine Version: 4.20.3-4369336+++UE4+Release-4.20
LogInit: Compatible Engine Version: 4.20.0-4212847+++UE4+Release-4.20
LogInit: Net CL: 4212847
LogInit: OS: Windows 10 (), CPU: Intel(R) Xeon(R) CPU E5-1620 v3 @ 3.50GHz, GPU: NVIDIA GeForce GTX 970
LogInit: Compiled (64-bit): Sep 17 2018 12:26:19
LogInit: Compiled with Visual C++: 19.13.26129.00
LogInit: Build Configuration: Development
LogInit: Branch Name: ++UE4+Release-4.20
LogInit: Command Line:  -skipcompile
LogInit: Base Directory: C:/Epic/UE4/UE_4.20/Engine/Binaries/Win64/
LogInit: Installed Engine Build: 1
LogDevObjectVersion: Number of dev versions registered: 20
LogDevObjectVersion:   Dev-Blueprints (B0D832E4-1F89-4F0D-ACCF-7EB736FD4AA2): 10
LogDevObjectVersion:   Dev-Build (E1C64328-A22C-4D53-A36C-8E866417BD8C): 0
LogDevObjectVersion:   Dev-Core (375EC13C-06E4-48FB-B500-84F0262A717E): 2
LogDevObjectVersion:   Dev-Editor (E4B068ED-F494-42E9-A231-DA0B2E46BB41): 24
LogDevObjectVersion:   Dev-Framework (CFFC743F-43B0-4480-9391-14DF171D2073): 34
LogDevObjectVersion:   Dev-Mobile (B02B49B5-BB20-44E9-A304-32B752E40360): 2
LogDevObjectVersion:   Dev-Networking (A4E4105C-59A1-49B5-A7C5-40C4547EDFEE): 0
LogDevObjectVersion:   Dev-Online (39C831C9-5AE6-47DC-9A44-9C173E1C8E7C): 0
LogDevObjectVersion:   Dev-Physics (78F01B33-EBEA-4F98-B9B4-84EACCB95AA2): 0
LogDevObjectVersion:   Dev-Platform (6631380F-2D4D-43E0-8009-CF276956A95A): 0
LogDevObjectVersion:   Dev-Rendering (12F88B9F-8875-4AFC-A67C-D90C383ABD29): 26
LogDevObjectVersion:   Dev-Sequencer (7B5AE74C-D270-4C10-A958-57980B212A5A): 9
LogDevObjectVersion:   Dev-VR (D7296918-1DD6-4BDD-9DE2-64A83CC13884): 2
LogDevObjectVersion:   Dev-LoadTimes (C2A15278-BFE7-4AFE-6C17-90FF531DF755): 1
LogDevObjectVersion:   Private-Geometry (6EACA3D4-40EC-4CC1-B786-8BED09428FC5): 3
LogDevObjectVersion:   Dev-AnimPhys (29E575DD-E0A3-4627-9D10-D276232CDCEA): 17
LogDevObjectVersion:   Dev-ReflectionCapture (6B266CEC-1EC7-4B8F-A30B-E4D90942FC07): 1
LogDevObjectVersion:   Dev-Automation (0DF73D61-A23F-47EA-B727-89E90C41499A): 1
LogDevObjectVersion:   FortniteMain (601D1886-AC64-4F84-AA16-D3DE0DEAC7D6): 12
LogDevObjectVersion:   Dev-Enterprise (9DFFBCD6-494F-0158-E221-12823C92A888): 1
LogStreaming: Display: Took  0.021s to delete old logs.
LogLinker: Error: AddRedirectList(C:/Users/r017093h/Documents/HomeIs/HomeIs/Saved/Config/Windows/Engine.ini) found conflicting redirectors for TP_FirstPerson! Old: /Script/MyProject2.TP_FirstPerson, New: /Script/HomeIs.TP_FirstPerson
LogLinker: Error: AddRedirectList(C:/Users/r017093h/Documents/HomeIs/HomeIs/Saved/Config/Windows/Engine.ini) found conflicting redirectors for /Script/TP_FirstPerson! Old: /Script/MyProject2, New: /Script/HomeIs
LogLinker: Error: AddRedirectList(C:/Users/r017093h/Documents/HomeIs/HomeIs/Saved/Config/Windows/Engine.ini) found conflicting redirectors for TP_FirstPersonProjectile! Old: MyProject2Projectile, New: HomeIsProjectile
LogLinker: Error: AddRedirectList(C:/Users/r017093h/Documents/HomeIs/HomeIs/Saved/Config/Windows/Engine.ini) found conflicting redirectors for TP_FirstPersonProjectile! Old: MyProject2Projectile, New: HomeIsProjectile
LogLinker: Error: AddRedirectList(C:/Users/r017093h/Documents/HomeIs/HomeIs/Saved/Config/Windows/Engine.ini) found conflicting redirectors for TP_FirstPersonHUD! Old: MyProject2HUD, New: HomeIsHUD
LogLinker: Error: AddRedirectList(C:/Users/r017093h/Documents/HomeIs/HomeIs/Saved/Config/Windows/Engine.ini) found conflicting redirectors for TP_FirstPersonHUD! Old: MyProject2HUD, New: HomeIsHUD
LogLinker: Error: AddRedirectList(C:/Users/r017093h/Documents/HomeIs/HomeIs/Saved/Config/Windows/Engine.ini) found conflicting redirectors for TP_FirstPersonGameMode! Old: MyProject2GameMode, New: HomeIsGameMode
LogLinker: Error: AddRedirectList(C:/Users/r017093h/Documents/HomeIs/HomeIs/Saved/Config/Windows/Engine.ini) found conflicting redirectors for TP_FirstPersonGameMode! Old: MyProject2GameMode, New: HomeIsGameMode
LogLinker: Error: AddRedirectList(C:/Users/r017093h/Documents/HomeIs/HomeIs/Saved/Config/Windows/Engine.ini) found conflicting redirectors for TP_FirstPersonCharacter! Old: MyProject2Character, New: HomeIsCharacter
LogLinker: Error: AddRedirectList(C:/Users/r017093h/Documents/HomeIs/HomeIs/Saved/Config/Windows/Engine.ini) found conflicting redirectors for TP_FirstPersonCharacter! Old: MyProject2Character, New: HomeIsCharacter
LogInit: Presizing for max 8388607 objects, including 0 objects not considered by GC, pre-allocating 0 bytes for permanent pool.
LogInit: Object subsystem initialized
[2019.01.27-01.20.20:027][  0]LogInit: Selected Device Profile: [Windows]
[2019.01.27-01.20.20:028][  0]LogInit: Applying CVar settings loaded from the selected device profile: [Windows]
[2019.01.27-01.20.20:058][  0]LogHAL: Display: Platform has ~ 16 GB [17092038656 / 17179869184 / 16], which maps to Larger [LargestMinGB=32, LargerMinGB=12, DefaultMinGB=8, SmallerMinGB=6, SmallestMinGB=0)
[2019.01.27-01.20.20:058][  0]LogInit: Setting Device Profile CVar: [[r.Vulkan.UseRealUBs:1]]
[2019.01.27-01.20.20:058][  0]LogInit: Going up to parent DeviceProfile []
[2019.01.27-01.20.20:059][  0]LogInit: Computer: D102-13
[2019.01.27-01.20.20:059][  0]LogInit: User: r017093h
[2019.01.27-01.20.20:059][  0]LogInit: CPU Page size=4096, Cores=4
[2019.01.27-01.20.20:059][  0]LogInit: High frequency timer resolution =3.410069 MHz
[2019.01.27-01.20.20:059][  0]LogMemory: Memory total: Physical=15.9GB (16GB approx)
[2019.01.27-01.20.20:060][  0]LogMemory: Platform Memory Stats for Windows
[2019.01.27-01.20.20:060][  0]LogMemory: Process Physical Memory: 101.32 MB used, 101.32 MB peak
[2019.01.27-01.20.20:060][  0]LogMemory: Process Virtual Memory: 89.44 MB used, 89.44 MB peak
[2019.01.27-01.20.20:060][  0]LogMemory: Physical Memory: 6359.21 MB used,  9941.02 MB free, 16300.24 MB total
[2019.01.27-01.20.20:060][  0]LogMemory: Virtual Memory: 4638.79 MB used,  9941.02 MB free, 134217728.00 MB total
[2019.01.27-01.20.20:193][  0]LogInit: Using OS detected language (en-US).
[2019.01.27-01.20.20:193][  0]LogInit: Using OS detected locale (en-GB).
[2019.01.27-01.20.20:194][  0]LogTextLocalizationManager: No specific localization for 'en-US' exists, so the 'en' localization will be used.
[2019.01.27-01.20.20:612][  0]LogStreaming: Display: Took  0.421s to InitEngineTextLocalization.
[2019.01.27-01.20.20:613][  0]LogInit: Setting process to per monitor DPI aware
[2019.01.27-01.20.20:675][  0]LogSlate: New Slate User Created.  User Index 0, Is Virtual User: 0
[2019.01.27-01.20.20:675][  0]LogSlate: Slate User Registered.  User Index 0, Is Virtual User: 0
[2019.01.27-01.20.21:037][  0]LogHMD: Failed to initialize OpenVR with code 110
[2019.01.27-01.20.21:038][  0]LogD3D11RHI: D3D11 adapters:
[2019.01.27-01.20.21:148][  0]LogD3D11RHI:    0. 'NVIDIA GeForce GTX 970' (Feature Level 11_0)
[2019.01.27-01.20.21:148][  0]LogD3D11RHI:       4043/0/8150 MB DedicatedVideo/DedicatedSystem/SharedSystem, Outputs:2, VendorId:0x10de
[2019.01.27-01.20.21:155][  0]LogD3D11RHI:    1. 'Microsoft Basic Render Driver' (Feature Level 11_0)
[2019.01.27-01.20.21:155][  0]LogD3D11RHI:       0/0/8150 MB DedicatedVideo/DedicatedSystem/SharedSystem, Outputs:0, VendorId:0x1414
[2019.01.27-01.20.21:155][  0]LogD3D11RHI: Chosen D3D11 Adapter: 0
[2019.01.27-01.20.21:165][  0]LogD3D11RHI: Creating new Direct3DDevice
[2019.01.27-01.20.21:165][  0]LogD3D11RHI:     GPU DeviceId: 0x13c2 (for the marketing name, search the web for "GPU Device Id")
[2019.01.27-01.20.21:165][  0]LogWindows: EnumDisplayDevices:
[2019.01.27-01.20.21:165][  0]LogWindows:    0. 'NVIDIA GeForce GTX 970' (P:1 D:1)
[2019.01.27-01.20.21:166][  0]LogWindows:    1. 'NVIDIA GeForce GTX 970' (P:0 D:1)
[2019.01.27-01.20.21:166][  0]LogWindows:    2. 'NVIDIA GeForce GTX 970' (P:0 D:0)
[2019.01.27-01.20.21:167][  0]LogWindows:    3. 'NVIDIA GeForce GTX 970' (P:0 D:0)
[2019.01.27-01.20.21:167][  0]LogWindows: DebugString: FoundDriverCount:4 
[2019.01.27-01.20.21:167][  0]LogD3D11RHI:     Adapter Name: NVIDIA GeForce GTX 970
[2019.01.27-01.20.21:167][  0]LogD3D11RHI:   Driver Version: 398.82 (internal:24.21.13.9882, unified:398.82)
[2019.01.27-01.20.21:168][  0]LogD3D11RHI:      Driver Date: 7-30-2018
[2019.01.27-01.20.21:168][  0]LogRHI: Texture pool is 2830 MB (70% of 4043 MB)
[2019.01.27-01.20.21:223][  0]LogD3D11RHI: Async texture creation enabled
[2019.01.27-01.20.21:241][  0]LogD3D11RHI: GPU Timing Frequency: 1000.000000 (Debug: 2 2)
[2019.01.27-01.20.21:245][  0]LogShaderCompilers: Guid format shader working directory is -8 characters bigger than the processId version (../../../../../../Users/r017093h/Documents/HomeIs/HomeIs/Intermediate/Shaders/WorkingDirectory/14092/).
[2019.01.27-01.20.21:245][  0]LogShaderCompilers: Cleaned the shader compiler working directory 'C:/Users/r017093h/AppData/Local/Temp/UnrealShaderWorkingDir/A054782B4030B8D172FF12984031A025/'.
[2019.01.27-01.20.21:637][  0]LogTemp: Display: Loaded TP AllDesktopTargetPlatform
[2019.01.27-01.20.21:667][  0]LogTemp: Display: Loaded TP MacClientTargetPlatform
[2019.01.27-01.20.21:688][  0]LogTemp: Display: Loaded TP MacNoEditorTargetPlatform
[2019.01.27-01.20.21:708][  0]LogTemp: Display: Loaded TP MacServerTargetPlatform
[2019.01.27-01.20.21:730][  0]LogTemp: Display: Loaded TP MacTargetPlatform
[2019.01.27-01.20.21:757][  0]LogTemp: Display: Loaded TP WindowsClientTargetPlatform
[2019.01.27-01.20.21:782][  0]LogTemp: Display: Loaded TP WindowsNoEditorTargetPlatform
[2019.01.27-01.20.21:807][  0]LogTemp: Display: Loaded TP WindowsServerTargetPlatform
[2019.01.27-01.20.21:821][  0]LogTemp: Display: Loaded TP WindowsTargetPlatform
[2019.01.27-01.20.21:932][  0]LogTemp: Display: Loaded TP AndroidTargetPlatform
[2019.01.27-01.20.21:932][  0]LogTemp: Display: Loaded TP AndroidTargetPlatform
[2019.01.27-01.20.21:932][  0]LogTemp: Display: Loaded TP AndroidTargetPlatform
[2019.01.27-01.20.21:932][  0]LogTemp: Display: Loaded TP AndroidTargetPlatform
[2019.01.27-01.20.21:932][  0]LogTemp: Display: Loaded TP AndroidTargetPlatform
[2019.01.27-01.20.21:932][  0]LogTemp: Display: Loaded TP AndroidTargetPlatform
[2019.01.27-01.20.21:932][  0]LogTemp: Display: Loaded TP AndroidTargetPlatform
[2019.01.27-01.20.21:932][  0]LogTemp: Display: Loaded TP AndroidTargetPlatform
[2019.01.27-01.20.21:932][  0]LogTemp: Display: Loaded TP AndroidTargetPlatform
[2019.01.27-01.20.21:933][  0]LogTemp: Display: Loaded TP AndroidTargetPlatform
[2019.01.27-01.20.21:933][  0]LogTemp: Display: Loaded TP AndroidTargetPlatform
[2019.01.27-01.20.21:933][  0]LogTemp: Display: Loaded TP AndroidTargetPlatform
[2019.01.27-01.20.21:933][  0]LogTemp: Display: Loaded TP AndroidTargetPlatform
[2019.01.27-01.20.21:933][  0]LogTemp: Display: Loaded TP AndroidTargetPlatform
[2019.01.27-01.20.21:933][  0]LogTemp: Display: Loaded TP AndroidTargetPlatform
[2019.01.27-01.20.21:933][  0]LogTemp: Display: Loaded TP AndroidTargetPlatform
[2019.01.27-01.20.21:933][  0]LogTemp: Display: Loaded TP AndroidTargetPlatform
[2019.01.27-01.20.21:933][  0]LogTemp: Display: Loaded TP AndroidTargetPlatform
[2019.01.27-01.20.21:938][  0]LogTemp: Display: Loaded TP HTML5TargetPlatform
[2019.01.27-01.20.22:027][  0]LogTemp: Display: Loaded TP IOSTargetPlatform
[2019.01.27-01.20.22:027][  0]LogTemp: Display: Loaded TP IOSTargetPlatform
[2019.01.27-01.20.22:065][  0]LogTemp: Display: Loaded TP TVOSTargetPlatform
[2019.01.27-01.20.22:065][  0]LogTemp: Display: Loaded TP TVOSTargetPlatform
[2019.01.27-01.20.22:086][  0]LogTemp: Display: Loaded TP LinuxClientTargetPlatform
[2019.01.27-01.20.22:105][  0]LogTemp: Display: Loaded TP LinuxNoEditorTargetPlatform
[2019.01.27-01.20.22:128][  0]LogTemp: Display: Loaded TP LinuxServerTargetPlatform
[2019.01.27-01.20.22:149][  0]LogTemp: Display: Loaded TP LinuxTargetPlatform
[2019.01.27-01.20.22:165][  0]LogTemp: Display: Loaded TP LuminTargetPlatform
[2019.01.27-01.20.22:166][  0]LogTargetPlatformManager: Display: Building Assets For Windows
[2019.01.27-01.20.22:373][  0]LogXGEController: Cleaning working directory: C:/Users/r017093h/AppData/Local/Temp/UnrealXGEWorkingDir/
[2019.01.27-01.20.22:374][  0]LogXGEController: Cannot use XGE Controller as Incredibuild is not installed on this machine.
[2019.01.27-01.20.22:374][  0]LogShaderCompilers: Cannot use XGE Shader Compiler as Incredibuild is not installed on this machine.
[2019.01.27-01.20.22:374][  0]LogShaderCompilers: Display: Using Local Shader Compiler.
[2019.01.27-01.20.23:532][  0]LogDerivedDataCache: Display: Max Cache Size: 512 MB
[2019.01.27-01.20.23:635][  0]LogDerivedDataCache: Loaded boot cache 0.10s 73MB C:/Users/r017093h/AppData/Local/UnrealEngine/4.20/DerivedDataCache/Boot.ddc.
[2019.01.27-01.20.23:636][  0]LogDerivedDataCache: Display: Loaded Boot cache: C:/Users/r017093h/AppData/Local/UnrealEngine/4.20/DerivedDataCache/Boot.ddc
[2019.01.27-01.20.23:636][  0]LogDerivedDataCache: FDerivedDataBackendGraph:  Pak pak cache file ../../../../../../Users/r017093h/Documents/HomeIs/HomeIs/DerivedDataCache/DDC.ddp not found, will not use a pak cache.
[2019.01.27-01.20.23:636][  0]LogDerivedDataCache: Unable to find inner node Pak for hierarchical cache Hierarchy.
[2019.01.27-01.20.23:636][  0]LogDerivedDataCache: FDerivedDataBackendGraph:  CompressedPak pak cache file ../../../../../../Users/r017093h/Documents/HomeIs/HomeIs/DerivedDataCache/Compressed.ddp not found, will not use a pak cache.
[2019.01.27-01.20.23:636][  0]LogDerivedDataCache: Unable to find inner node CompressedPak for hierarchical cache Hierarchy.
[2019.01.27-01.20.23:649][  0]LogDerivedDataCache: Display: Pak cache opened for reading ../../../Engine/DerivedDataCache/Compressed.ddp.
[2019.01.27-01.20.23:663][  0]LogDerivedDataCache: Using Local data cache path C:/Users/r017093h/AppData/Local/UnrealEngine/Common/DerivedDataCache: Writable
[2019.01.27-01.20.23:663][  0]LogDerivedDataCache: Shared data cache path not found in *engine.ini, will not use an Shared cache.
[2019.01.27-01.20.23:663][  0]LogDerivedDataCache: Unable to find inner node Shared for hierarchical cache Hierarchy.
[2019.01.27-01.20.23:684][  0]LogMaterial: Verifying Global Shaders for PCD3D_SM5
[2019.01.27-01.20.23:686][  0]LogSlate: Using FreeType 2.6.0
[2019.01.27-01.20.23:687][  0]LogSlate: SlateFontServices - WITH_FREETYPE: 1, WITH_HARFBUZZ: 1
[2019.01.27-01.20.23:774][  0]LogAssetRegistry: FAssetRegistry took 0.0291 seconds to start up
[2019.01.27-01.20.24:168][  0]LogInit: Selected Device Profile: [Windows]
[2019.01.27-01.20.24:351][  0]LogSimplygon: Simplygon DLL not present - disabling.
[2019.01.27-01.20.24:362][  0]LogMeshReduction: Using SimplygonSwarm for distributed automatic mesh merging
[2019.01.27-01.20.24:362][  0]LogMeshReduction: Using ProxyLODMeshReduction for automatic mesh merging
[2019.01.27-01.20.24:362][  0]LogMeshReduction: Using QuadricMeshReduction for automatic static mesh reduction
[2019.01.27-01.20.24:362][  0]LogMeshReduction: No automatic skeletal mesh reduction module available
[2019.01.27-01.20.24:386][  0]LogNetVersion: HomeIs 1.0.0, NetCL: 4212847, EngineNetVer: 5, GameNetVer: 0 (Checksum: 4178729889)
[2019.01.27-01.20.25:418][  0]LogPackageLocalizationCache: Processed 11 localized package path(s) for 2 prioritized culture(s) in 0.533782 seconds
[2019.01.27-01.20.25:425][  0]LogUObjectArray: 38425 objects as part of root set at end of initial load.
[2019.01.27-01.20.25:425][  0]LogUObjectAllocator: 6690872 out of 0 bytes used by permanent object pool.
[2019.01.27-01.20.25:425][  0]LogUObjectArray: CloseDisregardForGC: 0/0 objects in disregard for GC pool
[2019.01.27-01.20.26:660][  0]LogTcpMessaging: Initializing TcpMessaging bridge
[2019.01.27-01.20.26:678][  0]LogUdpMessaging: Initializing bridge on interface 0.0.0.0:0 to multicast group 230.0.0.1:6666.
[2019.01.27-01.20.27:251][  0]SourceControl: Source control is disabled
[2019.01.27-01.20.27:251][  0]SourceControl: Source control is disabled
[2019.01.27-01.20.27:256][  0]SourceControl: Source control is disabled
[2019.01.27-01.20.27:260][  0]SourceControl: Source control is disabled
[2019.01.27-01.20.27:609][  0]LogAndroidPermission: UAndroidPermissionCallbackProxy::GetInstance
[2019.01.27-01.20.27:762][  0]LogOcInput: OculusInput pre-init called
[2019.01.27-01.20.27:848][  0]LogEngine: Initializing Engine...
[2019.01.27-01.20.27:849][  0]LogHMD: Failed to initialize OpenVR with code 110
[2019.01.27-01.20.27:851][  0]LogStats: UGameplayTagsManager::ConstructGameplayTagTree: ImportINI prefixes -  0.000 s
[2019.01.27-01.20.27:851][  0]LogStats: UGameplayTagsManager::ConstructGameplayTagTree: Construct from data asset -  0.000 s
[2019.01.27-01.20.27:852][  0]LogStats: UGameplayTagsManager::ConstructGameplayTagTree: ImportINI -  0.000 s
[2019.01.27-01.20.27:852][  0]LogStats: UGameplayTagsManager::ConstructGameplayTagTree: GameplayTagTreeChangedEvent.Broadcast -  0.000 s
[2019.01.27-01.20.28:109][  0]LogInit: Initializing FReadOnlyCVARCache
[2019.01.27-01.20.28:137][  0]LogAIModule: Creating AISystem for world Untitled
[2019.01.27-01.20.28:164][  0]LogInit: XAudio2 using 'Speakers (Logitech G430 Gaming Headset)' : 2 channels at 48 kHz using 16 bits per sample (channel mask 0x3)
[2019.01.27-01.20.28:183][  0]LogInit: FAudioDevice initialized.
[2019.01.27-01.20.28:184][  0]LogNetVersion: Set ProjectVersion to 1.0.0.0. Version Checksum will be recalculated on next use.
[2019.01.27-01.20.28:285][  0]LogDerivedDataCache: Saved boot cache 0.10s 73MB C:/Users/r017093h/AppData/Local/UnrealEngine/4.20/DerivedDataCache/Boot.ddc.
[2019.01.27-01.20.28:296][  0]LogInit: Texture streaming: Enabled
[2019.01.27-01.20.28:343][  0]LogEngineSessionManager: EngineSessionManager initialized
[2019.01.27-01.20.28:364][  0]LogInit: Transaction tracking system initialized
[2019.01.27-01.20.28:427][  0]BlueprintLog: New page: Editor Load
[2019.01.27-01.20.28:676][  0]LocalizationService: Localization service is disabled
[2019.01.27-01.20.29:073][  0]LogCook: Display: Max memory allowance for cook 16384mb min free memory 0mb
[2019.01.27-01.20.29:074][  0]LogCook: Display: Mobile HDR setting 1
[2019.01.27-01.20.29:074][  0]LogGameplayTags: Display: UGameplayTagsManager::DoneAddingNativeTags. DelegateIsBound: 0
[2019.01.27-01.20.29:074][  0]LogStats: UGameplayTagsManager::ConstructGameplayTagTree: ImportINI prefixes -  0.000 s
[2019.01.27-01.20.29:074][  0]LogStats: UGameplayTagsManager::ConstructGameplayTagTree: Construct from data asset -  0.000 s
[2019.01.27-01.20.29:074][  0]LogStats: UGameplayTagsManager::ConstructGameplayTagTree: ImportINI -  0.000 s
[2019.01.27-01.20.29:075][  0]LogStats: UGameplayTagsManager::ConstructGameplayTagTree: GameplayTagTreeChangedEvent.Broadcast -  0.000 s
[2019.01.27-01.20.29:332][  0]LogFileCache: Scanning file cache for directory 'C:/Users/r017093h/Documents/HomeIs/HomeIs/Content/' took 0.03s
[2019.01.27-01.20.29:332][  0]SourceControl: Source control is disabled
[2019.01.27-01.20.29:332][  0]Cmd: MAP LOAD FILE="../../../../../../Users/r017093h/Documents/HomeIs/HomeIs/Content/FirstPersonCPP/Maps/FirstPersonExampleMap.umap" TEMPLATE=0 SHOWPROGRESS=1 FEATURELEVEL=3
[2019.01.27-01.20.29:334][  0]LightingResults: New page: Lighting Build
[2019.01.27-01.20.29:340][  0]MapCheck: New page: Map Check
[2019.01.27-01.20.29:340][  0]LightingResults: New page: Lighting Build
[2019.01.27-01.20.30:324][  0]LogAIModule: Creating AISystem for world FirstPersonExampleMap
[2019.01.27-01.20.30:338][  0]LogEditorServer: Finished looking for orphan Actors (0.000 secs)
[2019.01.27-01.20.30:502][  0]Cmd: MAP CHECKDEP NOCLEARLOG
[2019.01.27-01.20.30:764][  0]MapCheck: Map check complete: 0 Error(s), 0 Warning(s), took 261.44ms to complete.
[2019.01.27-01.20.30:764][  0]LogFileHelpers: Loading map 'FirstPersonExampleMap' took 1.431
[2019.01.27-01.20.30:912][  0]LogSlate: Updating window title bar state: overlay mode, drag disabled, window buttons hidden, title bar hidden
[2019.01.27-01.20.30:934][  0]LogSlate: Updating window title bar state: overlay mode, drag disabled, window buttons hidden, title bar hidden
[2019.01.27-01.20.30:941][  0]LogSlate: Updating window title bar state: overlay mode, drag disabled, window buttons hidden, title bar hidden
[2019.01.27-01.20.30:949][  0]LogSlate: Updating window title bar state: overlay mode, drag disabled, window buttons hidden, title bar hidden
[2019.01.27-01.20.30:961][  0]LogCollectionManager: Loaded 0 collections in 0.003406 seconds
[2019.01.27-01.20.31:013][  0]LogFileCache: Scanning file cache for directory 'C:/Users/r017093h/Documents/HomeIs/HomeIs/Saved/Collections/' took 0.01s
[2019.01.27-01.20.31:014][  0]LogFileCache: Scanning file cache for directory 'C:/Users/r017093h/Documents/HomeIs/HomeIs/Content/Developers/r017093h/Collections/' took 0.01s
[2019.01.27-01.20.31:014][  0]LogFileCache: Scanning file cache for directory 'C:/Users/r017093h/Documents/HomeIs/HomeIs/Content/Collections/' took 0.01s
[2019.01.27-01.20.31:014][  0]LogCollectionManager: Rebuilt the GUID cache for 0 collections in 0.000001 seconds
[2019.01.27-01.20.31:025][  0]LogContentBrowser: Native class hierarchy populated in 0.0106 seconds. Added 2594 classes and 611 folders.
[2019.01.27-01.20.31:035][  0]LogContentBrowser: Native class hierarchy updated for 'WidgetCarousel' in 0.0006 seconds. Added 0 classes and 0 folders.
[2019.01.27-01.20.31:120][  0]LogContentBrowser: Native class hierarchy updated for 'AddContentDialog' in 0.0006 seconds. Added 0 classes and 0 folders.
[2019.01.27-01.20.31:129][  0]LogContentBrowser: Native class hierarchy updated for 'SceneOutliner' in 0.0006 seconds. Added 1 classes and 2 folders.
[2019.01.27-01.20.31:181][  0]LogContentBrowser: Native class hierarchy updated for 'HierarchicalLODOutliner' in 0.0006 seconds. Added 0 classes and 0 folders.
[2019.01.27-01.20.31:181][  0]LogLoad: (Engine Initialization) Total time: 15.01 seconds
[2019.01.27-01.20.31:181][  0]LogLoad: (Engine Initialization) Total Blueprint compile time: 0.00 seconds
[2019.01.27-01.20.31:191][  0]LogWindowsTextInputMethodSystem: Display: IME system now deactivated.
[2019.01.27-01.20.31:226][  0]LogContentStreaming: Texture pool size now 1000 MB
[2019.01.27-01.20.31:228][  0]LogSlate: Took 0.000218 seconds to synchronously load lazily loaded font '../../../Engine/Content/Slate/Fonts/Roboto-Regular.ttf' (155K)
[2019.01.27-01.20.31:230][  0]LogSlate: Took 0.000202 seconds to synchronously load lazily loaded font '../../../Engine/Content/Slate/Fonts/Roboto-Bold.ttf' (160K)
[2019.01.27-01.20.31:235][  0]LogSlate: Took 0.000296 seconds to synchronously load lazily loaded font '../../../Engine/Content/Editor/Slate/Fonts/FontAwesome.ttf' (139K)
[2019.01.27-01.20.31:357][  0]LogRenderer: Reallocating scene render targets to support 804x360 Format 10 NumSamples 1 (Frame:1).
[2019.01.27-01.20.31:420][  0]LogSlate: Took 0.000225 seconds to synchronously load lazily loaded font '../../../Engine/Content/Slate/Fonts/Roboto-Light.ttf' (167K)
[2019.01.27-01.20.31:443][  1]LogFileCache: Retrieving MD5 hashes for directory 'C:/Users/r017093h/Documents/HomeIs/HomeIs/Content/' took 0.24s
[2019.01.27-01.20.31:471][  1]LogAssetRegistry: Asset discovery search completed in 7.7222 seconds
[2019.01.27-01.20.31:473][  1]LogCollectionManager: Rebuilt the object cache for 0 collections in 0.000000 seconds (found 0 objects)
[2019.01.27-01.20.31:473][  1]LogCollectionManager: Fixed up redirectors for 0 collections in 0.000109 seconds (updated 0 objects)
[2019.01.27-01.21.17:444][414]LogRenderer: Reallocating scene render targets to support 1208x576 Format 10 NumSamples 1 (Frame:4).
[2019.01.27-01.21.18:239][489]LogSlate: FSceneViewport::OnFocusLost() reason 0
[2019.01.27-01.21.18:305][497]LogTemp: Repeating last play command: Selected Viewport
[2019.01.27-01.21.18:335][497]LogBlueprintUserMessages: Early PlayInEditor Detection: Level '/Game/FirstPersonCPP/Maps/FirstPersonExampleMap.FirstPersonExampleMap:PersistentLevel' has LevelScriptBlueprint '/Game/FirstPersonCPP/Maps/FirstPersonExampleMap.FirstPersonExampleMap:PersistentLevel.FirstPersonExampleMap' with GeneratedClass '/Game/FirstPersonCPP/Maps/FirstPersonExampleMap.FirstPersonExampleMap_C' with ClassGeneratedBy '/Game/FirstPersonCPP/Maps/FirstPersonExampleMap.FirstPersonExampleMap:PersistentLevel.FirstPersonExampleMap'
[2019.01.27-01.21.18:335][497]LogPlayLevel: PlayLevel: No blueprints needed recompiling
[2019.01.27-01.21.18:351][497]PIE: New page: PIE session: FirstPersonExampleMap (27 Jan 2019 01:21:18)
[2019.01.27-01.21.18:351][497]LogPlayLevel: Creating play world package: /Game/FirstPersonCPP/Maps/UEDPIE_0_FirstPersonExampleMap
[2019.01.27-01.21.18:384][497]LogPlayLevel: PIE: StaticDuplicateObject took: (0.033230s)
[2019.01.27-01.21.18:386][497]LogAIModule: Creating AISystem for world FirstPersonExampleMap
[2019.01.27-01.21.18:387][497]LogPlayLevel: PIE: World Init took: (0.002315s)
[2019.01.27-01.21.18:387][497]LogPlayLevel: PIE: Created PIE world by copying editor world from /Game/FirstPersonCPP/Maps/FirstPersonExampleMap.FirstPersonExampleMap to /Game/FirstPersonCPP/Maps/UEDPIE_0_FirstPersonExampleMap.FirstPersonExampleMap (0.036049s)
[2019.01.27-01.21.18:427][497]LogInit: XAudio2 using 'Speakers (Logitech G430 Gaming Headset)' : 2 channels at 48 kHz using 16 bits per sample (channel mask 0x3)
[2019.01.27-01.21.18:439][497]LogInit: FAudioDevice initialized.
[2019.01.27-01.21.18:490][497]LogLoad: Game class is 'HomeIsGameMode'
[2019.01.27-01.21.18:494][497]LogWorld: Bringing World /Game/FirstPersonCPP/Maps/UEDPIE_0_FirstPersonExampleMap.FirstPersonExampleMap up for play (max tick rate 0) at 2019.01.27-01.21.18
[2019.01.27-01.21.18:495][497]LogWorld: Bringing up level for play took: 0.003505
[2019.01.27-01.21.18:521][497]LogContentBrowser: Native class hierarchy updated for 'MovieSceneCapture' in 0.0009 seconds. Added 10 classes and 0 folders.
[2019.01.27-01.21.18:524][497]PIE: Play in editor start time for /Game/FirstPersonCPP/Maps/UEDPIE_0_FirstPersonExampleMap 0.895
[2019.01.27-01.21.18:524][497]LogBlueprintUserMessages: Late PlayInEditor Detection: Level '/Game/FirstPersonCPP/Maps/FirstPersonExampleMap.FirstPersonExampleMap:PersistentLevel' has LevelScriptBlueprint '/Game/FirstPersonCPP/Maps/FirstPersonExampleMap.FirstPersonExampleMap:PersistentLevel.FirstPersonExampleMap' with GeneratedClass '/Game/FirstPersonCPP/Maps/FirstPersonExampleMap.FirstPersonExampleMap_C' with ClassGeneratedBy '/Game/FirstPersonCPP/Maps/FirstPersonExampleMap.FirstPersonExampleMap:PersistentLevel.FirstPersonExampleMap'
[2019.01.27-01.21.18:534][497]LogTemp: Warning: 100.000000
[2019.01.27-01.21.18:606][498]LogTemp: Warning: 100.000000
[2019.01.27-01.21.18:627][499]LogTemp: Warning: 100.000000
[2019.01.27-01.21.18:641][500]LogTemp: Warning: 100.000000
[2019.01.27-01.21.18:655][501]LogTemp: Warning: 100.000000
[2019.01.27-01.21.18:669][502]LogTemp: Warning: 100.000000
[2019.01.27-01.21.18:683][503]LogTemp: Warning: 100.000000
[2019.01.27-01.21.18:700][504]LogTemp: Warning: 100.000000
[2019.01.27-01.21.18:719][505]LogTemp: Warning: 100.000000
[2019.01.27-01.21.18:741][506]LogTemp: Warning: 100.000000
[2019.01.27-01.21.18:765][507]LogTemp: Warning: 100.000000
[2019.01.27-01.21.18:788][508]LogTemp: Warning: 100.000000
[2019.01.27-01.21.18:813][509]LogTemp: Warning: 100.000000
[2019.01.27-01.21.18:836][510]LogTemp: Warning: 100.000000
[2019.01.27-01.21.18:853][511]LogTemp: Warning: 100.000000
[2019.01.27-01.21.18:871][512]LogTemp: Warning: 100.000000
[2019.01.27-01.21.18:893][513]LogTemp: Warning: 100.000000
[2019.01.27-01.21.18:909][514]LogTemp: Warning: 100.000000
[2019.01.27-01.21.18:924][515]LogTemp: Warning: 100.000000
[2019.01.27-01.21.18:939][516]LogTemp: Warning: 100.000000
[2019.01.27-01.21.18:952][517]LogTemp: Warning: 100.000000
[2019.01.27-01.21.18:967][518]LogTemp: Warning: 100.000000
[2019.01.27-01.21.18:985][519]LogTemp: Warning: 100.000000
[2019.01.27-01.21.19:003][520]LogTemp: Warning: 100.000000
[2019.01.27-01.21.19:019][521]LogTemp: Warning: 100.000000
[2019.01.27-01.21.19:034][522]LogTemp: Warning: 100.000000
[2019.01.27-01.21.19:050][523]LogTemp: Warning: 100.000000
[2019.01.27-01.21.19:065][524]LogTemp: Warning: 100.000000
[2019.01.27-01.21.19:079][525]LogTemp: Warning: 100.000000
[2019.01.27-01.21.19:094][526]LogTemp: Warning: 100.000000
[2019.01.27-01.21.19:109][527]LogTemp: Warning: 100.000000
[2019.01.27-01.21.19:126][528]LogTemp: Warning: 100.000000
[2019.01.27-01.21.19:140][529]LogTemp: Warning: 100.000000
[2019.01.27-01.21.19:154][530]LogTemp: Warning: 100.000000
[2019.01.27-01.21.19:168][531]LogTemp: Warning: 100.000000
[2019.01.27-01.21.19:182][532]LogTemp: Warning: 100.000000
[2019.01.27-01.21.19:196][533]LogTemp: Warning: 100.000000
[2019.01.27-01.21.19:209][534]LogTemp: Warning: 100.000000
[2019.01.27-01.21.19:223][535]LogTemp: Warning: 100.000000
[2019.01.27-01.21.19:237][536]LogTemp: Warning: 100.000000
[2019.01.27-01.21.19:251][537]LogTemp: Warning: 100.000000
[2019.01.27-01.21.19:268][538]LogTemp: Warning: 100.000000
[2019.01.27-01.21.19:282][539]LogTemp: Warning: 100.000000
[2019.01.27-01.21.19:296][540]LogTemp: Warning: 100.000000
[2019.01.27-01.21.19:310][541]LogTemp: Warning: 100.000000
[2019.01.27-01.21.19:327][542]LogTemp: Warning: 100.000000
[2019.01.27-01.21.19:344][543]LogTemp: Warning: 100.000000
[2019.01.27-01.21.19:361][544]LogTemp: Warning: 100.000000
[2019.01.27-01.21.19:379][545]LogTemp: Warning: 100.000000
[2019.01.27-01.21.19:397][546]LogTemp: Warning: 100.000000
[2019.01.27-01.21.19:415][547]LogTemp: Warning: 100.000000
[2019.01.27-01.21.19:436][548]LogTemp: Warning: 100.000000
[2019.01.27-01.21.19:452][549]LogTemp: Warning: 100.000000
[2019.01.27-01.21.19:466][550]LogTemp: Warning: 100.000000
[2019.01.27-01.21.19:481][551]LogTemp: Warning: 100.000000
[2019.01.27-01.21.19:497][552]LogTemp: Warning: 100.000000
[2019.01.27-01.21.19:515][553]LogTemp: Warning: 100.000000
[2019.01.27-01.21.19:541][554]LogTemp: Warning: 100.000000
[2019.01.27-01.21.19:557][555]LogTemp: Warning: 100.000000
[2019.01.27-01.21.19:572][556]LogTemp: Warning: 100.000000
[2019.01.27-01.21.19:586][557]LogTemp: Warning: 100.000000
[2019.01.27-01.21.19:601][558]LogTemp: Warning: 100.000000
[2019.01.27-01.21.19:615][559]LogTemp: Warning: 100.000000
[2019.01.27-01.21.19:631][560]LogTemp: Warning: 100.000000
[2019.01.27-01.21.19:646][561]LogTemp: Warning: 100.000000
[2019.01.27-01.21.19:661][562]LogTemp: Warning: 100.000000
[2019.01.27-01.21.19:675][563]LogTemp: Warning: 100.000000
[2019.01.27-01.21.19:689][564]LogTemp: Warning: 100.000000
[2019.01.27-01.21.19:703][565]LogTemp: Warning: 100.000000
[2019.01.27-01.21.19:717][566]LogTemp: Warning: 100.000000
[2019.01.27-01.21.19:732][567]LogTemp: Warning: 100.000000
[2019.01.27-01.21.19:749][568]LogTemp: Warning: 100.000000
[2019.01.27-01.21.19:765][569]LogTemp: Warning: 100.000000
[2019.01.27-01.21.19:780][570]LogTemp: Warning: 100.000000
[2019.01.27-01.21.19:794][571]LogTemp: Warning: 100.000000
[2019.01.27-01.21.19:808][572]LogTemp: Warning: 100.000000
[2019.01.27-01.21.19:826][573]LogTemp: Warning: 100.000000
[2019.01.27-01.21.19:843][574]LogTemp: Warning: 100.000000
[2019.01.27-01.21.19:858][575]LogTemp: Warning: 100.000000
[2019.01.27-01.21.19:873][576]LogTemp: Warning: 100.000000
[2019.01.27-01.21.19:888][577]LogTemp: Warning: 100.000000
[2019.01.27-01.21.19:901][578]LogTemp: Warning: 100.000000
[2019.01.27-01.21.19:916][579]LogTemp: Warning: 100.000000
[2019.01.27-01.21.19:931][580]LogTemp: Warning: 100.000000
[2019.01.27-01.21.19:948][581]LogTemp: Warning: 100.000000
[2019.01.27-01.21.19:962][582]LogTemp: Warning: 100.000000
[2019.01.27-01.21.19:977][583]LogTemp: Warning: 100.000000
[2019.01.27-01.21.19:991][584]LogTemp: Warning: 100.000000
[2019.01.27-01.21.20:004][585]LogTemp: Warning: 100.000000
[2019.01.27-01.21.20:020][586]LogTemp: Warning: 100.000000
[2019.01.27-01.21.20:035][587]LogTemp: Warning: 100.000000
[2019.01.27-01.21.20:049][588]LogTemp: Warning: 100.000000
[2019.01.27-01.21.20:064][589]LogTemp: Warning: 100.000000
[2019.01.27-01.21.20:078][590]LogTemp: Warning: 100.000000
[2019.01.27-01.21.20:092][591]LogTemp: Warning: 100.000000
[2019.01.27-01.21.20:106][592]LogTemp: Warning: 100.000000
[2019.01.27-01.21.20:119][593]LogTemp: Warning: 100.000000
[2019.01.27-01.21.20:133][594]LogTemp: Warning: 100.000000
[2019.01.27-01.21.20:151][595]LogTemp: Warning: 100.000000
[2019.01.27-01.21.20:168][596]LogTemp: Warning: 100.000000
[2019.01.27-01.21.20:185][597]LogTemp: Warning: 100.000000
[2019.01.27-01.21.20:200][598]LogTemp: Warning: 100.000000
[2019.01.27-01.21.20:214][599]LogTemp: Warning: 100.000000
[2019.01.27-01.21.20:234][600]LogTemp: Warning: 100.000000
[2019.01.27-01.21.20:247][601]LogTemp: Warning: 100.000000
[2019.01.27-01.21.20:262][602]LogTemp: Warning: 100.000000
[2019.01.27-01.21.20:276][603]LogTemp: Warning: 100.000000
[2019.01.27-01.21.20:291][604]LogTemp: Warning: 100.000000
[2019.01.27-01.21.20:305][605]LogTemp: Warning: 100.000000
[2019.01.27-01.21.20:320][606]LogTemp: Warning: 100.000000
[2019.01.27-01.21.20:335][607]LogTemp: Warning: 100.000000
[2019.01.27-01.21.20:350][608]LogTemp: Warning: 100.000000
[2019.01.27-01.21.20:365][609]LogTemp: Warning: 100.000000
[2019.01.27-01.21.20:381][610]LogTemp: Warning: 100.000000
[2019.01.27-01.21.20:395][611]LogTemp: Warning: 100.000000
[2019.01.27-01.21.20:409][612]LogTemp: Warning: 100.000000
[2019.01.27-01.21.20:424][613]LogTemp: Warning: 100.000000
[2019.01.27-01.21.20:442][614]LogTemp: Warning: 100.000000
[2019.01.27-01.21.20:456][615]LogTemp: Warning: 100.000000
[2019.01.27-01.21.20:472][616]LogTemp: Warning: 100.000000
[2019.01.27-01.21.20:486][617]LogTemp: Warning: 100.000000
[2019.01.27-01.21.20:500][618]LogTemp: Warning: 100.000000
[2019.01.27-01.21.20:514][619]LogTemp: Warning: 100.000000
[2019.01.27-01.21.20:528][620]LogTemp: Warning: 100.000000
[2019.01.27-01.21.20:547][621]LogTemp: Warning: 100.000000
[2019.01.27-01.21.20:568][622]LogTemp: Warning: 100.000000
[2019.01.27-01.21.20:586][623]LogTemp: Warning: 100.000000
[2019.01.27-01.21.20:601][624]LogTemp: Warning: 100.000000
[2019.01.27-01.21.20:615][625]LogTemp: Warning: 100.000000
[2019.01.27-01.21.20:628][626]LogTemp: Warning: 100.000000
[2019.01.27-01.21.20:644][627]LogTemp: Warning: 100.000000
[2019.01.27-01.21.20:659][628]LogTemp: Warning: 100.000000
[2019.01.27-01.21.20:672][629]LogTemp: Warning: 100.000000
[2019.01.27-01.21.20:686][630]LogTemp: Warning: 100.000000
[2019.01.27-01.21.20:700][631]LogTemp: Warning: 100.000000
[2019.01.27-01.21.20:714][632]LogTemp: Warning: 100.000000
[2019.01.27-01.21.20:731][633]LogTemp: Warning: 100.000000
[2019.01.27-01.21.20:748][634]LogTemp: Warning: 100.000000
[2019.01.27-01.21.20:768][635]LogTemp: Warning: 100.000000
[2019.01.27-01.21.20:788][636]LogTemp: Warning: 100.000000
[2019.01.27-01.21.20:802][637]LogTemp: Warning: 100.000000
[2019.01.27-01.21.20:816][638]LogTemp: Warning: 100.000000
[2019.01.27-01.21.20:831][639]LogTemp: Warning: 100.000000
[2019.01.27-01.21.20:845][640]LogTemp: Warning: 100.000000
[2019.01.27-01.21.20:861][641]LogTemp: Warning: 100.000000
[2019.01.27-01.21.20:876][642]LogTemp: Warning: 100.000000
[2019.01.27-01.21.20:890][643]LogTemp: Warning: 100.000000
[2019.01.27-01.21.20:904][644]LogTemp: Warning: 100.000000
[2019.01.27-01.21.20:917][645]LogTemp: Warning: 100.000000
[2019.01.27-01.21.20:932][646]LogTemp: Warning: 100.000000
[2019.01.27-01.21.20:951][647]LogTemp: Warning: 100.000000
[2019.01.27-01.21.20:966][648]LogTemp: Warning: 100.000000
[2019.01.27-01.21.20:981][649]LogTemp: Warning: 100.000000
[2019.01.27-01.21.21:002][650]LogTemp: Warning: 100.000000
[2019.01.27-01.21.21:020][651]LogTemp: Warning: 100.000000
[2019.01.27-01.21.21:033][652]LogTemp: Warning: 100.000000
[2019.01.27-01.21.21:048][653]LogTemp: Warning: 100.000000
[2019.01.27-01.21.21:067][654]LogTemp: Warning: 100.000000
[2019.01.27-01.21.21:080][655]LogTemp: Warning: 100.000000
[2019.01.27-01.21.21:094][656]LogTemp: Warning: 100.000000
[2019.01.27-01.21.21:109][657]LogTemp: Warning: 100.000000
[2019.01.27-01.21.21:123][658]LogTemp: Warning: 100.000000
[2019.01.27-01.21.21:136][659]LogTemp: Warning: 100.000000
[2019.01.27-01.21.21:150][660]LogTemp: Warning: 100.000000
[2019.01.27-01.21.21:165][661]LogTemp: Warning: 100.000000
[2019.01.27-01.21.21:178][662]LogTemp: Warning: 100.000000
[2019.01.27-01.21.21:192][663]LogTemp: Warning: 100.000000
[2019.01.27-01.21.21:207][664]LogTemp: Warning: 100.000000
[2019.01.27-01.21.21:220][665]LogTemp: Warning: 100.000000
[2019.01.27-01.21.21:234][666]LogTemp: Warning: 100.000000
[2019.01.27-01.21.21:249][667]LogTemp: Warning: 100.000000
[2019.01.27-01.21.21:263][668]LogTemp: Warning: 100.000000
[2019.01.27-01.21.21:276][669]LogTemp: Warning: 100.000000
[2019.01.27-01.21.21:291][670]LogTemp: Warning: 100.000000
[2019.01.27-01.21.21:304][671]LogTemp: Warning: 100.000000
[2019.01.27-01.21.21:318][672]LogTemp: Warning: 100.000000
[2019.01.27-01.21.21:332][673]LogTemp: Warning: 100.000000
[2019.01.27-01.21.21:346][674]LogTemp: Warning: 100.000000
[2019.01.27-01.21.21:367][675]LogTemp: Warning: 100.000000
[2019.01.27-01.21.21:383][676]LogTemp: Warning: 100.000000
[2019.01.27-01.21.21:401][677]LogTemp: Warning: 100.000000
[2019.01.27-01.21.21:419][678]LogTemp: Warning: 100.000000
[2019.01.27-01.21.21:433][679]LogTemp: Warning: 100.000000
[2019.01.27-01.21.21:449][680]LogTemp: Warning: 100.000000
[2019.01.27-01.21.21:463][681]LogTemp: Warning: 100.000000
[2019.01.27-01.21.21:477][682]LogTemp: Warning: 100.000000
[2019.01.27-01.21.21:492][683]LogTemp: Warning: 100.000000
[2019.01.27-01.21.21:509][684]LogTemp: Warning: 100.000000
[2019.01.27-01.21.21:524][685]LogTemp: Warning: 100.000000
[2019.01.27-01.21.21:539][686]LogTemp: Warning: 100.000000
[2019.01.27-01.21.21:553][687]LogTemp: Warning: 100.000000
[2019.01.27-01.21.21:570][688]LogTemp: Warning: 100.000000
[2019.01.27-01.21.21:586][689]LogTemp: Warning: 100.000000
[2019.01.27-01.21.21:607][690]LogTemp: Warning: 100.000000
[2019.01.27-01.21.21:623][691]LogTemp: Warning: 100.000000
[2019.01.27-01.21.21:642][692]LogTemp: Warning: 100.000000
[2019.01.27-01.21.21:656][693]LogTemp: Warning: 100.000000
[2019.01.27-01.21.21:672][694]LogTemp: Warning: 100.000000
[2019.01.27-01.21.21:692][695]LogTemp: Warning: 100.000000
[2019.01.27-01.21.21:706][696]LogTemp: Warning: 100.000000
[2019.01.27-01.21.21:720][697]LogTemp: Warning: 100.000000
[2019.01.27-01.21.21:735][698]LogTemp: Warning: 100.000000
[2019.01.27-01.21.21:750][699]LogTemp: Warning: 100.000000
[2019.01.27-01.21.21:767][700]LogTemp: Warning: 100.000000
[2019.01.27-01.21.21:782][701]LogTemp: Warning: 100.000000
[2019.01.27-01.21.21:799][702]LogTemp: Warning: 100.000000
[2019.01.27-01.21.21:813][703]LogTemp: Warning: 100.000000
[2019.01.27-01.21.21:827][704]LogTemp: Warning: 100.000000
[2019.01.27-01.21.21:841][705]LogTemp: Warning: 100.000000
[2019.01.27-01.21.21:855][706]LogTemp: Warning: 100.000000
[2019.01.27-01.21.21:869][707]LogTemp: Warning: 100.000000
[2019.01.27-01.21.21:883][708]LogTemp: Warning: 100.000000
[2019.01.27-01.21.21:900][709]LogTemp: Warning: 100.000000
[2019.01.27-01.21.21:914][710]LogTemp: Warning: 100.000000
[2019.01.27-01.21.21:928][711]LogTemp: Warning: 100.000000
[2019.01.27-01.21.21:942][712]LogTemp: Warning: 100.000000
[2019.01.27-01.21.21:957][713]LogTemp: Warning: 100.000000
[2019.01.27-01.21.21:972][714]LogTemp: Warning: 100.000000
[2019.01.27-01.21.21:990][715]LogTemp: Warning: 100.000000
[2019.01.27-01.21.22:005][716]LogTemp: Warning: 100.000000
[2019.01.27-01.21.22:019][717]LogTemp: Warning: 100.000000
[2019.01.27-01.21.22:036][718]LogTemp: Warning: 100.000000
[2019.01.27-01.21.22:051][719]LogTemp: Warning: 100.000000
[2019.01.27-01.21.22:064][720]LogTemp: Warning: 100.000000
[2019.01.27-01.21.22:079][721]LogTemp: Warning: 100.000000
[2019.01.27-01.21.22:093][722]LogTemp: Warning: 100.000000
[2019.01.27-01.21.22:109][723]LogTemp: Warning: 100.000000
[2019.01.27-01.21.22:122][724]LogTemp: Warning: 100.000000
[2019.01.27-01.21.22:135][725]LogTemp: Warning: 100.000000
[2019.01.27-01.21.22:150][726]LogTemp: Warning: 100.000000
[2019.01.27-01.21.22:164][727]LogTemp: Warning: 100.000000
[2019.01.27-01.21.22:179][728]LogTemp: Warning: 100.000000
[2019.01.27-01.21.22:194][729]LogTemp: Warning: 100.000000
[2019.01.27-01.21.22:211][730]LogTemp: Warning: 100.000000
[2019.01.27-01.21.22:225][731]LogTemp: Warning: 100.000000
[2019.01.27-01.21.22:239][732]LogTemp: Warning: 100.000000
[2019.01.27-01.21.22:252][733]LogTemp: Warning: 100.000000
[2019.01.27-01.21.22:266][734]LogTemp: Warning: 100.000000
[2019.01.27-01.21.22:280][735]LogTemp: Warning: 100.000000
[2019.01.27-01.21.22:298][736]LogTemp: Warning: 100.000000
[2019.01.27-01.21.22:312][737]LogTemp: Warning: 100.000000
[2019.01.27-01.21.22:327][738]LogTemp: Warning: 100.000000
[2019.01.27-01.21.22:344][739]LogTemp: Warning: 100.000000
[2019.01.27-01.21.22:358][740]LogTemp: Warning: 100.000000
[2019.01.27-01.21.22:372][741]LogTemp: Warning: 100.000000
[2019.01.27-01.21.22:390][742]LogTemp: Warning: 100.000000
[2019.01.27-01.21.22:409][743]LogTemp: Warning: 100.000000
[2019.01.27-01.21.22:423][744]LogTemp: Warning: 100.000000
[2019.01.27-01.21.22:437][745]LogTemp: Warning: 100.000000
[2019.01.27-01.21.22:450][746]LogTemp: Warning: 100.000000
[2019.01.27-01.21.22:465][747]LogTemp: Warning: 100.000000
[2019.01.27-01.21.22:482][748]LogTemp: Warning: 100.000000
[2019.01.27-01.21.22:495][749]LogTemp: Warning: 100.000000
[2019.01.27-01.21.22:511][750]LogTemp: Warning: 100.000000
[2019.01.27-01.21.22:525][751]LogTemp: Warning: 100.000000
[2019.01.27-01.21.22:541][752]LogTemp: Warning: 100.000000
[2019.01.27-01.21.22:556][753]LogTemp: Warning: 100.000000
[2019.01.27-01.21.22:573][754]LogTemp: Warning: 100.000000
[2019.01.27-01.21.22:590][755]LogTemp: Warning: 100.000000
[2019.01.27-01.21.22:604][756]LogTemp: Warning: 100.000000
[2019.01.27-01.21.22:619][757]LogTemp: Warning: 100.000000
[2019.01.27-01.21.22:632][758]LogTemp: Warning: 100.000000
[2019.01.27-01.21.22:646][759]LogTemp: Warning: 100.000000
[2019.01.27-01.21.22:661][760]LogTemp: Warning: 100.000000
[2019.01.27-01.21.22:676][761]LogTemp: Warning: 100.000000
[2019.01.27-01.21.22:692][762]LogTemp: Warning: 100.000000
[2019.01.27-01.21.22:709][763]LogTemp: Warning: 100.000000
[2019.01.27-01.21.22:725][764]LogTemp: Warning: 100.000000
[2019.01.27-01.21.22:740][765]LogTemp: Warning: 100.000000
[2019.01.27-01.21.22:756][766]LogTemp: Warning: 100.000000
[2019.01.27-01.21.22:772][767]LogTemp: Warning: 100.000000
[2019.01.27-01.21.22:789][768]LogTemp: Warning: 100.000000
[2019.01.27-01.21.22:804][769]LogTemp: Warning: 100.000000
[2019.01.27-01.21.22:821][770]LogTemp: Warning: 100.000000
[2019.01.27-01.21.22:842][771]LogTemp: Warning: 100.000000
[2019.01.27-01.21.22:857][772]LogTemp: Warning: 100.000000
[2019.01.27-01.21.22:873][773]LogTemp: Warning: 100.000000
[2019.01.27-01.21.22:887][774]LogTemp: Warning: 100.000000
[2019.01.27-01.21.22:908][775]LogTemp: Warning: 100.000000
[2019.01.27-01.21.22:922][776]LogTemp: Warning: 100.000000
[2019.01.27-01.21.22:936][777]LogTemp: Warning: 100.000000
[2019.01.27-01.21.22:950][778]LogTemp: Warning: 100.000000
[2019.01.27-01.21.22:964][779]LogTemp: Warning: 100.000000
[2019.01.27-01.21.22:978][780]LogTemp: Warning: 100.000000
[2019.01.27-01.21.22:993][781]LogTemp: Warning: 100.000000
[2019.01.27-01.21.23:012][782]LogTemp: Warning: 100.000000
[2019.01.27-01.21.23:031][783]LogTemp: Warning: 100.000000
[2019.01.27-01.21.23:045][784]LogTemp: Warning: 100.000000
[2019.01.27-01.21.23:064][785]LogTemp: Warning: 100.000000
[2019.01.27-01.21.23:080][786]LogTemp: Warning: 100.000000
[2019.01.27-01.21.23:094][787]LogTemp: Warning: 100.000000
[2019.01.27-01.21.23:109][788]LogTemp: Warning: 100.000000
[2019.01.27-01.21.23:127][789]LogTemp: Warning: 100.000000
[2019.01.27-01.21.23:141][790]LogTemp: Warning: 100.000000
[2019.01.27-01.21.23:155][791]LogTemp: Warning: 100.000000
[2019.01.27-01.21.23:169][792]LogTemp: Warning: 100.000000
[2019.01.27-01.21.23:183][793]LogTemp: Warning: 100.000000
[2019.01.27-01.21.23:197][794]LogTemp: Warning: 100.000000
[2019.01.27-01.21.23:216][795]LogTemp: Warning: 100.000000
[2019.01.27-01.21.23:236][796]LogTemp: Warning: 100.000000
[2019.01.27-01.21.23:253][797]LogTemp: Warning: 100.000000
[2019.01.27-01.21.23:271][798]LogTemp: Warning: 100.000000
[2019.01.27-01.21.23:284][799]LogTemp: Warning: 100.000000
[2019.01.27-01.21.23:299][800]LogTemp: Warning: 100.000000
[2019.01.27-01.21.23:321][801]LogTemp: Warning: 100.000000
[2019.01.27-01.21.23:344][802]LogTemp: Warning: 100.000000
[2019.01.27-01.21.23:358][803]LogTemp: Warning: 100.000000
[2019.01.27-01.21.23:372][804]LogTemp: Warning: 100.000000
[2019.01.27-01.21.23:386][805]LogTemp: Warning: 100.000000
[2019.01.27-01.21.23:402][806]LogTemp: Warning: 100.000000
[2019.01.27-01.21.23:417][807]LogTemp: Warning: 100.000000
[2019.01.27-01.21.23:435][808]LogTemp: Warning: 100.000000
[2019.01.27-01.21.23:452][809]LogTemp: Warning: 100.000000
[2019.01.27-01.21.23:466][810]LogTemp: Warning: 100.000000
[2019.01.27-01.21.23:481][811]LogTemp: Warning: 100.000000
[2019.01.27-01.21.23:495][812]LogTemp: Warning: 100.000000
[2019.01.27-01.21.23:509][813]LogTemp: Warning: 100.000000
[2019.01.27-01.21.23:523][814]LogTemp: Warning: 100.000000
[2019.01.27-01.21.23:537][815]LogTemp: Warning: 100.000000
[2019.01.27-01.21.23:551][816]LogTemp: Warning: 100.000000
[2019.01.27-01.21.23:565][817]LogTemp: Warning: 100.000000
[2019.01.27-01.21.23:579][818]LogTemp: Warning: 100.000000
[2019.01.27-01.21.23:593][819]LogTemp: Warning: 100.000000
[2019.01.27-01.21.23:608][820]LogTemp: Warning: 100.000000
[2019.01.27-01.21.23:623][821]LogTemp: Warning: 100.000000
[2019.01.27-01.21.23:638][822]LogTemp: Warning: 100.000000
[2019.01.27-01.21.23:652][823]LogTemp: Warning: 100.000000
[2019.01.27-01.21.23:666][824]LogTemp: Warning: 100.000000
[2019.01.27-01.21.23:681][825]LogTemp: Warning: 100.000000
[2019.01.27-01.21.23:695][826]LogTemp: Warning: 100.000000
[2019.01.27-01.21.23:710][827]LogTemp: Warning: 100.000000
[2019.01.27-01.21.23:723][828]LogTemp: Warning: 100.000000
[2019.01.27-01.21.23:738][829]LogTemp: Warning: 100.000000
[2019.01.27-01.21.23:752][830]LogTemp: Warning: 100.000000
[2019.01.27-01.21.23:766][831]LogTemp: Warning: 100.000000
[2019.01.27-01.21.23:780][832]LogTemp: Warning: 100.000000
[2019.01.27-01.21.23:801][833]LogTemp: Warning: 100.000000
[2019.01.27-01.21.23:818][834]LogTemp: Warning: 100.000000
[2019.01.27-01.21.23:834][835]LogTemp: Warning: 100.000000
[2019.01.27-01.21.23:860][836]LogTemp: Warning: 100.000000
[2019.01.27-01.21.23:877][837]LogTemp: Warning: 100.000000
[2019.01.27-01.21.23:897][838]LogTemp: Warning: 100.000000
[2019.01.27-01.21.23:915][839]LogTemp: Warning: 100.000000
[2019.01.27-01.21.23:934][840]LogTemp: Warning: 100.000000
[2019.01.27-01.21.23:949][841]LogTemp: Warning: 100.000000
[2019.01.27-01.21.23:964][842]LogTemp: Warning: 100.000000
[2019.01.27-01.21.23:980][843]LogTemp: Warning: 100.000000
[2019.01.27-01.21.23:994][844]LogTemp: Warning: 100.000000
[2019.01.27-01.21.24:011][845]LogTemp: Warning: 100.000000
[2019.01.27-01.21.24:025][846]LogTemp: Warning: 100.000000
[2019.01.27-01.21.24:043][847]LogTemp: Warning: 100.000000
[2019.01.27-01.21.24:060][848]LogTemp: Warning: 100.000000
[2019.01.27-01.21.24:075][849]LogTemp: Warning: 100.000000
[2019.01.27-01.21.24:089][850]LogTemp: Warning: 100.000000
[2019.01.27-01.21.24:102][851]LogTemp: Warning: 100.000000
[2019.01.27-01.21.24:116][852]LogTemp: Warning: 100.000000
[2019.01.27-01.21.24:130][853]LogTemp: Warning: 100.000000
[2019.01.27-01.21.24:146][854]LogTemp: Warning: 100.000000
[2019.01.27-01.21.24:161][855]LogTemp: Warning: 100.000000
[2019.01.27-01.21.24:175][856]LogTemp: Warning: 100.000000
[2019.01.27-01.21.24:193][857]LogTemp: Warning: 100.000000
[2019.01.27-01.21.24:208][858]LogTemp: Warning: 100.000000
[2019.01.27-01.21.24:222][859]LogTemp: Warning: 100.000000
[2019.01.27-01.21.24:238][860]LogTemp: Warning: 100.000000
[2019.01.27-01.21.24:256][861]LogTemp: Warning: 100.000000
[2019.01.27-01.21.24:276][862]LogTemp: Warning: 100.000000
[2019.01.27-01.21.24:294][863]LogTemp: Warning: 100.000000
[2019.01.27-01.21.24:308][864]LogTemp: Warning: 100.000000
[2019.01.27-01.21.24:324][865]LogTemp: Warning: 100.000000
[2019.01.27-01.21.24:339][866]LogTemp: Warning: 100.000000
[2019.01.27-01.21.24:353][867]LogTemp: Warning: 100.000000
[2019.01.27-01.21.24:367][868]LogTemp: Warning: 100.000000
[2019.01.27-01.21.24:384][869]LogTemp: Warning: 100.000000
[2019.01.27-01.21.24:398][870]LogTemp: Warning: 100.000000
[2019.01.27-01.21.24:413][871]LogTemp: Warning: 100.000000
[2019.01.27-01.21.24:414][871]LogBlueprintUserMessages: Early EndPlayMap Detection: Level '/Game/FirstPersonCPP/Maps/FirstPersonExampleMap.FirstPersonExampleMap:PersistentLevel' has LevelScriptBlueprint '/Game/FirstPersonCPP/Maps/FirstPersonExampleMap.FirstPersonExampleMap:PersistentLevel.FirstPersonExampleMap' with GeneratedClass '/Game/FirstPersonCPP/Maps/FirstPersonExampleMap.FirstPersonExampleMap_C' with ClassGeneratedBy '/Game/FirstPersonCPP/Maps/FirstPersonExampleMap.FirstPersonExampleMap:PersistentLevel.FirstPersonExampleMap'
[2019.01.27-01.21.24:415][871]LogSlate: Updating window title bar state: overlay mode, drag disabled, window buttons hidden, title bar hidden
[2019.01.27-01.21.24:456][871]LogPlayLevel: Display: Shutting down PIE online subsystems
[2019.01.27-01.21.24:456][871]LogBlueprintUserMessages: Late EndPlayMap Detection: Level '/Game/FirstPersonCPP/Maps/FirstPersonExampleMap.FirstPersonExampleMap:PersistentLevel' has LevelScriptBlueprint '/Game/FirstPersonCPP/Maps/FirstPersonExampleMap.FirstPersonExampleMap:PersistentLevel.FirstPersonExampleMap' with GeneratedClass '/Game/FirstPersonCPP/Maps/FirstPersonExampleMap.FirstPersonExampleMap_C' with ClassGeneratedBy '/Game/FirstPersonCPP/Maps/FirstPersonExampleMap.FirstPersonExampleMap:PersistentLevel.FirstPersonExampleMap'
[2019.01.27-01.21.24:484][871]LogSlate: Updating window title bar state: overlay mode, drag disabled, window buttons hidden, title bar hidden
[2019.01.27-01.21.24:523][873]LogPlayLevel: Display: Destroying online subsystem :Context_3
[2019.01.27-01.21.25:291][965]LogSlate: FSceneViewport::OnFocusLost() reason 0
[2019.01.27-01.21.25:390][974]Candidate modules for hot reload:
[2019.01.27-01.21.25:390][974]  HomeIs
[2019.01.27-01.21.25:391][974]Launching UnrealBuildTool... [C:/Epic/UE4/UE_4.20/Engine/Binaries/DotNET/UnrealBuildTool.exe  -ModuleWithSuffix=HomeIs,1348 Win64 Development -TargetType=Editor -Project="../../../../../../Users/r017093h/Documents/HomeIs/HomeIs/HomeIs.uproject" -canskiplink "C:/Users/r017093h/Documents/HomeIs/HomeIs/HomeIs.uproject" ]
[2019.01.27-01.21.25:395][974]Warning: Starting HotReload took  0.0s.
[2019.01.27-01.21.26:564][113]LogEditorViewport: Clicking on Actor (LMB): Zombie_C (Zombie)
[2019.01.27-01.21.27:198][164]LogSlate: Took 0.000337 seconds to synchronously load lazily loaded font '../../../Engine/Content/Slate/Fonts/Roboto-Italic.ttf' (157K)
[2019.01.27-01.21.27:838][229]LogSlate: FSceneViewport::OnFocusLost() reason 2
[2019.01.27-01.21.28:400][288]LogSlate: Took 0.000237 seconds to synchronously load lazily loaded font '../../../Engine/Content/Slate/Fonts/Roboto-Light.ttf' (167K)
[2019.01.27-01.21.28:402][288]LogSlate: FSceneViewport::OnFocusLost() reason 2
[2019.01.27-01.21.28:406][288]LogAssetEditorManager: Opening Asset editor for Blueprint /Game/HalsStuffFuckOff/Zombie.Zombie
[2019.01.27-01.21.29:089][288]LogContentBrowser: Native class hierarchy updated for 'BlueprintGraph' in 0.0010 seconds. Added 116 classes and 0 folders.
[2019.01.27-01.21.30:206][288]LogSlate: Took 0.000312 seconds to synchronously load lazily loaded font '../../../Engine/Content/Slate/Fonts/Roboto-BoldCondensed.ttf' (158K)
[2019.01.27-01.21.32:027][399]CompilerResultsLog: New page: Compilation - 27 Jan 2019 01:21:32
[2019.01.27-01.21.32:027][399]CompilerResultsLog: Using 'git status' to determine working set for adaptive non-unity build.
[2019.01.27-01.21.32:027][399]CompilerResultsLog: Compiling game modules for hot reload
[2019.01.27-01.21.32:027][399]CompilerResultsLog: Building 3 actions with 8 processes...
[2019.01.27-01.21.32:028][399]CompilerResultsLog:   [1/3] ZombieBase.cpp
[2019.01.27-01.21.32:028][399]CompilerResultsLog:   [2/3] UE4Editor-HomeIs-1348.lib
[2019.01.27-01.21.32:028][399]CompilerResultsLog:      Creating library C:\Users\r017093h\Documents\HomeIs\HomeIs\Intermediate\Build\Win64\UE4Editor\Development\HomeIs\UE4Editor-HomeIs-1348.lib and object C:\Users\r017093h\Documents\HomeIs\HomeIs\Intermediate\Build\Win64\UE4Editor\Development\HomeIs\UE4Editor-HomeIs-1348.exp
[2019.01.27-01.21.32:028][399]CompilerResultsLog:   [3/3] UE4Editor-HomeIs-1348.dll
[2019.01.27-01.21.32:028][399]CompilerResultsLog:      Creating library C:\Users\r017093h\Documents\HomeIs\HomeIs\Intermediate\Build\Win64\UE4Editor\Development\HomeIs\UE4Editor-HomeIs-1348.suppressed.lib and object C:\Users\r017093h\Documents\HomeIs\HomeIs\Intermediate\Build\Win64\UE4Editor\Development\HomeIs\UE4Editor-HomeIs-1348.suppressed.exp
[2019.01.27-01.21.32:028][399]CompilerResultsLog: Total build time: 6.26 seconds (Parallel executor: 2.62 seconds)
[2019.01.27-01.21.32:028][399]LogMainFrame: MainFrame: Module compiling took 6.646 seconds
[2019.01.27-01.21.32:141][399]LogClass: Type HotReload.
[2019.01.27-01.21.32:153][399]LogContentBrowser: Native class hierarchy updated for 'HomeIs' in 0.0007 seconds. Added 13 classes and 3 folders.
[2019.01.27-01.21.32:158][399]Display: HotReload successful (7 functions remapped  0 scriptstructs remapped)
[2019.01.27-01.21.32:679][399]LogContentBrowser: Native class hierarchy populated in 0.0114 seconds. Added 2595 classes and 613 folders.
[2019.01.27-01.21.32:679][399]Display: HotReload took  7.3s.
[2019.01.27-01.21.33:688][487]BlueprintLog: New page: Compile Zombie
[2019.01.27-01.21.36:895][724]LogTemp: Repeating last play command: Selected Viewport
