Log file open, 01/26/19 14:20:36
LogWindows: Failed to load 'aqProf.dll' (GetLastError=126)
LogWindows: File 'aqProf.dll' does not exist
LogWindows: Failed to load 'VSPerf140.dll' (GetLastError=126)
LogWindows: File 'VSPerf140.dll' does not exist
LogWindows: Failed to load 'VtuneApi.dll' (GetLastError=126)
LogWindows: File 'VtuneApi.dll' does not exist
LogWindows: Failed to load 'VtuneApi32e.dll' (GetLastError=126)
LogWindows: File 'VtuneApi32e.dll' does not exist
LogInit: Display: Running engine for game: HomeIs
LogPlatformFile: Not using cached read wrapper
LogTaskGraph: Started task graph with 5 named threads and 23 total threads with 3 sets of task threads.
LogStats: Stats thread started at 0.422665
LogD3D11RHI: Loaded GFSDK_Aftermath_Lib.x64.dll
LogICUInternationalization: Display: ICU TimeZone Detection - Raw Offset: +0:00, Platform Override: ''
LogPluginManager: Mounting plugin Paper2D
LogPluginManager: Mounting plugin AISupport
LogPluginManager: Mounting plugin LightPropagationVolume
LogPluginManager: Mounting plugin CLionSourceCodeAccess
LogPluginManager: Mounting plugin CodeLiteSourceCodeAccess
LogPluginManager: Mounting plugin GitSourceControl
LogPluginManager: Mounting plugin KDevelopSourceCodeAccess
LogPluginManager: Mounting plugin NullSourceCodeAccess
LogPluginManager: Mounting plugin PerforceSourceControl
LogPluginManager: Mounting plugin SubversionSourceControl
LogPluginManager: Mounting plugin UObjectPlugin
LogPluginManager: Mounting plugin VisualStudioCodeSourceCodeAccess
LogPluginManager: Mounting plugin VisualStudioSourceCodeAccess
LogPluginManager: Mounting plugin XCodeSourceCodeAccess
LogPluginManager: Mounting plugin AssetManagerEditor
LogPluginManager: Mounting plugin CryptoKeys
LogPluginManager: Mounting plugin DataValidation
LogPluginManager: Mounting plugin FacialAnimation
LogPluginManager: Mounting plugin GameplayTagsEditor
LogPluginManager: Mounting plugin MacGraphicsSwitching
LogPluginManager: Mounting plugin MeshEditor
LogPluginManager: Mounting plugin MobileLauncherProfileWizard
LogPluginManager: Mounting plugin PluginBrowser
LogPluginManager: Mounting plugin SpeedTreeImporter
LogPluginManager: Mounting plugin DatasmithContent
LogPluginManager: Mounting plugin AlembicImporter
LogPluginManager: Mounting plugin AppleImageUtils
LogPluginManager: Mounting plugin AppleVision
LogPluginManager: Mounting plugin BackChannel
LogPluginManager: Mounting plugin CharacterAI
LogPluginManager: Mounting plugin GeometryCache
LogPluginManager: Mounting plugin HTML5Networking
LogPluginManager: Mounting plugin ProxyLODPlugin
LogPluginManager: Mounting plugin MagicLeap
LogPluginManager: Mounting plugin MagicLeapEmulator
LogPluginManager: Mounting plugin MagicLeapMedia
LogPluginManager: Mounting plugin AndroidMedia
LogPluginManager: Mounting plugin AvfMedia
LogPluginManager: Mounting plugin ImgMedia
LogPluginManager: Mounting plugin LinearTimecode
LogPluginManager: Mounting plugin MediaCompositing
LogPluginManager: Mounting plugin MediaPlayerEditor
LogPluginManager: Mounting plugin WmfMedia
LogPluginManager: Mounting plugin TcpMessaging
LogPluginManager: Mounting plugin UdpMessaging
LogPluginManager: Mounting plugin ActorSequence
LogPluginManager: Mounting plugin LevelSequenceEditor
LogPluginManager: Mounting plugin MatineeToLevelSequence
LogPluginManager: Mounting plugin NetcodeUnitTest
LogPluginManager: Mounting plugin NUTUnrealEngine4
LogPluginManager: Mounting plugin OnlineSubsystemGooglePlay
LogPluginManager: Mounting plugin OnlineSubsystemIOS
LogPluginManager: Mounting plugin OnlineSubsystem
LogPluginManager: Mounting plugin OnlineSubsystemNull
LogPluginManager: Mounting plugin OnlineSubsystemUtils
LogPluginManager: Mounting plugin LauncherChunkInstaller
LogPluginManager: Mounting plugin AndroidDeviceProfileSelector
LogPluginManager: Mounting plugin AndroidMoviePlayer
LogPluginManager: Mounting plugin AndroidPermission
LogPluginManager: Mounting plugin AppleMoviePlayer
LogPluginManager: Mounting plugin ArchVisCharacter
LogPluginManager: Mounting plugin AudioCapture
LogPluginManager: Mounting plugin CableComponent
LogPluginManager: Mounting plugin CustomMeshComponent
LogPluginManager: Mounting plugin EditableMesh
LogPluginManager: Mounting plugin ExampleDeviceProfileSelector
LogPluginManager: Mounting plugin GoogleCloudMessaging
LogPluginManager: Mounting plugin ImmediatePhysics
LogPluginManager: Mounting plugin IOSDeviceProfileSelector
LogPluginManager: Mounting plugin LinuxDeviceProfileSelector
LogPluginManager: Mounting plugin LocationServicesBPLibrary
LogPluginManager: Mounting plugin MobilePatchingUtils
LogPluginManager: Mounting plugin OculusVR
LogPluginManager: Plugin shader directory ../../../Engine/Plugins/Runtime/Oculus/OculusVR/Shaders found
LogPluginManager: Mapping shader source directory ../../../Engine/Plugins/Runtime/Oculus/OculusVR/Shaders to virtual directory /Plugin/OculusVR
LogPluginManager: Mounting plugin PhysXVehicles
LogPluginManager: Mounting plugin ProceduralMeshComponent
LogPluginManager: Mounting plugin RuntimePhysXCooking
LogPluginManager: Mounting plugin SteamVR
LogPluginManager: Mounting plugin WindowsMoviePlayer
LogStreaming: Display: Took  0.629s to configure plugins.
LogInit: Using libcurl 7.55.1-DEV
LogInit:  - built for x86_64-pc-win32
LogInit:  - supports SSL with OpenSSL/1.0.2h
LogInit:  - supports HTTP deflate (compression) using libz 1.2.8
LogInit:  - other features:
LogInit:      CURL_VERSION_SSL
LogInit:      CURL_VERSION_LIBZ
LogInit:      CURL_VERSION_IPV6
LogInit:      CURL_VERSION_ASYNCHDNS
LogInit:      CURL_VERSION_LARGEFILE
LogInit:      CURL_VERSION_IDN
LogInit:  CurlRequestOptions (configurable via config and command line):
LogInit:  - bVerifyPeer = false  - Libcurl will NOT verify peer certificate
LogInit:  - bUseHttpProxy = false  - Libcurl will NOT use HTTP proxy
LogInit:  - bDontReuseConnections = false  - Libcurl will reuse connections
LogInit:  - CertBundlePath = nullptr  - Libcurl will use whatever was configured at build time.
LogInit:  - MaxHostConnections = 16  - Libcurl will limit the number of connections to a host
LogInit:  - LocalHostAddr = Default
LogInit:  - BufferSize = 65536
LogInit: WinSock: version 1.1 (2.2), MaxSocks=32767, MaxUdp=65467
LogInit: Build: ++UE4+Release-4.20-CL-4369336
LogInit: Engine Version: 4.20.3-4369336+++UE4+Release-4.20
LogInit: Compatible Engine Version: 4.20.0-4212847+++UE4+Release-4.20
LogInit: Net CL: 4212847
LogInit: OS: Windows 10 (), CPU: Intel(R) Xeon(R) CPU E5-1620 v3 @ 3.50GHz, GPU: NVIDIA GeForce GTX 970
LogInit: Compiled (64-bit): Sep 17 2018 12:26:19
LogInit: Compiled with Visual C++: 19.13.26129.00
LogInit: Build Configuration: Development
LogInit: Branch Name: ++UE4+Release-4.20
LogInit: Command Line:  -skipcompile
LogInit: Base Directory: C:/Epic/UE4/UE_4.20/Engine/Binaries/Win64/
LogInit: Installed Engine Build: 1
LogDevObjectVersion: Number of dev versions registered: 20
LogDevObjectVersion:   Dev-Blueprints (B0D832E4-1F89-4F0D-ACCF-7EB736FD4AA2): 10
LogDevObjectVersion:   Dev-Build (E1C64328-A22C-4D53-A36C-8E866417BD8C): 0
LogDevObjectVersion:   Dev-Core (375EC13C-06E4-48FB-B500-84F0262A717E): 2
LogDevObjectVersion:   Dev-Editor (E4B068ED-F494-42E9-A231-DA0B2E46BB41): 24
LogDevObjectVersion:   Dev-Framework (CFFC743F-43B0-4480-9391-14DF171D2073): 34
LogDevObjectVersion:   Dev-Mobile (B02B49B5-BB20-44E9-A304-32B752E40360): 2
LogDevObjectVersion:   Dev-Networking (A4E4105C-59A1-49B5-A7C5-40C4547EDFEE): 0
LogDevObjectVersion:   Dev-Online (39C831C9-5AE6-47DC-9A44-9C173E1C8E7C): 0
LogDevObjectVersion:   Dev-Physics (78F01B33-EBEA-4F98-B9B4-84EACCB95AA2): 0
LogDevObjectVersion:   Dev-Platform (6631380F-2D4D-43E0-8009-CF276956A95A): 0
LogDevObjectVersion:   Dev-Rendering (12F88B9F-8875-4AFC-A67C-D90C383ABD29): 26
LogDevObjectVersion:   Dev-Sequencer (7B5AE74C-D270-4C10-A958-57980B212A5A): 9
LogDevObjectVersion:   Dev-VR (D7296918-1DD6-4BDD-9DE2-64A83CC13884): 2
LogDevObjectVersion:   Dev-LoadTimes (C2A15278-BFE7-4AFE-6C17-90FF531DF755): 1
LogDevObjectVersion:   Private-Geometry (6EACA3D4-40EC-4CC1-B786-8BED09428FC5): 3
LogDevObjectVersion:   Dev-AnimPhys (29E575DD-E0A3-4627-9D10-D276232CDCEA): 17
LogDevObjectVersion:   Dev-ReflectionCapture (6B266CEC-1EC7-4B8F-A30B-E4D90942FC07): 1
LogDevObjectVersion:   Dev-Automation (0DF73D61-A23F-47EA-B727-89E90C41499A): 1
LogDevObjectVersion:   FortniteMain (601D1886-AC64-4F84-AA16-D3DE0DEAC7D6): 12
LogDevObjectVersion:   Dev-Enterprise (9DFFBCD6-494F-0158-E221-12823C92A888): 1
LogStreaming: Display: Took  0.012s to delete old logs.
LogInit: Presizing for max 8388607 objects, including 0 objects not considered by GC, pre-allocating 0 bytes for permanent pool.
LogInit: Object subsystem initialized
[2019.01.26-14.20.37:738][  0]LogInit: Selected Device Profile: [Windows]
[2019.01.26-14.20.37:738][  0]LogInit: Applying CVar settings loaded from the selected device profile: [Windows]
[2019.01.26-14.20.37:765][  0]LogHAL: Display: Platform has ~ 16 GB [17092038656 / 17179869184 / 16], which maps to Larger [LargestMinGB=32, LargerMinGB=12, DefaultMinGB=8, SmallerMinGB=6, SmallestMinGB=0)
[2019.01.26-14.20.37:765][  0]LogInit: Setting Device Profile CVar: [[r.Vulkan.UseRealUBs:1]]
[2019.01.26-14.20.37:765][  0]LogInit: Going up to parent DeviceProfile []
[2019.01.26-14.20.37:766][  0]LogInit: Computer: D102-13
[2019.01.26-14.20.37:766][  0]LogInit: User: r017093h
[2019.01.26-14.20.37:766][  0]LogInit: CPU Page size=4096, Cores=4
[2019.01.26-14.20.37:766][  0]LogInit: High frequency timer resolution =3.410069 MHz
[2019.01.26-14.20.37:766][  0]LogMemory: Memory total: Physical=15.9GB (16GB approx)
[2019.01.26-14.20.37:766][  0]LogMemory: Platform Memory Stats for Windows
[2019.01.26-14.20.37:766][  0]LogMemory: Process Physical Memory: 100.37 MB used, 100.37 MB peak
[2019.01.26-14.20.37:766][  0]LogMemory: Process Virtual Memory: 90.90 MB used, 90.90 MB peak
[2019.01.26-14.20.37:767][  0]LogMemory: Physical Memory: 5826.45 MB used,  10473.79 MB free, 16300.24 MB total
[2019.01.26-14.20.37:767][  0]LogMemory: Virtual Memory: 4640.35 MB used,  10473.79 MB free, 134217728.00 MB total
[2019.01.26-14.20.37:898][  0]LogInit: Using OS detected language (en-US).
[2019.01.26-14.20.37:898][  0]LogInit: Using OS detected locale (en-GB).
[2019.01.26-14.20.37:900][  0]LogTextLocalizationManager: No specific localization for 'en-US' exists, so the 'en' localization will be used.
[2019.01.26-14.20.38:306][  0]LogStreaming: Display: Took  0.408s to InitEngineTextLocalization.
[2019.01.26-14.20.38:307][  0]LogInit: Setting process to per monitor DPI aware
[2019.01.26-14.20.38:370][  0]LogSlate: New Slate User Created.  User Index 0, Is Virtual User: 0
[2019.01.26-14.20.38:370][  0]LogSlate: Slate User Registered.  User Index 0, Is Virtual User: 0
[2019.01.26-14.20.38:698][  0]LogHMD: Failed to initialize OpenVR with code 110
[2019.01.26-14.20.38:698][  0]LogD3D11RHI: D3D11 adapters:
[2019.01.26-14.20.38:786][  0]LogD3D11RHI:    0. 'NVIDIA GeForce GTX 970' (Feature Level 11_0)
[2019.01.26-14.20.38:786][  0]LogD3D11RHI:       4043/0/8150 MB DedicatedVideo/DedicatedSystem/SharedSystem, Outputs:2, VendorId:0x10de
[2019.01.26-14.20.38:793][  0]LogD3D11RHI:    1. 'Microsoft Basic Render Driver' (Feature Level 11_0)
[2019.01.26-14.20.38:793][  0]LogD3D11RHI:       0/0/8150 MB DedicatedVideo/DedicatedSystem/SharedSystem, Outputs:0, VendorId:0x1414
[2019.01.26-14.20.38:793][  0]LogD3D11RHI: Chosen D3D11 Adapter: 0
[2019.01.26-14.20.38:801][  0]LogD3D11RHI: Creating new Direct3DDevice
[2019.01.26-14.20.38:801][  0]LogD3D11RHI:     GPU DeviceId: 0x13c2 (for the marketing name, search the web for "GPU Device Id")
[2019.01.26-14.20.38:801][  0]LogWindows: EnumDisplayDevices:
[2019.01.26-14.20.38:801][  0]LogWindows:    0. 'NVIDIA GeForce GTX 970' (P:1 D:1)
[2019.01.26-14.20.38:802][  0]LogWindows:    1. 'NVIDIA GeForce GTX 970' (P:0 D:1)
[2019.01.26-14.20.38:802][  0]LogWindows:    2. 'NVIDIA GeForce GTX 970' (P:0 D:0)
[2019.01.26-14.20.38:803][  0]LogWindows:    3. 'NVIDIA GeForce GTX 970' (P:0 D:0)
[2019.01.26-14.20.38:803][  0]LogWindows: DebugString: FoundDriverCount:4 
[2019.01.26-14.20.38:803][  0]LogD3D11RHI:     Adapter Name: NVIDIA GeForce GTX 970
[2019.01.26-14.20.38:803][  0]LogD3D11RHI:   Driver Version: 398.82 (internal:24.21.13.9882, unified:398.82)
[2019.01.26-14.20.38:803][  0]LogD3D11RHI:      Driver Date: 7-30-2018
[2019.01.26-14.20.38:804][  0]LogRHI: Texture pool is 2830 MB (70% of 4043 MB)
[2019.01.26-14.20.38:853][  0]LogD3D11RHI: Async texture creation enabled
[2019.01.26-14.20.38:872][  0]LogD3D11RHI: GPU Timing Frequency: 1000.000000 (Debug: 2 2)
[2019.01.26-14.20.38:875][  0]LogShaderCompilers: Guid format shader working directory is -7 characters bigger than the processId version (../../../../../../Users/r017093h/Documents/HomeIs/HomeIs/Intermediate/Shaders/WorkingDirectory/7764/).
[2019.01.26-14.20.38:876][  0]LogShaderCompilers: Cleaned the shader compiler working directory 'C:/Users/r017093h/AppData/Local/Temp/UnrealShaderWorkingDir/EAC9135342EBAB095DF9308AF9F9C248/'.
[2019.01.26-14.20.39:238][  0]LogTemp: Display: Loaded TP AllDesktopTargetPlatform
[2019.01.26-14.20.39:257][  0]LogTemp: Display: Loaded TP MacClientTargetPlatform
[2019.01.26-14.20.39:277][  0]LogTemp: Display: Loaded TP MacNoEditorTargetPlatform
[2019.01.26-14.20.39:295][  0]LogTemp: Display: Loaded TP MacServerTargetPlatform
[2019.01.26-14.20.39:315][  0]LogTemp: Display: Loaded TP MacTargetPlatform
[2019.01.26-14.20.39:342][  0]LogTemp: Display: Loaded TP WindowsClientTargetPlatform
[2019.01.26-14.20.39:361][  0]LogTemp: Display: Loaded TP WindowsNoEditorTargetPlatform
[2019.01.26-14.20.39:392][  0]LogTemp: Display: Loaded TP WindowsServerTargetPlatform
[2019.01.26-14.20.39:407][  0]LogTemp: Display: Loaded TP WindowsTargetPlatform
[2019.01.26-14.20.39:495][  0]LogTemp: Display: Loaded TP AndroidTargetPlatform
[2019.01.26-14.20.39:495][  0]LogTemp: Display: Loaded TP AndroidTargetPlatform
[2019.01.26-14.20.39:495][  0]LogTemp: Display: Loaded TP AndroidTargetPlatform
[2019.01.26-14.20.39:495][  0]LogTemp: Display: Loaded TP AndroidTargetPlatform
[2019.01.26-14.20.39:495][  0]LogTemp: Display: Loaded TP AndroidTargetPlatform
[2019.01.26-14.20.39:495][  0]LogTemp: Display: Loaded TP AndroidTargetPlatform
[2019.01.26-14.20.39:495][  0]LogTemp: Display: Loaded TP AndroidTargetPlatform
[2019.01.26-14.20.39:495][  0]LogTemp: Display: Loaded TP AndroidTargetPlatform
[2019.01.26-14.20.39:495][  0]LogTemp: Display: Loaded TP AndroidTargetPlatform
[2019.01.26-14.20.39:495][  0]LogTemp: Display: Loaded TP AndroidTargetPlatform
[2019.01.26-14.20.39:495][  0]LogTemp: Display: Loaded TP AndroidTargetPlatform
[2019.01.26-14.20.39:495][  0]LogTemp: Display: Loaded TP AndroidTargetPlatform
[2019.01.26-14.20.39:495][  0]LogTemp: Display: Loaded TP AndroidTargetPlatform
[2019.01.26-14.20.39:496][  0]LogTemp: Display: Loaded TP AndroidTargetPlatform
[2019.01.26-14.20.39:496][  0]LogTemp: Display: Loaded TP AndroidTargetPlatform
[2019.01.26-14.20.39:496][  0]LogTemp: Display: Loaded TP AndroidTargetPlatform
[2019.01.26-14.20.39:496][  0]LogTemp: Display: Loaded TP AndroidTargetPlatform
[2019.01.26-14.20.39:496][  0]LogTemp: Display: Loaded TP AndroidTargetPlatform
[2019.01.26-14.20.39:500][  0]LogTemp: Display: Loaded TP HTML5TargetPlatform
[2019.01.26-14.20.39:575][  0]LogTemp: Display: Loaded TP IOSTargetPlatform
[2019.01.26-14.20.39:575][  0]LogTemp: Display: Loaded TP IOSTargetPlatform
[2019.01.26-14.20.39:605][  0]LogTemp: Display: Loaded TP TVOSTargetPlatform
[2019.01.26-14.20.39:605][  0]LogTemp: Display: Loaded TP TVOSTargetPlatform
[2019.01.26-14.20.39:621][  0]LogTemp: Display: Loaded TP LinuxClientTargetPlatform
[2019.01.26-14.20.39:637][  0]LogTemp: Display: Loaded TP LinuxNoEditorTargetPlatform
[2019.01.26-14.20.39:653][  0]LogTemp: Display: Loaded TP LinuxServerTargetPlatform
[2019.01.26-14.20.39:671][  0]LogTemp: Display: Loaded TP LinuxTargetPlatform
[2019.01.26-14.20.39:685][  0]LogTemp: Display: Loaded TP LuminTargetPlatform
[2019.01.26-14.20.39:685][  0]LogTargetPlatformManager: Display: Building Assets For Windows
[2019.01.26-14.20.39:871][  0]LogXGEController: Cleaning working directory: C:/Users/r017093h/AppData/Local/Temp/UnrealXGEWorkingDir/
[2019.01.26-14.20.39:872][  0]LogXGEController: Cannot use XGE Controller as Incredibuild is not installed on this machine.
[2019.01.26-14.20.39:872][  0]LogShaderCompilers: Cannot use XGE Shader Compiler as Incredibuild is not installed on this machine.
[2019.01.26-14.20.39:872][  0]LogShaderCompilers: Display: Using Local Shader Compiler.
[2019.01.26-14.20.40:902][  0]LogDerivedDataCache: Display: Max Cache Size: 512 MB
[2019.01.26-14.20.41:008][  0]LogDerivedDataCache: Loaded boot cache 0.11s 73MB C:/Users/r017093h/AppData/Local/UnrealEngine/4.20/DerivedDataCache/Boot.ddc.
[2019.01.26-14.20.41:008][  0]LogDerivedDataCache: Display: Loaded Boot cache: C:/Users/r017093h/AppData/Local/UnrealEngine/4.20/DerivedDataCache/Boot.ddc
[2019.01.26-14.20.41:008][  0]LogDerivedDataCache: FDerivedDataBackendGraph:  Pak pak cache file ../../../../../../Users/r017093h/Documents/HomeIs/HomeIs/DerivedDataCache/DDC.ddp not found, will not use a pak cache.
[2019.01.26-14.20.41:008][  0]LogDerivedDataCache: Unable to find inner node Pak for hierarchical cache Hierarchy.
[2019.01.26-14.20.41:008][  0]LogDerivedDataCache: FDerivedDataBackendGraph:  CompressedPak pak cache file ../../../../../../Users/r017093h/Documents/HomeIs/HomeIs/DerivedDataCache/Compressed.ddp not found, will not use a pak cache.
[2019.01.26-14.20.41:008][  0]LogDerivedDataCache: Unable to find inner node CompressedPak for hierarchical cache Hierarchy.
[2019.01.26-14.20.41:026][  0]LogDerivedDataCache: Display: Pak cache opened for reading ../../../Engine/DerivedDataCache/Compressed.ddp.
[2019.01.26-14.20.41:041][  0]LogDerivedDataCache: Using Local data cache path C:/Users/r017093h/AppData/Local/UnrealEngine/Common/DerivedDataCache: Writable
[2019.01.26-14.20.41:041][  0]LogDerivedDataCache: Shared data cache path not found in *engine.ini, will not use an Shared cache.
[2019.01.26-14.20.41:041][  0]LogDerivedDataCache: Unable to find inner node Shared for hierarchical cache Hierarchy.
[2019.01.26-14.20.41:067][  0]LogMaterial: Verifying Global Shaders for PCD3D_SM5
[2019.01.26-14.20.41:072][  0]LogSlate: Using FreeType 2.6.0
[2019.01.26-14.20.41:074][  0]LogSlate: SlateFontServices - WITH_FREETYPE: 1, WITH_HARFBUZZ: 1
[2019.01.26-14.20.41:207][  0]LogAssetRegistry: FAssetRegistry took 0.0404 seconds to start up
[2019.01.26-14.20.41:657][  0]LogInit: Selected Device Profile: [Windows]
[2019.01.26-14.20.41:834][  0]LogSimplygon: Simplygon DLL not present - disabling.
[2019.01.26-14.20.41:846][  0]LogMeshReduction: Using SimplygonSwarm for distributed automatic mesh merging
[2019.01.26-14.20.41:846][  0]LogMeshReduction: Using ProxyLODMeshReduction for automatic mesh merging
[2019.01.26-14.20.41:847][  0]LogMeshReduction: Using QuadricMeshReduction for automatic static mesh reduction
[2019.01.26-14.20.41:847][  0]LogMeshReduction: No automatic skeletal mesh reduction module available
[2019.01.26-14.20.41:866][  0]LogNetVersion: HomeIs 1.0.0, NetCL: 4212847, EngineNetVer: 5, GameNetVer: 0 (Checksum: 4178729889)
[2019.01.26-14.20.42:888][  0]LogPackageLocalizationCache: Processed 11 localized package path(s) for 2 prioritized culture(s) in 0.533143 seconds
[2019.01.26-14.20.42:896][  0]LogUObjectArray: 38425 objects as part of root set at end of initial load.
[2019.01.26-14.20.42:896][  0]LogUObjectAllocator: 6690864 out of 0 bytes used by permanent object pool.
[2019.01.26-14.20.42:896][  0]LogUObjectArray: CloseDisregardForGC: 0/0 objects in disregard for GC pool
[2019.01.26-14.20.44:130][  0]LogTcpMessaging: Initializing TcpMessaging bridge
[2019.01.26-14.20.44:152][  0]LogUdpMessaging: Initializing bridge on interface 0.0.0.0:0 to multicast group 230.0.0.1:6666.
[2019.01.26-14.20.44:427][  0]LogLinker: Warning: Can't find file '/Script/TP_FirstPerson'
[2019.01.26-14.20.44:427][  0]LogLinker: Warning: Can't find file for asset '/Script/TP_FirstPerson' while loading ../../../../../../Users/r017093h/Documents/HomeIs/HomeIs/Content/FirstPersonCPP/Blueprints/FirstPersonCharacter.uasset.
[2019.01.26-14.20.44:427][  0]LoadErrors: Error: /Game/FirstPersonCPP/Blueprints/FirstPersonCharacter : Can't find file for asset. /Script/TP_FirstPerson
[2019.01.26-14.20.44:429][  0]LogLinker: Warning: Can't find file '/Script/TP_FirstPerson'
[2019.01.26-14.20.44:429][  0]LogLinker: Warning: Can't find file for asset '/Script/TP_FirstPerson' while loading ../../../../../../Users/r017093h/Documents/HomeIs/HomeIs/Content/FirstPersonCPP/Blueprints/FirstPersonProjectile.uasset.
[2019.01.26-14.20.44:429][  0]LoadErrors: Error: /Game/FirstPersonCPP/Blueprints/FirstPersonProjectile : Can't find file for asset. /Script/TP_FirstPerson
[2019.01.26-14.20.44:434][  0]LogLinker: Warning: Can't find file '/Script/TP_FirstPerson'
[2019.01.26-14.20.44:434][  0]LogLinker: Warning: Can't find file for asset '/Script/TP_FirstPerson' while loading ../../../../../../Users/r017093h/Documents/HomeIs/HomeIs/Content/FirstPersonCPP/Blueprints/FirstPersonProjectile.uasset.
[2019.01.26-14.20.44:434][  0]LoadErrors: Error: /Game/FirstPersonCPP/Blueprints/FirstPersonProjectile : Can't find file for asset. /Script/TP_FirstPerson
[2019.01.26-14.20.44:434][  0]LogLinker: Warning: Can't find file '/Script/TP_FirstPerson'
[2019.01.26-14.20.44:434][  0]LogLinker: Warning: Can't find file for asset '/Script/TP_FirstPerson' while loading ../../../../../../Users/r017093h/Documents/HomeIs/HomeIs/Content/FirstPersonCPP/Blueprints/FirstPersonProjectile.uasset.
[2019.01.26-14.20.44:435][  0]LoadErrors: Error: /Game/FirstPersonCPP/Blueprints/FirstPersonProjectile : Can't find file for asset. /Script/TP_FirstPerson
[2019.01.26-14.20.44:435][  0]LogLinker: Warning: Can't find file '/Script/TP_FirstPerson'
[2019.01.26-14.20.44:435][  0]LogLinker: Warning: Can't find file for asset '/Script/TP_FirstPerson' while loading ../../../../../../Users/r017093h/Documents/HomeIs/HomeIs/Content/FirstPersonCPP/Blueprints/FirstPersonProjectile.uasset.
[2019.01.26-14.20.44:435][  0]LoadErrors: Error: /Game/FirstPersonCPP/Blueprints/FirstPersonProjectile : Can't find file for asset. /Script/TP_FirstPerson
[2019.01.26-14.20.44:436][  0]LogLinker: Warning: Can't find file '/Script/TP_FirstPerson'
[2019.01.26-14.20.44:436][  0]LogLinker: Warning: Can't find file for asset '/Script/TP_FirstPerson' while loading ../../../../../../Users/r017093h/Documents/HomeIs/HomeIs/Content/FirstPersonCPP/Blueprints/FirstPersonProjectile.uasset.
[2019.01.26-14.20.44:436][  0]LoadErrors: Error: /Game/FirstPersonCPP/Blueprints/FirstPersonProjectile : Can't find file for asset. /Script/TP_FirstPerson
[2019.01.26-14.20.44:436][  0]LogLinker: Warning: Can't find file '/Script/TP_FirstPerson'
[2019.01.26-14.20.44:436][  0]LogLinker: Warning: Can't find file for asset '/Script/TP_FirstPerson' while loading ../../../../../../Users/r017093h/Documents/HomeIs/HomeIs/Content/FirstPersonCPP/Blueprints/FirstPersonCharacter.uasset.
[2019.01.26-14.20.44:437][  0]LoadErrors: Error: /Game/FirstPersonCPP/Blueprints/FirstPersonCharacter : Can't find file for asset. /Script/TP_FirstPerson
[2019.01.26-14.20.44:437][  0]LogLinker: Warning: CreateExport: Failed to load Parent for BlueprintGeneratedClass /Game/FirstPersonCPP/Blueprints/FirstPersonProjectile.FirstPersonProjectile_C
[2019.01.26-14.20.44:437][  0]LogLinker: Warning: Can't find file '/Script/TP_FirstPerson'
[2019.01.26-14.20.44:437][  0]LogLinker: Warning: Can't find file for asset '/Script/TP_FirstPerson' while loading ../../../../../../Users/r017093h/Documents/HomeIs/HomeIs/Content/FirstPersonCPP/Blueprints/FirstPersonCharacter.uasset.
[2019.01.26-14.20.44:437][  0]LoadErrors: Error: /Game/FirstPersonCPP/Blueprints/FirstPersonCharacter : Can't find file for asset. /Script/TP_FirstPerson
[2019.01.26-14.20.44:437][  0]LogLinker: Warning: CreateExport: Failed to load Parent for BlueprintGeneratedClass /Game/FirstPersonCPP/Blueprints/FirstPersonProjectile.FirstPersonProjectile_C
[2019.01.26-14.20.44:438][  0]LogLinker: Warning: Can't find file '/Script/TP_FirstPerson'
[2019.01.26-14.20.44:438][  0]LogLinker: Warning: Can't find file for asset '/Script/TP_FirstPerson' while loading ../../../../../../Users/r017093h/Documents/HomeIs/HomeIs/Content/FirstPersonCPP/Blueprints/FirstPersonCharacter.uasset.
[2019.01.26-14.20.44:438][  0]LoadErrors: Error: /Game/FirstPersonCPP/Blueprints/FirstPersonCharacter : Can't find file for asset. /Script/TP_FirstPerson
[2019.01.26-14.20.44:438][  0]LogLinker: Warning: CreateExport: Failed to load Parent for BlueprintGeneratedClass /Game/FirstPersonCPP/Blueprints/FirstPersonProjectile.FirstPersonProjectile_C
[2019.01.26-14.20.44:438][  0]LogLinker: Warning: Can't find file '/Script/TP_FirstPerson'
[2019.01.26-14.20.44:438][  0]LogLinker: Warning: Can't find file for asset '/Script/TP_FirstPerson' while loading ../../../../../../Users/r017093h/Documents/HomeIs/HomeIs/Content/FirstPersonCPP/Blueprints/FirstPersonCharacter.uasset.
[2019.01.26-14.20.44:438][  0]LoadErrors: Error: /Game/FirstPersonCPP/Blueprints/FirstPersonCharacter : Can't find file for asset. /Script/TP_FirstPerson
[2019.01.26-14.20.44:439][  0]LogLinker: Warning: CreateExport: Failed to load Parent for BlueprintGeneratedClass /Game/FirstPersonCPP/Blueprints/FirstPersonProjectile.FirstPersonProjectile_C
[2019.01.26-14.20.44:439][  0]LogLinker: Warning: Unable to load Default__FirstPersonProjectile_C with outer Package /Game/FirstPersonCPP/Blueprints/FirstPersonProjectile because its class does not exist
[2019.01.26-14.20.44:439][  0]LogLinker: Warning: Can't find file '/Script/TP_FirstPerson'
[2019.01.26-14.20.44:439][  0]LogLinker: Warning: Can't find file for asset '/Script/TP_FirstPerson' while loading ../../../../../../Users/r017093h/Documents/HomeIs/HomeIs/Content/FirstPersonCPP/Blueprints/FirstPersonCharacter.uasset.
[2019.01.26-14.20.44:439][  0]LoadErrors: Error: /Game/FirstPersonCPP/Blueprints/FirstPersonCharacter : Can't find file for asset. /Script/TP_FirstPerson
[2019.01.26-14.20.44:440][  0]LogLinker: Warning: CreateExport: Failed to load Parent for BlueprintGeneratedClass /Game/FirstPersonCPP/Blueprints/FirstPersonProjectile.FirstPersonProjectile_C
[2019.01.26-14.20.44:440][  0]LogLinker: Warning: Can't find file '/Script/TP_FirstPerson'
[2019.01.26-14.20.44:440][  0]LogLinker: Warning: Can't find file for asset '/Script/TP_FirstPerson' while loading ../../../../../../Users/r017093h/Documents/HomeIs/HomeIs/Content/FirstPersonCPP/Blueprints/FirstPersonCharacter.uasset.
[2019.01.26-14.20.44:440][  0]LoadErrors: Error: /Game/FirstPersonCPP/Blueprints/FirstPersonCharacter : Can't find file for asset. /Script/TP_FirstPerson
[2019.01.26-14.20.44:440][  0]LogLinker: Warning: CreateExport: Failed to load Parent for BlueprintGeneratedClass /Game/FirstPersonCPP/Blueprints/FirstPersonProjectile.FirstPersonProjectile_C
[2019.01.26-14.20.44:441][  0]LogLinker: Warning: Can't find file '/Script/TP_FirstPerson'
[2019.01.26-14.20.44:441][  0]LogLinker: Warning: Can't find file for asset '/Script/TP_FirstPerson' while loading ../../../../../../Users/r017093h/Documents/HomeIs/HomeIs/Content/FirstPersonCPP/Blueprints/FirstPersonCharacter.uasset.
[2019.01.26-14.20.44:441][  0]LoadErrors: Error: /Game/FirstPersonCPP/Blueprints/FirstPersonCharacter : Can't find file for asset. /Script/TP_FirstPerson
[2019.01.26-14.20.44:441][  0]LogLinker: Warning: CreateExport: Failed to load Parent for BlueprintGeneratedClass /Game/FirstPersonCPP/Blueprints/FirstPersonProjectile.FirstPersonProjectile_C
[2019.01.26-14.20.44:441][  0]LogLinker: Warning: Can't find file '/Script/TP_FirstPerson'
[2019.01.26-14.20.44:442][  0]LogLinker: Warning: Can't find file for asset '/Script/TP_FirstPerson' while loading ../../../../../../Users/r017093h/Documents/HomeIs/HomeIs/Content/FirstPersonCPP/Blueprints/FirstPersonCharacter.uasset.
[2019.01.26-14.20.44:442][  0]LoadErrors: Error: /Game/FirstPersonCPP/Blueprints/FirstPersonCharacter : Can't find file for asset. /Script/TP_FirstPerson
[2019.01.26-14.20.44:442][  0]LogLinker: Warning: Can't find file '/Script/TP_FirstPerson'
[2019.01.26-14.20.44:442][  0]LogLinker: Warning: Can't find file for asset '/Script/TP_FirstPerson' while loading ../../../../../../Users/r017093h/Documents/HomeIs/HomeIs/Content/FirstPersonCPP/Blueprints/FirstPersonCharacter.uasset.
[2019.01.26-14.20.44:442][  0]LoadErrors: Error: /Game/FirstPersonCPP/Blueprints/FirstPersonCharacter : Can't find file for asset. /Script/TP_FirstPerson
[2019.01.26-14.20.44:442][  0]LogLinker: Warning: Can't find file '/Script/TP_FirstPerson'
[2019.01.26-14.20.44:442][  0]LogLinker: Warning: Can't find file for asset '/Script/TP_FirstPerson' while loading ../../../../../../Users/r017093h/Documents/HomeIs/HomeIs/Content/FirstPersonCPP/Blueprints/FirstPersonCharacter.uasset.
[2019.01.26-14.20.44:443][  0]LoadErrors: Error: /Game/FirstPersonCPP/Blueprints/FirstPersonCharacter : Can't find file for asset. /Script/TP_FirstPerson
[2019.01.26-14.20.44:443][  0]LogLinker: Warning: Can't find file '/Script/TP_FirstPerson'
[2019.01.26-14.20.44:444][  0]LogLinker: Warning: Can't find file for asset '/Script/TP_FirstPerson' while loading ../../../../../../Users/r017093h/Documents/HomeIs/HomeIs/Content/FirstPersonCPP/Blueprints/FirstPersonCharacter.uasset.
[2019.01.26-14.20.44:444][  0]LoadErrors: Error: /Game/FirstPersonCPP/Blueprints/FirstPersonCharacter : Can't find file for asset. /Script/TP_FirstPerson
[2019.01.26-14.20.44:444][  0]LogLinker: Warning: Can't find file '/Script/TP_FirstPerson'
[2019.01.26-14.20.44:444][  0]LogLinker: Warning: Can't find file for asset '/Script/TP_FirstPerson' while loading ../../../../../../Users/r017093h/Documents/HomeIs/HomeIs/Content/FirstPersonCPP/Blueprints/FirstPersonCharacter.uasset.
[2019.01.26-14.20.44:444][  0]LoadErrors: Error: /Game/FirstPersonCPP/Blueprints/FirstPersonCharacter : Can't find file for asset. /Script/TP_FirstPerson
[2019.01.26-14.20.44:444][  0]LogLinker: Warning: Can't find file '/Script/TP_FirstPerson'
[2019.01.26-14.20.44:444][  0]LogLinker: Warning: Can't find file for asset '/Script/TP_FirstPerson' while loading ../../../../../../Users/r017093h/Documents/HomeIs/HomeIs/Content/FirstPersonCPP/Blueprints/FirstPersonCharacter.uasset.
[2019.01.26-14.20.44:445][  0]LoadErrors: Error: /Game/FirstPersonCPP/Blueprints/FirstPersonCharacter : Can't find file for asset. /Script/TP_FirstPerson
[2019.01.26-14.20.44:516][  0]LogLinker: Warning: Can't find file '/Script/TP_FirstPerson'
[2019.01.26-14.20.44:516][  0]LogLinker: Warning: Can't find file for asset '/Script/TP_FirstPerson' while loading ../../../../../../Users/r017093h/Documents/HomeIs/HomeIs/Content/FirstPersonCPP/Blueprints/FirstPersonCharacter.uasset.
[2019.01.26-14.20.44:516][  0]LoadErrors: Error: /Game/FirstPersonCPP/Blueprints/FirstPersonCharacter : Can't find file for asset. /Script/TP_FirstPerson
[2019.01.26-14.20.44:516][  0]LogLinker: Warning: Can't find file '/Script/TP_FirstPerson'
[2019.01.26-14.20.44:517][  0]LogLinker: Warning: Can't find file for asset '/Script/TP_FirstPerson' while loading ../../../../../../Users/r017093h/Documents/HomeIs/HomeIs/Content/FirstPersonCPP/Blueprints/FirstPersonCharacter.uasset.
[2019.01.26-14.20.44:517][  0]LoadErrors: Error: /Game/FirstPersonCPP/Blueprints/FirstPersonCharacter : Can't find file for asset. /Script/TP_FirstPerson
[2019.01.26-14.20.44:517][  0]LogLinker: Warning: Can't find file '/Script/TP_FirstPerson'
[2019.01.26-14.20.44:517][  0]LogLinker: Warning: Can't find file for asset '/Script/TP_FirstPerson' while loading ../../../../../../Users/r017093h/Documents/HomeIs/HomeIs/Content/FirstPersonCPP/Blueprints/FirstPersonCharacter.uasset.
[2019.01.26-14.20.44:517][  0]LoadErrors: Error: /Game/FirstPersonCPP/Blueprints/FirstPersonCharacter : Can't find file for asset. /Script/TP_FirstPerson
[2019.01.26-14.20.44:518][  0]LogLinker: Warning: Can't find file '/Script/TP_FirstPerson'
[2019.01.26-14.20.44:518][  0]LogLinker: Warning: Can't find file for asset '/Script/TP_FirstPerson' while loading ../../../../../../Users/r017093h/Documents/HomeIs/HomeIs/Content/FirstPersonCPP/Blueprints/FirstPersonCharacter.uasset.
[2019.01.26-14.20.44:518][  0]LoadErrors: Error: /Game/FirstPersonCPP/Blueprints/FirstPersonCharacter : Can't find file for asset. /Script/TP_FirstPerson
[2019.01.26-14.20.44:518][  0]LogLinker: Warning: Can't find file '/Script/TP_FirstPerson'
[2019.01.26-14.20.44:518][  0]LogLinker: Warning: Can't find file for asset '/Script/TP_FirstPerson' while loading ../../../../../../Users/r017093h/Documents/HomeIs/HomeIs/Content/FirstPersonCPP/Blueprints/FirstPersonCharacter.uasset.
[2019.01.26-14.20.44:518][  0]LoadErrors: Error: /Game/FirstPersonCPP/Blueprints/FirstPersonCharacter : Can't find file for asset. /Script/TP_FirstPerson
[2019.01.26-14.20.44:518][  0]LogLinker: Warning: Can't find file '/Script/TP_FirstPerson'
[2019.01.26-14.20.44:519][  0]LogLinker: Warning: Can't find file for asset '/Script/TP_FirstPerson' while loading ../../../../../../Users/r017093h/Documents/HomeIs/HomeIs/Content/FirstPersonCPP/Blueprints/FirstPersonCharacter.uasset.
[2019.01.26-14.20.44:519][  0]LoadErrors: Error: /Game/FirstPersonCPP/Blueprints/FirstPersonCharacter : Can't find file for asset. /Script/TP_FirstPerson
[2019.01.26-14.20.44:519][  0]LogLinker: Warning: Can't find file '/Script/TP_FirstPerson'
[2019.01.26-14.20.44:519][  0]LogLinker: Warning: Can't find file for asset '/Script/TP_FirstPerson' while loading ../../../../../../Users/r017093h/Documents/HomeIs/HomeIs/Content/FirstPersonCPP/Blueprints/FirstPersonCharacter.uasset.
[2019.01.26-14.20.44:519][  0]LoadErrors: Error: /Game/FirstPersonCPP/Blueprints/FirstPersonCharacter : Can't find file for asset. /Script/TP_FirstPerson
[2019.01.26-14.20.44:519][  0]LogLinker: Warning: Can't find file '/Script/TP_FirstPerson'
[2019.01.26-14.20.44:520][  0]LogLinker: Warning: Can't find file for asset '/Script/TP_FirstPerson' while loading ../../../../../../Users/r017093h/Documents/HomeIs/HomeIs/Content/FirstPersonCPP/Blueprints/FirstPersonCharacter.uasset.
[2019.01.26-14.20.44:520][  0]LoadErrors: Error: /Game/FirstPersonCPP/Blueprints/FirstPersonCharacter : Can't find file for asset. /Script/TP_FirstPerson
[2019.01.26-14.20.44:520][  0]LogLinker: Warning: Can't find file '/Script/TP_FirstPerson'
[2019.01.26-14.20.44:520][  0]LogLinker: Warning: Can't find file for asset '/Script/TP_FirstPerson' while loading NULL.
[2019.01.26-14.20.44:520][  0]LogLinker: Warning: CreateExport: Failed to load Parent for BlueprintGeneratedClass /Game/FirstPersonCPP/Blueprints/FirstPersonCharacter.FirstPersonCharacter_C
[2019.01.26-14.20.44:520][  0]LogLinker: Warning: Can't find file '/Script/TP_FirstPerson'
[2019.01.26-14.20.44:520][  0]LogLinker: Warning: Can't find file for asset '/Script/TP_FirstPerson' while loading NULL.
[2019.01.26-14.20.44:520][  0]LogLinker: Warning: CreateExport: Failed to load Parent for BlueprintGeneratedClass /Game/FirstPersonCPP/Blueprints/FirstPersonCharacter.FirstPersonCharacter_C
[2019.01.26-14.20.44:521][  0]LogLinker: Warning: Unable to load Default__FirstPersonCharacter_C with outer Package /Game/FirstPersonCPP/Blueprints/FirstPersonCharacter because its class does not exist
[2019.01.26-14.20.44:521][  0]LogLinker: Warning: Can't find file '/Script/TP_FirstPerson'
[2019.01.26-14.20.44:521][  0]LogLinker: Warning: Can't find file for asset '/Script/TP_FirstPerson' while loading NULL.
[2019.01.26-14.20.44:521][  0]LogLinker: Warning: CreateExport: Failed to load Parent for BlueprintGeneratedClass /Game/FirstPersonCPP/Blueprints/FirstPersonCharacter.FirstPersonCharacter_C
[2019.01.26-14.20.44:522][  0]LogLinker: Warning: Can't find file '/Script/TP_FirstPerson'
[2019.01.26-14.20.44:522][  0]LogLinker: Warning: Can't find file for asset '/Script/TP_FirstPerson' while loading NULL.
[2019.01.26-14.20.44:522][  0]LogLinker: Warning: CreateExport: Failed to load Parent for BlueprintGeneratedClass /Game/FirstPersonCPP/Blueprints/FirstPersonCharacter.FirstPersonCharacter_C
[2019.01.26-14.20.44:533][  0]LogLinker: Warning: Can't find file '/Script/TP_FirstPerson'
[2019.01.26-14.20.44:533][  0]LoadErrors: Failed to load /Script/TP_FirstPerson.TP_FirstPersonCharacter Referenced by FirstPersonCharacter
[2019.01.26-14.20.44:533][  0]LogLinker: Warning: Can't find file for asset '/Script/TP_FirstPerson' while loading NULL.
[2019.01.26-14.20.44:534][  0]LoadErrors: Failed to load /Script/TP_FirstPerson.TP_FirstPersonCharacter Referenced by FirstPersonCharacter
[2019.01.26-14.20.44:534][  0]LogLinker: Warning: Can't find file '/Script/TP_FirstPerson'
[2019.01.26-14.20.44:534][  0]LoadErrors: Failed to load /Script/TP_FirstPerson.TP_FirstPersonCharacter Referenced by FirstPersonCharacter
[2019.01.26-14.20.44:534][  0]LogLinker: Warning: Can't find file for asset '/Script/TP_FirstPerson' while loading NULL.
[2019.01.26-14.20.44:534][  0]LoadErrors: Failed to load /Script/TP_FirstPerson.TP_FirstPersonCharacter Referenced by FirstPersonCharacter
[2019.01.26-14.20.44:534][  0]LogLinker: Warning: CreateExport: Failed to load Parent for BlueprintGeneratedClass /Game/FirstPersonCPP/Blueprints/FirstPersonCharacter.FirstPersonCharacter_C
[2019.01.26-14.20.44:534][  0]LogLinker: Warning: Can't find file '/Script/TP_FirstPerson'
[2019.01.26-14.20.44:534][  0]LoadErrors: Failed to load /Script/TP_FirstPerson.TP_FirstPersonCharacter Referenced by PackageMetaData
[2019.01.26-14.20.44:535][  0]LogLinker: Warning: Can't find file for asset '/Script/TP_FirstPerson' while loading NULL.
[2019.01.26-14.20.44:535][  0]LoadErrors: Failed to load /Script/TP_FirstPerson.TP_FirstPersonCharacter Referenced by PackageMetaData
[2019.01.26-14.20.44:535][  0]LogLinker: Warning: CreateExport: Failed to load Parent for BlueprintGeneratedClass /Game/FirstPersonCPP/Blueprints/FirstPersonCharacter.FirstPersonCharacter_C
[2019.01.26-14.20.44:561][  0]LogLinker: Warning: Can't find file '/Script/TP_FirstPerson'
[2019.01.26-14.20.44:562][  0]LoadErrors: Failed to load /Script/TP_FirstPerson.TP_FirstPersonProjectile Referenced by FirstPersonProjectile
[2019.01.26-14.20.44:562][  0]LogLinker: Warning: Can't find file for asset '/Script/TP_FirstPerson' while loading NULL.
[2019.01.26-14.20.44:562][  0]LoadErrors: Failed to load /Script/TP_FirstPerson.TP_FirstPersonProjectile Referenced by FirstPersonProjectile
[2019.01.26-14.20.44:562][  0]LogLinker: Warning: Can't find file '/Script/TP_FirstPerson'
[2019.01.26-14.20.44:562][  0]LoadErrors: Failed to load /Script/TP_FirstPerson.TP_FirstPersonProjectile Referenced by FirstPersonProjectile
[2019.01.26-14.20.44:562][  0]LogLinker: Warning: Can't find file for asset '/Script/TP_FirstPerson' while loading NULL.
[2019.01.26-14.20.44:562][  0]LoadErrors: Failed to load /Script/TP_FirstPerson.TP_FirstPersonProjectile Referenced by FirstPersonProjectile
[2019.01.26-14.20.44:562][  0]LogLinker: Warning: CreateExport: Failed to load Parent for BlueprintGeneratedClass /Game/FirstPersonCPP/Blueprints/FirstPersonProjectile.FirstPersonProjectile_C
[2019.01.26-14.20.44:562][  0]LogLinker: Warning: Can't find file '/Script/TP_FirstPerson'
[2019.01.26-14.20.44:563][  0]LoadErrors: Failed to load /Script/TP_FirstPerson.TP_FirstPersonProjectile Referenced by PackageMetaData
[2019.01.26-14.20.44:563][  0]LogLinker: Warning: Can't find file for asset '/Script/TP_FirstPerson' while loading NULL.
[2019.01.26-14.20.44:563][  0]LoadErrors: Failed to load /Script/TP_FirstPerson.TP_FirstPersonProjectile Referenced by PackageMetaData
[2019.01.26-14.20.44:563][  0]LogLinker: Warning: CreateExport: Failed to load Parent for BlueprintGeneratedClass /Game/FirstPersonCPP/Blueprints/FirstPersonProjectile.FirstPersonProjectile_C
[2019.01.26-14.20.44:590][  0]LogUObjectGlobals: Warning: Failed to find object 'Class /Game/FirstPersonCPP/Blueprints/FirstPersonCharacter.FirstPersonCharacter_C'
[2019.01.26-14.20.44:590][  0]Error: CDO Constructor (HomeIsGameMode): Failed to find /Game/FirstPersonCPP/Blueprints/FirstPersonCharacter.FirstPersonCharacter_C

[2019.01.26-14.20.44:592][  0]LogUObjectBase: Warning: -------------- Default Property warnings and errors:
[2019.01.26-14.20.44:592][  0]LogUObjectBase: Warning: Error: CDO Constructor (HomeIsGameMode): Failed to find /Game/FirstPersonCPP/Blueprints/FirstPersonCharacter.FirstPersonCharacter_C

[2019.01.26-14.20.44:605][  0]LogWindowsTextInputMethodSystem: Display: IME system now deactivated.
[2019.01.26-14.20.46:047][  0]LogWindowsTextInputMethodSystem: Display: IME system now deactivated.
[2019.01.26-14.20.46:049][  0]LogWindowsTextInputMethodSystem: Display: IME system now deactivated.
[2019.01.26-14.20.46:121][  0]SourceControl: Source control is disabled
[2019.01.26-14.20.46:121][  0]SourceControl: Source control is disabled
[2019.01.26-14.20.46:126][  0]SourceControl: Source control is disabled
[2019.01.26-14.20.46:129][  0]SourceControl: Source control is disabled
[2019.01.26-14.20.46:438][  0]LogAndroidPermission: UAndroidPermissionCallbackProxy::GetInstance
[2019.01.26-14.20.46:538][  0]LogOcInput: OculusInput pre-init called
[2019.01.26-14.20.46:619][  0]LogEngine: Initializing Engine...
[2019.01.26-14.20.46:620][  0]LogHMD: Failed to initialize OpenVR with code 110
[2019.01.26-14.20.46:621][  0]LogStats: UGameplayTagsManager::ConstructGameplayTagTree: ImportINI prefixes -  0.000 s
[2019.01.26-14.20.46:622][  0]LogStats: UGameplayTagsManager::ConstructGameplayTagTree: Construct from data asset -  0.000 s
[2019.01.26-14.20.46:622][  0]LogStats: UGameplayTagsManager::ConstructGameplayTagTree: ImportINI -  0.000 s
[2019.01.26-14.20.46:622][  0]LogStats: UGameplayTagsManager::ConstructGameplayTagTree: GameplayTagTreeChangedEvent.Broadcast -  0.000 s
[2019.01.26-14.20.46:867][  0]LogInit: Initializing FReadOnlyCVARCache
[2019.01.26-14.20.46:899][  0]LogAIModule: Creating AISystem for world Untitled
[2019.01.26-14.20.46:914][  0]LogInit: XAudio2 using 'Speakers (Realtek High Definition Audio)' : 2 channels at 48 kHz using 32 bits per sample (channel mask 0x3)
[2019.01.26-14.20.46:960][  0]LogInit: FAudioDevice initialized.
[2019.01.26-14.20.46:960][  0]LogNetVersion: Set ProjectVersion to 1.0.0.0. Version Checksum will be recalculated on next use.
[2019.01.26-14.20.47:053][  0]LogDerivedDataCache: Saved boot cache 0.09s 73MB C:/Users/r017093h/AppData/Local/UnrealEngine/4.20/DerivedDataCache/Boot.ddc.
[2019.01.26-14.20.47:093][  0]LogInit: Texture streaming: Enabled
[2019.01.26-14.20.47:128][  0]LogEngineSessionManager: EngineSessionManager initialized
[2019.01.26-14.20.47:146][  0]LogInit: Transaction tracking system initialized
[2019.01.26-14.20.47:198][  0]BlueprintLog: New page: Editor Load
[2019.01.26-14.20.47:503][  0]LocalizationService: Localization service is disabled
[2019.01.26-14.20.47:888][  0]LogCook: Display: Max memory allowance for cook 16384mb min free memory 0mb
[2019.01.26-14.20.47:888][  0]LogCook: Display: Mobile HDR setting 1
[2019.01.26-14.20.47:889][  0]LogGameplayTags: Display: UGameplayTagsManager::DoneAddingNativeTags. DelegateIsBound: 0
[2019.01.26-14.20.47:889][  0]LogStats: UGameplayTagsManager::ConstructGameplayTagTree: ImportINI prefixes -  0.000 s
[2019.01.26-14.20.47:889][  0]LogStats: UGameplayTagsManager::ConstructGameplayTagTree: Construct from data asset -  0.000 s
[2019.01.26-14.20.47:889][  0]LogStats: UGameplayTagsManager::ConstructGameplayTagTree: ImportINI -  0.000 s
[2019.01.26-14.20.47:889][  0]LogStats: UGameplayTagsManager::ConstructGameplayTagTree: GameplayTagTreeChangedEvent.Broadcast -  0.000 s
[2019.01.26-14.20.48:136][  0]LogFileCache: Scanning file cache for directory 'C:/Users/r017093h/Documents/HomeIs/HomeIs/Content/' took 0.03s
[2019.01.26-14.20.48:137][  0]SourceControl: Source control is disabled
[2019.01.26-14.20.48:137][  0]Cmd: MAP LOAD FILE="../../../Engine/Content/Maps/Templates/Template_Default.umap" TEMPLATE=1 SHOWPROGRESS=1 FEATURELEVEL=3
[2019.01.26-14.20.48:138][  0]LightingResults: New page: Lighting Build
[2019.01.26-14.20.48:142][  0]MapCheck: New page: Map Check
[2019.01.26-14.20.48:143][  0]LightingResults: New page: Lighting Build
[2019.01.26-14.20.48:329][  0]LogAIModule: Creating AISystem for world Untitled_1
[2019.01.26-14.20.48:343][  0]LogEditorServer: Finished looking for orphan Actors (0.000 secs)
[2019.01.26-14.20.48:372][  0]Cmd: MAP CHECKDEP NOCLEARLOG
[2019.01.26-14.20.48:603][  0]MapCheck: Map check complete: 0 Error(s), 0 Warning(s), took 230.341ms to complete.
[2019.01.26-14.20.48:603][  0]LogFileHelpers: Loading map 'Template_Default' took 0.466
[2019.01.26-14.20.48:732][  0]LogSlate: Updating window title bar state: overlay mode, drag disabled, window buttons hidden, title bar hidden
[2019.01.26-14.20.48:742][  0]LogSlate: Updating window title bar state: overlay mode, drag disabled, window buttons hidden, title bar hidden
[2019.01.26-14.20.48:751][  0]LogSlate: Updating window title bar state: overlay mode, drag disabled, window buttons hidden, title bar hidden
[2019.01.26-14.20.48:760][  0]LogSlate: Updating window title bar state: overlay mode, drag disabled, window buttons hidden, title bar hidden
[2019.01.26-14.20.48:775][  0]LogCollectionManager: Loaded 0 collections in 0.003641 seconds
[2019.01.26-14.20.48:832][  0]LogFileCache: Scanning file cache for directory 'C:/Users/r017093h/Documents/HomeIs/HomeIs/Saved/Collections/' took 0.01s
[2019.01.26-14.20.48:833][  0]LogFileCache: Scanning file cache for directory 'C:/Users/r017093h/Documents/HomeIs/HomeIs/Content/Developers/r017093h/Collections/' took 0.01s
[2019.01.26-14.20.48:833][  0]LogFileCache: Scanning file cache for directory 'C:/Users/r017093h/Documents/HomeIs/HomeIs/Content/Collections/' took 0.01s
[2019.01.26-14.20.48:833][  0]LogCollectionManager: Rebuilt the GUID cache for 0 collections in 0.000000 seconds
[2019.01.26-14.20.48:845][  0]LogContentBrowser: Native class hierarchy populated in 0.0116 seconds. Added 2579 classes and 606 folders.
[2019.01.26-14.20.48:855][  0]LogContentBrowser: Native class hierarchy updated for 'WidgetCarousel' in 0.0005 seconds. Added 0 classes and 0 folders.
[2019.01.26-14.20.48:942][  0]LogContentBrowser: Native class hierarchy updated for 'AddContentDialog' in 0.0005 seconds. Added 0 classes and 0 folders.
[2019.01.26-14.20.48:952][  0]LogContentBrowser: Native class hierarchy updated for 'SceneOutliner' in 0.0005 seconds. Added 1 classes and 2 folders.
[2019.01.26-14.20.48:967][  0]LogSlate: Took 0.000285 seconds to synchronously load lazily loaded font '../../../Engine/Content/Slate/Fonts/Roboto-Regular.ttf' (155K)
[2019.01.26-14.20.48:971][  0]LogSlate: Took 0.000280 seconds to synchronously load lazily loaded font '../../../Engine/Content/Slate/Fonts/Roboto-Bold.ttf' (160K)
[2019.01.26-14.20.48:978][  0]LogSlate: Took 0.000249 seconds to synchronously load lazily loaded font '../../../Engine/Content/Editor/Slate/Fonts/FontAwesome.ttf' (139K)
[2019.01.26-14.20.49:063][  0]LogRenderer: Reallocating scene render targets to support 1208x576 Format 10 NumSamples 1 (Frame:1).
[2019.01.26-14.20.49:230][  0]LogContentBrowser: Native class hierarchy updated for 'HierarchicalLODOutliner' in 0.0006 seconds. Added 0 classes and 0 folders.
[2019.01.26-14.20.49:230][  0]LogLoad: (Engine Initialization) Total time: 15.35 seconds
[2019.01.26-14.20.49:230][  0]LogLoad: (Engine Initialization) Total Blueprint compile time: 0.00 seconds
[2019.01.26-14.20.49:242][  0]LoadErrors: Warning: CreateExport: Failed to load Outer for resource 'StaticMesh1': BlueprintGeneratedClass /Game/FirstPersonCPP/Blueprints/FirstPersonProjectile.FirstPersonProjectile_C
[2019.01.26-14.20.49:242][  0]LoadErrors: Warning: CreateExport: Failed to load Outer for resource 'UserConstructionScript': BlueprintGeneratedClass /Game/FirstPersonCPP/Blueprints/FirstPersonProjectile.FirstPersonProjectile_C
[2019.01.26-14.20.49:242][  0]LoadErrors: Warning: CreateExport: Failed to load Outer for resource 'ProjectileComp': FirstPersonProjectile_C /Game/FirstPersonCPP/Blueprints/FirstPersonProjectile.Default__FirstPersonProjectile_C
[2019.01.26-14.20.49:243][  0]LoadErrors: Warning: CreateExport: Failed to load Outer for resource 'SceneComponent_0': BlueprintGeneratedClass /Game/FirstPersonCPP/Blueprints/FirstPersonProjectile.FirstPersonProjectile_C
[2019.01.26-14.20.49:243][  0]LoadErrors: Warning: CreateExport: Failed to load Outer for resource 'SimpleConstructionScript_0': BlueprintGeneratedClass /Game/FirstPersonCPP/Blueprints/FirstPersonProjectile.FirstPersonProjectile_C
[2019.01.26-14.20.49:243][  0]LoadErrors: Warning: CreateExport: Failed to load Outer for resource 'SCS_Node_0': SimpleConstructionScript /Game/FirstPersonCPP/Blueprints/FirstPersonProjectile.FirstPersonProjectile_C:SimpleConstructionScript_0
[2019.01.26-14.20.49:243][  0]LoadErrors: Warning: CreateExport: Failed to load Outer for resource 'SCS_Node_3': SimpleConstructionScript /Game/FirstPersonCPP/Blueprints/FirstPersonProjectile.FirstPersonProjectile_C:SimpleConstructionScript_0
[2019.01.26-14.20.49:243][  0]LoadErrors: Warning: CreateExport: Failed to load Outer for resource 'SphereComp': FirstPersonProjectile_C /Game/FirstPersonCPP/Blueprints/FirstPersonProjectile.Default__FirstPersonProjectile_C
[2019.01.26-14.20.49:243][  0]LoadErrors: Warning: CreateExport: Failed to load Outer for resource 'StaticMeshComponent_10__9CFF4D4B': BlueprintGeneratedClass /Game/FirstPersonCPP/Blueprints/FirstPersonProjectile.FirstPersonProjectile_C
[2019.01.26-14.20.49:243][  0]LoadErrors: Warning: CreateExport: Failed to load Outer for resource 'Arrow': FirstPersonCharacter_C /Game/FirstPersonCPP/Blueprints/FirstPersonCharacter.Default__FirstPersonCharacter_C
[2019.01.26-14.20.49:243][  0]LoadErrors: Warning: CreateExport: Failed to load Outer for resource 'FirstPersonCamera': FirstPersonCharacter_C /Game/FirstPersonCPP/Blueprints/FirstPersonCharacter.Default__FirstPersonCharacter_C
[2019.01.26-14.20.49:244][  0]LoadErrors: Warning: CreateExport: Failed to load Outer for resource 'CollisionCylinder': FirstPersonCharacter_C /Game/FirstPersonCPP/Blueprints/FirstPersonCharacter.Default__FirstPersonCharacter_C
[2019.01.26-14.20.49:244][  0]LoadErrors: Warning: CreateExport: Failed to load Outer for resource 'CharMoveComp': FirstPersonCharacter_C /Game/FirstPersonCPP/Blueprints/FirstPersonCharacter.Default__FirstPersonCharacter_C
[2019.01.26-14.20.49:244][  0]LoadErrors: Warning: CreateExport: Failed to load Outer for resource 'L_MotionController': FirstPersonCharacter_C /Game/FirstPersonCPP/Blueprints/FirstPersonCharacter.Default__FirstPersonCharacter_C
[2019.01.26-14.20.49:244][  0]LoadErrors: Warning: CreateExport: Failed to load Outer for resource 'R_MotionController': FirstPersonCharacter_C /Game/FirstPersonCPP/Blueprints/FirstPersonCharacter.Default__FirstPersonCharacter_C
[2019.01.26-14.20.49:244][  0]LoadErrors: Warning: CreateExport: Failed to load Outer for resource 'MuzzleLocation': FirstPersonCharacter_C /Game/FirstPersonCPP/Blueprints/FirstPersonCharacter.Default__FirstPersonCharacter_C
[2019.01.26-14.20.49:244][  0]LoadErrors: Warning: CreateExport: Failed to load Outer for resource 'VR_MuzzleLocation': FirstPersonCharacter_C /Game/FirstPersonCPP/Blueprints/FirstPersonCharacter.Default__FirstPersonCharacter_C
[2019.01.26-14.20.49:244][  0]LoadErrors: Warning: CreateExport: Failed to load Outer for resource 'SceneComponent_1': BlueprintGeneratedClass /Game/FirstPersonCPP/Blueprints/FirstPersonCharacter.FirstPersonCharacter_C
[2019.01.26-14.20.49:245][  0]LoadErrors: Warning: CreateExport: Failed to load Outer for resource 'SimpleConstructionScript_1': BlueprintGeneratedClass /Game/FirstPersonCPP/Blueprints/FirstPersonCharacter.FirstPersonCharacter_C
[2019.01.26-14.20.49:245][  0]LoadErrors: Warning: CreateExport: Failed to load Outer for resource 'SCS_Node_1': SimpleConstructionScript /Game/FirstPersonCPP/Blueprints/FirstPersonCharacter.FirstPersonCharacter_C:SimpleConstructionScript_1
[2019.01.26-14.20.49:245][  0]LoadErrors: Warning: CreateExport: Failed to load Outer for resource 'CharacterMesh0': FirstPersonCharacter_C /Game/FirstPersonCPP/Blueprints/FirstPersonCharacter.Default__FirstPersonCharacter_C
[2019.01.26-14.20.49:245][  0]LoadErrors: Warning: CreateExport: Failed to load Outer for resource 'CharacterMesh1P': FirstPersonCharacter_C /Game/FirstPersonCPP/Blueprints/FirstPersonCharacter.Default__FirstPersonCharacter_C
[2019.01.26-14.20.49:245][  0]LoadErrors: Warning: CreateExport: Failed to load Outer for resource 'FP_Gun': FirstPersonCharacter_C /Game/FirstPersonCPP/Blueprints/FirstPersonCharacter.Default__FirstPersonCharacter_C
[2019.01.26-14.20.49:245][  0]LoadErrors: Warning: CreateExport: Failed to load Outer for resource 'VR_Gun': FirstPersonCharacter_C /Game/FirstPersonCPP/Blueprints/FirstPersonCharacter.Default__FirstPersonCharacter_C
[2019.01.26-14.20.49:266][  0]LogContentStreaming: Texture pool size now 1000 MB
[2019.01.26-14.20.49:274][  0]LogSlate: FSceneViewport::OnFocusLost() reason 2
[2019.01.26-14.20.49:299][  0]LogSlate: Took 0.000292 seconds to synchronously load lazily loaded font '../../../Engine/Content/Slate/Fonts/Roboto-Light.ttf' (167K)
[2019.01.26-14.20.49:335][  1]LogAssetRegistry: Asset discovery search completed in 8.1541 seconds
[2019.01.26-14.20.49:337][  1]LogCollectionManager: Rebuilt the object cache for 0 collections in 0.000000 seconds (found 0 objects)
[2019.01.26-14.20.49:337][  1]LogCollectionManager: Fixed up redirectors for 0 collections in 0.000151 seconds (updated 0 objects)
[2019.01.26-14.20.51:097][200]LogSlate: Window 'Message Log' being destroyed
[2019.01.26-14.20.51:100][200]LogSlate: Window 'Message Log' being destroyed
[2019.01.26-14.20.52:458][363]LogSlate: FSceneViewport::OnFocusLost() reason 0
[2019.01.26-14.20.53:907][533]LogSlate: Took 0.000268 seconds to synchronously load lazily loaded font '../../../Engine/Content/Slate/Fonts/Roboto-Light.ttf' (167K)
[2019.01.26-14.20.53:962][533]LogBlueprintDebug: Display: Encountered a blueprint breakpoint in /Game/HalsStuffFuckOff/AI/Decorator/DObjectSearch.DObjectSearch without an associated node. The blueprint breakpoint has been removed
[2019.01.26-14.20.54:209][533]LogAIModule: Creating AISystem for world Map
[2019.01.26-14.20.54:226][533]LogAssetEditorManager: Opening Asset editor for World /Game/HalsStuffFuckOff/Map.Map
[2019.01.26-14.20.54:262][533]Cmd: MAP LOAD FILE="../../../../../../Users/r017093h/Documents/HomeIs/HomeIs/Content/HalsStuffFuckOff/Map.umap" TEMPLATE=0 SHOWPROGRESS=1 FEATURELEVEL=3
[2019.01.26-14.20.54:262][533]LightingResults: New page: Lighting Build
[2019.01.26-14.20.54:263][533]LoadErrors: New page: Loading map: Map.umap
[2019.01.26-14.20.54:263][533]MapCheck: New page: Map Check
[2019.01.26-14.20.54:264][533]LightingResults: New page: Lighting Build
[2019.01.26-14.20.54:292][533]LogEditorServer: Finished looking for orphan Actors (0.000 secs)
[2019.01.26-14.20.54:387][533]Cmd: MAP CHECKDEP NOCLEARLOG
[2019.01.26-14.20.54:631][533]MapCheck: Map check complete: 0 Error(s), 0 Warning(s), took 244.487ms to complete.
[2019.01.26-14.20.54:633][533]LogFileHelpers: Loading map 'Map' took 0.372
[2019.01.26-14.20.56:232][688]LogEditorViewport: Clicking on Actor (LMB): TestBoxBP_C (TestBoxBP)
[2019.01.26-14.20.59:267][ 35]LogSlate: FSceneViewport::OnFocusLost() reason 0
[2019.01.26-14.20.59:333][ 43]LogTemp: Repeating last play command: Selected Viewport
[2019.01.26-14.20.59:355][ 43]LogPlayLevel: PlayLevel: No blueprints needed recompiling
[2019.01.26-14.20.59:370][ 43]PIE: New page: PIE session: Map (26 Jan 2019 14:20:59)
[2019.01.26-14.20.59:371][ 43]LogPlayLevel: Creating play world package: /Game/HalsStuffFuckOff/UEDPIE_0_Map
[2019.01.26-14.20.59:379][ 43]LogPlayLevel: PIE: StaticDuplicateObject took: (0.008077s)
[2019.01.26-14.20.59:380][ 43]LogAIModule: Creating AISystem for world Map
[2019.01.26-14.20.59:380][ 43]LogPlayLevel: PIE: World Init took: (0.001015s)
[2019.01.26-14.20.59:380][ 43]LogPlayLevel: PIE: Created PIE world by copying editor world from /Game/HalsStuffFuckOff/Map.Map to /Game/HalsStuffFuckOff/UEDPIE_0_Map.Map (0.009504s)
[2019.01.26-14.20.59:411][ 43]LogInit: XAudio2 using 'Speakers (Realtek High Definition Audio)' : 2 channels at 48 kHz using 32 bits per sample (channel mask 0x3)
[2019.01.26-14.20.59:427][ 43]LogInit: FAudioDevice initialized.
[2019.01.26-14.20.59:481][ 43]LogLoad: Game class is 'GameModeBase'
[2019.01.26-14.20.59:485][ 43]LogWorld: Bringing World /Game/HalsStuffFuckOff/UEDPIE_0_Map.Map up for play (max tick rate 0) at 2019.01.26-14.20.59
[2019.01.26-14.20.59:487][ 43]LogWorld: Bringing up level for play took: 0.003664
[2019.01.26-14.20.59:511][ 43]LogContentBrowser: Native class hierarchy updated for 'MovieSceneCapture' in 0.0005 seconds. Added 10 classes and 0 folders.
[2019.01.26-14.20.59:512][ 43]PIE: Play in editor start time for /Game/HalsStuffFuckOff/UEDPIE_0_Map -0.383
