Log file open, 01/25/19 21:13:38
LogWindows: Failed to load 'aqProf.dll' (GetLastError=126)
LogWindows: File 'aqProf.dll' does not exist
LogWindows: Failed to load 'VSPerf140.dll' (GetLastError=126)
LogWindows: File 'VSPerf140.dll' does not exist
LogWindows: Failed to load 'VtuneApi.dll' (GetLastError=126)
LogWindows: File 'VtuneApi.dll' does not exist
LogWindows: Failed to load 'VtuneApi32e.dll' (GetLastError=126)
LogWindows: File 'VtuneApi32e.dll' does not exist
LogInit: Display: Running engine for game: HomeIs
LogPlatformFile: Not using cached read wrapper
LogTaskGraph: Started task graph with 5 named threads and 23 total threads with 3 sets of task threads.
LogStats: Stats thread started at 0.422928
LogD3D11RHI: Loaded GFSDK_Aftermath_Lib.x64.dll
LogICUInternationalization: Display: ICU TimeZone Detection - Raw Offset: +0:00, Platform Override: ''
LogPluginManager: Mounting plugin Paper2D
LogPluginManager: Mounting plugin AISupport
LogPluginManager: Mounting plugin LightPropagationVolume
LogPluginManager: Mounting plugin CLionSourceCodeAccess
LogPluginManager: Mounting plugin CodeLiteSourceCodeAccess
LogPluginManager: Mounting plugin GitSourceControl
LogPluginManager: Mounting plugin KDevelopSourceCodeAccess
LogPluginManager: Mounting plugin NullSourceCodeAccess
LogPluginManager: Mounting plugin PerforceSourceControl
LogPluginManager: Mounting plugin SubversionSourceControl
LogPluginManager: Mounting plugin UObjectPlugin
LogPluginManager: Mounting plugin VisualStudioCodeSourceCodeAccess
LogPluginManager: Mounting plugin VisualStudioSourceCodeAccess
LogPluginManager: Mounting plugin XCodeSourceCodeAccess
LogPluginManager: Mounting plugin AssetManagerEditor
LogPluginManager: Mounting plugin CryptoKeys
LogPluginManager: Mounting plugin DataValidation
LogPluginManager: Mounting plugin FacialAnimation
LogPluginManager: Mounting plugin GameplayTagsEditor
LogPluginManager: Mounting plugin MacGraphicsSwitching
LogPluginManager: Mounting plugin MeshEditor
LogPluginManager: Mounting plugin MobileLauncherProfileWizard
LogPluginManager: Mounting plugin PluginBrowser
LogPluginManager: Mounting plugin SpeedTreeImporter
LogPluginManager: Mounting plugin DatasmithContent
LogPluginManager: Mounting plugin AlembicImporter
LogPluginManager: Mounting plugin AppleImageUtils
LogPluginManager: Mounting plugin AppleVision
LogPluginManager: Mounting plugin BackChannel
LogPluginManager: Mounting plugin CharacterAI
LogPluginManager: Mounting plugin GeometryCache
LogPluginManager: Mounting plugin HTML5Networking
LogPluginManager: Mounting plugin ProxyLODPlugin
LogPluginManager: Mounting plugin MagicLeap
LogPluginManager: Mounting plugin MagicLeapEmulator
LogPluginManager: Mounting plugin MagicLeapMedia
LogPluginManager: Mounting plugin AndroidMedia
LogPluginManager: Mounting plugin AvfMedia
LogPluginManager: Mounting plugin ImgMedia
LogPluginManager: Mounting plugin LinearTimecode
LogPluginManager: Mounting plugin MediaCompositing
LogPluginManager: Mounting plugin MediaPlayerEditor
LogPluginManager: Mounting plugin WmfMedia
LogPluginManager: Mounting plugin TcpMessaging
LogPluginManager: Mounting plugin UdpMessaging
LogPluginManager: Mounting plugin ActorSequence
LogPluginManager: Mounting plugin LevelSequenceEditor
LogPluginManager: Mounting plugin MatineeToLevelSequence
LogPluginManager: Mounting plugin NetcodeUnitTest
LogPluginManager: Mounting plugin NUTUnrealEngine4
LogPluginManager: Mounting plugin OnlineSubsystemGooglePlay
LogPluginManager: Mounting plugin OnlineSubsystemIOS
LogPluginManager: Mounting plugin OnlineSubsystem
LogPluginManager: Mounting plugin OnlineSubsystemNull
LogPluginManager: Mounting plugin OnlineSubsystemUtils
LogPluginManager: Mounting plugin LauncherChunkInstaller
LogPluginManager: Mounting plugin AndroidDeviceProfileSelector
LogPluginManager: Mounting plugin AndroidMoviePlayer
LogPluginManager: Mounting plugin AndroidPermission
LogPluginManager: Mounting plugin AppleMoviePlayer
LogPluginManager: Mounting plugin ArchVisCharacter
LogPluginManager: Mounting plugin AudioCapture
LogPluginManager: Mounting plugin CableComponent
LogPluginManager: Mounting plugin CustomMeshComponent
LogPluginManager: Mounting plugin EditableMesh
LogPluginManager: Mounting plugin ExampleDeviceProfileSelector
LogPluginManager: Mounting plugin GoogleCloudMessaging
LogPluginManager: Mounting plugin ImmediatePhysics
LogPluginManager: Mounting plugin IOSDeviceProfileSelector
LogPluginManager: Mounting plugin LinuxDeviceProfileSelector
LogPluginManager: Mounting plugin LocationServicesBPLibrary
LogPluginManager: Mounting plugin MobilePatchingUtils
LogPluginManager: Mounting plugin OculusVR
LogPluginManager: Plugin shader directory ../../../Engine/Plugins/Runtime/Oculus/OculusVR/Shaders found
LogPluginManager: Mapping shader source directory ../../../Engine/Plugins/Runtime/Oculus/OculusVR/Shaders to virtual directory /Plugin/OculusVR
LogPluginManager: Mounting plugin PhysXVehicles
LogPluginManager: Mounting plugin ProceduralMeshComponent
LogPluginManager: Mounting plugin RuntimePhysXCooking
LogPluginManager: Mounting plugin SteamVR
LogPluginManager: Mounting plugin WindowsMoviePlayer
LogStreaming: Display: Took  0.685s to configure plugins.
LogInit: Using libcurl 7.55.1-DEV
LogInit:  - built for x86_64-pc-win32
LogInit:  - supports SSL with OpenSSL/1.0.2h
LogInit:  - supports HTTP deflate (compression) using libz 1.2.8
LogInit:  - other features:
LogInit:      CURL_VERSION_SSL
LogInit:      CURL_VERSION_LIBZ
LogInit:      CURL_VERSION_IPV6
LogInit:      CURL_VERSION_ASYNCHDNS
LogInit:      CURL_VERSION_LARGEFILE
LogInit:      CURL_VERSION_IDN
LogInit:  CurlRequestOptions (configurable via config and command line):
LogInit:  - bVerifyPeer = false  - Libcurl will NOT verify peer certificate
LogInit:  - bUseHttpProxy = false  - Libcurl will NOT use HTTP proxy
LogInit:  - bDontReuseConnections = false  - Libcurl will reuse connections
LogInit:  - CertBundlePath = nullptr  - Libcurl will use whatever was configured at build time.
LogInit:  - MaxHostConnections = 16  - Libcurl will limit the number of connections to a host
LogInit:  - LocalHostAddr = Default
LogInit:  - BufferSize = 65536
LogInit: WinSock: version 1.1 (2.2), MaxSocks=32767, MaxUdp=65467
LogInit: Build: ++UE4+Release-4.20-CL-4369336
LogInit: Engine Version: 4.20.3-4369336+++UE4+Release-4.20
LogInit: Compatible Engine Version: 4.20.0-4212847+++UE4+Release-4.20
LogInit: Net CL: 4212847
LogInit: OS: Windows 10 (), CPU: Intel(R) Xeon(R) CPU E5-1620 v3 @ 3.50GHz, GPU: NVIDIA GeForce GTX 970
LogInit: Compiled (64-bit): Sep 17 2018 12:26:19
LogInit: Compiled with Visual C++: 19.13.26129.00
LogInit: Build Configuration: Development
LogInit: Branch Name: ++UE4+Release-4.20
LogInit: Command Line:  -skipcompile
LogInit: Base Directory: C:/Epic/UE4/UE_4.20/Engine/Binaries/Win64/
LogInit: Installed Engine Build: 1
LogDevObjectVersion: Number of dev versions registered: 20
LogDevObjectVersion:   Dev-Blueprints (B0D832E4-1F89-4F0D-ACCF-7EB736FD4AA2): 10
LogDevObjectVersion:   Dev-Build (E1C64328-A22C-4D53-A36C-8E866417BD8C): 0
LogDevObjectVersion:   Dev-Core (375EC13C-06E4-48FB-B500-84F0262A717E): 2
LogDevObjectVersion:   Dev-Editor (E4B068ED-F494-42E9-A231-DA0B2E46BB41): 24
LogDevObjectVersion:   Dev-Framework (CFFC743F-43B0-4480-9391-14DF171D2073): 34
LogDevObjectVersion:   Dev-Mobile (B02B49B5-BB20-44E9-A304-32B752E40360): 2
LogDevObjectVersion:   Dev-Networking (A4E4105C-59A1-49B5-A7C5-40C4547EDFEE): 0
LogDevObjectVersion:   Dev-Online (39C831C9-5AE6-47DC-9A44-9C173E1C8E7C): 0
LogDevObjectVersion:   Dev-Physics (78F01B33-EBEA-4F98-B9B4-84EACCB95AA2): 0
LogDevObjectVersion:   Dev-Platform (6631380F-2D4D-43E0-8009-CF276956A95A): 0
LogDevObjectVersion:   Dev-Rendering (12F88B9F-8875-4AFC-A67C-D90C383ABD29): 26
LogDevObjectVersion:   Dev-Sequencer (7B5AE74C-D270-4C10-A958-57980B212A5A): 9
LogDevObjectVersion:   Dev-VR (D7296918-1DD6-4BDD-9DE2-64A83CC13884): 2
LogDevObjectVersion:   Dev-LoadTimes (C2A15278-BFE7-4AFE-6C17-90FF531DF755): 1
LogDevObjectVersion:   Private-Geometry (6EACA3D4-40EC-4CC1-B786-8BED09428FC5): 3
LogDevObjectVersion:   Dev-AnimPhys (29E575DD-E0A3-4627-9D10-D276232CDCEA): 17
LogDevObjectVersion:   Dev-ReflectionCapture (6B266CEC-1EC7-4B8F-A30B-E4D90942FC07): 1
LogDevObjectVersion:   Dev-Automation (0DF73D61-A23F-47EA-B727-89E90C41499A): 1
LogDevObjectVersion:   FortniteMain (601D1886-AC64-4F84-AA16-D3DE0DEAC7D6): 12
LogDevObjectVersion:   Dev-Enterprise (9DFFBCD6-494F-0158-E221-12823C92A888): 1
LogStreaming: Display: Took  0.005s to delete old logs.
LogInit: Presizing for max 8388607 objects, including 0 objects not considered by GC, pre-allocating 0 bytes for permanent pool.
LogInit: Object subsystem initialized
[2019.01.25-21.13.39:551][  0]LogInit: Selected Device Profile: [Windows]
[2019.01.25-21.13.39:551][  0]LogInit: Applying CVar settings loaded from the selected device profile: [Windows]
[2019.01.25-21.13.39:611][  0]LogHAL: Display: Platform has ~ 16 GB [17092038656 / 17179869184 / 16], which maps to Larger [LargestMinGB=32, LargerMinGB=12, DefaultMinGB=8, SmallerMinGB=6, SmallestMinGB=0)
[2019.01.25-21.13.39:611][  0]LogInit: Setting Device Profile CVar: [[r.Vulkan.UseRealUBs:1]]
[2019.01.25-21.13.39:611][  0]LogInit: Going up to parent DeviceProfile []
[2019.01.25-21.13.39:612][  0]LogInit: Computer: D102-12
[2019.01.25-21.13.39:613][  0]LogInit: User: c013767h
[2019.01.25-21.13.39:613][  0]LogInit: CPU Page size=4096, Cores=4
[2019.01.25-21.13.39:613][  0]LogInit: High frequency timer resolution =3.410070 MHz
[2019.01.25-21.13.39:613][  0]LogMemory: Memory total: Physical=15.9GB (16GB approx)
[2019.01.25-21.13.39:614][  0]LogMemory: Platform Memory Stats for Windows
[2019.01.25-21.13.39:614][  0]LogMemory: Process Physical Memory: 100.24 MB used, 100.24 MB peak
[2019.01.25-21.13.39:614][  0]LogMemory: Process Virtual Memory: 91.06 MB used, 91.06 MB peak
[2019.01.25-21.13.39:614][  0]LogMemory: Physical Memory: 6722.83 MB used,  9577.41 MB free, 16300.24 MB total
[2019.01.25-21.13.39:614][  0]LogMemory: Virtual Memory: 4640.35 MB used,  9577.41 MB free, 134217728.00 MB total
[2019.01.25-21.13.39:782][  0]LogInit: Using OS detected language (en-US).
[2019.01.25-21.13.39:782][  0]LogInit: Using OS detected locale (en-GB).
[2019.01.25-21.13.39:784][  0]LogTextLocalizationManager: No specific localization for 'en-US' exists, so the 'en' localization will be used.
[2019.01.25-21.13.40:240][  0]LogStreaming: Display: Took  0.459s to InitEngineTextLocalization.
[2019.01.25-21.13.40:241][  0]LogInit: Setting process to per monitor DPI aware
[2019.01.25-21.13.40:334][  0]LogSlate: New Slate User Created.  User Index 0, Is Virtual User: 0
[2019.01.25-21.13.40:334][  0]LogSlate: Slate User Registered.  User Index 0, Is Virtual User: 0
[2019.01.25-21.13.40:678][  0]LogHMD: Failed to initialize OpenVR with code 110
[2019.01.25-21.13.40:678][  0]LogD3D11RHI: D3D11 adapters:
[2019.01.25-21.13.40:777][  0]LogD3D11RHI:    0. 'NVIDIA GeForce GTX 970' (Feature Level 11_0)
[2019.01.25-21.13.40:777][  0]LogD3D11RHI:       4043/0/8150 MB DedicatedVideo/DedicatedSystem/SharedSystem, Outputs:2, VendorId:0x10de
[2019.01.25-21.13.40:785][  0]LogD3D11RHI:    1. 'Microsoft Basic Render Driver' (Feature Level 11_0)
[2019.01.25-21.13.40:785][  0]LogD3D11RHI:       0/0/8150 MB DedicatedVideo/DedicatedSystem/SharedSystem, Outputs:0, VendorId:0x1414
[2019.01.25-21.13.40:785][  0]LogD3D11RHI: Chosen D3D11 Adapter: 0
[2019.01.25-21.13.40:796][  0]LogD3D11RHI: Creating new Direct3DDevice
[2019.01.25-21.13.40:796][  0]LogD3D11RHI:     GPU DeviceId: 0x13c2 (for the marketing name, search the web for "GPU Device Id")
[2019.01.25-21.13.40:796][  0]LogWindows: EnumDisplayDevices:
[2019.01.25-21.13.40:796][  0]LogWindows:    0. 'NVIDIA GeForce GTX 970' (P:1 D:1)
[2019.01.25-21.13.40:797][  0]LogWindows:    1. 'NVIDIA GeForce GTX 970' (P:0 D:1)
[2019.01.25-21.13.40:797][  0]LogWindows:    2. 'NVIDIA GeForce GTX 970' (P:0 D:0)
[2019.01.25-21.13.40:798][  0]LogWindows:    3. 'NVIDIA GeForce GTX 970' (P:0 D:0)
[2019.01.25-21.13.40:798][  0]LogWindows: DebugString: FoundDriverCount:4 
[2019.01.25-21.13.40:798][  0]LogD3D11RHI:     Adapter Name: NVIDIA GeForce GTX 970
[2019.01.25-21.13.40:799][  0]LogD3D11RHI:   Driver Version: 398.82 (internal:24.21.13.9882, unified:398.82)
[2019.01.25-21.13.40:799][  0]LogD3D11RHI:      Driver Date: 7-30-2018
[2019.01.25-21.13.40:799][  0]LogRHI: Texture pool is 2830 MB (70% of 4043 MB)
[2019.01.25-21.13.40:855][  0]LogD3D11RHI: Async texture creation enabled
[2019.01.25-21.13.40:873][  0]LogD3D11RHI: GPU Timing Frequency: 1000.000000 (Debug: 2 2)
[2019.01.25-21.13.40:877][  0]LogShaderCompilers: Guid format shader working directory is -15 characters bigger than the processId version (../../../../../../Users/c013767h/Documents/GitHub/HomeIs/HomeIs/Intermediate/Shaders/WorkingDirectory/19288/).
[2019.01.25-21.13.40:877][  0]LogShaderCompilers: Cleaned the shader compiler working directory 'C:/Users/c013767h/AppData/Local/Temp/UnrealShaderWorkingDir/05204A4A4FA25A960ED694A325C49338/'.
[2019.01.25-21.13.41:276][  0]LogTemp: Display: Loaded TP AllDesktopTargetPlatform
[2019.01.25-21.13.41:298][  0]LogTemp: Display: Loaded TP MacClientTargetPlatform
[2019.01.25-21.13.41:323][  0]LogTemp: Display: Loaded TP MacNoEditorTargetPlatform
[2019.01.25-21.13.41:342][  0]LogTemp: Display: Loaded TP MacServerTargetPlatform
[2019.01.25-21.13.41:369][  0]LogTemp: Display: Loaded TP MacTargetPlatform
[2019.01.25-21.13.41:387][  0]LogTemp: Display: Loaded TP WindowsClientTargetPlatform
[2019.01.25-21.13.41:406][  0]LogTemp: Display: Loaded TP WindowsNoEditorTargetPlatform
[2019.01.25-21.13.41:425][  0]LogTemp: Display: Loaded TP WindowsServerTargetPlatform
[2019.01.25-21.13.41:436][  0]LogTemp: Display: Loaded TP WindowsTargetPlatform
[2019.01.25-21.13.41:527][  0]LogTemp: Display: Loaded TP AndroidTargetPlatform
[2019.01.25-21.13.41:527][  0]LogTemp: Display: Loaded TP AndroidTargetPlatform
[2019.01.25-21.13.41:527][  0]LogTemp: Display: Loaded TP AndroidTargetPlatform
[2019.01.25-21.13.41:527][  0]LogTemp: Display: Loaded TP AndroidTargetPlatform
[2019.01.25-21.13.41:527][  0]LogTemp: Display: Loaded TP AndroidTargetPlatform
[2019.01.25-21.13.41:527][  0]LogTemp: Display: Loaded TP AndroidTargetPlatform
[2019.01.25-21.13.41:527][  0]LogTemp: Display: Loaded TP AndroidTargetPlatform
[2019.01.25-21.13.41:527][  0]LogTemp: Display: Loaded TP AndroidTargetPlatform
[2019.01.25-21.13.41:527][  0]LogTemp: Display: Loaded TP AndroidTargetPlatform
[2019.01.25-21.13.41:527][  0]LogTemp: Display: Loaded TP AndroidTargetPlatform
[2019.01.25-21.13.41:527][  0]LogTemp: Display: Loaded TP AndroidTargetPlatform
[2019.01.25-21.13.41:528][  0]LogTemp: Display: Loaded TP AndroidTargetPlatform
[2019.01.25-21.13.41:528][  0]LogTemp: Display: Loaded TP AndroidTargetPlatform
[2019.01.25-21.13.41:528][  0]LogTemp: Display: Loaded TP AndroidTargetPlatform
[2019.01.25-21.13.41:528][  0]LogTemp: Display: Loaded TP AndroidTargetPlatform
[2019.01.25-21.13.41:528][  0]LogTemp: Display: Loaded TP AndroidTargetPlatform
[2019.01.25-21.13.41:528][  0]LogTemp: Display: Loaded TP AndroidTargetPlatform
[2019.01.25-21.13.41:528][  0]LogTemp: Display: Loaded TP AndroidTargetPlatform
[2019.01.25-21.13.41:537][  0]LogTemp: Display: Loaded TP HTML5TargetPlatform
[2019.01.25-21.13.41:626][  0]LogTemp: Display: Loaded TP IOSTargetPlatform
[2019.01.25-21.13.41:626][  0]LogTemp: Display: Loaded TP IOSTargetPlatform
[2019.01.25-21.13.41:658][  0]LogTemp: Display: Loaded TP TVOSTargetPlatform
[2019.01.25-21.13.41:658][  0]LogTemp: Display: Loaded TP TVOSTargetPlatform
[2019.01.25-21.13.41:674][  0]LogTemp: Display: Loaded TP LinuxClientTargetPlatform
[2019.01.25-21.13.41:693][  0]LogTemp: Display: Loaded TP LinuxNoEditorTargetPlatform
[2019.01.25-21.13.41:713][  0]LogTemp: Display: Loaded TP LinuxServerTargetPlatform
[2019.01.25-21.13.41:734][  0]LogTemp: Display: Loaded TP LinuxTargetPlatform
[2019.01.25-21.13.41:749][  0]LogTemp: Display: Loaded TP LuminTargetPlatform
[2019.01.25-21.13.41:749][  0]LogTargetPlatformManager: Display: Building Assets For Windows
[2019.01.25-21.13.41:917][  0]LogXGEController: Cleaning working directory: C:/Users/c013767h/AppData/Local/Temp/UnrealXGEWorkingDir/
[2019.01.25-21.13.41:917][  0]LogXGEController: Cannot use XGE Controller as Incredibuild is not installed on this machine.
[2019.01.25-21.13.41:918][  0]LogShaderCompilers: Cannot use XGE Shader Compiler as Incredibuild is not installed on this machine.
[2019.01.25-21.13.41:918][  0]LogShaderCompilers: Display: Using Local Shader Compiler.
[2019.01.25-21.13.43:043][  0]LogDerivedDataCache: Display: Max Cache Size: 512 MB
[2019.01.25-21.13.43:138][  0]LogDerivedDataCache: Loaded boot cache 0.09s 73MB C:/Users/c013767h/AppData/Local/UnrealEngine/4.20/DerivedDataCache/Boot.ddc.
[2019.01.25-21.13.43:143][  0]LogDerivedDataCache: Display: Loaded Boot cache: C:/Users/c013767h/AppData/Local/UnrealEngine/4.20/DerivedDataCache/Boot.ddc
[2019.01.25-21.13.43:143][  0]LogDerivedDataCache: FDerivedDataBackendGraph:  Pak pak cache file ../../../../../../Users/c013767h/Documents/GitHub/HomeIs/HomeIs/DerivedDataCache/DDC.ddp not found, will not use a pak cache.
[2019.01.25-21.13.43:144][  0]LogDerivedDataCache: Unable to find inner node Pak for hierarchical cache Hierarchy.
[2019.01.25-21.13.43:144][  0]LogDerivedDataCache: FDerivedDataBackendGraph:  CompressedPak pak cache file ../../../../../../Users/c013767h/Documents/GitHub/HomeIs/HomeIs/DerivedDataCache/Compressed.ddp not found, will not use a pak cache.
[2019.01.25-21.13.43:144][  0]LogDerivedDataCache: Unable to find inner node CompressedPak for hierarchical cache Hierarchy.
[2019.01.25-21.13.43:159][  0]LogDerivedDataCache: Display: Pak cache opened for reading ../../../Engine/DerivedDataCache/Compressed.ddp.
[2019.01.25-21.13.43:175][  0]LogDerivedDataCache: Using Local data cache path C:/Users/c013767h/AppData/Local/UnrealEngine/Common/DerivedDataCache: Writable
[2019.01.25-21.13.43:175][  0]LogDerivedDataCache: Shared data cache path not found in *engine.ini, will not use an Shared cache.
[2019.01.25-21.13.43:176][  0]LogDerivedDataCache: Unable to find inner node Shared for hierarchical cache Hierarchy.
[2019.01.25-21.13.43:207][  0]LogMaterial: Verifying Global Shaders for PCD3D_SM5
[2019.01.25-21.13.43:210][  0]LogSlate: Using FreeType 2.6.0
[2019.01.25-21.13.43:211][  0]LogSlate: SlateFontServices - WITH_FREETYPE: 1, WITH_HARFBUZZ: 1
[2019.01.25-21.13.43:300][  0]LogAssetRegistry: FAssetRegistry took 0.0291 seconds to start up
[2019.01.25-21.13.43:733][  0]LogInit: Selected Device Profile: [Windows]
[2019.01.25-21.13.44:028][  0]LogSimplygon: Simplygon DLL not present - disabling.
[2019.01.25-21.13.44:040][  0]LogMeshReduction: Using SimplygonSwarm for distributed automatic mesh merging
[2019.01.25-21.13.44:041][  0]LogMeshReduction: Using ProxyLODMeshReduction for automatic mesh merging
[2019.01.25-21.13.44:041][  0]LogMeshReduction: Using QuadricMeshReduction for automatic static mesh reduction
[2019.01.25-21.13.44:041][  0]LogMeshReduction: No automatic skeletal mesh reduction module available
[2019.01.25-21.13.44:060][  0]LogNetVersion: HomeIs 1.0.0, NetCL: 4212847, EngineNetVer: 5, GameNetVer: 0 (Checksum: 4178729889)
[2019.01.25-21.13.45:086][  0]LogPackageLocalizationCache: Processed 11 localized package path(s) for 2 prioritized culture(s) in 0.435625 seconds
[2019.01.25-21.13.45:093][  0]LogUObjectArray: 38425 objects as part of root set at end of initial load.
[2019.01.25-21.13.45:093][  0]LogUObjectAllocator: 6690872 out of 0 bytes used by permanent object pool.
[2019.01.25-21.13.45:093][  0]LogUObjectArray: CloseDisregardForGC: 0/0 objects in disregard for GC pool
[2019.01.25-21.13.46:383][  0]LogTcpMessaging: Initializing TcpMessaging bridge
[2019.01.25-21.13.46:400][  0]LogUdpMessaging: Initializing bridge on interface 0.0.0.0:0 to multicast group 230.0.0.1:6666.
[2019.01.25-21.13.46:929][  0]SourceControl: Source control is disabled
[2019.01.25-21.13.46:929][  0]SourceControl: Source control is disabled
[2019.01.25-21.13.46:933][  0]SourceControl: Source control is disabled
[2019.01.25-21.13.46:938][  0]SourceControl: Source control is disabled
[2019.01.25-21.13.47:300][  0]LogAndroidPermission: UAndroidPermissionCallbackProxy::GetInstance
[2019.01.25-21.13.47:408][  0]LogOcInput: OculusInput pre-init called
[2019.01.25-21.13.47:490][  0]LogEngine: Initializing Engine...
[2019.01.25-21.13.47:491][  0]LogHMD: Failed to initialize OpenVR with code 110
[2019.01.25-21.13.47:492][  0]LogStats: UGameplayTagsManager::ConstructGameplayTagTree: ImportINI prefixes -  0.000 s
[2019.01.25-21.13.47:493][  0]LogStats: UGameplayTagsManager::ConstructGameplayTagTree: Construct from data asset -  0.000 s
[2019.01.25-21.13.47:493][  0]LogStats: UGameplayTagsManager::ConstructGameplayTagTree: ImportINI -  0.000 s
[2019.01.25-21.13.47:493][  0]LogStats: UGameplayTagsManager::ConstructGameplayTagTree: GameplayTagTreeChangedEvent.Broadcast -  0.000 s
[2019.01.25-21.13.47:767][  0]LogInit: Initializing FReadOnlyCVARCache
[2019.01.25-21.13.47:798][  0]LogAIModule: Creating AISystem for world Untitled
[2019.01.25-21.13.47:835][  0]LogInit: XAudio2 using 'Speakers (Realtek High Definition Audio)' : 2 channels at 48 kHz using 32 bits per sample (channel mask 0x3)
[2019.01.25-21.13.47:884][  0]LogInit: FAudioDevice initialized.
[2019.01.25-21.13.47:885][  0]LogNetVersion: Set ProjectVersion to 1.0.0.0. Version Checksum will be recalculated on next use.
[2019.01.25-21.13.47:990][  0]LogDerivedDataCache: Saved boot cache 0.11s 73MB C:/Users/c013767h/AppData/Local/UnrealEngine/4.20/DerivedDataCache/Boot.ddc.
[2019.01.25-21.13.47:995][  0]LogInit: Texture streaming: Enabled
[2019.01.25-21.13.48:051][  0]LogEngineSessionManager: EngineSessionManager initialized
[2019.01.25-21.13.48:051][  0]LogEngineSessionManager: EngineSessionManager sent abnormal shutdown report. Type=Debugger, SessionId={D32EA291-45E7-8263-D775-1C8733DB87C7}
[2019.01.25-21.13.48:071][  0]LogInit: Transaction tracking system initialized
[2019.01.25-21.13.48:142][  0]BlueprintLog: New page: Editor Load
[2019.01.25-21.13.48:433][  0]LocalizationService: Localization service is disabled
[2019.01.25-21.13.48:814][  0]LogCook: Display: Max memory allowance for cook 16384mb min free memory 0mb
[2019.01.25-21.13.48:814][  0]LogCook: Display: Mobile HDR setting 1
[2019.01.25-21.13.48:815][  0]LogGameplayTags: Display: UGameplayTagsManager::DoneAddingNativeTags. DelegateIsBound: 0
[2019.01.25-21.13.48:815][  0]LogStats: UGameplayTagsManager::ConstructGameplayTagTree: ImportINI prefixes -  0.000 s
[2019.01.25-21.13.48:815][  0]LogStats: UGameplayTagsManager::ConstructGameplayTagTree: Construct from data asset -  0.000 s
[2019.01.25-21.13.48:815][  0]LogStats: UGameplayTagsManager::ConstructGameplayTagTree: ImportINI -  0.000 s
[2019.01.25-21.13.48:815][  0]LogStats: UGameplayTagsManager::ConstructGameplayTagTree: GameplayTagTreeChangedEvent.Broadcast -  0.000 s
[2019.01.25-21.13.49:067][  0]LogFileCache: Scanning file cache for directory 'C:/Users/c013767h/Documents/GitHub/HomeIs/HomeIs/Content/' took 0.02s
[2019.01.25-21.13.49:067][  0]SourceControl: Source control is disabled
[2019.01.25-21.13.49:068][  0]Cmd: MAP LOAD FILE="../../../../../../Users/c013767h/Documents/GitHub/HomeIs/HomeIs/Content/FirstPersonCPP/Maps/FirstPersonExampleMap.umap" TEMPLATE=0 SHOWPROGRESS=1 FEATURELEVEL=3
[2019.01.25-21.13.49:069][  0]LightingResults: New page: Lighting Build
[2019.01.25-21.13.49:076][  0]MapCheck: New page: Map Check
[2019.01.25-21.13.49:076][  0]LightingResults: New page: Lighting Build
[2019.01.25-21.13.49:322][  0]LogAIModule: Creating AISystem for world FirstPersonExampleMap
[2019.01.25-21.13.49:336][  0]LogEditorServer: Finished looking for orphan Actors (0.000 secs)
[2019.01.25-21.13.49:362][  0]Cmd: MAP CHECKDEP NOCLEARLOG
[2019.01.25-21.13.49:580][  0]MapCheck: Map check complete: 0 Error(s), 0 Warning(s), took 217.181ms to complete.
[2019.01.25-21.13.49:580][  0]LogFileHelpers: Loading map 'FirstPersonExampleMap' took 0.512
[2019.01.25-21.13.49:755][  0]LogSlate: Updating window title bar state: overlay mode, drag disabled, window buttons hidden, title bar hidden
[2019.01.25-21.13.49:763][  0]LogSlate: Updating window title bar state: overlay mode, drag disabled, window buttons hidden, title bar hidden
[2019.01.25-21.13.49:771][  0]LogSlate: Updating window title bar state: overlay mode, drag disabled, window buttons hidden, title bar hidden
[2019.01.25-21.13.49:779][  0]LogSlate: Updating window title bar state: overlay mode, drag disabled, window buttons hidden, title bar hidden
[2019.01.25-21.13.49:792][  0]LogCollectionManager: Loaded 0 collections in 0.003675 seconds
[2019.01.25-21.13.49:858][  0]LogFileCache: Scanning file cache for directory 'C:/Users/c013767h/Documents/GitHub/HomeIs/HomeIs/Saved/Collections/' took 0.01s
[2019.01.25-21.13.49:858][  0]LogFileCache: Scanning file cache for directory 'C:/Users/c013767h/Documents/GitHub/HomeIs/HomeIs/Content/Developers/c013767h/Collections/' took 0.01s
[2019.01.25-21.13.49:859][  0]LogFileCache: Scanning file cache for directory 'C:/Users/c013767h/Documents/GitHub/HomeIs/HomeIs/Content/Collections/' took 0.01s
[2019.01.25-21.13.49:859][  0]LogCollectionManager: Rebuilt the GUID cache for 0 collections in 0.000000 seconds
[2019.01.25-21.13.49:878][  0]LogContentBrowser: Native class hierarchy populated in 0.0184 seconds. Added 2577 classes and 605 folders.
[2019.01.25-21.13.49:894][  0]LogContentBrowser: Native class hierarchy updated for 'WidgetCarousel' in 0.0007 seconds. Added 0 classes and 0 folders.
[2019.01.25-21.13.49:993][  0]LogContentBrowser: Native class hierarchy updated for 'AddContentDialog' in 0.0005 seconds. Added 0 classes and 0 folders.
[2019.01.25-21.13.50:002][  0]LogContentBrowser: Native class hierarchy updated for 'SceneOutliner' in 0.0006 seconds. Added 1 classes and 2 folders.
[2019.01.25-21.13.50:029][  0]LogSlate: FSceneViewport::OnFocusLost() reason 2
[2019.01.25-21.13.50:046][  0]LogSlate: Window 'Tutorials' being destroyed
[2019.01.25-21.13.50:091][  0]LogContentBrowser: Native class hierarchy updated for 'HierarchicalLODOutliner' in 0.0005 seconds. Added 0 classes and 0 folders.
[2019.01.25-21.13.50:092][  0]LogLoad: (Engine Initialization) Total time: 14.89 seconds
[2019.01.25-21.13.50:092][  0]LogLoad: (Engine Initialization) Total Blueprint compile time: 0.00 seconds
[2019.01.25-21.13.50:102][  0]LogWindowsTextInputMethodSystem: Display: IME system now deactivated.
[2019.01.25-21.13.50:121][  0]LogContentStreaming: Texture pool size now 1000 MB
[2019.01.25-21.13.50:123][  0]LogSlate: Took 0.000282 seconds to synchronously load lazily loaded font '../../../Engine/Content/Slate/Fonts/Roboto-Regular.ttf' (155K)
[2019.01.25-21.13.50:125][  0]LogSlate: Took 0.000213 seconds to synchronously load lazily loaded font '../../../Engine/Content/Slate/Fonts/Roboto-Bold.ttf' (160K)
[2019.01.25-21.13.50:130][  0]LogSlate: Took 0.000213 seconds to synchronously load lazily loaded font '../../../Engine/Content/Editor/Slate/Fonts/FontAwesome.ttf' (139K)
[2019.01.25-21.13.50:282][  0]LogRenderer: Reallocating scene render targets to support 804x360 Format 10 NumSamples 1 (Frame:1).
[2019.01.25-21.13.50:352][  0]LogSlate: Took 0.000382 seconds to synchronously load lazily loaded font '../../../Engine/Content/Slate/Fonts/Roboto-Light.ttf' (167K)
[2019.01.25-21.13.50:417][  1]LogAssetRegistry: Asset discovery search completed in 7.1416 seconds
[2019.01.25-21.13.50:420][  1]LogCollectionManager: Rebuilt the object cache for 0 collections in 0.000000 seconds (found 0 objects)
[2019.01.25-21.13.50:420][  1]LogCollectionManager: Fixed up redirectors for 0 collections in 0.000128 seconds (updated 0 objects)
[2019.01.25-21.20.51:779][206]LogRenderer: Reallocating scene render targets to support 1208x576 Format 10 NumSamples 1 (Frame:4).
[2019.01.25-21.21.10:986][171]LogSlate: FSceneViewport::OnFocusLost() reason 0
[2019.01.25-21.21.11:119][171]LogTemp: Repeating last play command: Selected Viewport
[2019.01.25-21.21.11:138][171]LogBlueprintUserMessages: Early PlayInEditor Detection: Level '/Game/FirstPersonCPP/Maps/FirstPersonExampleMap.FirstPersonExampleMap:PersistentLevel' has LevelScriptBlueprint '/Game/FirstPersonCPP/Maps/FirstPersonExampleMap.FirstPersonExampleMap:PersistentLevel.FirstPersonExampleMap' with GeneratedClass '/Game/FirstPersonCPP/Maps/FirstPersonExampleMap.FirstPersonExampleMap_C' with ClassGeneratedBy '/Game/FirstPersonCPP/Maps/FirstPersonExampleMap.FirstPersonExampleMap:PersistentLevel.FirstPersonExampleMap'
[2019.01.25-21.21.11:138][171]LogPlayLevel: PlayLevel: No blueprints needed recompiling
[2019.01.25-21.21.11:153][171]PIE: New page: PIE session: FirstPersonExampleMap (25 Jan 2019 21:21:11)
[2019.01.25-21.21.11:153][171]LogPlayLevel: Creating play world package: /Game/FirstPersonCPP/Maps/UEDPIE_0_FirstPersonExampleMap
[2019.01.25-21.21.11:186][171]LogPlayLevel: PIE: StaticDuplicateObject took: (0.033177s)
[2019.01.25-21.21.11:187][171]LogAIModule: Creating AISystem for world FirstPersonExampleMap
[2019.01.25-21.21.11:188][171]LogPlayLevel: PIE: World Init took: (0.001438s)
[2019.01.25-21.21.11:188][171]LogPlayLevel: PIE: Created PIE world by copying editor world from /Game/FirstPersonCPP/Maps/FirstPersonExampleMap.FirstPersonExampleMap to /Game/FirstPersonCPP/Maps/UEDPIE_0_FirstPersonExampleMap.FirstPersonExampleMap (0.035091s)
[2019.01.25-21.21.11:223][171]LogInit: XAudio2 using 'Speakers (Realtek High Definition Audio)' : 2 channels at 48 kHz using 32 bits per sample (channel mask 0x3)
[2019.01.25-21.21.11:242][171]LogInit: FAudioDevice initialized.
[2019.01.25-21.21.11:295][171]LogLoad: Game class is 'HomeIsGameMode'
[2019.01.25-21.21.11:299][171]LogWorld: Bringing World /Game/FirstPersonCPP/Maps/UEDPIE_0_FirstPersonExampleMap.FirstPersonExampleMap up for play (max tick rate 0) at 2019.01.25-21.21.11
[2019.01.25-21.21.11:299][171]LogWorld: Bringing up level for play took: 0.002687
[2019.01.25-21.21.11:323][171]LogContentBrowser: Native class hierarchy updated for 'MovieSceneCapture' in 0.0006 seconds. Added 10 classes and 0 folders.
[2019.01.25-21.21.11:324][171]PIE: Play in editor start time for /Game/FirstPersonCPP/Maps/UEDPIE_0_FirstPersonExampleMap 0.774
[2019.01.25-21.21.11:324][171]LogBlueprintUserMessages: Late PlayInEditor Detection: Level '/Game/FirstPersonCPP/Maps/FirstPersonExampleMap.FirstPersonExampleMap:PersistentLevel' has LevelScriptBlueprint '/Game/FirstPersonCPP/Maps/FirstPersonExampleMap.FirstPersonExampleMap:PersistentLevel.FirstPersonExampleMap' with GeneratedClass '/Game/FirstPersonCPP/Maps/FirstPersonExampleMap.FirstPersonExampleMap_C' with ClassGeneratedBy '/Game/FirstPersonCPP/Maps/FirstPersonExampleMap.FirstPersonExampleMap:PersistentLevel.FirstPersonExampleMap'
[2019.01.25-21.21.17:679][918]LogSlate: FSceneViewport::OnFocusLost() reason 0
[2019.01.25-21.21.18:787][ 16]LogSlate: Took 0.000308 seconds to synchronously load lazily loaded font '../../../Engine/Content/Slate/Fonts/Roboto-Italic.ttf' (157K)
[2019.01.25-21.21.24:420][679]LogSlate: FSceneViewport::OnFocusLost() reason 2
[2019.01.25-21.21.29:138][242]LogSlate: FSceneViewport::OnFocusLost() reason 0
[2019.01.25-21.21.29:205][250]LogBlueprintUserMessages: Early EndPlayMap Detection: Level '/Game/FirstPersonCPP/Maps/FirstPersonExampleMap.FirstPersonExampleMap:PersistentLevel' has LevelScriptBlueprint '/Game/FirstPersonCPP/Maps/FirstPersonExampleMap.FirstPersonExampleMap:PersistentLevel.FirstPersonExampleMap' with GeneratedClass '/Game/FirstPersonCPP/Maps/FirstPersonExampleMap.FirstPersonExampleMap_C' with ClassGeneratedBy '/Game/FirstPersonCPP/Maps/FirstPersonExampleMap.FirstPersonExampleMap:PersistentLevel.FirstPersonExampleMap'
[2019.01.25-21.21.29:237][250]LogSlate: Updating window title bar state: overlay mode, drag disabled, window buttons hidden, title bar hidden
[2019.01.25-21.21.29:275][250]LogPlayLevel: Display: Shutting down PIE online subsystems
[2019.01.25-21.21.29:275][250]LogBlueprintUserMessages: Late EndPlayMap Detection: Level '/Game/FirstPersonCPP/Maps/FirstPersonExampleMap.FirstPersonExampleMap:PersistentLevel' has LevelScriptBlueprint '/Game/FirstPersonCPP/Maps/FirstPersonExampleMap.FirstPersonExampleMap:PersistentLevel.FirstPersonExampleMap' with GeneratedClass '/Game/FirstPersonCPP/Maps/FirstPersonExampleMap.FirstPersonExampleMap_C' with ClassGeneratedBy '/Game/FirstPersonCPP/Maps/FirstPersonExampleMap.FirstPersonExampleMap:PersistentLevel.FirstPersonExampleMap'
[2019.01.25-21.21.29:318][250]LogSlate: Updating window title bar state: overlay mode, drag disabled, window buttons hidden, title bar hidden
[2019.01.25-21.21.29:349][251]LogPlayLevel: Display: Destroying online subsystem :Context_1
[2019.01.25-21.21.30:116][338]LogEditorViewport: Clicking on Actor (LMB): FirstPersonCharacter_C (FirstPersonCharacter2)
[2019.01.25-21.21.32:315][533]LogSlate: FSceneViewport::OnFocusLost() reason 0
[2019.01.25-21.21.35:277][843]LogSlate: Took 0.000273 seconds to synchronously load lazily loaded font '../../../Engine/Content/Slate/Fonts/Roboto-Light.ttf' (167K)
[2019.01.25-21.21.35:475][843]LogSavePackage: Moving '../../../../../../Users/c013767h/Documents/GitHub/HomeIs/HomeIs/Saved/FirstPersonExampleMap071C916A4397079809E423BB622C2766.tmp' to '../../../../../../Users/c013767h/Documents/GitHub/HomeIs/HomeIs/Content/FirstPersonCPP/Maps/FirstPersonExampleMap.umap'
[2019.01.25-21.21.37:175][843]LogSavePackage: Moving '../../../../../../Users/c013767h/Documents/GitHub/HomeIs/HomeIs/Saved/FirstPersonExampleMap_BuiltData3EF65F2044BF910ED195488794D24D0E.tmp' to '../../../../../../Users/c013767h/Documents/GitHub/HomeIs/HomeIs/Content/FirstPersonCPP/Maps/FirstPersonExampleMap_BuiltData.uasset'
[2019.01.25-21.21.38:205][952]LogTemp: Repeating last play command: Selected Viewport
[2019.01.25-21.21.38:226][952]LogBlueprintUserMessages: Early PlayInEditor Detection: Level '/Game/FirstPersonCPP/Maps/FirstPersonExampleMap.FirstPersonExampleMap:PersistentLevel' has LevelScriptBlueprint '/Game/FirstPersonCPP/Maps/FirstPersonExampleMap.FirstPersonExampleMap:PersistentLevel.FirstPersonExampleMap' with GeneratedClass '/Game/FirstPersonCPP/Maps/FirstPersonExampleMap.FirstPersonExampleMap_C' with ClassGeneratedBy '/Game/FirstPersonCPP/Maps/FirstPersonExampleMap.FirstPersonExampleMap:PersistentLevel.FirstPersonExampleMap'
[2019.01.25-21.21.38:226][952]LogPlayLevel: PlayLevel: No blueprints needed recompiling
[2019.01.25-21.21.38:227][952]PIE: New page: PIE session: FirstPersonExampleMap (25 Jan 2019 21:21:38)
[2019.01.25-21.21.38:227][952]LogPlayLevel: Creating play world package: /Game/FirstPersonCPP/Maps/UEDPIE_0_FirstPersonExampleMap
[2019.01.25-21.21.38:245][952]LogPlayLevel: PIE: StaticDuplicateObject took: (0.017954s)
[2019.01.25-21.21.38:245][952]LogAIModule: Creating AISystem for world FirstPersonExampleMap
[2019.01.25-21.21.38:246][952]LogPlayLevel: PIE: World Init took: (0.000787s)
[2019.01.25-21.21.38:246][952]LogPlayLevel: PIE: Created PIE world by copying editor world from /Game/FirstPersonCPP/Maps/FirstPersonExampleMap.FirstPersonExampleMap to /Game/FirstPersonCPP/Maps/UEDPIE_0_FirstPersonExampleMap.FirstPersonExampleMap (0.019123s)
[2019.01.25-21.21.38:306][952]LogInit: XAudio2 using 'Speakers (Realtek High Definition Audio)' : 2 channels at 48 kHz using 32 bits per sample (channel mask 0x3)
[2019.01.25-21.21.38:322][952]LogInit: FAudioDevice initialized.
[2019.01.25-21.21.38:362][952]LogLoad: Game class is 'HomeIsGameMode'
[2019.01.25-21.21.38:367][952]LogWorld: Bringing World /Game/FirstPersonCPP/Maps/UEDPIE_0_FirstPersonExampleMap.FirstPersonExampleMap up for play (max tick rate 0) at 2019.01.25-21.21.38
[2019.01.25-21.21.38:368][952]LogWorld: Bringing up level for play took: 0.004362
[2019.01.25-21.21.38:385][952]PIE: Play in editor start time for /Game/FirstPersonCPP/Maps/UEDPIE_0_FirstPersonExampleMap -0.165
[2019.01.25-21.21.38:385][952]LogBlueprintUserMessages: Late PlayInEditor Detection: Level '/Game/FirstPersonCPP/Maps/FirstPersonExampleMap.FirstPersonExampleMap:PersistentLevel' has LevelScriptBlueprint '/Game/FirstPersonCPP/Maps/FirstPersonExampleMap.FirstPersonExampleMap:PersistentLevel.FirstPersonExampleMap' with GeneratedClass '/Game/FirstPersonCPP/Maps/FirstPersonExampleMap.FirstPersonExampleMap_C' with ClassGeneratedBy '/Game/FirstPersonCPP/Maps/FirstPersonExampleMap.FirstPersonExampleMap:PersistentLevel.FirstPersonExampleMap'
[2019.01.25-21.21.47:827][ 75]LogSlate: FSceneViewport::OnFocusLost() reason 0
[2019.01.25-21.21.50:474][353]LogSlate: FSceneViewport::OnFocusLost() reason 2
[2019.01.25-21.22.06:655][286]LogBlueprintUserMessages: Early EndPlayMap Detection: Level '/Game/FirstPersonCPP/Maps/FirstPersonExampleMap.FirstPersonExampleMap:PersistentLevel' has LevelScriptBlueprint '/Game/FirstPersonCPP/Maps/FirstPersonExampleMap.FirstPersonExampleMap:PersistentLevel.FirstPersonExampleMap' with GeneratedClass '/Game/FirstPersonCPP/Maps/FirstPersonExampleMap.FirstPersonExampleMap_C' with ClassGeneratedBy '/Game/FirstPersonCPP/Maps/FirstPersonExampleMap.FirstPersonExampleMap:PersistentLevel.FirstPersonExampleMap'
[2019.01.25-21.22.06:686][286]LogSlate: Updating window title bar state: overlay mode, drag disabled, window buttons hidden, title bar hidden
[2019.01.25-21.22.06:721][286]LogPlayLevel: Display: Shutting down PIE online subsystems
[2019.01.25-21.22.06:721][286]LogBlueprintUserMessages: Late EndPlayMap Detection: Level '/Game/FirstPersonCPP/Maps/FirstPersonExampleMap.FirstPersonExampleMap:PersistentLevel' has LevelScriptBlueprint '/Game/FirstPersonCPP/Maps/FirstPersonExampleMap.FirstPersonExampleMap:PersistentLevel.FirstPersonExampleMap' with GeneratedClass '/Game/FirstPersonCPP/Maps/FirstPersonExampleMap.FirstPersonExampleMap_C' with ClassGeneratedBy '/Game/FirstPersonCPP/Maps/FirstPersonExampleMap.FirstPersonExampleMap:PersistentLevel.FirstPersonExampleMap'
[2019.01.25-21.22.06:746][286]LogSlate: Updating window title bar state: overlay mode, drag disabled, window buttons hidden, title bar hidden
[2019.01.25-21.22.06:771][287]LogPlayLevel: Display: Destroying online subsystem :Context_2
[2019.01.25-21.22.29:634][939]LogSlate: FSceneViewport::OnFocusLost() reason 0
[2019.01.25-22.06.16:872][603]LogEditorViewport: Clicking on Actor (LMB): StaticMeshActor (Floor)
[2019.01.25-22.16.49:115][758]LogSlate: FSceneViewport::OnFocusLost() reason 0
[2019.01.25-22.16.49:321][771]LogSlate: Window 'HomeIs - Unreal Editor' being destroyed
[2019.01.25-22.16.49:574][772]Cmd: QUIT_EDITOR
[2019.01.25-22.16.50:420][772]LogWindowsTextInputMethodSystem: Display: IME system now deactivated.
[2019.01.25-22.16.50:440][772]LogExit: Preparing to exit.
[2019.01.25-22.16.51:201][772]LogExit: Editor shut down
[2019.01.25-22.16.51:202][772]LogExit: Transaction tracking system shut down
[2019.01.25-22.16.51:854][772]LogExit: Object subsystem successfully closed.
[2019.01.25-22.16.51:892][772]LogShaderCompilers: Display: Shaders left to compile 0
[2019.01.25-22.16.51:898][772]LogD3D11RHI: Shutdown
[2019.01.25-22.16.51:898][772]LogD3D11RHI: CleanupD3DDevice
[2019.01.25-22.16.51:900][772]LogD3D11RHI: ~FD3D11DynamicRHI
[2019.01.25-22.16.51:964][772]LogModuleManager: Shutting down and abandoning module MovieSceneCapture (616)
[2019.01.25-22.16.51:964][772]LogModuleManager: Shutting down and abandoning module Voice (614)
[2019.01.25-22.16.51:964][772]LogModuleManager: Shutting down and abandoning module HierarchicalLODOutliner (612)
[2019.01.25-22.16.51:964][772]LogModuleManager: Shutting down and abandoning module SceneOutliner (610)
[2019.01.25-22.16.51:964][772]LogModuleManager: Shutting down and abandoning module AddContentDialog (608)
[2019.01.25-22.16.51:965][772]LogModuleManager: Shutting down and abandoning module WidgetCarousel (607)
[2019.01.25-22.16.51:965][772]LogModuleManager: Shutting down and abandoning module EditorWidgets (604)
[2019.01.25-22.16.51:965][772]LogModuleManager: Shutting down and abandoning module CollectionManager (602)
[2019.01.25-22.16.51:966][772]LogModuleManager: Shutting down and abandoning module StatsViewer (600)
[2019.01.25-22.16.51:966][772]LogModuleManager: Shutting down and abandoning module FoliageEdit (598)
[2019.01.25-22.16.51:966][772]LogModuleManager: Shutting down and abandoning module LandscapeEditor (596)
[2019.01.25-22.16.51:966][772]LogModuleManager: Shutting down and abandoning module MeshPaintMode (594)
[2019.01.25-22.16.51:967][772]LogModuleManager: Shutting down and abandoning module SceneDepthPickerMode (592)
[2019.01.25-22.16.51:967][772]LogModuleManager: Shutting down and abandoning module ActorPickerMode (590)
[2019.01.25-22.16.51:967][772]LogModuleManager: Shutting down and abandoning module GeometryMode (588)
[2019.01.25-22.16.51:967][772]LogModuleManager: Shutting down and abandoning module TextureAlignMode (586)
[2019.01.25-22.16.51:967][772]LogModuleManager: Shutting down and abandoning module BspMode (584)
[2019.01.25-22.16.51:967][772]LogModuleManager: Shutting down and abandoning module PIEPreviewDeviceProfileSelector (582)
[2019.01.25-22.16.51:967][772]LogModuleManager: Shutting down and abandoning module SequenceRecorderSections (580)
[2019.01.25-22.16.51:967][772]LogModuleManager: Shutting down and abandoning module AutomationWorker (578)
[2019.01.25-22.16.51:968][772]LogModuleManager: Shutting down and abandoning module AudioCaptureEditor (576)
[2019.01.25-22.16.51:968][772]LogModuleManager: Shutting down and abandoning module SequenceRecorder (575)
[2019.01.25-22.16.51:968][772]LogModuleManager: Shutting down and abandoning module MatineeToLevelSequence (572)
[2019.01.25-22.16.51:968][772]LogModuleManager: Shutting down and abandoning module LevelSequenceEditor (570)
[2019.01.25-22.16.51:968][772]LogModuleManager: Shutting down and abandoning module PlacementMode (569)
[2019.01.25-22.16.51:968][772]LogModuleManager: Shutting down and abandoning module MaterialEditor (568)
[2019.01.25-22.16.51:969][772]LogModuleManager: Shutting down and abandoning module WmfMediaFactory (564)
[2019.01.25-22.16.51:969][772]LogModuleManager: Shutting down and abandoning module WmfMediaEditor (562)
[2019.01.25-22.16.51:969][772]LogModuleManager: Shutting down and abandoning module MediaPlayerEditor (560)
[2019.01.25-22.16.51:969][772]LogModuleManager: Shutting down and abandoning module OpenExrWrapper (558)
[2019.01.25-22.16.51:969][772]LogModuleManager: Shutting down and abandoning module ImgMediaFactory (556)
[2019.01.25-22.16.51:969][772]LogModuleManager: Shutting down and abandoning module ImgMediaEditor (554)
[2019.01.25-22.16.51:969][772]LogModuleManager: Shutting down and abandoning module AvfMediaFactory (552)
[2019.01.25-22.16.51:970][772]LogModuleManager: Shutting down and abandoning module AvfMediaEditor (550)
[2019.01.25-22.16.51:970][772]LogModuleManager: Shutting down and abandoning module AndroidMediaFactory (548)
[2019.01.25-22.16.51:970][772]LogModuleManager: Shutting down and abandoning module AndroidMediaEditor (546)
[2019.01.25-22.16.51:970][772]LogModuleManager: Shutting down and abandoning module MagicLeapCameraPreviewFactory (544)
[2019.01.25-22.16.51:970][772]LogModuleManager: Shutting down and abandoning module MagicLeapMediaFactory (542)
[2019.01.25-22.16.51:970][772]LogModuleManager: Shutting down and abandoning module MagicLeapMediaEditor (540)
[2019.01.25-22.16.51:970][772]LogModuleManager: Shutting down and abandoning module CharacterAI (538)
[2019.01.25-22.16.51:970][772]LogModuleManager: Shutting down and abandoning module SmartSnapping (536)
[2019.01.25-22.16.51:970][772]LogModuleManager: Shutting down and abandoning module SessionServices (534)
[2019.01.25-22.16.51:971][772]LogModuleManager: Shutting down and abandoning module ViewportSnapping (532)
[2019.01.25-22.16.51:971][772]LogModuleManager: Shutting down and abandoning module ViewportInteraction (530)
[2019.01.25-22.16.51:971][772]LogModuleManager: Shutting down and abandoning module ClothPainter (528)
[2019.01.25-22.16.51:971][772]LogModuleManager: Shutting down and abandoning module SkeletalMeshEditor (527)
[2019.01.25-22.16.51:971][772]LogModuleManager: Shutting down and abandoning module LogVisualizer (524)
[2019.01.25-22.16.51:971][772]LogModuleManager: Shutting down and abandoning module IntroTutorials (522)
[2019.01.25-22.16.51:971][772]LogModuleManager: Shutting down and abandoning module GameProjectGeneration (521)
[2019.01.25-22.16.51:972][772]LogModuleManager: Shutting down and abandoning module LuminPlatformEditor (518)
[2019.01.25-22.16.51:972][772]LogModuleManager: Shutting down and abandoning module IOSPlatformEditor (516)
[2019.01.25-22.16.51:972][772]LogModuleManager: Shutting down and abandoning module HTML5PlatformEditor (514)
[2019.01.25-22.16.51:972][772]LogModuleManager: Shutting down and abandoning module AndroidPlatformEditor (512)
[2019.01.25-22.16.51:972][772]LogModuleManager: Shutting down and abandoning module AndroidDeviceDetection (511)
[2019.01.25-22.16.52:047][772]LogModuleManager: Shutting down and abandoning module WindowsPlatformEditor (508)
[2019.01.25-22.16.52:048][772]LogModuleManager: Shutting down and abandoning module LuminRuntimeSettings (506)
[2019.01.25-22.16.52:048][772]LogModuleManager: Shutting down and abandoning module IOSRuntimeSettings (504)
[2019.01.25-22.16.52:048][772]LogModuleManager: Shutting down and abandoning module AndroidRuntimeSettings (502)
[2019.01.25-22.16.52:048][772]LogModuleManager: Shutting down and abandoning module InputBindingEditor (500)
[2019.01.25-22.16.52:048][772]LogModuleManager: Shutting down and abandoning module MergeActors (498)
[2019.01.25-22.16.52:048][772]LogModuleManager: Shutting down and abandoning module LocalizationDashboard (496)
[2019.01.25-22.16.52:048][772]LogModuleManager: Shutting down and abandoning module LocalizationService (495)
[2019.01.25-22.16.52:048][772]LogModuleManager: Shutting down and abandoning module HardwareTargeting (492)
[2019.01.25-22.16.52:048][772]LogModuleManager: Shutting down and abandoning module DeviceProfileEditor (490)
[2019.01.25-22.16.52:049][772]LogModuleManager: Shutting down and abandoning module UndoHistory (488)
[2019.01.25-22.16.52:049][772]LogModuleManager: Shutting down and abandoning module XmlParser (486)
[2019.01.25-22.16.52:049][772]LogModuleManager: Shutting down and abandoning module Blutility (484)
[2019.01.25-22.16.52:049][772]LogModuleManager: Shutting down and abandoning module ProjectSettingsViewer (482)
[2019.01.25-22.16.52:049][772]LogModuleManager: Shutting down and abandoning module ProjectTargetPlatformEditor (481)
[2019.01.25-22.16.52:049][772]LogModuleManager: Shutting down and abandoning module EditorSettingsViewer (478)
[2019.01.25-22.16.52:050][772]LogModuleManager: Shutting down and abandoning module SettingsEditor (476)
[2019.01.25-22.16.52:050][772]LogModuleManager: Shutting down and abandoning module ProjectLauncher (474)
[2019.01.25-22.16.52:050][772]LogModuleManager: Shutting down and abandoning module SessionFrontend (472)
[2019.01.25-22.16.52:050][772]LogModuleManager: Shutting down and abandoning module ProfilerClient (470)
[2019.01.25-22.16.52:050][772]LogModuleManager: Shutting down and abandoning module DeviceManager (468)
[2019.01.25-22.16.52:050][772]LogModuleManager: Shutting down and abandoning module TargetDeviceServices (467)
[2019.01.25-22.16.52:116][772]LogModuleManager: Shutting down and abandoning module AutomationController (464)
[2019.01.25-22.16.52:116][772]LogModuleManager: Shutting down and abandoning module AutomationWindow (462)
[2019.01.25-22.16.52:116][772]LogModuleManager: Shutting down and abandoning module Layers (460)
[2019.01.25-22.16.52:116][772]LogModuleManager: Shutting down and abandoning module ComponentVisualizers (458)
[2019.01.25-22.16.52:116][772]LogModuleManager: Shutting down and abandoning module DetailCustomizations (456)
[2019.01.25-22.16.52:116][772]LogModuleManager: Shutting down and abandoning module PackagesDialog (454)
[2019.01.25-22.16.52:116][772]LogModuleManager: Shutting down and abandoning module Persona (452)
[2019.01.25-22.16.52:117][772]LogModuleManager: Shutting down and abandoning module AdvancedPreviewScene (451)
[2019.01.25-22.16.52:117][772]LogModuleManager: Shutting down and abandoning module AnimGraph (449)
[2019.01.25-22.16.52:117][772]LogModuleManager: Shutting down and abandoning module Kismet (446)
[2019.01.25-22.16.52:117][772]LogModuleManager: Shutting down and abandoning module GraphEditor (444)
[2019.01.25-22.16.52:117][772]LogModuleManager: Shutting down and abandoning module ClassViewer (442)
[2019.01.25-22.16.52:117][772]LogModuleManager: Shutting down and abandoning module Toolbox (440)
[2019.01.25-22.16.52:117][772]LogModuleManager: Shutting down and abandoning module DesktopPlatform (439)
[2019.01.25-22.16.52:117][772]LogModuleManager: Shutting down and abandoning module ModuleUI (436)
[2019.01.25-22.16.52:118][772]LogModuleManager: Shutting down and abandoning module MovieSceneTools (434)
[2019.01.25-22.16.52:118][772]LogModuleManager: Shutting down and abandoning module OutputLog (432)
[2019.01.25-22.16.52:118][772]LogModuleManager: Shutting down and abandoning module GammaUI (430)
[2019.01.25-22.16.52:118][772]LogModuleManager: Shutting down and abandoning module Documentation (428)
[2019.01.25-22.16.52:118][772]LogModuleManager: Shutting down and abandoning module MovieSceneTracks (426)
[2019.01.25-22.16.52:118][772]LogModuleManager: Shutting down and abandoning module MovieScene (424)
[2019.01.25-22.16.52:118][772]LogModuleManager: Shutting down and abandoning module StreamingPauseRendering (422)
[2019.01.25-22.16.52:118][772]LogModuleManager: Shutting down and abandoning module LauncherPlatform (420)
[2019.01.25-22.16.52:118][772]LogModuleManager: Shutting down and abandoning module AnalyticsET (418)
[2019.01.25-22.16.52:118][772]LogModuleManager: Shutting down and abandoning module PortalServices (416)
[2019.01.25-22.16.52:119][772]LogModuleManager: Shutting down and abandoning module PortalRpc (414)
[2019.01.25-22.16.52:119][772]LogModuleManager: Shutting down and abandoning module MessagingRpc (412)
[2019.01.25-22.16.52:119][772]LogModuleManager: Shutting down and abandoning module AIModule (410)
[2019.01.25-22.16.52:119][772]LogModuleManager: Shutting down and abandoning module GameplayDebugger (409)
[2019.01.25-22.16.52:119][772]LogModuleManager: Shutting down and abandoning module AITestSuite (407)
[2019.01.25-22.16.52:119][772]LogModuleManager: Shutting down and abandoning module NavigationSystem (405)
[2019.01.25-22.16.52:119][772]LogModuleManager: Shutting down and abandoning module ProfilerService (402)
[2019.01.25-22.16.52:349][772]LogModuleManager: Shutting down and abandoning module TaskGraph (400)
[2019.01.25-22.16.52:350][772]LogModuleManager: Shutting down and abandoning module SteamVRController (398)
[2019.01.25-22.16.52:350][772]LogModuleManager: Shutting down and abandoning module ProceduralMeshComponentEditor (396)
[2019.01.25-22.16.52:350][772]LogModuleManager: Shutting down and abandoning module ProceduralMeshComponent (394)
[2019.01.25-22.16.52:350][772]LogModuleManager: Shutting down and abandoning module OculusInput (392)
[2019.01.25-22.16.52:350][772]LogModuleManager: Shutting down and abandoning module MobilePatchingUtils (390)
[2019.01.25-22.16.52:351][772]LogModuleManager: Shutting down and abandoning module EditableMesh (388)
[2019.01.25-22.16.52:351][772]LogModuleManager: Shutting down and abandoning module CustomMeshComponent (386)
[2019.01.25-22.16.52:351][772]LogModuleManager: Shutting down and abandoning module CableComponent (384)
[2019.01.25-22.16.52:351][772]LogModuleManager: Shutting down and abandoning module AudioCapture (382)
[2019.01.25-22.16.52:351][772]LogModuleManager: Shutting down and abandoning module ArchVisCharacter (380)
[2019.01.25-22.16.52:351][772]LogModuleManager: Shutting down and abandoning module AndroidPermission (378)
[2019.01.25-22.16.52:352][772]LogModuleManager: Shutting down and abandoning module NUTUnrealEngine4 (376)
[2019.01.25-22.16.52:352][772]LogModuleManager: Shutting down and abandoning module NetcodeUnitTest (374)
[2019.01.25-22.16.52:352][772]LogModuleManager: Shutting down and abandoning module MediaCompositingEditor (372)
[2019.01.25-22.16.52:352][772]LogModuleManager: Shutting down and abandoning module MediaCompositing (370)
[2019.01.25-22.16.52:353][772]LogModuleManager: Shutting down and abandoning module LinearTimecode (368)
[2019.01.25-22.16.52:353][772]LogModuleManager: Shutting down and abandoning module ImgMedia (366)
[2019.01.25-22.16.52:374][772]LogModuleManager: Shutting down and abandoning module HTML5Networking (364)
[2019.01.25-22.16.52:374][772]LogModuleManager: Shutting down and abandoning module GeometryCacheTracks (362)
[2019.01.25-22.16.52:374][772]LogModuleManager: Shutting down and abandoning module GeometryCacheSequencer (360)
[2019.01.25-22.16.52:374][772]LogModuleManager: Shutting down and abandoning module BackChannel (358)
[2019.01.25-22.16.52:374][772]LogModuleManager: Shutting down and abandoning module AppleVision (356)
[2019.01.25-22.16.52:375][772]LogModuleManager: Shutting down and abandoning module AppleImageUtils (354)
[2019.01.25-22.16.52:375][772]LogModuleManager: Shutting down and abandoning module AlembicImporter (352)
[2019.01.25-22.16.52:375][772]LogModuleManager: Shutting down and abandoning module AlembicLibrary (351)
[2019.01.25-22.16.52:375][772]LogModuleManager: Shutting down and abandoning module GeometryCache (350)
[2019.01.25-22.16.52:375][772]LogModuleManager: Shutting down and abandoning module GeometryCacheEd (349)
[2019.01.25-22.16.52:375][772]LogModuleManager: Shutting down and abandoning module DatasmithContentEditor (344)
[2019.01.25-22.16.52:376][772]LogModuleManager: Shutting down and abandoning module DatasmithContent (342)
[2019.01.25-22.16.52:382][772]LogModuleManager: Shutting down and abandoning module SpeedTreeImporter (340)
[2019.01.25-22.16.52:382][772]LogModuleManager: Shutting down and abandoning module PluginBrowser (338)
[2019.01.25-22.16.52:382][772]LogModuleManager: Shutting down and abandoning module MobileLauncherProfileWizard (336)
[2019.01.25-22.16.52:382][772]LogModuleManager: Shutting down and abandoning module PolygonModeling (334)
[2019.01.25-22.16.52:383][772]LogModuleManager: Shutting down and abandoning module MeshEditor (332)
[2019.01.25-22.16.52:383][772]LogModuleManager: Shutting down and abandoning module CryptoKeysOpenSSL (330)
[2019.01.25-22.16.52:383][772]LogModuleManager: Shutting down and abandoning module CryptoKeys (328)
[2019.01.25-22.16.52:383][772]LogModuleManager: Shutting down and abandoning module VisualStudioSourceCodeAccess (326)
[2019.01.25-22.16.52:383][772]LogModuleManager: Shutting down and abandoning module VisualStudioCodeSourceCodeAccess (324)
[2019.01.25-22.16.52:384][772]LogModuleManager: Shutting down and abandoning module UObjectPlugin (322)
[2019.01.25-22.16.52:384][772]LogModuleManager: Shutting down and abandoning module SubversionSourceControl (320)
[2019.01.25-22.16.52:384][772]LogModuleManager: Shutting down and abandoning module PerforceSourceControl (318)
[2019.01.25-22.16.52:384][772]LogModuleManager: Shutting down and abandoning module GitSourceControl (316)
[2019.01.25-22.16.52:384][772]LogModuleManager: Shutting down and abandoning module SourceControl (315)
[2019.01.25-22.16.52:385][772]LogModuleManager: Shutting down and abandoning module CLionSourceCodeAccess (312)
[2019.01.25-22.16.52:385][772]LogModuleManager: Shutting down and abandoning module LightPropagationVolumeEditor (310)
[2019.01.25-22.16.52:385][772]LogModuleManager: Shutting down and abandoning module PaperTiledImporter (308)
[2019.01.25-22.16.52:385][772]LogModuleManager: Shutting down and abandoning module PaperSpriteSheetImporter (306)
[2019.01.25-22.16.52:385][772]LogModuleManager: Shutting down and abandoning module Paper2DEditor (304)
[2019.01.25-22.16.52:386][772]LogModuleManager: Shutting down and abandoning module MeshPaint (303)
[2019.01.25-22.16.52:386][772]LogModuleManager: Shutting down and abandoning module HomeIs (300)
[2019.01.25-22.16.52:386][772]LogModuleManager: Shutting down and abandoning module RuntimePhysXCooking (298)
[2019.01.25-22.16.52:386][772]LogModuleManager: Shutting down and abandoning module PhysXVehiclesEditor (296)
[2019.01.25-22.16.52:386][772]LogModuleManager: Shutting down and abandoning module PhysXVehicles (294)
[2019.01.25-22.16.52:387][772]LogModuleManager: Shutting down and abandoning module OculusEditor (292)
[2019.01.25-22.16.52:387][772]LogModuleManager: Shutting down and abandoning module LocationServicesBPLibrary (290)
[2019.01.25-22.16.52:387][772]LogModuleManager: Shutting down and abandoning module ImmediatePhysicsEditor (288)
[2019.01.25-22.16.52:387][772]LogModuleManager: Shutting down and abandoning module ImmediatePhysics (286)
[2019.01.25-22.16.52:387][772]LogModuleManager: Shutting down and abandoning module ActorSequence (284)
[2019.01.25-22.16.52:387][772]LogModuleManager: Shutting down and abandoning module UdpMessaging (282)
[2019.01.25-22.16.52:489][772]LogModuleManager: Shutting down and abandoning module TcpMessaging (280)
[2019.01.25-22.16.52:590][772]LogModuleManager: Shutting down and abandoning module MagicLeapAudio (278)
[2019.01.25-22.16.52:590][772]LogModuleManager: Shutting down and abandoning module GameplayTagsEditor (276)
[2019.01.25-22.16.52:590][772]LogModuleManager: Shutting down and abandoning module FacialAnimationEditor (274)
[2019.01.25-22.16.52:590][772]LogModuleManager: Shutting down and abandoning module FacialAnimation (272)
[2019.01.25-22.16.52:590][772]LogModuleManager: Shutting down and abandoning module DataValidation (270)
[2019.01.25-22.16.52:590][772]LogModuleManager: Shutting down and abandoning module AssetManagerEditor (268)
[2019.01.25-22.16.52:590][772]LogModuleManager: Shutting down and abandoning module LevelEditor (267)
[2019.01.25-22.16.52:591][772]LogModuleManager: Shutting down and abandoning module PixelInspectorModule (266)
[2019.01.25-22.16.52:591][772]LogModuleManager: Shutting down and abandoning module CommonMenuExtensions (264)
[2019.01.25-22.16.52:591][772]LogModuleManager: Shutting down and abandoning module MainFrame (262)
[2019.01.25-22.16.52:592][772]LogModuleManager: Shutting down and abandoning module HotReload (261)
[2019.01.25-22.16.52:592][772]LogModuleManager: Shutting down and abandoning module ContentBrowser (257)
[2019.01.25-22.16.52:593][772]LogModuleManager: Shutting down and abandoning module TreeMap (255)
[2019.01.25-22.16.52:593][772]LogModuleManager: Shutting down and abandoning module LightPropagationVolumeRuntime (252)
[2019.01.25-22.16.52:593][772]LogModuleManager: Shutting down and abandoning module AISupportModule (250)
[2019.01.25-22.16.52:593][772]LogModuleManager: Shutting down and abandoning module Paper2D (248)
[2019.01.25-22.16.52:593][772]LogModuleManager: Shutting down and abandoning module WindowsMoviePlayer (246)
[2019.01.25-22.16.52:594][772]LogModuleManager: Shutting down and abandoning module WmfMedia (244)
[2019.01.25-22.16.52:596][772]LogModuleManager: Shutting down and abandoning module Media (243)
[2019.01.25-22.16.52:604][772]LogModuleManager: Shutting down and abandoning module PacketHandler (240)
[2019.01.25-22.16.52:604][772]LogModuleManager: Shutting down and abandoning module ClothingSystemEditor (238)
[2019.01.25-22.16.52:604][772]LogModuleManager: Shutting down and abandoning module ClothingSystemRuntime (236)
[2019.01.25-22.16.52:604][772]LogModuleManager: Shutting down and abandoning module MediaAssets (234)
[2019.01.25-22.16.52:604][772]LogModuleManager: Shutting down and abandoning module Overlay (232)
[2019.01.25-22.16.52:604][772]LogModuleManager: Shutting down and abandoning module OverlayEditor (231)
[2019.01.25-22.16.52:604][772]LogModuleManager: Shutting down and abandoning module VREditor (228)
[2019.01.25-22.16.52:604][772]LogModuleManager: Shutting down and abandoning module StringTableEditor (226)
[2019.01.25-22.16.52:604][772]LogModuleManager: Shutting down and abandoning module GameplayTasksEditor (224)
[2019.01.25-22.16.52:605][772]LogModuleManager: Shutting down and abandoning module BehaviorTreeEditor (222)
[2019.01.25-22.16.52:605][772]LogModuleManager: Shutting down and abandoning module FunctionalTesting (220)
[2019.01.25-22.16.52:605][772]LogModuleManager: Shutting down and abandoning module CollisionAnalyzer (218)
[2019.01.25-22.16.52:605][772]LogModuleManager: Shutting down and abandoning module WorkspaceMenuStructure (217)
[2019.01.25-22.16.52:605][772]LogModuleManager: Shutting down and abandoning module UMG (214)
[2019.01.25-22.16.52:605][772]LogModuleManager: Shutting down and abandoning module UMGEditor (213)
[2019.01.25-22.16.52:605][772]LogModuleManager: Shutting down and abandoning module Sequencer (212)
[2019.01.25-22.16.52:605][772]LogModuleManager: Shutting down and abandoning module MessageLog (209)
[2019.01.25-22.16.52:605][772]LogModuleManager: Shutting down and abandoning module SlateReflector (204)
[2019.01.25-22.16.52:605][772]LogModuleManager: Shutting down and abandoning module Slate (202)
[2019.01.25-22.16.52:605][772]LogModuleManager: Shutting down and abandoning module EditorStyle (200)
[2019.01.25-22.16.52:607][772]LogModuleManager: Shutting down and abandoning module MRMesh (198)
[2019.01.25-22.16.52:607][772]LogModuleManager: Shutting down and abandoning module SourceCodeAccess (196)
[2019.01.25-22.16.52:607][772]LogModuleManager: Shutting down and abandoning module HeadMountedDisplay (194)
[2019.01.25-22.16.52:607][772]LogModuleManager: Shutting down and abandoning module XAudio2 (192)
[2019.01.25-22.16.52:607][772]LogModuleManager: Shutting down and abandoning module Networking (190)
[2019.01.25-22.16.52:608][772]LogModuleManager: Shutting down and abandoning module Core (188)
[2019.01.25-22.16.52:608][772]LogModuleManager: Shutting down and abandoning module LevelSequence (186)
[2019.01.25-22.16.52:608][772]LogModuleManager: Shutting down and abandoning module KismetCompiler (184)
[2019.01.25-22.16.52:608][772]LogModuleManager: Shutting down and abandoning module MeshUtilities (182)
[2019.01.25-22.16.52:608][772]LogModuleManager: Shutting down and abandoning module MeshMergeUtilities (181)
[2019.01.25-22.16.52:608][772]LogModuleManager: Shutting down and abandoning module MeshReductionInterface (180)
[2019.01.25-22.16.52:608][772]LogModuleManager: Shutting down and abandoning module SimplygonSwarm (179)
[2019.01.25-22.16.52:608][772]LogModuleManager: Shutting down and abandoning module ProxyLODMeshReduction (177)
[2019.01.25-22.16.52:608][772]LogModuleManager: Shutting down and abandoning module SimplygonMeshReduction (175)
[2019.01.25-22.16.52:608][772]LogModuleManager: Shutting down and abandoning module QuadricMeshReduction (173)
[2019.01.25-22.16.52:608][772]LogModuleManager: Shutting down and abandoning module MaterialBaking (169)
[2019.01.25-22.16.52:608][772]LogModuleManager: Shutting down and abandoning module DirectoryWatcher (165)
[2019.01.25-22.16.52:608][772]LogModuleManager: Shutting down and abandoning module DerivedDataCache (162)
[2019.01.25-22.16.52:621][772]LogDerivedDataCache: Shutdown
[2019.01.25-22.16.52:621][772]LogModuleManager: Shutting down and abandoning module XGEController (160)
[2019.01.25-22.16.52:621][772]LogXGEController: Cleaning working directory: C:/Users/c013767h/AppData/Local/Temp/UnrealXGEWorkingDir/
[2019.01.25-22.16.52:622][772]LogModuleManager: Shutting down and abandoning module TargetPlatform (158)
[2019.01.25-22.16.52:622][772]LogModuleManager: Shutting down and abandoning module VulkanShaderFormat (157)
[2019.01.25-22.16.52:622][772]LogModuleManager: Shutting down and abandoning module ShaderFormatVectorVM (155)
[2019.01.25-22.16.52:622][772]LogModuleManager: Shutting down and abandoning module ShaderFormatOpenGL (153)
[2019.01.25-22.16.52:622][772]LogModuleManager: Shutting down and abandoning module ShaderFormatD3D (151)
[2019.01.25-22.16.52:622][772]LogModuleManager: Shutting down and abandoning module MetalShaderFormat (149)
[2019.01.25-22.16.52:622][772]LogModuleManager: Shutting down and abandoning module TextureFormatUncompressed (147)
[2019.01.25-22.16.52:622][772]LogModuleManager: Shutting down and abandoning module TextureFormatPVR (145)
[2019.01.25-22.16.52:622][772]LogModuleManager: Shutting down and abandoning module TextureFormatDXT (143)
[2019.01.25-22.16.52:622][772]LogModuleManager: Shutting down and abandoning module TextureFormatIntelISPCTexComp (141)
[2019.01.25-22.16.52:624][772]LogModuleManager: Shutting down and abandoning module TextureFormatASTC (139)
[2019.01.25-22.16.52:624][772]LogModuleManager: Shutting down and abandoning module ImageWrapper (138)
[2019.01.25-22.16.52:624][772]LogModuleManager: Shutting down and abandoning module TextureFormatAndroid (135)
[2019.01.25-22.16.52:624][772]LogModuleManager: Shutting down and abandoning module AudioFormatOpus (133)
[2019.01.25-22.16.52:624][772]LogModuleManager: Shutting down and abandoning module AudioFormatOgg (131)
[2019.01.25-22.16.52:624][772]LogModuleManager: Shutting down and abandoning module AudioFormatADPCM (129)
[2019.01.25-22.16.52:624][772]LogModuleManager: Shutting down and abandoning module LuminTargetPlatform (127)
[2019.01.25-22.16.52:624][772]LogModuleManager: Shutting down and abandoning module LinuxTargetPlatform (125)
[2019.01.25-22.16.52:624][772]LogModuleManager: Shutting down and abandoning module LinuxServerTargetPlatform (123)
[2019.01.25-22.16.52:624][772]LogModuleManager: Shutting down and abandoning module LinuxNoEditorTargetPlatform (121)
[2019.01.25-22.16.52:624][772]LogModuleManager: Shutting down and abandoning module LinuxClientTargetPlatform (119)
[2019.01.25-22.16.52:624][772]LogModuleManager: Shutting down and abandoning module TVOSTargetPlatform (117)
[2019.01.25-22.16.52:664][772]LogModuleManager: Shutting down and abandoning module Messaging (115)
[2019.01.25-22.16.52:664][772]LogModuleManager: Shutting down and abandoning module IOSTargetPlatform (113)
[2019.01.25-22.16.52:665][772]LogModuleManager: Shutting down and abandoning module HTML5TargetPlatform (111)
[2019.01.25-22.16.52:665][772]LogModuleManager: Shutting down and abandoning module AndroidTargetPlatform (109)
[2019.01.25-22.16.52:672][772]LogModuleManager: Shutting down and abandoning module WindowsTargetPlatform (107)
[2019.01.25-22.16.52:672][772]LogModuleManager: Shutting down and abandoning module WindowsServerTargetPlatform (105)
[2019.01.25-22.16.52:672][772]LogModuleManager: Shutting down and abandoning module WindowsNoEditorTargetPlatform (103)
[2019.01.25-22.16.52:672][772]LogModuleManager: Shutting down and abandoning module WindowsClientTargetPlatform (101)
[2019.01.25-22.16.52:672][772]LogModuleManager: Shutting down and abandoning module MacTargetPlatform (99)
[2019.01.25-22.16.52:672][772]LogModuleManager: Shutting down and abandoning module MacServerTargetPlatform (97)
[2019.01.25-22.16.52:672][772]LogModuleManager: Shutting down and abandoning module MacNoEditorTargetPlatform (95)
[2019.01.25-22.16.52:672][772]LogModuleManager: Shutting down and abandoning module MacClientTargetPlatform (93)
[2019.01.25-22.16.52:672][772]LogModuleManager: Shutting down and abandoning module AllDesktopTargetPlatform (91)
[2019.01.25-22.16.52:673][772]LogModuleManager: Shutting down and abandoning module InputCore (88)
[2019.01.25-22.16.52:673][772]LogModuleManager: Shutting down and abandoning module Settings (86)
[2019.01.25-22.16.52:673][772]LogModuleManager: Shutting down and abandoning module PhysXCooking (84)
[2019.01.25-22.16.52:673][772]LogModuleManager: Shutting down and abandoning module SteamVR (82)
[2019.01.25-22.16.52:673][772]LogModuleManager: Shutting down and abandoning module OculusHMD (80)
[2019.01.25-22.16.52:673][772]LogModuleManager: Shutting down and abandoning module ExampleDeviceProfileSelector (78)
[2019.01.25-22.16.52:673][772]LogModuleManager: Shutting down and abandoning module LauncherChunkInstaller (76)
[2019.01.25-22.16.52:673][772]LogModuleManager: Shutting down and abandoning module OnlineBlueprintSupport (74)
[2019.01.25-22.16.52:673][772]LogModuleManager: Shutting down and abandoning module OnlineSubsystem (70)
[2019.01.25-22.16.52:675][772]LogModuleManager: Shutting down and abandoning module XMPP (65)
[2019.01.25-22.16.52:675][772]LogModuleManager: Shutting down and abandoning module WebSockets (64)
[2019.01.25-22.16.52:682][772]LogModuleManager: Shutting down and abandoning module HTTP (61)
[2019.01.25-22.16.52:682][772]LogHttp: Display: Http module shutting down, but needs to wait on 1 outstanding Http requests:
[2019.01.25-22.16.52:682][772]LogHttp: Display: 	verb=[POST] url=[https://datarouter.ol.epicgames.com/datarouter/api/v1/public/data?SessionID=%7B541DF92A-49EF-FD32-660F-EA89FF7B157A%7D&AppID=UEEditor.Rocket.Release&AppVersion=4.20.3-4369336%2B%2B%2BUE4%2BRelease-4.20&UserID=e1a96d8d45bceed625bb5288f05cbdbb%7C%7C11c54207-c36e-46fd-a530-02aa99756efb&AppEnvironment=datacollector-binary&UploadType=eteventstream] status=Processing
[2019.01.25-22.16.52:716][772]LogModuleManager: Shutting down and abandoning module SSL (60)
[2019.01.25-22.16.52:718][772]LogModuleManager: Shutting down and abandoning module MagicLeapEmulator (56)
[2019.01.25-22.16.52:718][772]LogModuleManager: Shutting down and abandoning module MagicLeapPrivileges (54)
[2019.01.25-22.16.52:718][772]LogModuleManager: Shutting down and abandoning module MagicLeapIdentity (52)
[2019.01.25-22.16.52:718][772]LogModuleManager: Shutting down and abandoning module MagicLeapHelperVulkan (50)
[2019.01.25-22.16.52:718][772]LogModuleManager: Shutting down and abandoning module MagicLeapHelperOpenGL (48)
[2019.01.25-22.16.52:718][772]LogModuleManager: Shutting down and abandoning module MagicLeapSecureStorage (46)
[2019.01.25-22.16.52:718][772]LogModuleManager: Shutting down and abandoning module MagicLeapGestures (44)
[2019.01.25-22.16.52:718][772]LogModuleManager: Shutting down and abandoning module MagicLeapEyeTracker (42)
[2019.01.25-22.16.52:718][772]LogModuleManager: Shutting down and abandoning module MagicLeapController (40)
[2019.01.25-22.16.52:718][772]LogSlate: Slate User Destroyed.  User Index 0, Is Virtual User: 0
[2019.01.25-22.16.52:718][772]LogModuleManager: Shutting down and abandoning module MagicLeap (38)
[2019.01.25-22.16.52:718][772]LogModuleManager: Shutting down and abandoning module AnimationModifiers (36)
[2019.01.25-22.16.52:719][772]LogModuleManager: Shutting down and abandoning module PropertyEditor (35)
[2019.01.25-22.16.52:719][772]LogModuleManager: Shutting down and abandoning module AudioEditor (32)
[2019.01.25-22.16.52:719][772]LogModuleManager: Shutting down and abandoning module TextureCompressor (30)
[2019.01.25-22.16.52:721][772]LogModuleManager: Shutting down and abandoning module ShaderCore (28)
[2019.01.25-22.16.52:721][772]LogModuleManager: Shutting down and abandoning module Landscape (26)
[2019.01.25-22.16.52:721][772]LogModuleManager: Shutting down and abandoning module SlateRHIRenderer (24)
[2019.01.25-22.16.52:721][772]LogModuleManager: Shutting down and abandoning module OpenGLDrv (22)
[2019.01.25-22.16.52:721][772]LogModuleManager: Shutting down and abandoning module D3D11RHI (20)
[2019.01.25-22.16.52:721][772]LogModuleManager: Shutting down and abandoning module AnimGraphRuntime (18)
[2019.01.25-22.16.52:721][772]LogModuleManager: Shutting down and abandoning module Renderer (16)
[2019.01.25-22.16.52:721][772]LogModuleManager: Shutting down and abandoning module Engine (14)
[2019.01.25-22.16.52:722][772]LogModuleManager: Shutting down and abandoning module CoreUObject (12)
[2019.01.25-22.16.52:722][772]LogModuleManager: Shutting down and abandoning module NetworkFile (10)
[2019.01.25-22.16.52:722][772]LogModuleManager: Shutting down and abandoning module CookedIterativeFile (8)
[2019.01.25-22.16.52:722][772]LogModuleManager: Shutting down and abandoning module StreamingFile (6)
[2019.01.25-22.16.52:722][772]LogModuleManager: Shutting down and abandoning module SandboxFile (4)
[2019.01.25-22.16.52:722][772]LogModuleManager: Shutting down and abandoning module PakFile (2)
[2019.01.25-22.16.52:736][772]LogExit: Exiting.
[2019.01.25-22.16.52:748][772]Log file closed, 01/25/19 22:16:52
