Log file open, 01/27/19 01:50:30
LogWindows: Failed to load 'aqProf.dll' (GetLastError=126)
LogWindows: File 'aqProf.dll' does not exist
LogWindows: Failed to load 'VSPerf140.dll' (GetLastError=126)
LogWindows: File 'VSPerf140.dll' does not exist
LogWindows: Failed to load 'VtuneApi.dll' (GetLastError=126)
LogWindows: File 'VtuneApi.dll' does not exist
LogWindows: Failed to load 'VtuneApi32e.dll' (GetLastError=126)
LogWindows: File 'VtuneApi32e.dll' does not exist
LogInit: Display: Running engine for game: HomeIs
LogPlatformFile: Not using cached read wrapper
LogTaskGraph: Started task graph with 5 named threads and 23 total threads with 3 sets of task threads.
LogStats: Stats thread started at 0.523797
LogD3D11RHI: Loaded GFSDK_Aftermath_Lib.x64.dll
LogICUInternationalization: Display: ICU TimeZone Detection - Raw Offset: +0:00, Platform Override: ''
LogPluginManager: Mounting plugin Paper2D
LogPluginManager: Mounting plugin AISupport
LogPluginManager: Mounting plugin LightPropagationVolume
LogPluginManager: Mounting plugin CLionSourceCodeAccess
LogPluginManager: Mounting plugin CodeLiteSourceCodeAccess
LogPluginManager: Mounting plugin GitSourceControl
LogPluginManager: Mounting plugin KDevelopSourceCodeAccess
LogPluginManager: Mounting plugin NullSourceCodeAccess
LogPluginManager: Mounting plugin PerforceSourceControl
LogPluginManager: Mounting plugin SubversionSourceControl
LogPluginManager: Mounting plugin UObjectPlugin
LogPluginManager: Mounting plugin VisualStudioCodeSourceCodeAccess
LogPluginManager: Mounting plugin VisualStudioSourceCodeAccess
LogPluginManager: Mounting plugin XCodeSourceCodeAccess
LogPluginManager: Mounting plugin AssetManagerEditor
LogPluginManager: Mounting plugin CryptoKeys
LogPluginManager: Mounting plugin DataValidation
LogPluginManager: Mounting plugin FacialAnimation
LogPluginManager: Mounting plugin GameplayTagsEditor
LogPluginManager: Mounting plugin MacGraphicsSwitching
LogPluginManager: Mounting plugin MeshEditor
LogPluginManager: Mounting plugin MobileLauncherProfileWizard
LogPluginManager: Mounting plugin PluginBrowser
LogPluginManager: Mounting plugin SpeedTreeImporter
LogPluginManager: Mounting plugin DatasmithContent
LogPluginManager: Mounting plugin AlembicImporter
LogPluginManager: Mounting plugin AppleImageUtils
LogPluginManager: Mounting plugin AppleVision
LogPluginManager: Mounting plugin BackChannel
LogPluginManager: Mounting plugin CharacterAI
LogPluginManager: Mounting plugin GeometryCache
LogPluginManager: Mounting plugin HTML5Networking
LogPluginManager: Mounting plugin ProxyLODPlugin
LogPluginManager: Mounting plugin MagicLeap
LogPluginManager: Mounting plugin MagicLeapEmulator
LogPluginManager: Mounting plugin MagicLeapMedia
LogPluginManager: Mounting plugin AndroidMedia
LogPluginManager: Mounting plugin AvfMedia
LogPluginManager: Mounting plugin ImgMedia
LogPluginManager: Mounting plugin LinearTimecode
LogPluginManager: Mounting plugin MediaCompositing
LogPluginManager: Mounting plugin MediaPlayerEditor
LogPluginManager: Mounting plugin WmfMedia
LogPluginManager: Mounting plugin TcpMessaging
LogPluginManager: Mounting plugin UdpMessaging
LogPluginManager: Mounting plugin ActorSequence
LogPluginManager: Mounting plugin LevelSequenceEditor
LogPluginManager: Mounting plugin MatineeToLevelSequence
LogPluginManager: Mounting plugin NetcodeUnitTest
LogPluginManager: Mounting plugin NUTUnrealEngine4
LogPluginManager: Mounting plugin OnlineSubsystemGooglePlay
LogPluginManager: Mounting plugin OnlineSubsystemIOS
LogPluginManager: Mounting plugin OnlineSubsystem
LogPluginManager: Mounting plugin OnlineSubsystemNull
LogPluginManager: Mounting plugin OnlineSubsystemUtils
LogPluginManager: Mounting plugin LauncherChunkInstaller
LogPluginManager: Mounting plugin AndroidDeviceProfileSelector
LogPluginManager: Mounting plugin AndroidMoviePlayer
LogPluginManager: Mounting plugin AndroidPermission
LogPluginManager: Mounting plugin ApexDestruction
LogPluginManager: Mounting plugin AppleMoviePlayer
LogPluginManager: Mounting plugin ArchVisCharacter
LogPluginManager: Mounting plugin AudioCapture
LogPluginManager: Mounting plugin CableComponent
LogPluginManager: Mounting plugin CustomMeshComponent
LogPluginManager: Mounting plugin EditableMesh
LogPluginManager: Mounting plugin ExampleDeviceProfileSelector
LogPluginManager: Mounting plugin GoogleCloudMessaging
LogPluginManager: Mounting plugin ImmediatePhysics
LogPluginManager: Mounting plugin IOSDeviceProfileSelector
LogPluginManager: Mounting plugin LinuxDeviceProfileSelector
LogPluginManager: Mounting plugin LocationServicesBPLibrary
LogPluginManager: Mounting plugin MobilePatchingUtils
LogPluginManager: Mounting plugin OculusVR
LogPluginManager: Plugin shader directory ../../../Engine/Plugins/Runtime/Oculus/OculusVR/Shaders found
LogPluginManager: Mapping shader source directory ../../../Engine/Plugins/Runtime/Oculus/OculusVR/Shaders to virtual directory /Plugin/OculusVR
LogPluginManager: Mounting plugin PhysXVehicles
LogPluginManager: Mounting plugin ProceduralMeshComponent
LogPluginManager: Mounting plugin RuntimePhysXCooking
LogPluginManager: Mounting plugin SteamVR
LogPluginManager: Mounting plugin WindowsMoviePlayer
LogStreaming: Display: Took  0.467s to configure plugins.
LogInit: Using libcurl 7.55.1-DEV
LogInit:  - built for x86_64-pc-win32
LogInit:  - supports SSL with OpenSSL/1.0.2h
LogInit:  - supports HTTP deflate (compression) using libz 1.2.8
LogInit:  - other features:
LogInit:      CURL_VERSION_SSL
LogInit:      CURL_VERSION_LIBZ
LogInit:      CURL_VERSION_IPV6
LogInit:      CURL_VERSION_ASYNCHDNS
LogInit:      CURL_VERSION_LARGEFILE
LogInit:      CURL_VERSION_IDN
LogInit:  CurlRequestOptions (configurable via config and command line):
LogInit:  - bVerifyPeer = false  - Libcurl will NOT verify peer certificate
LogInit:  - bUseHttpProxy = false  - Libcurl will NOT use HTTP proxy
LogInit:  - bDontReuseConnections = false  - Libcurl will reuse connections
LogInit:  - CertBundlePath = nullptr  - Libcurl will use whatever was configured at build time.
LogInit:  - MaxHostConnections = 16  - Libcurl will limit the number of connections to a host
LogInit:  - LocalHostAddr = Default
LogInit:  - BufferSize = 65536
LogInit: WinSock: version 1.1 (2.2), MaxSocks=32767, MaxUdp=65467
LogInit: Build: ++UE4+Release-4.20-CL-4369336
LogInit: Engine Version: 4.20.3-4369336+++UE4+Release-4.20
LogInit: Compatible Engine Version: 4.20.0-4212847+++UE4+Release-4.20
LogInit: Net CL: 4212847
LogInit: OS: Windows 10 (), CPU: Intel(R) Xeon(R) CPU E5-1620 v3 @ 3.50GHz, GPU: NVIDIA GeForce GTX 970
LogInit: Compiled (64-bit): Sep 17 2018 12:26:19
LogInit: Compiled with Visual C++: 19.13.26129.00
LogInit: Build Configuration: Development
LogInit: Branch Name: ++UE4+Release-4.20
LogInit: Command Line:  -skipcompile
LogInit: Base Directory: C:/Epic/UE4/UE_4.20/Engine/Binaries/Win64/
LogInit: Installed Engine Build: 1
LogDevObjectVersion: Number of dev versions registered: 20
LogDevObjectVersion:   Dev-Blueprints (B0D832E4-1F89-4F0D-ACCF-7EB736FD4AA2): 10
LogDevObjectVersion:   Dev-Build (E1C64328-A22C-4D53-A36C-8E866417BD8C): 0
LogDevObjectVersion:   Dev-Core (375EC13C-06E4-48FB-B500-84F0262A717E): 2
LogDevObjectVersion:   Dev-Editor (E4B068ED-F494-42E9-A231-DA0B2E46BB41): 24
LogDevObjectVersion:   Dev-Framework (CFFC743F-43B0-4480-9391-14DF171D2073): 34
LogDevObjectVersion:   Dev-Mobile (B02B49B5-BB20-44E9-A304-32B752E40360): 2
LogDevObjectVersion:   Dev-Networking (A4E4105C-59A1-49B5-A7C5-40C4547EDFEE): 0
LogDevObjectVersion:   Dev-Online (39C831C9-5AE6-47DC-9A44-9C173E1C8E7C): 0
LogDevObjectVersion:   Dev-Physics (78F01B33-EBEA-4F98-B9B4-84EACCB95AA2): 0
LogDevObjectVersion:   Dev-Platform (6631380F-2D4D-43E0-8009-CF276956A95A): 0
LogDevObjectVersion:   Dev-Rendering (12F88B9F-8875-4AFC-A67C-D90C383ABD29): 26
LogDevObjectVersion:   Dev-Sequencer (7B5AE74C-D270-4C10-A958-57980B212A5A): 9
LogDevObjectVersion:   Dev-VR (D7296918-1DD6-4BDD-9DE2-64A83CC13884): 2
LogDevObjectVersion:   Dev-LoadTimes (C2A15278-BFE7-4AFE-6C17-90FF531DF755): 1
LogDevObjectVersion:   Private-Geometry (6EACA3D4-40EC-4CC1-B786-8BED09428FC5): 3
LogDevObjectVersion:   Dev-AnimPhys (29E575DD-E0A3-4627-9D10-D276232CDCEA): 17
LogDevObjectVersion:   Dev-ReflectionCapture (6B266CEC-1EC7-4B8F-A30B-E4D90942FC07): 1
LogDevObjectVersion:   Dev-Automation (0DF73D61-A23F-47EA-B727-89E90C41499A): 1
LogDevObjectVersion:   FortniteMain (601D1886-AC64-4F84-AA16-D3DE0DEAC7D6): 12
LogDevObjectVersion:   Dev-Enterprise (9DFFBCD6-494F-0158-E221-12823C92A888): 1
LogStreaming: Display: Took  0.012s to delete old logs.
LogLinker: Error: AddRedirectList(C:/Users/c013767h/Documents/GitHub/HomeIs/HomeIs/Saved/Config/Windows/Engine.ini) found conflicting redirectors for TP_FirstPerson! Old: /Script/MyProject2.TP_FirstPerson, New: /Script/HomeIs.TP_FirstPerson
LogLinker: Error: AddRedirectList(C:/Users/c013767h/Documents/GitHub/HomeIs/HomeIs/Saved/Config/Windows/Engine.ini) found conflicting redirectors for /Script/TP_FirstPerson! Old: /Script/MyProject2, New: /Script/HomeIs
LogLinker: Error: AddRedirectList(C:/Users/c013767h/Documents/GitHub/HomeIs/HomeIs/Saved/Config/Windows/Engine.ini) found conflicting redirectors for TP_FirstPersonProjectile! Old: MyProject2Projectile, New: HomeIsProjectile
LogLinker: Error: AddRedirectList(C:/Users/c013767h/Documents/GitHub/HomeIs/HomeIs/Saved/Config/Windows/Engine.ini) found conflicting redirectors for TP_FirstPersonProjectile! Old: MyProject2Projectile, New: HomeIsProjectile
LogLinker: Error: AddRedirectList(C:/Users/c013767h/Documents/GitHub/HomeIs/HomeIs/Saved/Config/Windows/Engine.ini) found conflicting redirectors for TP_FirstPersonHUD! Old: MyProject2HUD, New: HomeIsHUD
LogLinker: Error: AddRedirectList(C:/Users/c013767h/Documents/GitHub/HomeIs/HomeIs/Saved/Config/Windows/Engine.ini) found conflicting redirectors for TP_FirstPersonHUD! Old: MyProject2HUD, New: HomeIsHUD
LogLinker: Error: AddRedirectList(C:/Users/c013767h/Documents/GitHub/HomeIs/HomeIs/Saved/Config/Windows/Engine.ini) found conflicting redirectors for TP_FirstPersonGameMode! Old: MyProject2GameMode, New: HomeIsGameMode
LogLinker: Error: AddRedirectList(C:/Users/c013767h/Documents/GitHub/HomeIs/HomeIs/Saved/Config/Windows/Engine.ini) found conflicting redirectors for TP_FirstPersonGameMode! Old: MyProject2GameMode, New: HomeIsGameMode
LogLinker: Error: AddRedirectList(C:/Users/c013767h/Documents/GitHub/HomeIs/HomeIs/Saved/Config/Windows/Engine.ini) found conflicting redirectors for TP_FirstPersonCharacter! Old: MyProject2Character, New: HomeIsCharacter
LogLinker: Error: AddRedirectList(C:/Users/c013767h/Documents/GitHub/HomeIs/HomeIs/Saved/Config/Windows/Engine.ini) found conflicting redirectors for TP_FirstPersonCharacter! Old: MyProject2Character, New: HomeIsCharacter
LogInit: Presizing for max 8388607 objects, including 0 objects not considered by GC, pre-allocating 0 bytes for permanent pool.
LogInit: Object subsystem initialized
[2019.01.27-01.50.31:518][  0]LogInit: Selected Device Profile: [Windows]
[2019.01.27-01.50.31:519][  0]LogInit: Applying CVar settings loaded from the selected device profile: [Windows]
[2019.01.27-01.50.31:543][  0]LogHAL: Display: Platform has ~ 16 GB [17092038656 / 17179869184 / 16], which maps to Larger [LargestMinGB=32, LargerMinGB=12, DefaultMinGB=8, SmallerMinGB=6, SmallestMinGB=0)
[2019.01.27-01.50.31:543][  0]LogInit: Setting Device Profile CVar: [[r.Vulkan.UseRealUBs:1]]
[2019.01.27-01.50.31:543][  0]LogInit: Going up to parent DeviceProfile []
[2019.01.27-01.50.31:544][  0]LogInit: Computer: D102-12
[2019.01.27-01.50.31:544][  0]LogInit: User: c013767h
[2019.01.27-01.50.31:544][  0]LogInit: CPU Page size=4096, Cores=4
[2019.01.27-01.50.31:544][  0]LogInit: High frequency timer resolution =3.410072 MHz
[2019.01.27-01.50.31:544][  0]LogMemory: Memory total: Physical=15.9GB (16GB approx)
[2019.01.27-01.50.31:544][  0]LogMemory: Platform Memory Stats for Windows
[2019.01.27-01.50.31:544][  0]LogMemory: Process Physical Memory: 101.48 MB used, 101.48 MB peak
[2019.01.27-01.50.31:544][  0]LogMemory: Process Virtual Memory: 89.30 MB used, 89.30 MB peak
[2019.01.27-01.50.31:544][  0]LogMemory: Physical Memory: 7598.14 MB used,  8702.10 MB free, 16300.24 MB total
[2019.01.27-01.50.31:544][  0]LogMemory: Virtual Memory: 4638.79 MB used,  8702.10 MB free, 134217728.00 MB total
[2019.01.27-01.50.31:676][  0]LogInit: Using OS detected language (en-US).
[2019.01.27-01.50.31:676][  0]LogInit: Using OS detected locale (en-GB).
[2019.01.27-01.50.31:678][  0]LogTextLocalizationManager: No specific localization for 'en-US' exists, so the 'en' localization will be used.
[2019.01.27-01.50.32:076][  0]LogStreaming: Display: Took  0.401s to InitEngineTextLocalization.
[2019.01.27-01.50.32:076][  0]LogInit: Setting process to per monitor DPI aware
[2019.01.27-01.50.32:136][  0]LogSlate: New Slate User Created.  User Index 0, Is Virtual User: 0
[2019.01.27-01.50.32:136][  0]LogSlate: Slate User Registered.  User Index 0, Is Virtual User: 0
[2019.01.27-01.50.32:472][  0]LogHMD: Failed to initialize OpenVR with code 110
[2019.01.27-01.50.32:472][  0]LogD3D11RHI: D3D11 adapters:
[2019.01.27-01.50.32:563][  0]LogD3D11RHI:    0. 'NVIDIA GeForce GTX 970' (Feature Level 11_0)
[2019.01.27-01.50.32:563][  0]LogD3D11RHI:       4043/0/8150 MB DedicatedVideo/DedicatedSystem/SharedSystem, Outputs:2, VendorId:0x10de
[2019.01.27-01.50.32:568][  0]LogD3D11RHI:    1. 'Microsoft Basic Render Driver' (Feature Level 11_0)
[2019.01.27-01.50.32:569][  0]LogD3D11RHI:       0/0/8150 MB DedicatedVideo/DedicatedSystem/SharedSystem, Outputs:0, VendorId:0x1414
[2019.01.27-01.50.32:569][  0]LogD3D11RHI: Chosen D3D11 Adapter: 0
[2019.01.27-01.50.32:578][  0]LogD3D11RHI: Creating new Direct3DDevice
[2019.01.27-01.50.32:578][  0]LogD3D11RHI:     GPU DeviceId: 0x13c2 (for the marketing name, search the web for "GPU Device Id")
[2019.01.27-01.50.32:578][  0]LogWindows: EnumDisplayDevices:
[2019.01.27-01.50.32:578][  0]LogWindows:    0. 'NVIDIA GeForce GTX 970' (P:1 D:1)
[2019.01.27-01.50.32:579][  0]LogWindows:    1. 'NVIDIA GeForce GTX 970' (P:0 D:1)
[2019.01.27-01.50.32:579][  0]LogWindows:    2. 'NVIDIA GeForce GTX 970' (P:0 D:0)
[2019.01.27-01.50.32:579][  0]LogWindows:    3. 'NVIDIA GeForce GTX 970' (P:0 D:0)
[2019.01.27-01.50.32:580][  0]LogWindows: DebugString: FoundDriverCount:4 
[2019.01.27-01.50.32:580][  0]LogD3D11RHI:     Adapter Name: NVIDIA GeForce GTX 970
[2019.01.27-01.50.32:580][  0]LogD3D11RHI:   Driver Version: 398.82 (internal:24.21.13.9882, unified:398.82)
[2019.01.27-01.50.32:580][  0]LogD3D11RHI:      Driver Date: 7-30-2018
[2019.01.27-01.50.32:580][  0]LogRHI: Texture pool is 2830 MB (70% of 4043 MB)
[2019.01.27-01.50.32:626][  0]LogD3D11RHI: Async texture creation enabled
[2019.01.27-01.50.32:644][  0]LogD3D11RHI: GPU Timing Frequency: 1000.000000 (Debug: 2 2)
[2019.01.27-01.50.32:648][  0]LogShaderCompilers: Guid format shader working directory is -15 characters bigger than the processId version (../../../../../../Users/c013767h/Documents/GitHub/HomeIs/HomeIs/Intermediate/Shaders/WorkingDirectory/20100/).
[2019.01.27-01.50.32:648][  0]LogShaderCompilers: Cleaned the shader compiler working directory 'C:/Users/c013767h/AppData/Local/Temp/UnrealShaderWorkingDir/82A2E38C46A5CD7FAEA9B3AB452C2116/'.
[2019.01.27-01.50.32:987][  0]LogTemp: Display: Loaded TP AllDesktopTargetPlatform
[2019.01.27-01.50.33:009][  0]LogTemp: Display: Loaded TP MacClientTargetPlatform
[2019.01.27-01.50.33:028][  0]LogTemp: Display: Loaded TP MacNoEditorTargetPlatform
[2019.01.27-01.50.33:049][  0]LogTemp: Display: Loaded TP MacServerTargetPlatform
[2019.01.27-01.50.33:078][  0]LogTemp: Display: Loaded TP MacTargetPlatform
[2019.01.27-01.50.33:098][  0]LogTemp: Display: Loaded TP WindowsClientTargetPlatform
[2019.01.27-01.50.33:124][  0]LogTemp: Display: Loaded TP WindowsNoEditorTargetPlatform
[2019.01.27-01.50.33:151][  0]LogTemp: Display: Loaded TP WindowsServerTargetPlatform
[2019.01.27-01.50.33:162][  0]LogTemp: Display: Loaded TP WindowsTargetPlatform
[2019.01.27-01.50.33:282][  0]LogTemp: Display: Loaded TP AndroidTargetPlatform
[2019.01.27-01.50.33:282][  0]LogTemp: Display: Loaded TP AndroidTargetPlatform
[2019.01.27-01.50.33:282][  0]LogTemp: Display: Loaded TP AndroidTargetPlatform
[2019.01.27-01.50.33:282][  0]LogTemp: Display: Loaded TP AndroidTargetPlatform
[2019.01.27-01.50.33:282][  0]LogTemp: Display: Loaded TP AndroidTargetPlatform
[2019.01.27-01.50.33:282][  0]LogTemp: Display: Loaded TP AndroidTargetPlatform
[2019.01.27-01.50.33:282][  0]LogTemp: Display: Loaded TP AndroidTargetPlatform
[2019.01.27-01.50.33:282][  0]LogTemp: Display: Loaded TP AndroidTargetPlatform
[2019.01.27-01.50.33:282][  0]LogTemp: Display: Loaded TP AndroidTargetPlatform
[2019.01.27-01.50.33:282][  0]LogTemp: Display: Loaded TP AndroidTargetPlatform
[2019.01.27-01.50.33:282][  0]LogTemp: Display: Loaded TP AndroidTargetPlatform
[2019.01.27-01.50.33:282][  0]LogTemp: Display: Loaded TP AndroidTargetPlatform
[2019.01.27-01.50.33:282][  0]LogTemp: Display: Loaded TP AndroidTargetPlatform
[2019.01.27-01.50.33:282][  0]LogTemp: Display: Loaded TP AndroidTargetPlatform
[2019.01.27-01.50.33:283][  0]LogTemp: Display: Loaded TP AndroidTargetPlatform
[2019.01.27-01.50.33:283][  0]LogTemp: Display: Loaded TP AndroidTargetPlatform
[2019.01.27-01.50.33:283][  0]LogTemp: Display: Loaded TP AndroidTargetPlatform
[2019.01.27-01.50.33:283][  0]LogTemp: Display: Loaded TP AndroidTargetPlatform
[2019.01.27-01.50.33:287][  0]LogTemp: Display: Loaded TP HTML5TargetPlatform
[2019.01.27-01.50.33:369][  0]LogTemp: Display: Loaded TP IOSTargetPlatform
[2019.01.27-01.50.33:369][  0]LogTemp: Display: Loaded TP IOSTargetPlatform
[2019.01.27-01.50.33:404][  0]LogTemp: Display: Loaded TP TVOSTargetPlatform
[2019.01.27-01.50.33:405][  0]LogTemp: Display: Loaded TP TVOSTargetPlatform
[2019.01.27-01.50.33:425][  0]LogTemp: Display: Loaded TP LinuxClientTargetPlatform
[2019.01.27-01.50.33:442][  0]LogTemp: Display: Loaded TP LinuxNoEditorTargetPlatform
[2019.01.27-01.50.33:459][  0]LogTemp: Display: Loaded TP LinuxServerTargetPlatform
[2019.01.27-01.50.33:477][  0]LogTemp: Display: Loaded TP LinuxTargetPlatform
[2019.01.27-01.50.33:490][  0]LogTemp: Display: Loaded TP LuminTargetPlatform
[2019.01.27-01.50.33:491][  0]LogTargetPlatformManager: Display: Building Assets For Windows
[2019.01.27-01.50.33:679][  0]LogXGEController: Cleaning working directory: C:/Users/c013767h/AppData/Local/Temp/UnrealXGEWorkingDir/
[2019.01.27-01.50.33:680][  0]LogXGEController: Cannot use XGE Controller as Incredibuild is not installed on this machine.
[2019.01.27-01.50.33:680][  0]LogShaderCompilers: Cannot use XGE Shader Compiler as Incredibuild is not installed on this machine.
[2019.01.27-01.50.33:680][  0]LogShaderCompilers: Display: Using Local Shader Compiler.
[2019.01.27-01.50.34:792][  0]LogDerivedDataCache: Display: Max Cache Size: 512 MB
[2019.01.27-01.50.34:887][  0]LogDerivedDataCache: Loaded boot cache 0.09s 73MB C:/Users/c013767h/AppData/Local/UnrealEngine/4.20/DerivedDataCache/Boot.ddc.
[2019.01.27-01.50.34:888][  0]LogDerivedDataCache: Display: Loaded Boot cache: C:/Users/c013767h/AppData/Local/UnrealEngine/4.20/DerivedDataCache/Boot.ddc
[2019.01.27-01.50.34:888][  0]LogDerivedDataCache: FDerivedDataBackendGraph:  Pak pak cache file ../../../../../../Users/c013767h/Documents/GitHub/HomeIs/HomeIs/DerivedDataCache/DDC.ddp not found, will not use a pak cache.
[2019.01.27-01.50.34:888][  0]LogDerivedDataCache: Unable to find inner node Pak for hierarchical cache Hierarchy.
[2019.01.27-01.50.34:888][  0]LogDerivedDataCache: FDerivedDataBackendGraph:  CompressedPak pak cache file ../../../../../../Users/c013767h/Documents/GitHub/HomeIs/HomeIs/DerivedDataCache/Compressed.ddp not found, will not use a pak cache.
[2019.01.27-01.50.34:888][  0]LogDerivedDataCache: Unable to find inner node CompressedPak for hierarchical cache Hierarchy.
[2019.01.27-01.50.34:901][  0]LogDerivedDataCache: Display: Pak cache opened for reading ../../../Engine/DerivedDataCache/Compressed.ddp.
[2019.01.27-01.50.34:915][  0]LogDerivedDataCache: Using Local data cache path C:/Users/c013767h/AppData/Local/UnrealEngine/Common/DerivedDataCache: Writable
[2019.01.27-01.50.34:915][  0]LogDerivedDataCache: Shared data cache path not found in *engine.ini, will not use an Shared cache.
[2019.01.27-01.50.34:915][  0]LogDerivedDataCache: Unable to find inner node Shared for hierarchical cache Hierarchy.
[2019.01.27-01.50.34:934][  0]LogMaterial: Verifying Global Shaders for PCD3D_SM5
[2019.01.27-01.50.34:938][  0]LogSlate: Using FreeType 2.6.0
[2019.01.27-01.50.34:939][  0]LogSlate: SlateFontServices - WITH_FREETYPE: 1, WITH_HARFBUZZ: 1
[2019.01.27-01.50.35:035][  0]LogAssetRegistry: FAssetRegistry took 0.0326 seconds to start up
[2019.01.27-01.50.35:502][  0]LogInit: Selected Device Profile: [Windows]
[2019.01.27-01.50.35:707][  0]LogSimplygon: Simplygon DLL not present - disabling.
[2019.01.27-01.50.35:718][  0]LogMeshReduction: Using SimplygonSwarm for distributed automatic mesh merging
[2019.01.27-01.50.35:718][  0]LogMeshReduction: Using ProxyLODMeshReduction for automatic mesh merging
[2019.01.27-01.50.35:718][  0]LogMeshReduction: Using QuadricMeshReduction for automatic static mesh reduction
[2019.01.27-01.50.35:718][  0]LogMeshReduction: No automatic skeletal mesh reduction module available
[2019.01.27-01.50.35:741][  0]LogNetVersion: HomeIs 1.0.0, NetCL: 4212847, EngineNetVer: 5, GameNetVer: 0 (Checksum: 4178729889)
[2019.01.27-01.50.36:784][  0]LogPackageLocalizationCache: Processed 11 localized package path(s) for 2 prioritized culture(s) in 0.512967 seconds
[2019.01.27-01.50.36:792][  0]LogUObjectArray: 38425 objects as part of root set at end of initial load.
[2019.01.27-01.50.36:792][  0]LogUObjectAllocator: 6690864 out of 0 bytes used by permanent object pool.
[2019.01.27-01.50.36:792][  0]LogUObjectArray: CloseDisregardForGC: 0/0 objects in disregard for GC pool
[2019.01.27-01.50.38:049][  0]LogTcpMessaging: Initializing TcpMessaging bridge
[2019.01.27-01.50.38:068][  0]LogUdpMessaging: Initializing bridge on interface 0.0.0.0:0 to multicast group 230.0.0.1:6666.
[2019.01.27-01.50.38:586][  0]LogScript: Warning: Script Msg: A null object was passed as a world context object to UEngine::GetWorldFromContextObject().
[2019.01.27-01.50.38:653][  0]SourceControl: Source control is disabled
[2019.01.27-01.50.38:653][  0]SourceControl: Source control is disabled
[2019.01.27-01.50.38:658][  0]SourceControl: Source control is disabled
[2019.01.27-01.50.38:663][  0]SourceControl: Source control is disabled
[2019.01.27-01.50.39:004][  0]LogAndroidPermission: UAndroidPermissionCallbackProxy::GetInstance
[2019.01.27-01.50.39:116][  0]LogOcInput: OculusInput pre-init called
[2019.01.27-01.50.39:199][  0]LogEngine: Initializing Engine...
[2019.01.27-01.50.39:200][  0]LogHMD: Failed to initialize OpenVR with code 110
[2019.01.27-01.50.39:202][  0]LogStats: UGameplayTagsManager::ConstructGameplayTagTree: ImportINI prefixes -  0.000 s
[2019.01.27-01.50.39:202][  0]LogStats: UGameplayTagsManager::ConstructGameplayTagTree: Construct from data asset -  0.000 s
[2019.01.27-01.50.39:203][  0]LogStats: UGameplayTagsManager::ConstructGameplayTagTree: ImportINI -  0.000 s
[2019.01.27-01.50.39:203][  0]LogStats: UGameplayTagsManager::ConstructGameplayTagTree: GameplayTagTreeChangedEvent.Broadcast -  0.000 s
[2019.01.27-01.50.39:454][  0]LogInit: Initializing FReadOnlyCVARCache
[2019.01.27-01.50.39:481][  0]LogAIModule: Creating AISystem for world Untitled
[2019.01.27-01.50.39:496][  0]LogInit: XAudio2 using 'Speakers (Realtek High Definition Audio)' : 2 channels at 48 kHz using 32 bits per sample (channel mask 0x3)
[2019.01.27-01.50.39:545][  0]LogInit: FAudioDevice initialized.
[2019.01.27-01.50.39:545][  0]LogNetVersion: Set ProjectVersion to 1.0.0.0. Version Checksum will be recalculated on next use.
[2019.01.27-01.50.39:639][  0]LogDerivedDataCache: Saved boot cache 0.09s 73MB C:/Users/c013767h/AppData/Local/UnrealEngine/4.20/DerivedDataCache/Boot.ddc.
[2019.01.27-01.50.39:654][  0]LogInit: Texture streaming: Enabled
[2019.01.27-01.50.39:690][  0]LogEngineSessionManager: EngineSessionManager initialized
[2019.01.27-01.50.39:691][  0]LogEngineSessionManager: EngineSessionManager sent abnormal shutdown report. Type=Debugger, SessionId={CBAB73B7-4969-C2B7-6BEA-CDA92B42D0CF}
[2019.01.27-01.50.39:712][  0]LogInit: Transaction tracking system initialized
[2019.01.27-01.50.39:768][  0]BlueprintLog: New page: Editor Load
[2019.01.27-01.50.39:993][  0]LocalizationService: Localization service is disabled
[2019.01.27-01.50.40:374][  0]LogCook: Display: Max memory allowance for cook 16384mb min free memory 0mb
[2019.01.27-01.50.40:374][  0]LogCook: Display: Mobile HDR setting 1
[2019.01.27-01.50.40:375][  0]LogGameplayTags: Display: UGameplayTagsManager::DoneAddingNativeTags. DelegateIsBound: 0
[2019.01.27-01.50.40:375][  0]LogStats: UGameplayTagsManager::ConstructGameplayTagTree: ImportINI prefixes -  0.000 s
[2019.01.27-01.50.40:375][  0]LogStats: UGameplayTagsManager::ConstructGameplayTagTree: Construct from data asset -  0.000 s
[2019.01.27-01.50.40:375][  0]LogStats: UGameplayTagsManager::ConstructGameplayTagTree: ImportINI -  0.000 s
[2019.01.27-01.50.40:375][  0]LogStats: UGameplayTagsManager::ConstructGameplayTagTree: GameplayTagTreeChangedEvent.Broadcast -  0.000 s
[2019.01.27-01.50.40:610][  0]LogFileCache: Scanning file cache for directory 'C:/Users/c013767h/Documents/GitHub/HomeIs/HomeIs/Content/' took 0.03s
[2019.01.27-01.50.40:610][  0]SourceControl: Source control is disabled
[2019.01.27-01.50.40:610][  0]Cmd: MAP LOAD FILE="../../../../../../Users/c013767h/Documents/GitHub/HomeIs/HomeIs/Content/FirstPersonCPP/Maps/FirstPersonExampleMap.umap" TEMPLATE=0 SHOWPROGRESS=1 FEATURELEVEL=3
[2019.01.27-01.50.40:612][  0]LightingResults: New page: Lighting Build
[2019.01.27-01.50.40:617][  0]MapCheck: New page: Map Check
[2019.01.27-01.50.40:617][  0]LightingResults: New page: Lighting Build
[2019.01.27-01.50.42:019][  0]LogAIModule: Creating AISystem for world FirstPersonExampleMap
[2019.01.27-01.50.42:036][  0]LogEditorServer: Finished looking for orphan Actors (0.000 secs)
[2019.01.27-01.50.42:063][  0]Cmd: MAP CHECKDEP NOCLEARLOG
[2019.01.27-01.50.42:337][  0]MapCheck: Map check complete: 0 Error(s), 0 Warning(s), took 274.316ms to complete.
[2019.01.27-01.50.42:337][  0]LogFileHelpers: Loading map 'FirstPersonExampleMap' took 1.727
[2019.01.27-01.50.42:478][  0]LogSlate: Updating window title bar state: overlay mode, drag disabled, window buttons hidden, title bar hidden
[2019.01.27-01.50.42:487][  0]LogSlate: Updating window title bar state: overlay mode, drag disabled, window buttons hidden, title bar hidden
[2019.01.27-01.50.42:495][  0]LogSlate: Updating window title bar state: overlay mode, drag disabled, window buttons hidden, title bar hidden
[2019.01.27-01.50.42:503][  0]LogSlate: Updating window title bar state: overlay mode, drag disabled, window buttons hidden, title bar hidden
[2019.01.27-01.50.42:515][  0]LogCollectionManager: Loaded 0 collections in 0.003834 seconds
[2019.01.27-01.50.42:569][  0]LogFileCache: Scanning file cache for directory 'C:/Users/c013767h/Documents/GitHub/HomeIs/HomeIs/Saved/Collections/' took 0.01s
[2019.01.27-01.50.42:569][  0]LogFileCache: Scanning file cache for directory 'C:/Users/c013767h/Documents/GitHub/HomeIs/HomeIs/Content/Developers/c013767h/Collections/' took 0.01s
[2019.01.27-01.50.42:569][  0]LogFileCache: Scanning file cache for directory 'C:/Users/c013767h/Documents/GitHub/HomeIs/HomeIs/Content/Collections/' took 0.01s
[2019.01.27-01.50.42:569][  0]LogCollectionManager: Rebuilt the GUID cache for 0 collections in 0.000000 seconds
[2019.01.27-01.50.42:587][  0]LogContentBrowser: Native class hierarchy populated in 0.0171 seconds. Added 2594 classes and 611 folders.
[2019.01.27-01.50.42:598][  0]LogContentBrowser: Native class hierarchy updated for 'WidgetCarousel' in 0.0006 seconds. Added 0 classes and 0 folders.
[2019.01.27-01.50.42:683][  0]LogContentBrowser: Native class hierarchy updated for 'AddContentDialog' in 0.0006 seconds. Added 0 classes and 0 folders.
[2019.01.27-01.50.42:695][  0]LogContentBrowser: Native class hierarchy updated for 'SceneOutliner' in 0.0007 seconds. Added 1 classes and 2 folders.
[2019.01.27-01.50.42:712][  0]LogSlate: Took 0.000329 seconds to synchronously load lazily loaded font '../../../Engine/Content/Slate/Fonts/Roboto-Regular.ttf' (155K)
[2019.01.27-01.50.42:719][  0]LogSlate: Took 0.000454 seconds to synchronously load lazily loaded font '../../../Engine/Content/Slate/Fonts/Roboto-Bold.ttf' (160K)
[2019.01.27-01.50.42:725][  0]LogSlate: Took 0.000282 seconds to synchronously load lazily loaded font '../../../Engine/Content/Editor/Slate/Fonts/FontAwesome.ttf' (139K)
[2019.01.27-01.50.42:726][  0]LogSlate: Took 0.000205 seconds to synchronously load lazily loaded font '../../../Engine/Content/Slate/Fonts/DroidSansMono.ttf' (77K)
[2019.01.27-01.50.42:870][  0]LogRenderer: Reallocating scene render targets to support 1208x576 Format 10 NumSamples 1 (Frame:1).
[2019.01.27-01.50.43:009][  0]LogContentBrowser: Native class hierarchy updated for 'HierarchicalLODOutliner' in 0.0007 seconds. Added 0 classes and 0 folders.
[2019.01.27-01.50.43:009][  0]LogLoad: (Engine Initialization) Total time: 15.36 seconds
[2019.01.27-01.50.43:010][  0]LogLoad: (Engine Initialization) Total Blueprint compile time: 0.00 seconds
[2019.01.27-01.50.43:020][  0]LogWindowsTextInputMethodSystem: Display: IME system now deactivated.
[2019.01.27-01.50.43:055][  0]LogContentStreaming: Texture pool size now 1000 MB
[2019.01.27-01.50.43:070][  1]LogFileCache: Retrieving MD5 hashes for directory 'C:/Users/c013767h/Documents/GitHub/HomeIs/HomeIs/Content/' took 0.03s
[2019.01.27-01.50.43:086][  1]LogAssetRegistry: Asset discovery search completed in 8.0781 seconds
[2019.01.27-01.50.43:089][  1]LogCollectionManager: Rebuilt the object cache for 0 collections in 0.000000 seconds (found 0 objects)
[2019.01.27-01.50.43:089][  1]LogCollectionManager: Fixed up redirectors for 0 collections in 0.000301 seconds (updated 0 objects)
[2019.01.27-01.50.44:928][208]LogSlate: FSceneViewport::OnFocusLost() reason 0
[2019.01.27-01.50.45:036][221]LogTemp: Repeating last play command: Selected Viewport
[2019.01.27-01.50.45:068][221]LogBlueprintUserMessages: Early PlayInEditor Detection: Level '/Game/FirstPersonCPP/Maps/FirstPersonExampleMap.FirstPersonExampleMap:PersistentLevel' has LevelScriptBlueprint '/Game/FirstPersonCPP/Maps/FirstPersonExampleMap.FirstPersonExampleMap:PersistentLevel.FirstPersonExampleMap' with GeneratedClass '/Game/FirstPersonCPP/Maps/FirstPersonExampleMap.FirstPersonExampleMap_C' with ClassGeneratedBy '/Game/FirstPersonCPP/Maps/FirstPersonExampleMap.FirstPersonExampleMap:PersistentLevel.FirstPersonExampleMap'
[2019.01.27-01.50.45:069][221]LogPlayLevel: PlayLevel: No blueprints needed recompiling
[2019.01.27-01.50.45:084][221]PIE: New page: PIE session: FirstPersonExampleMap (27 Jan 2019 01:50:45)
[2019.01.27-01.50.45:085][221]LogPlayLevel: Creating play world package: /Game/FirstPersonCPP/Maps/UEDPIE_0_FirstPersonExampleMap
[2019.01.27-01.50.45:115][221]LogPlayLevel: PIE: StaticDuplicateObject took: (0.029862s)
[2019.01.27-01.50.45:117][221]LogAIModule: Creating AISystem for world FirstPersonExampleMap
[2019.01.27-01.50.45:117][221]LogPlayLevel: PIE: World Init took: (0.001953s)
[2019.01.27-01.50.45:118][221]LogPlayLevel: PIE: Created PIE world by copying editor world from /Game/FirstPersonCPP/Maps/FirstPersonExampleMap.FirstPersonExampleMap to /Game/FirstPersonCPP/Maps/UEDPIE_0_FirstPersonExampleMap.FirstPersonExampleMap (0.032701s)
[2019.01.27-01.50.45:147][221]LogInit: XAudio2 using 'Speakers (Realtek High Definition Audio)' : 2 channels at 48 kHz using 32 bits per sample (channel mask 0x3)
[2019.01.27-01.50.45:162][221]LogInit: FAudioDevice initialized.
[2019.01.27-01.50.45:213][221]LogLoad: Game class is 'HomeIsGameMode'
[2019.01.27-01.50.45:218][221]LogWorld: Bringing World /Game/FirstPersonCPP/Maps/UEDPIE_0_FirstPersonExampleMap.FirstPersonExampleMap up for play (max tick rate 0) at 2019.01.27-01.50.45
[2019.01.27-01.50.45:223][221]LogWorld: Bringing up level for play took: 0.006877
[2019.01.27-01.50.45:258][221]LogContentBrowser: Native class hierarchy updated for 'MovieSceneCapture' in 0.0010 seconds. Added 10 classes and 0 folders.
[2019.01.27-01.50.45:262][221]PIE: Play in editor start time for /Game/FirstPersonCPP/Maps/UEDPIE_0_FirstPersonExampleMap 0.659
[2019.01.27-01.50.45:263][221]LogBlueprintUserMessages: Late PlayInEditor Detection: Level '/Game/FirstPersonCPP/Maps/FirstPersonExampleMap.FirstPersonExampleMap:PersistentLevel' has LevelScriptBlueprint '/Game/FirstPersonCPP/Maps/FirstPersonExampleMap.FirstPersonExampleMap:PersistentLevel.FirstPersonExampleMap' with GeneratedClass '/Game/FirstPersonCPP/Maps/FirstPersonExampleMap.FirstPersonExampleMap_C' with ClassGeneratedBy '/Game/FirstPersonCPP/Maps/FirstPersonExampleMap.FirstPersonExampleMap:PersistentLevel.FirstPersonExampleMap'
[2019.01.27-01.50.45:286][221]LogTemp: Warning: 100.000000
[2019.01.27-01.50.45:345][222]LogTemp: Warning: 100.000000
[2019.01.27-01.50.45:369][223]LogTemp: Warning: 100.000000
[2019.01.27-01.50.45:383][224]LogTemp: Warning: 100.000000
[2019.01.27-01.50.45:396][225]LogTemp: Warning: 100.000000
[2019.01.27-01.50.45:421][226]LogTemp: Warning: 100.000000
[2019.01.27-01.50.45:435][227]LogTemp: Warning: 100.000000
[2019.01.27-01.50.45:449][228]LogTemp: Warning: 100.000000
[2019.01.27-01.50.45:450][228]LogBlueprintUserMessages: [SUpdateTargetPosition_C_0] X=-481.000 Y=1201.000 Z=268.372
[2019.01.27-01.50.45:468][229]LogTemp: Warning: 100.000000
[2019.01.27-01.50.45:484][230]LogTemp: Warning: 100.000000
[2019.01.27-01.50.45:502][231]LogTemp: Warning: 100.000000
[2019.01.27-01.50.45:525][232]LogTemp: Warning: 100.000000
[2019.01.27-01.50.45:549][233]LogTemp: Warning: 100.000000
[2019.01.27-01.50.45:568][234]LogTemp: Warning: 100.000000
[2019.01.27-01.50.45:582][235]LogTemp: Warning: 100.000000
[2019.01.27-01.50.45:600][236]LogTemp: Warning: 100.000000
[2019.01.27-01.50.45:617][237]LogTemp: Warning: 100.000000
[2019.01.27-01.50.45:630][238]LogTemp: Warning: 100.000000
[2019.01.27-01.50.45:645][239]LogTemp: Warning: 100.000000
[2019.01.27-01.50.45:661][240]LogTemp: Warning: 100.000000
[2019.01.27-01.50.45:675][241]LogTemp: Warning: 100.000000
[2019.01.27-01.50.45:690][242]LogTemp: Warning: 100.000000
[2019.01.27-01.50.45:706][243]LogTemp: Warning: 100.000000
[2019.01.27-01.50.45:723][244]LogTemp: Warning: 100.000000
[2019.01.27-01.50.45:739][245]LogTemp: Warning: 100.000000
[2019.01.27-01.50.45:755][246]LogTemp: Warning: 100.000000
[2019.01.27-01.50.45:774][247]LogTemp: Warning: 100.000000
[2019.01.27-01.50.45:788][248]LogTemp: Warning: 100.000000
[2019.01.27-01.50.45:802][249]LogTemp: Warning: 100.000000
[2019.01.27-01.50.45:814][250]LogTemp: Warning: 100.000000
[2019.01.27-01.50.45:828][251]LogTemp: Warning: 100.000000
[2019.01.27-01.50.45:841][252]LogTemp: Warning: 100.000000
[2019.01.27-01.50.45:855][253]LogTemp: Warning: 100.000000
[2019.01.27-01.50.45:871][254]LogTemp: Warning: 100.000000
[2019.01.27-01.50.45:886][255]LogTemp: Warning: 100.000000
[2019.01.27-01.50.45:901][256]LogTemp: Warning: 100.000000
[2019.01.27-01.50.45:915][257]LogTemp: Warning: 100.000000
[2019.01.27-01.50.45:928][258]LogTemp: Warning: 100.000000
[2019.01.27-01.50.45:941][259]LogTemp: Warning: 100.000000
[2019.01.27-01.50.45:957][260]LogTemp: Warning: 100.000000
[2019.01.27-01.50.45:972][261]LogTemp: Warning: 100.000000
[2019.01.27-01.50.45:986][262]LogTemp: Warning: 100.000000
[2019.01.27-01.50.45:999][263]LogTemp: Warning: 100.000000
[2019.01.27-01.50.46:000][263]LogBlueprintUserMessages: [SUpdateTargetPosition_C_0] X=-456.943 Y=1214.197 Z=268.372
[2019.01.27-01.50.46:016][264]LogTemp: Warning: 100.000000
[2019.01.27-01.50.46:032][265]LogTemp: Warning: 100.000000
[2019.01.27-01.50.46:046][266]LogTemp: Warning: 100.000000
[2019.01.27-01.50.46:061][267]LogTemp: Warning: 100.000000
[2019.01.27-01.50.46:078][268]LogTemp: Warning: 100.000000
[2019.01.27-01.50.46:092][269]LogTemp: Warning: 100.000000
[2019.01.27-01.50.46:107][270]LogTemp: Warning: 100.000000
[2019.01.27-01.50.46:120][271]LogTemp: Warning: 100.000000
[2019.01.27-01.50.46:134][272]LogTemp: Warning: 100.000000
[2019.01.27-01.50.46:147][273]LogTemp: Warning: 100.000000
[2019.01.27-01.50.46:160][274]LogTemp: Warning: 100.000000
[2019.01.27-01.50.46:174][275]LogTemp: Warning: 100.000000
[2019.01.27-01.50.46:187][276]LogTemp: Warning: 100.000000
[2019.01.27-01.50.46:200][277]LogTemp: Warning: 100.000000
[2019.01.27-01.50.46:214][278]LogTemp: Warning: 100.000000
[2019.01.27-01.50.46:227][279]LogTemp: Warning: 100.000000
[2019.01.27-01.50.46:241][280]LogTemp: Warning: 100.000000
[2019.01.27-01.50.46:254][281]LogTemp: Warning: 100.000000
[2019.01.27-01.50.46:269][282]LogTemp: Warning: 100.000000
[2019.01.27-01.50.46:283][283]LogTemp: Warning: 100.000000
[2019.01.27-01.50.46:296][284]LogTemp: Warning: 100.000000
[2019.01.27-01.50.46:309][285]LogTemp: Warning: 100.000000
[2019.01.27-01.50.46:324][286]LogTemp: Warning: 100.000000
[2019.01.27-01.50.46:337][287]LogTemp: Warning: 100.000000
[2019.01.27-01.50.46:351][288]LogTemp: Warning: 100.000000
[2019.01.27-01.50.46:364][289]LogTemp: Warning: 100.000000
[2019.01.27-01.50.46:378][290]LogTemp: Warning: 100.000000
[2019.01.27-01.50.46:391][291]LogTemp: Warning: 100.000000
[2019.01.27-01.50.46:405][292]LogTemp: Warning: 100.000000
[2019.01.27-01.50.46:418][293]LogTemp: Warning: 100.000000
[2019.01.27-01.50.46:431][294]LogTemp: Warning: 100.000000
[2019.01.27-01.50.46:445][295]LogTemp: Warning: 100.000000
[2019.01.27-01.50.46:459][296]LogTemp: Warning: 100.000000
[2019.01.27-01.50.46:475][297]LogTemp: Warning: 100.000000
[2019.01.27-01.50.46:489][298]LogTemp: Warning: 100.000000
[2019.01.27-01.50.46:490][298]LogBlueprintUserMessages: [SUpdateTargetPosition_C_0] X=-218.500 Y=1336.660 Z=268.372
[2019.01.27-01.50.46:503][299]LogTemp: Warning: 100.000000
[2019.01.27-01.50.46:517][300]LogTemp: Warning: 100.000000
[2019.01.27-01.50.46:532][301]LogTemp: Warning: 100.000000
[2019.01.27-01.50.46:547][302]LogTemp: Warning: 100.000000
[2019.01.27-01.50.46:574][303]LogTemp: Warning: 100.000000
[2019.01.27-01.50.46:589][304]LogTemp: Warning: 100.000000
[2019.01.27-01.50.46:607][305]LogTemp: Warning: 100.000000
[2019.01.27-01.50.46:625][306]LogTemp: Warning: 100.000000
[2019.01.27-01.50.46:639][307]LogTemp: Warning: 100.000000
[2019.01.27-01.50.46:654][308]LogTemp: Warning: 100.000000
[2019.01.27-01.50.46:661][309]LogTemp: Warning: 100.000000
[2019.01.27-01.50.46:674][310]LogTemp: Warning: 100.000000
[2019.01.27-01.50.46:681][311]LogTemp: Warning: 100.000000
[2019.01.27-01.50.46:690][312]LogTemp: Warning: 100.000000
[2019.01.27-01.50.46:701][313]LogTemp: Warning: 100.000000
[2019.01.27-01.50.46:712][314]LogTemp: Warning: 100.000000
[2019.01.27-01.50.46:722][315]LogTemp: Warning: 100.000000
[2019.01.27-01.50.46:732][316]LogTemp: Warning: 100.000000
[2019.01.27-01.50.46:744][317]LogTemp: Warning: 100.000000
[2019.01.27-01.50.46:753][318]LogTemp: Warning: 100.000000
[2019.01.27-01.50.46:762][319]LogTemp: Warning: 100.000000
[2019.01.27-01.50.46:771][320]LogTemp: Warning: 100.000000
[2019.01.27-01.50.46:779][321]LogTemp: Warning: 100.000000
[2019.01.27-01.50.46:787][322]LogTemp: Warning: 100.000000
[2019.01.27-01.50.46:795][323]LogTemp: Warning: 100.000000
[2019.01.27-01.50.46:804][324]LogTemp: Warning: 100.000000
[2019.01.27-01.50.46:812][325]LogTemp: Warning: 100.000000
[2019.01.27-01.50.46:820][326]LogTemp: Warning: 100.000000
[2019.01.27-01.50.46:829][327]LogTemp: Warning: 100.000000
[2019.01.27-01.50.46:837][328]LogTemp: Warning: 100.000000
[2019.01.27-01.50.46:845][329]LogTemp: Warning: 100.000000
[2019.01.27-01.50.46:854][330]LogTemp: Warning: 100.000000
[2019.01.27-01.50.46:861][331]LogTemp: Warning: 100.000000
[2019.01.27-01.50.46:869][332]LogTemp: Warning: 100.000000
[2019.01.27-01.50.46:878][333]LogTemp: Warning: 100.000000
[2019.01.27-01.50.46:886][334]LogTemp: Warning: 100.000000
[2019.01.27-01.50.46:894][335]LogTemp: Warning: 100.000000
[2019.01.27-01.50.46:894][335]LogBlueprintUserMessages: [SUpdateTargetPosition_C_0] X=14.694 Y=1405.254 Z=268.372
[2019.01.27-01.50.46:902][336]LogTemp: Warning: 100.000000
[2019.01.27-01.50.46:911][337]LogTemp: Warning: 100.000000
[2019.01.27-01.50.46:919][338]LogTemp: Warning: 100.000000
[2019.01.27-01.50.46:927][339]LogTemp: Warning: 100.000000
[2019.01.27-01.50.46:936][340]LogTemp: Warning: 100.000000
[2019.01.27-01.50.46:944][341]LogTemp: Warning: 100.000000
[2019.01.27-01.50.46:952][342]LogTemp: Warning: 100.000000
[2019.01.27-01.50.46:961][343]LogTemp: Warning: 100.000000
[2019.01.27-01.50.46:969][344]LogTemp: Warning: 100.000000
[2019.01.27-01.50.46:978][345]LogTemp: Warning: 100.000000
[2019.01.27-01.50.46:986][346]LogTemp: Warning: 100.000000
[2019.01.27-01.50.46:994][347]LogTemp: Warning: 100.000000
[2019.01.27-01.50.47:003][348]LogTemp: Warning: 100.000000
[2019.01.27-01.50.47:011][349]LogTemp: Warning: 100.000000
[2019.01.27-01.50.47:019][350]LogTemp: Warning: 100.000000
[2019.01.27-01.50.47:027][351]LogTemp: Warning: 100.000000
[2019.01.27-01.50.47:036][352]LogTemp: Warning: 100.000000
[2019.01.27-01.50.47:044][353]LogTemp: Warning: 99.000000
[2019.01.27-01.50.47:052][354]LogTemp: Warning: 99.000000
[2019.01.27-01.50.47:061][355]LogTemp: Warning: 99.000000
[2019.01.27-01.50.47:069][356]LogTemp: Warning: 99.000000
[2019.01.27-01.50.47:077][357]LogTemp: Warning: 99.000000
[2019.01.27-01.50.47:086][358]LogTemp: Warning: 99.000000
[2019.01.27-01.50.47:094][359]LogTemp: Warning: 99.000000
[2019.01.27-01.50.47:103][360]LogTemp: Warning: 99.000000
[2019.01.27-01.50.47:111][361]LogTemp: Warning: 99.000000
[2019.01.27-01.50.47:119][362]LogTemp: Warning: 99.000000
[2019.01.27-01.50.47:128][363]LogTemp: Warning: 99.000000
[2019.01.27-01.50.47:136][364]LogTemp: Warning: 99.000000
[2019.01.27-01.50.47:144][365]LogTemp: Warning: 99.000000
[2019.01.27-01.50.47:152][366]LogTemp: Warning: 99.000000
[2019.01.27-01.50.47:161][367]LogTemp: Warning: 99.000000
[2019.01.27-01.50.47:169][368]LogTemp: Warning: 99.000000
[2019.01.27-01.50.47:177][369]LogTemp: Warning: 99.000000
[2019.01.27-01.50.47:186][370]LogTemp: Warning: 99.000000
[2019.01.27-01.50.47:194][371]LogTemp: Warning: 99.000000
[2019.01.27-01.50.47:203][372]LogTemp: Warning: 99.000000
[2019.01.27-01.50.47:211][373]LogTemp: Warning: 99.000000
[2019.01.27-01.50.47:219][374]LogTemp: Warning: 98.000000
[2019.01.27-01.50.47:228][375]LogTemp: Warning: 98.000000
[2019.01.27-01.50.47:236][376]LogTemp: Warning: 98.000000
[2019.01.27-01.50.47:244][377]LogTemp: Warning: 98.000000
[2019.01.27-01.50.47:253][378]LogTemp: Warning: 98.000000
[2019.01.27-01.50.47:262][379]LogTemp: Warning: 98.000000
[2019.01.27-01.50.47:270][380]LogTemp: Warning: 98.000000
[2019.01.27-01.50.47:278][381]LogTemp: Warning: 98.000000
[2019.01.27-01.50.47:286][382]LogTemp: Warning: 98.000000
[2019.01.27-01.50.47:295][383]LogTemp: Warning: 98.000000
[2019.01.27-01.50.47:303][384]LogTemp: Warning: 98.000000
[2019.01.27-01.50.47:311][385]LogTemp: Warning: 98.000000
[2019.01.27-01.50.47:320][386]LogTemp: Warning: 98.000000
[2019.01.27-01.50.47:328][387]LogTemp: Warning: 98.000000
[2019.01.27-01.50.47:338][388]LogTemp: Warning: 98.000000
[2019.01.27-01.50.47:338][388]LogBlueprintUserMessages: [SUpdateTargetPosition_C_0] X=275.238 Y=1385.452 Z=268.372
[2019.01.27-01.50.47:346][389]LogTemp: Warning: 98.000000
[2019.01.27-01.50.47:355][390]LogTemp: Warning: 98.000000
[2019.01.27-01.50.47:363][391]LogTemp: Warning: 98.000000
[2019.01.27-01.50.47:372][392]LogTemp: Warning: 98.000000
[2019.01.27-01.50.47:380][393]LogTemp: Warning: 98.000000
[2019.01.27-01.50.47:388][394]LogTemp: Warning: 97.000000
[2019.01.27-01.50.47:397][395]LogTemp: Warning: 97.000000
[2019.01.27-01.50.47:405][396]LogTemp: Warning: 97.000000
[2019.01.27-01.50.47:413][397]LogTemp: Warning: 97.000000
[2019.01.27-01.50.47:422][398]LogTemp: Warning: 97.000000
[2019.01.27-01.50.47:430][399]LogTemp: Warning: 97.000000
[2019.01.27-01.50.47:438][400]LogTemp: Warning: 97.000000
[2019.01.27-01.50.47:447][401]LogTemp: Warning: 97.000000
[2019.01.27-01.50.47:456][402]LogTemp: Warning: 97.000000
[2019.01.27-01.50.47:464][403]LogTemp: Warning: 97.000000
[2019.01.27-01.50.47:472][404]LogTemp: Warning: 97.000000
[2019.01.27-01.50.47:480][405]LogTemp: Warning: 97.000000
[2019.01.27-01.50.47:488][406]LogTemp: Warning: 97.000000
[2019.01.27-01.50.47:497][407]LogTemp: Warning: 97.000000
[2019.01.27-01.50.47:505][408]LogTemp: Warning: 97.000000
[2019.01.27-01.50.47:513][409]LogTemp: Warning: 97.000000
[2019.01.27-01.50.47:522][410]LogTemp: Warning: 97.000000
[2019.01.27-01.50.47:531][411]LogTemp: Warning: 97.000000
[2019.01.27-01.50.47:538][412]LogTemp: Warning: 97.000000
[2019.01.27-01.50.47:547][413]LogTemp: Warning: 97.000000
[2019.01.27-01.50.47:556][414]LogTemp: Warning: 97.000000
[2019.01.27-01.50.47:564][415]LogTemp: Warning: 96.000000
[2019.01.27-01.50.47:572][416]LogTemp: Warning: 96.000000
[2019.01.27-01.50.47:580][417]LogTemp: Warning: 96.000000
[2019.01.27-01.50.47:588][418]LogTemp: Warning: 96.000000
[2019.01.27-01.50.47:597][419]LogTemp: Warning: 96.000000
[2019.01.27-01.50.47:605][420]LogTemp: Warning: 96.000000
[2019.01.27-01.50.47:614][421]LogTemp: Warning: 96.000000
[2019.01.27-01.50.47:622][422]LogTemp: Warning: 96.000000
[2019.01.27-01.50.47:630][423]LogTemp: Warning: 96.000000
[2019.01.27-01.50.47:639][424]LogTemp: Warning: 96.000000
[2019.01.27-01.50.47:647][425]LogTemp: Warning: 96.000000
[2019.01.27-01.50.47:655][426]LogTemp: Warning: 96.000000
[2019.01.27-01.50.47:665][427]LogTemp: Warning: 96.000000
[2019.01.27-01.50.47:673][428]LogTemp: Warning: 96.000000
[2019.01.27-01.50.47:681][429]LogTemp: Warning: 96.000000
[2019.01.27-01.50.47:689][430]LogTemp: Warning: 96.000000
[2019.01.27-01.50.47:698][431]LogTemp: Warning: 96.000000
[2019.01.27-01.50.47:706][432]LogTemp: Warning: 96.000000
[2019.01.27-01.50.47:714][433]LogTemp: Warning: 96.000000
[2019.01.27-01.50.47:723][434]LogTemp: Warning: 96.000000
[2019.01.27-01.50.47:731][435]LogTemp: Warning: 96.000000
[2019.01.27-01.50.47:739][436]LogTemp: Warning: 95.000000
[2019.01.27-01.50.47:748][437]LogTemp: Warning: 95.000000
[2019.01.27-01.50.47:757][438]LogTemp: Warning: 95.000000
[2019.01.27-01.50.47:764][439]LogTemp: Warning: 95.000000
[2019.01.27-01.50.47:773][440]LogTemp: Warning: 95.000000
[2019.01.27-01.50.47:781][441]LogTemp: Warning: 95.000000
[2019.01.27-01.50.47:789][442]LogTemp: Warning: 95.000000
[2019.01.27-01.50.47:798][443]LogTemp: Warning: 95.000000
[2019.01.27-01.50.47:798][443]LogBlueprintUserMessages: [SUpdateTargetPosition_C_0] X=465.865 Y=1186.685 Z=268.372
[2019.01.27-01.50.47:806][444]LogTemp: Warning: 95.000000
[2019.01.27-01.50.47:814][445]LogTemp: Warning: 95.000000
[2019.01.27-01.50.47:823][446]LogTemp: Warning: 95.000000
[2019.01.27-01.50.47:831][447]LogTemp: Warning: 95.000000
[2019.01.27-01.50.47:839][448]LogTemp: Warning: 95.000000
[2019.01.27-01.50.47:848][449]LogTemp: Warning: 95.000000
[2019.01.27-01.50.47:856][450]LogTemp: Warning: 95.000000
[2019.01.27-01.50.47:865][451]LogTemp: Warning: 95.000000
[2019.01.27-01.50.47:872][452]LogTemp: Warning: 95.000000
[2019.01.27-01.50.47:881][453]LogTemp: Warning: 95.000000
[2019.01.27-01.50.47:889][454]LogTemp: Warning: 95.000000
[2019.01.27-01.50.47:898][455]LogTemp: Warning: 95.000000
[2019.01.27-01.50.47:906][456]LogTemp: Warning: 95.000000
[2019.01.27-01.50.47:914][457]LogTemp: Warning: 94.000000
[2019.01.27-01.50.47:923][458]LogTemp: Warning: 94.000000
[2019.01.27-01.50.47:931][459]LogTemp: Warning: 94.000000
[2019.01.27-01.50.47:939][460]LogTemp: Warning: 94.000000
[2019.01.27-01.50.47:948][461]LogTemp: Warning: 94.000000
[2019.01.27-01.50.47:956][462]LogTemp: Warning: 94.000000
[2019.01.27-01.50.47:964][463]LogTemp: Warning: 94.000000
[2019.01.27-01.50.47:973][464]LogTemp: Warning: 94.000000
[2019.01.27-01.50.47:981][465]LogTemp: Warning: 94.000000
[2019.01.27-01.50.47:989][466]LogTemp: Warning: 94.000000
[2019.01.27-01.50.47:998][467]LogTemp: Warning: 94.000000
[2019.01.27-01.50.48:006][468]LogTemp: Warning: 94.000000
[2019.01.27-01.50.48:014][469]LogTemp: Warning: 94.000000
[2019.01.27-01.50.48:023][470]LogTemp: Warning: 94.000000
[2019.01.27-01.50.48:031][471]LogTemp: Warning: 94.000000
[2019.01.27-01.50.48:039][472]LogTemp: Warning: 94.000000
[2019.01.27-01.50.48:048][473]LogTemp: Warning: 94.000000
[2019.01.27-01.50.48:056][474]LogTemp: Warning: 94.000000
[2019.01.27-01.50.48:065][475]LogTemp: Warning: 94.000000
[2019.01.27-01.50.48:073][476]LogTemp: Warning: 94.000000
[2019.01.27-01.50.48:081][477]LogTemp: Warning: 94.000000
[2019.01.27-01.50.48:089][478]LogTemp: Warning: 93.000000
[2019.01.27-01.50.48:098][479]LogTemp: Warning: 93.000000
[2019.01.27-01.50.48:106][480]LogTemp: Warning: 93.000000
[2019.01.27-01.50.48:115][481]LogTemp: Warning: 93.000000
[2019.01.27-01.50.48:123][482]LogTemp: Warning: 93.000000
[2019.01.27-01.50.48:131][483]LogTemp: Warning: 93.000000
[2019.01.27-01.50.48:139][484]LogTemp: Warning: 93.000000
[2019.01.27-01.50.48:148][485]LogTemp: Warning: 93.000000
[2019.01.27-01.50.48:156][486]LogTemp: Warning: 93.000000
[2019.01.27-01.50.48:165][487]LogTemp: Warning: 93.000000
[2019.01.27-01.50.48:173][488]LogTemp: Warning: 93.000000
[2019.01.27-01.50.48:181][489]LogTemp: Warning: 93.000000
[2019.01.27-01.50.48:189][490]LogTemp: Warning: 93.000000
[2019.01.27-01.50.48:198][491]LogTemp: Warning: 93.000000
[2019.01.27-01.50.48:206][492]LogTemp: Warning: 93.000000
[2019.01.27-01.50.48:215][493]LogTemp: Warning: 93.000000
[2019.01.27-01.50.48:223][494]LogTemp: Warning: 93.000000
[2019.01.27-01.50.48:231][495]LogTemp: Warning: 93.000000
[2019.01.27-01.50.48:240][496]LogTemp: Warning: 93.000000
[2019.01.27-01.50.48:248][497]LogTemp: Warning: 93.000000
[2019.01.27-01.50.48:256][498]LogTemp: Warning: 93.000000
[2019.01.27-01.50.48:265][499]LogTemp: Warning: 93.000000
[2019.01.27-01.50.48:273][500]LogTemp: Warning: 93.000000
[2019.01.27-01.50.48:281][501]LogTemp: Warning: 92.000000
[2019.01.27-01.50.48:290][502]LogTemp: Warning: 92.000000
[2019.01.27-01.50.48:298][503]LogTemp: Warning: 92.000000
[2019.01.27-01.50.48:306][504]LogTemp: Warning: 92.000000
[2019.01.27-01.50.48:315][505]LogTemp: Warning: 92.000000
[2019.01.27-01.50.48:323][506]LogTemp: Warning: 92.000000
[2019.01.27-01.50.48:332][507]LogTemp: Warning: 92.000000
[2019.01.27-01.50.48:340][508]LogTemp: Warning: 92.000000
[2019.01.27-01.50.48:348][509]LogTemp: Warning: 92.000000
[2019.01.27-01.50.48:356][510]LogTemp: Warning: 92.000000
[2019.01.27-01.50.48:365][511]LogTemp: Warning: 92.000000
[2019.01.27-01.50.48:373][512]LogTemp: Warning: 92.000000
[2019.01.27-01.50.48:381][513]LogTemp: Warning: 92.000000
[2019.01.27-01.50.48:390][514]LogTemp: Warning: 1
[2019.01.27-01.50.48:390][514]LogTemp: Warning: 2CollisionCylinder
[2019.01.27-01.50.48:390][514]LogTemp: Warning: 3
[2019.01.27-01.50.48:391][514]LogTemp: Warning: 87.000000
[2019.01.27-01.50.48:401][515]LogTemp: Warning: 87.000000
[2019.01.27-01.50.48:401][515]LogBlueprintUserMessages: [SUpdateTargetPosition_C_0] X=794.630 Y=1090.908 Z=268.372
[2019.01.27-01.50.48:409][516]LogTemp: Warning: 87.000000
[2019.01.27-01.50.48:417][517]LogTemp: Warning: 87.000000
[2019.01.27-01.50.48:426][518]LogTemp: Warning: 87.000000
[2019.01.27-01.50.48:434][519]LogTemp: Warning: 87.000000
[2019.01.27-01.50.48:442][520]LogTemp: Warning: 87.000000
[2019.01.27-01.50.48:451][521]LogTemp: Warning: 87.000000
[2019.01.27-01.50.48:459][522]LogTemp: Warning: 87.000000
[2019.01.27-01.50.48:468][523]LogTemp: Warning: 87.000000
[2019.01.27-01.50.48:476][524]LogTemp: Warning: 87.000000
[2019.01.27-01.50.48:484][525]LogTemp: Warning: 87.000000
[2019.01.27-01.50.48:492][526]LogTemp: Warning: 87.000000
[2019.01.27-01.50.48:501][527]LogTemp: Warning: 86.000000
[2019.01.27-01.50.48:509][528]LogTemp: Warning: 86.000000
[2019.01.27-01.50.48:517][529]LogTemp: Warning: 86.000000
[2019.01.27-01.50.48:526][530]LogTemp: Warning: 86.000000
[2019.01.27-01.50.48:534][531]LogTemp: Warning: 86.000000
[2019.01.27-01.50.48:550][532]LogTemp: Warning: 86.000000
[2019.01.27-01.50.48:555][533]LogTemp: Warning: 1
[2019.01.27-01.50.48:556][533]LogTemp: Warning: 2CollisionCylinder
[2019.01.27-01.50.48:556][533]LogTemp: Warning: 3
[2019.01.27-01.50.48:564][533]LogTemp: Warning: 81.000000
[2019.01.27-01.50.48:578][534]LogTemp: Warning: 81.000000
[2019.01.27-01.50.48:592][535]LogTemp: Warning: 81.000000
[2019.01.27-01.50.48:605][536]LogTemp: Warning: 81.000000
[2019.01.27-01.50.48:620][537]LogTemp: Warning: 81.000000
[2019.01.27-01.50.48:633][538]LogTemp: Warning: 81.000000
[2019.01.27-01.50.48:646][539]LogTemp: Warning: 81.000000
[2019.01.27-01.50.48:659][540]LogTemp: Warning: 81.000000
[2019.01.27-01.50.48:673][541]LogTemp: Warning: 81.000000
[2019.01.27-01.50.48:686][542]LogTemp: Warning: 81.000000
[2019.01.27-01.50.48:699][543]LogTemp: Warning: 81.000000
[2019.01.27-01.50.48:711][544]LogTemp: Warning: 81.000000
[2019.01.27-01.50.48:724][545]LogTemp: Warning: 81.000000
[2019.01.27-01.50.48:737][546]LogTemp: Warning: 81.000000
[2019.01.27-01.50.48:743][547]LogTemp: Warning: 1
[2019.01.27-01.50.48:743][547]LogTemp: Warning: 2CollisionCylinder
[2019.01.27-01.50.48:744][547]LogTemp: Warning: 3
[2019.01.27-01.50.48:752][547]LogTemp: Warning: 75.000000
[2019.01.27-01.50.48:768][548]LogTemp: Warning: 75.000000
[2019.01.27-01.50.48:782][549]LogTemp: Warning: 75.000000
[2019.01.27-01.50.48:798][550]LogTemp: Warning: 75.000000
[2019.01.27-01.50.48:811][551]LogTemp: Warning: 75.000000
[2019.01.27-01.50.48:825][552]LogTemp: Warning: 75.000000
[2019.01.27-01.50.48:848][553]LogTemp: Warning: 75.000000
[2019.01.27-01.50.48:860][554]LogTemp: Warning: 75.000000
[2019.01.27-01.50.48:874][555]LogTemp: Warning: 75.000000
[2019.01.27-01.50.48:886][556]LogTemp: Warning: 75.000000
[2019.01.27-01.50.48:898][557]LogTemp: Warning: 75.000000
[2019.01.27-01.50.48:898][557]LogBlueprintUserMessages: [SUpdateTargetPosition_C_0] X=1076.511 Y=1007.925 Z=268.372
[2019.01.27-01.50.48:910][558]LogTemp: Warning: 75.000000
[2019.01.27-01.50.48:921][559]LogTemp: Warning: 75.000000
[2019.01.27-01.50.48:933][560]LogTemp: Warning: 75.000000
[2019.01.27-01.50.48:945][561]LogTemp: Warning: 75.000000
[2019.01.27-01.50.48:957][562]LogTemp: Warning: 75.000000
[2019.01.27-01.50.48:969][563]LogTemp: Warning: 75.000000
[2019.01.27-01.50.48:982][564]LogTemp: Warning: 74.000000
[2019.01.27-01.50.48:994][565]LogTemp: Warning: 74.000000
[2019.01.27-01.50.49:007][566]LogTemp: Warning: 74.000000
[2019.01.27-01.50.49:018][567]LogTemp: Warning: 74.000000
[2019.01.27-01.50.49:031][568]LogTemp: Warning: 74.000000
[2019.01.27-01.50.49:043][569]LogTemp: Warning: 74.000000
[2019.01.27-01.50.49:055][570]LogTemp: Warning: 74.000000
[2019.01.27-01.50.49:066][571]LogTemp: Warning: 74.000000
[2019.01.27-01.50.49:072][572]LogTemp: Warning: 1
[2019.01.27-01.50.49:072][572]LogTemp: Warning: 2CollisionCylinder
[2019.01.27-01.50.49:072][572]LogTemp: Warning: 3
[2019.01.27-01.50.49:080][572]LogTemp: Warning: 69.000000
[2019.01.27-01.50.49:092][573]LogTemp: Warning: 69.000000
[2019.01.27-01.50.49:104][574]LogTemp: Warning: 69.000000
[2019.01.27-01.50.49:116][575]LogTemp: Warning: 69.000000
[2019.01.27-01.50.49:128][576]LogTemp: Warning: 69.000000
[2019.01.27-01.50.49:139][577]LogTemp: Warning: 69.000000
[2019.01.27-01.50.49:151][578]LogTemp: Warning: 69.000000
[2019.01.27-01.50.49:165][579]LogTemp: Warning: 69.000000
[2019.01.27-01.50.49:178][580]LogTemp: Warning: 69.000000
[2019.01.27-01.50.49:191][581]LogTemp: Warning: 69.000000
[2019.01.27-01.50.49:204][582]LogTemp: Warning: 69.000000
[2019.01.27-01.50.49:216][583]LogTemp: Warning: 69.000000
[2019.01.27-01.50.49:228][584]LogTemp: Warning: 69.000000
[2019.01.27-01.50.49:241][585]LogTemp: Warning: 68.000000
[2019.01.27-01.50.49:246][586]LogTemp: Warning: 1
[2019.01.27-01.50.49:246][586]LogTemp: Warning: 2CollisionCylinder
[2019.01.27-01.50.49:247][586]LogTemp: Warning: 3
[2019.01.27-01.50.49:254][586]LogTemp: Warning: 63.000000
[2019.01.27-01.50.49:274][587]LogTemp: Warning: 63.000000
[2019.01.27-01.50.49:287][588]LogTemp: Warning: 63.000000
[2019.01.27-01.50.49:300][589]LogTemp: Warning: 63.000000
[2019.01.27-01.50.49:316][590]LogTemp: Warning: 63.000000
[2019.01.27-01.50.49:328][591]LogTemp: Warning: 63.000000
[2019.01.27-01.50.49:340][592]LogTemp: Warning: 63.000000
[2019.01.27-01.50.49:341][592]LogBlueprintUserMessages: [SUpdateTargetPosition_C_0] X=1332.494 Y=939.354 Z=268.372
[2019.01.27-01.50.49:354][593]LogTemp: Warning: 63.000000
[2019.01.27-01.50.49:367][594]LogTemp: Warning: 63.000000
[2019.01.27-01.50.49:382][595]LogTemp: Warning: 63.000000
[2019.01.27-01.50.49:395][596]LogTemp: Warning: 63.000000
[2019.01.27-01.50.49:411][597]LogTemp: Warning: 63.000000
[2019.01.27-01.50.49:428][598]LogTemp: Warning: 63.000000
[2019.01.27-01.50.49:440][599]LogTemp: Warning: 63.000000
[2019.01.27-01.50.49:453][600]LogTemp: Warning: 63.000000
[2019.01.27-01.50.49:459][601]LogTemp: Warning: 1
[2019.01.27-01.50.49:459][601]LogTemp: Warning: 2CollisionCylinder
[2019.01.27-01.50.49:459][601]LogTemp: Warning: 3
[2019.01.27-01.50.49:467][601]LogTemp: Warning: 58.000000
[2019.01.27-01.50.49:480][602]LogTemp: Warning: 58.000000
[2019.01.27-01.50.49:492][603]LogTemp: Warning: 57.000000
[2019.01.27-01.50.49:505][604]LogTemp: Warning: 57.000000
[2019.01.27-01.50.49:517][605]LogTemp: Warning: 57.000000
[2019.01.27-01.50.49:528][606]LogTemp: Warning: 57.000000
[2019.01.27-01.50.49:541][607]LogTemp: Warning: 57.000000
[2019.01.27-01.50.49:553][608]LogTemp: Warning: 57.000000
[2019.01.27-01.50.49:566][609]LogTemp: Warning: 57.000000
[2019.01.27-01.50.49:581][610]LogTemp: Warning: 57.000000
[2019.01.27-01.50.49:595][611]LogTemp: Warning: 57.000000
[2019.01.27-01.50.49:610][612]LogTemp: Warning: 57.000000
[2019.01.27-01.50.49:625][613]LogTemp: Warning: 57.000000
[2019.01.27-01.50.49:639][614]LogTemp: Warning: 57.000000
[2019.01.27-01.50.49:652][615]LogTemp: Warning: 57.000000
[2019.01.27-01.50.49:659][616]LogTemp: Warning: 1
[2019.01.27-01.50.49:659][616]LogTemp: Warning: 2CollisionCylinder
[2019.01.27-01.50.49:659][616]LogTemp: Warning: 3
[2019.01.27-01.50.49:669][616]LogTemp: Warning: 52.000000
[2019.01.27-01.50.49:683][617]LogTemp: Warning: 52.000000
[2019.01.27-01.50.49:697][618]LogTemp: Warning: 52.000000
[2019.01.27-01.50.49:716][619]LogTemp: Warning: 52.000000
[2019.01.27-01.50.49:730][620]LogTemp: Warning: 52.000000
[2019.01.27-01.50.49:744][621]LogTemp: Warning: 51.000000
[2019.01.27-01.50.49:758][622]LogTemp: Warning: 51.000000
[2019.01.27-01.50.49:773][623]LogTemp: Warning: 51.000000
[2019.01.27-01.50.49:789][624]LogTemp: Warning: 51.000000
[2019.01.27-01.50.49:790][624]LogBlueprintUserMessages: [SUpdateTargetPosition_C_0] X=1561.688 Y=1070.158 Z=268.372
[2019.01.27-01.50.49:804][625]LogTemp: Warning: 51.000000
[2019.01.27-01.50.49:819][626]LogTemp: Warning: 51.000000
[2019.01.27-01.50.49:835][627]LogTemp: Warning: 51.000000
[2019.01.27-01.50.49:850][628]LogTemp: Warning: 51.000000
[2019.01.27-01.50.49:863][629]LogTemp: Warning: 51.000000
[2019.01.27-01.50.49:869][630]LogTemp: Warning: 1
[2019.01.27-01.50.49:869][630]LogTemp: Warning: 2CollisionCylinder
[2019.01.27-01.50.49:869][630]LogTemp: Warning: 3
[2019.01.27-01.50.49:878][630]LogTemp: Warning: 46.000000
[2019.01.27-01.50.49:895][631]LogTemp: Warning: 46.000000
[2019.01.27-01.50.49:912][632]LogTemp: Warning: 46.000000
[2019.01.27-01.50.49:929][633]LogTemp: Warning: 46.000000
[2019.01.27-01.50.49:944][634]LogTemp: Warning: 46.000000
[2019.01.27-01.50.49:958][635]LogTemp: Warning: 46.000000
[2019.01.27-01.50.49:973][636]LogTemp: Warning: 46.000000
[2019.01.27-01.50.49:988][637]LogTemp: Warning: 46.000000
[2019.01.27-01.50.50:004][638]LogTemp: Warning: 46.000000
[2019.01.27-01.50.50:018][639]LogTemp: Warning: 46.000000
[2019.01.27-01.50.50:033][640]LogTemp: Warning: 46.000000
[2019.01.27-01.50.50:047][641]LogTemp: Warning: 46.000000
[2019.01.27-01.50.50:061][642]LogTemp: Warning: 46.000000
[2019.01.27-01.50.50:075][643]LogTemp: Warning: 46.000000
[2019.01.27-01.50.50:081][644]LogTemp: Warning: 1
[2019.01.27-01.50.50:081][644]LogTemp: Warning: 2CollisionCylinder
[2019.01.27-01.50.50:081][644]LogTemp: Warning: 3
[2019.01.27-01.50.50:100][644]LogTemp: Warning: 41.000000
[2019.01.27-01.50.50:115][645]LogTemp: Warning: 41.000000
[2019.01.27-01.50.50:133][646]LogTemp: Warning: 41.000000
[2019.01.27-01.50.50:149][647]LogTemp: Warning: 41.000000
[2019.01.27-01.50.50:163][648]LogTemp: Warning: 41.000000
[2019.01.27-01.50.50:177][649]LogTemp: Warning: 41.000000
[2019.01.27-01.50.50:192][650]LogTemp: Warning: 41.000000
[2019.01.27-01.50.50:207][651]LogTemp: Warning: 41.000000
[2019.01.27-01.50.50:222][652]LogTemp: Warning: 41.000000
[2019.01.27-01.50.50:236][653]LogTemp: Warning: 41.000000
[2019.01.27-01.50.50:250][654]LogTemp: Warning: 41.000000
[2019.01.27-01.50.50:264][655]LogTemp: Warning: 41.000000
[2019.01.27-01.50.50:278][656]LogTemp: Warning: 41.000000
[2019.01.27-01.50.50:291][657]LogTemp: Warning: 41.000000
[2019.01.27-01.50.50:296][658]LogTemp: Warning: 1
[2019.01.27-01.50.50:297][658]LogTemp: Warning: 2CollisionCylinder
[2019.01.27-01.50.50:297][658]LogTemp: Warning: 3
[2019.01.27-01.50.50:306][658]LogTemp: Warning: 36.000000
[2019.01.27-01.50.50:319][659]LogTemp: Warning: 36.000000
[2019.01.27-01.50.50:333][660]LogTemp: Warning: 36.000000
[2019.01.27-01.50.50:346][661]LogTemp: Warning: 36.000000
[2019.01.27-01.50.50:347][661]LogBlueprintUserMessages: [SUpdateTargetPosition_C_0] X=1693.319 Y=1372.788 Z=268.372
[2019.01.27-01.50.50:360][662]LogTemp: Warning: 36.000000
[2019.01.27-01.50.50:374][663]LogTemp: Warning: 36.000000
[2019.01.27-01.50.50:387][664]LogTemp: Warning: 36.000000
[2019.01.27-01.50.50:402][665]LogTemp: Warning: 36.000000
[2019.01.27-01.50.50:416][666]LogTemp: Warning: 36.000000
[2019.01.27-01.50.50:430][667]LogTemp: Warning: 36.000000
[2019.01.27-01.50.50:443][668]LogTemp: Warning: 36.000000
[2019.01.27-01.50.50:458][669]LogTemp: Warning: 36.000000
[2019.01.27-01.50.50:471][670]LogTemp: Warning: 36.000000
[2019.01.27-01.50.50:485][671]LogTemp: Warning: 36.000000
[2019.01.27-01.50.50:498][672]LogTemp: Warning: 36.000000
[2019.01.27-01.50.50:511][673]LogTemp: Warning: 36.000000
[2019.01.27-01.50.50:517][674]LogTemp: Warning: 1
[2019.01.27-01.50.50:517][674]LogTemp: Warning: 2CollisionCylinder
[2019.01.27-01.50.50:517][674]LogTemp: Warning: 3
[2019.01.27-01.50.50:526][674]LogTemp: Warning: 31.000000
[2019.01.27-01.50.50:539][675]LogTemp: Warning: 31.000000
[2019.01.27-01.50.50:553][676]LogTemp: Warning: 31.000000
[2019.01.27-01.50.50:567][677]LogTemp: Warning: 31.000000
[2019.01.27-01.50.50:586][678]LogTemp: Warning: 31.000000
[2019.01.27-01.50.50:600][679]LogTemp: Warning: 31.000000
[2019.01.27-01.50.50:615][680]LogTemp: Warning: 31.000000
[2019.01.27-01.50.50:628][681]LogTemp: Warning: 31.000000
[2019.01.27-01.50.50:643][682]LogTemp: Warning: 31.000000
[2019.01.27-01.50.50:657][683]LogTemp: Warning: 31.000000
[2019.01.27-01.50.50:671][684]LogTemp: Warning: 31.000000
[2019.01.27-01.50.50:684][685]LogTemp: Warning: 31.000000
[2019.01.27-01.50.50:698][686]LogTemp: Warning: 31.000000
[2019.01.27-01.50.50:703][687]LogTemp: Warning: 1
[2019.01.27-01.50.50:704][687]LogTemp: Warning: 2CollisionCylinder
[2019.01.27-01.50.50:704][687]LogTemp: Warning: 3
[2019.01.27-01.50.50:713][687]LogTemp: Warning: 26.000000
[2019.01.27-01.50.50:726][688]LogTemp: Warning: 26.000000
[2019.01.27-01.50.50:740][689]LogTemp: Warning: 26.000000
[2019.01.27-01.50.50:753][690]LogTemp: Warning: 26.000000
[2019.01.27-01.50.50:767][691]LogTemp: Warning: 26.000000
[2019.01.27-01.50.50:780][692]LogTemp: Warning: 26.000000
[2019.01.27-01.50.50:794][693]LogTemp: Warning: 26.000000
[2019.01.27-01.50.50:808][694]LogTemp: Warning: 26.000000
[2019.01.27-01.50.50:823][695]LogTemp: Warning: 26.000000
[2019.01.27-01.50.50:837][696]LogTemp: Warning: 26.000000
[2019.01.27-01.50.50:850][697]LogTemp: Warning: 26.000000
[2019.01.27-01.50.50:864][698]LogTemp: Warning: 26.000000
[2019.01.27-01.50.50:878][699]LogTemp: Warning: 26.000000
[2019.01.27-01.50.50:891][700]LogTemp: Warning: 26.000000
[2019.01.27-01.50.50:905][701]LogTemp: Warning: 26.000000
[2019.01.27-01.50.50:911][702]LogTemp: Warning: 1
[2019.01.27-01.50.50:911][702]LogTemp: Warning: 2CollisionCylinder
[2019.01.27-01.50.50:911][702]LogTemp: Warning: 3
[2019.01.27-01.50.50:921][702]LogTemp: Warning: 21.000000
[2019.01.27-01.50.50:934][703]LogTemp: Warning: 21.000000
[2019.01.27-01.50.50:935][703]LogBlueprintUserMessages: [SUpdateTargetPosition_C_0] X=1644.087 Y=1717.476 Z=268.372
[2019.01.27-01.50.50:951][704]LogTemp: Warning: 21.000000
[2019.01.27-01.50.50:967][705]LogTemp: Warning: 21.000000
[2019.01.27-01.50.50:981][706]LogTemp: Warning: 21.000000
[2019.01.27-01.50.50:995][707]LogTemp: Warning: 21.000000
[2019.01.27-01.50.51:010][708]LogTemp: Warning: 21.000000
[2019.01.27-01.50.51:024][709]LogTemp: Warning: 21.000000
[2019.01.27-01.50.51:038][710]LogTemp: Warning: 21.000000
[2019.01.27-01.50.51:053][711]LogTemp: Warning: 21.000000
[2019.01.27-01.50.51:067][712]LogTemp: Warning: 21.000000
[2019.01.27-01.50.51:081][713]LogTemp: Warning: 21.000000
[2019.01.27-01.50.51:100][714]LogTemp: Warning: 21.000000
[2019.01.27-01.50.51:113][715]LogTemp: Warning: 21.000000
[2019.01.27-01.50.51:119][716]LogTemp: Warning: 1
[2019.01.27-01.50.51:119][716]LogTemp: Warning: 2CollisionCylinder
[2019.01.27-01.50.51:119][716]LogTemp: Warning: 3
[2019.01.27-01.50.51:128][716]LogTemp: Warning: 16.000000
[2019.01.27-01.50.51:142][717]LogTemp: Warning: 16.000000
[2019.01.27-01.50.51:158][718]LogTemp: Warning: 16.000000
[2019.01.27-01.50.51:172][719]LogTemp: Warning: 16.000000
[2019.01.27-01.50.51:186][720]LogTemp: Warning: 16.000000
[2019.01.27-01.50.51:200][721]LogTemp: Warning: 16.000000
[2019.01.27-01.50.51:214][722]LogTemp: Warning: 16.000000
[2019.01.27-01.50.51:229][723]LogTemp: Warning: 16.000000
[2019.01.27-01.50.51:251][724]LogTemp: Warning: 16.000000
[2019.01.27-01.50.51:266][725]LogTemp: Warning: 16.000000
[2019.01.27-01.50.51:283][726]LogTemp: Warning: 16.000000
[2019.01.27-01.50.51:296][727]LogTemp: Warning: 16.000000
[2019.01.27-01.50.51:302][728]LogTemp: Warning: 1
[2019.01.27-01.50.51:302][728]LogTemp: Warning: 2CollisionCylinder
[2019.01.27-01.50.51:302][728]LogTemp: Warning: 3
[2019.01.27-01.50.51:319][728]LogTemp: Warning: 11.000000
[2019.01.27-01.50.51:334][729]LogTemp: Warning: 11.000000
[2019.01.27-01.50.51:347][730]LogTemp: Warning: 11.000000
[2019.01.27-01.50.51:361][731]LogTemp: Warning: 11.000000
[2019.01.27-01.50.51:375][732]LogTemp: Warning: 11.000000
[2019.01.27-01.50.51:389][733]LogTemp: Warning: 11.000000
[2019.01.27-01.50.51:403][734]LogTemp: Warning: 11.000000
[2019.01.27-01.50.51:417][735]LogTemp: Warning: 11.000000
[2019.01.27-01.50.51:435][736]LogTemp: Warning: 11.000000
[2019.01.27-01.50.51:435][736]LogBlueprintUserMessages: [SUpdateTargetPosition_C_0] X=1444.995 Y=1928.687 Z=268.372
[2019.01.27-01.50.51:450][737]LogTemp: Warning: 11.000000
[2019.01.27-01.50.51:466][738]LogTemp: Warning: 11.000000
[2019.01.27-01.50.51:481][739]LogTemp: Warning: 11.000000
[2019.01.27-01.50.51:495][740]LogTemp: Warning: 11.000000
[2019.01.27-01.50.51:502][741]LogTemp: Warning: 1
[2019.01.27-01.50.51:502][741]LogTemp: Warning: 2CollisionCylinder
[2019.01.27-01.50.51:502][741]LogTemp: Warning: 3
[2019.01.27-01.50.51:513][741]LogTemp: Warning: 6.000000
[2019.01.27-01.50.51:531][742]LogTemp: Warning: 6.000000
[2019.01.27-01.50.51:545][743]LogTemp: Warning: 6.000000
[2019.01.27-01.50.51:559][744]LogTemp: Warning: 6.000000
[2019.01.27-01.50.51:573][745]LogTemp: Warning: 6.000000
[2019.01.27-01.50.51:587][746]LogTemp: Warning: 6.000000
[2019.01.27-01.50.51:600][747]LogTemp: Warning: 6.000000
[2019.01.27-01.50.51:614][748]LogTemp: Warning: 6.000000
[2019.01.27-01.50.51:633][749]LogTemp: Warning: 6.000000
[2019.01.27-01.50.51:648][750]LogTemp: Warning: 6.000000
[2019.01.27-01.50.51:664][751]LogTemp: Warning: 6.000000
[2019.01.27-01.50.51:678][752]LogTemp: Warning: 6.000000
[2019.01.27-01.50.51:691][753]LogTemp: Warning: 6.000000
[2019.01.27-01.50.51:705][754]LogTemp: Warning: 6.000000
[2019.01.27-01.50.51:711][755]LogTemp: Warning: 1
[2019.01.27-01.50.51:711][755]LogTemp: Warning: 2CollisionCylinder
[2019.01.27-01.50.51:712][755]LogTemp: Warning: 3
[2019.01.27-01.50.51:726][755]LogTemp: Warning: 1.000000
[2019.01.27-01.50.51:741][756]LogTemp: Warning: 1.000000
[2019.01.27-01.50.51:755][757]LogTemp: Warning: 1.000000
[2019.01.27-01.50.51:768][758]LogTemp: Warning: 1.000000
[2019.01.27-01.50.51:782][759]LogTemp: Warning: 1.000000
[2019.01.27-01.50.51:796][760]LogTemp: Warning: 1.000000
[2019.01.27-01.50.51:813][761]LogTemp: Warning: 1.000000
[2019.01.27-01.50.51:836][762]LogTemp: Warning: 1.000000
[2019.01.27-01.50.51:851][763]LogTemp: Warning: 1.000000
[2019.01.27-01.50.51:867][764]LogTemp: Warning: 1.000000
[2019.01.27-01.50.51:881][765]LogTemp: Warning: 1.000000
[2019.01.27-01.50.51:896][766]LogTemp: Warning: 1.000000
[2019.01.27-01.50.51:896][766]LogBlueprintUserMessages: [SUpdateTargetPosition_C_0] X=1171.113 Y=1949.642 Z=268.372
[2019.01.27-01.50.51:910][767]LogTemp: Warning: 1.000000
[2019.01.27-01.50.51:916][768]LogTemp: Warning: 1
[2019.01.27-01.50.51:916][768]LogTemp: Warning: 2CollisionCylinder
[2019.01.27-01.50.51:916][768]LogTemp: Warning: 3
[2019.01.27-01.50.51:925][768]LogTemp: Warning: -4.000000
[2019.01.27-01.50.52:155][785]LogTemp: Warning: 1
