Log file open, 01/26/19 21:09:08
LogWindows: Failed to load 'aqProf.dll' (GetLastError=126)
LogWindows: File 'aqProf.dll' does not exist
LogWindows: Failed to load 'VSPerf140.dll' (GetLastError=126)
LogWindows: File 'VSPerf140.dll' does not exist
LogWindows: Failed to load 'VtuneApi.dll' (GetLastError=126)
LogWindows: File 'VtuneApi.dll' does not exist
LogWindows: Failed to load 'VtuneApi32e.dll' (GetLastError=126)
LogWindows: File 'VtuneApi32e.dll' does not exist
LogInit: Display: Running engine for game: HomeIs
LogPlatformFile: Not using cached read wrapper
LogTaskGraph: Started task graph with 5 named threads and 23 total threads with 3 sets of task threads.
LogStats: Stats thread started at 0.568674
LogD3D11RHI: Loaded GFSDK_Aftermath_Lib.x64.dll
LogICUInternationalization: Display: ICU TimeZone Detection - Raw Offset: +0:00, Platform Override: ''
LogPluginManager: Mounting plugin Paper2D
LogPluginManager: Mounting plugin AISupport
LogPluginManager: Mounting plugin LightPropagationVolume
LogPluginManager: Mounting plugin CLionSourceCodeAccess
LogPluginManager: Mounting plugin CodeLiteSourceCodeAccess
LogPluginManager: Mounting plugin GitSourceControl
LogPluginManager: Mounting plugin KDevelopSourceCodeAccess
LogPluginManager: Mounting plugin NullSourceCodeAccess
LogPluginManager: Mounting plugin PerforceSourceControl
LogPluginManager: Mounting plugin SubversionSourceControl
LogPluginManager: Mounting plugin UObjectPlugin
LogPluginManager: Mounting plugin VisualStudioCodeSourceCodeAccess
LogPluginManager: Mounting plugin VisualStudioSourceCodeAccess
LogPluginManager: Mounting plugin XCodeSourceCodeAccess
LogPluginManager: Mounting plugin AssetManagerEditor
LogPluginManager: Mounting plugin CryptoKeys
LogPluginManager: Mounting plugin DataValidation
LogPluginManager: Mounting plugin FacialAnimation
LogPluginManager: Mounting plugin GameplayTagsEditor
LogPluginManager: Mounting plugin MacGraphicsSwitching
LogPluginManager: Mounting plugin MeshEditor
LogPluginManager: Mounting plugin MobileLauncherProfileWizard
LogPluginManager: Mounting plugin PluginBrowser
LogPluginManager: Mounting plugin SpeedTreeImporter
LogPluginManager: Mounting plugin DatasmithContent
LogPluginManager: Mounting plugin AlembicImporter
LogPluginManager: Mounting plugin AppleImageUtils
LogPluginManager: Mounting plugin AppleVision
LogPluginManager: Mounting plugin BackChannel
LogPluginManager: Mounting plugin CharacterAI
LogPluginManager: Mounting plugin GeometryCache
LogPluginManager: Mounting plugin HTML5Networking
LogPluginManager: Mounting plugin ProxyLODPlugin
LogPluginManager: Mounting plugin MagicLeap
LogPluginManager: Mounting plugin MagicLeapEmulator
LogPluginManager: Mounting plugin MagicLeapMedia
LogPluginManager: Mounting plugin AndroidMedia
LogPluginManager: Mounting plugin AvfMedia
LogPluginManager: Mounting plugin ImgMedia
LogPluginManager: Mounting plugin LinearTimecode
LogPluginManager: Mounting plugin MediaCompositing
LogPluginManager: Mounting plugin MediaPlayerEditor
LogPluginManager: Mounting plugin WmfMedia
LogPluginManager: Mounting plugin TcpMessaging
LogPluginManager: Mounting plugin UdpMessaging
LogPluginManager: Mounting plugin ActorSequence
LogPluginManager: Mounting plugin LevelSequenceEditor
LogPluginManager: Mounting plugin MatineeToLevelSequence
LogPluginManager: Mounting plugin NetcodeUnitTest
LogPluginManager: Mounting plugin NUTUnrealEngine4
LogPluginManager: Mounting plugin OnlineSubsystemGooglePlay
LogPluginManager: Mounting plugin OnlineSubsystemIOS
LogPluginManager: Mounting plugin OnlineSubsystem
LogPluginManager: Mounting plugin OnlineSubsystemNull
LogPluginManager: Mounting plugin OnlineSubsystemUtils
LogPluginManager: Mounting plugin LauncherChunkInstaller
LogPluginManager: Mounting plugin AndroidDeviceProfileSelector
LogPluginManager: Mounting plugin AndroidMoviePlayer
LogPluginManager: Mounting plugin AndroidPermission
LogPluginManager: Mounting plugin ApexDestruction
LogPluginManager: Mounting plugin AppleMoviePlayer
LogPluginManager: Mounting plugin ArchVisCharacter
LogPluginManager: Mounting plugin AudioCapture
LogPluginManager: Mounting plugin CableComponent
LogPluginManager: Mounting plugin CustomMeshComponent
LogPluginManager: Mounting plugin EditableMesh
LogPluginManager: Mounting plugin ExampleDeviceProfileSelector
LogPluginManager: Mounting plugin GoogleCloudMessaging
LogPluginManager: Mounting plugin ImmediatePhysics
LogPluginManager: Mounting plugin IOSDeviceProfileSelector
LogPluginManager: Mounting plugin LinuxDeviceProfileSelector
LogPluginManager: Mounting plugin LocationServicesBPLibrary
LogPluginManager: Mounting plugin MobilePatchingUtils
LogPluginManager: Mounting plugin OculusVR
LogPluginManager: Plugin shader directory ../../../Engine/Plugins/Runtime/Oculus/OculusVR/Shaders found
LogPluginManager: Mapping shader source directory ../../../Engine/Plugins/Runtime/Oculus/OculusVR/Shaders to virtual directory /Plugin/OculusVR
LogPluginManager: Mounting plugin PhysXVehicles
LogPluginManager: Mounting plugin ProceduralMeshComponent
LogPluginManager: Mounting plugin RuntimePhysXCooking
LogPluginManager: Mounting plugin SteamVR
LogPluginManager: Mounting plugin WindowsMoviePlayer
LogStreaming: Display: Took  0.308s to configure plugins.
LogInit: Using libcurl 7.55.1-DEV
LogInit:  - built for x86_64-pc-win32
LogInit:  - supports SSL with OpenSSL/1.0.2h
LogInit:  - supports HTTP deflate (compression) using libz 1.2.8
LogInit:  - other features:
LogInit:      CURL_VERSION_SSL
LogInit:      CURL_VERSION_LIBZ
LogInit:      CURL_VERSION_IPV6
LogInit:      CURL_VERSION_ASYNCHDNS
LogInit:      CURL_VERSION_LARGEFILE
LogInit:      CURL_VERSION_IDN
LogInit:  CurlRequestOptions (configurable via config and command line):
LogInit:  - bVerifyPeer = false  - Libcurl will NOT verify peer certificate
LogInit:  - bUseHttpProxy = false  - Libcurl will NOT use HTTP proxy
LogInit:  - bDontReuseConnections = false  - Libcurl will reuse connections
LogInit:  - CertBundlePath = nullptr  - Libcurl will use whatever was configured at build time.
LogInit:  - MaxHostConnections = 16  - Libcurl will limit the number of connections to a host
LogInit:  - LocalHostAddr = Default
LogInit:  - BufferSize = 65536
LogInit: WinSock: version 1.1 (2.2), MaxSocks=32767, MaxUdp=65467
LogInit: Build: ++UE4+Release-4.20-CL-4369336
LogInit: Engine Version: 4.20.3-4369336+++UE4+Release-4.20
LogInit: Compatible Engine Version: 4.20.0-4212847+++UE4+Release-4.20
LogInit: Net CL: 4212847
LogInit: OS: Windows 10 (), CPU: Intel(R) Xeon(R) CPU E5-1620 v3 @ 3.50GHz, GPU: NVIDIA GeForce GTX 970
LogInit: Compiled (64-bit): Sep 17 2018 12:26:19
LogInit: Compiled with Visual C++: 19.13.26129.00
LogInit: Build Configuration: Development
LogInit: Branch Name: ++UE4+Release-4.20
LogInit: Command Line:  -skipcompile
LogInit: Base Directory: C:/Epic/UE4/UE_4.20/Engine/Binaries/Win64/
LogInit: Installed Engine Build: 1
LogDevObjectVersion: Number of dev versions registered: 20
LogDevObjectVersion:   Dev-Blueprints (B0D832E4-1F89-4F0D-ACCF-7EB736FD4AA2): 10
LogDevObjectVersion:   Dev-Build (E1C64328-A22C-4D53-A36C-8E866417BD8C): 0
LogDevObjectVersion:   Dev-Core (375EC13C-06E4-48FB-B500-84F0262A717E): 2
LogDevObjectVersion:   Dev-Editor (E4B068ED-F494-42E9-A231-DA0B2E46BB41): 24
LogDevObjectVersion:   Dev-Framework (CFFC743F-43B0-4480-9391-14DF171D2073): 34
LogDevObjectVersion:   Dev-Mobile (B02B49B5-BB20-44E9-A304-32B752E40360): 2
LogDevObjectVersion:   Dev-Networking (A4E4105C-59A1-49B5-A7C5-40C4547EDFEE): 0
LogDevObjectVersion:   Dev-Online (39C831C9-5AE6-47DC-9A44-9C173E1C8E7C): 0
LogDevObjectVersion:   Dev-Physics (78F01B33-EBEA-4F98-B9B4-84EACCB95AA2): 0
LogDevObjectVersion:   Dev-Platform (6631380F-2D4D-43E0-8009-CF276956A95A): 0
LogDevObjectVersion:   Dev-Rendering (12F88B9F-8875-4AFC-A67C-D90C383ABD29): 26
LogDevObjectVersion:   Dev-Sequencer (7B5AE74C-D270-4C10-A958-57980B212A5A): 9
LogDevObjectVersion:   Dev-VR (D7296918-1DD6-4BDD-9DE2-64A83CC13884): 2
LogDevObjectVersion:   Dev-LoadTimes (C2A15278-BFE7-4AFE-6C17-90FF531DF755): 1
LogDevObjectVersion:   Private-Geometry (6EACA3D4-40EC-4CC1-B786-8BED09428FC5): 3
LogDevObjectVersion:   Dev-AnimPhys (29E575DD-E0A3-4627-9D10-D276232CDCEA): 17
LogDevObjectVersion:   Dev-ReflectionCapture (6B266CEC-1EC7-4B8F-A30B-E4D90942FC07): 1
LogDevObjectVersion:   Dev-Automation (0DF73D61-A23F-47EA-B727-89E90C41499A): 1
LogDevObjectVersion:   FortniteMain (601D1886-AC64-4F84-AA16-D3DE0DEAC7D6): 12
LogDevObjectVersion:   Dev-Enterprise (9DFFBCD6-494F-0158-E221-12823C92A888): 1
LogStreaming: Display: Took  0.007s to delete old logs.
LogLinker: Error: AddRedirectList(C:/Users/c013767h/Documents/GitHub/HomeIs/HomeIs/Saved/Config/Windows/Engine.ini) found conflicting redirectors for TP_FirstPerson! Old: /Script/MyProject2.TP_FirstPerson, New: /Script/HomeIs.TP_FirstPerson
LogLinker: Error: AddRedirectList(C:/Users/c013767h/Documents/GitHub/HomeIs/HomeIs/Saved/Config/Windows/Engine.ini) found conflicting redirectors for /Script/TP_FirstPerson! Old: /Script/MyProject2, New: /Script/HomeIs
LogLinker: Error: AddRedirectList(C:/Users/c013767h/Documents/GitHub/HomeIs/HomeIs/Saved/Config/Windows/Engine.ini) found conflicting redirectors for TP_FirstPersonProjectile! Old: MyProject2Projectile, New: HomeIsProjectile
LogLinker: Error: AddRedirectList(C:/Users/c013767h/Documents/GitHub/HomeIs/HomeIs/Saved/Config/Windows/Engine.ini) found conflicting redirectors for TP_FirstPersonProjectile! Old: MyProject2Projectile, New: HomeIsProjectile
LogLinker: Error: AddRedirectList(C:/Users/c013767h/Documents/GitHub/HomeIs/HomeIs/Saved/Config/Windows/Engine.ini) found conflicting redirectors for TP_FirstPersonHUD! Old: MyProject2HUD, New: HomeIsHUD
LogLinker: Error: AddRedirectList(C:/Users/c013767h/Documents/GitHub/HomeIs/HomeIs/Saved/Config/Windows/Engine.ini) found conflicting redirectors for TP_FirstPersonHUD! Old: MyProject2HUD, New: HomeIsHUD
LogLinker: Error: AddRedirectList(C:/Users/c013767h/Documents/GitHub/HomeIs/HomeIs/Saved/Config/Windows/Engine.ini) found conflicting redirectors for TP_FirstPersonGameMode! Old: MyProject2GameMode, New: HomeIsGameMode
LogLinker: Error: AddRedirectList(C:/Users/c013767h/Documents/GitHub/HomeIs/HomeIs/Saved/Config/Windows/Engine.ini) found conflicting redirectors for TP_FirstPersonGameMode! Old: MyProject2GameMode, New: HomeIsGameMode
LogLinker: Error: AddRedirectList(C:/Users/c013767h/Documents/GitHub/HomeIs/HomeIs/Saved/Config/Windows/Engine.ini) found conflicting redirectors for TP_FirstPersonCharacter! Old: MyProject2Character, New: HomeIsCharacter
LogLinker: Error: AddRedirectList(C:/Users/c013767h/Documents/GitHub/HomeIs/HomeIs/Saved/Config/Windows/Engine.ini) found conflicting redirectors for TP_FirstPersonCharacter! Old: MyProject2Character, New: HomeIsCharacter
LogInit: Presizing for max 8388607 objects, including 0 objects not considered by GC, pre-allocating 0 bytes for permanent pool.
LogInit: Object subsystem initialized
[2019.01.26-21.09.08:632][  0]LogInit: Selected Device Profile: [Windows]
[2019.01.26-21.09.08:632][  0]LogInit: Applying CVar settings loaded from the selected device profile: [Windows]
[2019.01.26-21.09.08:665][  0]LogHAL: Display: Platform has ~ 16 GB [17092038656 / 17179869184 / 16], which maps to Larger [LargestMinGB=32, LargerMinGB=12, DefaultMinGB=8, SmallerMinGB=6, SmallestMinGB=0)
[2019.01.26-21.09.08:665][  0]LogInit: Setting Device Profile CVar: [[r.Vulkan.UseRealUBs:1]]
[2019.01.26-21.09.08:665][  0]LogInit: Going up to parent DeviceProfile []
[2019.01.26-21.09.08:666][  0]LogInit: Computer: D102-12
[2019.01.26-21.09.08:667][  0]LogInit: User: c013767h
[2019.01.26-21.09.08:667][  0]LogInit: CPU Page size=4096, Cores=4
[2019.01.26-21.09.08:667][  0]LogInit: High frequency timer resolution =3.410072 MHz
[2019.01.26-21.09.08:667][  0]LogMemory: Memory total: Physical=15.9GB (16GB approx)
[2019.01.26-21.09.08:668][  0]LogMemory: Platform Memory Stats for Windows
[2019.01.26-21.09.08:668][  0]LogMemory: Process Physical Memory: 100.96 MB used, 100.96 MB peak
[2019.01.26-21.09.08:668][  0]LogMemory: Process Virtual Memory: 90.99 MB used, 90.99 MB peak
[2019.01.26-21.09.08:668][  0]LogMemory: Physical Memory: 7143.40 MB used,  9156.84 MB free, 16300.24 MB total
[2019.01.26-21.09.08:668][  0]LogMemory: Virtual Memory: 4640.35 MB used,  9156.84 MB free, 134217728.00 MB total
[2019.01.26-21.09.08:811][  0]LogInit: Using OS detected language (en-US).
[2019.01.26-21.09.08:811][  0]LogInit: Using OS detected locale (en-GB).
[2019.01.26-21.09.08:813][  0]LogTextLocalizationManager: No specific localization for 'en-US' exists, so the 'en' localization will be used.
[2019.01.26-21.09.09:231][  0]LogStreaming: Display: Took  0.420s to InitEngineTextLocalization.
[2019.01.26-21.09.09:232][  0]LogInit: Setting process to per monitor DPI aware
[2019.01.26-21.09.09:285][  0]LogSlate: New Slate User Created.  User Index 0, Is Virtual User: 0
[2019.01.26-21.09.09:286][  0]LogSlate: Slate User Registered.  User Index 0, Is Virtual User: 0
[2019.01.26-21.09.09:611][  0]LogHMD: Failed to initialize OpenVR with code 110
[2019.01.26-21.09.09:611][  0]LogD3D11RHI: D3D11 adapters:
[2019.01.26-21.09.09:702][  0]LogD3D11RHI:    0. 'NVIDIA GeForce GTX 970' (Feature Level 11_0)
[2019.01.26-21.09.09:702][  0]LogD3D11RHI:       4043/0/8150 MB DedicatedVideo/DedicatedSystem/SharedSystem, Outputs:2, VendorId:0x10de
[2019.01.26-21.09.09:710][  0]LogD3D11RHI:    1. 'Microsoft Basic Render Driver' (Feature Level 11_0)
[2019.01.26-21.09.09:710][  0]LogD3D11RHI:       0/0/8150 MB DedicatedVideo/DedicatedSystem/SharedSystem, Outputs:0, VendorId:0x1414
[2019.01.26-21.09.09:710][  0]LogD3D11RHI: Chosen D3D11 Adapter: 0
[2019.01.26-21.09.09:720][  0]LogD3D11RHI: Creating new Direct3DDevice
[2019.01.26-21.09.09:720][  0]LogD3D11RHI:     GPU DeviceId: 0x13c2 (for the marketing name, search the web for "GPU Device Id")
[2019.01.26-21.09.09:720][  0]LogWindows: EnumDisplayDevices:
[2019.01.26-21.09.09:721][  0]LogWindows:    0. 'NVIDIA GeForce GTX 970' (P:1 D:1)
[2019.01.26-21.09.09:721][  0]LogWindows:    1. 'NVIDIA GeForce GTX 970' (P:0 D:1)
[2019.01.26-21.09.09:722][  0]LogWindows:    2. 'NVIDIA GeForce GTX 970' (P:0 D:0)
[2019.01.26-21.09.09:722][  0]LogWindows:    3. 'NVIDIA GeForce GTX 970' (P:0 D:0)
[2019.01.26-21.09.09:723][  0]LogWindows: DebugString: FoundDriverCount:4 
[2019.01.26-21.09.09:723][  0]LogD3D11RHI:     Adapter Name: NVIDIA GeForce GTX 970
[2019.01.26-21.09.09:723][  0]LogD3D11RHI:   Driver Version: 398.82 (internal:24.21.13.9882, unified:398.82)
[2019.01.26-21.09.09:723][  0]LogD3D11RHI:      Driver Date: 7-30-2018
[2019.01.26-21.09.09:723][  0]LogRHI: Texture pool is 2830 MB (70% of 4043 MB)
[2019.01.26-21.09.09:775][  0]LogD3D11RHI: Async texture creation enabled
[2019.01.26-21.09.09:793][  0]LogD3D11RHI: GPU Timing Frequency: 1000.000000 (Debug: 2 2)
[2019.01.26-21.09.09:797][  0]LogShaderCompilers: Guid format shader working directory is -15 characters bigger than the processId version (../../../../../../Users/c013767h/Documents/GitHub/HomeIs/HomeIs/Intermediate/Shaders/WorkingDirectory/16912/).
[2019.01.26-21.09.09:797][  0]LogShaderCompilers: Cleaned the shader compiler working directory 'C:/Users/c013767h/AppData/Local/Temp/UnrealShaderWorkingDir/9D794D76476618265BE5C5B72DC59E4B/'.
[2019.01.26-21.09.10:164][  0]LogTemp: Display: Loaded TP AllDesktopTargetPlatform
[2019.01.26-21.09.10:183][  0]LogTemp: Display: Loaded TP MacClientTargetPlatform
[2019.01.26-21.09.10:203][  0]LogTemp: Display: Loaded TP MacNoEditorTargetPlatform
[2019.01.26-21.09.10:224][  0]LogTemp: Display: Loaded TP MacServerTargetPlatform
[2019.01.26-21.09.10:243][  0]LogTemp: Display: Loaded TP MacTargetPlatform
[2019.01.26-21.09.10:263][  0]LogTemp: Display: Loaded TP WindowsClientTargetPlatform
[2019.01.26-21.09.10:292][  0]LogTemp: Display: Loaded TP WindowsNoEditorTargetPlatform
[2019.01.26-21.09.10:315][  0]LogTemp: Display: Loaded TP WindowsServerTargetPlatform
[2019.01.26-21.09.10:328][  0]LogTemp: Display: Loaded TP WindowsTargetPlatform
[2019.01.26-21.09.10:438][  0]LogTemp: Display: Loaded TP AndroidTargetPlatform
[2019.01.26-21.09.10:438][  0]LogTemp: Display: Loaded TP AndroidTargetPlatform
[2019.01.26-21.09.10:438][  0]LogTemp: Display: Loaded TP AndroidTargetPlatform
[2019.01.26-21.09.10:438][  0]LogTemp: Display: Loaded TP AndroidTargetPlatform
[2019.01.26-21.09.10:438][  0]LogTemp: Display: Loaded TP AndroidTargetPlatform
[2019.01.26-21.09.10:438][  0]LogTemp: Display: Loaded TP AndroidTargetPlatform
[2019.01.26-21.09.10:438][  0]LogTemp: Display: Loaded TP AndroidTargetPlatform
[2019.01.26-21.09.10:439][  0]LogTemp: Display: Loaded TP AndroidTargetPlatform
[2019.01.26-21.09.10:439][  0]LogTemp: Display: Loaded TP AndroidTargetPlatform
[2019.01.26-21.09.10:439][  0]LogTemp: Display: Loaded TP AndroidTargetPlatform
[2019.01.26-21.09.10:439][  0]LogTemp: Display: Loaded TP AndroidTargetPlatform
[2019.01.26-21.09.10:439][  0]LogTemp: Display: Loaded TP AndroidTargetPlatform
[2019.01.26-21.09.10:439][  0]LogTemp: Display: Loaded TP AndroidTargetPlatform
[2019.01.26-21.09.10:439][  0]LogTemp: Display: Loaded TP AndroidTargetPlatform
[2019.01.26-21.09.10:439][  0]LogTemp: Display: Loaded TP AndroidTargetPlatform
[2019.01.26-21.09.10:439][  0]LogTemp: Display: Loaded TP AndroidTargetPlatform
[2019.01.26-21.09.10:439][  0]LogTemp: Display: Loaded TP AndroidTargetPlatform
[2019.01.26-21.09.10:439][  0]LogTemp: Display: Loaded TP AndroidTargetPlatform
[2019.01.26-21.09.10:444][  0]LogTemp: Display: Loaded TP HTML5TargetPlatform
[2019.01.26-21.09.10:524][  0]LogTemp: Display: Loaded TP IOSTargetPlatform
[2019.01.26-21.09.10:524][  0]LogTemp: Display: Loaded TP IOSTargetPlatform
[2019.01.26-21.09.10:559][  0]LogTemp: Display: Loaded TP TVOSTargetPlatform
[2019.01.26-21.09.10:559][  0]LogTemp: Display: Loaded TP TVOSTargetPlatform
[2019.01.26-21.09.10:576][  0]LogTemp: Display: Loaded TP LinuxClientTargetPlatform
[2019.01.26-21.09.10:595][  0]LogTemp: Display: Loaded TP LinuxNoEditorTargetPlatform
[2019.01.26-21.09.10:616][  0]LogTemp: Display: Loaded TP LinuxServerTargetPlatform
[2019.01.26-21.09.10:635][  0]LogTemp: Display: Loaded TP LinuxTargetPlatform
[2019.01.26-21.09.10:652][  0]LogTemp: Display: Loaded TP LuminTargetPlatform
[2019.01.26-21.09.10:652][  0]LogTargetPlatformManager: Display: Building Assets For Windows
[2019.01.26-21.09.10:830][  0]LogXGEController: Cleaning working directory: C:/Users/c013767h/AppData/Local/Temp/UnrealXGEWorkingDir/
[2019.01.26-21.09.10:830][  0]LogXGEController: Cannot use XGE Controller as Incredibuild is not installed on this machine.
[2019.01.26-21.09.10:831][  0]LogShaderCompilers: Cannot use XGE Shader Compiler as Incredibuild is not installed on this machine.
[2019.01.26-21.09.10:831][  0]LogShaderCompilers: Display: Using Local Shader Compiler.
[2019.01.26-21.09.11:974][  0]LogDerivedDataCache: Display: Max Cache Size: 512 MB
[2019.01.26-21.09.12:088][  0]LogDerivedDataCache: Loaded boot cache 0.11s 73MB C:/Users/c013767h/AppData/Local/UnrealEngine/4.20/DerivedDataCache/Boot.ddc.
[2019.01.26-21.09.12:088][  0]LogDerivedDataCache: Display: Loaded Boot cache: C:/Users/c013767h/AppData/Local/UnrealEngine/4.20/DerivedDataCache/Boot.ddc
[2019.01.26-21.09.12:089][  0]LogDerivedDataCache: FDerivedDataBackendGraph:  Pak pak cache file ../../../../../../Users/c013767h/Documents/GitHub/HomeIs/HomeIs/DerivedDataCache/DDC.ddp not found, will not use a pak cache.
[2019.01.26-21.09.12:089][  0]LogDerivedDataCache: Unable to find inner node Pak for hierarchical cache Hierarchy.
[2019.01.26-21.09.12:089][  0]LogDerivedDataCache: FDerivedDataBackendGraph:  CompressedPak pak cache file ../../../../../../Users/c013767h/Documents/GitHub/HomeIs/HomeIs/DerivedDataCache/Compressed.ddp not found, will not use a pak cache.
[2019.01.26-21.09.12:089][  0]LogDerivedDataCache: Unable to find inner node CompressedPak for hierarchical cache Hierarchy.
[2019.01.26-21.09.12:116][  0]LogDerivedDataCache: Display: Pak cache opened for reading ../../../Engine/DerivedDataCache/Compressed.ddp.
[2019.01.26-21.09.12:132][  0]LogDerivedDataCache: Using Local data cache path C:/Users/c013767h/AppData/Local/UnrealEngine/Common/DerivedDataCache: Writable
[2019.01.26-21.09.12:132][  0]LogDerivedDataCache: Shared data cache path not found in *engine.ini, will not use an Shared cache.
[2019.01.26-21.09.12:132][  0]LogDerivedDataCache: Unable to find inner node Shared for hierarchical cache Hierarchy.
[2019.01.26-21.09.12:176][  0]LogMaterial: Verifying Global Shaders for PCD3D_SM5
[2019.01.26-21.09.12:178][  0]LogSlate: Using FreeType 2.6.0
[2019.01.26-21.09.12:179][  0]LogSlate: SlateFontServices - WITH_FREETYPE: 1, WITH_HARFBUZZ: 1
[2019.01.26-21.09.12:271][  0]LogAssetRegistry: FAssetRegistry took 0.0287 seconds to start up
[2019.01.26-21.09.12:688][  0]LogInit: Selected Device Profile: [Windows]
[2019.01.26-21.09.12:875][  0]LogSimplygon: Simplygon DLL not present - disabling.
[2019.01.26-21.09.12:886][  0]LogMeshReduction: Using SimplygonSwarm for distributed automatic mesh merging
[2019.01.26-21.09.12:886][  0]LogMeshReduction: Using ProxyLODMeshReduction for automatic mesh merging
[2019.01.26-21.09.12:886][  0]LogMeshReduction: Using QuadricMeshReduction for automatic static mesh reduction
[2019.01.26-21.09.12:886][  0]LogMeshReduction: No automatic skeletal mesh reduction module available
[2019.01.26-21.09.12:908][  0]LogNetVersion: HomeIs 1.0.0, NetCL: 4212847, EngineNetVer: 5, GameNetVer: 0 (Checksum: 4178729889)
[2019.01.26-21.09.13:648][  0]LogPackageLocalizationCache: Processed 11 localized package path(s) for 2 prioritized culture(s) in 0.242574 seconds
[2019.01.26-21.09.13:654][  0]LogUObjectArray: 38425 objects as part of root set at end of initial load.
[2019.01.26-21.09.13:655][  0]LogUObjectAllocator: 6690872 out of 0 bytes used by permanent object pool.
[2019.01.26-21.09.13:655][  0]LogUObjectArray: CloseDisregardForGC: 0/0 objects in disregard for GC pool
[2019.01.26-21.09.14:847][  0]LogTcpMessaging: Initializing TcpMessaging bridge
[2019.01.26-21.09.14:865][  0]LogUdpMessaging: Initializing bridge on interface 0.0.0.0:0 to multicast group 230.0.0.1:6666.
[2019.01.26-21.09.15:382][  0]SourceControl: Source control is disabled
[2019.01.26-21.09.15:382][  0]SourceControl: Source control is disabled
[2019.01.26-21.09.15:387][  0]SourceControl: Source control is disabled
[2019.01.26-21.09.15:390][  0]SourceControl: Source control is disabled
[2019.01.26-21.09.15:708][  0]LogAndroidPermission: UAndroidPermissionCallbackProxy::GetInstance
[2019.01.26-21.09.15:811][  0]LogOcInput: OculusInput pre-init called
[2019.01.26-21.09.15:888][  0]LogEngine: Initializing Engine...
[2019.01.26-21.09.15:890][  0]LogHMD: Failed to initialize OpenVR with code 110
[2019.01.26-21.09.15:893][  0]LogStats: UGameplayTagsManager::ConstructGameplayTagTree: ImportINI prefixes -  0.000 s
[2019.01.26-21.09.15:893][  0]LogStats: UGameplayTagsManager::ConstructGameplayTagTree: Construct from data asset -  0.000 s
[2019.01.26-21.09.15:894][  0]LogStats: UGameplayTagsManager::ConstructGameplayTagTree: ImportINI -  0.001 s
[2019.01.26-21.09.15:894][  0]LogStats: UGameplayTagsManager::ConstructGameplayTagTree: GameplayTagTreeChangedEvent.Broadcast -  0.000 s
[2019.01.26-21.09.16:143][  0]LogInit: Initializing FReadOnlyCVARCache
[2019.01.26-21.09.16:176][  0]LogAIModule: Creating AISystem for world Untitled
[2019.01.26-21.09.16:193][  0]LogInit: XAudio2 using 'Speakers (Realtek High Definition Audio)' : 2 channels at 48 kHz using 32 bits per sample (channel mask 0x3)
[2019.01.26-21.09.16:248][  0]LogInit: FAudioDevice initialized.
[2019.01.26-21.09.16:248][  0]LogNetVersion: Set ProjectVersion to 1.0.0.0. Version Checksum will be recalculated on next use.
[2019.01.26-21.09.16:345][  0]LogDerivedDataCache: Saved boot cache 0.10s 73MB C:/Users/c013767h/AppData/Local/UnrealEngine/4.20/DerivedDataCache/Boot.ddc.
[2019.01.26-21.09.16:366][  0]LogInit: Texture streaming: Enabled
[2019.01.26-21.09.16:408][  0]LogEngineSessionManager: EngineSessionManager initialized
[2019.01.26-21.09.16:426][  0]LogInit: Transaction tracking system initialized
[2019.01.26-21.09.16:486][  0]BlueprintLog: New page: Editor Load
[2019.01.26-21.09.16:706][  0]LocalizationService: Localization service is disabled
[2019.01.26-21.09.17:116][  0]LogCook: Display: Max memory allowance for cook 16384mb min free memory 0mb
[2019.01.26-21.09.17:116][  0]LogCook: Display: Mobile HDR setting 1
[2019.01.26-21.09.17:117][  0]LogGameplayTags: Display: UGameplayTagsManager::DoneAddingNativeTags. DelegateIsBound: 0
[2019.01.26-21.09.17:117][  0]LogStats: UGameplayTagsManager::ConstructGameplayTagTree: ImportINI prefixes -  0.000 s
[2019.01.26-21.09.17:117][  0]LogStats: UGameplayTagsManager::ConstructGameplayTagTree: Construct from data asset -  0.000 s
[2019.01.26-21.09.17:117][  0]LogStats: UGameplayTagsManager::ConstructGameplayTagTree: ImportINI -  0.000 s
[2019.01.26-21.09.17:118][  0]LogStats: UGameplayTagsManager::ConstructGameplayTagTree: GameplayTagTreeChangedEvent.Broadcast -  0.000 s
[2019.01.26-21.09.17:367][  0]LogFileCache: Scanning file cache for directory 'C:/Users/c013767h/Documents/GitHub/HomeIs/HomeIs/Content/' took 0.03s
[2019.01.26-21.09.17:367][  0]SourceControl: Source control is disabled
[2019.01.26-21.09.17:367][  0]Cmd: MAP LOAD FILE="../../../../../../Users/c013767h/Documents/GitHub/HomeIs/HomeIs/Content/FirstPersonCPP/Maps/FirstPersonExampleMap.umap" TEMPLATE=0 SHOWPROGRESS=1 FEATURELEVEL=3
[2019.01.26-21.09.17:368][  0]LightingResults: New page: Lighting Build
[2019.01.26-21.09.17:375][  0]MapCheck: New page: Map Check
[2019.01.26-21.09.17:375][  0]LightingResults: New page: Lighting Build
[2019.01.26-21.09.18:593][  0]LogAIModule: Creating AISystem for world FirstPersonExampleMap
[2019.01.26-21.09.18:608][  0]LogEditorServer: Finished looking for orphan Actors (0.000 secs)
[2019.01.26-21.09.18:635][  0]Cmd: MAP CHECKDEP NOCLEARLOG
[2019.01.26-21.09.18:873][  0]MapCheck: Map check complete: 0 Error(s), 0 Warning(s), took 238.418ms to complete.
[2019.01.26-21.09.18:874][  0]LogFileHelpers: Loading map 'FirstPersonExampleMap' took 1.506
[2019.01.26-21.09.18:998][  0]LogSlate: Updating window title bar state: overlay mode, drag disabled, window buttons hidden, title bar hidden
[2019.01.26-21.09.19:006][  0]LogSlate: Updating window title bar state: overlay mode, drag disabled, window buttons hidden, title bar hidden
[2019.01.26-21.09.19:014][  0]LogSlate: Updating window title bar state: overlay mode, drag disabled, window buttons hidden, title bar hidden
[2019.01.26-21.09.19:026][  0]LogSlate: Updating window title bar state: overlay mode, drag disabled, window buttons hidden, title bar hidden
[2019.01.26-21.09.19:039][  0]LogCollectionManager: Loaded 0 collections in 0.004378 seconds
[2019.01.26-21.09.19:093][  0]LogFileCache: Scanning file cache for directory 'C:/Users/c013767h/Documents/GitHub/HomeIs/HomeIs/Saved/Collections/' took 0.01s
[2019.01.26-21.09.19:093][  0]LogFileCache: Scanning file cache for directory 'C:/Users/c013767h/Documents/GitHub/HomeIs/HomeIs/Content/Developers/c013767h/Collections/' took 0.01s
[2019.01.26-21.09.19:093][  0]LogFileCache: Scanning file cache for directory 'C:/Users/c013767h/Documents/GitHub/HomeIs/HomeIs/Content/Collections/' took 0.01s
[2019.01.26-21.09.19:093][  0]LogCollectionManager: Rebuilt the GUID cache for 0 collections in 0.000000 seconds
[2019.01.26-21.09.19:105][  0]LogContentBrowser: Native class hierarchy populated in 0.0114 seconds. Added 2594 classes and 611 folders.
[2019.01.26-21.09.19:116][  0]LogContentBrowser: Native class hierarchy updated for 'WidgetCarousel' in 0.0006 seconds. Added 0 classes and 0 folders.
[2019.01.26-21.09.19:201][  0]LogContentBrowser: Native class hierarchy updated for 'AddContentDialog' in 0.0006 seconds. Added 0 classes and 0 folders.
[2019.01.26-21.09.19:213][  0]LogContentBrowser: Native class hierarchy updated for 'SceneOutliner' in 0.0006 seconds. Added 1 classes and 2 folders.
[2019.01.26-21.09.19:267][  0]LogContentBrowser: Native class hierarchy updated for 'HierarchicalLODOutliner' in 0.0009 seconds. Added 0 classes and 0 folders.
[2019.01.26-21.09.19:267][  0]LogLoad: (Engine Initialization) Total time: 14.20 seconds
[2019.01.26-21.09.19:267][  0]LogLoad: (Engine Initialization) Total Blueprint compile time: 0.00 seconds
[2019.01.26-21.09.19:277][  0]LogWindowsTextInputMethodSystem: Display: IME system now deactivated.
[2019.01.26-21.09.19:312][  0]LogContentStreaming: Texture pool size now 1000 MB
[2019.01.26-21.09.19:314][  0]LogSlate: Took 0.000257 seconds to synchronously load lazily loaded font '../../../Engine/Content/Slate/Fonts/Roboto-Regular.ttf' (155K)
[2019.01.26-21.09.19:315][  0]LogSlate: Took 0.000272 seconds to synchronously load lazily loaded font '../../../Engine/Content/Slate/Fonts/Roboto-Bold.ttf' (160K)
[2019.01.26-21.09.19:321][  0]LogSlate: Took 0.000312 seconds to synchronously load lazily loaded font '../../../Engine/Content/Editor/Slate/Fonts/FontAwesome.ttf' (139K)
[2019.01.26-21.09.19:321][  0]LogSlate: Took 0.000185 seconds to synchronously load lazily loaded font '../../../Engine/Content/Slate/Fonts/DroidSansMono.ttf' (77K)
[2019.01.26-21.09.19:467][  0]LogRenderer: Reallocating scene render targets to support 804x360 Format 10 NumSamples 1 (Frame:1).
[2019.01.26-21.09.19:533][  1]LogFileCache: Retrieving MD5 hashes for directory 'C:/Users/c013767h/Documents/GitHub/HomeIs/HomeIs/Content/' took 0.24s
[2019.01.26-21.09.19:551][  1]LogAssetRegistry: Asset discovery search completed in 7.3038 seconds
[2019.01.26-21.09.19:557][  1]LogCollectionManager: Rebuilt the object cache for 0 collections in 0.000001 seconds (found 0 objects)
[2019.01.26-21.09.19:557][  1]LogCollectionManager: Fixed up redirectors for 0 collections in 0.000409 seconds (updated 0 objects)
[2019.01.26-21.09.20:913][113]LogRenderer: Reallocating scene render targets to support 1208x576 Format 10 NumSamples 1 (Frame:3).
[2019.01.26-21.09.21:597][191]LogSlate: FSceneViewport::OnFocusLost() reason 0
[2019.01.26-21.09.21:680][201]LogTemp: Repeating last play command: Selected Viewport
[2019.01.26-21.09.21:703][201]LogBlueprintUserMessages: Early PlayInEditor Detection: Level '/Game/FirstPersonCPP/Maps/FirstPersonExampleMap.FirstPersonExampleMap:PersistentLevel' has LevelScriptBlueprint '/Game/FirstPersonCPP/Maps/FirstPersonExampleMap.FirstPersonExampleMap:PersistentLevel.FirstPersonExampleMap' with GeneratedClass '/Game/FirstPersonCPP/Maps/FirstPersonExampleMap.FirstPersonExampleMap_C' with ClassGeneratedBy '/Game/FirstPersonCPP/Maps/FirstPersonExampleMap.FirstPersonExampleMap:PersistentLevel.FirstPersonExampleMap'
[2019.01.26-21.09.21:704][201]LogPlayLevel: PlayLevel: No blueprints needed recompiling
[2019.01.26-21.09.21:719][201]PIE: New page: PIE session: FirstPersonExampleMap (26 Jan 2019 21:09:21)
[2019.01.26-21.09.21:719][201]LogPlayLevel: Creating play world package: /Game/FirstPersonCPP/Maps/UEDPIE_0_FirstPersonExampleMap
[2019.01.26-21.09.21:748][201]LogPlayLevel: PIE: StaticDuplicateObject took: (0.028868s)
[2019.01.26-21.09.21:749][201]LogAIModule: Creating AISystem for world FirstPersonExampleMap
[2019.01.26-21.09.21:750][201]LogPlayLevel: PIE: World Init took: (0.001053s)
[2019.01.26-21.09.21:750][201]LogPlayLevel: PIE: Created PIE world by copying editor world from /Game/FirstPersonCPP/Maps/FirstPersonExampleMap.FirstPersonExampleMap to /Game/FirstPersonCPP/Maps/UEDPIE_0_FirstPersonExampleMap.FirstPersonExampleMap (0.030854s)
[2019.01.26-21.09.21:782][201]LogInit: XAudio2 using 'Speakers (Realtek High Definition Audio)' : 2 channels at 48 kHz using 32 bits per sample (channel mask 0x3)
[2019.01.26-21.09.21:799][201]LogInit: FAudioDevice initialized.
[2019.01.26-21.09.21:850][201]LogLoad: Game class is 'HomeIsGameMode'
[2019.01.26-21.09.21:853][201]LogWorld: Bringing World /Game/FirstPersonCPP/Maps/UEDPIE_0_FirstPersonExampleMap.FirstPersonExampleMap up for play (max tick rate 0) at 2019.01.26-21.09.21
[2019.01.26-21.09.21:855][201]LogWorld: Bringing up level for play took: 0.003298
[2019.01.26-21.09.21:893][201]LogContentBrowser: Native class hierarchy updated for 'MovieSceneCapture' in 0.0017 seconds. Added 10 classes and 0 folders.
[2019.01.26-21.09.21:899][201]PIE: Play in editor start time for /Game/FirstPersonCPP/Maps/UEDPIE_0_FirstPersonExampleMap -0.168
[2019.01.26-21.09.21:900][201]LogBlueprintUserMessages: Late PlayInEditor Detection: Level '/Game/FirstPersonCPP/Maps/FirstPersonExampleMap.FirstPersonExampleMap:PersistentLevel' has LevelScriptBlueprint '/Game/FirstPersonCPP/Maps/FirstPersonExampleMap.FirstPersonExampleMap:PersistentLevel.FirstPersonExampleMap' with GeneratedClass '/Game/FirstPersonCPP/Maps/FirstPersonExampleMap.FirstPersonExampleMap_C' with ClassGeneratedBy '/Game/FirstPersonCPP/Maps/FirstPersonExampleMap.FirstPersonExampleMap:PersistentLevel.FirstPersonExampleMap'
[2019.01.26-21.09.21:922][201]LogTemp: Warning: 10.000000
[2019.01.26-21.09.22:009][202]LogTemp: Warning: 10.000000
[2019.01.26-21.09.22:028][203]LogTemp: Warning: 10.000000
[2019.01.26-21.09.22:043][204]LogTemp: Warning: 10.000000
[2019.01.26-21.09.22:062][205]LogTemp: Warning: 10.000000
[2019.01.26-21.09.22:076][206]LogTemp: Warning: 10.000000
[2019.01.26-21.09.22:089][207]LogTemp: Warning: 10.000000
[2019.01.26-21.09.22:103][208]LogTemp: Warning: 10.000000
[2019.01.26-21.09.22:120][209]LogTemp: Warning: 10.000000
[2019.01.26-21.09.22:134][210]LogTemp: Warning: 10.000000
[2019.01.26-21.09.22:155][211]LogTemp: Warning: 10.000000
[2019.01.26-21.09.22:183][212]LogTemp: Warning: 10.000000
[2019.01.26-21.09.22:203][213]LogTemp: Warning: 10.000000
[2019.01.26-21.09.22:203][213]LogBlueprintUserMessages: [SUpdateTargetPosition_C_0] X=-480.751 Y=1229.409 Z=268.372
[2019.01.26-21.09.22:224][214]LogTemp: Warning: 10.000000
[2019.01.26-21.09.22:241][215]LogTemp: Warning: 10.000000
[2019.01.26-21.09.22:260][216]LogTemp: Warning: 10.000000
[2019.01.26-21.09.22:279][217]LogTemp: Warning: 10.000000
[2019.01.26-21.09.22:296][218]LogTemp: Warning: 10.000000
[2019.01.26-21.09.22:315][219]LogTemp: Warning: 10.000000
[2019.01.26-21.09.22:332][220]LogTemp: Warning: 10.000000
[2019.01.26-21.09.22:346][221]LogTemp: Warning: 10.000000
[2019.01.26-21.09.22:360][222]LogTemp: Warning: 10.000000
[2019.01.26-21.09.22:374][223]LogTemp: Warning: 10.000000
[2019.01.26-21.09.22:392][224]LogTemp: Warning: 10.000000
[2019.01.26-21.09.22:412][225]LogTemp: Warning: 10.000000
[2019.01.26-21.09.22:430][226]LogTemp: Warning: 10.000000
[2019.01.26-21.09.22:443][227]LogTemp: Warning: 10.000000
[2019.01.26-21.09.22:458][228]LogTemp: Warning: 10.000000
[2019.01.26-21.09.22:473][229]LogTemp: Warning: 10.000000
[2019.01.26-21.09.22:487][230]LogTemp: Warning: 10.000000
[2019.01.26-21.09.22:500][231]LogTemp: Warning: 10.000000
[2019.01.26-21.09.22:514][232]LogTemp: Warning: 10.000000
[2019.01.26-21.09.22:527][233]LogTemp: Warning: 10.000000
[2019.01.26-21.09.22:542][234]LogTemp: Warning: 10.000000
[2019.01.26-21.09.22:556][235]LogTemp: Warning: 10.000000
[2019.01.26-21.09.22:570][236]LogTemp: Warning: 10.000000
[2019.01.26-21.09.22:586][237]LogTemp: Warning: 10.000000
[2019.01.26-21.09.22:600][238]LogTemp: Warning: 10.000000
[2019.01.26-21.09.22:616][239]LogTemp: Warning: 10.000000
[2019.01.26-21.09.22:633][240]LogTemp: Warning: 10.000000
[2019.01.26-21.09.22:651][241]LogTemp: Warning: 10.000000
[2019.01.26-21.09.22:651][241]LogBlueprintUserMessages: [SUpdateTargetPosition_C_0] X=-329.021 Y=1387.389 Z=268.372
[2019.01.26-21.09.22:670][242]LogTemp: Warning: 10.000000
[2019.01.26-21.09.22:684][243]LogTemp: Warning: 10.000000
[2019.01.26-21.09.22:700][244]LogTemp: Warning: 10.000000
[2019.01.26-21.09.22:714][245]LogTemp: Warning: 10.000000
[2019.01.26-21.09.22:728][246]LogTemp: Warning: 10.000000
[2019.01.26-21.09.22:741][247]LogTemp: Warning: 10.000000
[2019.01.26-21.09.22:755][248]LogTemp: Warning: 10.000000
[2019.01.26-21.09.22:769][249]LogTemp: Warning: 10.000000
[2019.01.26-21.09.22:782][250]LogTemp: Warning: 10.000000
[2019.01.26-21.09.22:796][251]LogTemp: Warning: 10.000000
[2019.01.26-21.09.22:813][252]LogTemp: Warning: 10.000000
[2019.01.26-21.09.22:827][253]LogTemp: Warning: 10.000000
[2019.01.26-21.09.22:841][254]LogTemp: Warning: 10.000000
[2019.01.26-21.09.22:855][255]LogTemp: Warning: 10.000000
[2019.01.26-21.09.22:874][256]LogTemp: Warning: 10.000000
[2019.01.26-21.09.22:888][257]LogTemp: Warning: 10.000000
[2019.01.26-21.09.22:901][258]LogTemp: Warning: 10.000000
[2019.01.26-21.09.22:915][259]LogTemp: Warning: 10.000000
[2019.01.26-21.09.22:929][260]LogTemp: Warning: 10.000000
[2019.01.26-21.09.22:944][261]LogTemp: Warning: 10.000000
[2019.01.26-21.09.22:957][262]LogTemp: Warning: 10.000000
[2019.01.26-21.09.22:971][263]LogTemp: Warning: 10.000000
[2019.01.26-21.09.22:985][264]LogTemp: Warning: 10.000000
[2019.01.26-21.09.22:999][265]LogTemp: Warning: 10.000000
[2019.01.26-21.09.23:015][266]LogTemp: Warning: 10.000000
[2019.01.26-21.09.23:030][267]LogTemp: Warning: 10.000000
[2019.01.26-21.09.23:045][268]LogTemp: Warning: 10.000000
[2019.01.26-21.09.23:058][269]LogTemp: Warning: 10.000000
[2019.01.26-21.09.23:073][270]LogTemp: Warning: 10.000000
[2019.01.26-21.09.23:087][271]LogTemp: Warning: 10.000000
[2019.01.26-21.09.23:101][272]LogTemp: Warning: 10.000000
[2019.01.26-21.09.23:118][273]LogTemp: Warning: 10.000000
[2019.01.26-21.09.23:140][274]LogTemp: Warning: 10.000000
[2019.01.26-21.09.23:159][275]LogTemp: Warning: 10.000000
[2019.01.26-21.09.23:176][276]LogTemp: Warning: 10.000000
[2019.01.26-21.09.23:191][277]LogTemp: Warning: 10.000000
[2019.01.26-21.09.23:191][277]LogBlueprintUserMessages: [SUpdateTargetPosition_C_0] X=-30.034 Y=1272.647 Z=268.372
[2019.01.26-21.09.23:208][278]LogTemp: Warning: 10.000000
[2019.01.26-21.09.23:226][279]LogTemp: Warning: 10.000000
[2019.01.26-21.09.23:244][280]LogTemp: Warning: 10.000000
[2019.01.26-21.09.23:262][281]LogTemp: Warning: 10.000000
[2019.01.26-21.09.23:279][282]LogTemp: Warning: 10.000000
[2019.01.26-21.09.23:295][283]LogTemp: Warning: 10.000000
[2019.01.26-21.09.23:311][284]LogTemp: Warning: 10.000000
[2019.01.26-21.09.23:319][285]LogTemp: Warning: 10.000000
[2019.01.26-21.09.23:327][286]LogTemp: Warning: 10.000000
[2019.01.26-21.09.23:335][287]LogTemp: Warning: 10.000000
[2019.01.26-21.09.23:345][288]LogTemp: Warning: 10.000000
[2019.01.26-21.09.23:354][289]LogTemp: Warning: 10.000000
[2019.01.26-21.09.23:363][290]LogTemp: Warning: 10.000000
[2019.01.26-21.09.23:372][291]LogTemp: Warning: 10.000000
[2019.01.26-21.09.23:381][292]LogTemp: Warning: 10.000000
[2019.01.26-21.09.23:388][293]LogTemp: Warning: 10.000000
[2019.01.26-21.09.23:396][294]LogTemp: Warning: 10.000000
[2019.01.26-21.09.23:405][295]LogTemp: Warning: 10.000000
[2019.01.26-21.09.23:413][296]LogTemp: Warning: 10.000000
[2019.01.26-21.09.23:422][297]LogTemp: Warning: 10.000000
[2019.01.26-21.09.23:430][298]LogTemp: Warning: 10.000000
[2019.01.26-21.09.23:439][299]LogTemp: Warning: 10.000000
[2019.01.26-21.09.23:447][300]LogTemp: Warning: 10.000000
[2019.01.26-21.09.23:455][301]LogTemp: Warning: 10.000000
[2019.01.26-21.09.23:463][302]LogTemp: Warning: 10.000000
[2019.01.26-21.09.23:472][303]LogTemp: Warning: 10.000000
[2019.01.26-21.09.23:480][304]LogTemp: Warning: 10.000000
[2019.01.26-21.09.23:488][305]LogTemp: Warning: 10.000000
[2019.01.26-21.09.23:495][306]LogTemp: Warning: 10.000000
[2019.01.26-21.09.23:504][307]LogTemp: Warning: 10.000000
[2019.01.26-21.09.23:512][308]LogTemp: Warning: 10.000000
[2019.01.26-21.09.23:521][309]LogTemp: Warning: 10.000000
[2019.01.26-21.09.23:529][310]LogTemp: Warning: 10.000000
[2019.01.26-21.09.23:538][311]LogTemp: Warning: 10.000000
[2019.01.26-21.09.23:545][312]LogTemp: Warning: 10.000000
[2019.01.26-21.09.23:554][313]LogTemp: Warning: 10.000000
[2019.01.26-21.09.23:562][314]LogTemp: Warning: 10.000000
[2019.01.26-21.09.23:570][315]LogTemp: Warning: 10.000000
[2019.01.26-21.09.23:578][316]LogTemp: Warning: 10.000000
[2019.01.26-21.09.23:587][317]LogTemp: Warning: 10.000000
[2019.01.26-21.09.23:595][318]LogTemp: Warning: 10.000000
[2019.01.26-21.09.23:604][319]LogTemp: Warning: 10.000000
[2019.01.26-21.09.23:612][320]LogTemp: Warning: 10.000000
[2019.01.26-21.09.23:620][321]LogTemp: Warning: 10.000000
[2019.01.26-21.09.23:629][322]LogTemp: Warning: 10.000000
[2019.01.26-21.09.23:637][323]LogTemp: Warning: 10.000000
[2019.01.26-21.09.23:645][324]LogTemp: Warning: 10.000000
[2019.01.26-21.09.23:655][325]LogTemp: Warning: 10.000000
[2019.01.26-21.09.23:663][326]LogTemp: Warning: 5.000000
[2019.01.26-21.09.23:672][327]LogTemp: Warning: 5.000000
[2019.01.26-21.09.23:680][328]LogTemp: Warning: 5.000000
[2019.01.26-21.09.23:689][329]LogTemp: Warning: 5.000000
[2019.01.26-21.09.23:689][329]LogBlueprintUserMessages: [SUpdateTargetPosition_C_0] X=266.751 Y=1213.993 Z=268.372
[2019.01.26-21.09.23:696][330]LogTemp: Warning: 5.000000
[2019.01.26-21.09.23:706][331]LogTemp: Warning: 5.000000
[2019.01.26-21.09.23:713][332]LogTemp: Warning: 5.000000
[2019.01.26-21.09.23:722][333]LogTemp: Warning: 5.000000
[2019.01.26-21.09.23:730][334]LogTemp: Warning: 5.000000
[2019.01.26-21.09.23:739][335]LogTemp: Warning: 5.000000
[2019.01.26-21.09.23:747][336]LogTemp: Warning: 5.000000
[2019.01.26-21.09.23:755][337]LogTemp: Warning: 5.000000
[2019.01.26-21.09.23:763][338]LogTemp: Warning: 5.000000
[2019.01.26-21.09.23:772][339]LogTemp: Warning: 5.000000
[2019.01.26-21.09.23:780][340]LogTemp: Warning: 5.000000
[2019.01.26-21.09.23:788][341]LogTemp: Warning: 5.000000
[2019.01.26-21.09.23:797][342]LogTemp: Warning: 5.000000
[2019.01.26-21.09.23:805][343]LogTemp: Warning: 5.000000
[2019.01.26-21.09.23:814][344]LogTemp: Warning: 5.000000
[2019.01.26-21.09.23:822][345]LogTemp: Warning: 5.000000
[2019.01.26-21.09.23:830][346]LogTemp: Warning: 0.000000
