Log file open, 01/25/19 23:48:25
LogWindows: Failed to load 'aqProf.dll' (GetLastError=126)
LogWindows: File 'aqProf.dll' does not exist
LogWindows: Failed to load 'VSPerf140.dll' (GetLastError=126)
LogWindows: File 'VSPerf140.dll' does not exist
LogWindows: Failed to load 'VtuneApi.dll' (GetLastError=126)
LogWindows: File 'VtuneApi.dll' does not exist
LogWindows: Failed to load 'VtuneApi32e.dll' (GetLastError=126)
LogWindows: File 'VtuneApi32e.dll' does not exist
LogInit: Display: Running engine for game: HomeIs
LogPlatformFile: Not using cached read wrapper
LogTaskGraph: Started task graph with 5 named threads and 23 total threads with 3 sets of task threads.
LogStats: Stats thread started at 0.434548
LogD3D11RHI: Loaded GFSDK_Aftermath_Lib.x64.dll
LogICUInternationalization: Display: ICU TimeZone Detection - Raw Offset: +0:00, Platform Override: ''
LogPluginManager: Mounting plugin Paper2D
LogPluginManager: Mounting plugin AISupport
LogPluginManager: Mounting plugin LightPropagationVolume
LogPluginManager: Mounting plugin CLionSourceCodeAccess
LogPluginManager: Mounting plugin CodeLiteSourceCodeAccess
LogPluginManager: Mounting plugin GitSourceControl
LogPluginManager: Mounting plugin KDevelopSourceCodeAccess
LogPluginManager: Mounting plugin NullSourceCodeAccess
LogPluginManager: Mounting plugin PerforceSourceControl
LogPluginManager: Mounting plugin SubversionSourceControl
LogPluginManager: Mounting plugin UObjectPlugin
LogPluginManager: Mounting plugin VisualStudioCodeSourceCodeAccess
LogPluginManager: Mounting plugin VisualStudioSourceCodeAccess
LogPluginManager: Mounting plugin XCodeSourceCodeAccess
LogPluginManager: Mounting plugin AssetManagerEditor
LogPluginManager: Mounting plugin CryptoKeys
LogPluginManager: Mounting plugin DataValidation
LogPluginManager: Mounting plugin FacialAnimation
LogPluginManager: Mounting plugin GameplayTagsEditor
LogPluginManager: Mounting plugin MacGraphicsSwitching
LogPluginManager: Mounting plugin MeshEditor
LogPluginManager: Mounting plugin MobileLauncherProfileWizard
LogPluginManager: Mounting plugin PluginBrowser
LogPluginManager: Mounting plugin SpeedTreeImporter
LogPluginManager: Mounting plugin DatasmithContent
LogPluginManager: Mounting plugin AlembicImporter
LogPluginManager: Mounting plugin AppleImageUtils
LogPluginManager: Mounting plugin AppleVision
LogPluginManager: Mounting plugin BackChannel
LogPluginManager: Mounting plugin CharacterAI
LogPluginManager: Mounting plugin GeometryCache
LogPluginManager: Mounting plugin HTML5Networking
LogPluginManager: Mounting plugin ProxyLODPlugin
LogPluginManager: Mounting plugin MagicLeap
LogPluginManager: Mounting plugin MagicLeapEmulator
LogPluginManager: Mounting plugin MagicLeapMedia
LogPluginManager: Mounting plugin AndroidMedia
LogPluginManager: Mounting plugin AvfMedia
LogPluginManager: Mounting plugin ImgMedia
LogPluginManager: Mounting plugin LinearTimecode
LogPluginManager: Mounting plugin MediaCompositing
LogPluginManager: Mounting plugin MediaPlayerEditor
LogPluginManager: Mounting plugin WmfMedia
LogPluginManager: Mounting plugin TcpMessaging
LogPluginManager: Mounting plugin UdpMessaging
LogPluginManager: Mounting plugin ActorSequence
LogPluginManager: Mounting plugin LevelSequenceEditor
LogPluginManager: Mounting plugin MatineeToLevelSequence
LogPluginManager: Mounting plugin NetcodeUnitTest
LogPluginManager: Mounting plugin NUTUnrealEngine4
LogPluginManager: Mounting plugin OnlineSubsystemGooglePlay
LogPluginManager: Mounting plugin OnlineSubsystemIOS
LogPluginManager: Mounting plugin OnlineSubsystem
LogPluginManager: Mounting plugin OnlineSubsystemNull
LogPluginManager: Mounting plugin OnlineSubsystemUtils
LogPluginManager: Mounting plugin LauncherChunkInstaller
LogPluginManager: Mounting plugin AndroidDeviceProfileSelector
LogPluginManager: Mounting plugin AndroidMoviePlayer
LogPluginManager: Mounting plugin AndroidPermission
LogPluginManager: Mounting plugin AppleMoviePlayer
LogPluginManager: Mounting plugin ArchVisCharacter
LogPluginManager: Mounting plugin AudioCapture
LogPluginManager: Mounting plugin CableComponent
LogPluginManager: Mounting plugin CustomMeshComponent
LogPluginManager: Mounting plugin EditableMesh
LogPluginManager: Mounting plugin ExampleDeviceProfileSelector
LogPluginManager: Mounting plugin GoogleCloudMessaging
LogPluginManager: Mounting plugin ImmediatePhysics
LogPluginManager: Mounting plugin IOSDeviceProfileSelector
LogPluginManager: Mounting plugin LinuxDeviceProfileSelector
LogPluginManager: Mounting plugin LocationServicesBPLibrary
LogPluginManager: Mounting plugin MobilePatchingUtils
LogPluginManager: Mounting plugin OculusVR
LogPluginManager: Plugin shader directory ../../../Engine/Plugins/Runtime/Oculus/OculusVR/Shaders found
LogPluginManager: Mapping shader source directory ../../../Engine/Plugins/Runtime/Oculus/OculusVR/Shaders to virtual directory /Plugin/OculusVR
LogPluginManager: Mounting plugin PhysXVehicles
LogPluginManager: Mounting plugin ProceduralMeshComponent
LogPluginManager: Mounting plugin RuntimePhysXCooking
LogPluginManager: Mounting plugin SteamVR
LogPluginManager: Mounting plugin WindowsMoviePlayer
LogStreaming: Display: Took  0.298s to configure plugins.
LogInit: Using libcurl 7.55.1-DEV
LogInit:  - built for x86_64-pc-win32
LogInit:  - supports SSL with OpenSSL/1.0.2h
LogInit:  - supports HTTP deflate (compression) using libz 1.2.8
LogInit:  - other features:
LogInit:      CURL_VERSION_SSL
LogInit:      CURL_VERSION_LIBZ
LogInit:      CURL_VERSION_IPV6
LogInit:      CURL_VERSION_ASYNCHDNS
LogInit:      CURL_VERSION_LARGEFILE
LogInit:      CURL_VERSION_IDN
LogInit:  CurlRequestOptions (configurable via config and command line):
LogInit:  - bVerifyPeer = false  - Libcurl will NOT verify peer certificate
LogInit:  - bUseHttpProxy = false  - Libcurl will NOT use HTTP proxy
LogInit:  - bDontReuseConnections = false  - Libcurl will reuse connections
LogInit:  - CertBundlePath = nullptr  - Libcurl will use whatever was configured at build time.
LogInit:  - MaxHostConnections = 16  - Libcurl will limit the number of connections to a host
LogInit:  - LocalHostAddr = Default
LogInit:  - BufferSize = 65536
LogInit: WinSock: version 1.1 (2.2), MaxSocks=32767, MaxUdp=65467
LogInit: Build: ++UE4+Release-4.20-CL-4369336
LogInit: Engine Version: 4.20.3-4369336+++UE4+Release-4.20
LogInit: Compatible Engine Version: 4.20.0-4212847+++UE4+Release-4.20
LogInit: Net CL: 4212847
LogInit: OS: Windows 10 (), CPU: Intel(R) Xeon(R) CPU E5-1620 v3 @ 3.50GHz, GPU: NVIDIA GeForce GTX 970
LogInit: Compiled (64-bit): Sep 17 2018 12:26:19
LogInit: Compiled with Visual C++: 19.13.26129.00
LogInit: Build Configuration: Development
LogInit: Branch Name: ++UE4+Release-4.20
LogInit: Command Line:  -skipcompile
LogInit: Base Directory: C:/Epic/UE4/UE_4.20/Engine/Binaries/Win64/
LogInit: Installed Engine Build: 1
LogDevObjectVersion: Number of dev versions registered: 20
LogDevObjectVersion:   Dev-Blueprints (B0D832E4-1F89-4F0D-ACCF-7EB736FD4AA2): 10
LogDevObjectVersion:   Dev-Build (E1C64328-A22C-4D53-A36C-8E866417BD8C): 0
LogDevObjectVersion:   Dev-Core (375EC13C-06E4-48FB-B500-84F0262A717E): 2
LogDevObjectVersion:   Dev-Editor (E4B068ED-F494-42E9-A231-DA0B2E46BB41): 24
LogDevObjectVersion:   Dev-Framework (CFFC743F-43B0-4480-9391-14DF171D2073): 34
LogDevObjectVersion:   Dev-Mobile (B02B49B5-BB20-44E9-A304-32B752E40360): 2
LogDevObjectVersion:   Dev-Networking (A4E4105C-59A1-49B5-A7C5-40C4547EDFEE): 0
LogDevObjectVersion:   Dev-Online (39C831C9-5AE6-47DC-9A44-9C173E1C8E7C): 0
LogDevObjectVersion:   Dev-Physics (78F01B33-EBEA-4F98-B9B4-84EACCB95AA2): 0
LogDevObjectVersion:   Dev-Platform (6631380F-2D4D-43E0-8009-CF276956A95A): 0
LogDevObjectVersion:   Dev-Rendering (12F88B9F-8875-4AFC-A67C-D90C383ABD29): 26
LogDevObjectVersion:   Dev-Sequencer (7B5AE74C-D270-4C10-A958-57980B212A5A): 9
LogDevObjectVersion:   Dev-VR (D7296918-1DD6-4BDD-9DE2-64A83CC13884): 2
LogDevObjectVersion:   Dev-LoadTimes (C2A15278-BFE7-4AFE-6C17-90FF531DF755): 1
LogDevObjectVersion:   Private-Geometry (6EACA3D4-40EC-4CC1-B786-8BED09428FC5): 3
LogDevObjectVersion:   Dev-AnimPhys (29E575DD-E0A3-4627-9D10-D276232CDCEA): 17
LogDevObjectVersion:   Dev-ReflectionCapture (6B266CEC-1EC7-4B8F-A30B-E4D90942FC07): 1
LogDevObjectVersion:   Dev-Automation (0DF73D61-A23F-47EA-B727-89E90C41499A): 1
LogDevObjectVersion:   FortniteMain (601D1886-AC64-4F84-AA16-D3DE0DEAC7D6): 12
LogDevObjectVersion:   Dev-Enterprise (9DFFBCD6-494F-0158-E221-12823C92A888): 1
LogStreaming: Display: Took  0.018s to delete old logs.
LogInit: Presizing for max 8388607 objects, including 0 objects not considered by GC, pre-allocating 0 bytes for permanent pool.
LogInit: Object subsystem initialized
[2019.01.25-23.48.26:480][  0]LogInit: Selected Device Profile: [Windows]
[2019.01.25-23.48.26:480][  0]LogInit: Applying CVar settings loaded from the selected device profile: [Windows]
[2019.01.25-23.48.26:518][  0]LogHAL: Display: Platform has ~ 16 GB [17092038656 / 17179869184 / 16], which maps to Larger [LargestMinGB=32, LargerMinGB=12, DefaultMinGB=8, SmallerMinGB=6, SmallestMinGB=0)
[2019.01.25-23.48.26:518][  0]LogInit: Setting Device Profile CVar: [[r.Vulkan.UseRealUBs:1]]
[2019.01.25-23.48.26:518][  0]LogInit: Going up to parent DeviceProfile []
[2019.01.25-23.48.26:519][  0]LogInit: Computer: D102-12
[2019.01.25-23.48.26:519][  0]LogInit: User: c013767h
[2019.01.25-23.48.26:519][  0]LogInit: CPU Page size=4096, Cores=4
[2019.01.25-23.48.26:519][  0]LogInit: High frequency timer resolution =3.410070 MHz
[2019.01.25-23.48.26:519][  0]LogMemory: Memory total: Physical=15.9GB (16GB approx)
[2019.01.25-23.48.26:519][  0]LogMemory: Platform Memory Stats for Windows
[2019.01.25-23.48.26:519][  0]LogMemory: Process Physical Memory: 100.55 MB used, 100.55 MB peak
[2019.01.25-23.48.26:519][  0]LogMemory: Process Virtual Memory: 91.05 MB used, 91.05 MB peak
[2019.01.25-23.48.26:519][  0]LogMemory: Physical Memory: 6811.92 MB used,  9488.32 MB free, 16300.24 MB total
[2019.01.25-23.48.26:520][  0]LogMemory: Virtual Memory: 4640.35 MB used,  9488.32 MB free, 134217728.00 MB total
[2019.01.25-23.48.26:661][  0]LogInit: Using OS detected language (en-US).
[2019.01.25-23.48.26:662][  0]LogInit: Using OS detected locale (en-GB).
[2019.01.25-23.48.26:663][  0]LogTextLocalizationManager: No specific localization for 'en-US' exists, so the 'en' localization will be used.
[2019.01.25-23.48.27:084][  0]LogStreaming: Display: Took  0.423s to InitEngineTextLocalization.
[2019.01.25-23.48.27:084][  0]LogInit: Setting process to per monitor DPI aware
[2019.01.25-23.48.27:148][  0]LogSlate: New Slate User Created.  User Index 0, Is Virtual User: 0
[2019.01.25-23.48.27:148][  0]LogSlate: Slate User Registered.  User Index 0, Is Virtual User: 0
[2019.01.25-23.48.27:489][  0]LogHMD: Failed to initialize OpenVR with code 110
[2019.01.25-23.48.27:489][  0]LogD3D11RHI: D3D11 adapters:
[2019.01.25-23.48.27:584][  0]LogD3D11RHI:    0. 'NVIDIA GeForce GTX 970' (Feature Level 11_0)
[2019.01.25-23.48.27:584][  0]LogD3D11RHI:       4043/0/8150 MB DedicatedVideo/DedicatedSystem/SharedSystem, Outputs:2, VendorId:0x10de
[2019.01.25-23.48.27:590][  0]LogD3D11RHI:    1. 'Microsoft Basic Render Driver' (Feature Level 11_0)
[2019.01.25-23.48.27:590][  0]LogD3D11RHI:       0/0/8150 MB DedicatedVideo/DedicatedSystem/SharedSystem, Outputs:0, VendorId:0x1414
[2019.01.25-23.48.27:590][  0]LogD3D11RHI: Chosen D3D11 Adapter: 0
[2019.01.25-23.48.27:604][  0]LogD3D11RHI: Creating new Direct3DDevice
[2019.01.25-23.48.27:604][  0]LogD3D11RHI:     GPU DeviceId: 0x13c2 (for the marketing name, search the web for "GPU Device Id")
[2019.01.25-23.48.27:604][  0]LogWindows: EnumDisplayDevices:
[2019.01.25-23.48.27:604][  0]LogWindows:    0. 'NVIDIA GeForce GTX 970' (P:1 D:1)
[2019.01.25-23.48.27:605][  0]LogWindows:    1. 'NVIDIA GeForce GTX 970' (P:0 D:1)
[2019.01.25-23.48.27:605][  0]LogWindows:    2. 'NVIDIA GeForce GTX 970' (P:0 D:0)
[2019.01.25-23.48.27:606][  0]LogWindows:    3. 'NVIDIA GeForce GTX 970' (P:0 D:0)
[2019.01.25-23.48.27:606][  0]LogWindows: DebugString: FoundDriverCount:4 
[2019.01.25-23.48.27:606][  0]LogD3D11RHI:     Adapter Name: NVIDIA GeForce GTX 970
[2019.01.25-23.48.27:606][  0]LogD3D11RHI:   Driver Version: 398.82 (internal:24.21.13.9882, unified:398.82)
[2019.01.25-23.48.27:606][  0]LogD3D11RHI:      Driver Date: 7-30-2018
[2019.01.25-23.48.27:606][  0]LogRHI: Texture pool is 2830 MB (70% of 4043 MB)
[2019.01.25-23.48.27:661][  0]LogD3D11RHI: Async texture creation enabled
[2019.01.25-23.48.27:678][  0]LogD3D11RHI: GPU Timing Frequency: 1000.000000 (Debug: 2 2)
[2019.01.25-23.48.27:681][  0]LogShaderCompilers: Guid format shader working directory is -15 characters bigger than the processId version (../../../../../../Users/c013767h/Documents/GitHub/HomeIs/HomeIs/Intermediate/Shaders/WorkingDirectory/15412/).
[2019.01.25-23.48.27:682][  0]LogShaderCompilers: Cleaned the shader compiler working directory 'C:/Users/c013767h/AppData/Local/Temp/UnrealShaderWorkingDir/2FB06C84468D93FC43A32E8975A441DD/'.
[2019.01.25-23.48.27:997][  0]LogTemp: Display: Loaded TP AllDesktopTargetPlatform
[2019.01.25-23.48.28:016][  0]LogTemp: Display: Loaded TP MacClientTargetPlatform
[2019.01.25-23.48.28:034][  0]LogTemp: Display: Loaded TP MacNoEditorTargetPlatform
[2019.01.25-23.48.28:053][  0]LogTemp: Display: Loaded TP MacServerTargetPlatform
[2019.01.25-23.48.28:072][  0]LogTemp: Display: Loaded TP MacTargetPlatform
[2019.01.25-23.48.28:091][  0]LogTemp: Display: Loaded TP WindowsClientTargetPlatform
[2019.01.25-23.48.28:109][  0]LogTemp: Display: Loaded TP WindowsNoEditorTargetPlatform
[2019.01.25-23.48.28:128][  0]LogTemp: Display: Loaded TP WindowsServerTargetPlatform
[2019.01.25-23.48.28:139][  0]LogTemp: Display: Loaded TP WindowsTargetPlatform
[2019.01.25-23.48.28:232][  0]LogTemp: Display: Loaded TP AndroidTargetPlatform
[2019.01.25-23.48.28:232][  0]LogTemp: Display: Loaded TP AndroidTargetPlatform
[2019.01.25-23.48.28:232][  0]LogTemp: Display: Loaded TP AndroidTargetPlatform
[2019.01.25-23.48.28:232][  0]LogTemp: Display: Loaded TP AndroidTargetPlatform
[2019.01.25-23.48.28:232][  0]LogTemp: Display: Loaded TP AndroidTargetPlatform
[2019.01.25-23.48.28:232][  0]LogTemp: Display: Loaded TP AndroidTargetPlatform
[2019.01.25-23.48.28:232][  0]LogTemp: Display: Loaded TP AndroidTargetPlatform
[2019.01.25-23.48.28:232][  0]LogTemp: Display: Loaded TP AndroidTargetPlatform
[2019.01.25-23.48.28:232][  0]LogTemp: Display: Loaded TP AndroidTargetPlatform
[2019.01.25-23.48.28:233][  0]LogTemp: Display: Loaded TP AndroidTargetPlatform
[2019.01.25-23.48.28:233][  0]LogTemp: Display: Loaded TP AndroidTargetPlatform
[2019.01.25-23.48.28:233][  0]LogTemp: Display: Loaded TP AndroidTargetPlatform
[2019.01.25-23.48.28:233][  0]LogTemp: Display: Loaded TP AndroidTargetPlatform
[2019.01.25-23.48.28:233][  0]LogTemp: Display: Loaded TP AndroidTargetPlatform
[2019.01.25-23.48.28:233][  0]LogTemp: Display: Loaded TP AndroidTargetPlatform
[2019.01.25-23.48.28:233][  0]LogTemp: Display: Loaded TP AndroidTargetPlatform
[2019.01.25-23.48.28:233][  0]LogTemp: Display: Loaded TP AndroidTargetPlatform
[2019.01.25-23.48.28:234][  0]LogTemp: Display: Loaded TP AndroidTargetPlatform
[2019.01.25-23.48.28:243][  0]LogTemp: Display: Loaded TP HTML5TargetPlatform
[2019.01.25-23.48.28:324][  0]LogTemp: Display: Loaded TP IOSTargetPlatform
[2019.01.25-23.48.28:324][  0]LogTemp: Display: Loaded TP IOSTargetPlatform
[2019.01.25-23.48.28:360][  0]LogTemp: Display: Loaded TP TVOSTargetPlatform
[2019.01.25-23.48.28:360][  0]LogTemp: Display: Loaded TP TVOSTargetPlatform
[2019.01.25-23.48.28:380][  0]LogTemp: Display: Loaded TP LinuxClientTargetPlatform
[2019.01.25-23.48.28:401][  0]LogTemp: Display: Loaded TP LinuxNoEditorTargetPlatform
[2019.01.25-23.48.28:422][  0]LogTemp: Display: Loaded TP LinuxServerTargetPlatform
[2019.01.25-23.48.28:454][  0]LogTemp: Display: Loaded TP LinuxTargetPlatform
[2019.01.25-23.48.28:470][  0]LogTemp: Display: Loaded TP LuminTargetPlatform
[2019.01.25-23.48.28:470][  0]LogTargetPlatformManager: Display: Building Assets For Windows
[2019.01.25-23.48.28:655][  0]LogXGEController: Cleaning working directory: C:/Users/c013767h/AppData/Local/Temp/UnrealXGEWorkingDir/
[2019.01.25-23.48.28:656][  0]LogXGEController: Cannot use XGE Controller as Incredibuild is not installed on this machine.
[2019.01.25-23.48.28:656][  0]LogShaderCompilers: Cannot use XGE Shader Compiler as Incredibuild is not installed on this machine.
[2019.01.25-23.48.28:656][  0]LogShaderCompilers: Display: Using Local Shader Compiler.
[2019.01.25-23.48.29:766][  0]LogDerivedDataCache: Display: Max Cache Size: 512 MB
[2019.01.25-23.48.29:873][  0]LogDerivedDataCache: Loaded boot cache 0.11s 73MB C:/Users/c013767h/AppData/Local/UnrealEngine/4.20/DerivedDataCache/Boot.ddc.
[2019.01.25-23.48.29:874][  0]LogDerivedDataCache: Display: Loaded Boot cache: C:/Users/c013767h/AppData/Local/UnrealEngine/4.20/DerivedDataCache/Boot.ddc
[2019.01.25-23.48.29:875][  0]LogDerivedDataCache: FDerivedDataBackendGraph:  Pak pak cache file ../../../../../../Users/c013767h/Documents/GitHub/HomeIs/HomeIs/DerivedDataCache/DDC.ddp not found, will not use a pak cache.
[2019.01.25-23.48.29:875][  0]LogDerivedDataCache: Unable to find inner node Pak for hierarchical cache Hierarchy.
[2019.01.25-23.48.29:875][  0]LogDerivedDataCache: FDerivedDataBackendGraph:  CompressedPak pak cache file ../../../../../../Users/c013767h/Documents/GitHub/HomeIs/HomeIs/DerivedDataCache/Compressed.ddp not found, will not use a pak cache.
[2019.01.25-23.48.29:875][  0]LogDerivedDataCache: Unable to find inner node CompressedPak for hierarchical cache Hierarchy.
[2019.01.25-23.48.29:896][  0]LogDerivedDataCache: Display: Pak cache opened for reading ../../../Engine/DerivedDataCache/Compressed.ddp.
[2019.01.25-23.48.29:910][  0]LogDerivedDataCache: Using Local data cache path C:/Users/c013767h/AppData/Local/UnrealEngine/Common/DerivedDataCache: Writable
[2019.01.25-23.48.29:910][  0]LogDerivedDataCache: Shared data cache path not found in *engine.ini, will not use an Shared cache.
[2019.01.25-23.48.29:910][  0]LogDerivedDataCache: Unable to find inner node Shared for hierarchical cache Hierarchy.
[2019.01.25-23.48.29:931][  0]LogMaterial: Verifying Global Shaders for PCD3D_SM5
[2019.01.25-23.48.29:933][  0]LogSlate: Using FreeType 2.6.0
[2019.01.25-23.48.29:935][  0]LogSlate: SlateFontServices - WITH_FREETYPE: 1, WITH_HARFBUZZ: 1
[2019.01.25-23.48.30:043][  0]LogAssetRegistry: FAssetRegistry took 0.0321 seconds to start up
[2019.01.25-23.48.30:540][  0]LogInit: Selected Device Profile: [Windows]
[2019.01.25-23.48.30:733][  0]LogSimplygon: Simplygon DLL not present - disabling.
[2019.01.25-23.48.30:745][  0]LogMeshReduction: Using SimplygonSwarm for distributed automatic mesh merging
[2019.01.25-23.48.30:745][  0]LogMeshReduction: Using ProxyLODMeshReduction for automatic mesh merging
[2019.01.25-23.48.30:745][  0]LogMeshReduction: Using QuadricMeshReduction for automatic static mesh reduction
[2019.01.25-23.48.30:745][  0]LogMeshReduction: No automatic skeletal mesh reduction module available
[2019.01.25-23.48.30:770][  0]LogNetVersion: HomeIs 1.0.0, NetCL: 4212847, EngineNetVer: 5, GameNetVer: 0 (Checksum: 4178729889)
[2019.01.25-23.48.31:642][  0]LogPackageLocalizationCache: Processed 11 localized package path(s) for 2 prioritized culture(s) in 0.276368 seconds
[2019.01.25-23.48.31:649][  0]LogUObjectArray: 38425 objects as part of root set at end of initial load.
[2019.01.25-23.48.31:649][  0]LogUObjectAllocator: 6690864 out of 0 bytes used by permanent object pool.
[2019.01.25-23.48.31:649][  0]LogUObjectArray: CloseDisregardForGC: 0/0 objects in disregard for GC pool
[2019.01.25-23.48.32:886][  0]LogTcpMessaging: Initializing TcpMessaging bridge
[2019.01.25-23.48.32:904][  0]LogUdpMessaging: Initializing bridge on interface 0.0.0.0:0 to multicast group 230.0.0.1:6666.
[2019.01.25-23.48.33:412][  0]SourceControl: Source control is disabled
[2019.01.25-23.48.33:412][  0]SourceControl: Source control is disabled
[2019.01.25-23.48.33:416][  0]SourceControl: Source control is disabled
[2019.01.25-23.48.33:418][  0]SourceControl: Source control is disabled
[2019.01.25-23.48.33:735][  0]LogAndroidPermission: UAndroidPermissionCallbackProxy::GetInstance
[2019.01.25-23.48.33:843][  0]LogOcInput: OculusInput pre-init called
[2019.01.25-23.48.33:926][  0]LogEngine: Initializing Engine...
[2019.01.25-23.48.33:927][  0]LogHMD: Failed to initialize OpenVR with code 110
[2019.01.25-23.48.33:931][  0]LogStats: UGameplayTagsManager::ConstructGameplayTagTree: ImportINI prefixes -  0.000 s
[2019.01.25-23.48.33:931][  0]LogStats: UGameplayTagsManager::ConstructGameplayTagTree: Construct from data asset -  0.000 s
[2019.01.25-23.48.33:932][  0]LogStats: UGameplayTagsManager::ConstructGameplayTagTree: ImportINI -  0.001 s
[2019.01.25-23.48.33:932][  0]LogStats: UGameplayTagsManager::ConstructGameplayTagTree: GameplayTagTreeChangedEvent.Broadcast -  0.000 s
[2019.01.25-23.48.34:232][  0]LogInit: Initializing FReadOnlyCVARCache
[2019.01.25-23.48.34:260][  0]LogAIModule: Creating AISystem for world Untitled
[2019.01.25-23.48.34:275][  0]LogInit: XAudio2 using 'Speakers (Realtek High Definition Audio)' : 2 channels at 48 kHz using 32 bits per sample (channel mask 0x3)
[2019.01.25-23.48.34:321][  0]LogInit: FAudioDevice initialized.
[2019.01.25-23.48.34:322][  0]LogNetVersion: Set ProjectVersion to 1.0.0.0. Version Checksum will be recalculated on next use.
[2019.01.25-23.48.34:423][  0]LogDerivedDataCache: Saved boot cache 0.10s 73MB C:/Users/c013767h/AppData/Local/UnrealEngine/4.20/DerivedDataCache/Boot.ddc.
[2019.01.25-23.48.34:428][  0]LogInit: Texture streaming: Enabled
[2019.01.25-23.48.34:465][  0]LogEngineSessionManager: EngineSessionManager initialized
[2019.01.25-23.48.34:494][  0]LogInit: Transaction tracking system initialized
[2019.01.25-23.48.34:554][  0]BlueprintLog: New page: Editor Load
[2019.01.25-23.48.34:798][  0]LocalizationService: Localization service is disabled
[2019.01.25-23.48.35:176][  0]LogCook: Display: Max memory allowance for cook 16384mb min free memory 0mb
[2019.01.25-23.48.35:177][  0]LogCook: Display: Mobile HDR setting 1
[2019.01.25-23.48.35:177][  0]LogGameplayTags: Display: UGameplayTagsManager::DoneAddingNativeTags. DelegateIsBound: 0
[2019.01.25-23.48.35:177][  0]LogStats: UGameplayTagsManager::ConstructGameplayTagTree: ImportINI prefixes -  0.000 s
[2019.01.25-23.48.35:177][  0]LogStats: UGameplayTagsManager::ConstructGameplayTagTree: Construct from data asset -  0.000 s
[2019.01.25-23.48.35:177][  0]LogStats: UGameplayTagsManager::ConstructGameplayTagTree: ImportINI -  0.000 s
[2019.01.25-23.48.35:177][  0]LogStats: UGameplayTagsManager::ConstructGameplayTagTree: GameplayTagTreeChangedEvent.Broadcast -  0.000 s
[2019.01.25-23.48.35:426][  0]LogFileCache: Scanning file cache for directory 'C:/Users/c013767h/Documents/GitHub/HomeIs/HomeIs/Content/' took 0.03s
[2019.01.25-23.48.35:426][  0]SourceControl: Source control is disabled
[2019.01.25-23.48.35:426][  0]Cmd: MAP LOAD FILE="../../../../../../Users/c013767h/Documents/GitHub/HomeIs/HomeIs/Content/FirstPersonCPP/Maps/FirstPersonExampleMap.umap" TEMPLATE=0 SHOWPROGRESS=1 FEATURELEVEL=3
[2019.01.25-23.48.35:427][  0]LightingResults: New page: Lighting Build
[2019.01.25-23.48.35:432][  0]MapCheck: New page: Map Check
[2019.01.25-23.48.35:432][  0]LightingResults: New page: Lighting Build
[2019.01.25-23.48.35:711][  0]LogAIModule: Creating AISystem for world FirstPersonExampleMap
[2019.01.25-23.48.35:736][  0]LogEditorServer: Finished looking for orphan Actors (0.000 secs)
[2019.01.25-23.48.35:760][  0]Cmd: MAP CHECKDEP NOCLEARLOG
[2019.01.25-23.48.35:978][  0]MapCheck: Map check complete: 0 Error(s), 0 Warning(s), took 219.474ms to complete.
[2019.01.25-23.48.35:979][  0]LogFileHelpers: Loading map 'FirstPersonExampleMap' took 0.553
[2019.01.25-23.48.36:133][  0]LogSlate: Updating window title bar state: overlay mode, drag disabled, window buttons hidden, title bar hidden
[2019.01.25-23.48.36:140][  0]LogSlate: Updating window title bar state: overlay mode, drag disabled, window buttons hidden, title bar hidden
[2019.01.25-23.48.36:147][  0]LogSlate: Updating window title bar state: overlay mode, drag disabled, window buttons hidden, title bar hidden
[2019.01.25-23.48.36:154][  0]LogSlate: Updating window title bar state: overlay mode, drag disabled, window buttons hidden, title bar hidden
[2019.01.25-23.48.36:166][  0]LogCollectionManager: Loaded 0 collections in 0.003498 seconds
[2019.01.25-23.48.36:220][  0]LogFileCache: Scanning file cache for directory 'C:/Users/c013767h/Documents/GitHub/HomeIs/HomeIs/Saved/Collections/' took 0.01s
[2019.01.25-23.48.36:221][  0]LogFileCache: Scanning file cache for directory 'C:/Users/c013767h/Documents/GitHub/HomeIs/HomeIs/Content/Developers/c013767h/Collections/' took 0.01s
[2019.01.25-23.48.36:221][  0]LogFileCache: Scanning file cache for directory 'C:/Users/c013767h/Documents/GitHub/HomeIs/HomeIs/Content/Collections/' took 0.01s
[2019.01.25-23.48.36:221][  0]LogCollectionManager: Rebuilt the GUID cache for 0 collections in 0.000000 seconds
[2019.01.25-23.48.36:233][  0]LogContentBrowser: Native class hierarchy populated in 0.0114 seconds. Added 2578 classes and 605 folders.
[2019.01.25-23.48.36:245][  0]LogContentBrowser: Native class hierarchy updated for 'WidgetCarousel' in 0.0005 seconds. Added 0 classes and 0 folders.
[2019.01.25-23.48.36:334][  0]LogContentBrowser: Native class hierarchy updated for 'AddContentDialog' in 0.0005 seconds. Added 0 classes and 0 folders.
[2019.01.25-23.48.36:346][  0]LogContentBrowser: Native class hierarchy updated for 'SceneOutliner' in 0.0006 seconds. Added 1 classes and 2 folders.
[2019.01.25-23.48.36:413][  0]LogContentBrowser: Native class hierarchy updated for 'HierarchicalLODOutliner' in 0.0005 seconds. Added 0 classes and 0 folders.
[2019.01.25-23.48.36:413][  0]LogLoad: (Engine Initialization) Total time: 13.64 seconds
[2019.01.25-23.48.36:414][  0]LogLoad: (Engine Initialization) Total Blueprint compile time: 0.00 seconds
[2019.01.25-23.48.36:424][  0]LogWindowsTextInputMethodSystem: Display: IME system now deactivated.
[2019.01.25-23.48.36:446][  0]LogContentStreaming: Texture pool size now 1000 MB
[2019.01.25-23.48.36:448][  0]LogSlate: Took 0.000222 seconds to synchronously load lazily loaded font '../../../Engine/Content/Slate/Fonts/Roboto-Regular.ttf' (155K)
[2019.01.25-23.48.36:449][  0]LogSlate: Took 0.000191 seconds to synchronously load lazily loaded font '../../../Engine/Content/Slate/Fonts/Roboto-Bold.ttf' (160K)
[2019.01.25-23.48.36:454][  0]LogSlate: Took 0.000252 seconds to synchronously load lazily loaded font '../../../Engine/Content/Editor/Slate/Fonts/FontAwesome.ttf' (139K)
[2019.01.25-23.48.36:455][  0]LogSlate: Took 0.000170 seconds to synchronously load lazily loaded font '../../../Engine/Content/Slate/Fonts/DroidSansMono.ttf' (77K)
[2019.01.25-23.48.36:603][  0]LogRenderer: Reallocating scene render targets to support 804x360 Format 10 NumSamples 1 (Frame:1).
[2019.01.25-23.48.36:723][  1]LogAssetRegistry: Asset discovery search completed in 6.7073 seconds
[2019.01.25-23.48.36:726][  1]LogCollectionManager: Rebuilt the object cache for 0 collections in 0.000001 seconds (found 0 objects)
[2019.01.25-23.48.36:726][  1]LogCollectionManager: Fixed up redirectors for 0 collections in 0.000336 seconds (updated 0 objects)
[2019.01.25-23.48.38:367][141]LogRenderer: Reallocating scene render targets to support 1208x576 Format 10 NumSamples 1 (Frame:4).
[2019.01.25-23.48.41:069][459]LogSlate: FSceneViewport::OnFocusLost() reason 0
[2019.01.25-23.48.41:135][467]LogTemp: Repeating last play command: Selected Viewport
[2019.01.25-23.48.41:156][467]LogBlueprintUserMessages: Early PlayInEditor Detection: Level '/Game/FirstPersonCPP/Maps/FirstPersonExampleMap.FirstPersonExampleMap:PersistentLevel' has LevelScriptBlueprint '/Game/FirstPersonCPP/Maps/FirstPersonExampleMap.FirstPersonExampleMap:PersistentLevel.FirstPersonExampleMap' with GeneratedClass '/Game/FirstPersonCPP/Maps/FirstPersonExampleMap.FirstPersonExampleMap_C' with ClassGeneratedBy '/Game/FirstPersonCPP/Maps/FirstPersonExampleMap.FirstPersonExampleMap:PersistentLevel.FirstPersonExampleMap'
[2019.01.25-23.48.41:157][467]LogPlayLevel: PlayLevel: No blueprints needed recompiling
[2019.01.25-23.48.41:172][467]PIE: New page: PIE session: FirstPersonExampleMap (25 Jan 2019 23:48:41)
[2019.01.25-23.48.41:172][467]LogPlayLevel: Creating play world package: /Game/FirstPersonCPP/Maps/UEDPIE_0_FirstPersonExampleMap
[2019.01.25-23.48.41:201][467]LogPlayLevel: PIE: StaticDuplicateObject took: (0.028912s)
[2019.01.25-23.48.41:202][467]LogAIModule: Creating AISystem for world FirstPersonExampleMap
[2019.01.25-23.48.41:203][467]LogPlayLevel: PIE: World Init took: (0.001247s)
[2019.01.25-23.48.41:203][467]LogPlayLevel: PIE: Created PIE world by copying editor world from /Game/FirstPersonCPP/Maps/FirstPersonExampleMap.FirstPersonExampleMap to /Game/FirstPersonCPP/Maps/UEDPIE_0_FirstPersonExampleMap.FirstPersonExampleMap (0.031006s)
[2019.01.25-23.48.41:233][467]LogInit: XAudio2 using 'Speakers (Realtek High Definition Audio)' : 2 channels at 48 kHz using 32 bits per sample (channel mask 0x3)
[2019.01.25-23.48.41:249][467]LogInit: FAudioDevice initialized.
[2019.01.25-23.48.41:297][467]LogLoad: Game class is 'HomeIsGameMode'
[2019.01.25-23.48.41:300][467]LogWorld: Bringing World /Game/FirstPersonCPP/Maps/UEDPIE_0_FirstPersonExampleMap.FirstPersonExampleMap up for play (max tick rate 0) at 2019.01.25-23.48.41
[2019.01.25-23.48.41:301][467]LogWorld: Bringing up level for play took: 0.002736
[2019.01.25-23.48.41:329][467]LogContentBrowser: Native class hierarchy updated for 'MovieSceneCapture' in 0.0006 seconds. Added 10 classes and 0 folders.
[2019.01.25-23.48.41:330][467]PIE: Play in editor start time for /Game/FirstPersonCPP/Maps/UEDPIE_0_FirstPersonExampleMap 0.768
[2019.01.25-23.48.41:330][467]LogBlueprintUserMessages: Late PlayInEditor Detection: Level '/Game/FirstPersonCPP/Maps/FirstPersonExampleMap.FirstPersonExampleMap:PersistentLevel' has LevelScriptBlueprint '/Game/FirstPersonCPP/Maps/FirstPersonExampleMap.FirstPersonExampleMap:PersistentLevel.FirstPersonExampleMap' with GeneratedClass '/Game/FirstPersonCPP/Maps/FirstPersonExampleMap.FirstPersonExampleMap_C' with ClassGeneratedBy '/Game/FirstPersonCPP/Maps/FirstPersonExampleMap.FirstPersonExampleMap:PersistentLevel.FirstPersonExampleMap'
[2019.01.25-23.48.42:101][554]LogTemp: Warning: 1
[2019.01.25-23.48.42:102][554]LogTemp: Warning: 2FirstPersonCharacter_C_0
[2019.01.25-23.48.42:778][635]LogTemp: Warning: 1
[2019.01.25-23.48.42:778][635]LogTemp: Warning: 2FirstPersonCharacter_C_0
[2019.01.25-23.48.42:945][655]LogTemp: Warning: 1
[2019.01.25-23.48.42:945][655]LogTemp: Warning: 2FirstPersonCharacter_C_0
[2019.01.25-23.48.43:245][691]LogTemp: Warning: 1
[2019.01.25-23.48.43:245][691]LogTemp: Warning: 2FirstPersonCharacter_C_0
[2019.01.25-23.48.43:478][719]LogTemp: Warning: 1
[2019.01.25-23.48.43:478][719]LogTemp: Warning: 2FirstPersonCharacter_C_0
[2019.01.25-23.48.43:745][751]LogTemp: Warning: 1
[2019.01.25-23.48.43:745][751]LogTemp: Warning: 2FirstPersonCharacter_C_0
[2019.01.25-23.48.44:102][794]LogTemp: Warning: 1
[2019.01.25-23.48.44:103][794]LogTemp: Warning: 2FirstPersonCharacter_C_0
[2019.01.25-23.48.44:328][821]LogTemp: Warning: 1
[2019.01.25-23.48.44:329][821]LogTemp: Warning: 2FirstPersonCharacter_C_0
[2019.01.25-23.48.44:720][868]LogTemp: Warning: 1
[2019.01.25-23.48.44:720][868]LogTemp: Warning: 2FirstPersonCharacter_C_0
[2019.01.25-23.48.44:945][895]LogTemp: Warning: 1
[2019.01.25-23.48.44:945][895]LogTemp: Warning: 2FirstPersonCharacter_C_0
[2019.01.25-23.48.45:453][956]LogTemp: Warning: 1
[2019.01.25-23.48.45:454][956]LogTemp: Warning: 2FirstPersonCharacter_C_0
[2019.01.25-23.48.45:678][983]LogTemp: Warning: 1
[2019.01.25-23.48.45:678][983]LogTemp: Warning: 2FirstPersonCharacter_C_0
[2019.01.25-23.48.46:052][ 28]LogTemp: Warning: 1
[2019.01.25-23.48.46:053][ 28]LogTemp: Warning: 2FirstPersonCharacter_C_0
[2019.01.25-23.48.46:244][ 51]LogTemp: Warning: 1
[2019.01.25-23.48.46:244][ 51]LogTemp: Warning: 2FirstPersonCharacter_C_0
[2019.01.25-23.48.46:454][ 76]LogBlueprintUserMessages: Early EndPlayMap Detection: Level '/Game/FirstPersonCPP/Maps/FirstPersonExampleMap.FirstPersonExampleMap:PersistentLevel' has LevelScriptBlueprint '/Game/FirstPersonCPP/Maps/FirstPersonExampleMap.FirstPersonExampleMap:PersistentLevel.FirstPersonExampleMap' with GeneratedClass '/Game/FirstPersonCPP/Maps/FirstPersonExampleMap.FirstPersonExampleMap_C' with ClassGeneratedBy '/Game/FirstPersonCPP/Maps/FirstPersonExampleMap.FirstPersonExampleMap:PersistentLevel.FirstPersonExampleMap'
[2019.01.25-23.48.46:455][ 76]LogSlate: Updating window title bar state: overlay mode, drag disabled, window buttons hidden, title bar hidden
[2019.01.25-23.48.46:489][ 76]LogPlayLevel: Display: Shutting down PIE online subsystems
[2019.01.25-23.48.46:490][ 76]LogBlueprintUserMessages: Late EndPlayMap Detection: Level '/Game/FirstPersonCPP/Maps/FirstPersonExampleMap.FirstPersonExampleMap:PersistentLevel' has LevelScriptBlueprint '/Game/FirstPersonCPP/Maps/FirstPersonExampleMap.FirstPersonExampleMap:PersistentLevel.FirstPersonExampleMap' with GeneratedClass '/Game/FirstPersonCPP/Maps/FirstPersonExampleMap.FirstPersonExampleMap_C' with ClassGeneratedBy '/Game/FirstPersonCPP/Maps/FirstPersonExampleMap.FirstPersonExampleMap:PersistentLevel.FirstPersonExampleMap'
[2019.01.25-23.48.46:515][ 76]LogSlate: Updating window title bar state: overlay mode, drag disabled, window buttons hidden, title bar hidden
[2019.01.25-23.48.46:555][ 78]LogPlayLevel: Display: Destroying online subsystem :Context_1
[2019.01.25-23.48.57:027][311]LogSlate: FSceneViewport::OnFocusLost() reason 0
[2019.01.25-23.48.57:118][319]Candidate modules for hot reload:
[2019.01.25-23.48.57:118][319]  HomeIs
[2019.01.25-23.48.57:119][319]Launching UnrealBuildTool... [C:/Epic/UE4/UE_4.20/Engine/Binaries/DotNET/UnrealBuildTool.exe  -ModuleWithSuffix=HomeIs,9402 Win64 Development -TargetType=Editor -Project="../../../../../../Users/c013767h/Documents/GitHub/HomeIs/HomeIs/HomeIs.uproject" -canskiplink "C:/Users/c013767h/Documents/GitHub/HomeIs/HomeIs/HomeIs.uproject" ]
[2019.01.25-23.48.57:125][319]Warning: Starting HotReload took  0.0s.
[2019.01.25-23.49.11:026][986]CompilerResultsLog: New page: Compilation - 25 Jan 2019 23:49:11
[2019.01.25-23.49.11:027][986]CompilerResultsLog: Using 'git status' to determine working set for adaptive non-unity build.
[2019.01.25-23.49.11:027][986]CompilerResultsLog: Creating makefile for hot reloading HomeIsEditor (ini files are newer than UBTMakefile)
[2019.01.25-23.49.11:027][986]CompilerResultsLog: Compiling game modules for hot reload
[2019.01.25-23.49.11:027][986]CompilerResultsLog: Using Visual Studio 2017 14.14.26428 toolchain (C:\Program Files (x86)\Microsoft Visual Studio\2017\Professional\VC\Tools\MSVC\14.14.26428) and Windows 10.0.17134.0 SDK (C:\Program Files (x86)\Windows Kits\10).
[2019.01.25-23.49.11:028][986]CompilerResultsLog: Building 3 actions with 8 processes...
[2019.01.25-23.49.11:028][986]CompilerResultsLog:   [1/3] HomeIsCharacter.cpp
[2019.01.25-23.49.11:028][986]CompilerResultsLog:   C:\Users\c013767h\Documents\GitHub\HomeIs\HomeIs\Source\HomeIs\HomeIsCharacter.cpp(163): warning C4996: 'FCollisionQueryParams::FCollisionQueryParams': FCollisionQueryParams, to avoid ambiguity, please use other constructor and explicitly provide an FName parameter (not just a string literal) as the first parameter Please update your code to the new API before upgrading to the next release, otherwise your project will no longer compile.
[2019.01.25-23.49.11:029][986]CompilerResultsLog:   c:\epic\ue4\ue_4.20\engine\source\runtime\engine\public\CollisionQueryParams.h(135): note: see declaration of 'FCollisionQueryParams::FCollisionQueryParams'
[2019.01.25-23.49.11:029][986]CompilerResultsLog:   [2/3] UE4Editor-HomeIs-9402.lib
[2019.01.25-23.49.11:029][986]CompilerResultsLog:      Creating library C:\Users\c013767h\Documents\GitHub\HomeIs\HomeIs\Intermediate\Build\Win64\UE4Editor\Development\HomeIs\UE4Editor-HomeIs-9402.lib and object C:\Users\c013767h\Documents\GitHub\HomeIs\HomeIs\Intermediate\Build\Win64\UE4Editor\Development\HomeIs\UE4Editor-HomeIs-9402.exp
[2019.01.25-23.49.11:030][986]CompilerResultsLog:   [3/3] UE4Editor-HomeIs-9402.dll
[2019.01.25-23.49.11:030][986]CompilerResultsLog:      Creating library C:\Users\c013767h\Documents\GitHub\HomeIs\HomeIs\Intermediate\Build\Win64\UE4Editor\Development\HomeIs\UE4Editor-HomeIs-9402.suppressed.lib and object C:\Users\c013767h\Documents\GitHub\HomeIs\HomeIs\Intermediate\Build\Win64\UE4Editor\Development\HomeIs\UE4Editor-HomeIs-9402.suppressed.exp
[2019.01.25-23.49.11:030][986]CompilerResultsLog: Total build time: 13.56 seconds (Parallel executor: 3.80 seconds)
[2019.01.25-23.49.11:030][986]LogMainFrame: MainFrame: Module compiling took 13.920 seconds
[2019.01.25-23.49.11:102][986]LogClass: Type HotReload.
[2019.01.25-23.49.11:108][986]LogContentBrowser: Native class hierarchy updated for 'HomeIs' in 0.0007 seconds. Added 6 classes and 2 folders.
[2019.01.25-23.49.11:112][986]Display: HotReload successful (1 functions remapped  0 scriptstructs remapped)
[2019.01.25-23.49.11:265][986]LogContentBrowser: Native class hierarchy populated in 0.0143 seconds. Added 2579 classes and 607 folders.
[2019.01.25-23.49.11:266][986]Display: HotReload took 14.2s.
[2019.01.25-23.49.12:450][128]LogTemp: Repeating last play command: Selected Viewport
[2019.01.25-23.49.12:468][128]LogBlueprintUserMessages: Early PlayInEditor Detection: Level '/Game/FirstPersonCPP/Maps/FirstPersonExampleMap.FirstPersonExampleMap:PersistentLevel' has LevelScriptBlueprint '/Game/FirstPersonCPP/Maps/FirstPersonExampleMap.FirstPersonExampleMap:PersistentLevel.FirstPersonExampleMap' with GeneratedClass '/Game/FirstPersonCPP/Maps/FirstPersonExampleMap.FirstPersonExampleMap_C' with ClassGeneratedBy '/Game/FirstPersonCPP/Maps/FirstPersonExampleMap.FirstPersonExampleMap:PersistentLevel.FirstPersonExampleMap'
[2019.01.25-23.49.12:469][128]LogPlayLevel: PlayLevel: No blueprints needed recompiling
[2019.01.25-23.49.12:469][128]PIE: New page: PIE session: FirstPersonExampleMap (25 Jan 2019 23:49:12)
[2019.01.25-23.49.12:470][128]LogPlayLevel: Creating play world package: /Game/FirstPersonCPP/Maps/UEDPIE_0_FirstPersonExampleMap
[2019.01.25-23.49.12:485][128]LogPlayLevel: PIE: StaticDuplicateObject took: (0.014692s)
[2019.01.25-23.49.12:485][128]LogAIModule: Creating AISystem for world FirstPersonExampleMap
[2019.01.25-23.49.12:486][128]LogPlayLevel: PIE: World Init took: (0.001428s)
[2019.01.25-23.49.12:487][128]LogPlayLevel: PIE: Created PIE world by copying editor world from /Game/FirstPersonCPP/Maps/FirstPersonExampleMap.FirstPersonExampleMap to /Game/FirstPersonCPP/Maps/UEDPIE_0_FirstPersonExampleMap.FirstPersonExampleMap (0.016980s)
[2019.01.25-23.49.12:519][128]LogInit: XAudio2 using 'Speakers (Realtek High Definition Audio)' : 2 channels at 48 kHz using 32 bits per sample (channel mask 0x3)
[2019.01.25-23.49.12:533][128]LogInit: FAudioDevice initialized.
[2019.01.25-23.49.12:567][128]LogLoad: Game class is 'HomeIsGameMode'
[2019.01.25-23.49.12:570][128]LogWorld: Bringing World /Game/FirstPersonCPP/Maps/UEDPIE_0_FirstPersonExampleMap.FirstPersonExampleMap up for play (max tick rate 0) at 2019.01.25-23.49.12
[2019.01.25-23.49.12:570][128]LogWorld: Bringing up level for play took: 0.002150
[2019.01.25-23.49.12:584][128]PIE: Play in editor start time for /Game/FirstPersonCPP/Maps/UEDPIE_0_FirstPersonExampleMap 0.022
[2019.01.25-23.49.12:585][128]LogBlueprintUserMessages: Late PlayInEditor Detection: Level '/Game/FirstPersonCPP/Maps/FirstPersonExampleMap.FirstPersonExampleMap:PersistentLevel' has LevelScriptBlueprint '/Game/FirstPersonCPP/Maps/FirstPersonExampleMap.FirstPersonExampleMap:PersistentLevel.FirstPersonExampleMap' with GeneratedClass '/Game/FirstPersonCPP/Maps/FirstPersonExampleMap.FirstPersonExampleMap_C' with ClassGeneratedBy '/Game/FirstPersonCPP/Maps/FirstPersonExampleMap.FirstPersonExampleMap:PersistentLevel.FirstPersonExampleMap'
[2019.01.25-23.49.13:650][251]LogTemp: Warning: 1
[2019.01.25-23.49.13:650][251]LogTemp: Warning: 2FirstPersonCharacter_C_0
[2019.01.25-23.49.14:509][354]LogTemp: Warning: 1
[2019.01.25-23.49.14:509][354]LogTemp: Warning: 2FirstPersonCharacter_C_0
[2019.01.25-23.49.14:901][401]LogTemp: Warning: 1
[2019.01.25-23.49.14:901][401]LogTemp: Warning: 2FirstPersonCharacter_C_0
[2019.01.25-23.49.15:234][441]LogTemp: Warning: 1
[2019.01.25-23.49.15:234][441]LogTemp: Warning: 2FirstPersonCharacter_C_0
[2019.01.25-23.49.15:776][506]LogTemp: Warning: 1
[2019.01.25-23.49.15:776][506]LogTemp: Warning: 2FirstPersonCharacter_C_0
[2019.01.25-23.49.16:276][566]LogTemp: Warning: 1
[2019.01.25-23.49.16:277][566]LogTemp: Warning: 2FirstPersonCharacter_C_0
[2019.01.25-23.49.16:642][610]LogTemp: Warning: 1
[2019.01.25-23.49.16:643][610]LogTemp: Warning: 2FirstPersonCharacter_C_0
[2019.01.25-23.49.16:935][645]LogTemp: Warning: 1
[2019.01.25-23.49.16:935][645]LogTemp: Warning: 2FirstPersonCharacter_C_0
[2019.01.25-23.49.17:251][683]LogTemp: Warning: 1
[2019.01.25-23.49.17:251][683]LogTemp: Warning: 2FirstPersonCharacter_C_0
[2019.01.25-23.49.17:635][729]LogTemp: Warning: 1
[2019.01.25-23.49.17:635][729]LogTemp: Warning: 2FirstPersonCharacter_C_0
[2019.01.25-23.49.18:360][816]LogTemp: Warning: 1
[2019.01.25-23.49.18:360][816]LogTemp: Warning: 2FirstPersonCharacter_C_0
[2019.01.25-23.49.18:718][859]LogTemp: Warning: 1
[2019.01.25-23.49.18:718][859]LogTemp: Warning: 2FirstPersonCharacter_C_0
[2019.01.25-23.49.18:960][888]LogBlueprintUserMessages: Early EndPlayMap Detection: Level '/Game/FirstPersonCPP/Maps/FirstPersonExampleMap.FirstPersonExampleMap:PersistentLevel' has LevelScriptBlueprint '/Game/FirstPersonCPP/Maps/FirstPersonExampleMap.FirstPersonExampleMap:PersistentLevel.FirstPersonExampleMap' with GeneratedClass '/Game/FirstPersonCPP/Maps/FirstPersonExampleMap.FirstPersonExampleMap_C' with ClassGeneratedBy '/Game/FirstPersonCPP/Maps/FirstPersonExampleMap.FirstPersonExampleMap:PersistentLevel.FirstPersonExampleMap'
[2019.01.25-23.49.18:961][888]LogSlate: Updating window title bar state: overlay mode, drag disabled, window buttons hidden, title bar hidden
[2019.01.25-23.49.18:995][888]LogPlayLevel: Display: Shutting down PIE online subsystems
[2019.01.25-23.49.18:996][888]LogBlueprintUserMessages: Late EndPlayMap Detection: Level '/Game/FirstPersonCPP/Maps/FirstPersonExampleMap.FirstPersonExampleMap:PersistentLevel' has LevelScriptBlueprint '/Game/FirstPersonCPP/Maps/FirstPersonExampleMap.FirstPersonExampleMap:PersistentLevel.FirstPersonExampleMap' with GeneratedClass '/Game/FirstPersonCPP/Maps/FirstPersonExampleMap.FirstPersonExampleMap_C' with ClassGeneratedBy '/Game/FirstPersonCPP/Maps/FirstPersonExampleMap.FirstPersonExampleMap:PersistentLevel.FirstPersonExampleMap'
[2019.01.25-23.49.19:021][888]LogSlate: Updating window title bar state: overlay mode, drag disabled, window buttons hidden, title bar hidden
[2019.01.25-23.49.19:062][890]LogPlayLevel: Display: Destroying online subsystem :Context_2
[2019.01.25-23.49.26:282][ 89]LogSlate: FSceneViewport::OnFocusLost() reason 0
[2019.01.25-23.49.26:355][ 96]Candidate modules for hot reload:
[2019.01.25-23.49.26:356][ 96]  HomeIs
[2019.01.25-23.49.26:356][ 96]Launching UnrealBuildTool... [C:/Epic/UE4/UE_4.20/Engine/Binaries/DotNET/UnrealBuildTool.exe  -ModuleWithSuffix=HomeIs,8040 Win64 Development -TargetType=Editor -Project="../../../../../../Users/c013767h/Documents/GitHub/HomeIs/HomeIs/HomeIs.uproject" -canskiplink "C:/Users/c013767h/Documents/GitHub/HomeIs/HomeIs/HomeIs.uproject" ]
[2019.01.25-23.49.26:362][ 96]Warning: Starting HotReload took  0.0s.
[2019.01.25-23.49.34:189][ 34]CompilerResultsLog: New page: Compilation - 25 Jan 2019 23:49:34
[2019.01.25-23.49.34:189][ 34]CompilerResultsLog: Using 'git status' to determine working set for adaptive non-unity build.
[2019.01.25-23.49.34:190][ 34]CompilerResultsLog: Compiling game modules for hot reload
[2019.01.25-23.49.34:190][ 34]CompilerResultsLog: Building 3 actions with 8 processes...
[2019.01.25-23.49.34:190][ 34]CompilerResultsLog:   [1/3] HomeIsCharacter.cpp
[2019.01.25-23.49.34:191][ 34]CompilerResultsLog:   C:\Users\c013767h\Documents\GitHub\HomeIs\HomeIs\Source\HomeIs\HomeIsCharacter.cpp(163): warning C4996: 'FCollisionQueryParams::FCollisionQueryParams': FCollisionQueryParams, to avoid ambiguity, please use other constructor and explicitly provide an FName parameter (not just a string literal) as the first parameter Please update your code to the new API before upgrading to the next release, otherwise your project will no longer compile.
[2019.01.25-23.49.34:191][ 34]CompilerResultsLog:   c:\epic\ue4\ue_4.20\engine\source\runtime\engine\public\CollisionQueryParams.h(135): note: see declaration of 'FCollisionQueryParams::FCollisionQueryParams'
[2019.01.25-23.49.34:192][ 34]CompilerResultsLog:   [2/3] UE4Editor-HomeIs-8040.lib
[2019.01.25-23.49.34:192][ 34]CompilerResultsLog:      Creating library C:\Users\c013767h\Documents\GitHub\HomeIs\HomeIs\Intermediate\Build\Win64\UE4Editor\Development\HomeIs\UE4Editor-HomeIs-8040.lib and object C:\Users\c013767h\Documents\GitHub\HomeIs\HomeIs\Intermediate\Build\Win64\UE4Editor\Development\HomeIs\UE4Editor-HomeIs-8040.exp
[2019.01.25-23.49.34:193][ 34]CompilerResultsLog:   [3/3] UE4Editor-HomeIs-8040.dll
[2019.01.25-23.49.34:193][ 34]CompilerResultsLog:      Creating library C:\Users\c013767h\Documents\GitHub\HomeIs\HomeIs\Intermediate\Build\Win64\UE4Editor\Development\HomeIs\UE4Editor-HomeIs-8040.suppressed.lib and object C:\Users\c013767h\Documents\GitHub\HomeIs\HomeIs\Intermediate\Build\Win64\UE4Editor\Development\HomeIs\UE4Editor-HomeIs-8040.suppressed.exp
[2019.01.25-23.49.34:193][ 34]CompilerResultsLog: Total build time: 7.48 seconds (Parallel executor: 3.87 seconds)
[2019.01.25-23.49.34:193][ 34]LogMainFrame: MainFrame: Module compiling took 7.845 seconds
[2019.01.25-23.49.34:251][ 34]LogClass: Type HotReload.
[2019.01.25-23.49.34:256][ 34]LogContentBrowser: Native class hierarchy updated for 'HomeIs' in 0.0006 seconds. Added 6 classes and 2 folders.
[2019.01.25-23.49.34:259][ 34]Display: HotReload successful (1 functions remapped  0 scriptstructs remapped)
[2019.01.25-23.49.34:314][ 34]LogContentBrowser: Native class hierarchy populated in 0.0095 seconds. Added 2579 classes and 607 folders.
[2019.01.25-23.49.34:314][ 34]Display: HotReload took  8.0s.
[2019.01.25-23.50.26:915][344]LogTemp: Repeating last play command: Selected Viewport
[2019.01.25-23.50.26:938][344]LogBlueprintUserMessages: Early PlayInEditor Detection: Level '/Game/FirstPersonCPP/Maps/FirstPersonExampleMap.FirstPersonExampleMap:PersistentLevel' has LevelScriptBlueprint '/Game/FirstPersonCPP/Maps/FirstPersonExampleMap.FirstPersonExampleMap:PersistentLevel.FirstPersonExampleMap' with GeneratedClass '/Game/FirstPersonCPP/Maps/FirstPersonExampleMap.FirstPersonExampleMap_C' with ClassGeneratedBy '/Game/FirstPersonCPP/Maps/FirstPersonExampleMap.FirstPersonExampleMap:PersistentLevel.FirstPersonExampleMap'
[2019.01.25-23.50.26:939][344]LogPlayLevel: PlayLevel: No blueprints needed recompiling
[2019.01.25-23.50.26:939][344]PIE: New page: PIE session: FirstPersonExampleMap (25 Jan 2019 23:50:26)
[2019.01.25-23.50.26:939][344]LogPlayLevel: Creating play world package: /Game/FirstPersonCPP/Maps/UEDPIE_0_FirstPersonExampleMap
[2019.01.25-23.50.26:955][344]LogPlayLevel: PIE: StaticDuplicateObject took: (0.015882s)
[2019.01.25-23.50.26:957][344]LogAIModule: Creating AISystem for world FirstPersonExampleMap
[2019.01.25-23.50.26:957][344]LogPlayLevel: PIE: World Init took: (0.001455s)
[2019.01.25-23.50.26:958][344]LogPlayLevel: PIE: Created PIE world by copying editor world from /Game/FirstPersonCPP/Maps/FirstPersonExampleMap.FirstPersonExampleMap to /Game/FirstPersonCPP/Maps/UEDPIE_0_FirstPersonExampleMap.FirstPersonExampleMap (0.018396s)
[2019.01.25-23.50.26:992][344]LogInit: XAudio2 using 'Speakers (Realtek High Definition Audio)' : 2 channels at 48 kHz using 32 bits per sample (channel mask 0x3)
[2019.01.25-23.50.27:008][344]LogInit: FAudioDevice initialized.
[2019.01.25-23.50.27:047][344]LogLoad: Game class is 'HomeIsGameMode'
[2019.01.25-23.50.27:052][344]LogWorld: Bringing World /Game/FirstPersonCPP/Maps/UEDPIE_0_FirstPersonExampleMap.FirstPersonExampleMap up for play (max tick rate 0) at 2019.01.25-23.50.27
[2019.01.25-23.50.27:053][344]LogWorld: Bringing up level for play took: 0.004602
[2019.01.25-23.50.27:070][344]PIE: Play in editor start time for /Game/FirstPersonCPP/Maps/UEDPIE_0_FirstPersonExampleMap 0.507
[2019.01.25-23.50.27:070][344]LogBlueprintUserMessages: Late PlayInEditor Detection: Level '/Game/FirstPersonCPP/Maps/FirstPersonExampleMap.FirstPersonExampleMap:PersistentLevel' has LevelScriptBlueprint '/Game/FirstPersonCPP/Maps/FirstPersonExampleMap.FirstPersonExampleMap:PersistentLevel.FirstPersonExampleMap' with GeneratedClass '/Game/FirstPersonCPP/Maps/FirstPersonExampleMap.FirstPersonExampleMap_C' with ClassGeneratedBy '/Game/FirstPersonCPP/Maps/FirstPersonExampleMap.FirstPersonExampleMap:PersistentLevel.FirstPersonExampleMap'
[2019.01.25-23.50.28:015][450]LogTemp: Warning: 1
[2019.01.25-23.50.28:016][450]LogTemp: Warning: 2FirstPersonCharacter_C_0
[2019.01.25-23.50.28:690][531]LogTemp: Warning: 1
[2019.01.25-23.50.28:690][531]LogTemp: Warning: 2FirstPersonCharacter_C_0
[2019.01.25-23.50.29:240][597]LogTemp: Warning: 1
[2019.01.25-23.50.29:240][597]LogTemp: Warning: 2FirstPersonCharacter_C_0
[2019.01.25-23.50.29:791][663]LogTemp: Warning: 1
[2019.01.25-23.50.29:791][663]LogTemp: Warning: 2FirstPersonCharacter_C_0
[2019.01.25-23.50.30:540][753]LogTemp: Warning: 1
[2019.01.25-23.50.30:540][753]LogTemp: Warning: 2FirstPersonCharacter_C_0
[2019.01.25-23.50.30:998][808]LogTemp: Warning: 1
[2019.01.25-23.50.30:999][808]LogTemp: Warning: 2FirstPersonCharacter_C_0
[2019.01.25-23.50.31:441][861]LogTemp: Warning: 1
[2019.01.25-23.50.31:441][861]LogTemp: Warning: 2FirstPersonCharacter_C_0
[2019.01.25-23.50.31:799][904]LogTemp: Warning: 1
[2019.01.25-23.50.31:800][904]LogTemp: Warning: 2FirstPersonCharacter_C_0
[2019.01.25-23.50.32:200][952]LogTemp: Warning: 1
[2019.01.25-23.50.32:200][952]LogTemp: Warning: 2FirstPersonCharacter_C_0
[2019.01.25-23.50.32:757][ 19]LogTemp: Warning: 1
[2019.01.25-23.50.32:758][ 19]LogTemp: Warning: 2FirstPersonCharacter_C_0
[2019.01.25-23.50.33:667][128]LogTemp: Warning: 1
[2019.01.25-23.50.33:667][128]LogTemp: Warning: 2FirstPersonCharacter_C_0
[2019.01.25-23.50.34:500][228]LogTemp: Warning: 1
[2019.01.25-23.50.34:500][228]LogTemp: Warning: 2FirstPersonCharacter_C_0
[2019.01.25-23.50.34:725][255]LogTemp: Warning: 1
[2019.01.25-23.50.34:725][255]LogTemp: Warning: 2FirstPersonCharacter_C_0
[2019.01.25-23.50.35:242][317]LogTemp: Warning: 1
[2019.01.25-23.50.35:242][317]LogTemp: Warning: 2FirstPersonCharacter_C_0
[2019.01.25-23.50.37:492][587]LogTemp: Warning: 1
[2019.01.25-23.50.37:492][587]LogTemp: Warning: 2FirstPersonCharacter_C_0
[2019.01.25-23.50.38:392][695]LogTemp: Warning: 1
[2019.01.25-23.50.38:392][695]LogTemp: Warning: 2FirstPersonCharacter_C_0
[2019.01.25-23.50.39:917][878]LogTemp: Warning: 1
[2019.01.25-23.50.39:917][878]LogTemp: Warning: 2FirstPersonCharacter_C_0
[2019.01.25-23.50.41:159][ 27]LogTemp: Warning: 1
[2019.01.25-23.50.41:159][ 27]LogTemp: Warning: 2FirstPersonCharacter_C_0
[2019.01.25-23.50.41:992][127]LogTemp: Warning: 1
[2019.01.25-23.50.41:993][127]LogTemp: Warning: 2FirstPersonCharacter_C_0
[2019.01.25-23.50.43:434][300]LogTemp: Warning: 1
[2019.01.25-23.50.43:434][300]LogTemp: Warning: 2FirstPersonCharacter_C_0
[2019.01.25-23.50.46:642][685]LogTemp: Warning: 1
[2019.01.25-23.50.46:643][685]LogTemp: Warning: 2FirstPersonCharacter_C_0
[2019.01.25-23.50.48:259][879]LogTemp: Warning: 1
[2019.01.25-23.50.48:260][879]LogTemp: Warning: 2FirstPersonCharacter_C_0
[2019.01.25-23.50.49:618][ 42]LogBlueprintUserMessages: Early EndPlayMap Detection: Level '/Game/FirstPersonCPP/Maps/FirstPersonExampleMap.FirstPersonExampleMap:PersistentLevel' has LevelScriptBlueprint '/Game/FirstPersonCPP/Maps/FirstPersonExampleMap.FirstPersonExampleMap:PersistentLevel.FirstPersonExampleMap' with GeneratedClass '/Game/FirstPersonCPP/Maps/FirstPersonExampleMap.FirstPersonExampleMap_C' with ClassGeneratedBy '/Game/FirstPersonCPP/Maps/FirstPersonExampleMap.FirstPersonExampleMap:PersistentLevel.FirstPersonExampleMap'
[2019.01.25-23.50.49:619][ 42]LogSlate: Updating window title bar state: overlay mode, drag disabled, window buttons hidden, title bar hidden
[2019.01.25-23.50.49:661][ 42]LogPlayLevel: Display: Shutting down PIE online subsystems
[2019.01.25-23.50.49:661][ 42]LogBlueprintUserMessages: Late EndPlayMap Detection: Level '/Game/FirstPersonCPP/Maps/FirstPersonExampleMap.FirstPersonExampleMap:PersistentLevel' has LevelScriptBlueprint '/Game/FirstPersonCPP/Maps/FirstPersonExampleMap.FirstPersonExampleMap:PersistentLevel.FirstPersonExampleMap' with GeneratedClass '/Game/FirstPersonCPP/Maps/FirstPersonExampleMap.FirstPersonExampleMap_C' with ClassGeneratedBy '/Game/FirstPersonCPP/Maps/FirstPersonExampleMap.FirstPersonExampleMap:PersistentLevel.FirstPersonExampleMap'
[2019.01.25-23.50.49:692][ 42]LogSlate: Updating window title bar state: overlay mode, drag disabled, window buttons hidden, title bar hidden
[2019.01.25-23.50.49:727][ 44]LogPlayLevel: Display: Destroying online subsystem :Context_3
[2019.01.25-23.51.02:936][409]LogSlate: FSceneViewport::OnFocusLost() reason 0
[2019.01.25-23.51.03:035][419]Candidate modules for hot reload:
[2019.01.25-23.51.03:035][419]  HomeIs
[2019.01.25-23.51.03:035][419]Launching UnrealBuildTool... [C:/Epic/UE4/UE_4.20/Engine/Binaries/DotNET/UnrealBuildTool.exe  -ModuleWithSuffix=HomeIs,293 Win64 Development -TargetType=Editor -Project="../../../../../../Users/c013767h/Documents/GitHub/HomeIs/HomeIs/HomeIs.uproject" -canskiplink "C:/Users/c013767h/Documents/GitHub/HomeIs/HomeIs/HomeIs.uproject" ]
[2019.01.25-23.51.03:042][419]Warning: Starting HotReload took  0.0s.
[2019.01.25-23.51.10:884][359]CompilerResultsLog: New page: Compilation - 25 Jan 2019 23:51:10
[2019.01.25-23.51.10:884][359]CompilerResultsLog: Using 'git status' to determine working set for adaptive non-unity build.
[2019.01.25-23.51.10:885][359]CompilerResultsLog: Compiling game modules for hot reload
[2019.01.25-23.51.10:885][359]CompilerResultsLog: Building 3 actions with 8 processes...
[2019.01.25-23.51.10:885][359]CompilerResultsLog:   [1/3] HomeIsCharacter.cpp
[2019.01.25-23.51.10:886][359]CompilerResultsLog:   C:\Users\c013767h\Documents\GitHub\HomeIs\HomeIs\Source\HomeIs\HomeIsCharacter.cpp(163): warning C4996: 'FCollisionQueryParams::FCollisionQueryParams': FCollisionQueryParams, to avoid ambiguity, please use other constructor and explicitly provide an FName parameter (not just a string literal) as the first parameter Please update your code to the new API before upgrading to the next release, otherwise your project will no longer compile.
[2019.01.25-23.51.10:887][359]CompilerResultsLog:   c:\epic\ue4\ue_4.20\engine\source\runtime\engine\public\CollisionQueryParams.h(135): note: see declaration of 'FCollisionQueryParams::FCollisionQueryParams'
[2019.01.25-23.51.10:888][359]CompilerResultsLog:   [2/3] UE4Editor-HomeIs-293.lib
[2019.01.25-23.51.10:888][359]CompilerResultsLog:      Creating library C:\Users\c013767h\Documents\GitHub\HomeIs\HomeIs\Intermediate\Build\Win64\UE4Editor\Development\HomeIs\UE4Editor-HomeIs-293.lib and object C:\Users\c013767h\Documents\GitHub\HomeIs\HomeIs\Intermediate\Build\Win64\UE4Editor\Development\HomeIs\UE4Editor-HomeIs-293.exp
[2019.01.25-23.51.10:888][359]CompilerResultsLog:   [3/3] UE4Editor-HomeIs-293.dll
[2019.01.25-23.51.10:889][359]CompilerResultsLog:      Creating library C:\Users\c013767h\Documents\GitHub\HomeIs\HomeIs\Intermediate\Build\Win64\UE4Editor\Development\HomeIs\UE4Editor-HomeIs-293.suppressed.lib and object C:\Users\c013767h\Documents\GitHub\HomeIs\HomeIs\Intermediate\Build\Win64\UE4Editor\Development\HomeIs\UE4Editor-HomeIs-293.suppressed.exp
[2019.01.25-23.51.10:890][359]CompilerResultsLog: Total build time: 7.50 seconds (Parallel executor: 3.99 seconds)
[2019.01.25-23.51.10:890][359]LogMainFrame: MainFrame: Module compiling took 7.862 seconds
[2019.01.25-23.51.10:958][359]LogClass: Type HotReload.
[2019.01.25-23.51.10:963][359]LogContentBrowser: Native class hierarchy updated for 'HomeIs' in 0.0005 seconds. Added 6 classes and 2 folders.
[2019.01.25-23.51.10:966][359]Display: HotReload successful (1 functions remapped  0 scriptstructs remapped)
[2019.01.25-23.51.11:030][359]LogContentBrowser: Native class hierarchy populated in 0.0133 seconds. Added 2579 classes and 607 folders.
[2019.01.25-23.51.11:030][359]Display: HotReload took  8.0s.
[2019.01.25-23.51.11:506][416]LogTemp: Repeating last play command: Selected Viewport
[2019.01.25-23.51.11:525][416]LogBlueprintUserMessages: Early PlayInEditor Detection: Level '/Game/FirstPersonCPP/Maps/FirstPersonExampleMap.FirstPersonExampleMap:PersistentLevel' has LevelScriptBlueprint '/Game/FirstPersonCPP/Maps/FirstPersonExampleMap.FirstPersonExampleMap:PersistentLevel.FirstPersonExampleMap' with GeneratedClass '/Game/FirstPersonCPP/Maps/FirstPersonExampleMap.FirstPersonExampleMap_C' with ClassGeneratedBy '/Game/FirstPersonCPP/Maps/FirstPersonExampleMap.FirstPersonExampleMap:PersistentLevel.FirstPersonExampleMap'
[2019.01.25-23.51.11:526][416]LogPlayLevel: PlayLevel: No blueprints needed recompiling
[2019.01.25-23.51.11:526][416]PIE: New page: PIE session: FirstPersonExampleMap (25 Jan 2019 23:51:11)
[2019.01.25-23.51.11:527][416]LogPlayLevel: Creating play world package: /Game/FirstPersonCPP/Maps/UEDPIE_0_FirstPersonExampleMap
[2019.01.25-23.51.11:539][416]LogPlayLevel: PIE: StaticDuplicateObject took: (0.012634s)
[2019.01.25-23.51.11:541][416]LogAIModule: Creating AISystem for world FirstPersonExampleMap
[2019.01.25-23.51.11:541][416]LogPlayLevel: PIE: World Init took: (0.001504s)
[2019.01.25-23.51.11:542][416]LogPlayLevel: PIE: Created PIE world by copying editor world from /Game/FirstPersonCPP/Maps/FirstPersonExampleMap.FirstPersonExampleMap to /Game/FirstPersonCPP/Maps/UEDPIE_0_FirstPersonExampleMap.FirstPersonExampleMap (0.015072s)
[2019.01.25-23.51.11:572][416]LogInit: XAudio2 using 'Speakers (Realtek High Definition Audio)' : 2 channels at 48 kHz using 32 bits per sample (channel mask 0x3)
[2019.01.25-23.51.11:586][416]LogInit: FAudioDevice initialized.
[2019.01.25-23.51.11:623][416]LogLoad: Game class is 'HomeIsGameMode'
[2019.01.25-23.51.11:627][416]LogWorld: Bringing World /Game/FirstPersonCPP/Maps/UEDPIE_0_FirstPersonExampleMap.FirstPersonExampleMap up for play (max tick rate 0) at 2019.01.25-23.51.11
[2019.01.25-23.51.11:628][416]LogWorld: Bringing up level for play took: 0.003817
[2019.01.25-23.51.11:642][416]PIE: Play in editor start time for /Game/FirstPersonCPP/Maps/UEDPIE_0_FirstPersonExampleMap 1.08
[2019.01.25-23.51.11:643][416]LogBlueprintUserMessages: Late PlayInEditor Detection: Level '/Game/FirstPersonCPP/Maps/FirstPersonExampleMap.FirstPersonExampleMap:PersistentLevel' has LevelScriptBlueprint '/Game/FirstPersonCPP/Maps/FirstPersonExampleMap.FirstPersonExampleMap:PersistentLevel.FirstPersonExampleMap' with GeneratedClass '/Game/FirstPersonCPP/Maps/FirstPersonExampleMap.FirstPersonExampleMap_C' with ClassGeneratedBy '/Game/FirstPersonCPP/Maps/FirstPersonExampleMap.FirstPersonExampleMap:PersistentLevel.FirstPersonExampleMap'
