Log file open, 01/27/19 15:19:25
LogWindows: Failed to load 'aqProf.dll' (GetLastError=126)
LogWindows: File 'aqProf.dll' does not exist
LogWindows: Failed to load 'VSPerf140.dll' (GetLastError=126)
LogWindows: File 'VSPerf140.dll' does not exist
LogWindows: Failed to load 'VtuneApi.dll' (GetLastError=126)
LogWindows: File 'VtuneApi.dll' does not exist
LogWindows: Failed to load 'VtuneApi32e.dll' (GetLastError=126)
LogWindows: File 'VtuneApi32e.dll' does not exist
LogInit: Display: Running engine for game: HomeIs
LogPlatformFile: Not using cached read wrapper
LogTaskGraph: Started task graph with 5 named threads and 23 total threads with 3 sets of task threads.
LogStats: Stats thread started at 0.455253
LogD3D11RHI: Loaded GFSDK_Aftermath_Lib.x64.dll
LogICUInternationalization: Display: ICU TimeZone Detection - Raw Offset: +0:00, Platform Override: ''
LogPluginManager: Mounting plugin Paper2D
LogPluginManager: Mounting plugin AISupport
LogPluginManager: Mounting plugin LightPropagationVolume
LogPluginManager: Mounting plugin CLionSourceCodeAccess
LogPluginManager: Mounting plugin CodeLiteSourceCodeAccess
LogPluginManager: Mounting plugin GitSourceControl
LogPluginManager: Mounting plugin KDevelopSourceCodeAccess
LogPluginManager: Mounting plugin NullSourceCodeAccess
LogPluginManager: Mounting plugin PerforceSourceControl
LogPluginManager: Mounting plugin SubversionSourceControl
LogPluginManager: Mounting plugin UObjectPlugin
LogPluginManager: Mounting plugin VisualStudioCodeSourceCodeAccess
LogPluginManager: Mounting plugin VisualStudioSourceCodeAccess
LogPluginManager: Mounting plugin XCodeSourceCodeAccess
LogPluginManager: Mounting plugin AssetManagerEditor
LogPluginManager: Mounting plugin CryptoKeys
LogPluginManager: Mounting plugin DataValidation
LogPluginManager: Mounting plugin FacialAnimation
LogPluginManager: Mounting plugin GameplayTagsEditor
LogPluginManager: Mounting plugin MacGraphicsSwitching
LogPluginManager: Mounting plugin MeshEditor
LogPluginManager: Mounting plugin MobileLauncherProfileWizard
LogPluginManager: Mounting plugin PluginBrowser
LogPluginManager: Mounting plugin SpeedTreeImporter
LogPluginManager: Mounting plugin DatasmithContent
LogPluginManager: Mounting plugin AlembicImporter
LogPluginManager: Mounting plugin AppleImageUtils
LogPluginManager: Mounting plugin AppleVision
LogPluginManager: Mounting plugin BackChannel
LogPluginManager: Mounting plugin CharacterAI
LogPluginManager: Mounting plugin GeometryCache
LogPluginManager: Mounting plugin HTML5Networking
LogPluginManager: Mounting plugin ProxyLODPlugin
LogPluginManager: Mounting plugin MagicLeap
LogPluginManager: Mounting plugin MagicLeapEmulator
LogPluginManager: Mounting plugin MagicLeapMedia
LogPluginManager: Mounting plugin AndroidMedia
LogPluginManager: Mounting plugin AvfMedia
LogPluginManager: Mounting plugin ImgMedia
LogPluginManager: Mounting plugin LinearTimecode
LogPluginManager: Mounting plugin MediaCompositing
LogPluginManager: Mounting plugin MediaPlayerEditor
LogPluginManager: Mounting plugin WmfMedia
LogPluginManager: Mounting plugin TcpMessaging
LogPluginManager: Mounting plugin UdpMessaging
LogPluginManager: Mounting plugin ActorSequence
LogPluginManager: Mounting plugin LevelSequenceEditor
LogPluginManager: Mounting plugin MatineeToLevelSequence
LogPluginManager: Mounting plugin NetcodeUnitTest
LogPluginManager: Mounting plugin NUTUnrealEngine4
LogPluginManager: Mounting plugin OnlineSubsystemGooglePlay
LogPluginManager: Mounting plugin OnlineSubsystemIOS
LogPluginManager: Mounting plugin OnlineSubsystem
LogPluginManager: Mounting plugin OnlineSubsystemNull
LogPluginManager: Mounting plugin OnlineSubsystemUtils
LogPluginManager: Mounting plugin LauncherChunkInstaller
LogPluginManager: Mounting plugin AndroidDeviceProfileSelector
LogPluginManager: Mounting plugin AndroidMoviePlayer
LogPluginManager: Mounting plugin AndroidPermission
LogPluginManager: Mounting plugin ApexDestruction
LogPluginManager: Mounting plugin AppleMoviePlayer
LogPluginManager: Mounting plugin ArchVisCharacter
LogPluginManager: Mounting plugin AudioCapture
LogPluginManager: Mounting plugin CableComponent
LogPluginManager: Mounting plugin CustomMeshComponent
LogPluginManager: Mounting plugin EditableMesh
LogPluginManager: Mounting plugin ExampleDeviceProfileSelector
LogPluginManager: Mounting plugin GoogleCloudMessaging
LogPluginManager: Mounting plugin ImmediatePhysics
LogPluginManager: Mounting plugin IOSDeviceProfileSelector
LogPluginManager: Mounting plugin LinuxDeviceProfileSelector
LogPluginManager: Mounting plugin LocationServicesBPLibrary
LogPluginManager: Mounting plugin MobilePatchingUtils
LogPluginManager: Mounting plugin OculusVR
LogPluginManager: Plugin shader directory ../../../Engine/Plugins/Runtime/Oculus/OculusVR/Shaders found
LogPluginManager: Mapping shader source directory ../../../Engine/Plugins/Runtime/Oculus/OculusVR/Shaders to virtual directory /Plugin/OculusVR
LogPluginManager: Mounting plugin PhysXVehicles
LogPluginManager: Mounting plugin ProceduralMeshComponent
LogPluginManager: Mounting plugin RuntimePhysXCooking
LogPluginManager: Mounting plugin SteamVR
LogPluginManager: Mounting plugin WindowsMoviePlayer
LogStreaming: Display: Took  0.495s to configure plugins.
LogInit: Using libcurl 7.55.1-DEV
LogInit:  - built for x86_64-pc-win32
LogInit:  - supports SSL with OpenSSL/1.0.2h
LogInit:  - supports HTTP deflate (compression) using libz 1.2.8
LogInit:  - other features:
LogInit:      CURL_VERSION_SSL
LogInit:      CURL_VERSION_LIBZ
LogInit:      CURL_VERSION_IPV6
LogInit:      CURL_VERSION_ASYNCHDNS
LogInit:      CURL_VERSION_LARGEFILE
LogInit:      CURL_VERSION_IDN
LogInit:  CurlRequestOptions (configurable via config and command line):
LogInit:  - bVerifyPeer = false  - Libcurl will NOT verify peer certificate
LogInit:  - bUseHttpProxy = false  - Libcurl will NOT use HTTP proxy
LogInit:  - bDontReuseConnections = false  - Libcurl will reuse connections
LogInit:  - CertBundlePath = nullptr  - Libcurl will use whatever was configured at build time.
LogInit:  - MaxHostConnections = 16  - Libcurl will limit the number of connections to a host
LogInit:  - LocalHostAddr = Default
LogInit:  - BufferSize = 65536
LogInit: WinSock: version 1.1 (2.2), MaxSocks=32767, MaxUdp=65467
LogInit: Build: ++UE4+Release-4.20-CL-4369336
LogInit: Engine Version: 4.20.3-4369336+++UE4+Release-4.20
LogInit: Compatible Engine Version: 4.20.0-4212847+++UE4+Release-4.20
LogInit: Net CL: 4212847
LogInit: OS: Windows 10 (), CPU: Intel(R) Xeon(R) CPU E5-1620 v3 @ 3.50GHz, GPU: NVIDIA GeForce GTX 970
LogInit: Compiled (64-bit): Sep 17 2018 12:26:19
LogInit: Compiled with Visual C++: 19.13.26129.00
LogInit: Build Configuration: Development
LogInit: Branch Name: ++UE4+Release-4.20
LogInit: Command Line:  -skipcompile
LogInit: Base Directory: C:/Epic/UE4/UE_4.20/Engine/Binaries/Win64/
LogInit: Installed Engine Build: 1
LogDevObjectVersion: Number of dev versions registered: 20
LogDevObjectVersion:   Dev-Blueprints (B0D832E4-1F89-4F0D-ACCF-7EB736FD4AA2): 10
LogDevObjectVersion:   Dev-Build (E1C64328-A22C-4D53-A36C-8E866417BD8C): 0
LogDevObjectVersion:   Dev-Core (375EC13C-06E4-48FB-B500-84F0262A717E): 2
LogDevObjectVersion:   Dev-Editor (E4B068ED-F494-42E9-A231-DA0B2E46BB41): 24
LogDevObjectVersion:   Dev-Framework (CFFC743F-43B0-4480-9391-14DF171D2073): 34
LogDevObjectVersion:   Dev-Mobile (B02B49B5-BB20-44E9-A304-32B752E40360): 2
LogDevObjectVersion:   Dev-Networking (A4E4105C-59A1-49B5-A7C5-40C4547EDFEE): 0
LogDevObjectVersion:   Dev-Online (39C831C9-5AE6-47DC-9A44-9C173E1C8E7C): 0
LogDevObjectVersion:   Dev-Physics (78F01B33-EBEA-4F98-B9B4-84EACCB95AA2): 0
LogDevObjectVersion:   Dev-Platform (6631380F-2D4D-43E0-8009-CF276956A95A): 0
LogDevObjectVersion:   Dev-Rendering (12F88B9F-8875-4AFC-A67C-D90C383ABD29): 26
LogDevObjectVersion:   Dev-Sequencer (7B5AE74C-D270-4C10-A958-57980B212A5A): 9
LogDevObjectVersion:   Dev-VR (D7296918-1DD6-4BDD-9DE2-64A83CC13884): 2
LogDevObjectVersion:   Dev-LoadTimes (C2A15278-BFE7-4AFE-6C17-90FF531DF755): 1
LogDevObjectVersion:   Private-Geometry (6EACA3D4-40EC-4CC1-B786-8BED09428FC5): 3
LogDevObjectVersion:   Dev-AnimPhys (29E575DD-E0A3-4627-9D10-D276232CDCEA): 17
LogDevObjectVersion:   Dev-ReflectionCapture (6B266CEC-1EC7-4B8F-A30B-E4D90942FC07): 1
LogDevObjectVersion:   Dev-Automation (0DF73D61-A23F-47EA-B727-89E90C41499A): 1
LogDevObjectVersion:   FortniteMain (601D1886-AC64-4F84-AA16-D3DE0DEAC7D6): 12
LogDevObjectVersion:   Dev-Enterprise (9DFFBCD6-494F-0158-E221-12823C92A888): 1
LogStreaming: Display: Took  0.007s to delete old logs.
LogLinker: Error: AddRedirectList(C:/Users/r017093h/Documents/HomeIs/HomeIs/Saved/Config/Windows/Engine.ini) found conflicting redirectors for TP_FirstPerson! Old: /Script/MyProject2.TP_FirstPerson, New: /Script/HomeIs.TP_FirstPerson
LogLinker: Error: AddRedirectList(C:/Users/r017093h/Documents/HomeIs/HomeIs/Saved/Config/Windows/Engine.ini) found conflicting redirectors for /Script/TP_FirstPerson! Old: /Script/MyProject2, New: /Script/HomeIs
LogLinker: Error: AddRedirectList(C:/Users/r017093h/Documents/HomeIs/HomeIs/Saved/Config/Windows/Engine.ini) found conflicting redirectors for TP_FirstPersonProjectile! Old: MyProject2Projectile, New: HomeIsProjectile
LogLinker: Error: AddRedirectList(C:/Users/r017093h/Documents/HomeIs/HomeIs/Saved/Config/Windows/Engine.ini) found conflicting redirectors for TP_FirstPersonProjectile! Old: MyProject2Projectile, New: HomeIsProjectile
LogLinker: Error: AddRedirectList(C:/Users/r017093h/Documents/HomeIs/HomeIs/Saved/Config/Windows/Engine.ini) found conflicting redirectors for TP_FirstPersonHUD! Old: MyProject2HUD, New: HomeIsHUD
LogLinker: Error: AddRedirectList(C:/Users/r017093h/Documents/HomeIs/HomeIs/Saved/Config/Windows/Engine.ini) found conflicting redirectors for TP_FirstPersonHUD! Old: MyProject2HUD, New: HomeIsHUD
LogLinker: Error: AddRedirectList(C:/Users/r017093h/Documents/HomeIs/HomeIs/Saved/Config/Windows/Engine.ini) found conflicting redirectors for TP_FirstPersonGameMode! Old: MyProject2GameMode, New: HomeIsGameMode
LogLinker: Error: AddRedirectList(C:/Users/r017093h/Documents/HomeIs/HomeIs/Saved/Config/Windows/Engine.ini) found conflicting redirectors for TP_FirstPersonGameMode! Old: MyProject2GameMode, New: HomeIsGameMode
LogLinker: Error: AddRedirectList(C:/Users/r017093h/Documents/HomeIs/HomeIs/Saved/Config/Windows/Engine.ini) found conflicting redirectors for TP_FirstPersonCharacter! Old: MyProject2Character, New: HomeIsCharacter
LogLinker: Error: AddRedirectList(C:/Users/r017093h/Documents/HomeIs/HomeIs/Saved/Config/Windows/Engine.ini) found conflicting redirectors for TP_FirstPersonCharacter! Old: MyProject2Character, New: HomeIsCharacter
LogInit: Presizing for max 8388607 objects, including 0 objects not considered by GC, pre-allocating 0 bytes for permanent pool.
LogInit: Object subsystem initialized
[2019.01.27-15.19.26:024][  0]LogInit: Selected Device Profile: [Windows]
[2019.01.27-15.19.26:024][  0]LogInit: Applying CVar settings loaded from the selected device profile: [Windows]
[2019.01.27-15.19.26:044][  0]LogHAL: Display: Platform has ~ 16 GB [17092038656 / 17179869184 / 16], which maps to Larger [LargestMinGB=32, LargerMinGB=12, DefaultMinGB=8, SmallerMinGB=6, SmallestMinGB=0)
[2019.01.27-15.19.26:044][  0]LogInit: Setting Device Profile CVar: [[r.Vulkan.UseRealUBs:1]]
[2019.01.27-15.19.26:044][  0]LogInit: Going up to parent DeviceProfile []
[2019.01.27-15.19.26:045][  0]LogInit: Computer: D102-13
[2019.01.27-15.19.26:045][  0]LogInit: User: r017093h
[2019.01.27-15.19.26:045][  0]LogInit: CPU Page size=4096, Cores=4
[2019.01.27-15.19.26:045][  0]LogInit: High frequency timer resolution =3.410067 MHz
[2019.01.27-15.19.26:046][  0]LogMemory: Memory total: Physical=15.9GB (16GB approx)
[2019.01.27-15.19.26:046][  0]LogMemory: Platform Memory Stats for Windows
[2019.01.27-15.19.26:046][  0]LogMemory: Process Physical Memory: 101.42 MB used, 101.42 MB peak
[2019.01.27-15.19.26:046][  0]LogMemory: Process Virtual Memory: 89.45 MB used, 89.45 MB peak
[2019.01.27-15.19.26:046][  0]LogMemory: Physical Memory: 5380.96 MB used,  10919.28 MB free, 16300.24 MB total
[2019.01.27-15.19.26:046][  0]LogMemory: Virtual Memory: 4638.79 MB used,  10919.28 MB free, 134217728.00 MB total
[2019.01.27-15.19.26:199][  0]LogInit: Using OS detected language (en-US).
[2019.01.27-15.19.26:199][  0]LogInit: Using OS detected locale (en-GB).
[2019.01.27-15.19.26:201][  0]LogTextLocalizationManager: No specific localization for 'en-US' exists, so the 'en' localization will be used.
[2019.01.27-15.19.26:624][  0]LogStreaming: Display: Took  0.424s to InitEngineTextLocalization.
[2019.01.27-15.19.26:625][  0]LogInit: Setting process to per monitor DPI aware
[2019.01.27-15.19.26:717][  0]LogSlate: New Slate User Created.  User Index 0, Is Virtual User: 0
[2019.01.27-15.19.26:717][  0]LogSlate: Slate User Registered.  User Index 0, Is Virtual User: 0
[2019.01.27-15.19.27:063][  0]LogHMD: Failed to initialize OpenVR with code 110
[2019.01.27-15.19.27:063][  0]LogD3D11RHI: D3D11 adapters:
[2019.01.27-15.19.27:162][  0]LogD3D11RHI:    0. 'NVIDIA GeForce GTX 970' (Feature Level 11_0)
[2019.01.27-15.19.27:162][  0]LogD3D11RHI:       4043/0/8150 MB DedicatedVideo/DedicatedSystem/SharedSystem, Outputs:2, VendorId:0x10de
[2019.01.27-15.19.27:170][  0]LogD3D11RHI:    1. 'Microsoft Basic Render Driver' (Feature Level 11_0)
[2019.01.27-15.19.27:170][  0]LogD3D11RHI:       0/0/8150 MB DedicatedVideo/DedicatedSystem/SharedSystem, Outputs:0, VendorId:0x1414
[2019.01.27-15.19.27:170][  0]LogD3D11RHI: Chosen D3D11 Adapter: 0
[2019.01.27-15.19.27:183][  0]LogD3D11RHI: Creating new Direct3DDevice
[2019.01.27-15.19.27:183][  0]LogD3D11RHI:     GPU DeviceId: 0x13c2 (for the marketing name, search the web for "GPU Device Id")
[2019.01.27-15.19.27:183][  0]LogWindows: EnumDisplayDevices:
[2019.01.27-15.19.27:184][  0]LogWindows:    0. 'NVIDIA GeForce GTX 970' (P:1 D:1)
[2019.01.27-15.19.27:185][  0]LogWindows:    1. 'NVIDIA GeForce GTX 970' (P:0 D:1)
[2019.01.27-15.19.27:185][  0]LogWindows:    2. 'NVIDIA GeForce GTX 970' (P:0 D:0)
[2019.01.27-15.19.27:186][  0]LogWindows:    3. 'NVIDIA GeForce GTX 970' (P:0 D:0)
[2019.01.27-15.19.27:186][  0]LogWindows: DebugString: FoundDriverCount:4 
[2019.01.27-15.19.27:187][  0]LogD3D11RHI:     Adapter Name: NVIDIA GeForce GTX 970
[2019.01.27-15.19.27:187][  0]LogD3D11RHI:   Driver Version: 398.82 (internal:24.21.13.9882, unified:398.82)
[2019.01.27-15.19.27:187][  0]LogD3D11RHI:      Driver Date: 7-30-2018
[2019.01.27-15.19.27:187][  0]LogRHI: Texture pool is 2830 MB (70% of 4043 MB)
[2019.01.27-15.19.27:272][  0]LogD3D11RHI: Async texture creation enabled
[2019.01.27-15.19.27:293][  0]LogD3D11RHI: GPU Timing Frequency: 1000.000000 (Debug: 2 2)
[2019.01.27-15.19.27:297][  0]LogShaderCompilers: Guid format shader working directory is -8 characters bigger than the processId version (../../../../../../Users/r017093h/Documents/HomeIs/HomeIs/Intermediate/Shaders/WorkingDirectory/12220/).
[2019.01.27-15.19.27:297][  0]LogShaderCompilers: Cleaned the shader compiler working directory 'C:/Users/r017093h/AppData/Local/Temp/UnrealShaderWorkingDir/2B41D72646C34A5D7002A5B821C06391/'.
[2019.01.27-15.19.27:683][  0]LogTemp: Display: Loaded TP AllDesktopTargetPlatform
[2019.01.27-15.19.27:704][  0]LogTemp: Display: Loaded TP MacClientTargetPlatform
[2019.01.27-15.19.27:724][  0]LogTemp: Display: Loaded TP MacNoEditorTargetPlatform
[2019.01.27-15.19.27:745][  0]LogTemp: Display: Loaded TP MacServerTargetPlatform
[2019.01.27-15.19.27:765][  0]LogTemp: Display: Loaded TP MacTargetPlatform
[2019.01.27-15.19.27:785][  0]LogTemp: Display: Loaded TP WindowsClientTargetPlatform
[2019.01.27-15.19.27:805][  0]LogTemp: Display: Loaded TP WindowsNoEditorTargetPlatform
[2019.01.27-15.19.27:825][  0]LogTemp: Display: Loaded TP WindowsServerTargetPlatform
[2019.01.27-15.19.27:836][  0]LogTemp: Display: Loaded TP WindowsTargetPlatform
[2019.01.27-15.19.27:936][  0]LogTemp: Display: Loaded TP AndroidTargetPlatform
[2019.01.27-15.19.27:936][  0]LogTemp: Display: Loaded TP AndroidTargetPlatform
[2019.01.27-15.19.27:937][  0]LogTemp: Display: Loaded TP AndroidTargetPlatform
[2019.01.27-15.19.27:937][  0]LogTemp: Display: Loaded TP AndroidTargetPlatform
[2019.01.27-15.19.27:937][  0]LogTemp: Display: Loaded TP AndroidTargetPlatform
[2019.01.27-15.19.27:937][  0]LogTemp: Display: Loaded TP AndroidTargetPlatform
[2019.01.27-15.19.27:937][  0]LogTemp: Display: Loaded TP AndroidTargetPlatform
[2019.01.27-15.19.27:937][  0]LogTemp: Display: Loaded TP AndroidTargetPlatform
[2019.01.27-15.19.27:937][  0]LogTemp: Display: Loaded TP AndroidTargetPlatform
[2019.01.27-15.19.27:937][  0]LogTemp: Display: Loaded TP AndroidTargetPlatform
[2019.01.27-15.19.27:938][  0]LogTemp: Display: Loaded TP AndroidTargetPlatform
[2019.01.27-15.19.27:938][  0]LogTemp: Display: Loaded TP AndroidTargetPlatform
[2019.01.27-15.19.27:938][  0]LogTemp: Display: Loaded TP AndroidTargetPlatform
[2019.01.27-15.19.27:938][  0]LogTemp: Display: Loaded TP AndroidTargetPlatform
[2019.01.27-15.19.27:938][  0]LogTemp: Display: Loaded TP AndroidTargetPlatform
[2019.01.27-15.19.27:938][  0]LogTemp: Display: Loaded TP AndroidTargetPlatform
[2019.01.27-15.19.27:938][  0]LogTemp: Display: Loaded TP AndroidTargetPlatform
[2019.01.27-15.19.27:938][  0]LogTemp: Display: Loaded TP AndroidTargetPlatform
[2019.01.27-15.19.27:945][  0]LogTemp: Display: Loaded TP HTML5TargetPlatform
[2019.01.27-15.19.28:038][  0]LogTemp: Display: Loaded TP IOSTargetPlatform
[2019.01.27-15.19.28:039][  0]LogTemp: Display: Loaded TP IOSTargetPlatform
[2019.01.27-15.19.28:095][  0]LogTemp: Display: Loaded TP TVOSTargetPlatform
[2019.01.27-15.19.28:095][  0]LogTemp: Display: Loaded TP TVOSTargetPlatform
[2019.01.27-15.19.28:117][  0]LogTemp: Display: Loaded TP LinuxClientTargetPlatform
[2019.01.27-15.19.28:138][  0]LogTemp: Display: Loaded TP LinuxNoEditorTargetPlatform
[2019.01.27-15.19.28:158][  0]LogTemp: Display: Loaded TP LinuxServerTargetPlatform
[2019.01.27-15.19.28:186][  0]LogTemp: Display: Loaded TP LinuxTargetPlatform
[2019.01.27-15.19.28:200][  0]LogTemp: Display: Loaded TP LuminTargetPlatform
[2019.01.27-15.19.28:201][  0]LogTargetPlatformManager: Display: Building Assets For Windows
[2019.01.27-15.19.28:391][  0]LogXGEController: Cleaning working directory: C:/Users/r017093h/AppData/Local/Temp/UnrealXGEWorkingDir/
[2019.01.27-15.19.28:392][  0]LogXGEController: Cannot use XGE Controller as Incredibuild is not installed on this machine.
[2019.01.27-15.19.28:392][  0]LogShaderCompilers: Cannot use XGE Shader Compiler as Incredibuild is not installed on this machine.
[2019.01.27-15.19.28:392][  0]LogShaderCompilers: Display: Using Local Shader Compiler.
[2019.01.27-15.19.29:477][  0]LogDerivedDataCache: Display: Max Cache Size: 512 MB
[2019.01.27-15.19.29:568][  0]LogDerivedDataCache: Loaded boot cache 0.09s 73MB C:/Users/r017093h/AppData/Local/UnrealEngine/4.20/DerivedDataCache/Boot.ddc.
[2019.01.27-15.19.29:570][  0]LogDerivedDataCache: Display: Loaded Boot cache: C:/Users/r017093h/AppData/Local/UnrealEngine/4.20/DerivedDataCache/Boot.ddc
[2019.01.27-15.19.29:571][  0]LogDerivedDataCache: FDerivedDataBackendGraph:  Pak pak cache file ../../../../../../Users/r017093h/Documents/HomeIs/HomeIs/DerivedDataCache/DDC.ddp not found, will not use a pak cache.
[2019.01.27-15.19.29:571][  0]LogDerivedDataCache: Unable to find inner node Pak for hierarchical cache Hierarchy.
[2019.01.27-15.19.29:571][  0]LogDerivedDataCache: FDerivedDataBackendGraph:  CompressedPak pak cache file ../../../../../../Users/r017093h/Documents/HomeIs/HomeIs/DerivedDataCache/Compressed.ddp not found, will not use a pak cache.
[2019.01.27-15.19.29:571][  0]LogDerivedDataCache: Unable to find inner node CompressedPak for hierarchical cache Hierarchy.
[2019.01.27-15.19.29:584][  0]LogDerivedDataCache: Display: Pak cache opened for reading ../../../Engine/DerivedDataCache/Compressed.ddp.
[2019.01.27-15.19.29:599][  0]LogDerivedDataCache: Using Local data cache path C:/Users/r017093h/AppData/Local/UnrealEngine/Common/DerivedDataCache: Writable
[2019.01.27-15.19.29:599][  0]LogDerivedDataCache: Shared data cache path not found in *engine.ini, will not use an Shared cache.
[2019.01.27-15.19.29:599][  0]LogDerivedDataCache: Unable to find inner node Shared for hierarchical cache Hierarchy.
[2019.01.27-15.19.29:629][  0]LogMaterial: Verifying Global Shaders for PCD3D_SM5
[2019.01.27-15.19.29:633][  0]LogSlate: Using FreeType 2.6.0
[2019.01.27-15.19.29:636][  0]LogSlate: SlateFontServices - WITH_FREETYPE: 1, WITH_HARFBUZZ: 1
[2019.01.27-15.19.29:751][  0]LogAssetRegistry: FAssetRegistry took 0.0312 seconds to start up
[2019.01.27-15.19.30:200][  0]LogInit: Selected Device Profile: [Windows]
[2019.01.27-15.19.30:388][  0]LogSimplygon: Simplygon DLL not present - disabling.
[2019.01.27-15.19.30:403][  0]LogMeshReduction: Using SimplygonSwarm for distributed automatic mesh merging
[2019.01.27-15.19.30:403][  0]LogMeshReduction: Using ProxyLODMeshReduction for automatic mesh merging
[2019.01.27-15.19.30:403][  0]LogMeshReduction: Using QuadricMeshReduction for automatic static mesh reduction
[2019.01.27-15.19.30:403][  0]LogMeshReduction: No automatic skeletal mesh reduction module available
[2019.01.27-15.19.30:430][  0]LogNetVersion: HomeIs 1.0.0, NetCL: 4212847, EngineNetVer: 5, GameNetVer: 0 (Checksum: 4178729889)
[2019.01.27-15.19.31:274][  0]LogPackageLocalizationCache: Processed 11 localized package path(s) for 2 prioritized culture(s) in 0.291995 seconds
[2019.01.27-15.19.31:282][  0]LogUObjectArray: 38425 objects as part of root set at end of initial load.
[2019.01.27-15.19.31:282][  0]LogUObjectAllocator: 6690872 out of 0 bytes used by permanent object pool.
[2019.01.27-15.19.31:282][  0]LogUObjectArray: CloseDisregardForGC: 0/0 objects in disregard for GC pool
[2019.01.27-15.19.32:549][  0]LogTcpMessaging: Initializing TcpMessaging bridge
[2019.01.27-15.19.32:565][  0]LogUdpMessaging: Initializing bridge on interface 0.0.0.0:0 to multicast group 230.0.0.1:6666.
[2019.01.27-15.19.33:185][  0]SourceControl: Source control is disabled
[2019.01.27-15.19.33:186][  0]SourceControl: Source control is disabled
[2019.01.27-15.19.33:190][  0]SourceControl: Source control is disabled
[2019.01.27-15.19.33:196][  0]SourceControl: Source control is disabled
[2019.01.27-15.19.33:544][  0]LogAndroidPermission: UAndroidPermissionCallbackProxy::GetInstance
[2019.01.27-15.19.33:691][  0]LogOcInput: OculusInput pre-init called
[2019.01.27-15.19.33:787][  0]LogEngine: Initializing Engine...
[2019.01.27-15.19.33:788][  0]LogHMD: Failed to initialize OpenVR with code 110
[2019.01.27-15.19.33:790][  0]LogStats: UGameplayTagsManager::ConstructGameplayTagTree: ImportINI prefixes -  0.000 s
[2019.01.27-15.19.33:790][  0]LogStats: UGameplayTagsManager::ConstructGameplayTagTree: Construct from data asset -  0.000 s
[2019.01.27-15.19.33:790][  0]LogStats: UGameplayTagsManager::ConstructGameplayTagTree: ImportINI -  0.000 s
[2019.01.27-15.19.33:790][  0]LogStats: UGameplayTagsManager::ConstructGameplayTagTree: GameplayTagTreeChangedEvent.Broadcast -  0.000 s
[2019.01.27-15.19.34:095][  0]LogInit: Initializing FReadOnlyCVARCache
[2019.01.27-15.19.34:133][  0]LogAIModule: Creating AISystem for world Untitled
[2019.01.27-15.19.34:154][  0]LogInit: XAudio2 using 'Speakers (Logitech G430 Gaming Headset)' : 2 channels at 48 kHz using 16 bits per sample (channel mask 0x3)
[2019.01.27-15.19.34:190][  0]LogInit: FAudioDevice initialized.
[2019.01.27-15.19.34:191][  0]LogNetVersion: Set ProjectVersion to 1.0.0.0. Version Checksum will be recalculated on next use.
[2019.01.27-15.19.34:316][  0]LogDerivedDataCache: Saved boot cache 0.13s 73MB C:/Users/r017093h/AppData/Local/UnrealEngine/4.20/DerivedDataCache/Boot.ddc.
[2019.01.27-15.19.34:332][  0]LogInit: Texture streaming: Enabled
[2019.01.27-15.19.34:400][  0]LogEngineSessionManager: EngineSessionManager initialized
[2019.01.27-15.19.34:422][  0]LogInit: Transaction tracking system initialized
[2019.01.27-15.19.34:490][  0]BlueprintLog: New page: Editor Load
[2019.01.27-15.19.34:783][  0]LocalizationService: Localization service is disabled
[2019.01.27-15.19.35:194][  0]LogCook: Display: Max memory allowance for cook 16384mb min free memory 0mb
[2019.01.27-15.19.35:194][  0]LogCook: Display: Mobile HDR setting 1
[2019.01.27-15.19.35:195][  0]LogGameplayTags: Display: UGameplayTagsManager::DoneAddingNativeTags. DelegateIsBound: 0
[2019.01.27-15.19.35:195][  0]LogStats: UGameplayTagsManager::ConstructGameplayTagTree: ImportINI prefixes -  0.000 s
[2019.01.27-15.19.35:195][  0]LogStats: UGameplayTagsManager::ConstructGameplayTagTree: Construct from data asset -  0.000 s
[2019.01.27-15.19.35:195][  0]LogStats: UGameplayTagsManager::ConstructGameplayTagTree: ImportINI -  0.000 s
[2019.01.27-15.19.35:195][  0]LogStats: UGameplayTagsManager::ConstructGameplayTagTree: GameplayTagTreeChangedEvent.Broadcast -  0.000 s
[2019.01.27-15.19.35:452][  0]LogFileCache: Scanning file cache for directory 'C:/Users/r017093h/Documents/HomeIs/HomeIs/Content/' took 0.03s
[2019.01.27-15.19.35:452][  0]SourceControl: Source control is disabled
[2019.01.27-15.19.35:452][  0]Cmd: MAP LOAD FILE="../../../../../../Users/r017093h/Documents/HomeIs/HomeIs/Content/FirstPersonCPP/Maps/FirstPersonExampleMap.umap" TEMPLATE=0 SHOWPROGRESS=1 FEATURELEVEL=3
[2019.01.27-15.19.35:453][  0]LightingResults: New page: Lighting Build
[2019.01.27-15.19.35:458][  0]MapCheck: New page: Map Check
[2019.01.27-15.19.35:458][  0]LightingResults: New page: Lighting Build
[2019.01.27-15.19.35:716][  0]LogLinker: Warning: Can't find file '/Game/Imported/Models/Lovos_kaldra'
[2019.01.27-15.19.35:716][  0]LogLinker: Warning: Can't find file for asset '/Game/Imported/Models/Lovos_kaldra' while loading ../../../../../../Users/r017093h/Documents/HomeIs/HomeIs/Content/Meshes/BedMesh.uasset.
[2019.01.27-15.19.35:717][  0]LoadErrors: Error: /Game/Meshes/BedMesh : Can't find file for asset. /Game/Imported/Models/Lovos_kaldra
[2019.01.27-15.19.35:717][  0]LogLinker: Warning: Can't find file '/Game/Imported/Models/Lovos_korpusas'
[2019.01.27-15.19.35:718][  0]LogLinker: Warning: Can't find file for asset '/Game/Imported/Models/Lovos_korpusas' while loading ../../../../../../Users/r017093h/Documents/HomeIs/HomeIs/Content/Meshes/BedMesh.uasset.
[2019.01.27-15.19.35:718][  0]LoadErrors: Error: /Game/Meshes/BedMesh : Can't find file for asset. /Game/Imported/Models/Lovos_korpusas
[2019.01.27-15.19.35:718][  0]LogLinker: Warning: Can't find file '/Game/Imported/Models/Lovos_pilka_medziaga'
[2019.01.27-15.19.35:719][  0]LogLinker: Warning: Can't find file for asset '/Game/Imported/Models/Lovos_pilka_medziaga' while loading ../../../../../../Users/r017093h/Documents/HomeIs/HomeIs/Content/Meshes/BedMesh.uasset.
[2019.01.27-15.19.35:719][  0]LoadErrors: Error: /Game/Meshes/BedMesh : Can't find file for asset. /Game/Imported/Models/Lovos_pilka_medziaga
[2019.01.27-15.19.35:720][  0]LogLinker: Warning: Can't find file '/Game/Imported/Models/Paklode'
[2019.01.27-15.19.35:720][  0]LogLinker: Warning: Can't find file for asset '/Game/Imported/Models/Paklode' while loading ../../../../../../Users/r017093h/Documents/HomeIs/HomeIs/Content/Meshes/BedMesh.uasset.
[2019.01.27-15.19.35:720][  0]LoadErrors: Error: /Game/Meshes/BedMesh : Can't find file for asset. /Game/Imported/Models/Paklode
[2019.01.27-15.19.35:721][  0]LogLinker: Warning: Can't find file '/Game/Imported/Models/Pataline_rusva'
[2019.01.27-15.19.35:722][  0]LogLinker: Warning: Can't find file for asset '/Game/Imported/Models/Pataline_rusva' while loading ../../../../../../Users/r017093h/Documents/HomeIs/HomeIs/Content/Meshes/BedMesh.uasset.
[2019.01.27-15.19.35:722][  0]LoadErrors: Error: /Game/Meshes/BedMesh : Can't find file for asset. /Game/Imported/Models/Pataline_rusva
[2019.01.27-15.19.35:722][  0]LogLinker: Warning: Can't find file '/Game/Imported/Models/Lovos_kaldra'
[2019.01.27-15.19.35:723][  0]LogLinker: Warning: Can't find file for asset '/Game/Imported/Models/Lovos_kaldra' while loading ../../../../../../Users/r017093h/Documents/HomeIs/HomeIs/Content/Meshes/BedMesh.uasset.
[2019.01.27-15.19.35:723][  0]LoadErrors: Error: /Game/Meshes/BedMesh : Can't find file for asset. /Game/Imported/Models/Lovos_kaldra
[2019.01.27-15.19.35:724][  0]LogLinker: Warning: Can't find file '/Game/Imported/Models/Lovos_korpusas'
[2019.01.27-15.19.35:724][  0]LogLinker: Warning: Can't find file for asset '/Game/Imported/Models/Lovos_korpusas' while loading ../../../../../../Users/r017093h/Documents/HomeIs/HomeIs/Content/Meshes/BedMesh.uasset.
[2019.01.27-15.19.35:725][  0]LoadErrors: Error: /Game/Meshes/BedMesh : Can't find file for asset. /Game/Imported/Models/Lovos_korpusas
[2019.01.27-15.19.35:725][  0]LogLinker: Warning: Can't find file '/Game/Imported/Models/Lovos_pilka_medziaga'
[2019.01.27-15.19.35:726][  0]LogLinker: Warning: Can't find file for asset '/Game/Imported/Models/Lovos_pilka_medziaga' while loading ../../../../../../Users/r017093h/Documents/HomeIs/HomeIs/Content/Meshes/BedMesh.uasset.
[2019.01.27-15.19.35:726][  0]LoadErrors: Error: /Game/Meshes/BedMesh : Can't find file for asset. /Game/Imported/Models/Lovos_pilka_medziaga
[2019.01.27-15.19.35:727][  0]LogLinker: Warning: Can't find file '/Game/Imported/Models/Paklode'
[2019.01.27-15.19.35:728][  0]LogLinker: Warning: Can't find file for asset '/Game/Imported/Models/Paklode' while loading ../../../../../../Users/r017093h/Documents/HomeIs/HomeIs/Content/Meshes/BedMesh.uasset.
[2019.01.27-15.19.35:728][  0]LoadErrors: Error: /Game/Meshes/BedMesh : Can't find file for asset. /Game/Imported/Models/Paklode
[2019.01.27-15.19.35:730][  0]LogLinker: Warning: Can't find file '/Game/Imported/Models/Pataline_rusva'
[2019.01.27-15.19.35:730][  0]LogLinker: Warning: Can't find file for asset '/Game/Imported/Models/Pataline_rusva' while loading ../../../../../../Users/r017093h/Documents/HomeIs/HomeIs/Content/Meshes/BedMesh.uasset.
[2019.01.27-15.19.35:730][  0]LoadErrors: Error: /Game/Meshes/BedMesh : Can't find file for asset. /Game/Imported/Models/Pataline_rusva
[2019.01.27-15.19.36:003][  0]LogLinker: Warning: Can't find file '/Game/Imported/Models/Lovos_pilka_medziaga'
[2019.01.27-15.19.36:004][  0]LoadErrors: Failed to load /Game/Imported/Models/Lovos_pilka_medziaga.Lovos_pilka_medziaga Referenced by BedMesh
[2019.01.27-15.19.36:004][  0]LogLinker: Warning: Can't find file for asset '/Game/Imported/Models/Lovos_pilka_medziaga' while loading NULL.
[2019.01.27-15.19.36:005][  0]LoadErrors: Failed to load /Game/Imported/Models/Lovos_pilka_medziaga.Lovos_pilka_medziaga Referenced by BedMesh
[2019.01.27-15.19.36:005][  0]LogLinker: Warning: Can't find file '/Game/Imported/Models/Pataline_rusva'
[2019.01.27-15.19.36:005][  0]LoadErrors: Failed to load /Game/Imported/Models/Pataline_rusva.Pataline_rusva Referenced by BedMesh
[2019.01.27-15.19.36:006][  0]LogLinker: Warning: Can't find file for asset '/Game/Imported/Models/Pataline_rusva' while loading NULL.
[2019.01.27-15.19.36:006][  0]LoadErrors: Failed to load /Game/Imported/Models/Pataline_rusva.Pataline_rusva Referenced by BedMesh
[2019.01.27-15.19.36:007][  0]LogLinker: Warning: Can't find file '/Game/Imported/Models/Lovos_kaldra'
[2019.01.27-15.19.36:007][  0]LoadErrors: Failed to load /Game/Imported/Models/Lovos_kaldra.Lovos_kaldra Referenced by BedMesh
[2019.01.27-15.19.36:008][  0]LogLinker: Warning: Can't find file for asset '/Game/Imported/Models/Lovos_kaldra' while loading NULL.
[2019.01.27-15.19.36:008][  0]LoadErrors: Failed to load /Game/Imported/Models/Lovos_kaldra.Lovos_kaldra Referenced by BedMesh
[2019.01.27-15.19.36:009][  0]LogLinker: Warning: Can't find file '/Game/Imported/Models/Lovos_korpusas'
[2019.01.27-15.19.36:009][  0]LoadErrors: Failed to load /Game/Imported/Models/Lovos_korpusas.Lovos_korpusas Referenced by BedMesh
[2019.01.27-15.19.36:010][  0]LogLinker: Warning: Can't find file for asset '/Game/Imported/Models/Lovos_korpusas' while loading NULL.
[2019.01.27-15.19.36:010][  0]LoadErrors: Failed to load /Game/Imported/Models/Lovos_korpusas.Lovos_korpusas Referenced by BedMesh
[2019.01.27-15.19.36:011][  0]LogLinker: Warning: Can't find file '/Game/Imported/Models/Paklode'
[2019.01.27-15.19.36:011][  0]LoadErrors: Failed to load /Game/Imported/Models/Paklode.Paklode Referenced by BedMesh
[2019.01.27-15.19.36:012][  0]LogLinker: Warning: Can't find file for asset '/Game/Imported/Models/Paklode' while loading NULL.
[2019.01.27-15.19.36:012][  0]LoadErrors: Failed to load /Game/Imported/Models/Paklode.Paklode Referenced by BedMesh
[2019.01.27-15.19.36:013][  0]LogLinker: Warning: Can't find file '/Game/Imported/Models/Lovos_pilka_medziaga'
[2019.01.27-15.19.36:013][  0]LoadErrors: Failed to load /Game/Imported/Models/Lovos_pilka_medziaga.Lovos_pilka_medziaga Referenced by BedMesh
[2019.01.27-15.19.36:014][  0]LogLinker: Warning: Can't find file for asset '/Game/Imported/Models/Lovos_pilka_medziaga' while loading NULL.
[2019.01.27-15.19.36:014][  0]LoadErrors: Failed to load /Game/Imported/Models/Lovos_pilka_medziaga.Lovos_pilka_medziaga Referenced by BedMesh
[2019.01.27-15.19.36:015][  0]LogLinker: Warning: Can't find file '/Game/Imported/Models/Pataline_rusva'
[2019.01.27-15.19.36:015][  0]LoadErrors: Failed to load /Game/Imported/Models/Pataline_rusva.Pataline_rusva Referenced by BedMesh
[2019.01.27-15.19.36:016][  0]LogLinker: Warning: Can't find file for asset '/Game/Imported/Models/Pataline_rusva' while loading NULL.
[2019.01.27-15.19.36:016][  0]LoadErrors: Failed to load /Game/Imported/Models/Pataline_rusva.Pataline_rusva Referenced by BedMesh
[2019.01.27-15.19.36:017][  0]LogLinker: Warning: Can't find file '/Game/Imported/Models/Lovos_kaldra'
[2019.01.27-15.19.36:017][  0]LoadErrors: Failed to load /Game/Imported/Models/Lovos_kaldra.Lovos_kaldra Referenced by BedMesh
[2019.01.27-15.19.36:018][  0]LogLinker: Warning: Can't find file for asset '/Game/Imported/Models/Lovos_kaldra' while loading NULL.
[2019.01.27-15.19.36:018][  0]LoadErrors: Failed to load /Game/Imported/Models/Lovos_kaldra.Lovos_kaldra Referenced by BedMesh
[2019.01.27-15.19.36:019][  0]LogLinker: Warning: Can't find file '/Game/Imported/Models/Lovos_korpusas'
[2019.01.27-15.19.36:019][  0]LoadErrors: Failed to load /Game/Imported/Models/Lovos_korpusas.Lovos_korpusas Referenced by BedMesh
[2019.01.27-15.19.36:020][  0]LogLinker: Warning: Can't find file for asset '/Game/Imported/Models/Lovos_korpusas' while loading NULL.
[2019.01.27-15.19.36:020][  0]LoadErrors: Failed to load /Game/Imported/Models/Lovos_korpusas.Lovos_korpusas Referenced by BedMesh
[2019.01.27-15.19.36:020][  0]LogLinker: Warning: Can't find file '/Game/Imported/Models/Paklode'
[2019.01.27-15.19.36:021][  0]LoadErrors: Failed to load /Game/Imported/Models/Paklode.Paklode Referenced by BedMesh
[2019.01.27-15.19.36:021][  0]LogLinker: Warning: Can't find file for asset '/Game/Imported/Models/Paklode' while loading NULL.
[2019.01.27-15.19.36:022][  0]LoadErrors: Failed to load /Game/Imported/Models/Paklode.Paklode Referenced by BedMesh
[2019.01.27-15.19.37:185][  0]LogAIModule: Creating AISystem for world FirstPersonExampleMap
[2019.01.27-15.19.37:239][  0]LogActorComponent: RegisterComponentWithWorld: (/Game/FirstPersonCPP/Maps/FirstPersonExampleMap.FirstPersonExampleMap:PersistentLevel.MyBarricade_4.raycastCollider) Trying to register component with IsPendingKill() == true. Aborting.
[2019.01.27-15.19.37:248][  0]LogEditorServer: Finished looking for orphan Actors (0.000 secs)
[2019.01.27-15.19.37:285][  0]Cmd: MAP CHECKDEP NOCLEARLOG
[2019.01.27-15.19.37:571][  0]MapCheck: Map check complete: 0 Error(s), 0 Warning(s), took 285.509ms to complete.
[2019.01.27-15.19.37:571][  0]LogFileHelpers: Loading map 'FirstPersonExampleMap' took 2.119
[2019.01.27-15.19.37:778][  0]LogSlate: Updating window title bar state: overlay mode, drag disabled, window buttons hidden, title bar hidden
[2019.01.27-15.19.37:787][  0]LogSlate: Updating window title bar state: overlay mode, drag disabled, window buttons hidden, title bar hidden
[2019.01.27-15.19.37:796][  0]LogSlate: Updating window title bar state: overlay mode, drag disabled, window buttons hidden, title bar hidden
[2019.01.27-15.19.37:806][  0]LogSlate: Updating window title bar state: overlay mode, drag disabled, window buttons hidden, title bar hidden
[2019.01.27-15.19.37:819][  0]LogCollectionManager: Loaded 0 collections in 0.004236 seconds
[2019.01.27-15.19.37:885][  0]LogFileCache: Scanning file cache for directory 'C:/Users/r017093h/Documents/HomeIs/HomeIs/Saved/Collections/' took 0.01s
[2019.01.27-15.19.37:885][  0]LogFileCache: Scanning file cache for directory 'C:/Users/r017093h/Documents/HomeIs/HomeIs/Content/Developers/r017093h/Collections/' took 0.01s
[2019.01.27-15.19.37:885][  0]LogFileCache: Scanning file cache for directory 'C:/Users/r017093h/Documents/HomeIs/HomeIs/Content/Collections/' took 0.01s
[2019.01.27-15.19.37:885][  0]LogCollectionManager: Rebuilt the GUID cache for 0 collections in 0.000000 seconds
[2019.01.27-15.19.37:912][  0]LogContentBrowser: Native class hierarchy populated in 0.0263 seconds. Added 2596 classes and 611 folders.
[2019.01.27-15.19.37:944][  0]LogContentBrowser: Native class hierarchy updated for 'WidgetCarousel' in 0.0012 seconds. Added 0 classes and 0 folders.
[2019.01.27-15.19.38:083][  0]LogContentBrowser: Native class hierarchy updated for 'AddContentDialog' in 0.0006 seconds. Added 0 classes and 0 folders.
[2019.01.27-15.19.38:094][  0]LogContentBrowser: Native class hierarchy updated for 'SceneOutliner' in 0.0007 seconds. Added 1 classes and 2 folders.
[2019.01.27-15.19.38:111][  0]LogSlate: Took 0.000352 seconds to synchronously load lazily loaded font '../../../Engine/Content/Slate/Fonts/Roboto-Regular.ttf' (155K)
[2019.01.27-15.19.38:116][  0]LogSlate: Took 0.000457 seconds to synchronously load lazily loaded font '../../../Engine/Content/Slate/Fonts/Roboto-Bold.ttf' (160K)
[2019.01.27-15.19.38:130][  0]LogSlate: Took 0.000632 seconds to synchronously load lazily loaded font '../../../Engine/Content/Editor/Slate/Fonts/FontAwesome.ttf' (139K)
[2019.01.27-15.19.38:334][  0]LogRenderer: Reallocating scene render targets to support 1208x576 Format 10 NumSamples 1 (Frame:1).
[2019.01.27-15.19.38:402][  0]LogSlate: Took 0.000242 seconds to synchronously load lazily loaded font '../../../Engine/Content/Slate/Fonts/Roboto-Light.ttf' (167K)
[2019.01.27-15.19.38:492][  0]LogContentBrowser: Native class hierarchy updated for 'HierarchicalLODOutliner' in 0.0007 seconds. Added 0 classes and 0 folders.
[2019.01.27-15.19.38:492][  0]LogLoad: (Engine Initialization) Total time: 16.28 seconds
[2019.01.27-15.19.38:492][  0]LogLoad: (Engine Initialization) Total Blueprint compile time: 0.00 seconds
[2019.01.27-15.19.38:503][  0]LogWindowsTextInputMethodSystem: Display: IME system now deactivated.
[2019.01.27-15.19.38:562][  0]LogContentStreaming: Texture pool size now 1000 MB
[2019.01.27-15.19.38:570][  0]LogSlate: FSceneViewport::OnFocusLost() reason 2
[2019.01.27-15.19.38:660][  1]LogAssetRegistry: Asset discovery search completed in 8.9343 seconds
[2019.01.27-15.19.38:662][  1]LogCollectionManager: Rebuilt the object cache for 0 collections in 0.000001 seconds (found 0 objects)
[2019.01.27-15.19.38:662][  1]LogCollectionManager: Fixed up redirectors for 0 collections in 0.000168 seconds (updated 0 objects)
[2019.01.27-15.19.40:103][125]LogSlate: Window 'Message Log' being destroyed
[2019.01.27-15.19.40:106][125]LogSlate: Window 'Message Log' being destroyed
[2019.01.27-15.19.41:357][270]LogSlate: FSceneViewport::OnFocusLost() reason 0
[2019.01.27-15.19.41:423][278]LogTemp: Repeating last play command: Selected Viewport
[2019.01.27-15.19.41:450][278]LogBlueprintUserMessages: Early PlayInEditor Detection: Level '/Game/FirstPersonCPP/Maps/FirstPersonExampleMap.FirstPersonExampleMap:PersistentLevel' has LevelScriptBlueprint '/Game/FirstPersonCPP/Maps/FirstPersonExampleMap.FirstPersonExampleMap:PersistentLevel.FirstPersonExampleMap' with GeneratedClass '/Game/FirstPersonCPP/Maps/FirstPersonExampleMap.FirstPersonExampleMap_C' with ClassGeneratedBy '/Game/FirstPersonCPP/Maps/FirstPersonExampleMap.FirstPersonExampleMap:PersistentLevel.FirstPersonExampleMap'
[2019.01.27-15.19.41:450][278]LogPlayLevel: PlayLevel: No blueprints needed recompiling
[2019.01.27-15.19.41:464][278]PIE: New page: PIE session: FirstPersonExampleMap (27 Jan 2019 15:19:41)
[2019.01.27-15.19.41:465][278]LogPlayLevel: Creating play world package: /Game/FirstPersonCPP/Maps/UEDPIE_0_FirstPersonExampleMap
[2019.01.27-15.19.41:562][278]LogPlayLevel: PIE: StaticDuplicateObject took: (0.098193s)
[2019.01.27-15.19.41:563][278]LogAIModule: Creating AISystem for world FirstPersonExampleMap
[2019.01.27-15.19.41:564][278]LogPlayLevel: PIE: World Init took: (0.001594s)
[2019.01.27-15.19.41:564][278]LogPlayLevel: PIE: Created PIE world by copying editor world from /Game/FirstPersonCPP/Maps/FirstPersonExampleMap.FirstPersonExampleMap to /Game/FirstPersonCPP/Maps/UEDPIE_0_FirstPersonExampleMap.FirstPersonExampleMap (0.100363s)
[2019.01.27-15.19.41:608][278]LogInit: XAudio2 using 'Speakers (Logitech G430 Gaming Headset)' : 2 channels at 48 kHz using 16 bits per sample (channel mask 0x3)
[2019.01.27-15.19.41:619][278]LogInit: FAudioDevice initialized.
[2019.01.27-15.19.41:670][278]LogLoad: Game class is 'HomeIsGameMode'
[2019.01.27-15.19.41:686][278]LogWorld: Bringing World /Game/FirstPersonCPP/Maps/UEDPIE_0_FirstPersonExampleMap.FirstPersonExampleMap up for play (max tick rate 0) at 2019.01.27-15.19.41
[2019.01.27-15.19.41:690][278]LogWorld: Bringing up level for play took: 0.016435
