Log file open, 01/26/19 21:06:28
LogWindows: Failed to load 'aqProf.dll' (GetLastError=126)
LogWindows: File 'aqProf.dll' does not exist
LogWindows: Failed to load 'VSPerf140.dll' (GetLastError=126)
LogWindows: File 'VSPerf140.dll' does not exist
LogWindows: Failed to load 'VtuneApi.dll' (GetLastError=126)
LogWindows: File 'VtuneApi.dll' does not exist
LogWindows: Failed to load 'VtuneApi32e.dll' (GetLastError=126)
LogWindows: File 'VtuneApi32e.dll' does not exist
LogInit: Display: Running engine for game: HomeIs
LogPlatformFile: Not using cached read wrapper
LogTaskGraph: Started task graph with 5 named threads and 23 total threads with 3 sets of task threads.
LogStats: Stats thread started at 0.563125
LogD3D11RHI: Loaded GFSDK_Aftermath_Lib.x64.dll
LogICUInternationalization: Display: ICU TimeZone Detection - Raw Offset: +0:00, Platform Override: ''
LogPluginManager: Mounting plugin Paper2D
LogPluginManager: Mounting plugin AISupport
LogPluginManager: Mounting plugin LightPropagationVolume
LogPluginManager: Mounting plugin CLionSourceCodeAccess
LogPluginManager: Mounting plugin CodeLiteSourceCodeAccess
LogPluginManager: Mounting plugin GitSourceControl
LogPluginManager: Mounting plugin KDevelopSourceCodeAccess
LogPluginManager: Mounting plugin NullSourceCodeAccess
LogPluginManager: Mounting plugin PerforceSourceControl
LogPluginManager: Mounting plugin SubversionSourceControl
LogPluginManager: Mounting plugin UObjectPlugin
LogPluginManager: Mounting plugin VisualStudioCodeSourceCodeAccess
LogPluginManager: Mounting plugin VisualStudioSourceCodeAccess
LogPluginManager: Mounting plugin XCodeSourceCodeAccess
LogPluginManager: Mounting plugin AssetManagerEditor
LogPluginManager: Mounting plugin CryptoKeys
LogPluginManager: Mounting plugin DataValidation
LogPluginManager: Mounting plugin FacialAnimation
LogPluginManager: Mounting plugin GameplayTagsEditor
LogPluginManager: Mounting plugin MacGraphicsSwitching
LogPluginManager: Mounting plugin MeshEditor
LogPluginManager: Mounting plugin MobileLauncherProfileWizard
LogPluginManager: Mounting plugin PluginBrowser
LogPluginManager: Mounting plugin SpeedTreeImporter
LogPluginManager: Mounting plugin DatasmithContent
LogPluginManager: Mounting plugin AlembicImporter
LogPluginManager: Mounting plugin AppleImageUtils
LogPluginManager: Mounting plugin AppleVision
LogPluginManager: Mounting plugin BackChannel
LogPluginManager: Mounting plugin CharacterAI
LogPluginManager: Mounting plugin GeometryCache
LogPluginManager: Mounting plugin HTML5Networking
LogPluginManager: Mounting plugin ProxyLODPlugin
LogPluginManager: Mounting plugin MagicLeap
LogPluginManager: Mounting plugin MagicLeapEmulator
LogPluginManager: Mounting plugin MagicLeapMedia
LogPluginManager: Mounting plugin AndroidMedia
LogPluginManager: Mounting plugin AvfMedia
LogPluginManager: Mounting plugin ImgMedia
LogPluginManager: Mounting plugin LinearTimecode
LogPluginManager: Mounting plugin MediaCompositing
LogPluginManager: Mounting plugin MediaPlayerEditor
LogPluginManager: Mounting plugin WmfMedia
LogPluginManager: Mounting plugin TcpMessaging
LogPluginManager: Mounting plugin UdpMessaging
LogPluginManager: Mounting plugin ActorSequence
LogPluginManager: Mounting plugin LevelSequenceEditor
LogPluginManager: Mounting plugin MatineeToLevelSequence
LogPluginManager: Mounting plugin NetcodeUnitTest
LogPluginManager: Mounting plugin NUTUnrealEngine4
LogPluginManager: Mounting plugin OnlineSubsystemGooglePlay
LogPluginManager: Mounting plugin OnlineSubsystemIOS
LogPluginManager: Mounting plugin OnlineSubsystem
LogPluginManager: Mounting plugin OnlineSubsystemNull
LogPluginManager: Mounting plugin OnlineSubsystemUtils
LogPluginManager: Mounting plugin LauncherChunkInstaller
LogPluginManager: Mounting plugin AndroidDeviceProfileSelector
LogPluginManager: Mounting plugin AndroidMoviePlayer
LogPluginManager: Mounting plugin AndroidPermission
LogPluginManager: Mounting plugin ApexDestruction
LogPluginManager: Mounting plugin AppleMoviePlayer
LogPluginManager: Mounting plugin ArchVisCharacter
LogPluginManager: Mounting plugin AudioCapture
LogPluginManager: Mounting plugin CableComponent
LogPluginManager: Mounting plugin CustomMeshComponent
LogPluginManager: Mounting plugin EditableMesh
LogPluginManager: Mounting plugin ExampleDeviceProfileSelector
LogPluginManager: Mounting plugin GoogleCloudMessaging
LogPluginManager: Mounting plugin ImmediatePhysics
LogPluginManager: Mounting plugin IOSDeviceProfileSelector
LogPluginManager: Mounting plugin LinuxDeviceProfileSelector
LogPluginManager: Mounting plugin LocationServicesBPLibrary
LogPluginManager: Mounting plugin MobilePatchingUtils
LogPluginManager: Mounting plugin OculusVR
LogPluginManager: Plugin shader directory ../../../Engine/Plugins/Runtime/Oculus/OculusVR/Shaders found
LogPluginManager: Mapping shader source directory ../../../Engine/Plugins/Runtime/Oculus/OculusVR/Shaders to virtual directory /Plugin/OculusVR
LogPluginManager: Mounting plugin PhysXVehicles
LogPluginManager: Mounting plugin ProceduralMeshComponent
LogPluginManager: Mounting plugin RuntimePhysXCooking
LogPluginManager: Mounting plugin SteamVR
LogPluginManager: Mounting plugin WindowsMoviePlayer
LogStreaming: Display: Took  0.321s to configure plugins.
LogInit: Using libcurl 7.55.1-DEV
LogInit:  - built for x86_64-pc-win32
LogInit:  - supports SSL with OpenSSL/1.0.2h
LogInit:  - supports HTTP deflate (compression) using libz 1.2.8
LogInit:  - other features:
LogInit:      CURL_VERSION_SSL
LogInit:      CURL_VERSION_LIBZ
LogInit:      CURL_VERSION_IPV6
LogInit:      CURL_VERSION_ASYNCHDNS
LogInit:      CURL_VERSION_LARGEFILE
LogInit:      CURL_VERSION_IDN
LogInit:  CurlRequestOptions (configurable via config and command line):
LogInit:  - bVerifyPeer = false  - Libcurl will NOT verify peer certificate
LogInit:  - bUseHttpProxy = false  - Libcurl will NOT use HTTP proxy
LogInit:  - bDontReuseConnections = false  - Libcurl will reuse connections
LogInit:  - CertBundlePath = nullptr  - Libcurl will use whatever was configured at build time.
LogInit:  - MaxHostConnections = 16  - Libcurl will limit the number of connections to a host
LogInit:  - LocalHostAddr = Default
LogInit:  - BufferSize = 65536
LogInit: WinSock: version 1.1 (2.2), MaxSocks=32767, MaxUdp=65467
LogInit: Build: ++UE4+Release-4.20-CL-4369336
LogInit: Engine Version: 4.20.3-4369336+++UE4+Release-4.20
LogInit: Compatible Engine Version: 4.20.0-4212847+++UE4+Release-4.20
LogInit: Net CL: 4212847
LogInit: OS: Windows 10 (), CPU: Intel(R) Xeon(R) CPU E5-1620 v3 @ 3.50GHz, GPU: NVIDIA GeForce GTX 970
LogInit: Compiled (64-bit): Sep 17 2018 12:26:19
LogInit: Compiled with Visual C++: 19.13.26129.00
LogInit: Build Configuration: Development
LogInit: Branch Name: ++UE4+Release-4.20
LogInit: Command Line:  -skipcompile
LogInit: Base Directory: C:/Epic/UE4/UE_4.20/Engine/Binaries/Win64/
LogInit: Installed Engine Build: 1
LogDevObjectVersion: Number of dev versions registered: 20
LogDevObjectVersion:   Dev-Blueprints (B0D832E4-1F89-4F0D-ACCF-7EB736FD4AA2): 10
LogDevObjectVersion:   Dev-Build (E1C64328-A22C-4D53-A36C-8E866417BD8C): 0
LogDevObjectVersion:   Dev-Core (375EC13C-06E4-48FB-B500-84F0262A717E): 2
LogDevObjectVersion:   Dev-Editor (E4B068ED-F494-42E9-A231-DA0B2E46BB41): 24
LogDevObjectVersion:   Dev-Framework (CFFC743F-43B0-4480-9391-14DF171D2073): 34
LogDevObjectVersion:   Dev-Mobile (B02B49B5-BB20-44E9-A304-32B752E40360): 2
LogDevObjectVersion:   Dev-Networking (A4E4105C-59A1-49B5-A7C5-40C4547EDFEE): 0
LogDevObjectVersion:   Dev-Online (39C831C9-5AE6-47DC-9A44-9C173E1C8E7C): 0
LogDevObjectVersion:   Dev-Physics (78F01B33-EBEA-4F98-B9B4-84EACCB95AA2): 0
LogDevObjectVersion:   Dev-Platform (6631380F-2D4D-43E0-8009-CF276956A95A): 0
LogDevObjectVersion:   Dev-Rendering (12F88B9F-8875-4AFC-A67C-D90C383ABD29): 26
LogDevObjectVersion:   Dev-Sequencer (7B5AE74C-D270-4C10-A958-57980B212A5A): 9
LogDevObjectVersion:   Dev-VR (D7296918-1DD6-4BDD-9DE2-64A83CC13884): 2
LogDevObjectVersion:   Dev-LoadTimes (C2A15278-BFE7-4AFE-6C17-90FF531DF755): 1
LogDevObjectVersion:   Private-Geometry (6EACA3D4-40EC-4CC1-B786-8BED09428FC5): 3
LogDevObjectVersion:   Dev-AnimPhys (29E575DD-E0A3-4627-9D10-D276232CDCEA): 17
LogDevObjectVersion:   Dev-ReflectionCapture (6B266CEC-1EC7-4B8F-A30B-E4D90942FC07): 1
LogDevObjectVersion:   Dev-Automation (0DF73D61-A23F-47EA-B727-89E90C41499A): 1
LogDevObjectVersion:   FortniteMain (601D1886-AC64-4F84-AA16-D3DE0DEAC7D6): 12
LogDevObjectVersion:   Dev-Enterprise (9DFFBCD6-494F-0158-E221-12823C92A888): 1
LogStreaming: Display: Took  0.007s to delete old logs.
LogLinker: Error: AddRedirectList(C:/Users/c013767h/Documents/GitHub/HomeIs/HomeIs/Saved/Config/Windows/Engine.ini) found conflicting redirectors for TP_FirstPerson! Old: /Script/MyProject2.TP_FirstPerson, New: /Script/HomeIs.TP_FirstPerson
LogLinker: Error: AddRedirectList(C:/Users/c013767h/Documents/GitHub/HomeIs/HomeIs/Saved/Config/Windows/Engine.ini) found conflicting redirectors for /Script/TP_FirstPerson! Old: /Script/MyProject2, New: /Script/HomeIs
LogLinker: Error: AddRedirectList(C:/Users/c013767h/Documents/GitHub/HomeIs/HomeIs/Saved/Config/Windows/Engine.ini) found conflicting redirectors for TP_FirstPersonProjectile! Old: MyProject2Projectile, New: HomeIsProjectile
LogLinker: Error: AddRedirectList(C:/Users/c013767h/Documents/GitHub/HomeIs/HomeIs/Saved/Config/Windows/Engine.ini) found conflicting redirectors for TP_FirstPersonProjectile! Old: MyProject2Projectile, New: HomeIsProjectile
LogLinker: Error: AddRedirectList(C:/Users/c013767h/Documents/GitHub/HomeIs/HomeIs/Saved/Config/Windows/Engine.ini) found conflicting redirectors for TP_FirstPersonHUD! Old: MyProject2HUD, New: HomeIsHUD
LogLinker: Error: AddRedirectList(C:/Users/c013767h/Documents/GitHub/HomeIs/HomeIs/Saved/Config/Windows/Engine.ini) found conflicting redirectors for TP_FirstPersonHUD! Old: MyProject2HUD, New: HomeIsHUD
LogLinker: Error: AddRedirectList(C:/Users/c013767h/Documents/GitHub/HomeIs/HomeIs/Saved/Config/Windows/Engine.ini) found conflicting redirectors for TP_FirstPersonGameMode! Old: MyProject2GameMode, New: HomeIsGameMode
LogLinker: Error: AddRedirectList(C:/Users/c013767h/Documents/GitHub/HomeIs/HomeIs/Saved/Config/Windows/Engine.ini) found conflicting redirectors for TP_FirstPersonGameMode! Old: MyProject2GameMode, New: HomeIsGameMode
LogLinker: Error: AddRedirectList(C:/Users/c013767h/Documents/GitHub/HomeIs/HomeIs/Saved/Config/Windows/Engine.ini) found conflicting redirectors for TP_FirstPersonCharacter! Old: MyProject2Character, New: HomeIsCharacter
LogLinker: Error: AddRedirectList(C:/Users/c013767h/Documents/GitHub/HomeIs/HomeIs/Saved/Config/Windows/Engine.ini) found conflicting redirectors for TP_FirstPersonCharacter! Old: MyProject2Character, New: HomeIsCharacter
LogInit: Presizing for max 8388607 objects, including 0 objects not considered by GC, pre-allocating 0 bytes for permanent pool.
LogInit: Object subsystem initialized
[2019.01.26-21.06.29:356][  0]LogInit: Selected Device Profile: [Windows]
[2019.01.26-21.06.29:356][  0]LogInit: Applying CVar settings loaded from the selected device profile: [Windows]
[2019.01.26-21.06.29:387][  0]LogHAL: Display: Platform has ~ 16 GB [17092038656 / 17179869184 / 16], which maps to Larger [LargestMinGB=32, LargerMinGB=12, DefaultMinGB=8, SmallerMinGB=6, SmallestMinGB=0)
[2019.01.26-21.06.29:388][  0]LogInit: Setting Device Profile CVar: [[r.Vulkan.UseRealUBs:1]]
[2019.01.26-21.06.29:388][  0]LogInit: Going up to parent DeviceProfile []
[2019.01.26-21.06.29:388][  0]LogInit: Computer: D102-12
[2019.01.26-21.06.29:388][  0]LogInit: User: c013767h
[2019.01.26-21.06.29:388][  0]LogInit: CPU Page size=4096, Cores=4
[2019.01.26-21.06.29:388][  0]LogInit: High frequency timer resolution =3.410072 MHz
[2019.01.26-21.06.29:389][  0]LogMemory: Memory total: Physical=15.9GB (16GB approx)
[2019.01.26-21.06.29:389][  0]LogMemory: Platform Memory Stats for Windows
[2019.01.26-21.06.29:389][  0]LogMemory: Process Physical Memory: 101.28 MB used, 101.28 MB peak
[2019.01.26-21.06.29:389][  0]LogMemory: Process Virtual Memory: 91.03 MB used, 91.03 MB peak
[2019.01.26-21.06.29:389][  0]LogMemory: Physical Memory: 7089.10 MB used,  9211.14 MB free, 16300.24 MB total
[2019.01.26-21.06.29:389][  0]LogMemory: Virtual Memory: 4640.35 MB used,  9211.14 MB free, 134217728.00 MB total
[2019.01.26-21.06.29:520][  0]LogInit: Using OS detected language (en-US).
[2019.01.26-21.06.29:520][  0]LogInit: Using OS detected locale (en-GB).
[2019.01.26-21.06.29:521][  0]LogTextLocalizationManager: No specific localization for 'en-US' exists, so the 'en' localization will be used.
[2019.01.26-21.06.29:946][  0]LogStreaming: Display: Took  0.427s to InitEngineTextLocalization.
[2019.01.26-21.06.29:947][  0]LogInit: Setting process to per monitor DPI aware
[2019.01.26-21.06.30:019][  0]LogSlate: New Slate User Created.  User Index 0, Is Virtual User: 0
[2019.01.26-21.06.30:019][  0]LogSlate: Slate User Registered.  User Index 0, Is Virtual User: 0
[2019.01.26-21.06.30:359][  0]LogHMD: Failed to initialize OpenVR with code 110
[2019.01.26-21.06.30:359][  0]LogD3D11RHI: D3D11 adapters:
[2019.01.26-21.06.30:462][  0]LogD3D11RHI:    0. 'NVIDIA GeForce GTX 970' (Feature Level 11_0)
[2019.01.26-21.06.30:462][  0]LogD3D11RHI:       4043/0/8150 MB DedicatedVideo/DedicatedSystem/SharedSystem, Outputs:2, VendorId:0x10de
[2019.01.26-21.06.30:469][  0]LogD3D11RHI:    1. 'Microsoft Basic Render Driver' (Feature Level 11_0)
[2019.01.26-21.06.30:469][  0]LogD3D11RHI:       0/0/8150 MB DedicatedVideo/DedicatedSystem/SharedSystem, Outputs:0, VendorId:0x1414
[2019.01.26-21.06.30:469][  0]LogD3D11RHI: Chosen D3D11 Adapter: 0
[2019.01.26-21.06.30:482][  0]LogD3D11RHI: Creating new Direct3DDevice
[2019.01.26-21.06.30:482][  0]LogD3D11RHI:     GPU DeviceId: 0x13c2 (for the marketing name, search the web for "GPU Device Id")
[2019.01.26-21.06.30:482][  0]LogWindows: EnumDisplayDevices:
[2019.01.26-21.06.30:482][  0]LogWindows:    0. 'NVIDIA GeForce GTX 970' (P:1 D:1)
[2019.01.26-21.06.30:483][  0]LogWindows:    1. 'NVIDIA GeForce GTX 970' (P:0 D:1)
[2019.01.26-21.06.30:484][  0]LogWindows:    2. 'NVIDIA GeForce GTX 970' (P:0 D:0)
[2019.01.26-21.06.30:484][  0]LogWindows:    3. 'NVIDIA GeForce GTX 970' (P:0 D:0)
[2019.01.26-21.06.30:485][  0]LogWindows: DebugString: FoundDriverCount:4 
[2019.01.26-21.06.30:485][  0]LogD3D11RHI:     Adapter Name: NVIDIA GeForce GTX 970
[2019.01.26-21.06.30:485][  0]LogD3D11RHI:   Driver Version: 398.82 (internal:24.21.13.9882, unified:398.82)
[2019.01.26-21.06.30:485][  0]LogD3D11RHI:      Driver Date: 7-30-2018
[2019.01.26-21.06.30:485][  0]LogRHI: Texture pool is 2830 MB (70% of 4043 MB)
[2019.01.26-21.06.30:539][  0]LogD3D11RHI: Async texture creation enabled
[2019.01.26-21.06.30:558][  0]LogD3D11RHI: GPU Timing Frequency: 1000.000000 (Debug: 2 2)
[2019.01.26-21.06.30:561][  0]LogShaderCompilers: Guid format shader working directory is -15 characters bigger than the processId version (../../../../../../Users/c013767h/Documents/GitHub/HomeIs/HomeIs/Intermediate/Shaders/WorkingDirectory/13156/).
[2019.01.26-21.06.30:562][  0]LogShaderCompilers: Cleaned the shader compiler working directory 'C:/Users/c013767h/AppData/Local/Temp/UnrealShaderWorkingDir/D9494887419D7791934F159AC96D41C4/'.
[2019.01.26-21.06.30:932][  0]LogTemp: Display: Loaded TP AllDesktopTargetPlatform
[2019.01.26-21.06.30:953][  0]LogTemp: Display: Loaded TP MacClientTargetPlatform
[2019.01.26-21.06.30:975][  0]LogTemp: Display: Loaded TP MacNoEditorTargetPlatform
[2019.01.26-21.06.30:996][  0]LogTemp: Display: Loaded TP MacServerTargetPlatform
[2019.01.26-21.06.31:017][  0]LogTemp: Display: Loaded TP MacTargetPlatform
[2019.01.26-21.06.31:039][  0]LogTemp: Display: Loaded TP WindowsClientTargetPlatform
[2019.01.26-21.06.31:061][  0]LogTemp: Display: Loaded TP WindowsNoEditorTargetPlatform
[2019.01.26-21.06.31:090][  0]LogTemp: Display: Loaded TP WindowsServerTargetPlatform
[2019.01.26-21.06.31:104][  0]LogTemp: Display: Loaded TP WindowsTargetPlatform
[2019.01.26-21.06.31:216][  0]LogTemp: Display: Loaded TP AndroidTargetPlatform
[2019.01.26-21.06.31:216][  0]LogTemp: Display: Loaded TP AndroidTargetPlatform
[2019.01.26-21.06.31:216][  0]LogTemp: Display: Loaded TP AndroidTargetPlatform
[2019.01.26-21.06.31:217][  0]LogTemp: Display: Loaded TP AndroidTargetPlatform
[2019.01.26-21.06.31:217][  0]LogTemp: Display: Loaded TP AndroidTargetPlatform
[2019.01.26-21.06.31:217][  0]LogTemp: Display: Loaded TP AndroidTargetPlatform
[2019.01.26-21.06.31:217][  0]LogTemp: Display: Loaded TP AndroidTargetPlatform
[2019.01.26-21.06.31:217][  0]LogTemp: Display: Loaded TP AndroidTargetPlatform
[2019.01.26-21.06.31:217][  0]LogTemp: Display: Loaded TP AndroidTargetPlatform
[2019.01.26-21.06.31:217][  0]LogTemp: Display: Loaded TP AndroidTargetPlatform
[2019.01.26-21.06.31:217][  0]LogTemp: Display: Loaded TP AndroidTargetPlatform
[2019.01.26-21.06.31:217][  0]LogTemp: Display: Loaded TP AndroidTargetPlatform
[2019.01.26-21.06.31:217][  0]LogTemp: Display: Loaded TP AndroidTargetPlatform
[2019.01.26-21.06.31:217][  0]LogTemp: Display: Loaded TP AndroidTargetPlatform
[2019.01.26-21.06.31:217][  0]LogTemp: Display: Loaded TP AndroidTargetPlatform
[2019.01.26-21.06.31:217][  0]LogTemp: Display: Loaded TP AndroidTargetPlatform
[2019.01.26-21.06.31:217][  0]LogTemp: Display: Loaded TP AndroidTargetPlatform
[2019.01.26-21.06.31:217][  0]LogTemp: Display: Loaded TP AndroidTargetPlatform
[2019.01.26-21.06.31:222][  0]LogTemp: Display: Loaded TP HTML5TargetPlatform
[2019.01.26-21.06.31:299][  0]LogTemp: Display: Loaded TP IOSTargetPlatform
[2019.01.26-21.06.31:299][  0]LogTemp: Display: Loaded TP IOSTargetPlatform
[2019.01.26-21.06.31:347][  0]LogTemp: Display: Loaded TP TVOSTargetPlatform
[2019.01.26-21.06.31:347][  0]LogTemp: Display: Loaded TP TVOSTargetPlatform
[2019.01.26-21.06.31:365][  0]LogTemp: Display: Loaded TP LinuxClientTargetPlatform
[2019.01.26-21.06.31:382][  0]LogTemp: Display: Loaded TP LinuxNoEditorTargetPlatform
[2019.01.26-21.06.31:401][  0]LogTemp: Display: Loaded TP LinuxServerTargetPlatform
[2019.01.26-21.06.31:422][  0]LogTemp: Display: Loaded TP LinuxTargetPlatform
[2019.01.26-21.06.31:436][  0]LogTemp: Display: Loaded TP LuminTargetPlatform
[2019.01.26-21.06.31:436][  0]LogTargetPlatformManager: Display: Building Assets For Windows
[2019.01.26-21.06.31:608][  0]LogXGEController: Cleaning working directory: C:/Users/c013767h/AppData/Local/Temp/UnrealXGEWorkingDir/
[2019.01.26-21.06.31:608][  0]LogXGEController: Cannot use XGE Controller as Incredibuild is not installed on this machine.
[2019.01.26-21.06.31:608][  0]LogShaderCompilers: Cannot use XGE Shader Compiler as Incredibuild is not installed on this machine.
[2019.01.26-21.06.31:608][  0]LogShaderCompilers: Display: Using Local Shader Compiler.
[2019.01.26-21.06.32:731][  0]LogDerivedDataCache: Display: Max Cache Size: 512 MB
[2019.01.26-21.06.32:826][  0]LogDerivedDataCache: Loaded boot cache 0.09s 73MB C:/Users/c013767h/AppData/Local/UnrealEngine/4.20/DerivedDataCache/Boot.ddc.
[2019.01.26-21.06.32:827][  0]LogDerivedDataCache: Display: Loaded Boot cache: C:/Users/c013767h/AppData/Local/UnrealEngine/4.20/DerivedDataCache/Boot.ddc
[2019.01.26-21.06.32:827][  0]LogDerivedDataCache: FDerivedDataBackendGraph:  Pak pak cache file ../../../../../../Users/c013767h/Documents/GitHub/HomeIs/HomeIs/DerivedDataCache/DDC.ddp not found, will not use a pak cache.
[2019.01.26-21.06.32:827][  0]LogDerivedDataCache: Unable to find inner node Pak for hierarchical cache Hierarchy.
[2019.01.26-21.06.32:827][  0]LogDerivedDataCache: FDerivedDataBackendGraph:  CompressedPak pak cache file ../../../../../../Users/c013767h/Documents/GitHub/HomeIs/HomeIs/DerivedDataCache/Compressed.ddp not found, will not use a pak cache.
[2019.01.26-21.06.32:827][  0]LogDerivedDataCache: Unable to find inner node CompressedPak for hierarchical cache Hierarchy.
[2019.01.26-21.06.32:840][  0]LogDerivedDataCache: Display: Pak cache opened for reading ../../../Engine/DerivedDataCache/Compressed.ddp.
[2019.01.26-21.06.32:854][  0]LogDerivedDataCache: Using Local data cache path C:/Users/c013767h/AppData/Local/UnrealEngine/Common/DerivedDataCache: Writable
[2019.01.26-21.06.32:854][  0]LogDerivedDataCache: Shared data cache path not found in *engine.ini, will not use an Shared cache.
[2019.01.26-21.06.32:854][  0]LogDerivedDataCache: Unable to find inner node Shared for hierarchical cache Hierarchy.
[2019.01.26-21.06.32:875][  0]LogMaterial: Verifying Global Shaders for PCD3D_SM5
[2019.01.26-21.06.32:876][  0]LogSlate: Using FreeType 2.6.0
[2019.01.26-21.06.32:877][  0]LogSlate: SlateFontServices - WITH_FREETYPE: 1, WITH_HARFBUZZ: 1
[2019.01.26-21.06.32:966][  0]LogAssetRegistry: FAssetRegistry took 0.0297 seconds to start up
[2019.01.26-21.06.33:418][  0]LogInit: Selected Device Profile: [Windows]
[2019.01.26-21.06.33:607][  0]LogSimplygon: Simplygon DLL not present - disabling.
[2019.01.26-21.06.33:619][  0]LogMeshReduction: Using SimplygonSwarm for distributed automatic mesh merging
[2019.01.26-21.06.33:619][  0]LogMeshReduction: Using ProxyLODMeshReduction for automatic mesh merging
[2019.01.26-21.06.33:619][  0]LogMeshReduction: Using QuadricMeshReduction for automatic static mesh reduction
[2019.01.26-21.06.33:619][  0]LogMeshReduction: No automatic skeletal mesh reduction module available
[2019.01.26-21.06.33:642][  0]LogNetVersion: HomeIs 1.0.0, NetCL: 4212847, EngineNetVer: 5, GameNetVer: 0 (Checksum: 4178729889)
[2019.01.26-21.06.34:408][  0]LogPackageLocalizationCache: Processed 11 localized package path(s) for 2 prioritized culture(s) in 0.279318 seconds
[2019.01.26-21.06.34:414][  0]LogUObjectArray: 38425 objects as part of root set at end of initial load.
[2019.01.26-21.06.34:414][  0]LogUObjectAllocator: 6690872 out of 0 bytes used by permanent object pool.
[2019.01.26-21.06.34:414][  0]LogUObjectArray: CloseDisregardForGC: 0/0 objects in disregard for GC pool
[2019.01.26-21.06.35:643][  0]LogTcpMessaging: Initializing TcpMessaging bridge
[2019.01.26-21.06.35:660][  0]LogUdpMessaging: Initializing bridge on interface 0.0.0.0:0 to multicast group 230.0.0.1:6666.
[2019.01.26-21.06.36:189][  0]SourceControl: Source control is disabled
[2019.01.26-21.06.36:189][  0]SourceControl: Source control is disabled
[2019.01.26-21.06.36:194][  0]SourceControl: Source control is disabled
[2019.01.26-21.06.36:197][  0]SourceControl: Source control is disabled
[2019.01.26-21.06.36:506][  0]LogAndroidPermission: UAndroidPermissionCallbackProxy::GetInstance
[2019.01.26-21.06.36:612][  0]LogOcInput: OculusInput pre-init called
[2019.01.26-21.06.36:699][  0]LogEngine: Initializing Engine...
[2019.01.26-21.06.36:700][  0]LogHMD: Failed to initialize OpenVR with code 110
[2019.01.26-21.06.36:701][  0]LogStats: UGameplayTagsManager::ConstructGameplayTagTree: ImportINI prefixes -  0.000 s
[2019.01.26-21.06.36:701][  0]LogStats: UGameplayTagsManager::ConstructGameplayTagTree: Construct from data asset -  0.000 s
[2019.01.26-21.06.36:702][  0]LogStats: UGameplayTagsManager::ConstructGameplayTagTree: ImportINI -  0.000 s
[2019.01.26-21.06.36:702][  0]LogStats: UGameplayTagsManager::ConstructGameplayTagTree: GameplayTagTreeChangedEvent.Broadcast -  0.000 s
[2019.01.26-21.06.36:941][  0]LogInit: Initializing FReadOnlyCVARCache
[2019.01.26-21.06.36:963][  0]LogAIModule: Creating AISystem for world Untitled
[2019.01.26-21.06.36:979][  0]LogInit: XAudio2 using 'Speakers (Realtek High Definition Audio)' : 2 channels at 48 kHz using 32 bits per sample (channel mask 0x3)
[2019.01.26-21.06.37:023][  0]LogInit: FAudioDevice initialized.
[2019.01.26-21.06.37:023][  0]LogNetVersion: Set ProjectVersion to 1.0.0.0. Version Checksum will be recalculated on next use.
[2019.01.26-21.06.37:121][  0]LogDerivedDataCache: Saved boot cache 0.10s 73MB C:/Users/c013767h/AppData/Local/UnrealEngine/4.20/DerivedDataCache/Boot.ddc.
[2019.01.26-21.06.37:145][  0]LogInit: Texture streaming: Enabled
[2019.01.26-21.06.37:184][  0]LogEngineSessionManager: EngineSessionManager initialized
[2019.01.26-21.06.37:185][  0]LogEngineSessionManager: EngineSessionManager sent abnormal shutdown report. Type=Debugger, SessionId={59533068-438B-2187-B2B3-19BDE28AE94A}
[2019.01.26-21.06.37:201][  0]LogInit: Transaction tracking system initialized
[2019.01.26-21.06.37:258][  0]BlueprintLog: New page: Editor Load
[2019.01.26-21.06.37:499][  0]LocalizationService: Localization service is disabled
[2019.01.26-21.06.37:914][  0]LogCook: Display: Max memory allowance for cook 16384mb min free memory 0mb
[2019.01.26-21.06.37:915][  0]LogCook: Display: Mobile HDR setting 1
[2019.01.26-21.06.37:915][  0]LogGameplayTags: Display: UGameplayTagsManager::DoneAddingNativeTags. DelegateIsBound: 0
[2019.01.26-21.06.37:915][  0]LogStats: UGameplayTagsManager::ConstructGameplayTagTree: ImportINI prefixes -  0.000 s
[2019.01.26-21.06.37:915][  0]LogStats: UGameplayTagsManager::ConstructGameplayTagTree: Construct from data asset -  0.000 s
[2019.01.26-21.06.37:915][  0]LogStats: UGameplayTagsManager::ConstructGameplayTagTree: ImportINI -  0.000 s
[2019.01.26-21.06.37:915][  0]LogStats: UGameplayTagsManager::ConstructGameplayTagTree: GameplayTagTreeChangedEvent.Broadcast -  0.000 s
[2019.01.26-21.06.38:175][  0]LogFileCache: Scanning file cache for directory 'C:/Users/c013767h/Documents/GitHub/HomeIs/HomeIs/Content/' took 0.03s
[2019.01.26-21.06.38:175][  0]SourceControl: Source control is disabled
[2019.01.26-21.06.38:176][  0]Cmd: MAP LOAD FILE="../../../../../../Users/c013767h/Documents/GitHub/HomeIs/HomeIs/Content/FirstPersonCPP/Maps/FirstPersonExampleMap.umap" TEMPLATE=0 SHOWPROGRESS=1 FEATURELEVEL=3
[2019.01.26-21.06.38:177][  0]LightingResults: New page: Lighting Build
[2019.01.26-21.06.38:182][  0]MapCheck: New page: Map Check
[2019.01.26-21.06.38:182][  0]LightingResults: New page: Lighting Build
[2019.01.26-21.06.39:470][  0]LogAIModule: Creating AISystem for world FirstPersonExampleMap
[2019.01.26-21.06.39:484][  0]LogEditorServer: Finished looking for orphan Actors (0.000 secs)
[2019.01.26-21.06.39:512][  0]Cmd: MAP CHECKDEP NOCLEARLOG
[2019.01.26-21.06.39:758][  0]MapCheck: Map check complete: 0 Error(s), 0 Warning(s), took 245.428ms to complete.
[2019.01.26-21.06.39:758][  0]LogFileHelpers: Loading map 'FirstPersonExampleMap' took 1.582
[2019.01.26-21.06.39:896][  0]LogSlate: Updating window title bar state: overlay mode, drag disabled, window buttons hidden, title bar hidden
[2019.01.26-21.06.39:904][  0]LogSlate: Updating window title bar state: overlay mode, drag disabled, window buttons hidden, title bar hidden
[2019.01.26-21.06.39:913][  0]LogSlate: Updating window title bar state: overlay mode, drag disabled, window buttons hidden, title bar hidden
[2019.01.26-21.06.39:921][  0]LogSlate: Updating window title bar state: overlay mode, drag disabled, window buttons hidden, title bar hidden
[2019.01.26-21.06.39:934][  0]LogCollectionManager: Loaded 0 collections in 0.003443 seconds
[2019.01.26-21.06.39:988][  0]LogFileCache: Scanning file cache for directory 'C:/Users/c013767h/Documents/GitHub/HomeIs/HomeIs/Saved/Collections/' took 0.01s
[2019.01.26-21.06.39:988][  0]LogFileCache: Scanning file cache for directory 'C:/Users/c013767h/Documents/GitHub/HomeIs/HomeIs/Content/Developers/c013767h/Collections/' took 0.01s
[2019.01.26-21.06.39:988][  0]LogFileCache: Scanning file cache for directory 'C:/Users/c013767h/Documents/GitHub/HomeIs/HomeIs/Content/Collections/' took 0.01s
[2019.01.26-21.06.39:989][  0]LogCollectionManager: Rebuilt the GUID cache for 0 collections in 0.000001 seconds
[2019.01.26-21.06.40:000][  0]LogContentBrowser: Native class hierarchy populated in 0.0109 seconds. Added 2594 classes and 611 folders.
[2019.01.26-21.06.40:011][  0]LogContentBrowser: Native class hierarchy updated for 'WidgetCarousel' in 0.0006 seconds. Added 0 classes and 0 folders.
[2019.01.26-21.06.40:095][  0]LogContentBrowser: Native class hierarchy updated for 'AddContentDialog' in 0.0006 seconds. Added 0 classes and 0 folders.
[2019.01.26-21.06.40:106][  0]LogContentBrowser: Native class hierarchy updated for 'SceneOutliner' in 0.0007 seconds. Added 1 classes and 2 folders.
[2019.01.26-21.06.40:158][  0]LogContentBrowser: Native class hierarchy updated for 'HierarchicalLODOutliner' in 0.0006 seconds. Added 0 classes and 0 folders.
[2019.01.26-21.06.40:159][  0]LogLoad: (Engine Initialization) Total time: 14.46 seconds
[2019.01.26-21.06.40:159][  0]LogLoad: (Engine Initialization) Total Blueprint compile time: 0.00 seconds
[2019.01.26-21.06.40:168][  0]LogWindowsTextInputMethodSystem: Display: IME system now deactivated.
[2019.01.26-21.06.40:202][  0]LogContentStreaming: Texture pool size now 1000 MB
[2019.01.26-21.06.40:203][  0]LogSlate: Took 0.000266 seconds to synchronously load lazily loaded font '../../../Engine/Content/Slate/Fonts/Roboto-Regular.ttf' (155K)
[2019.01.26-21.06.40:205][  0]LogSlate: Took 0.000228 seconds to synchronously load lazily loaded font '../../../Engine/Content/Slate/Fonts/Roboto-Bold.ttf' (160K)
[2019.01.26-21.06.40:210][  0]LogSlate: Took 0.000286 seconds to synchronously load lazily loaded font '../../../Engine/Content/Editor/Slate/Fonts/FontAwesome.ttf' (139K)
[2019.01.26-21.06.40:210][  0]LogSlate: Took 0.000165 seconds to synchronously load lazily loaded font '../../../Engine/Content/Slate/Fonts/DroidSansMono.ttf' (77K)
[2019.01.26-21.06.40:373][  0]LogRenderer: Reallocating scene render targets to support 804x360 Format 10 NumSamples 1 (Frame:1).
[2019.01.26-21.06.40:447][  1]LogFileCache: Retrieving MD5 hashes for directory 'C:/Users/c013767h/Documents/GitHub/HomeIs/HomeIs/Content/' took 0.27s
[2019.01.26-21.06.40:466][  1]LogAssetRegistry: Asset discovery search completed in 7.5243 seconds
[2019.01.26-21.06.40:469][  1]LogCollectionManager: Rebuilt the object cache for 0 collections in 0.000000 seconds (found 0 objects)
[2019.01.26-21.06.40:469][  1]LogCollectionManager: Fixed up redirectors for 0 collections in 0.000428 seconds (updated 0 objects)
[2019.01.26-21.06.42:454][181]LogRenderer: Reallocating scene render targets to support 1208x576 Format 10 NumSamples 1 (Frame:4).
[2019.01.26-21.06.48:013][843]LogSlate: FSceneViewport::OnFocusLost() reason 0
[2019.01.26-21.06.48:074][850]LogTemp: Repeating last play command: Selected Viewport
[2019.01.26-21.06.48:101][850]LogBlueprintUserMessages: Early PlayInEditor Detection: Level '/Game/FirstPersonCPP/Maps/FirstPersonExampleMap.FirstPersonExampleMap:PersistentLevel' has LevelScriptBlueprint '/Game/FirstPersonCPP/Maps/FirstPersonExampleMap.FirstPersonExampleMap:PersistentLevel.FirstPersonExampleMap' with GeneratedClass '/Game/FirstPersonCPP/Maps/FirstPersonExampleMap.FirstPersonExampleMap_C' with ClassGeneratedBy '/Game/FirstPersonCPP/Maps/FirstPersonExampleMap.FirstPersonExampleMap:PersistentLevel.FirstPersonExampleMap'
[2019.01.26-21.06.48:102][850]LogPlayLevel: PlayLevel: No blueprints needed recompiling
[2019.01.26-21.06.48:118][850]PIE: New page: PIE session: FirstPersonExampleMap (26 Jan 2019 21:06:48)
[2019.01.26-21.06.48:118][850]LogPlayLevel: Creating play world package: /Game/FirstPersonCPP/Maps/UEDPIE_0_FirstPersonExampleMap
[2019.01.26-21.06.48:154][850]LogPlayLevel: PIE: StaticDuplicateObject took: (0.034980s)
[2019.01.26-21.06.48:155][850]LogAIModule: Creating AISystem for world FirstPersonExampleMap
[2019.01.26-21.06.48:156][850]LogPlayLevel: PIE: World Init took: (0.001881s)
[2019.01.26-21.06.48:156][850]LogPlayLevel: PIE: Created PIE world by copying editor world from /Game/FirstPersonCPP/Maps/FirstPersonExampleMap.FirstPersonExampleMap to /Game/FirstPersonCPP/Maps/UEDPIE_0_FirstPersonExampleMap.FirstPersonExampleMap (0.038043s)
[2019.01.26-21.06.48:200][850]LogInit: XAudio2 using 'Speakers (Realtek High Definition Audio)' : 2 channels at 48 kHz using 32 bits per sample (channel mask 0x3)
[2019.01.26-21.06.48:218][850]LogInit: FAudioDevice initialized.
[2019.01.26-21.06.48:276][850]LogLoad: Game class is 'HomeIsGameMode'
[2019.01.26-21.06.48:282][850]LogWorld: Bringing World /Game/FirstPersonCPP/Maps/UEDPIE_0_FirstPersonExampleMap.FirstPersonExampleMap up for play (max tick rate 0) at 2019.01.26-21.06.48
[2019.01.26-21.06.48:284][850]LogWorld: Bringing up level for play took: 0.005627
[2019.01.26-21.06.48:312][850]LogContentBrowser: Native class hierarchy updated for 'MovieSceneCapture' in 0.0009 seconds. Added 10 classes and 0 folders.
[2019.01.26-21.06.48:316][850]PIE: Play in editor start time for /Game/FirstPersonCPP/Maps/UEDPIE_0_FirstPersonExampleMap 0.249
[2019.01.26-21.06.48:317][850]LogBlueprintUserMessages: Late PlayInEditor Detection: Level '/Game/FirstPersonCPP/Maps/FirstPersonExampleMap.FirstPersonExampleMap:PersistentLevel' has LevelScriptBlueprint '/Game/FirstPersonCPP/Maps/FirstPersonExampleMap.FirstPersonExampleMap:PersistentLevel.FirstPersonExampleMap' with GeneratedClass '/Game/FirstPersonCPP/Maps/FirstPersonExampleMap.FirstPersonExampleMap_C' with ClassGeneratedBy '/Game/FirstPersonCPP/Maps/FirstPersonExampleMap.FirstPersonExampleMap:PersistentLevel.FirstPersonExampleMap'
[2019.01.26-21.06.48:334][850]LogTemp: Warning: 10.000000
[2019.01.26-21.06.48:406][851]LogTemp: Warning: 10.000000
[2019.01.26-21.06.48:438][852]LogTemp: Warning: 10.000000
[2019.01.26-21.06.48:456][853]LogTemp: Warning: 10.000000
[2019.01.26-21.06.48:475][854]LogTemp: Warning: 10.000000
[2019.01.26-21.06.48:498][855]LogTemp: Warning: 10.000000
[2019.01.26-21.06.48:515][856]LogTemp: Warning: 10.000000
[2019.01.26-21.06.48:535][857]LogTemp: Warning: 10.000000
[2019.01.26-21.06.48:552][858]LogTemp: Warning: 10.000000
[2019.01.26-21.06.48:573][859]LogTemp: Warning: 10.000000
[2019.01.26-21.06.48:590][860]LogTemp: Warning: 10.000000
[2019.01.26-21.06.48:611][861]LogTemp: Warning: 10.000000
[2019.01.26-21.06.48:634][862]LogTemp: Warning: 10.000000
[2019.01.26-21.06.48:635][862]LogBlueprintUserMessages: [SUpdateTargetPosition_C_0] X=-480.923 Y=1201.986 Z=268.372
[2019.01.26-21.06.48:661][863]LogTemp: Warning: 10.000000
[2019.01.26-21.06.48:683][864]LogTemp: Warning: 10.000000
[2019.01.26-21.06.48:702][865]LogTemp: Warning: 10.000000
[2019.01.26-21.06.48:719][866]LogTemp: Warning: 10.000000
[2019.01.26-21.06.48:738][867]LogTemp: Warning: 10.000000
[2019.01.26-21.06.48:753][868]LogTemp: Warning: 10.000000
[2019.01.26-21.06.48:770][869]LogTemp: Warning: 10.000000
[2019.01.26-21.06.48:788][870]LogTemp: Warning: 10.000000
[2019.01.26-21.06.48:802][871]LogTemp: Warning: 10.000000
[2019.01.26-21.06.48:818][872]LogTemp: Warning: 10.000000
[2019.01.26-21.06.48:833][873]LogTemp: Warning: 10.000000
[2019.01.26-21.06.48:847][874]LogTemp: Warning: 10.000000
[2019.01.26-21.06.48:863][875]LogTemp: Warning: 10.000000
[2019.01.26-21.06.48:877][876]LogTemp: Warning: 10.000000
[2019.01.26-21.06.48:891][877]LogTemp: Warning: 10.000000
[2019.01.26-21.06.48:907][878]LogTemp: Warning: 10.000000
[2019.01.26-21.06.48:922][879]LogTemp: Warning: 10.000000
[2019.01.26-21.06.48:939][880]LogTemp: Warning: 10.000000
[2019.01.26-21.06.48:955][881]LogTemp: Warning: 10.000000
[2019.01.26-21.06.48:969][882]LogTemp: Warning: 10.000000
[2019.01.26-21.06.48:985][883]LogTemp: Warning: 10.000000
[2019.01.26-21.06.49:003][884]LogTemp: Warning: 10.000000
[2019.01.26-21.06.49:020][885]LogTemp: Warning: 10.000000
[2019.01.26-21.06.49:035][886]LogTemp: Warning: 10.000000
[2019.01.26-21.06.49:050][887]LogTemp: Warning: 10.000000
[2019.01.26-21.06.49:066][888]LogTemp: Warning: 10.000000
[2019.01.26-21.06.49:085][889]LogTemp: Warning: 10.000000
[2019.01.26-21.06.49:102][890]LogTemp: Warning: 10.000000
[2019.01.26-21.06.49:128][891]LogTemp: Warning: 10.000000
[2019.01.26-21.06.49:143][892]LogTemp: Warning: 10.000000
[2019.01.26-21.06.49:159][893]LogTemp: Warning: 10.000000
[2019.01.26-21.06.49:174][894]LogTemp: Warning: 10.000000
[2019.01.26-21.06.49:175][894]LogBlueprintUserMessages: [SUpdateTargetPosition_C_0] X=-337.420 Y=1403.541 Z=268.372
[2019.01.26-21.06.49:191][895]LogTemp: Warning: 10.000000
[2019.01.26-21.06.49:207][896]LogTemp: Warning: 10.000000
[2019.01.26-21.06.49:222][897]LogTemp: Warning: 10.000000
[2019.01.26-21.06.49:239][898]LogTemp: Warning: 10.000000
[2019.01.26-21.06.49:257][899]LogTemp: Warning: 10.000000
[2019.01.26-21.06.49:273][900]LogTemp: Warning: 10.000000
[2019.01.26-21.06.49:287][901]LogTemp: Warning: 10.000000
[2019.01.26-21.06.49:301][902]LogTemp: Warning: 10.000000
[2019.01.26-21.06.49:317][903]LogTemp: Warning: 10.000000
[2019.01.26-21.06.49:332][904]LogTemp: Warning: 10.000000
[2019.01.26-21.06.49:348][905]LogTemp: Warning: 10.000000
[2019.01.26-21.06.49:364][906]LogTemp: Warning: 10.000000
[2019.01.26-21.06.49:378][907]LogTemp: Warning: 10.000000
[2019.01.26-21.06.49:393][908]LogTemp: Warning: 10.000000
[2019.01.26-21.06.49:409][909]LogTemp: Warning: 10.000000
[2019.01.26-21.06.49:424][910]LogTemp: Warning: 10.000000
[2019.01.26-21.06.49:439][911]LogTemp: Warning: 10.000000
[2019.01.26-21.06.49:453][912]LogTemp: Warning: 10.000000
[2019.01.26-21.06.49:467][913]LogTemp: Warning: 10.000000
[2019.01.26-21.06.49:480][914]LogTemp: Warning: 10.000000
[2019.01.26-21.06.49:495][915]LogTemp: Warning: 10.000000
[2019.01.26-21.06.49:509][916]LogTemp: Warning: 10.000000
[2019.01.26-21.06.49:526][917]LogTemp: Warning: 10.000000
[2019.01.26-21.06.49:543][918]LogTemp: Warning: 10.000000
[2019.01.26-21.06.49:561][919]LogTemp: Warning: 10.000000
[2019.01.26-21.06.49:581][920]LogTemp: Warning: 10.000000
[2019.01.26-21.06.49:599][921]LogTemp: Warning: 10.000000
[2019.01.26-21.06.49:613][922]LogTemp: Warning: 10.000000
[2019.01.26-21.06.49:627][923]LogTemp: Warning: 10.000000
[2019.01.26-21.06.49:641][924]LogTemp: Warning: 10.000000
[2019.01.26-21.06.49:656][925]LogTemp: Warning: 10.000000
[2019.01.26-21.06.49:677][926]LogTemp: Warning: 10.000000
[2019.01.26-21.06.49:693][927]LogTemp: Warning: 10.000000
[2019.01.26-21.06.49:712][928]LogTemp: Warning: 10.000000
[2019.01.26-21.06.49:719][929]LogTemp: Warning: 10.000000
[2019.01.26-21.06.49:729][930]LogTemp: Warning: 10.000000
[2019.01.26-21.06.49:738][931]LogTemp: Warning: 10.000000
[2019.01.26-21.06.49:750][932]LogTemp: Warning: 10.000000
[2019.01.26-21.06.49:760][933]LogTemp: Warning: 10.000000
[2019.01.26-21.06.49:769][934]LogTemp: Warning: 10.000000
[2019.01.26-21.06.49:770][934]LogBlueprintUserMessages: [SUpdateTargetPosition_C_0] X=-29.591 Y=1266.992 Z=268.372
[2019.01.26-21.06.49:781][935]LogTemp: Warning: 10.000000
[2019.01.26-21.06.49:791][936]LogTemp: Warning: 10.000000
[2019.01.26-21.06.49:801][937]LogTemp: Warning: 10.000000
[2019.01.26-21.06.49:812][938]LogTemp: Warning: 10.000000
[2019.01.26-21.06.49:830][939]LogTemp: Warning: 10.000000
[2019.01.26-21.06.49:838][940]LogTemp: Warning: 10.000000
[2019.01.26-21.06.49:848][941]LogTemp: Warning: 10.000000
[2019.01.26-21.06.49:856][942]LogTemp: Warning: 10.000000
[2019.01.26-21.06.49:864][943]LogTemp: Warning: 10.000000
[2019.01.26-21.06.49:873][944]LogTemp: Warning: 10.000000
[2019.01.26-21.06.49:881][945]LogTemp: Warning: 10.000000
[2019.01.26-21.06.49:888][946]LogTemp: Warning: 10.000000
[2019.01.26-21.06.49:896][947]LogTemp: Warning: 10.000000
[2019.01.26-21.06.49:905][948]LogTemp: Warning: 10.000000
[2019.01.26-21.06.49:913][949]LogTemp: Warning: 10.000000
[2019.01.26-21.06.49:922][950]LogTemp: Warning: 10.000000
[2019.01.26-21.06.49:930][951]LogTemp: Warning: 10.000000
[2019.01.26-21.06.49:938][952]LogTemp: Warning: 10.000000
[2019.01.26-21.06.49:946][953]LogTemp: Warning: 10.000000
[2019.01.26-21.06.49:955][954]LogTemp: Warning: 10.000000
[2019.01.26-21.06.49:963][955]LogTemp: Warning: 10.000000
[2019.01.26-21.06.49:972][956]LogTemp: Warning: 10.000000
[2019.01.26-21.06.49:980][957]LogTemp: Warning: 10.000000
[2019.01.26-21.06.49:988][958]LogTemp: Warning: 10.000000
[2019.01.26-21.06.49:996][959]LogTemp: Warning: 10.000000
[2019.01.26-21.06.50:005][960]LogTemp: Warning: 10.000000
[2019.01.26-21.06.50:013][961]LogTemp: Warning: 10.000000
[2019.01.26-21.06.50:021][962]LogTemp: Warning: 10.000000
[2019.01.26-21.06.50:030][963]LogTemp: Warning: 10.000000
[2019.01.26-21.06.50:038][964]LogTemp: Warning: 10.000000
[2019.01.26-21.06.50:046][965]LogTemp: Warning: 10.000000
[2019.01.26-21.06.50:055][966]LogTemp: Warning: 10.000000
[2019.01.26-21.06.50:063][967]LogTemp: Warning: 5.000000
[2019.01.26-21.06.50:071][968]LogTemp: Warning: 5.000000
[2019.01.26-21.06.50:080][969]LogTemp: Warning: 5.000000
[2019.01.26-21.06.50:088][970]LogTemp: Warning: 5.000000
[2019.01.26-21.06.50:096][971]LogTemp: Warning: 5.000000
[2019.01.26-21.06.50:105][972]LogTemp: Warning: 5.000000
[2019.01.26-21.06.50:113][973]LogTemp: Warning: 5.000000
[2019.01.26-21.06.50:122][974]LogTemp: Warning: 5.000000
[2019.01.26-21.06.50:130][975]LogTemp: Warning: 5.000000
[2019.01.26-21.06.50:139][976]LogTemp: Warning: 5.000000
[2019.01.26-21.06.50:147][977]LogTemp: Warning: 5.000000
[2019.01.26-21.06.50:156][978]LogTemp: Warning: 5.000000
[2019.01.26-21.06.50:164][979]LogTemp: Warning: 5.000000
[2019.01.26-21.06.50:173][980]LogTemp: Warning: 5.000000
[2019.01.26-21.06.50:181][981]LogTemp: Warning: 5.000000
[2019.01.26-21.06.50:189][982]LogTemp: Warning: 5.000000
[2019.01.26-21.06.50:197][983]LogTemp: Warning: 5.000000
[2019.01.26-21.06.50:206][984]LogTemp: Warning: 5.000000
[2019.01.26-21.06.50:215][985]LogTemp: Warning: 5.000000
[2019.01.26-21.06.50:222][986]LogTemp: Warning: 5.000000
[2019.01.26-21.06.50:231][987]LogTemp: Warning: 0.000000
[2019.01.26-21.08.03:764][954]LogSlate: FSceneViewport::OnFocusLost() reason 0
