Log file open, 01/25/19 21:30:55
LogWindows: Failed to load 'aqProf.dll' (GetLastError=126)
LogWindows: File 'aqProf.dll' does not exist
LogWindows: Failed to load 'VSPerf140.dll' (GetLastError=126)
LogWindows: File 'VSPerf140.dll' does not exist
LogWindows: Failed to load 'VtuneApi.dll' (GetLastError=126)
LogWindows: File 'VtuneApi.dll' does not exist
LogWindows: Failed to load 'VtuneApi32e.dll' (GetLastError=126)
LogWindows: File 'VtuneApi32e.dll' does not exist
LogInit: Display: Running engine for game: HomeIs
LogPlatformFile: Not using cached read wrapper
LogTaskGraph: Started task graph with 5 named threads and 23 total threads with 3 sets of task threads.
LogStats: Stats thread started at 0.442257
LogD3D11RHI: Loaded GFSDK_Aftermath_Lib.x64.dll
LogICUInternationalization: Display: ICU TimeZone Detection - Raw Offset: +0:00, Platform Override: ''
LogPluginManager: Mounting plugin Paper2D
LogPluginManager: Mounting plugin AISupport
LogPluginManager: Mounting plugin LightPropagationVolume
LogPluginManager: Mounting plugin CLionSourceCodeAccess
LogPluginManager: Mounting plugin CodeLiteSourceCodeAccess
LogPluginManager: Mounting plugin GitSourceControl
LogPluginManager: Mounting plugin KDevelopSourceCodeAccess
LogPluginManager: Mounting plugin NullSourceCodeAccess
LogPluginManager: Mounting plugin PerforceSourceControl
LogPluginManager: Mounting plugin SubversionSourceControl
LogPluginManager: Mounting plugin UObjectPlugin
LogPluginManager: Mounting plugin VisualStudioCodeSourceCodeAccess
LogPluginManager: Mounting plugin VisualStudioSourceCodeAccess
LogPluginManager: Mounting plugin XCodeSourceCodeAccess
LogPluginManager: Mounting plugin AssetManagerEditor
LogPluginManager: Mounting plugin CryptoKeys
LogPluginManager: Mounting plugin DataValidation
LogPluginManager: Mounting plugin FacialAnimation
LogPluginManager: Mounting plugin GameplayTagsEditor
LogPluginManager: Mounting plugin MacGraphicsSwitching
LogPluginManager: Mounting plugin MeshEditor
LogPluginManager: Mounting plugin MobileLauncherProfileWizard
LogPluginManager: Mounting plugin PluginBrowser
LogPluginManager: Mounting plugin SpeedTreeImporter
LogPluginManager: Mounting plugin DatasmithContent
LogPluginManager: Mounting plugin AlembicImporter
LogPluginManager: Mounting plugin AppleImageUtils
LogPluginManager: Mounting plugin AppleVision
LogPluginManager: Mounting plugin BackChannel
LogPluginManager: Mounting plugin CharacterAI
LogPluginManager: Mounting plugin GeometryCache
LogPluginManager: Mounting plugin HTML5Networking
LogPluginManager: Mounting plugin ProxyLODPlugin
LogPluginManager: Mounting plugin MagicLeap
LogPluginManager: Mounting plugin MagicLeapEmulator
LogPluginManager: Mounting plugin MagicLeapMedia
LogPluginManager: Mounting plugin AndroidMedia
LogPluginManager: Mounting plugin AvfMedia
LogPluginManager: Mounting plugin ImgMedia
LogPluginManager: Mounting plugin LinearTimecode
LogPluginManager: Mounting plugin MediaCompositing
LogPluginManager: Mounting plugin MediaPlayerEditor
LogPluginManager: Mounting plugin WmfMedia
LogPluginManager: Mounting plugin TcpMessaging
LogPluginManager: Mounting plugin UdpMessaging
LogPluginManager: Mounting plugin ActorSequence
LogPluginManager: Mounting plugin LevelSequenceEditor
LogPluginManager: Mounting plugin MatineeToLevelSequence
LogPluginManager: Mounting plugin NetcodeUnitTest
LogPluginManager: Mounting plugin NUTUnrealEngine4
LogPluginManager: Mounting plugin OnlineSubsystemGooglePlay
LogPluginManager: Mounting plugin OnlineSubsystemIOS
LogPluginManager: Mounting plugin OnlineSubsystem
LogPluginManager: Mounting plugin OnlineSubsystemNull
LogPluginManager: Mounting plugin OnlineSubsystemUtils
LogPluginManager: Mounting plugin LauncherChunkInstaller
LogPluginManager: Mounting plugin AndroidDeviceProfileSelector
LogPluginManager: Mounting plugin AndroidMoviePlayer
LogPluginManager: Mounting plugin AndroidPermission
LogPluginManager: Mounting plugin AppleMoviePlayer
LogPluginManager: Mounting plugin ArchVisCharacter
LogPluginManager: Mounting plugin AudioCapture
LogPluginManager: Mounting plugin CableComponent
LogPluginManager: Mounting plugin CustomMeshComponent
LogPluginManager: Mounting plugin EditableMesh
LogPluginManager: Mounting plugin ExampleDeviceProfileSelector
LogPluginManager: Mounting plugin GoogleCloudMessaging
LogPluginManager: Mounting plugin ImmediatePhysics
LogPluginManager: Mounting plugin IOSDeviceProfileSelector
LogPluginManager: Mounting plugin LinuxDeviceProfileSelector
LogPluginManager: Mounting plugin LocationServicesBPLibrary
LogPluginManager: Mounting plugin MobilePatchingUtils
LogPluginManager: Mounting plugin OculusVR
LogPluginManager: Plugin shader directory ../../../Engine/Plugins/Runtime/Oculus/OculusVR/Shaders found
LogPluginManager: Mapping shader source directory ../../../Engine/Plugins/Runtime/Oculus/OculusVR/Shaders to virtual directory /Plugin/OculusVR
LogPluginManager: Mounting plugin PhysXVehicles
LogPluginManager: Mounting plugin ProceduralMeshComponent
LogPluginManager: Mounting plugin RuntimePhysXCooking
LogPluginManager: Mounting plugin SteamVR
LogPluginManager: Mounting plugin WindowsMoviePlayer
LogStreaming: Display: Took  0.313s to configure plugins.
LogInit: Using libcurl 7.55.1-DEV
LogInit:  - built for x86_64-pc-win32
LogInit:  - supports SSL with OpenSSL/1.0.2h
LogInit:  - supports HTTP deflate (compression) using libz 1.2.8
LogInit:  - other features:
LogInit:      CURL_VERSION_SSL
LogInit:      CURL_VERSION_LIBZ
LogInit:      CURL_VERSION_IPV6
LogInit:      CURL_VERSION_ASYNCHDNS
LogInit:      CURL_VERSION_LARGEFILE
LogInit:      CURL_VERSION_IDN
LogInit:  CurlRequestOptions (configurable via config and command line):
LogInit:  - bVerifyPeer = false  - Libcurl will NOT verify peer certificate
LogInit:  - bUseHttpProxy = false  - Libcurl will NOT use HTTP proxy
LogInit:  - bDontReuseConnections = false  - Libcurl will reuse connections
LogInit:  - CertBundlePath = nullptr  - Libcurl will use whatever was configured at build time.
LogInit:  - MaxHostConnections = 16  - Libcurl will limit the number of connections to a host
LogInit:  - LocalHostAddr = Default
LogInit:  - BufferSize = 65536
LogInit: WinSock: version 1.1 (2.2), MaxSocks=32767, MaxUdp=65467
LogInit: Build: ++UE4+Release-4.20-CL-4369336
LogInit: Engine Version: 4.20.3-4369336+++UE4+Release-4.20
LogInit: Compatible Engine Version: 4.20.0-4212847+++UE4+Release-4.20
LogInit: Net CL: 4212847
LogInit: OS: Windows 10 (), CPU: Intel(R) Xeon(R) CPU E5-1620 v3 @ 3.50GHz, GPU: NVIDIA GeForce GTX 970
LogInit: Compiled (64-bit): Sep 17 2018 12:26:19
LogInit: Compiled with Visual C++: 19.13.26129.00
LogInit: Build Configuration: Development
LogInit: Branch Name: ++UE4+Release-4.20
LogInit: Command Line:  -skipcompile
LogInit: Base Directory: C:/Epic/UE4/UE_4.20/Engine/Binaries/Win64/
LogInit: Installed Engine Build: 1
LogDevObjectVersion: Number of dev versions registered: 20
LogDevObjectVersion:   Dev-Blueprints (B0D832E4-1F89-4F0D-ACCF-7EB736FD4AA2): 10
LogDevObjectVersion:   Dev-Build (E1C64328-A22C-4D53-A36C-8E866417BD8C): 0
LogDevObjectVersion:   Dev-Core (375EC13C-06E4-48FB-B500-84F0262A717E): 2
LogDevObjectVersion:   Dev-Editor (E4B068ED-F494-42E9-A231-DA0B2E46BB41): 24
LogDevObjectVersion:   Dev-Framework (CFFC743F-43B0-4480-9391-14DF171D2073): 34
LogDevObjectVersion:   Dev-Mobile (B02B49B5-BB20-44E9-A304-32B752E40360): 2
LogDevObjectVersion:   Dev-Networking (A4E4105C-59A1-49B5-A7C5-40C4547EDFEE): 0
LogDevObjectVersion:   Dev-Online (39C831C9-5AE6-47DC-9A44-9C173E1C8E7C): 0
LogDevObjectVersion:   Dev-Physics (78F01B33-EBEA-4F98-B9B4-84EACCB95AA2): 0
LogDevObjectVersion:   Dev-Platform (6631380F-2D4D-43E0-8009-CF276956A95A): 0
LogDevObjectVersion:   Dev-Rendering (12F88B9F-8875-4AFC-A67C-D90C383ABD29): 26
LogDevObjectVersion:   Dev-Sequencer (7B5AE74C-D270-4C10-A958-57980B212A5A): 9
LogDevObjectVersion:   Dev-VR (D7296918-1DD6-4BDD-9DE2-64A83CC13884): 2
LogDevObjectVersion:   Dev-LoadTimes (C2A15278-BFE7-4AFE-6C17-90FF531DF755): 1
LogDevObjectVersion:   Private-Geometry (6EACA3D4-40EC-4CC1-B786-8BED09428FC5): 3
LogDevObjectVersion:   Dev-AnimPhys (29E575DD-E0A3-4627-9D10-D276232CDCEA): 17
LogDevObjectVersion:   Dev-ReflectionCapture (6B266CEC-1EC7-4B8F-A30B-E4D90942FC07): 1
LogDevObjectVersion:   Dev-Automation (0DF73D61-A23F-47EA-B727-89E90C41499A): 1
LogDevObjectVersion:   FortniteMain (601D1886-AC64-4F84-AA16-D3DE0DEAC7D6): 12
LogDevObjectVersion:   Dev-Enterprise (9DFFBCD6-494F-0158-E221-12823C92A888): 1
LogStreaming: Display: Took  0.007s to delete old logs.
LogInit: Presizing for max 8388607 objects, including 0 objects not considered by GC, pre-allocating 0 bytes for permanent pool.
LogInit: Object subsystem initialized
[2019.01.25-21.30.55:984][  0]LogInit: Selected Device Profile: [Windows]
[2019.01.25-21.30.55:984][  0]LogInit: Applying CVar settings loaded from the selected device profile: [Windows]
[2019.01.25-21.30.56:006][  0]LogHAL: Display: Platform has ~ 16 GB [17092038656 / 17179869184 / 16], which maps to Larger [LargestMinGB=32, LargerMinGB=12, DefaultMinGB=8, SmallerMinGB=6, SmallestMinGB=0)
[2019.01.25-21.30.56:007][  0]LogInit: Setting Device Profile CVar: [[r.Vulkan.UseRealUBs:1]]
[2019.01.25-21.30.56:007][  0]LogInit: Going up to parent DeviceProfile []
[2019.01.25-21.30.56:007][  0]LogInit: Computer: D102-11
[2019.01.25-21.30.56:007][  0]LogInit: User: w014100h
[2019.01.25-21.30.56:007][  0]LogInit: CPU Page size=4096, Cores=4
[2019.01.25-21.30.56:007][  0]LogInit: High frequency timer resolution =3.410072 MHz
[2019.01.25-21.30.56:008][  0]LogMemory: Memory total: Physical=15.9GB (16GB approx)
[2019.01.25-21.30.56:008][  0]LogMemory: Platform Memory Stats for Windows
[2019.01.25-21.30.56:008][  0]LogMemory: Process Physical Memory: 100.45 MB used, 100.45 MB peak
[2019.01.25-21.30.56:008][  0]LogMemory: Process Virtual Memory: 91.10 MB used, 91.10 MB peak
[2019.01.25-21.30.56:008][  0]LogMemory: Physical Memory: 7043.92 MB used,  9256.32 MB free, 16300.24 MB total
[2019.01.25-21.30.56:008][  0]LogMemory: Virtual Memory: 4640.35 MB used,  9256.32 MB free, 134217728.00 MB total
[2019.01.25-21.30.56:150][  0]LogInit: Using OS detected language (en-US).
[2019.01.25-21.30.56:150][  0]LogInit: Using OS detected locale (en-GB).
[2019.01.25-21.30.56:152][  0]LogTextLocalizationManager: No specific localization for 'en-US' exists, so the 'en' localization will be used.
[2019.01.25-21.30.56:557][  0]LogStreaming: Display: Took  0.406s to InitEngineTextLocalization.
[2019.01.25-21.30.56:557][  0]LogInit: Setting process to per monitor DPI aware
[2019.01.25-21.30.56:613][  0]LogSlate: New Slate User Created.  User Index 0, Is Virtual User: 0
[2019.01.25-21.30.56:613][  0]LogSlate: Slate User Registered.  User Index 0, Is Virtual User: 0
[2019.01.25-21.30.56:939][  0]LogHMD: Failed to initialize OpenVR with code 110
[2019.01.25-21.30.56:940][  0]LogD3D11RHI: D3D11 adapters:
[2019.01.25-21.30.57:035][  0]LogD3D11RHI:    0. 'NVIDIA GeForce GTX 970' (Feature Level 11_0)
[2019.01.25-21.30.57:035][  0]LogD3D11RHI:       4043/0/8150 MB DedicatedVideo/DedicatedSystem/SharedSystem, Outputs:2, VendorId:0x10de
[2019.01.25-21.30.57:042][  0]LogD3D11RHI:    1. 'Microsoft Basic Render Driver' (Feature Level 11_0)
[2019.01.25-21.30.57:042][  0]LogD3D11RHI:       0/0/8150 MB DedicatedVideo/DedicatedSystem/SharedSystem, Outputs:0, VendorId:0x1414
[2019.01.25-21.30.57:043][  0]LogD3D11RHI: Chosen D3D11 Adapter: 0
[2019.01.25-21.30.57:056][  0]LogD3D11RHI: Creating new Direct3DDevice
[2019.01.25-21.30.57:056][  0]LogD3D11RHI:     GPU DeviceId: 0x13c2 (for the marketing name, search the web for "GPU Device Id")
[2019.01.25-21.30.57:057][  0]LogWindows: EnumDisplayDevices:
[2019.01.25-21.30.57:057][  0]LogWindows:    0. 'NVIDIA GeForce GTX 970' (P:1 D:1)
[2019.01.25-21.30.57:057][  0]LogWindows:    1. 'NVIDIA GeForce GTX 970' (P:0 D:1)
[2019.01.25-21.30.57:058][  0]LogWindows:    2. 'NVIDIA GeForce GTX 970' (P:0 D:0)
[2019.01.25-21.30.57:058][  0]LogWindows:    3. 'NVIDIA GeForce GTX 970' (P:0 D:0)
[2019.01.25-21.30.57:059][  0]LogWindows: DebugString: FoundDriverCount:4 
[2019.01.25-21.30.57:059][  0]LogD3D11RHI:     Adapter Name: NVIDIA GeForce GTX 970
[2019.01.25-21.30.57:059][  0]LogD3D11RHI:   Driver Version: 398.82 (internal:24.21.13.9882, unified:398.82)
[2019.01.25-21.30.57:059][  0]LogD3D11RHI:      Driver Date: 7-30-2018
[2019.01.25-21.30.57:059][  0]LogRHI: Texture pool is 2830 MB (70% of 4043 MB)
[2019.01.25-21.30.57:128][  0]LogD3D11RHI: Async texture creation enabled
[2019.01.25-21.30.57:148][  0]LogD3D11RHI: GPU Timing Frequency: 1000.000000 (Debug: 2 2)
[2019.01.25-21.30.57:152][  0]LogShaderCompilers: Guid format shader working directory is -15 characters bigger than the processId version (../../../../../../Users/w014100h/Documents/Github/HomeIs/HomeIs/Intermediate/Shaders/WorkingDirectory/21820/).
[2019.01.25-21.30.57:152][  0]LogShaderCompilers: Cleaned the shader compiler working directory 'C:/Users/w014100h/AppData/Local/Temp/UnrealShaderWorkingDir/5F430C994F5714790265AC8B422C134B/'.
[2019.01.25-21.30.57:698][  0]LogTemp: Display: Loaded TP AllDesktopTargetPlatform
[2019.01.25-21.30.57:717][  0]LogTemp: Display: Loaded TP MacClientTargetPlatform
[2019.01.25-21.30.57:741][  0]LogTemp: Display: Loaded TP MacNoEditorTargetPlatform
[2019.01.25-21.30.57:760][  0]LogTemp: Display: Loaded TP MacServerTargetPlatform
[2019.01.25-21.30.57:782][  0]LogTemp: Display: Loaded TP MacTargetPlatform
[2019.01.25-21.30.57:807][  0]LogTemp: Display: Loaded TP WindowsClientTargetPlatform
[2019.01.25-21.30.57:826][  0]LogTemp: Display: Loaded TP WindowsNoEditorTargetPlatform
[2019.01.25-21.30.57:849][  0]LogTemp: Display: Loaded TP WindowsServerTargetPlatform
[2019.01.25-21.30.57:860][  0]LogTemp: Display: Loaded TP WindowsTargetPlatform
[2019.01.25-21.30.57:953][  0]LogTemp: Display: Loaded TP AndroidTargetPlatform
[2019.01.25-21.30.57:953][  0]LogTemp: Display: Loaded TP AndroidTargetPlatform
[2019.01.25-21.30.57:953][  0]LogTemp: Display: Loaded TP AndroidTargetPlatform
[2019.01.25-21.30.57:953][  0]LogTemp: Display: Loaded TP AndroidTargetPlatform
[2019.01.25-21.30.57:953][  0]LogTemp: Display: Loaded TP AndroidTargetPlatform
[2019.01.25-21.30.57:953][  0]LogTemp: Display: Loaded TP AndroidTargetPlatform
[2019.01.25-21.30.57:954][  0]LogTemp: Display: Loaded TP AndroidTargetPlatform
[2019.01.25-21.30.57:954][  0]LogTemp: Display: Loaded TP AndroidTargetPlatform
[2019.01.25-21.30.57:954][  0]LogTemp: Display: Loaded TP AndroidTargetPlatform
[2019.01.25-21.30.57:954][  0]LogTemp: Display: Loaded TP AndroidTargetPlatform
[2019.01.25-21.30.57:954][  0]LogTemp: Display: Loaded TP AndroidTargetPlatform
[2019.01.25-21.30.57:954][  0]LogTemp: Display: Loaded TP AndroidTargetPlatform
[2019.01.25-21.30.57:954][  0]LogTemp: Display: Loaded TP AndroidTargetPlatform
[2019.01.25-21.30.57:954][  0]LogTemp: Display: Loaded TP AndroidTargetPlatform
[2019.01.25-21.30.57:954][  0]LogTemp: Display: Loaded TP AndroidTargetPlatform
[2019.01.25-21.30.57:954][  0]LogTemp: Display: Loaded TP AndroidTargetPlatform
[2019.01.25-21.30.57:954][  0]LogTemp: Display: Loaded TP AndroidTargetPlatform
[2019.01.25-21.30.57:954][  0]LogTemp: Display: Loaded TP AndroidTargetPlatform
[2019.01.25-21.30.57:960][  0]LogTemp: Display: Loaded TP HTML5TargetPlatform
[2019.01.25-21.30.58:044][  0]LogTemp: Display: Loaded TP IOSTargetPlatform
[2019.01.25-21.30.58:044][  0]LogTemp: Display: Loaded TP IOSTargetPlatform
[2019.01.25-21.30.58:077][  0]LogTemp: Display: Loaded TP TVOSTargetPlatform
[2019.01.25-21.30.58:077][  0]LogTemp: Display: Loaded TP TVOSTargetPlatform
[2019.01.25-21.30.58:096][  0]LogTemp: Display: Loaded TP LinuxClientTargetPlatform
[2019.01.25-21.30.58:117][  0]LogTemp: Display: Loaded TP LinuxNoEditorTargetPlatform
[2019.01.25-21.30.58:133][  0]LogTemp: Display: Loaded TP LinuxServerTargetPlatform
[2019.01.25-21.30.58:150][  0]LogTemp: Display: Loaded TP LinuxTargetPlatform
[2019.01.25-21.30.58:163][  0]LogTemp: Display: Loaded TP LuminTargetPlatform
[2019.01.25-21.30.58:163][  0]LogTargetPlatformManager: Display: Building Assets For Windows
[2019.01.25-21.30.58:352][  0]LogXGEController: Cleaning working directory: C:/Users/w014100h/AppData/Local/Temp/UnrealXGEWorkingDir/
[2019.01.25-21.30.58:353][  0]LogXGEController: Cannot use XGE Controller as Incredibuild is not installed on this machine.
[2019.01.25-21.30.58:353][  0]LogShaderCompilers: Cannot use XGE Shader Compiler as Incredibuild is not installed on this machine.
[2019.01.25-21.30.58:353][  0]LogShaderCompilers: Display: Using Local Shader Compiler.
[2019.01.25-21.30.59:524][  0]LogDerivedDataCache: Display: Max Cache Size: 512 MB
[2019.01.25-21.30.59:621][  0]LogDerivedDataCache: Loaded boot cache 0.10s 73MB C:/Users/w014100h/AppData/Local/UnrealEngine/4.20/DerivedDataCache/Boot.ddc.
[2019.01.25-21.30.59:622][  0]LogDerivedDataCache: Display: Loaded Boot cache: C:/Users/w014100h/AppData/Local/UnrealEngine/4.20/DerivedDataCache/Boot.ddc
[2019.01.25-21.30.59:622][  0]LogDerivedDataCache: FDerivedDataBackendGraph:  Pak pak cache file ../../../../../../Users/w014100h/Documents/Github/HomeIs/HomeIs/DerivedDataCache/DDC.ddp not found, will not use a pak cache.
[2019.01.25-21.30.59:622][  0]LogDerivedDataCache: Unable to find inner node Pak for hierarchical cache Hierarchy.
[2019.01.25-21.30.59:623][  0]LogDerivedDataCache: FDerivedDataBackendGraph:  CompressedPak pak cache file ../../../../../../Users/w014100h/Documents/Github/HomeIs/HomeIs/DerivedDataCache/Compressed.ddp not found, will not use a pak cache.
[2019.01.25-21.30.59:623][  0]LogDerivedDataCache: Unable to find inner node CompressedPak for hierarchical cache Hierarchy.
[2019.01.25-21.30.59:638][  0]LogDerivedDataCache: Display: Pak cache opened for reading ../../../Engine/DerivedDataCache/Compressed.ddp.
[2019.01.25-21.30.59:652][  0]LogDerivedDataCache: Using Local data cache path C:/Users/w014100h/AppData/Local/UnrealEngine/Common/DerivedDataCache: Writable
[2019.01.25-21.30.59:652][  0]LogDerivedDataCache: Shared data cache path not found in *engine.ini, will not use an Shared cache.
[2019.01.25-21.30.59:652][  0]LogDerivedDataCache: Unable to find inner node Shared for hierarchical cache Hierarchy.
[2019.01.25-21.30.59:673][  0]LogMaterial: Verifying Global Shaders for PCD3D_SM5
[2019.01.25-21.30.59:675][  0]LogSlate: Using FreeType 2.6.0
[2019.01.25-21.30.59:676][  0]LogSlate: SlateFontServices - WITH_FREETYPE: 1, WITH_HARFBUZZ: 1
[2019.01.25-21.30.59:779][  0]LogAssetRegistry: FAssetRegistry took 0.0317 seconds to start up
[2019.01.25-21.31.00:286][  0]LogInit: Selected Device Profile: [Windows]
[2019.01.25-21.31.00:475][  0]LogSimplygon: Simplygon DLL not present - disabling.
[2019.01.25-21.31.00:486][  0]LogMeshReduction: Using SimplygonSwarm for distributed automatic mesh merging
[2019.01.25-21.31.00:486][  0]LogMeshReduction: Using ProxyLODMeshReduction for automatic mesh merging
[2019.01.25-21.31.00:486][  0]LogMeshReduction: Using QuadricMeshReduction for automatic static mesh reduction
[2019.01.25-21.31.00:486][  0]LogMeshReduction: No automatic skeletal mesh reduction module available
[2019.01.25-21.31.00:511][  0]LogNetVersion: HomeIs 1.0.0, NetCL: 4212847, EngineNetVer: 5, GameNetVer: 0 (Checksum: 4178729889)
[2019.01.25-21.31.01:260][  0]LogPackageLocalizationCache: Processed 11 localized package path(s) for 2 prioritized culture(s) in 0.264445 seconds
[2019.01.25-21.31.01:268][  0]LogUObjectArray: 38425 objects as part of root set at end of initial load.
[2019.01.25-21.31.01:268][  0]LogUObjectAllocator: 6690872 out of 0 bytes used by permanent object pool.
[2019.01.25-21.31.01:268][  0]LogUObjectArray: CloseDisregardForGC: 0/0 objects in disregard for GC pool
[2019.01.25-21.31.02:441][  0]LogTcpMessaging: Initializing TcpMessaging bridge
[2019.01.25-21.31.02:457][  0]LogUdpMessaging: Initializing bridge on interface 0.0.0.0:0 to multicast group 230.0.0.1:6666.
[2019.01.25-21.31.02:916][  0]SourceControl: Source control is disabled
[2019.01.25-21.31.02:916][  0]SourceControl: Source control is disabled
[2019.01.25-21.31.02:921][  0]SourceControl: Source control is disabled
[2019.01.25-21.31.02:925][  0]SourceControl: Source control is disabled
[2019.01.25-21.31.03:242][  0]LogAndroidPermission: UAndroidPermissionCallbackProxy::GetInstance
[2019.01.25-21.31.03:342][  0]LogOcInput: OculusInput pre-init called
[2019.01.25-21.31.03:441][  0]LogEngine: Initializing Engine...
[2019.01.25-21.31.03:443][  0]LogHMD: Failed to initialize OpenVR with code 110
[2019.01.25-21.31.03:445][  0]LogStats: UGameplayTagsManager::ConstructGameplayTagTree: ImportINI prefixes -  0.000 s
[2019.01.25-21.31.03:445][  0]LogStats: UGameplayTagsManager::ConstructGameplayTagTree: Construct from data asset -  0.000 s
[2019.01.25-21.31.03:446][  0]LogStats: UGameplayTagsManager::ConstructGameplayTagTree: ImportINI -  0.001 s
[2019.01.25-21.31.03:446][  0]LogStats: UGameplayTagsManager::ConstructGameplayTagTree: GameplayTagTreeChangedEvent.Broadcast -  0.000 s
[2019.01.25-21.31.03:726][  0]LogInit: Initializing FReadOnlyCVARCache
[2019.01.25-21.31.03:780][  0]LogAIModule: Creating AISystem for world Untitled
[2019.01.25-21.31.03:799][  0]LogInit: XAudio2 using 'Speakers (Realtek High Definition Audio)' : 2 channels at 48 kHz using 32 bits per sample (channel mask 0x3)
[2019.01.25-21.31.03:826][  0]LogInit: FAudioDevice initialized.
[2019.01.25-21.31.03:826][  0]LogNetVersion: Set ProjectVersion to 1.0.0.0. Version Checksum will be recalculated on next use.
[2019.01.25-21.31.03:950][  0]LogDerivedDataCache: Saved boot cache 0.12s 73MB C:/Users/w014100h/AppData/Local/UnrealEngine/4.20/DerivedDataCache/Boot.ddc.
[2019.01.25-21.31.03:990][  0]LogInit: Texture streaming: Enabled
[2019.01.25-21.31.04:038][  0]LogEngineSessionManager: EngineSessionManager initialized
[2019.01.25-21.31.04:057][  0]LogInit: Transaction tracking system initialized
[2019.01.25-21.31.04:121][  0]BlueprintLog: New page: Editor Load
[2019.01.25-21.31.04:367][  0]LocalizationService: Localization service is disabled
[2019.01.25-21.31.04:771][  0]LogCook: Display: Max memory allowance for cook 16384mb min free memory 0mb
[2019.01.25-21.31.04:772][  0]LogCook: Display: Mobile HDR setting 1
[2019.01.25-21.31.04:772][  0]LogGameplayTags: Display: UGameplayTagsManager::DoneAddingNativeTags. DelegateIsBound: 0
[2019.01.25-21.31.04:772][  0]LogStats: UGameplayTagsManager::ConstructGameplayTagTree: ImportINI prefixes -  0.000 s
[2019.01.25-21.31.04:772][  0]LogStats: UGameplayTagsManager::ConstructGameplayTagTree: Construct from data asset -  0.000 s
[2019.01.25-21.31.04:772][  0]LogStats: UGameplayTagsManager::ConstructGameplayTagTree: ImportINI -  0.000 s
[2019.01.25-21.31.04:773][  0]LogStats: UGameplayTagsManager::ConstructGameplayTagTree: GameplayTagTreeChangedEvent.Broadcast -  0.000 s
[2019.01.25-21.31.05:054][  0]LogFileCache: Scanning file cache for directory 'C:/Users/w014100h/Documents/Github/HomeIs/HomeIs/Content/' took 0.03s
[2019.01.25-21.31.05:054][  0]SourceControl: Source control is disabled
[2019.01.25-21.31.05:054][  0]Cmd: MAP LOAD FILE="../../../../../../Users/w014100h/Documents/Github/HomeIs/HomeIs/Content/FirstPersonCPP/Maps/FirstPersonExampleMap.umap" TEMPLATE=0 SHOWPROGRESS=1 FEATURELEVEL=3
[2019.01.25-21.31.05:055][  0]LightingResults: New page: Lighting Build
[2019.01.25-21.31.05:061][  0]MapCheck: New page: Map Check
[2019.01.25-21.31.05:061][  0]LightingResults: New page: Lighting Build
[2019.01.25-21.31.05:184][  0]LogLinker: Warning: Can't find file '/Game/FirstPersonCPP/Maps/FirstPersonExampleMap_BuiltData'
[2019.01.25-21.31.05:184][  0]LogLinker: Warning: Can't find file for asset '/Game/FirstPersonCPP/Maps/FirstPersonExampleMap_BuiltData' while loading ../../../../../../Users/w014100h/Documents/Github/HomeIs/HomeIs/Content/FirstPersonCPP/Maps/FirstPersonExampleMap.umap.
[2019.01.25-21.31.05:184][  0]LoadErrors: Error: /Game/FirstPersonCPP/Maps/FirstPersonExampleMap : Can't find file for asset. /Game/FirstPersonCPP/Maps/FirstPersonExampleMap_BuiltData
[2019.01.25-21.31.05:196][  0]LogLinker: Warning: Can't find file '/Game/FirstPersonCPP/Maps/FirstPersonExampleMap_BuiltData'
[2019.01.25-21.31.05:197][  0]LogLinker: Warning: Can't find file for asset '/Game/FirstPersonCPP/Maps/FirstPersonExampleMap_BuiltData' while loading ../../../../../../Users/w014100h/Documents/Github/HomeIs/HomeIs/Content/FirstPersonCPP/Maps/FirstPersonExampleMap.umap.
[2019.01.25-21.31.05:197][  0]LoadErrors: Error: /Game/FirstPersonCPP/Maps/FirstPersonExampleMap : Can't find file for asset. /Game/FirstPersonCPP/Maps/FirstPersonExampleMap_BuiltData
[2019.01.25-21.31.05:203][  0]LogLinker: Warning: Can't find file '/Game/FirstPersonCPP/Maps/FirstPersonExampleMap_BuiltData'
[2019.01.25-21.31.05:204][  0]LogLinker: Warning: Can't find file for asset '/Game/FirstPersonCPP/Maps/FirstPersonExampleMap_BuiltData' while loading NULL.
[2019.01.25-21.31.05:205][  0]LogLinker: Warning: Can't find file '/Game/FirstPersonCPP/Maps/FirstPersonExampleMap_BuiltData'
[2019.01.25-21.31.05:205][  0]LogLinker: Warning: Can't find file for asset '/Game/FirstPersonCPP/Maps/FirstPersonExampleMap_BuiltData' while loading NULL.
[2019.01.25-21.31.05:236][  0]LogLinker: Warning: Can't find file '/Game/FirstPersonCPP/Maps/FirstPersonExampleMap_BuiltData'
[2019.01.25-21.31.05:236][  0]LoadErrors: Failed to load /Game/FirstPersonCPP/Maps/FirstPersonExampleMap_BuiltData.FirstPersonExampleMap_BuiltData Referenced by PersistentLevel
[2019.01.25-21.31.05:237][  0]LogLinker: Warning: Can't find file for asset '/Game/FirstPersonCPP/Maps/FirstPersonExampleMap_BuiltData' while loading NULL.
[2019.01.25-21.31.05:237][  0]LoadErrors: Failed to load /Game/FirstPersonCPP/Maps/FirstPersonExampleMap_BuiltData.FirstPersonExampleMap_BuiltData Referenced by PersistentLevel
[2019.01.25-21.31.05:325][  0]LogAIModule: Creating AISystem for world FirstPersonExampleMap
[2019.01.25-21.31.05:339][  0]LogEditorServer: Finished looking for orphan Actors (0.000 secs)
[2019.01.25-21.31.05:365][  0]Cmd: MAP CHECKDEP NOCLEARLOG
[2019.01.25-21.31.05:584][  0]MapCheck: Map check complete: 0 Error(s), 0 Warning(s), took 218.134ms to complete.
[2019.01.25-21.31.05:584][  0]LogFileHelpers: Loading map 'FirstPersonExampleMap' took 0.529
[2019.01.25-21.31.05:709][  0]LogSlate: Updating window title bar state: overlay mode, drag disabled, window buttons hidden, title bar hidden
[2019.01.25-21.31.05:718][  0]LogSlate: Updating window title bar state: overlay mode, drag disabled, window buttons hidden, title bar hidden
[2019.01.25-21.31.05:728][  0]LogSlate: Updating window title bar state: overlay mode, drag disabled, window buttons hidden, title bar hidden
[2019.01.25-21.31.05:736][  0]LogSlate: Updating window title bar state: overlay mode, drag disabled, window buttons hidden, title bar hidden
[2019.01.25-21.31.05:753][  0]LogCollectionManager: Loaded 0 collections in 0.004722 seconds
[2019.01.25-21.31.05:808][  0]LogFileCache: Scanning file cache for directory 'C:/Users/w014100h/Documents/Github/HomeIs/HomeIs/Saved/Collections/' took 0.01s
[2019.01.25-21.31.05:808][  0]LogFileCache: Scanning file cache for directory 'C:/Users/w014100h/Documents/Github/HomeIs/HomeIs/Content/Developers/w014100h/Collections/' took 0.01s
[2019.01.25-21.31.05:808][  0]LogFileCache: Scanning file cache for directory 'C:/Users/w014100h/Documents/Github/HomeIs/HomeIs/Content/Collections/' took 0.01s
[2019.01.25-21.31.05:808][  0]LogCollectionManager: Rebuilt the GUID cache for 0 collections in 0.000000 seconds
[2019.01.25-21.31.05:824][  0]LogContentBrowser: Native class hierarchy populated in 0.0156 seconds. Added 2577 classes and 605 folders.
[2019.01.25-21.31.05:838][  0]LogContentBrowser: Native class hierarchy updated for 'WidgetCarousel' in 0.0007 seconds. Added 0 classes and 0 folders.
[2019.01.25-21.31.05:928][  0]LogContentBrowser: Native class hierarchy updated for 'AddContentDialog' in 0.0005 seconds. Added 0 classes and 0 folders.
[2019.01.25-21.31.05:937][  0]LogContentBrowser: Native class hierarchy updated for 'SceneOutliner' in 0.0005 seconds. Added 1 classes and 2 folders.
[2019.01.25-21.31.05:953][  0]LogSlate: Took 0.000287 seconds to synchronously load lazily loaded font '../../../Engine/Content/Slate/Fonts/Roboto-Regular.ttf' (155K)
[2019.01.25-21.31.05:958][  0]LogSlate: Took 0.000323 seconds to synchronously load lazily loaded font '../../../Engine/Content/Slate/Fonts/Roboto-Bold.ttf' (160K)
[2019.01.25-21.31.05:966][  0]LogSlate: Took 0.000239 seconds to synchronously load lazily loaded font '../../../Engine/Content/Editor/Slate/Fonts/FontAwesome.ttf' (139K)
[2019.01.25-21.31.06:061][  0]LogRenderer: Reallocating scene render targets to support 1208x576 Format 10 NumSamples 1 (Frame:1).
[2019.01.25-21.31.06:117][  0]LogSlate: Took 0.000251 seconds to synchronously load lazily loaded font '../../../Engine/Content/Slate/Fonts/Roboto-Light.ttf' (167K)
[2019.01.25-21.31.06:227][  0]LogSlate: FSceneViewport::OnFocusLost() reason 2
[2019.01.25-21.31.06:245][  0]LogSlate: Window 'Tutorials' being destroyed
[2019.01.25-21.31.06:285][  0]LogContentBrowser: Native class hierarchy updated for 'HierarchicalLODOutliner' in 0.0005 seconds. Added 0 classes and 0 folders.
[2019.01.25-21.31.06:285][  0]LogLoad: (Engine Initialization) Total time: 13.73 seconds
[2019.01.25-21.31.06:286][  0]LogLoad: (Engine Initialization) Total Blueprint compile time: 0.00 seconds
[2019.01.25-21.31.06:296][  0]LogWindowsTextInputMethodSystem: Display: IME system now deactivated.
[2019.01.25-21.31.06:317][  0]LogContentStreaming: Texture pool size now 1000 MB
[2019.01.25-21.31.06:326][  0]LogSlate: FSceneViewport::OnFocusLost() reason 2
[2019.01.25-21.31.06:381][  1]LogAssetRegistry: Asset discovery search completed in 6.6259 seconds
[2019.01.25-21.31.06:384][  1]LogCollectionManager: Rebuilt the object cache for 0 collections in 0.000002 seconds (found 0 objects)
[2019.01.25-21.31.06:384][  1]LogCollectionManager: Fixed up redirectors for 0 collections in 0.000120 seconds (updated 0 objects)
[2019.01.25-21.31.08:654][259]LogSlate: Window 'Message Log' being destroyed
[2019.01.25-21.31.08:657][259]LogSlate: Window 'Message Log' being destroyed
[2019.01.25-21.31.09:353][342]LogSlate: FSceneViewport::OnFocusLost() reason 0
[2019.01.25-21.31.09:428][351]LogTemp: Repeating last play command: Selected Viewport
[2019.01.25-21.31.09:445][351]LogBlueprintUserMessages: Early PlayInEditor Detection: Level '/Game/FirstPersonCPP/Maps/FirstPersonExampleMap.FirstPersonExampleMap:PersistentLevel' has LevelScriptBlueprint '/Game/FirstPersonCPP/Maps/FirstPersonExampleMap.FirstPersonExampleMap:PersistentLevel.FirstPersonExampleMap' with GeneratedClass '/Game/FirstPersonCPP/Maps/FirstPersonExampleMap.FirstPersonExampleMap_C' with ClassGeneratedBy '/Game/FirstPersonCPP/Maps/FirstPersonExampleMap.FirstPersonExampleMap:PersistentLevel.FirstPersonExampleMap'
[2019.01.25-21.31.09:445][351]LogPlayLevel: PlayLevel: No blueprints needed recompiling
[2019.01.25-21.31.09:458][351]PIE: New page: PIE session: FirstPersonExampleMap (25 Jan 2019 21:31:09)
[2019.01.25-21.31.09:459][351]LogPlayLevel: Creating play world package: /Game/FirstPersonCPP/Maps/UEDPIE_0_FirstPersonExampleMap
[2019.01.25-21.31.09:486][351]LogPlayLevel: PIE: StaticDuplicateObject took: (0.027213s)
[2019.01.25-21.31.09:487][351]LogAIModule: Creating AISystem for world FirstPersonExampleMap
[2019.01.25-21.31.09:488][351]LogPlayLevel: PIE: World Init took: (0.001625s)
[2019.01.25-21.31.09:488][351]LogPlayLevel: PIE: Created PIE world by copying editor world from /Game/FirstPersonCPP/Maps/FirstPersonExampleMap.FirstPersonExampleMap to /Game/FirstPersonCPP/Maps/UEDPIE_0_FirstPersonExampleMap.FirstPersonExampleMap (0.029299s)
[2019.01.25-21.31.09:518][351]LogInit: XAudio2 using 'Speakers (Realtek High Definition Audio)' : 2 channels at 48 kHz using 32 bits per sample (channel mask 0x3)
[2019.01.25-21.31.09:532][351]LogInit: FAudioDevice initialized.
[2019.01.25-21.31.09:578][351]LogLoad: Game class is 'HomeIsGameMode'
[2019.01.25-21.31.09:583][351]LogWorld: Bringing World /Game/FirstPersonCPP/Maps/UEDPIE_0_FirstPersonExampleMap.FirstPersonExampleMap up for play (max tick rate 0) at 2019.01.25-21.31.09
[2019.01.25-21.31.09:584][351]LogWorld: Bringing up level for play took: 0.003642
[2019.01.25-21.31.09:611][351]LogContentBrowser: Native class hierarchy updated for 'MovieSceneCapture' in 0.0009 seconds. Added 10 classes and 0 folders.
[2019.01.25-21.31.09:612][351]PIE: Play in editor start time for /Game/FirstPersonCPP/Maps/UEDPIE_0_FirstPersonExampleMap -0.42
[2019.01.25-21.31.09:613][351]LogBlueprintUserMessages: Late PlayInEditor Detection: Level '/Game/FirstPersonCPP/Maps/FirstPersonExampleMap.FirstPersonExampleMap:PersistentLevel' has LevelScriptBlueprint '/Game/FirstPersonCPP/Maps/FirstPersonExampleMap.FirstPersonExampleMap:PersistentLevel.FirstPersonExampleMap' with GeneratedClass '/Game/FirstPersonCPP/Maps/FirstPersonExampleMap.FirstPersonExampleMap_C' with ClassGeneratedBy '/Game/FirstPersonCPP/Maps/FirstPersonExampleMap.FirstPersonExampleMap:PersistentLevel.FirstPersonExampleMap'
[2019.01.25-21.31.11:243][538]LogBlueprintUserMessages: Early EndPlayMap Detection: Level '/Game/FirstPersonCPP/Maps/FirstPersonExampleMap.FirstPersonExampleMap:PersistentLevel' has LevelScriptBlueprint '/Game/FirstPersonCPP/Maps/FirstPersonExampleMap.FirstPersonExampleMap:PersistentLevel.FirstPersonExampleMap' with GeneratedClass '/Game/FirstPersonCPP/Maps/FirstPersonExampleMap.FirstPersonExampleMap_C' with ClassGeneratedBy '/Game/FirstPersonCPP/Maps/FirstPersonExampleMap.FirstPersonExampleMap:PersistentLevel.FirstPersonExampleMap'
[2019.01.25-21.31.11:243][538]LogSlate: Updating window title bar state: overlay mode, drag disabled, window buttons hidden, title bar hidden
[2019.01.25-21.31.11:280][538]LogPlayLevel: Display: Shutting down PIE online subsystems
[2019.01.25-21.31.11:281][538]LogBlueprintUserMessages: Late EndPlayMap Detection: Level '/Game/FirstPersonCPP/Maps/FirstPersonExampleMap.FirstPersonExampleMap:PersistentLevel' has LevelScriptBlueprint '/Game/FirstPersonCPP/Maps/FirstPersonExampleMap.FirstPersonExampleMap:PersistentLevel.FirstPersonExampleMap' with GeneratedClass '/Game/FirstPersonCPP/Maps/FirstPersonExampleMap.FirstPersonExampleMap_C' with ClassGeneratedBy '/Game/FirstPersonCPP/Maps/FirstPersonExampleMap.FirstPersonExampleMap:PersistentLevel.FirstPersonExampleMap'
[2019.01.25-21.31.11:311][538]LogSlate: Updating window title bar state: overlay mode, drag disabled, window buttons hidden, title bar hidden
[2019.01.25-21.31.11:360][540]LogPlayLevel: Display: Destroying online subsystem :Context_1
[2019.01.25-21.31.11:875][601]LogSlate: FSceneViewport::OnFocusLost() reason 0
[2019.01.25-21.31.14:197][859]LogSlate: FSceneViewport::OnFocusLost() reason 0
[2019.01.25-21.31.16:486][112]LogSlate: FSceneViewport::OnFocusLost() reason 0
[2019.01.25-21.31.16:539][117]LogSlate: Took 0.000274 seconds to synchronously load lazily loaded font '../../../Engine/Content/Slate/Fonts/Roboto-Light.ttf' (167K)
[2019.01.25-21.31.16:720][117]LogSavePackage: Moving '../../../../../../Users/w014100h/Documents/Github/HomeIs/HomeIs/Saved/FirstPersonExampleMapF4E40EF940E5A3A2383A32909C02BC03.tmp' to '../../../../../../Users/w014100h/Documents/Github/HomeIs/HomeIs/Content/FirstPersonCPP/Maps/FirstPersonExampleMap.umap'
[2019.01.25-21.31.17:777][234]LogTemp: Repeating last play command: Selected Viewport
[2019.01.25-21.31.17:793][234]LogBlueprintUserMessages: Early PlayInEditor Detection: Level '/Game/FirstPersonCPP/Maps/FirstPersonExampleMap.FirstPersonExampleMap:PersistentLevel' has LevelScriptBlueprint '/Game/FirstPersonCPP/Maps/FirstPersonExampleMap.FirstPersonExampleMap:PersistentLevel.FirstPersonExampleMap' with GeneratedClass '/Game/FirstPersonCPP/Maps/FirstPersonExampleMap.FirstPersonExampleMap_C' with ClassGeneratedBy '/Game/FirstPersonCPP/Maps/FirstPersonExampleMap.FirstPersonExampleMap:PersistentLevel.FirstPersonExampleMap'
[2019.01.25-21.31.17:793][234]LogPlayLevel: PlayLevel: No blueprints needed recompiling
[2019.01.25-21.31.17:794][234]PIE: New page: PIE session: FirstPersonExampleMap (25 Jan 2019 21:31:17)
[2019.01.25-21.31.17:794][234]LogPlayLevel: Creating play world package: /Game/FirstPersonCPP/Maps/UEDPIE_0_FirstPersonExampleMap
[2019.01.25-21.31.17:807][234]LogPlayLevel: PIE: StaticDuplicateObject took: (0.013565s)
[2019.01.25-21.31.17:808][234]LogAIModule: Creating AISystem for world FirstPersonExampleMap
[2019.01.25-21.31.17:809][234]LogPlayLevel: PIE: World Init took: (0.001219s)
[2019.01.25-21.31.17:809][234]LogPlayLevel: PIE: Created PIE world by copying editor world from /Game/FirstPersonCPP/Maps/FirstPersonExampleMap.FirstPersonExampleMap to /Game/FirstPersonCPP/Maps/UEDPIE_0_FirstPersonExampleMap.FirstPersonExampleMap (0.015180s)
[2019.01.25-21.31.17:837][234]LogInit: XAudio2 using 'Speakers (Realtek High Definition Audio)' : 2 channels at 48 kHz using 32 bits per sample (channel mask 0x3)
[2019.01.25-21.31.17:851][234]LogInit: FAudioDevice initialized.
[2019.01.25-21.31.17:886][234]LogLoad: Game class is 'HomeIsGameMode'
[2019.01.25-21.31.17:888][234]LogWorld: Bringing World /Game/FirstPersonCPP/Maps/UEDPIE_0_FirstPersonExampleMap.FirstPersonExampleMap up for play (max tick rate 0) at 2019.01.25-21.31.17
[2019.01.25-21.31.17:889][234]LogWorld: Bringing up level for play took: 0.002178
[2019.01.25-21.31.17:902][234]PIE: Play in editor start time for /Game/FirstPersonCPP/Maps/UEDPIE_0_FirstPersonExampleMap -0.131
[2019.01.25-21.31.17:902][234]LogBlueprintUserMessages: Late PlayInEditor Detection: Level '/Game/FirstPersonCPP/Maps/FirstPersonExampleMap.FirstPersonExampleMap:PersistentLevel' has LevelScriptBlueprint '/Game/FirstPersonCPP/Maps/FirstPersonExampleMap.FirstPersonExampleMap:PersistentLevel.FirstPersonExampleMap' with GeneratedClass '/Game/FirstPersonCPP/Maps/FirstPersonExampleMap.FirstPersonExampleMap_C' with ClassGeneratedBy '/Game/FirstPersonCPP/Maps/FirstPersonExampleMap.FirstPersonExampleMap:PersistentLevel.FirstPersonExampleMap'
[2019.01.25-21.31.25:845][180]LogSpawn: Warning: SpawnActor failed because of collision at the spawn location [X=-230.000 Y=760.000 Z=270.000] for [FirstPersonProjectile_C]
[2019.01.25-21.31.28:045][444]LogSpawn: Warning: SpawnActor failed because of collision at the spawn location [X=-230.000 Y=800.000 Z=270.000] for [FirstPersonProjectile_C]
[2019.01.25-21.31.29:246][588]LogSpawn: Warning: SpawnActor failed because of collision at the spawn location [X=-230.000 Y=760.000 Z=270.000] for [FirstPersonProjectile_C]
[2019.01.25-21.31.30:245][708]LogSpawn: Warning: SpawnActor failed because of collision at the spawn location [X=-230.000 Y=800.000 Z=270.000] for [FirstPersonProjectile_C]
[2019.01.25-21.31.33:847][140]LogSpawn: Warning: SpawnActor failed because of collision at the spawn location [X=-210.000 Y=780.000 Z=270.000] for [FirstPersonProjectile_C]
[2019.01.25-21.31.34:583][228]LogBlueprintUserMessages: Early EndPlayMap Detection: Level '/Game/FirstPersonCPP/Maps/FirstPersonExampleMap.FirstPersonExampleMap:PersistentLevel' has LevelScriptBlueprint '/Game/FirstPersonCPP/Maps/FirstPersonExampleMap.FirstPersonExampleMap:PersistentLevel.FirstPersonExampleMap' with GeneratedClass '/Game/FirstPersonCPP/Maps/FirstPersonExampleMap.FirstPersonExampleMap_C' with ClassGeneratedBy '/Game/FirstPersonCPP/Maps/FirstPersonExampleMap.FirstPersonExampleMap:PersistentLevel.FirstPersonExampleMap'
[2019.01.25-21.31.34:583][228]LogSlate: Updating window title bar state: overlay mode, drag disabled, window buttons hidden, title bar hidden
[2019.01.25-21.31.34:621][228]LogPlayLevel: Display: Shutting down PIE online subsystems
[2019.01.25-21.31.34:621][228]LogBlueprintUserMessages: Late EndPlayMap Detection: Level '/Game/FirstPersonCPP/Maps/FirstPersonExampleMap.FirstPersonExampleMap:PersistentLevel' has LevelScriptBlueprint '/Game/FirstPersonCPP/Maps/FirstPersonExampleMap.FirstPersonExampleMap:PersistentLevel.FirstPersonExampleMap' with GeneratedClass '/Game/FirstPersonCPP/Maps/FirstPersonExampleMap.FirstPersonExampleMap_C' with ClassGeneratedBy '/Game/FirstPersonCPP/Maps/FirstPersonExampleMap.FirstPersonExampleMap:PersistentLevel.FirstPersonExampleMap'
[2019.01.25-21.31.34:652][228]LogSlate: Updating window title bar state: overlay mode, drag disabled, window buttons hidden, title bar hidden
[2019.01.25-21.31.34:683][230]LogPlayLevel: Display: Destroying online subsystem :Context_3
[2019.01.25-21.31.35:485][326]LogEditorViewport: Clicking on Actor (LMB): MyTurret_C (MyTurret)
[2019.01.25-21.31.38:730][654]LogSlate: FSceneViewport::OnFocusLost() reason 0
[2019.01.25-21.31.38:798][662]LogTemp: Repeating last play command: Selected Viewport
[2019.01.25-21.31.38:815][662]LogBlueprintUserMessages: Early PlayInEditor Detection: Level '/Game/FirstPersonCPP/Maps/FirstPersonExampleMap.FirstPersonExampleMap:PersistentLevel' has LevelScriptBlueprint '/Game/FirstPersonCPP/Maps/FirstPersonExampleMap.FirstPersonExampleMap:PersistentLevel.FirstPersonExampleMap' with GeneratedClass '/Game/FirstPersonCPP/Maps/FirstPersonExampleMap.FirstPersonExampleMap_C' with ClassGeneratedBy '/Game/FirstPersonCPP/Maps/FirstPersonExampleMap.FirstPersonExampleMap:PersistentLevel.FirstPersonExampleMap'
[2019.01.25-21.31.38:815][662]LogPlayLevel: PlayLevel: No blueprints needed recompiling
[2019.01.25-21.31.38:815][662]PIE: New page: PIE session: FirstPersonExampleMap (25 Jan 2019 21:31:38)
[2019.01.25-21.31.38:815][662]LogPlayLevel: Creating play world package: /Game/FirstPersonCPP/Maps/UEDPIE_0_FirstPersonExampleMap
[2019.01.25-21.31.38:830][662]LogPlayLevel: PIE: StaticDuplicateObject took: (0.014300s)
[2019.01.25-21.31.38:831][662]LogAIModule: Creating AISystem for world FirstPersonExampleMap
[2019.01.25-21.31.38:831][662]LogPlayLevel: PIE: World Init took: (0.001241s)
[2019.01.25-21.31.38:831][662]LogPlayLevel: PIE: Created PIE world by copying editor world from /Game/FirstPersonCPP/Maps/FirstPersonExampleMap.FirstPersonExampleMap to /Game/FirstPersonCPP/Maps/UEDPIE_0_FirstPersonExampleMap.FirstPersonExampleMap (0.015948s)
[2019.01.25-21.31.38:864][662]LogInit: XAudio2 using 'Speakers (Realtek High Definition Audio)' : 2 channels at 48 kHz using 32 bits per sample (channel mask 0x3)
[2019.01.25-21.31.38:879][662]LogInit: FAudioDevice initialized.
[2019.01.25-21.31.38:920][662]LogLoad: Game class is 'HomeIsGameMode'
[2019.01.25-21.31.38:923][662]LogWorld: Bringing World /Game/FirstPersonCPP/Maps/UEDPIE_0_FirstPersonExampleMap.FirstPersonExampleMap up for play (max tick rate 0) at 2019.01.25-21.31.38
[2019.01.25-21.31.38:923][662]LogWorld: Bringing up level for play took: 0.002153
[2019.01.25-21.31.38:937][662]PIE: Play in editor start time for /Game/FirstPersonCPP/Maps/UEDPIE_0_FirstPersonExampleMap 0.904
[2019.01.25-21.31.38:937][662]LogBlueprintUserMessages: Late PlayInEditor Detection: Level '/Game/FirstPersonCPP/Maps/FirstPersonExampleMap.FirstPersonExampleMap:PersistentLevel' has LevelScriptBlueprint '/Game/FirstPersonCPP/Maps/FirstPersonExampleMap.FirstPersonExampleMap:PersistentLevel.FirstPersonExampleMap' with GeneratedClass '/Game/FirstPersonCPP/Maps/FirstPersonExampleMap.FirstPersonExampleMap_C' with ClassGeneratedBy '/Game/FirstPersonCPP/Maps/FirstPersonExampleMap.FirstPersonExampleMap:PersistentLevel.FirstPersonExampleMap'
[2019.01.25-21.31.46:148][523]LogBlueprintUserMessages: Early EndPlayMap Detection: Level '/Game/FirstPersonCPP/Maps/FirstPersonExampleMap.FirstPersonExampleMap:PersistentLevel' has LevelScriptBlueprint '/Game/FirstPersonCPP/Maps/FirstPersonExampleMap.FirstPersonExampleMap:PersistentLevel.FirstPersonExampleMap' with GeneratedClass '/Game/FirstPersonCPP/Maps/FirstPersonExampleMap.FirstPersonExampleMap_C' with ClassGeneratedBy '/Game/FirstPersonCPP/Maps/FirstPersonExampleMap.FirstPersonExampleMap:PersistentLevel.FirstPersonExampleMap'
[2019.01.25-21.31.46:149][523]LogSlate: Updating window title bar state: overlay mode, drag disabled, window buttons hidden, title bar hidden
[2019.01.25-21.31.46:188][523]LogPlayLevel: Display: Shutting down PIE online subsystems
[2019.01.25-21.31.46:189][523]LogBlueprintUserMessages: Late EndPlayMap Detection: Level '/Game/FirstPersonCPP/Maps/FirstPersonExampleMap.FirstPersonExampleMap:PersistentLevel' has LevelScriptBlueprint '/Game/FirstPersonCPP/Maps/FirstPersonExampleMap.FirstPersonExampleMap:PersistentLevel.FirstPersonExampleMap' with GeneratedClass '/Game/FirstPersonCPP/Maps/FirstPersonExampleMap.FirstPersonExampleMap_C' with ClassGeneratedBy '/Game/FirstPersonCPP/Maps/FirstPersonExampleMap.FirstPersonExampleMap:PersistentLevel.FirstPersonExampleMap'
[2019.01.25-21.31.46:214][523]LogSlate: Updating window title bar state: overlay mode, drag disabled, window buttons hidden, title bar hidden
[2019.01.25-21.31.46:254][526]LogPlayLevel: Display: Destroying online subsystem :Context_4
[2019.01.25-21.31.57:598][878]LogEditorViewport: Clicking on Actor (LMB): MyTurret_C (MyTurret)
[2019.01.25-21.32.02:149][413]LogSlate: FSceneViewport::OnFocusLost() reason 0
[2019.01.25-21.32.02:313][431]LogAssetEditorManager: Opening Asset editor for Blueprint /Game/MyTurret.MyTurret
[2019.01.25-21.32.02:812][431]LogContentBrowser: Native class hierarchy updated for 'BlueprintGraph' in 0.0008 seconds. Added 116 classes and 0 folders.
[2019.01.25-21.32.03:656][431]LogSlate: Took 0.000360 seconds to synchronously load lazily loaded font '../../../Engine/Content/Slate/Fonts/Roboto-BoldCondensed.ttf' (158K)
[2019.01.25-21.32.07:699][684]LogSlate: FSceneViewport::OnFocusLost() reason 0
[2019.01.25-21.32.07:803][688]LogRenderer: Reallocating scene render targets to support 1208x900 Format 10 NumSamples 1 (Frame:105).
[2019.01.25-21.32.27:298][194]BlueprintLog: New page: Compile MyTurret
[2019.01.25-21.32.27:901][221]Cmd: OBJ SAVEPACKAGE PACKAGE="/Game/MyTurret" FILE="../../../../../../Users/w014100h/Documents/Github/HomeIs/HomeIs/Content/MyTurret.uasset" SILENT=true
[2019.01.25-21.32.27:938][221]LogSavePackage: Moving '../../../../../../Users/w014100h/Documents/Github/HomeIs/HomeIs/Saved/MyTurretF5B21E004258993B6E098CB8DB8A71D6.tmp' to '../../../../../../Users/w014100h/Documents/Github/HomeIs/HomeIs/Content/MyTurret.uasset'
[2019.01.25-21.32.29:308][332]LogSlate: Window 'MyTurret' being destroyed
[2019.01.25-21.32.29:312][332]LogSlate: Window 'MyTurret' being destroyed
[2019.01.25-21.32.30:307][435]LogTemp: Repeating last play command: Selected Viewport
[2019.01.25-21.32.30:329][435]LogBlueprintUserMessages: Early PlayInEditor Detection: Level '/Game/FirstPersonCPP/Maps/FirstPersonExampleMap.FirstPersonExampleMap:PersistentLevel' has LevelScriptBlueprint '/Game/FirstPersonCPP/Maps/FirstPersonExampleMap.FirstPersonExampleMap:PersistentLevel.FirstPersonExampleMap' with GeneratedClass '/Game/FirstPersonCPP/Maps/FirstPersonExampleMap.FirstPersonExampleMap_C' with ClassGeneratedBy '/Game/FirstPersonCPP/Maps/FirstPersonExampleMap.FirstPersonExampleMap:PersistentLevel.FirstPersonExampleMap'
[2019.01.25-21.32.30:329][435]LogPlayLevel: PlayLevel: No blueprints needed recompiling
[2019.01.25-21.32.30:329][435]PIE: New page: PIE session: FirstPersonExampleMap (25 Jan 2019 21:32:30)
[2019.01.25-21.32.30:330][435]LogPlayLevel: Creating play world package: /Game/FirstPersonCPP/Maps/UEDPIE_0_FirstPersonExampleMap
[2019.01.25-21.32.30:346][435]LogPlayLevel: PIE: StaticDuplicateObject took: (0.016628s)
[2019.01.25-21.32.30:347][435]LogAIModule: Creating AISystem for world FirstPersonExampleMap
[2019.01.25-21.32.30:348][435]LogPlayLevel: PIE: World Init took: (0.001180s)
[2019.01.25-21.32.30:348][435]LogPlayLevel: PIE: Created PIE world by copying editor world from /Game/FirstPersonCPP/Maps/FirstPersonExampleMap.FirstPersonExampleMap to /Game/FirstPersonCPP/Maps/UEDPIE_0_FirstPersonExampleMap.FirstPersonExampleMap (0.018244s)
[2019.01.25-21.32.30:381][435]LogInit: XAudio2 using 'Speakers (Realtek High Definition Audio)' : 2 channels at 48 kHz using 32 bits per sample (channel mask 0x3)
[2019.01.25-21.32.30:396][435]LogInit: FAudioDevice initialized.
[2019.01.25-21.32.30:434][435]LogLoad: Game class is 'HomeIsGameMode'
[2019.01.25-21.32.30:436][435]LogWorld: Bringing World /Game/FirstPersonCPP/Maps/UEDPIE_0_FirstPersonExampleMap.FirstPersonExampleMap up for play (max tick rate 0) at 2019.01.25-21.32.30
[2019.01.25-21.32.30:437][435]LogWorld: Bringing up level for play took: 0.001941
[2019.01.25-21.32.30:450][435]PIE: Play in editor start time for /Game/FirstPersonCPP/Maps/UEDPIE_0_FirstPersonExampleMap 0.417
[2019.01.25-21.32.30:450][435]LogBlueprintUserMessages: Late PlayInEditor Detection: Level '/Game/FirstPersonCPP/Maps/FirstPersonExampleMap.FirstPersonExampleMap:PersistentLevel' has LevelScriptBlueprint '/Game/FirstPersonCPP/Maps/FirstPersonExampleMap.FirstPersonExampleMap:PersistentLevel.FirstPersonExampleMap' with GeneratedClass '/Game/FirstPersonCPP/Maps/FirstPersonExampleMap.FirstPersonExampleMap_C' with ClassGeneratedBy '/Game/FirstPersonCPP/Maps/FirstPersonExampleMap.FirstPersonExampleMap:PersistentLevel.FirstPersonExampleMap'
[2019.01.25-21.32.31:290][532]LogBlueprintUserMessages: Early EndPlayMap Detection: Level '/Game/FirstPersonCPP/Maps/FirstPersonExampleMap.FirstPersonExampleMap:PersistentLevel' has LevelScriptBlueprint '/Game/FirstPersonCPP/Maps/FirstPersonExampleMap.FirstPersonExampleMap:PersistentLevel.FirstPersonExampleMap' with GeneratedClass '/Game/FirstPersonCPP/Maps/FirstPersonExampleMap.FirstPersonExampleMap_C' with ClassGeneratedBy '/Game/FirstPersonCPP/Maps/FirstPersonExampleMap.FirstPersonExampleMap:PersistentLevel.FirstPersonExampleMap'
[2019.01.25-21.32.31:290][532]LogSlate: Updating window title bar state: overlay mode, drag disabled, window buttons hidden, title bar hidden
[2019.01.25-21.32.31:331][532]LogPlayLevel: Display: Shutting down PIE online subsystems
[2019.01.25-21.32.31:332][532]LogBlueprintUserMessages: Late EndPlayMap Detection: Level '/Game/FirstPersonCPP/Maps/FirstPersonExampleMap.FirstPersonExampleMap:PersistentLevel' has LevelScriptBlueprint '/Game/FirstPersonCPP/Maps/FirstPersonExampleMap.FirstPersonExampleMap:PersistentLevel.FirstPersonExampleMap' with GeneratedClass '/Game/FirstPersonCPP/Maps/FirstPersonExampleMap.FirstPersonExampleMap_C' with ClassGeneratedBy '/Game/FirstPersonCPP/Maps/FirstPersonExampleMap.FirstPersonExampleMap:PersistentLevel.FirstPersonExampleMap'
[2019.01.25-21.32.31:363][532]LogSlate: Updating window title bar state: overlay mode, drag disabled, window buttons hidden, title bar hidden
[2019.01.25-21.32.31:394][534]LogPlayLevel: Display: Destroying online subsystem :Context_8
[2019.01.25-21.32.33:258][757]LogEditorViewport: Clicking on Actor (LMB): MyTurret_C (MyTurret)
[2019.01.25-21.32.35:491][ 12]LogSlate: FSceneViewport::OnFocusLost() reason 0
[2019.01.25-21.32.35:550][ 19]LogTemp: Repeating last play command: Selected Viewport
[2019.01.25-21.32.35:574][ 19]LogBlueprintUserMessages: Early PlayInEditor Detection: Level '/Game/FirstPersonCPP/Maps/FirstPersonExampleMap.FirstPersonExampleMap:PersistentLevel' has LevelScriptBlueprint '/Game/FirstPersonCPP/Maps/FirstPersonExampleMap.FirstPersonExampleMap:PersistentLevel.FirstPersonExampleMap' with GeneratedClass '/Game/FirstPersonCPP/Maps/FirstPersonExampleMap.FirstPersonExampleMap_C' with ClassGeneratedBy '/Game/FirstPersonCPP/Maps/FirstPersonExampleMap.FirstPersonExampleMap:PersistentLevel.FirstPersonExampleMap'
[2019.01.25-21.32.35:574][ 19]LogPlayLevel: PlayLevel: No blueprints needed recompiling
[2019.01.25-21.32.35:574][ 19]PIE: New page: PIE session: FirstPersonExampleMap (25 Jan 2019 21:32:35)
[2019.01.25-21.32.35:574][ 19]LogPlayLevel: Creating play world package: /Game/FirstPersonCPP/Maps/UEDPIE_0_FirstPersonExampleMap
[2019.01.25-21.32.35:589][ 19]LogPlayLevel: PIE: StaticDuplicateObject took: (0.015029s)
[2019.01.25-21.32.35:590][ 19]LogAIModule: Creating AISystem for world FirstPersonExampleMap
[2019.01.25-21.32.35:590][ 19]LogPlayLevel: PIE: World Init took: (0.001041s)
[2019.01.25-21.32.35:591][ 19]LogPlayLevel: PIE: Created PIE world by copying editor world from /Game/FirstPersonCPP/Maps/FirstPersonExampleMap.FirstPersonExampleMap to /Game/FirstPersonCPP/Maps/UEDPIE_0_FirstPersonExampleMap.FirstPersonExampleMap (0.016475s)
[2019.01.25-21.32.35:624][ 19]LogInit: XAudio2 using 'Speakers (Realtek High Definition Audio)' : 2 channels at 48 kHz using 32 bits per sample (channel mask 0x3)
[2019.01.25-21.32.35:638][ 19]LogInit: FAudioDevice initialized.
[2019.01.25-21.32.35:673][ 19]LogLoad: Game class is 'HomeIsGameMode'
[2019.01.25-21.32.35:676][ 19]LogWorld: Bringing World /Game/FirstPersonCPP/Maps/UEDPIE_0_FirstPersonExampleMap.FirstPersonExampleMap up for play (max tick rate 0) at 2019.01.25-21.32.35
[2019.01.25-21.32.35:677][ 19]LogWorld: Bringing up level for play took: 0.003318
[2019.01.25-21.32.35:692][ 19]PIE: Play in editor start time for /Game/FirstPersonCPP/Maps/UEDPIE_0_FirstPersonExampleMap -0.341
[2019.01.25-21.32.35:693][ 19]LogBlueprintUserMessages: Late PlayInEditor Detection: Level '/Game/FirstPersonCPP/Maps/FirstPersonExampleMap.FirstPersonExampleMap:PersistentLevel' has LevelScriptBlueprint '/Game/FirstPersonCPP/Maps/FirstPersonExampleMap.FirstPersonExampleMap:PersistentLevel.FirstPersonExampleMap' with GeneratedClass '/Game/FirstPersonCPP/Maps/FirstPersonExampleMap.FirstPersonExampleMap_C' with ClassGeneratedBy '/Game/FirstPersonCPP/Maps/FirstPersonExampleMap.FirstPersonExampleMap:PersistentLevel.FirstPersonExampleMap'
[2019.01.25-21.32.41:154][668]LogBlueprintUserMessages: Early EndPlayMap Detection: Level '/Game/FirstPersonCPP/Maps/FirstPersonExampleMap.FirstPersonExampleMap:PersistentLevel' has LevelScriptBlueprint '/Game/FirstPersonCPP/Maps/FirstPersonExampleMap.FirstPersonExampleMap:PersistentLevel.FirstPersonExampleMap' with GeneratedClass '/Game/FirstPersonCPP/Maps/FirstPersonExampleMap.FirstPersonExampleMap_C' with ClassGeneratedBy '/Game/FirstPersonCPP/Maps/FirstPersonExampleMap.FirstPersonExampleMap:PersistentLevel.FirstPersonExampleMap'
[2019.01.25-21.32.41:154][668]LogSlate: Updating window title bar state: overlay mode, drag disabled, window buttons hidden, title bar hidden
[2019.01.25-21.32.41:191][668]LogPlayLevel: Display: Shutting down PIE online subsystems
[2019.01.25-21.32.41:191][668]LogBlueprintUserMessages: Late EndPlayMap Detection: Level '/Game/FirstPersonCPP/Maps/FirstPersonExampleMap.FirstPersonExampleMap:PersistentLevel' has LevelScriptBlueprint '/Game/FirstPersonCPP/Maps/FirstPersonExampleMap.FirstPersonExampleMap:PersistentLevel.FirstPersonExampleMap' with GeneratedClass '/Game/FirstPersonCPP/Maps/FirstPersonExampleMap.FirstPersonExampleMap_C' with ClassGeneratedBy '/Game/FirstPersonCPP/Maps/FirstPersonExampleMap.FirstPersonExampleMap:PersistentLevel.FirstPersonExampleMap'
[2019.01.25-21.32.41:223][668]LogSlate: Updating window title bar state: overlay mode, drag disabled, window buttons hidden, title bar hidden
[2019.01.25-21.32.41:254][670]LogPlayLevel: Display: Destroying online subsystem :Context_9
[2019.01.25-21.32.43:466][934]LogEditorViewport: Clicking on Actor (LMB): MyTurret_C (MyTurret)
[2019.01.25-21.32.44:519][ 48]LogSlate: FSceneViewport::OnFocusLost() reason 0
[2019.01.25-21.32.44:667][ 63]LogAssetEditorManager: Opening Asset editor for Blueprint /Game/MyTurret.MyTurret
[2019.01.25-21.32.46:145][154]LogSlate: Took 0.000340 seconds to synchronously load lazily loaded font '../../../Engine/Content/Slate/Fonts/Roboto-Italic.ttf' (157K)
[2019.01.25-21.33.03:856][683]BlueprintLog: New page: Compile MyTurret
[2019.01.25-21.33.04:402][716]Cmd: OBJ SAVEPACKAGE PACKAGE="/Game/MyTurret" FILE="../../../../../../Users/w014100h/Documents/Github/HomeIs/HomeIs/Content/MyTurret.uasset" SILENT=true
[2019.01.25-21.33.04:430][716]LogSavePackage: Moving '../../../../../../Users/w014100h/Documents/Github/HomeIs/HomeIs/Saved/MyTurret14ABDA314B150D7ED7B8028BBAFF41B4.tmp' to '../../../../../../Users/w014100h/Documents/Github/HomeIs/HomeIs/Content/MyTurret.uasset'
[2019.01.25-21.33.05:278][793]LogSlate: Window 'MyTurret' being destroyed
[2019.01.25-21.33.05:282][793]LogSlate: Window 'MyTurret' being destroyed
[2019.01.25-21.33.05:989][864]LogTemp: Repeating last play command: Selected Viewport
[2019.01.25-21.33.06:016][864]LogBlueprintUserMessages: Early PlayInEditor Detection: Level '/Game/FirstPersonCPP/Maps/FirstPersonExampleMap.FirstPersonExampleMap:PersistentLevel' has LevelScriptBlueprint '/Game/FirstPersonCPP/Maps/FirstPersonExampleMap.FirstPersonExampleMap:PersistentLevel.FirstPersonExampleMap' with GeneratedClass '/Game/FirstPersonCPP/Maps/FirstPersonExampleMap.FirstPersonExampleMap_C' with ClassGeneratedBy '/Game/FirstPersonCPP/Maps/FirstPersonExampleMap.FirstPersonExampleMap:PersistentLevel.FirstPersonExampleMap'
[2019.01.25-21.33.06:016][864]LogPlayLevel: PlayLevel: No blueprints needed recompiling
[2019.01.25-21.33.06:016][864]PIE: New page: PIE session: FirstPersonExampleMap (25 Jan 2019 21:33:06)
[2019.01.25-21.33.06:016][864]LogPlayLevel: Creating play world package: /Game/FirstPersonCPP/Maps/UEDPIE_0_FirstPersonExampleMap
[2019.01.25-21.33.06:035][864]LogPlayLevel: PIE: StaticDuplicateObject took: (0.018474s)
[2019.01.25-21.33.06:036][864]LogAIModule: Creating AISystem for world FirstPersonExampleMap
[2019.01.25-21.33.06:036][864]LogPlayLevel: PIE: World Init took: (0.001029s)
[2019.01.25-21.33.06:036][864]LogPlayLevel: PIE: Created PIE world by copying editor world from /Game/FirstPersonCPP/Maps/FirstPersonExampleMap.FirstPersonExampleMap to /Game/FirstPersonCPP/Maps/UEDPIE_0_FirstPersonExampleMap.FirstPersonExampleMap (0.020128s)
[2019.01.25-21.33.06:074][864]LogInit: XAudio2 using 'Speakers (Realtek High Definition Audio)' : 2 channels at 48 kHz using 32 bits per sample (channel mask 0x3)
[2019.01.25-21.33.06:089][864]LogInit: FAudioDevice initialized.
[2019.01.25-21.33.06:125][864]LogLoad: Game class is 'HomeIsGameMode'
[2019.01.25-21.33.06:128][864]LogWorld: Bringing World /Game/FirstPersonCPP/Maps/UEDPIE_0_FirstPersonExampleMap.FirstPersonExampleMap up for play (max tick rate 0) at 2019.01.25-21.33.06
[2019.01.25-21.33.06:129][864]LogWorld: Bringing up level for play took: 0.003065
[2019.01.25-21.33.06:143][864]PIE: Play in editor start time for /Game/FirstPersonCPP/Maps/UEDPIE_0_FirstPersonExampleMap 0.109
[2019.01.25-21.33.06:144][864]LogBlueprintUserMessages: Late PlayInEditor Detection: Level '/Game/FirstPersonCPP/Maps/FirstPersonExampleMap.FirstPersonExampleMap:PersistentLevel' has LevelScriptBlueprint '/Game/FirstPersonCPP/Maps/FirstPersonExampleMap.FirstPersonExampleMap:PersistentLevel.FirstPersonExampleMap' with GeneratedClass '/Game/FirstPersonCPP/Maps/FirstPersonExampleMap.FirstPersonExampleMap_C' with ClassGeneratedBy '/Game/FirstPersonCPP/Maps/FirstPersonExampleMap.FirstPersonExampleMap:PersistentLevel.FirstPersonExampleMap'
[2019.01.25-21.33.09:286][236]LogBlueprintUserMessages: Early EndPlayMap Detection: Level '/Game/FirstPersonCPP/Maps/FirstPersonExampleMap.FirstPersonExampleMap:PersistentLevel' has LevelScriptBlueprint '/Game/FirstPersonCPP/Maps/FirstPersonExampleMap.FirstPersonExampleMap:PersistentLevel.FirstPersonExampleMap' with GeneratedClass '/Game/FirstPersonCPP/Maps/FirstPersonExampleMap.FirstPersonExampleMap_C' with ClassGeneratedBy '/Game/FirstPersonCPP/Maps/FirstPersonExampleMap.FirstPersonExampleMap:PersistentLevel.FirstPersonExampleMap'
[2019.01.25-21.33.09:286][236]LogSlate: Updating window title bar state: overlay mode, drag disabled, window buttons hidden, title bar hidden
[2019.01.25-21.33.09:325][236]LogPlayLevel: Display: Shutting down PIE online subsystems
[2019.01.25-21.33.09:326][236]LogBlueprintUserMessages: Late EndPlayMap Detection: Level '/Game/FirstPersonCPP/Maps/FirstPersonExampleMap.FirstPersonExampleMap:PersistentLevel' has LevelScriptBlueprint '/Game/FirstPersonCPP/Maps/FirstPersonExampleMap.FirstPersonExampleMap:PersistentLevel.FirstPersonExampleMap' with GeneratedClass '/Game/FirstPersonCPP/Maps/FirstPersonExampleMap.FirstPersonExampleMap_C' with ClassGeneratedBy '/Game/FirstPersonCPP/Maps/FirstPersonExampleMap.FirstPersonExampleMap:PersistentLevel.FirstPersonExampleMap'
[2019.01.25-21.33.09:354][236]LogSlate: Updating window title bar state: overlay mode, drag disabled, window buttons hidden, title bar hidden
[2019.01.25-21.33.09:384][238]LogPlayLevel: Display: Destroying online subsystem :Context_11
