Log file open, 01/26/19 21:22:26
LogWindows: Failed to load 'aqProf.dll' (GetLastError=126)
LogWindows: File 'aqProf.dll' does not exist
LogWindows: Failed to load 'VSPerf140.dll' (GetLastError=126)
LogWindows: File 'VSPerf140.dll' does not exist
LogWindows: Failed to load 'VtuneApi.dll' (GetLastError=126)
LogWindows: File 'VtuneApi.dll' does not exist
LogWindows: Failed to load 'VtuneApi32e.dll' (GetLastError=126)
LogWindows: File 'VtuneApi32e.dll' does not exist
LogInit: Display: Running engine for game: HomeIs
LogPlatformFile: Not using cached read wrapper
LogTaskGraph: Started task graph with 5 named threads and 23 total threads with 3 sets of task threads.
LogStats: Stats thread started at 0.457328
LogD3D11RHI: Loaded GFSDK_Aftermath_Lib.x64.dll
LogICUInternationalization: Display: ICU TimeZone Detection - Raw Offset: +0:00, Platform Override: ''
LogPluginManager: Mounting plugin Paper2D
LogPluginManager: Mounting plugin AISupport
LogPluginManager: Mounting plugin LightPropagationVolume
LogPluginManager: Mounting plugin CLionSourceCodeAccess
LogPluginManager: Mounting plugin CodeLiteSourceCodeAccess
LogPluginManager: Mounting plugin GitSourceControl
LogPluginManager: Mounting plugin KDevelopSourceCodeAccess
LogPluginManager: Mounting plugin NullSourceCodeAccess
LogPluginManager: Mounting plugin PerforceSourceControl
LogPluginManager: Mounting plugin SubversionSourceControl
LogPluginManager: Mounting plugin UObjectPlugin
LogPluginManager: Mounting plugin VisualStudioCodeSourceCodeAccess
LogPluginManager: Mounting plugin VisualStudioSourceCodeAccess
LogPluginManager: Mounting plugin XCodeSourceCodeAccess
LogPluginManager: Mounting plugin AssetManagerEditor
LogPluginManager: Mounting plugin CryptoKeys
LogPluginManager: Mounting plugin DataValidation
LogPluginManager: Mounting plugin FacialAnimation
LogPluginManager: Mounting plugin GameplayTagsEditor
LogPluginManager: Mounting plugin MacGraphicsSwitching
LogPluginManager: Mounting plugin MeshEditor
LogPluginManager: Mounting plugin MobileLauncherProfileWizard
LogPluginManager: Mounting plugin PluginBrowser
LogPluginManager: Mounting plugin SpeedTreeImporter
LogPluginManager: Mounting plugin DatasmithContent
LogPluginManager: Mounting plugin AlembicImporter
LogPluginManager: Mounting plugin AppleImageUtils
LogPluginManager: Mounting plugin AppleVision
LogPluginManager: Mounting plugin BackChannel
LogPluginManager: Mounting plugin CharacterAI
LogPluginManager: Mounting plugin GeometryCache
LogPluginManager: Mounting plugin HTML5Networking
LogPluginManager: Mounting plugin ProxyLODPlugin
LogPluginManager: Mounting plugin MagicLeap
LogPluginManager: Mounting plugin MagicLeapEmulator
LogPluginManager: Mounting plugin MagicLeapMedia
LogPluginManager: Mounting plugin AndroidMedia
LogPluginManager: Mounting plugin AvfMedia
LogPluginManager: Mounting plugin ImgMedia
LogPluginManager: Mounting plugin LinearTimecode
LogPluginManager: Mounting plugin MediaCompositing
LogPluginManager: Mounting plugin MediaPlayerEditor
LogPluginManager: Mounting plugin WmfMedia
LogPluginManager: Mounting plugin TcpMessaging
LogPluginManager: Mounting plugin UdpMessaging
LogPluginManager: Mounting plugin ActorSequence
LogPluginManager: Mounting plugin LevelSequenceEditor
LogPluginManager: Mounting plugin MatineeToLevelSequence
LogPluginManager: Mounting plugin NetcodeUnitTest
LogPluginManager: Mounting plugin NUTUnrealEngine4
LogPluginManager: Mounting plugin OnlineSubsystemGooglePlay
LogPluginManager: Mounting plugin OnlineSubsystemIOS
LogPluginManager: Mounting plugin OnlineSubsystem
LogPluginManager: Mounting plugin OnlineSubsystemNull
LogPluginManager: Mounting plugin OnlineSubsystemUtils
LogPluginManager: Mounting plugin LauncherChunkInstaller
LogPluginManager: Mounting plugin AndroidDeviceProfileSelector
LogPluginManager: Mounting plugin AndroidMoviePlayer
LogPluginManager: Mounting plugin AndroidPermission
LogPluginManager: Mounting plugin ApexDestruction
LogPluginManager: Mounting plugin AppleMoviePlayer
LogPluginManager: Mounting plugin ArchVisCharacter
LogPluginManager: Mounting plugin AudioCapture
LogPluginManager: Mounting plugin CableComponent
LogPluginManager: Mounting plugin CustomMeshComponent
LogPluginManager: Mounting plugin EditableMesh
LogPluginManager: Mounting plugin ExampleDeviceProfileSelector
LogPluginManager: Mounting plugin GoogleCloudMessaging
LogPluginManager: Mounting plugin ImmediatePhysics
LogPluginManager: Mounting plugin IOSDeviceProfileSelector
LogPluginManager: Mounting plugin LinuxDeviceProfileSelector
LogPluginManager: Mounting plugin LocationServicesBPLibrary
LogPluginManager: Mounting plugin MobilePatchingUtils
LogPluginManager: Mounting plugin OculusVR
LogPluginManager: Plugin shader directory ../../../Engine/Plugins/Runtime/Oculus/OculusVR/Shaders found
LogPluginManager: Mapping shader source directory ../../../Engine/Plugins/Runtime/Oculus/OculusVR/Shaders to virtual directory /Plugin/OculusVR
LogPluginManager: Mounting plugin PhysXVehicles
LogPluginManager: Mounting plugin ProceduralMeshComponent
LogPluginManager: Mounting plugin RuntimePhysXCooking
LogPluginManager: Mounting plugin SteamVR
LogPluginManager: Mounting plugin WindowsMoviePlayer
LogStreaming: Display: Took  0.313s to configure plugins.
LogInit: Using libcurl 7.55.1-DEV
LogInit:  - built for x86_64-pc-win32
LogInit:  - supports SSL with OpenSSL/1.0.2h
LogInit:  - supports HTTP deflate (compression) using libz 1.2.8
LogInit:  - other features:
LogInit:      CURL_VERSION_SSL
LogInit:      CURL_VERSION_LIBZ
LogInit:      CURL_VERSION_IPV6
LogInit:      CURL_VERSION_ASYNCHDNS
LogInit:      CURL_VERSION_LARGEFILE
LogInit:      CURL_VERSION_IDN
LogInit:  CurlRequestOptions (configurable via config and command line):
LogInit:  - bVerifyPeer = false  - Libcurl will NOT verify peer certificate
LogInit:  - bUseHttpProxy = false  - Libcurl will NOT use HTTP proxy
LogInit:  - bDontReuseConnections = false  - Libcurl will reuse connections
LogInit:  - CertBundlePath = nullptr  - Libcurl will use whatever was configured at build time.
LogInit:  - MaxHostConnections = 16  - Libcurl will limit the number of connections to a host
LogInit:  - LocalHostAddr = Default
LogInit:  - BufferSize = 65536
LogInit: WinSock: version 1.1 (2.2), MaxSocks=32767, MaxUdp=65467
LogInit: Build: ++UE4+Release-4.20-CL-4369336
LogInit: Engine Version: 4.20.3-4369336+++UE4+Release-4.20
LogInit: Compatible Engine Version: 4.20.0-4212847+++UE4+Release-4.20
LogInit: Net CL: 4212847
LogInit: OS: Windows 10 (), CPU: Intel(R) Xeon(R) CPU E5-1620 v3 @ 3.50GHz, GPU: NVIDIA GeForce GTX 970
LogInit: Compiled (64-bit): Sep 17 2018 12:26:19
LogInit: Compiled with Visual C++: 19.13.26129.00
LogInit: Build Configuration: Development
LogInit: Branch Name: ++UE4+Release-4.20
LogInit: Command Line:  -skipcompile
LogInit: Base Directory: C:/Epic/UE4/UE_4.20/Engine/Binaries/Win64/
LogInit: Installed Engine Build: 1
LogDevObjectVersion: Number of dev versions registered: 20
LogDevObjectVersion:   Dev-Blueprints (B0D832E4-1F89-4F0D-ACCF-7EB736FD4AA2): 10
LogDevObjectVersion:   Dev-Build (E1C64328-A22C-4D53-A36C-8E866417BD8C): 0
LogDevObjectVersion:   Dev-Core (375EC13C-06E4-48FB-B500-84F0262A717E): 2
LogDevObjectVersion:   Dev-Editor (E4B068ED-F494-42E9-A231-DA0B2E46BB41): 24
LogDevObjectVersion:   Dev-Framework (CFFC743F-43B0-4480-9391-14DF171D2073): 34
LogDevObjectVersion:   Dev-Mobile (B02B49B5-BB20-44E9-A304-32B752E40360): 2
LogDevObjectVersion:   Dev-Networking (A4E4105C-59A1-49B5-A7C5-40C4547EDFEE): 0
LogDevObjectVersion:   Dev-Online (39C831C9-5AE6-47DC-9A44-9C173E1C8E7C): 0
LogDevObjectVersion:   Dev-Physics (78F01B33-EBEA-4F98-B9B4-84EACCB95AA2): 0
LogDevObjectVersion:   Dev-Platform (6631380F-2D4D-43E0-8009-CF276956A95A): 0
LogDevObjectVersion:   Dev-Rendering (12F88B9F-8875-4AFC-A67C-D90C383ABD29): 26
LogDevObjectVersion:   Dev-Sequencer (7B5AE74C-D270-4C10-A958-57980B212A5A): 9
LogDevObjectVersion:   Dev-VR (D7296918-1DD6-4BDD-9DE2-64A83CC13884): 2
LogDevObjectVersion:   Dev-LoadTimes (C2A15278-BFE7-4AFE-6C17-90FF531DF755): 1
LogDevObjectVersion:   Private-Geometry (6EACA3D4-40EC-4CC1-B786-8BED09428FC5): 3
LogDevObjectVersion:   Dev-AnimPhys (29E575DD-E0A3-4627-9D10-D276232CDCEA): 17
LogDevObjectVersion:   Dev-ReflectionCapture (6B266CEC-1EC7-4B8F-A30B-E4D90942FC07): 1
LogDevObjectVersion:   Dev-Automation (0DF73D61-A23F-47EA-B727-89E90C41499A): 1
LogDevObjectVersion:   FortniteMain (601D1886-AC64-4F84-AA16-D3DE0DEAC7D6): 12
LogDevObjectVersion:   Dev-Enterprise (9DFFBCD6-494F-0158-E221-12823C92A888): 1
LogStreaming: Display: Took  0.006s to delete old logs.
LogLinker: Error: AddRedirectList(C:/Users/c013767h/Documents/GitHub/HomeIs/HomeIs/Saved/Config/Windows/Engine.ini) found conflicting redirectors for TP_FirstPerson! Old: /Script/MyProject2.TP_FirstPerson, New: /Script/HomeIs.TP_FirstPerson
LogLinker: Error: AddRedirectList(C:/Users/c013767h/Documents/GitHub/HomeIs/HomeIs/Saved/Config/Windows/Engine.ini) found conflicting redirectors for /Script/TP_FirstPerson! Old: /Script/MyProject2, New: /Script/HomeIs
LogLinker: Error: AddRedirectList(C:/Users/c013767h/Documents/GitHub/HomeIs/HomeIs/Saved/Config/Windows/Engine.ini) found conflicting redirectors for TP_FirstPersonProjectile! Old: MyProject2Projectile, New: HomeIsProjectile
LogLinker: Error: AddRedirectList(C:/Users/c013767h/Documents/GitHub/HomeIs/HomeIs/Saved/Config/Windows/Engine.ini) found conflicting redirectors for TP_FirstPersonProjectile! Old: MyProject2Projectile, New: HomeIsProjectile
LogLinker: Error: AddRedirectList(C:/Users/c013767h/Documents/GitHub/HomeIs/HomeIs/Saved/Config/Windows/Engine.ini) found conflicting redirectors for TP_FirstPersonHUD! Old: MyProject2HUD, New: HomeIsHUD
LogLinker: Error: AddRedirectList(C:/Users/c013767h/Documents/GitHub/HomeIs/HomeIs/Saved/Config/Windows/Engine.ini) found conflicting redirectors for TP_FirstPersonHUD! Old: MyProject2HUD, New: HomeIsHUD
LogLinker: Error: AddRedirectList(C:/Users/c013767h/Documents/GitHub/HomeIs/HomeIs/Saved/Config/Windows/Engine.ini) found conflicting redirectors for TP_FirstPersonGameMode! Old: MyProject2GameMode, New: HomeIsGameMode
LogLinker: Error: AddRedirectList(C:/Users/c013767h/Documents/GitHub/HomeIs/HomeIs/Saved/Config/Windows/Engine.ini) found conflicting redirectors for TP_FirstPersonGameMode! Old: MyProject2GameMode, New: HomeIsGameMode
LogLinker: Error: AddRedirectList(C:/Users/c013767h/Documents/GitHub/HomeIs/HomeIs/Saved/Config/Windows/Engine.ini) found conflicting redirectors for TP_FirstPersonCharacter! Old: MyProject2Character, New: HomeIsCharacter
LogLinker: Error: AddRedirectList(C:/Users/c013767h/Documents/GitHub/HomeIs/HomeIs/Saved/Config/Windows/Engine.ini) found conflicting redirectors for TP_FirstPersonCharacter! Old: MyProject2Character, New: HomeIsCharacter
LogInit: Presizing for max 8388607 objects, including 0 objects not considered by GC, pre-allocating 0 bytes for permanent pool.
LogInit: Object subsystem initialized
[2019.01.26-21.22.27:033][  0]LogInit: Selected Device Profile: [Windows]
[2019.01.26-21.22.27:033][  0]LogInit: Applying CVar settings loaded from the selected device profile: [Windows]
[2019.01.26-21.22.27:057][  0]LogHAL: Display: Platform has ~ 16 GB [17092038656 / 17179869184 / 16], which maps to Larger [LargestMinGB=32, LargerMinGB=12, DefaultMinGB=8, SmallerMinGB=6, SmallestMinGB=0)
[2019.01.26-21.22.27:058][  0]LogInit: Setting Device Profile CVar: [[r.Vulkan.UseRealUBs:1]]
[2019.01.26-21.22.27:058][  0]LogInit: Going up to parent DeviceProfile []
[2019.01.26-21.22.27:058][  0]LogInit: Computer: D102-12
[2019.01.26-21.22.27:058][  0]LogInit: User: c013767h
[2019.01.26-21.22.27:058][  0]LogInit: CPU Page size=4096, Cores=4
[2019.01.26-21.22.27:059][  0]LogInit: High frequency timer resolution =3.410072 MHz
[2019.01.26-21.22.27:059][  0]LogMemory: Memory total: Physical=15.9GB (16GB approx)
[2019.01.26-21.22.27:059][  0]LogMemory: Platform Memory Stats for Windows
[2019.01.26-21.22.27:059][  0]LogMemory: Process Physical Memory: 100.98 MB used, 100.98 MB peak
[2019.01.26-21.22.27:059][  0]LogMemory: Process Virtual Memory: 90.88 MB used, 90.88 MB peak
[2019.01.26-21.22.27:059][  0]LogMemory: Physical Memory: 7351.48 MB used,  8948.75 MB free, 16300.24 MB total
[2019.01.26-21.22.27:059][  0]LogMemory: Virtual Memory: 4640.35 MB used,  8948.75 MB free, 134217728.00 MB total
[2019.01.26-21.22.27:192][  0]LogInit: Using OS detected language (en-US).
[2019.01.26-21.22.27:192][  0]LogInit: Using OS detected locale (en-GB).
[2019.01.26-21.22.27:194][  0]LogTextLocalizationManager: No specific localization for 'en-US' exists, so the 'en' localization will be used.
[2019.01.26-21.22.27:609][  0]LogStreaming: Display: Took  0.417s to InitEngineTextLocalization.
[2019.01.26-21.22.27:610][  0]LogInit: Setting process to per monitor DPI aware
[2019.01.26-21.22.27:691][  0]LogSlate: New Slate User Created.  User Index 0, Is Virtual User: 0
[2019.01.26-21.22.27:691][  0]LogSlate: Slate User Registered.  User Index 0, Is Virtual User: 0
[2019.01.26-21.22.28:034][  0]LogHMD: Failed to initialize OpenVR with code 110
[2019.01.26-21.22.28:034][  0]LogD3D11RHI: D3D11 adapters:
[2019.01.26-21.22.28:125][  0]LogD3D11RHI:    0. 'NVIDIA GeForce GTX 970' (Feature Level 11_0)
[2019.01.26-21.22.28:125][  0]LogD3D11RHI:       4043/0/8150 MB DedicatedVideo/DedicatedSystem/SharedSystem, Outputs:2, VendorId:0x10de
[2019.01.26-21.22.28:131][  0]LogD3D11RHI:    1. 'Microsoft Basic Render Driver' (Feature Level 11_0)
[2019.01.26-21.22.28:132][  0]LogD3D11RHI:       0/0/8150 MB DedicatedVideo/DedicatedSystem/SharedSystem, Outputs:0, VendorId:0x1414
[2019.01.26-21.22.28:132][  0]LogD3D11RHI: Chosen D3D11 Adapter: 0
[2019.01.26-21.22.28:142][  0]LogD3D11RHI: Creating new Direct3DDevice
[2019.01.26-21.22.28:142][  0]LogD3D11RHI:     GPU DeviceId: 0x13c2 (for the marketing name, search the web for "GPU Device Id")
[2019.01.26-21.22.28:142][  0]LogWindows: EnumDisplayDevices:
[2019.01.26-21.22.28:142][  0]LogWindows:    0. 'NVIDIA GeForce GTX 970' (P:1 D:1)
[2019.01.26-21.22.28:143][  0]LogWindows:    1. 'NVIDIA GeForce GTX 970' (P:0 D:1)
[2019.01.26-21.22.28:143][  0]LogWindows:    2. 'NVIDIA GeForce GTX 970' (P:0 D:0)
[2019.01.26-21.22.28:143][  0]LogWindows:    3. 'NVIDIA GeForce GTX 970' (P:0 D:0)
[2019.01.26-21.22.28:144][  0]LogWindows: DebugString: FoundDriverCount:4 
[2019.01.26-21.22.28:144][  0]LogD3D11RHI:     Adapter Name: NVIDIA GeForce GTX 970
[2019.01.26-21.22.28:144][  0]LogD3D11RHI:   Driver Version: 398.82 (internal:24.21.13.9882, unified:398.82)
[2019.01.26-21.22.28:144][  0]LogD3D11RHI:      Driver Date: 7-30-2018
[2019.01.26-21.22.28:144][  0]LogRHI: Texture pool is 2830 MB (70% of 4043 MB)
[2019.01.26-21.22.28:192][  0]LogD3D11RHI: Async texture creation enabled
[2019.01.26-21.22.28:210][  0]LogD3D11RHI: GPU Timing Frequency: 1000.000000 (Debug: 2 2)
[2019.01.26-21.22.28:213][  0]LogShaderCompilers: Guid format shader working directory is -15 characters bigger than the processId version (../../../../../../Users/c013767h/Documents/GitHub/HomeIs/HomeIs/Intermediate/Shaders/WorkingDirectory/19016/).
[2019.01.26-21.22.28:214][  0]LogShaderCompilers: Cleaned the shader compiler working directory 'C:/Users/c013767h/AppData/Local/Temp/UnrealShaderWorkingDir/C5ECBD1B48126DB0AD1BDCB339E6BB0B/'.
[2019.01.26-21.22.28:562][  0]LogTemp: Display: Loaded TP AllDesktopTargetPlatform
[2019.01.26-21.22.28:585][  0]LogTemp: Display: Loaded TP MacClientTargetPlatform
[2019.01.26-21.22.28:608][  0]LogTemp: Display: Loaded TP MacNoEditorTargetPlatform
[2019.01.26-21.22.28:633][  0]LogTemp: Display: Loaded TP MacServerTargetPlatform
[2019.01.26-21.22.28:654][  0]LogTemp: Display: Loaded TP MacTargetPlatform
[2019.01.26-21.22.28:675][  0]LogTemp: Display: Loaded TP WindowsClientTargetPlatform
[2019.01.26-21.22.28:696][  0]LogTemp: Display: Loaded TP WindowsNoEditorTargetPlatform
[2019.01.26-21.22.28:716][  0]LogTemp: Display: Loaded TP WindowsServerTargetPlatform
[2019.01.26-21.22.28:730][  0]LogTemp: Display: Loaded TP WindowsTargetPlatform
[2019.01.26-21.22.28:833][  0]LogTemp: Display: Loaded TP AndroidTargetPlatform
[2019.01.26-21.22.28:834][  0]LogTemp: Display: Loaded TP AndroidTargetPlatform
[2019.01.26-21.22.28:834][  0]LogTemp: Display: Loaded TP AndroidTargetPlatform
[2019.01.26-21.22.28:834][  0]LogTemp: Display: Loaded TP AndroidTargetPlatform
[2019.01.26-21.22.28:834][  0]LogTemp: Display: Loaded TP AndroidTargetPlatform
[2019.01.26-21.22.28:834][  0]LogTemp: Display: Loaded TP AndroidTargetPlatform
[2019.01.26-21.22.28:834][  0]LogTemp: Display: Loaded TP AndroidTargetPlatform
[2019.01.26-21.22.28:834][  0]LogTemp: Display: Loaded TP AndroidTargetPlatform
[2019.01.26-21.22.28:834][  0]LogTemp: Display: Loaded TP AndroidTargetPlatform
[2019.01.26-21.22.28:834][  0]LogTemp: Display: Loaded TP AndroidTargetPlatform
[2019.01.26-21.22.28:834][  0]LogTemp: Display: Loaded TP AndroidTargetPlatform
[2019.01.26-21.22.28:834][  0]LogTemp: Display: Loaded TP AndroidTargetPlatform
[2019.01.26-21.22.28:834][  0]LogTemp: Display: Loaded TP AndroidTargetPlatform
[2019.01.26-21.22.28:834][  0]LogTemp: Display: Loaded TP AndroidTargetPlatform
[2019.01.26-21.22.28:834][  0]LogTemp: Display: Loaded TP AndroidTargetPlatform
[2019.01.26-21.22.28:834][  0]LogTemp: Display: Loaded TP AndroidTargetPlatform
[2019.01.26-21.22.28:834][  0]LogTemp: Display: Loaded TP AndroidTargetPlatform
[2019.01.26-21.22.28:835][  0]LogTemp: Display: Loaded TP AndroidTargetPlatform
[2019.01.26-21.22.28:840][  0]LogTemp: Display: Loaded TP HTML5TargetPlatform
[2019.01.26-21.22.28:919][  0]LogTemp: Display: Loaded TP IOSTargetPlatform
[2019.01.26-21.22.28:919][  0]LogTemp: Display: Loaded TP IOSTargetPlatform
[2019.01.26-21.22.28:950][  0]LogTemp: Display: Loaded TP TVOSTargetPlatform
[2019.01.26-21.22.28:951][  0]LogTemp: Display: Loaded TP TVOSTargetPlatform
[2019.01.26-21.22.28:970][  0]LogTemp: Display: Loaded TP LinuxClientTargetPlatform
[2019.01.26-21.22.28:988][  0]LogTemp: Display: Loaded TP LinuxNoEditorTargetPlatform
[2019.01.26-21.22.29:007][  0]LogTemp: Display: Loaded TP LinuxServerTargetPlatform
[2019.01.26-21.22.29:025][  0]LogTemp: Display: Loaded TP LinuxTargetPlatform
[2019.01.26-21.22.29:038][  0]LogTemp: Display: Loaded TP LuminTargetPlatform
[2019.01.26-21.22.29:039][  0]LogTargetPlatformManager: Display: Building Assets For Windows
[2019.01.26-21.22.29:227][  0]LogXGEController: Cleaning working directory: C:/Users/c013767h/AppData/Local/Temp/UnrealXGEWorkingDir/
[2019.01.26-21.22.29:228][  0]LogXGEController: Cannot use XGE Controller as Incredibuild is not installed on this machine.
[2019.01.26-21.22.29:228][  0]LogShaderCompilers: Cannot use XGE Shader Compiler as Incredibuild is not installed on this machine.
[2019.01.26-21.22.29:228][  0]LogShaderCompilers: Display: Using Local Shader Compiler.
[2019.01.26-21.22.30:311][  0]LogDerivedDataCache: Display: Max Cache Size: 512 MB
[2019.01.26-21.22.30:406][  0]LogDerivedDataCache: Loaded boot cache 0.09s 73MB C:/Users/c013767h/AppData/Local/UnrealEngine/4.20/DerivedDataCache/Boot.ddc.
[2019.01.26-21.22.30:406][  0]LogDerivedDataCache: Display: Loaded Boot cache: C:/Users/c013767h/AppData/Local/UnrealEngine/4.20/DerivedDataCache/Boot.ddc
[2019.01.26-21.22.30:407][  0]LogDerivedDataCache: FDerivedDataBackendGraph:  Pak pak cache file ../../../../../../Users/c013767h/Documents/GitHub/HomeIs/HomeIs/DerivedDataCache/DDC.ddp not found, will not use a pak cache.
[2019.01.26-21.22.30:407][  0]LogDerivedDataCache: Unable to find inner node Pak for hierarchical cache Hierarchy.
[2019.01.26-21.22.30:407][  0]LogDerivedDataCache: FDerivedDataBackendGraph:  CompressedPak pak cache file ../../../../../../Users/c013767h/Documents/GitHub/HomeIs/HomeIs/DerivedDataCache/Compressed.ddp not found, will not use a pak cache.
[2019.01.26-21.22.30:407][  0]LogDerivedDataCache: Unable to find inner node CompressedPak for hierarchical cache Hierarchy.
[2019.01.26-21.22.30:419][  0]LogDerivedDataCache: Display: Pak cache opened for reading ../../../Engine/DerivedDataCache/Compressed.ddp.
[2019.01.26-21.22.30:433][  0]LogDerivedDataCache: Using Local data cache path C:/Users/c013767h/AppData/Local/UnrealEngine/Common/DerivedDataCache: Writable
[2019.01.26-21.22.30:433][  0]LogDerivedDataCache: Shared data cache path not found in *engine.ini, will not use an Shared cache.
[2019.01.26-21.22.30:433][  0]LogDerivedDataCache: Unable to find inner node Shared for hierarchical cache Hierarchy.
[2019.01.26-21.22.30:454][  0]LogMaterial: Verifying Global Shaders for PCD3D_SM5
[2019.01.26-21.22.30:455][  0]LogSlate: Using FreeType 2.6.0
[2019.01.26-21.22.30:457][  0]LogSlate: SlateFontServices - WITH_FREETYPE: 1, WITH_HARFBUZZ: 1
[2019.01.26-21.22.30:561][  0]LogAssetRegistry: FAssetRegistry took 0.0306 seconds to start up
[2019.01.26-21.22.30:963][  0]LogInit: Selected Device Profile: [Windows]
[2019.01.26-21.22.31:157][  0]LogSimplygon: Simplygon DLL not present - disabling.
[2019.01.26-21.22.31:172][  0]LogMeshReduction: Using SimplygonSwarm for distributed automatic mesh merging
[2019.01.26-21.22.31:172][  0]LogMeshReduction: Using ProxyLODMeshReduction for automatic mesh merging
[2019.01.26-21.22.31:172][  0]LogMeshReduction: Using QuadricMeshReduction for automatic static mesh reduction
[2019.01.26-21.22.31:172][  0]LogMeshReduction: No automatic skeletal mesh reduction module available
[2019.01.26-21.22.31:196][  0]LogNetVersion: HomeIs 1.0.0, NetCL: 4212847, EngineNetVer: 5, GameNetVer: 0 (Checksum: 4178729889)
[2019.01.26-21.22.31:927][  0]LogPackageLocalizationCache: Processed 11 localized package path(s) for 2 prioritized culture(s) in 0.239103 seconds
[2019.01.26-21.22.31:935][  0]LogUObjectArray: 38425 objects as part of root set at end of initial load.
[2019.01.26-21.22.31:935][  0]LogUObjectAllocator: 6690872 out of 0 bytes used by permanent object pool.
[2019.01.26-21.22.31:935][  0]LogUObjectArray: CloseDisregardForGC: 0/0 objects in disregard for GC pool
[2019.01.26-21.22.33:144][  0]LogTcpMessaging: Initializing TcpMessaging bridge
[2019.01.26-21.22.33:161][  0]LogUdpMessaging: Initializing bridge on interface 0.0.0.0:0 to multicast group 230.0.0.1:6666.
[2019.01.26-21.22.33:687][  0]SourceControl: Source control is disabled
[2019.01.26-21.22.33:688][  0]SourceControl: Source control is disabled
[2019.01.26-21.22.33:693][  0]SourceControl: Source control is disabled
[2019.01.26-21.22.33:696][  0]SourceControl: Source control is disabled
[2019.01.26-21.22.33:993][  0]LogAndroidPermission: UAndroidPermissionCallbackProxy::GetInstance
[2019.01.26-21.22.34:092][  0]LogOcInput: OculusInput pre-init called
[2019.01.26-21.22.34:168][  0]LogEngine: Initializing Engine...
[2019.01.26-21.22.34:169][  0]LogHMD: Failed to initialize OpenVR with code 110
[2019.01.26-21.22.34:171][  0]LogStats: UGameplayTagsManager::ConstructGameplayTagTree: ImportINI prefixes -  0.000 s
[2019.01.26-21.22.34:171][  0]LogStats: UGameplayTagsManager::ConstructGameplayTagTree: Construct from data asset -  0.000 s
[2019.01.26-21.22.34:171][  0]LogStats: UGameplayTagsManager::ConstructGameplayTagTree: ImportINI -  0.000 s
[2019.01.26-21.22.34:171][  0]LogStats: UGameplayTagsManager::ConstructGameplayTagTree: GameplayTagTreeChangedEvent.Broadcast -  0.000 s
[2019.01.26-21.22.34:412][  0]LogInit: Initializing FReadOnlyCVARCache
[2019.01.26-21.22.34:440][  0]LogAIModule: Creating AISystem for world Untitled
[2019.01.26-21.22.34:459][  0]LogInit: XAudio2 using 'Speakers (Realtek High Definition Audio)' : 2 channels at 48 kHz using 32 bits per sample (channel mask 0x3)
[2019.01.26-21.22.34:502][  0]LogInit: FAudioDevice initialized.
[2019.01.26-21.22.34:502][  0]LogNetVersion: Set ProjectVersion to 1.0.0.0. Version Checksum will be recalculated on next use.
[2019.01.26-21.22.34:596][  0]LogDerivedDataCache: Saved boot cache 0.09s 73MB C:/Users/c013767h/AppData/Local/UnrealEngine/4.20/DerivedDataCache/Boot.ddc.
[2019.01.26-21.22.34:611][  0]LogInit: Texture streaming: Enabled
[2019.01.26-21.22.34:651][  0]LogEngineSessionManager: EngineSessionManager initialized
[2019.01.26-21.22.34:651][  0]LogEngineSessionManager: EngineSessionManager sent abnormal shutdown report. Type=Debugger, SessionId={28887319-4335-D109-4584-1CBE2B5CB86D}
[2019.01.26-21.22.34:669][  0]LogInit: Transaction tracking system initialized
[2019.01.26-21.22.34:728][  0]BlueprintLog: New page: Editor Load
[2019.01.26-21.22.34:966][  0]LocalizationService: Localization service is disabled
[2019.01.26-21.22.35:341][  0]LogCook: Display: Max memory allowance for cook 16384mb min free memory 0mb
[2019.01.26-21.22.35:341][  0]LogCook: Display: Mobile HDR setting 1
[2019.01.26-21.22.35:342][  0]LogGameplayTags: Display: UGameplayTagsManager::DoneAddingNativeTags. DelegateIsBound: 0
[2019.01.26-21.22.35:342][  0]LogStats: UGameplayTagsManager::ConstructGameplayTagTree: ImportINI prefixes -  0.000 s
[2019.01.26-21.22.35:342][  0]LogStats: UGameplayTagsManager::ConstructGameplayTagTree: Construct from data asset -  0.000 s
[2019.01.26-21.22.35:342][  0]LogStats: UGameplayTagsManager::ConstructGameplayTagTree: ImportINI -  0.000 s
[2019.01.26-21.22.35:342][  0]LogStats: UGameplayTagsManager::ConstructGameplayTagTree: GameplayTagTreeChangedEvent.Broadcast -  0.000 s
[2019.01.26-21.22.35:567][  0]LogFileCache: Scanning file cache for directory 'C:/Users/c013767h/Documents/GitHub/HomeIs/HomeIs/Content/' took 0.03s
[2019.01.26-21.22.35:568][  0]SourceControl: Source control is disabled
[2019.01.26-21.22.35:568][  0]Cmd: MAP LOAD FILE="../../../../../../Users/c013767h/Documents/GitHub/HomeIs/HomeIs/Content/FirstPersonCPP/Maps/FirstPersonExampleMap.umap" TEMPLATE=0 SHOWPROGRESS=1 FEATURELEVEL=3
[2019.01.26-21.22.35:569][  0]LightingResults: New page: Lighting Build
[2019.01.26-21.22.35:580][  0]MapCheck: New page: Map Check
[2019.01.26-21.22.35:580][  0]LightingResults: New page: Lighting Build
[2019.01.26-21.22.36:601][  0]LogAIModule: Creating AISystem for world FirstPersonExampleMap
[2019.01.26-21.22.36:613][  0]LogEditorServer: Finished looking for orphan Actors (0.000 secs)
[2019.01.26-21.22.36:737][  0]Cmd: MAP CHECKDEP NOCLEARLOG
[2019.01.26-21.22.36:979][  0]MapCheck: Map check complete: 0 Error(s), 0 Warning(s), took 241.904ms to complete.
[2019.01.26-21.22.36:980][  0]LogFileHelpers: Loading map 'FirstPersonExampleMap' took 1.411
[2019.01.26-21.22.37:116][  0]LogSlate: Updating window title bar state: overlay mode, drag disabled, window buttons hidden, title bar hidden
[2019.01.26-21.22.37:124][  0]LogSlate: Updating window title bar state: overlay mode, drag disabled, window buttons hidden, title bar hidden
[2019.01.26-21.22.37:132][  0]LogSlate: Updating window title bar state: overlay mode, drag disabled, window buttons hidden, title bar hidden
[2019.01.26-21.22.37:140][  0]LogSlate: Updating window title bar state: overlay mode, drag disabled, window buttons hidden, title bar hidden
[2019.01.26-21.22.37:152][  0]LogCollectionManager: Loaded 0 collections in 0.003415 seconds
[2019.01.26-21.22.37:205][  0]LogFileCache: Scanning file cache for directory 'C:/Users/c013767h/Documents/GitHub/HomeIs/HomeIs/Saved/Collections/' took 0.01s
[2019.01.26-21.22.37:205][  0]LogFileCache: Scanning file cache for directory 'C:/Users/c013767h/Documents/GitHub/HomeIs/HomeIs/Content/Developers/c013767h/Collections/' took 0.01s
[2019.01.26-21.22.37:205][  0]LogFileCache: Scanning file cache for directory 'C:/Users/c013767h/Documents/GitHub/HomeIs/HomeIs/Content/Collections/' took 0.01s
[2019.01.26-21.22.37:205][  0]LogCollectionManager: Rebuilt the GUID cache for 0 collections in 0.000000 seconds
[2019.01.26-21.22.37:217][  0]LogContentBrowser: Native class hierarchy populated in 0.0115 seconds. Added 2594 classes and 611 folders.
[2019.01.26-21.22.37:227][  0]LogContentBrowser: Native class hierarchy updated for 'WidgetCarousel' in 0.0006 seconds. Added 0 classes and 0 folders.
[2019.01.26-21.22.37:319][  0]LogContentBrowser: Native class hierarchy updated for 'AddContentDialog' in 0.0006 seconds. Added 0 classes and 0 folders.
[2019.01.26-21.22.37:330][  0]LogContentBrowser: Native class hierarchy updated for 'SceneOutliner' in 0.0007 seconds. Added 1 classes and 2 folders.
[2019.01.26-21.22.37:382][  0]LogContentBrowser: Native class hierarchy updated for 'HierarchicalLODOutliner' in 0.0007 seconds. Added 0 classes and 0 folders.
[2019.01.26-21.22.37:383][  0]LogLoad: (Engine Initialization) Total time: 13.87 seconds
[2019.01.26-21.22.37:383][  0]LogLoad: (Engine Initialization) Total Blueprint compile time: 0.00 seconds
[2019.01.26-21.22.37:392][  0]LogWindowsTextInputMethodSystem: Display: IME system now deactivated.
[2019.01.26-21.22.37:426][  0]LogContentStreaming: Texture pool size now 1000 MB
[2019.01.26-21.22.37:428][  0]LogSlate: Took 0.000228 seconds to synchronously load lazily loaded font '../../../Engine/Content/Slate/Fonts/Roboto-Regular.ttf' (155K)
[2019.01.26-21.22.37:430][  0]LogSlate: Took 0.000212 seconds to synchronously load lazily loaded font '../../../Engine/Content/Slate/Fonts/Roboto-Bold.ttf' (160K)
[2019.01.26-21.22.37:438][  0]LogSlate: Took 0.000359 seconds to synchronously load lazily loaded font '../../../Engine/Content/Editor/Slate/Fonts/FontAwesome.ttf' (139K)
[2019.01.26-21.22.37:438][  0]LogSlate: Took 0.000184 seconds to synchronously load lazily loaded font '../../../Engine/Content/Slate/Fonts/DroidSansMono.ttf' (77K)
[2019.01.26-21.22.37:612][  0]LogRenderer: Reallocating scene render targets to support 804x360 Format 10 NumSamples 1 (Frame:1).
[2019.01.26-21.22.37:684][  1]LogFileCache: Retrieving MD5 hashes for directory 'C:/Users/c013767h/Documents/GitHub/HomeIs/HomeIs/Content/' took 0.28s
[2019.01.26-21.22.37:771][  2]LogAssetRegistry: Asset discovery search completed in 7.2345 seconds
[2019.01.26-21.22.37:775][  2]LogCollectionManager: Rebuilt the object cache for 0 collections in 0.000001 seconds (found 0 objects)
[2019.01.26-21.22.37:775][  2]LogCollectionManager: Fixed up redirectors for 0 collections in 0.000346 seconds (updated 0 objects)
[2019.01.26-21.22.52:884][779]LogRenderer: Reallocating scene render targets to support 1208x576 Format 10 NumSamples 1 (Frame:3).
[2019.01.26-21.22.54:257][930]LogSlate: FSceneViewport::OnFocusLost() reason 0
[2019.01.26-21.22.54:324][938]LogTemp: Repeating last play command: Selected Viewport
[2019.01.26-21.22.54:349][938]LogBlueprintUserMessages: Early PlayInEditor Detection: Level '/Game/FirstPersonCPP/Maps/FirstPersonExampleMap.FirstPersonExampleMap:PersistentLevel' has LevelScriptBlueprint '/Game/FirstPersonCPP/Maps/FirstPersonExampleMap.FirstPersonExampleMap:PersistentLevel.FirstPersonExampleMap' with GeneratedClass '/Game/FirstPersonCPP/Maps/FirstPersonExampleMap.FirstPersonExampleMap_C' with ClassGeneratedBy '/Game/FirstPersonCPP/Maps/FirstPersonExampleMap.FirstPersonExampleMap:PersistentLevel.FirstPersonExampleMap'
[2019.01.26-21.22.54:350][938]LogPlayLevel: PlayLevel: No blueprints needed recompiling
[2019.01.26-21.22.54:365][938]PIE: New page: PIE session: FirstPersonExampleMap (26 Jan 2019 21:22:54)
[2019.01.26-21.22.54:365][938]LogPlayLevel: Creating play world package: /Game/FirstPersonCPP/Maps/UEDPIE_0_FirstPersonExampleMap
[2019.01.26-21.22.54:398][938]LogPlayLevel: PIE: StaticDuplicateObject took: (0.032050s)
[2019.01.26-21.22.54:399][938]LogAIModule: Creating AISystem for world FirstPersonExampleMap
[2019.01.26-21.22.54:400][938]LogPlayLevel: PIE: World Init took: (0.002297s)
[2019.01.26-21.22.54:401][938]LogPlayLevel: PIE: Created PIE world by copying editor world from /Game/FirstPersonCPP/Maps/FirstPersonExampleMap.FirstPersonExampleMap to /Game/FirstPersonCPP/Maps/UEDPIE_0_FirstPersonExampleMap.FirstPersonExampleMap (0.035437s)
[2019.01.26-21.22.54:435][938]LogInit: XAudio2 using 'Speakers (Realtek High Definition Audio)' : 2 channels at 48 kHz using 32 bits per sample (channel mask 0x3)
[2019.01.26-21.22.54:454][938]LogInit: FAudioDevice initialized.
[2019.01.26-21.22.54:502][938]LogLoad: Game class is 'HomeIsGameMode'
[2019.01.26-21.22.54:507][938]LogWorld: Bringing World /Game/FirstPersonCPP/Maps/UEDPIE_0_FirstPersonExampleMap.FirstPersonExampleMap up for play (max tick rate 0) at 2019.01.26-21.22.54
[2019.01.26-21.22.54:509][938]LogWorld: Bringing up level for play took: 0.003546
[2019.01.26-21.22.54:536][938]LogContentBrowser: Native class hierarchy updated for 'MovieSceneCapture' in 0.0014 seconds. Added 10 classes and 0 folders.
[2019.01.26-21.22.54:539][938]PIE: Play in editor start time for /Game/FirstPersonCPP/Maps/UEDPIE_0_FirstPersonExampleMap 0.462
[2019.01.26-21.22.54:539][938]LogBlueprintUserMessages: Late PlayInEditor Detection: Level '/Game/FirstPersonCPP/Maps/FirstPersonExampleMap.FirstPersonExampleMap:PersistentLevel' has LevelScriptBlueprint '/Game/FirstPersonCPP/Maps/FirstPersonExampleMap.FirstPersonExampleMap:PersistentLevel.FirstPersonExampleMap' with GeneratedClass '/Game/FirstPersonCPP/Maps/FirstPersonExampleMap.FirstPersonExampleMap_C' with ClassGeneratedBy '/Game/FirstPersonCPP/Maps/FirstPersonExampleMap.FirstPersonExampleMap:PersistentLevel.FirstPersonExampleMap'
[2019.01.26-21.22.54:554][938]LogTemp: Warning: 10.000000
[2019.01.26-21.23.26:658][939]LogTemp: Warning: 10.000000
[2019.01.26-21.23.26:694][940]LogTemp: Warning: 10.000000
[2019.01.26-21.23.26:695][940]LogBlueprintUserMessages: [SUpdateTargetPosition_C_0] X=-481.000 Y=1201.000 Z=268.372
[2019.01.26-21.23.27:046][941]LogTemp: Warning: 10.000000
[2019.01.26-21.23.27:370][942]LogTemp: Warning: 10.000000
[2019.01.26-21.23.27:371][942]LogBlueprintUserMessages: [SUpdateTargetPosition_C_0] X=-481.000 Y=1201.000 Z=268.372
[2019.01.26-21.23.27:688][943]LogTemp: Warning: 10.000000
[2019.01.26-21.23.27:707][944]LogTemp: Warning: 10.000000
[2019.01.26-21.23.27:722][945]LogTemp: Warning: 10.000000
[2019.01.26-21.23.27:742][946]LogTemp: Warning: 10.000000
[2019.01.26-21.23.27:787][947]LogTemp: Warning: 10.000000
[2019.01.26-21.23.27:805][948]LogTemp: Warning: 10.000000
[2019.01.26-21.23.27:841][949]LogTemp: Warning: 10.000000
[2019.01.26-21.23.27:872][950]LogTemp: Warning: 10.000000
[2019.01.26-21.23.27:904][951]LogTemp: Warning: 10.000000
[2019.01.26-21.23.27:928][952]LogTemp: Warning: 10.000000
[2019.01.26-21.23.27:940][953]LogTemp: Warning: 10.000000
[2019.01.26-21.23.27:940][953]LogBlueprintUserMessages: [SUpdateTargetPosition_C_0] X=-481.000 Y=1201.000 Z=268.372
[2019.01.26-21.23.27:948][954]LogTemp: Warning: 10.000000
[2019.01.26-21.23.27:957][955]LogTemp: Warning: 10.000000
[2019.01.26-21.23.27:965][956]LogTemp: Warning: 10.000000
[2019.01.26-21.23.27:974][957]LogTemp: Warning: 10.000000
[2019.01.26-21.23.27:982][958]LogTemp: Warning: 10.000000
[2019.01.26-21.23.27:989][959]LogSlate: FSceneViewport::OnFocusLost() reason 0
[2019.01.26-21.23.27:992][959]LogTemp: Warning: 10.000000
[2019.01.26-21.23.28:059][967]LogTemp: Warning: 10.000000
[2019.01.26-21.23.28:060][967]LogBlueprintUserMessages: Early EndPlayMap Detection: Level '/Game/FirstPersonCPP/Maps/FirstPersonExampleMap.FirstPersonExampleMap:PersistentLevel' has LevelScriptBlueprint '/Game/FirstPersonCPP/Maps/FirstPersonExampleMap.FirstPersonExampleMap:PersistentLevel.FirstPersonExampleMap' with GeneratedClass '/Game/FirstPersonCPP/Maps/FirstPersonExampleMap.FirstPersonExampleMap_C' with ClassGeneratedBy '/Game/FirstPersonCPP/Maps/FirstPersonExampleMap.FirstPersonExampleMap:PersistentLevel.FirstPersonExampleMap'
[2019.01.26-21.23.28:062][967]LogSlate: Updating window title bar state: overlay mode, drag disabled, window buttons hidden, title bar hidden
[2019.01.26-21.23.28:102][967]LogPlayLevel: Display: Shutting down PIE online subsystems
[2019.01.26-21.23.28:102][967]LogBlueprintUserMessages: Late EndPlayMap Detection: Level '/Game/FirstPersonCPP/Maps/FirstPersonExampleMap.FirstPersonExampleMap:PersistentLevel' has LevelScriptBlueprint '/Game/FirstPersonCPP/Maps/FirstPersonExampleMap.FirstPersonExampleMap:PersistentLevel.FirstPersonExampleMap' with GeneratedClass '/Game/FirstPersonCPP/Maps/FirstPersonExampleMap.FirstPersonExampleMap_C' with ClassGeneratedBy '/Game/FirstPersonCPP/Maps/FirstPersonExampleMap.FirstPersonExampleMap:PersistentLevel.FirstPersonExampleMap'
[2019.01.26-21.23.28:138][967]LogSlate: Updating window title bar state: overlay mode, drag disabled, window buttons hidden, title bar hidden
[2019.01.26-21.23.28:160][968]LogPlayLevel: Display: Destroying online subsystem :Context_1
[2019.01.26-21.23.28:925][ 58]LogTemp: Repeating last play command: Selected Viewport
[2019.01.26-21.23.28:949][ 58]LogBlueprintUserMessages: Early PlayInEditor Detection: Level '/Game/FirstPersonCPP/Maps/FirstPersonExampleMap.FirstPersonExampleMap:PersistentLevel' has LevelScriptBlueprint '/Game/FirstPersonCPP/Maps/FirstPersonExampleMap.FirstPersonExampleMap:PersistentLevel.FirstPersonExampleMap' with GeneratedClass '/Game/FirstPersonCPP/Maps/FirstPersonExampleMap.FirstPersonExampleMap_C' with ClassGeneratedBy '/Game/FirstPersonCPP/Maps/FirstPersonExampleMap.FirstPersonExampleMap:PersistentLevel.FirstPersonExampleMap'
[2019.01.26-21.23.28:950][ 58]LogPlayLevel: PlayLevel: No blueprints needed recompiling
[2019.01.26-21.23.28:951][ 58]PIE: New page: PIE session: FirstPersonExampleMap (26 Jan 2019 21:23:28)
[2019.01.26-21.23.28:951][ 58]LogPlayLevel: Creating play world package: /Game/FirstPersonCPP/Maps/UEDPIE_0_FirstPersonExampleMap
[2019.01.26-21.23.28:969][ 58]LogPlayLevel: PIE: StaticDuplicateObject took: (0.018027s)
[2019.01.26-21.23.28:971][ 58]LogAIModule: Creating AISystem for world FirstPersonExampleMap
[2019.01.26-21.23.28:971][ 58]LogPlayLevel: PIE: World Init took: (0.001659s)
[2019.01.26-21.23.28:972][ 58]LogPlayLevel: PIE: Created PIE world by copying editor world from /Game/FirstPersonCPP/Maps/FirstPersonExampleMap.FirstPersonExampleMap to /Game/FirstPersonCPP/Maps/UEDPIE_0_FirstPersonExampleMap.FirstPersonExampleMap (0.020752s)
[2019.01.26-21.23.29:003][ 58]LogInit: XAudio2 using 'Speakers (Realtek High Definition Audio)' : 2 channels at 48 kHz using 32 bits per sample (channel mask 0x3)
[2019.01.26-21.23.29:019][ 58]LogInit: FAudioDevice initialized.
[2019.01.26-21.23.29:056][ 58]LogLoad: Game class is 'HomeIsGameMode'
[2019.01.26-21.23.29:059][ 58]LogWorld: Bringing World /Game/FirstPersonCPP/Maps/UEDPIE_0_FirstPersonExampleMap.FirstPersonExampleMap up for play (max tick rate 0) at 2019.01.26-21.23.29
[2019.01.26-21.23.29:059][ 58]LogWorld: Bringing up level for play took: 0.002773
[2019.01.26-21.23.47:933][ 58]PIE: Play in editor start time for /Game/FirstPersonCPP/Maps/UEDPIE_0_FirstPersonExampleMap 19.856
[2019.01.26-21.23.47:934][ 58]LogBlueprintUserMessages: Late PlayInEditor Detection: Level '/Game/FirstPersonCPP/Maps/FirstPersonExampleMap.FirstPersonExampleMap:PersistentLevel' has LevelScriptBlueprint '/Game/FirstPersonCPP/Maps/FirstPersonExampleMap.FirstPersonExampleMap:PersistentLevel.FirstPersonExampleMap' with GeneratedClass '/Game/FirstPersonCPP/Maps/FirstPersonExampleMap.FirstPersonExampleMap_C' with ClassGeneratedBy '/Game/FirstPersonCPP/Maps/FirstPersonExampleMap.FirstPersonExampleMap:PersistentLevel.FirstPersonExampleMap'
[2019.01.26-21.23.47:946][ 58]LogTemp: Warning: 10.000000
[2019.01.26-21.23.47:984][ 59]LogTemp: Warning: 10.000000
[2019.01.26-21.23.48:315][ 60]LogTemp: Warning: 10.000000
[2019.01.26-21.23.48:316][ 60]LogBlueprintUserMessages: [SUpdateTargetPosition_C_0] X=-481.000 Y=1201.000 Z=268.372
[2019.01.26-21.23.48:642][ 61]LogTemp: Warning: 10.000000
[2019.01.26-21.23.48:971][ 62]LogTemp: Warning: 10.000000
[2019.01.26-21.23.48:971][ 62]LogBlueprintUserMessages: [SUpdateTargetPosition_C_0] X=-481.000 Y=1201.000 Z=268.372
[2019.01.26-21.23.48:989][ 63]LogTemp: Warning: 10.000000
[2019.01.26-21.23.49:006][ 64]LogTemp: Warning: 10.000000
[2019.01.26-21.23.49:025][ 65]LogTemp: Warning: 10.000000
[2019.01.26-21.23.49:043][ 66]LogTemp: Warning: 10.000000
[2019.01.26-21.23.49:065][ 67]LogTemp: Warning: 10.000000
[2019.01.26-21.23.49:082][ 68]LogTemp: Warning: 10.000000
[2019.01.26-21.23.49:096][ 69]LogTemp: Warning: 10.000000
[2019.01.26-21.23.49:111][ 70]LogTemp: Warning: 10.000000
[2019.01.26-21.23.49:126][ 71]LogTemp: Warning: 10.000000
[2019.01.26-21.23.49:141][ 72]LogTemp: Warning: 10.000000
[2019.01.26-21.23.49:149][ 73]LogTemp: Warning: 10.000000
[2019.01.26-21.23.49:158][ 74]LogTemp: Warning: 10.000000
[2019.01.26-21.23.49:166][ 75]LogTemp: Warning: 10.000000
[2019.01.26-21.23.49:174][ 76]LogTemp: Warning: 10.000000
[2019.01.26-21.23.49:184][ 77]LogTemp: Warning: 10.000000
[2019.01.26-21.23.49:194][ 78]LogTemp: Warning: 10.000000
[2019.01.26-21.23.49:204][ 79]LogTemp: Warning: 10.000000
[2019.01.26-21.23.49:212][ 80]LogTemp: Warning: 10.000000
[2019.01.26-21.23.49:222][ 81]LogTemp: Warning: 10.000000
[2019.01.26-21.23.49:230][ 82]LogTemp: Warning: 10.000000
[2019.01.26-21.23.49:238][ 83]LogTemp: Warning: 10.000000
[2019.01.26-21.23.49:248][ 84]LogTemp: Warning: 10.000000
[2019.01.26-21.23.49:256][ 85]LogTemp: Warning: 10.000000
[2019.01.26-21.23.49:268][ 86]LogTemp: Warning: 10.000000
[2019.01.26-21.23.49:276][ 87]LogTemp: Warning: 10.000000
[2019.01.26-21.23.49:285][ 88]LogTemp: Warning: 10.000000
[2019.01.26-21.23.49:295][ 89]LogTemp: Warning: 10.000000
[2019.01.26-21.23.49:303][ 90]LogTemp: Warning: 10.000000
[2019.01.26-21.23.49:317][ 91]LogTemp: Warning: 10.000000
[2019.01.26-21.23.49:326][ 92]LogTemp: Warning: 10.000000
[2019.01.26-21.23.49:333][ 93]LogTemp: Warning: 10.000000
[2019.01.26-21.23.49:342][ 94]LogTemp: Warning: 10.000000
[2019.01.26-21.23.49:351][ 95]LogTemp: Warning: 10.000000
[2019.01.26-21.23.49:362][ 96]LogTemp: Warning: 10.000000
[2019.01.26-21.23.49:369][ 97]LogTemp: Warning: 10.000000
[2019.01.26-21.23.49:377][ 98]LogTemp: Warning: 10.000000
[2019.01.26-21.23.49:385][ 99]LogTemp: Warning: 10.000000
[2019.01.26-21.23.49:394][100]LogTemp: Warning: 10.000000
[2019.01.26-21.23.49:402][101]LogTemp: Warning: 10.000000
[2019.01.26-21.23.49:410][102]LogTemp: Warning: 10.000000
[2019.01.26-21.23.49:419][103]LogTemp: Warning: 10.000000
[2019.01.26-21.23.49:427][104]LogTemp: Warning: 10.000000
[2019.01.26-21.23.49:435][105]LogTemp: Warning: 10.000000
[2019.01.26-21.23.49:444][106]LogTemp: Warning: 10.000000
[2019.01.26-21.23.49:452][107]LogTemp: Warning: 10.000000
[2019.01.26-21.23.49:460][108]LogTemp: Warning: 10.000000
[2019.01.26-21.23.49:469][109]LogTemp: Warning: 10.000000
[2019.01.26-21.23.49:477][110]LogTemp: Warning: 10.000000
[2019.01.26-21.23.49:485][111]LogTemp: Warning: 10.000000
[2019.01.26-21.23.49:494][112]LogTemp: Warning: 10.000000
[2019.01.26-21.23.49:502][113]LogTemp: Warning: 10.000000
[2019.01.26-21.23.49:511][114]LogTemp: Warning: 10.000000
[2019.01.26-21.23.49:519][115]LogTemp: Warning: 10.000000
[2019.01.26-21.23.49:527][116]LogTemp: Warning: 10.000000
[2019.01.26-21.23.49:536][117]LogTemp: Warning: 10.000000
[2019.01.26-21.23.49:544][118]LogTemp: Warning: 10.000000
[2019.01.26-21.23.49:552][119]LogTemp: Warning: 10.000000
[2019.01.26-21.23.49:553][119]LogBlueprintUserMessages: [SUpdateTargetPosition_C_0] X=-481.000 Y=1201.000 Z=268.372
[2019.01.26-21.23.49:561][120]LogTemp: Warning: 10.000000
[2019.01.26-21.23.49:570][121]LogTemp: Warning: 5.000000
[2019.01.26-21.23.49:577][122]LogTemp: Warning: 5.000000
[2019.01.26-21.23.49:586][123]LogTemp: Warning: 5.000000
[2019.01.26-21.23.49:594][124]LogTemp: Warning: 5.000000
[2019.01.26-21.23.49:602][125]LogTemp: Warning: 5.000000
[2019.01.26-21.23.49:611][126]LogTemp: Warning: 5.000000
[2019.01.26-21.23.49:620][127]LogTemp: Warning: 5.000000
[2019.01.26-21.23.49:628][128]LogTemp: Warning: 5.000000
[2019.01.26-21.23.49:636][129]LogTemp: Warning: 5.000000
[2019.01.26-21.23.49:645][130]LogTemp: Warning: 5.000000
[2019.01.26-21.23.49:653][131]LogTemp: Warning: 5.000000
[2019.01.26-21.23.49:661][132]LogTemp: Warning: 5.000000
[2019.01.26-21.23.49:670][133]LogTemp: Warning: 5.000000
[2019.01.26-21.23.49:678][134]LogTemp: Warning: 5.000000
[2019.01.26-21.23.49:687][135]LogTemp: Warning: 5.000000
[2019.01.26-21.23.49:694][136]LogTemp: Warning: 5.000000
[2019.01.26-21.23.49:703][137]LogTemp: Warning: 5.000000
[2019.01.26-21.23.49:711][138]LogTemp: Warning: 5.000000
[2019.01.26-21.23.49:720][139]LogTemp: Warning: 5.000000
[2019.01.26-21.23.49:728][140]LogTemp: Warning: 5.000000
[2019.01.26-21.23.49:736][141]LogTemp: Warning: 5.000000
[2019.01.26-21.23.49:744][142]LogTemp: Warning: 5.000000
[2019.01.26-21.23.49:753][143]LogTemp: Warning: 5.000000
[2019.01.26-21.23.49:761][144]LogTemp: Warning: 5.000000
[2019.01.26-21.23.49:770][145]LogTemp: Warning: 0.000000
[2019.01.26-21.24.00:535][864]LogBlueprintUserMessages: Early EndPlayMap Detection: Level '/Game/FirstPersonCPP/Maps/FirstPersonExampleMap.FirstPersonExampleMap:PersistentLevel' has LevelScriptBlueprint '/Game/FirstPersonCPP/Maps/FirstPersonExampleMap.FirstPersonExampleMap:PersistentLevel.FirstPersonExampleMap' with GeneratedClass '/Game/FirstPersonCPP/Maps/FirstPersonExampleMap.FirstPersonExampleMap_C' with ClassGeneratedBy '/Game/FirstPersonCPP/Maps/FirstPersonExampleMap.FirstPersonExampleMap:PersistentLevel.FirstPersonExampleMap'
[2019.01.26-21.24.00:537][864]LogSlate: Updating window title bar state: overlay mode, drag disabled, window buttons hidden, title bar hidden
[2019.01.26-21.24.00:581][864]LogPlayLevel: Display: Shutting down PIE online subsystems
[2019.01.26-21.24.00:582][864]LogBlueprintUserMessages: Late EndPlayMap Detection: Level '/Game/FirstPersonCPP/Maps/FirstPersonExampleMap.FirstPersonExampleMap:PersistentLevel' has LevelScriptBlueprint '/Game/FirstPersonCPP/Maps/FirstPersonExampleMap.FirstPersonExampleMap:PersistentLevel.FirstPersonExampleMap' with GeneratedClass '/Game/FirstPersonCPP/Maps/FirstPersonExampleMap.FirstPersonExampleMap_C' with ClassGeneratedBy '/Game/FirstPersonCPP/Maps/FirstPersonExampleMap.FirstPersonExampleMap:PersistentLevel.FirstPersonExampleMap'
[2019.01.26-21.24.00:632][864]LogSlate: Updating window title bar state: overlay mode, drag disabled, window buttons hidden, title bar hidden
[2019.01.26-21.24.00:658][865]LogPlayLevel: Display: Destroying online subsystem :Context_2
[2019.01.26-21.24.03:590][205]LogSlate: FSceneViewport::OnFocusLost() reason 0
[2019.01.26-21.24.03:656][213]LogTemp: Repeating last play command: Selected Viewport
[2019.01.26-21.24.03:680][213]LogBlueprintUserMessages: Early PlayInEditor Detection: Level '/Game/FirstPersonCPP/Maps/FirstPersonExampleMap.FirstPersonExampleMap:PersistentLevel' has LevelScriptBlueprint '/Game/FirstPersonCPP/Maps/FirstPersonExampleMap.FirstPersonExampleMap:PersistentLevel.FirstPersonExampleMap' with GeneratedClass '/Game/FirstPersonCPP/Maps/FirstPersonExampleMap.FirstPersonExampleMap_C' with ClassGeneratedBy '/Game/FirstPersonCPP/Maps/FirstPersonExampleMap.FirstPersonExampleMap:PersistentLevel.FirstPersonExampleMap'
[2019.01.26-21.24.03:681][213]LogPlayLevel: PlayLevel: No blueprints needed recompiling
[2019.01.26-21.24.03:682][213]PIE: New page: PIE session: FirstPersonExampleMap (26 Jan 2019 21:24:03)
[2019.01.26-21.24.03:682][213]LogPlayLevel: Creating play world package: /Game/FirstPersonCPP/Maps/UEDPIE_0_FirstPersonExampleMap
[2019.01.26-21.24.03:703][213]LogPlayLevel: PIE: StaticDuplicateObject took: (0.020217s)
[2019.01.26-21.24.03:704][213]LogAIModule: Creating AISystem for world FirstPersonExampleMap
[2019.01.26-21.24.03:704][213]LogPlayLevel: PIE: World Init took: (0.001129s)
[2019.01.26-21.24.03:704][213]LogPlayLevel: PIE: Created PIE world by copying editor world from /Game/FirstPersonCPP/Maps/FirstPersonExampleMap.FirstPersonExampleMap to /Game/FirstPersonCPP/Maps/UEDPIE_0_FirstPersonExampleMap.FirstPersonExampleMap (0.022359s)
[2019.01.26-21.24.03:735][213]LogInit: XAudio2 using 'Speakers (Realtek High Definition Audio)' : 2 channels at 48 kHz using 32 bits per sample (channel mask 0x3)
[2019.01.26-21.24.03:750][213]LogInit: FAudioDevice initialized.
[2019.01.26-21.24.03:787][213]LogLoad: Game class is 'HomeIsGameMode'
[2019.01.26-21.24.03:790][213]LogWorld: Bringing World /Game/FirstPersonCPP/Maps/UEDPIE_0_FirstPersonExampleMap.FirstPersonExampleMap up for play (max tick rate 0) at 2019.01.26-21.24.03
[2019.01.26-21.24.03:791][213]LogWorld: Bringing up level for play took: 0.003002
[2019.01.26-21.24.03:808][213]PIE: Play in editor start time for /Game/FirstPersonCPP/Maps/UEDPIE_0_FirstPersonExampleMap -0.269
[2019.01.26-21.24.03:809][213]LogBlueprintUserMessages: Late PlayInEditor Detection: Level '/Game/FirstPersonCPP/Maps/FirstPersonExampleMap.FirstPersonExampleMap:PersistentLevel' has LevelScriptBlueprint '/Game/FirstPersonCPP/Maps/FirstPersonExampleMap.FirstPersonExampleMap:PersistentLevel.FirstPersonExampleMap' with GeneratedClass '/Game/FirstPersonCPP/Maps/FirstPersonExampleMap.FirstPersonExampleMap_C' with ClassGeneratedBy '/Game/FirstPersonCPP/Maps/FirstPersonExampleMap.FirstPersonExampleMap:PersistentLevel.FirstPersonExampleMap'
[2019.01.26-21.24.03:820][213]LogTemp: Warning: 10.000000
[2019.01.26-21.24.03:866][214]LogTemp: Warning: 10.000000
[2019.01.26-21.24.03:887][215]LogTemp: Warning: 10.000000
[2019.01.26-21.24.03:909][216]LogTemp: Warning: 10.000000
[2019.01.26-21.24.03:930][217]LogTemp: Warning: 10.000000
[2019.01.26-21.24.03:950][218]LogTemp: Warning: 10.000000
[2019.01.26-21.24.03:971][219]LogTemp: Warning: 10.000000
[2019.01.26-21.24.03:997][220]LogTemp: Warning: 10.000000
[2019.01.26-21.24.04:017][221]LogTemp: Warning: 10.000000
[2019.01.26-21.24.04:036][222]LogTemp: Warning: 10.000000
[2019.01.26-21.24.04:051][223]LogTemp: Warning: 10.000000
[2019.01.26-21.24.04:075][224]LogTemp: Warning: 10.000000
[2019.01.26-21.24.04:098][225]LogTemp: Warning: 10.000000
[2019.01.26-21.24.04:115][226]LogTemp: Warning: 10.000000
[2019.01.26-21.24.04:137][227]LogTemp: Warning: 10.000000
[2019.01.26-21.24.04:156][228]LogTemp: Warning: 10.000000
[2019.01.26-21.24.04:172][229]LogTemp: Warning: 10.000000
[2019.01.26-21.24.04:188][230]LogTemp: Warning: 10.000000
[2019.01.26-21.24.04:204][231]LogTemp: Warning: 10.000000
[2019.01.26-21.24.04:220][232]LogTemp: Warning: 10.000000
[2019.01.26-21.24.04:220][232]LogBlueprintUserMessages: [SUpdateTargetPosition_C_0] X=-481.000 Y=1201.000 Z=268.372
[2019.01.26-21.24.04:236][233]LogTemp: Warning: 10.000000
[2019.01.26-21.24.04:250][234]LogTemp: Warning: 10.000000
[2019.01.26-21.24.04:266][235]LogTemp: Warning: 10.000000
[2019.01.26-21.24.04:280][236]LogTemp: Warning: 10.000000
[2019.01.26-21.24.04:296][237]LogTemp: Warning: 10.000000
[2019.01.26-21.24.04:312][238]LogTemp: Warning: 10.000000
[2019.01.26-21.24.04:326][239]LogTemp: Warning: 10.000000
[2019.01.26-21.24.04:340][240]LogTemp: Warning: 10.000000
[2019.01.26-21.24.04:354][241]LogTemp: Warning: 10.000000
[2019.01.26-21.24.04:367][242]LogTemp: Warning: 10.000000
[2019.01.26-21.24.04:380][243]LogTemp: Warning: 10.000000
[2019.01.26-21.24.04:394][244]LogTemp: Warning: 10.000000
[2019.01.26-21.24.04:407][245]LogTemp: Warning: 10.000000
[2019.01.26-21.24.04:421][246]LogTemp: Warning: 10.000000
[2019.01.26-21.24.04:438][247]LogTemp: Warning: 10.000000
[2019.01.26-21.24.04:451][248]LogTemp: Warning: 10.000000
[2019.01.26-21.24.04:465][249]LogTemp: Warning: 10.000000
[2019.01.26-21.24.04:479][250]LogTemp: Warning: 10.000000
[2019.01.26-21.24.04:500][251]LogTemp: Warning: 10.000000
[2019.01.26-21.24.04:515][252]LogTemp: Warning: 10.000000
[2019.01.26-21.24.04:529][253]LogTemp: Warning: 10.000000
[2019.01.26-21.24.04:542][254]LogTemp: Warning: 10.000000
[2019.01.26-21.24.04:556][255]LogTemp: Warning: 10.000000
[2019.01.26-21.24.04:570][256]LogTemp: Warning: 10.000000
[2019.01.26-21.24.04:583][257]LogTemp: Warning: 10.000000
[2019.01.26-21.24.04:601][258]LogTemp: Warning: 10.000000
[2019.01.26-21.24.04:614][259]LogTemp: Warning: 10.000000
[2019.01.26-21.24.04:628][260]LogTemp: Warning: 10.000000
[2019.01.26-21.24.04:642][261]LogTemp: Warning: 10.000000
[2019.01.26-21.24.04:659][262]LogTemp: Warning: 10.000000
[2019.01.26-21.24.04:673][263]LogTemp: Warning: 10.000000
[2019.01.26-21.24.04:690][264]LogTemp: Warning: 10.000000
[2019.01.26-21.24.04:706][265]LogTemp: Warning: 10.000000
[2019.01.26-21.24.04:722][266]LogTemp: Warning: 10.000000
[2019.01.26-21.24.04:736][267]LogTemp: Warning: 10.000000
[2019.01.26-21.24.04:751][268]LogTemp: Warning: 10.000000
[2019.01.26-21.24.04:768][269]LogTemp: Warning: 10.000000
[2019.01.26-21.24.04:781][270]LogTemp: Warning: 10.000000
[2019.01.26-21.24.04:794][271]LogTemp: Warning: 10.000000
[2019.01.26-21.24.04:808][272]LogTemp: Warning: 10.000000
[2019.01.26-21.24.04:808][272]LogBlueprintUserMessages: [SUpdateTargetPosition_C_0] X=-439.003 Y=1181.225 Z=268.372
[2019.01.26-21.24.04:825][273]LogTemp: Warning: 10.000000
[2019.01.26-21.24.04:841][274]LogTemp: Warning: 10.000000
[2019.01.26-21.24.04:854][275]LogTemp: Warning: 10.000000
[2019.01.26-21.24.04:868][276]LogTemp: Warning: 10.000000
[2019.01.26-21.24.04:881][277]LogTemp: Warning: 10.000000
[2019.01.26-21.24.04:896][278]LogTemp: Warning: 10.000000
[2019.01.26-21.24.04:912][279]LogTemp: Warning: 10.000000
[2019.01.26-21.24.04:926][280]LogTemp: Warning: 10.000000
[2019.01.26-21.24.04:940][281]LogTemp: Warning: 10.000000
[2019.01.26-21.24.04:956][282]LogTemp: Warning: 10.000000
[2019.01.26-21.24.04:970][283]LogTemp: Warning: 10.000000
[2019.01.26-21.24.04:983][284]LogTemp: Warning: 10.000000
[2019.01.26-21.24.04:996][285]LogTemp: Warning: 10.000000
[2019.01.26-21.24.05:010][286]LogTemp: Warning: 10.000000
[2019.01.26-21.24.05:025][287]LogTemp: Warning: 10.000000
[2019.01.26-21.24.05:040][288]LogTemp: Warning: 10.000000
[2019.01.26-21.24.05:054][289]LogTemp: Warning: 10.000000
[2019.01.26-21.24.05:068][290]LogTemp: Warning: 10.000000
[2019.01.26-21.24.05:083][291]LogTemp: Warning: 10.000000
[2019.01.26-21.24.05:101][292]LogTemp: Warning: 10.000000
[2019.01.26-21.24.05:120][293]LogTemp: Warning: 10.000000
[2019.01.26-21.24.05:137][294]LogTemp: Warning: 10.000000
[2019.01.26-21.24.05:152][295]LogTemp: Warning: 10.000000
[2019.01.26-21.24.05:169][296]LogTemp: Warning: 10.000000
[2019.01.26-21.24.05:185][297]LogTemp: Warning: 10.000000
[2019.01.26-21.24.05:201][298]LogTemp: Warning: 10.000000
[2019.01.26-21.24.05:209][299]LogTemp: Warning: 10.000000
[2019.01.26-21.24.05:216][300]LogTemp: Warning: 10.000000
[2019.01.26-21.24.05:225][301]LogTemp: Warning: 10.000000
[2019.01.26-21.24.05:233][302]LogTemp: Warning: 10.000000
[2019.01.26-21.24.05:241][303]LogTemp: Warning: 10.000000
[2019.01.26-21.24.05:250][304]LogTemp: Warning: 10.000000
[2019.01.26-21.24.05:258][305]LogTemp: Warning: 10.000000
[2019.01.26-21.24.05:267][306]LogTemp: Warning: 10.000000
[2019.01.26-21.24.05:277][307]LogTemp: Warning: 10.000000
[2019.01.26-21.24.05:285][308]LogTemp: Warning: 10.000000
[2019.01.26-21.24.05:294][309]LogTemp: Warning: 10.000000
[2019.01.26-21.24.05:303][310]LogTemp: Warning: 10.000000
[2019.01.26-21.24.05:312][311]LogTemp: Warning: 10.000000
[2019.01.26-21.24.05:320][312]LogTemp: Warning: 10.000000
[2019.01.26-21.24.05:329][313]LogTemp: Warning: 10.000000
[2019.01.26-21.24.05:337][314]LogTemp: Warning: 10.000000
[2019.01.26-21.24.05:345][315]LogTemp: Warning: 10.000000
[2019.01.26-21.24.05:353][316]LogTemp: Warning: 10.000000
[2019.01.26-21.24.05:363][317]LogTemp: Warning: 10.000000
[2019.01.26-21.24.05:363][317]LogBlueprintUserMessages: [SUpdateTargetPosition_C_0] X=-125.986 Y=1144.468 Z=268.372
[2019.01.26-21.24.05:370][318]LogTemp: Warning: 10.000000
[2019.01.26-21.24.05:377][319]LogTemp: Warning: 10.000000
[2019.01.26-21.24.05:385][320]LogTemp: Warning: 10.000000
[2019.01.26-21.24.05:393][321]LogTemp: Warning: 10.000000
[2019.01.26-21.24.05:402][322]LogTemp: Warning: 10.000000
[2019.01.26-21.24.05:410][323]LogTemp: Warning: 10.000000
[2019.01.26-21.24.05:418][324]LogTemp: Warning: 10.000000
[2019.01.26-21.24.05:427][325]LogTemp: Warning: 10.000000
[2019.01.26-21.24.05:435][326]LogTemp: Warning: 10.000000
[2019.01.26-21.24.05:443][327]LogTemp: Warning: 10.000000
[2019.01.26-21.24.05:452][328]LogTemp: Warning: 10.000000
[2019.01.26-21.24.05:460][329]LogTemp: Warning: 10.000000
[2019.01.26-21.24.05:468][330]LogTemp: Warning: 10.000000
[2019.01.26-21.24.05:477][331]LogTemp: Warning: 10.000000
[2019.01.26-21.24.05:485][332]LogTemp: Warning: 10.000000
[2019.01.26-21.24.05:493][333]LogTemp: Warning: 10.000000
[2019.01.26-21.24.05:502][334]LogTemp: Warning: 10.000000
[2019.01.26-21.24.05:510][335]LogTemp: Warning: 10.000000
[2019.01.26-21.24.05:518][336]LogTemp: Warning: 10.000000
[2019.01.26-21.24.05:526][337]LogTemp: Warning: 10.000000
[2019.01.26-21.24.05:534][338]LogTemp: Warning: 10.000000
[2019.01.26-21.24.05:543][339]LogTemp: Warning: 5.000000
[2019.01.26-21.24.05:551][340]LogTemp: Warning: 5.000000
[2019.01.26-21.24.05:559][341]LogTemp: Warning: 5.000000
[2019.01.26-21.24.05:567][342]LogTemp: Warning: 5.000000
[2019.01.26-21.24.05:576][343]LogTemp: Warning: 5.000000
[2019.01.26-21.24.05:584][344]LogTemp: Warning: 5.000000
[2019.01.26-21.24.05:592][345]LogTemp: Warning: 5.000000
[2019.01.26-21.24.05:601][346]LogTemp: Warning: 5.000000
[2019.01.26-21.24.05:610][347]LogTemp: Warning: 5.000000
[2019.01.26-21.24.05:618][348]LogTemp: Warning: 5.000000
[2019.01.26-21.24.05:626][349]LogTemp: Warning: 5.000000
[2019.01.26-21.24.05:634][350]LogTemp: Warning: 5.000000
[2019.01.26-21.24.05:643][351]LogTemp: Warning: 5.000000
[2019.01.26-21.24.05:651][352]LogTemp: Warning: 5.000000
[2019.01.26-21.24.05:659][353]LogTemp: Warning: 5.000000
[2019.01.26-21.24.05:668][354]LogTemp: Warning: 5.000000
[2019.01.26-21.24.05:676][355]LogTemp: Warning: 5.000000
[2019.01.26-21.24.05:684][356]LogTemp: Warning: 5.000000
[2019.01.26-21.24.05:693][357]LogTemp: Warning: 5.000000
[2019.01.26-21.24.05:701][358]LogTemp: Warning: 5.000000
[2019.01.26-21.24.05:709][359]LogTemp: Warning: 5.000000
[2019.01.26-21.24.05:718][360]LogTemp: Warning: 0.000000
[2019.01.26-21.25.42:139][767]LogSlate: FSceneViewport::OnFocusLost() reason 0
[2019.01.26-21.25.42:261][767]LogBlueprintUserMessages: Early EndPlayMap Detection: Level '/Game/FirstPersonCPP/Maps/FirstPersonExampleMap.FirstPersonExampleMap:PersistentLevel' has LevelScriptBlueprint '/Game/FirstPersonCPP/Maps/FirstPersonExampleMap.FirstPersonExampleMap:PersistentLevel.FirstPersonExampleMap' with GeneratedClass '/Game/FirstPersonCPP/Maps/FirstPersonExampleMap.FirstPersonExampleMap_C' with ClassGeneratedBy '/Game/FirstPersonCPP/Maps/FirstPersonExampleMap.FirstPersonExampleMap:PersistentLevel.FirstPersonExampleMap'
[2019.01.26-21.25.42:263][767]LogSlate: Updating window title bar state: overlay mode, drag disabled, window buttons hidden, title bar hidden
[2019.01.26-21.25.42:300][767]LogPlayLevel: Display: Shutting down PIE online subsystems
[2019.01.26-21.25.42:301][767]LogBlueprintUserMessages: Late EndPlayMap Detection: Level '/Game/FirstPersonCPP/Maps/FirstPersonExampleMap.FirstPersonExampleMap:PersistentLevel' has LevelScriptBlueprint '/Game/FirstPersonCPP/Maps/FirstPersonExampleMap.FirstPersonExampleMap:PersistentLevel.FirstPersonExampleMap' with GeneratedClass '/Game/FirstPersonCPP/Maps/FirstPersonExampleMap.FirstPersonExampleMap_C' with ClassGeneratedBy '/Game/FirstPersonCPP/Maps/FirstPersonExampleMap.FirstPersonExampleMap:PersistentLevel.FirstPersonExampleMap'
[2019.01.26-21.25.42:328][767]LogSlate: Updating window title bar state: overlay mode, drag disabled, window buttons hidden, title bar hidden
[2019.01.26-21.25.42:351][768]LogPlayLevel: Display: Destroying online subsystem :Context_3
[2019.01.26-21.25.43:262][873]Candidate modules for hot reload:
[2019.01.26-21.25.43:262][873]  HomeIs
[2019.01.26-21.25.43:262][873]Launching UnrealBuildTool... [C:/Epic/UE4/UE_4.20/Engine/Binaries/DotNET/UnrealBuildTool.exe  -ModuleWithSuffix=HomeIs,1325 Win64 Development -TargetType=Editor -Project="../../../../../../Users/c013767h/Documents/GitHub/HomeIs/HomeIs/HomeIs.uproject" -canskiplink "C:/Users/c013767h/Documents/GitHub/HomeIs/HomeIs/HomeIs.uproject" ]
[2019.01.26-21.25.43:267][873]Warning: Starting HotReload took  0.0s.
[2019.01.26-21.25.50:669][760]CompilerResultsLog: New page: Compilation - 26 Jan 2019 21:25:50
[2019.01.26-21.25.50:669][760]CompilerResultsLog: Using 'git status' to determine working set for adaptive non-unity build.
[2019.01.26-21.25.50:670][760]CompilerResultsLog: Compiling game modules for hot reload
[2019.01.26-21.25.50:670][760]CompilerResultsLog: Building 3 actions with 8 processes...
[2019.01.26-21.25.50:670][760]CompilerResultsLog:   [1/3] Turret.cpp
[2019.01.26-21.25.50:670][760]CompilerResultsLog:   [2/3] UE4Editor-HomeIs-1325.lib
[2019.01.26-21.25.50:671][760]CompilerResultsLog:      Creating library C:\Users\c013767h\Documents\GitHub\HomeIs\HomeIs\Intermediate\Build\Win64\UE4Editor\Development\HomeIs\UE4Editor-HomeIs-1325.lib and object C:\Users\c013767h\Documents\GitHub\HomeIs\HomeIs\Intermediate\Build\Win64\UE4Editor\Development\HomeIs\UE4Editor-HomeIs-1325.exp
[2019.01.26-21.25.50:672][760]CompilerResultsLog:   [3/3] UE4Editor-HomeIs-1325.dll
[2019.01.26-21.25.50:672][760]CompilerResultsLog:      Creating library C:\Users\c013767h\Documents\GitHub\HomeIs\HomeIs\Intermediate\Build\Win64\UE4Editor\Development\HomeIs\UE4Editor-HomeIs-1325.suppressed.lib and object C:\Users\c013767h\Documents\GitHub\HomeIs\HomeIs\Intermediate\Build\Win64\UE4Editor\Development\HomeIs\UE4Editor-HomeIs-1325.suppressed.exp
[2019.01.26-21.25.50:673][760]CompilerResultsLog: Total build time: 7.07 seconds (Parallel executor: 3.42 seconds)
[2019.01.26-21.25.50:673][760]LogMainFrame: MainFrame: Module compiling took 7.420 seconds
[2019.01.26-21.25.50:754][760]LogClass: Type HotReload.
[2019.01.26-21.25.50:761][760]LogContentBrowser: Native class hierarchy updated for 'HomeIs' in 0.0007 seconds. Added 13 classes and 3 folders.
[2019.01.26-21.25.50:767][760]Display: HotReload successful (4 functions remapped  0 scriptstructs remapped)
[2019.01.26-21.25.50:922][760]LogContentBrowser: Native class hierarchy populated in 0.0097 seconds. Added 2595 classes and 613 folders.
[2019.01.26-21.25.50:922][760]Display: HotReload took  7.7s.
[2019.01.26-21.26.08:098][ 91]Candidate modules for hot reload:
[2019.01.26-21.26.08:098][ 91]  HomeIs
[2019.01.26-21.26.08:099][ 91]Launching UnrealBuildTool... [C:/Epic/UE4/UE_4.20/Engine/Binaries/DotNET/UnrealBuildTool.exe  -ModuleWithSuffix=HomeIs,3910 Win64 Development -TargetType=Editor -Project="../../../../../../Users/c013767h/Documents/GitHub/HomeIs/HomeIs/HomeIs.uproject" -canskiplink "C:/Users/c013767h/Documents/GitHub/HomeIs/HomeIs/HomeIs.uproject" ]
[2019.01.26-21.26.08:105][ 91]Warning: Starting HotReload took  0.0s.
[2019.01.26-21.26.11:918][546]CompilerResultsLog: New page: Compilation - 26 Jan 2019 21:26:11
[2019.01.26-21.26.11:919][546]CompilerResultsLog: Using 'git status' to determine working set for adaptive non-unity build.
[2019.01.26-21.26.11:919][546]CompilerResultsLog: Compiling game modules for hot reload
[2019.01.26-21.26.11:919][546]CompilerResultsLog: Target is up to date
[2019.01.26-21.26.11:920][546]CompilerResultsLog: Total build time: 3.47 seconds (NoActionsToExecute executor: 0.00 seconds)
[2019.01.26-21.26.11:920][546]LogMainFrame: MainFrame: Module compiling took 3.831 seconds
[2019.01.26-21.26.11:983][546]LogContentBrowser: Native class hierarchy populated in 0.0264 seconds. Added 2595 classes and 613 folders.
[2019.01.26-21.26.11:983][546]Display: HotReload took  3.9s.
[2019.01.26-21.26.13:393][715]LogTemp: Repeating last play command: Selected Viewport
[2019.01.26-21.26.13:418][715]LogBlueprintUserMessages: Early PlayInEditor Detection: Level '/Game/FirstPersonCPP/Maps/FirstPersonExampleMap.FirstPersonExampleMap:PersistentLevel' has LevelScriptBlueprint '/Game/FirstPersonCPP/Maps/FirstPersonExampleMap.FirstPersonExampleMap:PersistentLevel.FirstPersonExampleMap' with GeneratedClass '/Game/FirstPersonCPP/Maps/FirstPersonExampleMap.FirstPersonExampleMap_C' with ClassGeneratedBy '/Game/FirstPersonCPP/Maps/FirstPersonExampleMap.FirstPersonExampleMap:PersistentLevel.FirstPersonExampleMap'
[2019.01.26-21.26.13:418][715]LogPlayLevel: PlayLevel: No blueprints needed recompiling
[2019.01.26-21.26.13:419][715]PIE: New page: PIE session: FirstPersonExampleMap (26 Jan 2019 21:26:13)
[2019.01.26-21.26.13:419][715]LogPlayLevel: Creating play world package: /Game/FirstPersonCPP/Maps/UEDPIE_0_FirstPersonExampleMap
[2019.01.26-21.26.13:437][715]LogPlayLevel: PIE: StaticDuplicateObject took: (0.017354s)
[2019.01.26-21.26.13:438][715]LogAIModule: Creating AISystem for world FirstPersonExampleMap
[2019.01.26-21.26.13:439][715]LogPlayLevel: PIE: World Init took: (0.001534s)
[2019.01.26-21.26.13:439][715]LogPlayLevel: PIE: Created PIE world by copying editor world from /Game/FirstPersonCPP/Maps/FirstPersonExampleMap.FirstPersonExampleMap to /Game/FirstPersonCPP/Maps/UEDPIE_0_FirstPersonExampleMap.FirstPersonExampleMap (0.019910s)
[2019.01.26-21.26.13:473][715]LogInit: XAudio2 using 'Speakers (Realtek High Definition Audio)' : 2 channels at 48 kHz using 32 bits per sample (channel mask 0x3)
[2019.01.26-21.26.13:491][715]LogInit: FAudioDevice initialized.
[2019.01.26-21.26.13:530][715]LogLoad: Game class is 'HomeIsGameMode'
[2019.01.26-21.26.13:533][715]LogWorld: Bringing World /Game/FirstPersonCPP/Maps/UEDPIE_0_FirstPersonExampleMap.FirstPersonExampleMap up for play (max tick rate 0) at 2019.01.26-21.26.13
[2019.01.26-21.26.13:534][715]LogWorld: Bringing up level for play took: 0.002720
[2019.01.26-21.26.13:549][715]PIE: Play in editor start time for /Game/FirstPersonCPP/Maps/UEDPIE_0_FirstPersonExampleMap -0.53
[2019.01.26-21.26.13:549][715]LogBlueprintUserMessages: Late PlayInEditor Detection: Level '/Game/FirstPersonCPP/Maps/FirstPersonExampleMap.FirstPersonExampleMap:PersistentLevel' has LevelScriptBlueprint '/Game/FirstPersonCPP/Maps/FirstPersonExampleMap.FirstPersonExampleMap:PersistentLevel.FirstPersonExampleMap' with GeneratedClass '/Game/FirstPersonCPP/Maps/FirstPersonExampleMap.FirstPersonExampleMap_C' with ClassGeneratedBy '/Game/FirstPersonCPP/Maps/FirstPersonExampleMap.FirstPersonExampleMap:PersistentLevel.FirstPersonExampleMap'
[2019.01.26-21.26.13:559][715]LogTemp: Warning: 10.000000
[2019.01.26-21.26.13:647][716]LogTemp: Warning: 10.000000
[2019.01.26-21.26.13:679][717]LogTemp: Warning: 10.000000
[2019.01.26-21.26.13:696][718]LogTemp: Warning: 10.000000
[2019.01.26-21.26.13:715][719]LogTemp: Warning: 10.000000
[2019.01.26-21.26.13:729][720]LogTemp: Warning: 10.000000
[2019.01.26-21.26.13:743][721]LogTemp: Warning: 10.000000
[2019.01.26-21.26.13:756][722]LogTemp: Warning: 10.000000
[2019.01.26-21.26.13:770][723]LogTemp: Warning: 10.000000
[2019.01.26-21.26.13:783][724]LogTemp: Warning: 10.000000
[2019.01.26-21.26.13:796][725]LogTemp: Warning: 10.000000
[2019.01.26-21.26.13:810][726]LogTemp: Warning: 10.000000
[2019.01.26-21.26.13:811][726]LogBlueprintUserMessages: [SUpdateTargetPosition_C_0] X=-481.000 Y=1201.000 Z=268.372
[2019.01.26-21.26.13:828][727]LogTemp: Warning: 10.000000
[2019.01.26-21.26.13:842][728]LogTemp: Warning: 10.000000
[2019.01.26-21.26.13:855][729]LogTemp: Warning: 10.000000
[2019.01.26-21.26.13:873][730]LogTemp: Warning: 10.000000
[2019.01.26-21.26.13:889][731]LogTemp: Warning: 10.000000
[2019.01.26-21.26.13:913][732]LogTemp: Warning: 10.000000
[2019.01.26-21.26.13:927][733]LogTemp: Warning: 10.000000
[2019.01.26-21.26.13:944][734]LogTemp: Warning: 10.000000
[2019.01.26-21.26.13:961][735]LogTemp: Warning: 10.000000
[2019.01.26-21.26.13:979][736]LogTemp: Warning: 10.000000
[2019.01.26-21.26.13:993][737]LogTemp: Warning: 10.000000
[2019.01.26-21.26.14:011][738]LogTemp: Warning: 10.000000
[2019.01.26-21.26.14:026][739]LogTemp: Warning: 10.000000
[2019.01.26-21.26.14:042][740]LogTemp: Warning: 10.000000
[2019.01.26-21.26.14:056][741]LogTemp: Warning: 10.000000
[2019.01.26-21.26.14:071][742]LogTemp: Warning: 10.000000
[2019.01.26-21.26.14:086][743]LogTemp: Warning: 10.000000
[2019.01.26-21.26.14:102][744]LogTemp: Warning: 10.000000
[2019.01.26-21.26.14:118][745]LogTemp: Warning: 10.000000
[2019.01.26-21.26.14:135][746]LogTemp: Warning: 10.000000
[2019.01.26-21.26.14:148][747]LogTemp: Warning: 10.000000
[2019.01.26-21.26.14:163][748]LogTemp: Warning: 10.000000
[2019.01.26-21.26.14:176][749]LogTemp: Warning: 10.000000
[2019.01.26-21.26.14:191][750]LogTemp: Warning: 10.000000
[2019.01.26-21.26.14:206][751]LogTemp: Warning: 10.000000
[2019.01.26-21.26.14:221][752]LogTemp: Warning: 10.000000
[2019.01.26-21.26.14:235][753]LogTemp: Warning: 10.000000
[2019.01.26-21.26.14:248][754]LogTemp: Warning: 10.000000
[2019.01.26-21.26.14:261][755]LogTemp: Warning: 10.000000
[2019.01.26-21.26.14:275][756]LogTemp: Warning: 10.000000
[2019.01.26-21.26.14:288][757]LogTemp: Warning: 10.000000
[2019.01.26-21.26.14:303][758]LogTemp: Warning: 10.000000
[2019.01.26-21.26.14:320][759]LogTemp: Warning: 10.000000
[2019.01.26-21.26.14:337][760]LogTemp: Warning: 10.000000
[2019.01.26-21.26.14:353][761]LogTemp: Warning: 10.000000
[2019.01.26-21.26.14:368][762]LogTemp: Warning: 10.000000
[2019.01.26-21.26.14:383][763]LogTemp: Warning: 10.000000
[2019.01.26-21.26.14:402][764]LogTemp: Warning: 10.000000
[2019.01.26-21.26.14:419][765]LogTemp: Warning: 10.000000
[2019.01.26-21.26.14:419][765]LogBlueprintUserMessages: [SUpdateTargetPosition_C_0] X=-325.860 Y=1297.700 Z=268.372
[2019.01.26-21.26.14:434][766]LogTemp: Warning: 10.000000
[2019.01.26-21.26.14:454][767]LogTemp: Warning: 10.000000
[2019.01.26-21.26.14:469][768]LogTemp: Warning: 10.000000
[2019.01.26-21.26.14:485][769]LogTemp: Warning: 10.000000
[2019.01.26-21.26.14:501][770]LogTemp: Warning: 10.000000
[2019.01.26-21.26.14:517][771]LogTemp: Warning: 10.000000
[2019.01.26-21.26.14:531][772]LogTemp: Warning: 10.000000
[2019.01.26-21.26.14:548][773]LogTemp: Warning: 10.000000
[2019.01.26-21.26.14:562][774]LogTemp: Warning: 10.000000
[2019.01.26-21.26.14:577][775]LogTemp: Warning: 10.000000
[2019.01.26-21.26.14:597][776]LogTemp: Warning: 10.000000
[2019.01.26-21.26.14:610][777]LogTemp: Warning: 10.000000
[2019.01.26-21.26.14:628][778]LogTemp: Warning: 10.000000
[2019.01.26-21.26.14:642][779]LogTemp: Warning: 10.000000
[2019.01.26-21.26.14:659][780]LogTemp: Warning: 10.000000
[2019.01.26-21.26.14:673][781]LogTemp: Warning: 10.000000
[2019.01.26-21.26.14:687][782]LogTemp: Warning: 10.000000
[2019.01.26-21.26.14:701][783]LogTemp: Warning: 10.000000
[2019.01.26-21.26.14:715][784]LogTemp: Warning: 10.000000
[2019.01.26-21.26.14:733][785]LogTemp: Warning: 10.000000
[2019.01.26-21.26.14:751][786]LogTemp: Warning: 10.000000
[2019.01.26-21.26.14:768][787]LogTemp: Warning: 10.000000
[2019.01.26-21.26.14:782][788]LogTemp: Warning: 10.000000
[2019.01.26-21.26.14:796][789]LogTemp: Warning: 10.000000
[2019.01.26-21.26.14:813][790]LogTemp: Warning: 10.000000
[2019.01.26-21.26.14:827][791]LogTemp: Warning: 10.000000
[2019.01.26-21.26.14:840][792]LogTemp: Warning: 10.000000
[2019.01.26-21.26.14:855][793]LogTemp: Warning: 10.000000
[2019.01.26-21.26.14:868][794]LogTemp: Warning: 10.000000
[2019.01.26-21.26.14:883][795]LogTemp: Warning: 10.000000
[2019.01.26-21.26.14:896][796]LogTemp: Warning: 10.000000
[2019.01.26-21.26.14:912][797]LogTemp: Warning: 10.000000
[2019.01.26-21.26.14:927][798]LogTemp: Warning: 10.000000
[2019.01.26-21.26.14:928][798]LogBlueprintUserMessages: [SUpdateTargetPosition_C_0] X=-22.972 Y=1277.643 Z=268.372
[2019.01.26-21.26.14:944][799]LogTemp: Warning: 10.000000
[2019.01.26-21.26.19:165][800]LogTemp: Warning: 10.000000
[2019.01.26-21.26.19:181][801]LogTemp: Warning: 10.000000
[2019.01.26-21.26.19:517][802]LogTemp: Warning: 5.000000
[2019.01.26-21.26.19:518][802]LogBlueprintUserMessages: [SUpdateTargetPosition_C_0] X=2.776 Y=1280.620 Z=268.372
[2019.01.26-21.26.19:844][803]LogTemp: Warning: 1
[2019.01.26-21.26.19:846][803]LogTemp: Warning: 0.000000
[2019.01.26-21.26.32:994][454]LogTemp: Warning: 1
[2019.01.26-21.26.35:629][770]LogBlueprintUserMessages: Early EndPlayMap Detection: Level '/Game/FirstPersonCPP/Maps/FirstPersonExampleMap.FirstPersonExampleMap:PersistentLevel' has LevelScriptBlueprint '/Game/FirstPersonCPP/Maps/FirstPersonExampleMap.FirstPersonExampleMap:PersistentLevel.FirstPersonExampleMap' with GeneratedClass '/Game/FirstPersonCPP/Maps/FirstPersonExampleMap.FirstPersonExampleMap_C' with ClassGeneratedBy '/Game/FirstPersonCPP/Maps/FirstPersonExampleMap.FirstPersonExampleMap:PersistentLevel.FirstPersonExampleMap'
[2019.01.26-21.26.35:630][770]LogSlate: Updating window title bar state: overlay mode, drag disabled, window buttons hidden, title bar hidden
[2019.01.26-21.26.35:669][770]LogPlayLevel: Display: Shutting down PIE online subsystems
[2019.01.26-21.26.35:670][770]LogBlueprintUserMessages: Late EndPlayMap Detection: Level '/Game/FirstPersonCPP/Maps/FirstPersonExampleMap.FirstPersonExampleMap:PersistentLevel' has LevelScriptBlueprint '/Game/FirstPersonCPP/Maps/FirstPersonExampleMap.FirstPersonExampleMap:PersistentLevel.FirstPersonExampleMap' with GeneratedClass '/Game/FirstPersonCPP/Maps/FirstPersonExampleMap.FirstPersonExampleMap_C' with ClassGeneratedBy '/Game/FirstPersonCPP/Maps/FirstPersonExampleMap.FirstPersonExampleMap:PersistentLevel.FirstPersonExampleMap'
[2019.01.26-21.26.35:698][770]LogSlate: Updating window title bar state: overlay mode, drag disabled, window buttons hidden, title bar hidden
[2019.01.26-21.26.35:736][772]LogPlayLevel: Display: Destroying online subsystem :Context_4
[2019.01.26-21.26.43:606][244]LogEditorViewport: Clicking on Actor (LMB): StaticMeshActor (Floor)
[2019.01.26-21.26.44:313][315]LogSlate: FSceneViewport::OnFocusLost() reason 0
[2019.01.26-21.26.44:373][322]LogTemp: Repeating last play command: Selected Viewport
[2019.01.26-21.26.44:397][322]LogBlueprintUserMessages: Early PlayInEditor Detection: Level '/Game/FirstPersonCPP/Maps/FirstPersonExampleMap.FirstPersonExampleMap:PersistentLevel' has LevelScriptBlueprint '/Game/FirstPersonCPP/Maps/FirstPersonExampleMap.FirstPersonExampleMap:PersistentLevel.FirstPersonExampleMap' with GeneratedClass '/Game/FirstPersonCPP/Maps/FirstPersonExampleMap.FirstPersonExampleMap_C' with ClassGeneratedBy '/Game/FirstPersonCPP/Maps/FirstPersonExampleMap.FirstPersonExampleMap:PersistentLevel.FirstPersonExampleMap'
[2019.01.26-21.26.44:398][322]LogPlayLevel: PlayLevel: No blueprints needed recompiling
[2019.01.26-21.26.44:398][322]PIE: New page: PIE session: FirstPersonExampleMap (26 Jan 2019 21:26:44)
[2019.01.26-21.26.44:399][322]LogPlayLevel: Creating play world package: /Game/FirstPersonCPP/Maps/UEDPIE_0_FirstPersonExampleMap
[2019.01.26-21.26.44:418][322]LogPlayLevel: PIE: StaticDuplicateObject took: (0.019602s)
[2019.01.26-21.26.44:421][322]LogAIModule: Creating AISystem for world FirstPersonExampleMap
[2019.01.26-21.26.44:421][322]LogPlayLevel: PIE: World Init took: (0.002407s)
[2019.01.26-21.26.44:422][322]LogPlayLevel: PIE: Created PIE world by copying editor world from /Game/FirstPersonCPP/Maps/FirstPersonExampleMap.FirstPersonExampleMap to /Game/FirstPersonCPP/Maps/UEDPIE_0_FirstPersonExampleMap.FirstPersonExampleMap (0.023382s)
[2019.01.26-21.26.44:458][322]LogInit: XAudio2 using 'Speakers (Realtek High Definition Audio)' : 2 channels at 48 kHz using 32 bits per sample (channel mask 0x3)
[2019.01.26-21.26.44:474][322]LogInit: FAudioDevice initialized.
[2019.01.26-21.26.44:507][322]LogLoad: Game class is 'HomeIsGameMode'
[2019.01.26-21.26.44:510][322]LogWorld: Bringing World /Game/FirstPersonCPP/Maps/UEDPIE_0_FirstPersonExampleMap.FirstPersonExampleMap up for play (max tick rate 0) at 2019.01.26-21.26.44
[2019.01.26-21.26.44:511][322]LogWorld: Bringing up level for play took: 0.002946
[2019.01.26-21.26.44:526][322]PIE: Play in editor start time for /Game/FirstPersonCPP/Maps/UEDPIE_0_FirstPersonExampleMap 0.447
[2019.01.26-21.26.44:527][322]LogBlueprintUserMessages: Late PlayInEditor Detection: Level '/Game/FirstPersonCPP/Maps/FirstPersonExampleMap.FirstPersonExampleMap:PersistentLevel' has LevelScriptBlueprint '/Game/FirstPersonCPP/Maps/FirstPersonExampleMap.FirstPersonExampleMap:PersistentLevel.FirstPersonExampleMap' with GeneratedClass '/Game/FirstPersonCPP/Maps/FirstPersonExampleMap.FirstPersonExampleMap_C' with ClassGeneratedBy '/Game/FirstPersonCPP/Maps/FirstPersonExampleMap.FirstPersonExampleMap:PersistentLevel.FirstPersonExampleMap'
[2019.01.26-21.26.47:749][322]LogTemp: Warning: 10.000000
[2019.01.26-21.26.51:741][323]LogTemp: Warning: 10.000000
[2019.01.26-21.26.52:921][324]LogTemp: Warning: 10.000000
[2019.01.26-21.26.52:922][324]LogBlueprintUserMessages: [SUpdateTargetPosition_C_0] X=-481.000 Y=1201.000 Z=268.372
[2019.01.26-21.26.55:142][325]LogTemp: Warning: 10.000000
[2019.01.26-21.26.55:156][326]LogTemp: Warning: 10.000000
[2019.01.26-21.26.55:157][326]LogBlueprintUserMessages: [SUpdateTargetPosition_C_0] X=-481.000 Y=1201.000 Z=268.372
[2019.01.26-21.26.55:495][327]LogTemp: Warning: 10.000000
[2019.01.26-21.26.55:823][328]LogTemp: Warning: 10.000000
[2019.01.26-21.26.55:824][328]LogBlueprintUserMessages: [SUpdateTargetPosition_C_0] X=-481.000 Y=1201.000 Z=268.372
[2019.01.26-21.26.56:150][329]LogTemp: Warning: 10.000000
[2019.01.26-21.26.56:490][330]LogTemp: Warning: 10.000000
[2019.01.26-21.26.56:490][330]LogBlueprintUserMessages: [SUpdateTargetPosition_C_0] X=-481.000 Y=1201.000 Z=268.372
[2019.01.26-21.26.56:828][331]LogTemp: Warning: 10.000000
[2019.01.26-21.26.57:160][332]LogTemp: Warning: 10.000000
[2019.01.26-21.26.57:160][332]LogBlueprintUserMessages: [SUpdateTargetPosition_C_0] X=-481.000 Y=1201.000 Z=268.372
[2019.01.26-21.26.57:497][333]LogTemp: Warning: 10.000000
[2019.01.26-21.26.57:834][334]LogTemp: Warning: 10.000000
[2019.01.26-21.26.57:835][334]LogBlueprintUserMessages: [SUpdateTargetPosition_C_0] X=-481.000 Y=1201.000 Z=268.372
[2019.01.26-21.26.58:171][335]LogTemp: Warning: 10.000000
[2019.01.26-21.26.58:503][336]LogTemp: Warning: 10.000000
[2019.01.26-21.26.58:503][336]LogBlueprintUserMessages: [SUpdateTargetPosition_C_0] X=-481.000 Y=1201.000 Z=268.372
[2019.01.26-21.26.58:839][337]LogTemp: Warning: 10.000000
[2019.01.26-21.26.59:177][338]LogTemp: Warning: 10.000000
[2019.01.26-21.26.59:178][338]LogBlueprintUserMessages: [SUpdateTargetPosition_C_0] X=-481.000 Y=1201.000 Z=268.372
[2019.01.26-21.26.59:516][339]LogTemp: Warning: 10.000000
[2019.01.26-21.26.59:853][340]LogTemp: Warning: 10.000000
[2019.01.26-21.26.59:854][340]LogBlueprintUserMessages: [SUpdateTargetPosition_C_0] X=-481.000 Y=1201.000 Z=268.372
[2019.01.26-21.27.00:190][341]LogTemp: Warning: 10.000000
[2019.01.26-21.27.00:527][342]LogTemp: Warning: 10.000000
[2019.01.26-21.27.00:527][342]LogBlueprintUserMessages: [SUpdateTargetPosition_C_0] X=-481.000 Y=1201.000 Z=268.372
[2019.01.26-21.27.00:865][343]LogTemp: Warning: 10.000000
[2019.01.26-21.27.01:196][344]LogTemp: Warning: 10.000000
[2019.01.26-21.27.01:196][344]LogBlueprintUserMessages: [SUpdateTargetPosition_C_0] X=-481.000 Y=1201.000 Z=268.372
[2019.01.26-21.27.01:530][345]LogTemp: Warning: 10.000000
[2019.01.26-21.27.01:869][346]LogTemp: Warning: 10.000000
[2019.01.26-21.27.01:869][346]LogBlueprintUserMessages: [SUpdateTargetPosition_C_0] X=-481.000 Y=1201.000 Z=268.372
[2019.01.26-21.27.02:207][347]LogTemp: Warning: 10.000000
[2019.01.26-21.27.02:544][348]LogTemp: Warning: 10.000000
[2019.01.26-21.27.02:544][348]LogBlueprintUserMessages: [SUpdateTargetPosition_C_0] X=-481.000 Y=1201.000 Z=268.372
[2019.01.26-21.27.02:876][349]LogTemp: Warning: 10.000000
[2019.01.26-21.27.03:212][350]LogTemp: Warning: 10.000000
[2019.01.26-21.27.03:213][350]LogBlueprintUserMessages: [SUpdateTargetPosition_C_0] X=-481.000 Y=1201.000 Z=268.372
[2019.01.26-21.27.03:550][351]LogTemp: Warning: 10.000000
[2019.01.26-21.27.03:886][352]LogTemp: Warning: 10.000000
[2019.01.26-21.27.03:887][352]LogBlueprintUserMessages: [SUpdateTargetPosition_C_0] X=-481.000 Y=1201.000 Z=268.372
[2019.01.26-21.27.04:224][353]LogTemp: Warning: 10.000000
[2019.01.26-21.27.04:563][354]LogTemp: Warning: 10.000000
[2019.01.26-21.27.04:563][354]LogBlueprintUserMessages: [SUpdateTargetPosition_C_0] X=-481.000 Y=1201.000 Z=268.372
[2019.01.26-21.27.04:898][355]LogTemp: Warning: 10.000000
[2019.01.26-21.27.05:235][356]LogTemp: Warning: 10.000000
[2019.01.26-21.27.05:236][356]LogBlueprintUserMessages: [SUpdateTargetPosition_C_0] X=-481.000 Y=1201.000 Z=268.372
[2019.01.26-21.27.05:568][357]LogTemp: Warning: 10.000000
[2019.01.26-21.27.05:901][358]LogTemp: Warning: 10.000000
[2019.01.26-21.27.05:901][358]LogBlueprintUserMessages: [SUpdateTargetPosition_C_0] X=-481.000 Y=1201.000 Z=268.372
[2019.01.26-21.27.06:239][359]LogTemp: Warning: 10.000000
[2019.01.26-21.27.06:571][360]LogTemp: Warning: 10.000000
[2019.01.26-21.27.06:571][360]LogBlueprintUserMessages: [SUpdateTargetPosition_C_0] X=-481.000 Y=1201.000 Z=268.372
[2019.01.26-21.27.06:905][361]LogTemp: Warning: 10.000000
[2019.01.26-21.27.07:243][362]LogTemp: Warning: 10.000000
[2019.01.26-21.27.07:244][362]LogBlueprintUserMessages: [SUpdateTargetPosition_C_0] X=-481.000 Y=1201.000 Z=268.372
[2019.01.26-21.27.07:582][363]LogTemp: Warning: 10.000000
[2019.01.26-21.27.07:916][364]LogTemp: Warning: 10.000000
[2019.01.26-21.27.07:916][364]LogBlueprintUserMessages: [SUpdateTargetPosition_C_0] X=-481.000 Y=1201.000 Z=268.372
[2019.01.26-21.27.08:255][365]LogTemp: Warning: 10.000000
[2019.01.26-21.27.08:595][366]LogTemp: Warning: 10.000000
[2019.01.26-21.27.08:595][366]LogBlueprintUserMessages: [SUpdateTargetPosition_C_0] X=-481.000 Y=1201.000 Z=268.372
[2019.01.26-21.27.08:927][367]LogTemp: Warning: 10.000000
[2019.01.26-21.27.09:265][368]LogTemp: Warning: 10.000000
[2019.01.26-21.27.09:265][368]LogBlueprintUserMessages: [SUpdateTargetPosition_C_0] X=-481.000 Y=1201.000 Z=268.372
[2019.01.26-21.27.09:605][369]LogTemp: Warning: 10.000000
[2019.01.26-21.27.09:942][370]LogTemp: Warning: 10.000000
[2019.01.26-21.27.09:942][370]LogBlueprintUserMessages: [SUpdateTargetPosition_C_0] X=-481.000 Y=1201.000 Z=268.372
[2019.01.26-21.27.10:269][371]LogTemp: Warning: 10.000000
[2019.01.26-21.27.10:270][371]LogBlueprintUserMessages: Early EndPlayMap Detection: Level '/Game/FirstPersonCPP/Maps/FirstPersonExampleMap.FirstPersonExampleMap:PersistentLevel' has LevelScriptBlueprint '/Game/FirstPersonCPP/Maps/FirstPersonExampleMap.FirstPersonExampleMap:PersistentLevel.FirstPersonExampleMap' with GeneratedClass '/Game/FirstPersonCPP/Maps/FirstPersonExampleMap.FirstPersonExampleMap_C' with ClassGeneratedBy '/Game/FirstPersonCPP/Maps/FirstPersonExampleMap.FirstPersonExampleMap:PersistentLevel.FirstPersonExampleMap'
[2019.01.26-21.27.10:271][371]LogSlate: Updating window title bar state: overlay mode, drag disabled, window buttons hidden, title bar hidden
[2019.01.26-21.27.10:306][371]LogPlayLevel: Display: Shutting down PIE online subsystems
[2019.01.26-21.27.10:307][371]LogBlueprintUserMessages: Late EndPlayMap Detection: Level '/Game/FirstPersonCPP/Maps/FirstPersonExampleMap.FirstPersonExampleMap:PersistentLevel' has LevelScriptBlueprint '/Game/FirstPersonCPP/Maps/FirstPersonExampleMap.FirstPersonExampleMap:PersistentLevel.FirstPersonExampleMap' with GeneratedClass '/Game/FirstPersonCPP/Maps/FirstPersonExampleMap.FirstPersonExampleMap_C' with ClassGeneratedBy '/Game/FirstPersonCPP/Maps/FirstPersonExampleMap.FirstPersonExampleMap:PersistentLevel.FirstPersonExampleMap'
[2019.01.26-21.27.10:334][371]LogSlate: Updating window title bar state: overlay mode, drag disabled, window buttons hidden, title bar hidden
[2019.01.26-21.27.10:379][374]LogPlayLevel: Display: Destroying online subsystem :Context_7
[2019.01.26-21.27.11:098][454]Candidate modules for hot reload:
[2019.01.26-21.27.11:098][454]  HomeIs
[2019.01.26-21.27.11:098][454]Launching UnrealBuildTool... [C:/Epic/UE4/UE_4.20/Engine/Binaries/DotNET/UnrealBuildTool.exe  -ModuleWithSuffix=HomeIs,6103 Win64 Development -TargetType=Editor -Project="../../../../../../Users/c013767h/Documents/GitHub/HomeIs/HomeIs/HomeIs.uproject" -canskiplink "C:/Users/c013767h/Documents/GitHub/HomeIs/HomeIs/HomeIs.uproject" ]
[2019.01.26-21.27.11:104][454]Warning: Starting HotReload took  0.0s.
[2019.01.26-21.27.19:026][401]CompilerResultsLog: New page: Compilation - 26 Jan 2019 21:27:19
[2019.01.26-21.27.19:026][401]CompilerResultsLog: Using 'git status' to determine working set for adaptive non-unity build.
[2019.01.26-21.27.19:027][401]CompilerResultsLog: Compiling game modules for hot reload
[2019.01.26-21.27.19:027][401]CompilerResultsLog: Building 3 actions with 8 processes...
[2019.01.26-21.27.19:027][401]CompilerResultsLog:   [1/3] Turret.cpp
[2019.01.26-21.27.19:027][401]CompilerResultsLog:   [2/3] UE4Editor-HomeIs-6103.lib
[2019.01.26-21.27.19:028][401]CompilerResultsLog:      Creating library C:\Users\c013767h\Documents\GitHub\HomeIs\HomeIs\Intermediate\Build\Win64\UE4Editor\Development\HomeIs\UE4Editor-HomeIs-6103.lib and object C:\Users\c013767h\Documents\GitHub\HomeIs\HomeIs\Intermediate\Build\Win64\UE4Editor\Development\HomeIs\UE4Editor-HomeIs-6103.exp
[2019.01.26-21.27.19:029][401]CompilerResultsLog:   [3/3] UE4Editor-HomeIs-6103.dll
[2019.01.26-21.27.19:029][401]CompilerResultsLog:      Creating library C:\Users\c013767h\Documents\GitHub\HomeIs\HomeIs\Intermediate\Build\Win64\UE4Editor\Development\HomeIs\UE4Editor-HomeIs-6103.suppressed.lib and object C:\Users\c013767h\Documents\GitHub\HomeIs\HomeIs\Intermediate\Build\Win64\UE4Editor\Development\HomeIs\UE4Editor-HomeIs-6103.suppressed.exp
[2019.01.26-21.27.19:030][401]CompilerResultsLog: Total build time: 7.53 seconds (Parallel executor: 3.61 seconds)
[2019.01.26-21.27.19:030][401]LogMainFrame: MainFrame: Module compiling took 7.941 seconds
[2019.01.26-21.27.19:091][401]LogClass: Type HotReload.
[2019.01.26-21.27.19:098][401]LogContentBrowser: Native class hierarchy updated for 'HomeIs' in 0.0007 seconds. Added 13 classes and 3 folders.
[2019.01.26-21.27.19:101][401]Display: HotReload successful (4 functions remapped  0 scriptstructs remapped)
[2019.01.26-21.27.19:162][401]LogContentBrowser: Native class hierarchy populated in 0.0110 seconds. Added 2595 classes and 613 folders.
[2019.01.26-21.27.19:162][401]Display: HotReload took  8.1s.
[2019.01.26-21.27.24:131][997]LogTemp: Repeating last play command: Selected Viewport
[2019.01.26-21.27.24:154][997]LogBlueprintUserMessages: Early PlayInEditor Detection: Level '/Game/FirstPersonCPP/Maps/FirstPersonExampleMap.FirstPersonExampleMap:PersistentLevel' has LevelScriptBlueprint '/Game/FirstPersonCPP/Maps/FirstPersonExampleMap.FirstPersonExampleMap:PersistentLevel.FirstPersonExampleMap' with GeneratedClass '/Game/FirstPersonCPP/Maps/FirstPersonExampleMap.FirstPersonExampleMap_C' with ClassGeneratedBy '/Game/FirstPersonCPP/Maps/FirstPersonExampleMap.FirstPersonExampleMap:PersistentLevel.FirstPersonExampleMap'
[2019.01.26-21.27.24:155][997]LogPlayLevel: PlayLevel: No blueprints needed recompiling
[2019.01.26-21.27.24:155][997]PIE: New page: PIE session: FirstPersonExampleMap (26 Jan 2019 21:27:24)
[2019.01.26-21.27.24:156][997]LogPlayLevel: Creating play world package: /Game/FirstPersonCPP/Maps/UEDPIE_0_FirstPersonExampleMap
[2019.01.26-21.27.24:171][997]LogPlayLevel: PIE: StaticDuplicateObject took: (0.015184s)
[2019.01.26-21.27.24:173][997]LogAIModule: Creating AISystem for world FirstPersonExampleMap
[2019.01.26-21.27.24:174][997]LogPlayLevel: PIE: World Init took: (0.001789s)
[2019.01.26-21.27.24:174][997]LogPlayLevel: PIE: Created PIE world by copying editor world from /Game/FirstPersonCPP/Maps/FirstPersonExampleMap.FirstPersonExampleMap to /Game/FirstPersonCPP/Maps/UEDPIE_0_FirstPersonExampleMap.FirstPersonExampleMap (0.018281s)
[2019.01.26-21.27.24:209][997]LogInit: XAudio2 using 'Speakers (Realtek High Definition Audio)' : 2 channels at 48 kHz using 32 bits per sample (channel mask 0x3)
[2019.01.26-21.27.24:226][997]LogInit: FAudioDevice initialized.
[2019.01.26-21.27.24:267][997]LogLoad: Game class is 'HomeIsGameMode'
[2019.01.26-21.27.24:271][997]LogWorld: Bringing World /Game/FirstPersonCPP/Maps/UEDPIE_0_FirstPersonExampleMap.FirstPersonExampleMap up for play (max tick rate 0) at 2019.01.26-21.27.24
[2019.01.26-21.27.24:272][997]LogWorld: Bringing up level for play took: 0.003816
[2019.01.26-21.27.24:288][997]PIE: Play in editor start time for /Game/FirstPersonCPP/Maps/UEDPIE_0_FirstPersonExampleMap 0.208
[2019.01.26-21.27.24:289][997]LogBlueprintUserMessages: Late PlayInEditor Detection: Level '/Game/FirstPersonCPP/Maps/FirstPersonExampleMap.FirstPersonExampleMap:PersistentLevel' has LevelScriptBlueprint '/Game/FirstPersonCPP/Maps/FirstPersonExampleMap.FirstPersonExampleMap:PersistentLevel.FirstPersonExampleMap' with GeneratedClass '/Game/FirstPersonCPP/Maps/FirstPersonExampleMap.FirstPersonExampleMap_C' with ClassGeneratedBy '/Game/FirstPersonCPP/Maps/FirstPersonExampleMap.FirstPersonExampleMap:PersistentLevel.FirstPersonExampleMap'
[2019.01.26-21.27.24:306][997]LogTemp: Warning: 10.000000
[2019.01.26-21.27.24:360][998]LogTemp: Warning: 10.000000
[2019.01.26-21.27.24:388][999]LogTemp: Warning: 10.000000
[2019.01.26-21.27.24:408][  0]LogTemp: Warning: 10.000000
[2019.01.26-21.27.24:427][  1]LogTemp: Warning: 10.000000
[2019.01.26-21.27.24:443][  2]LogTemp: Warning: 10.000000
[2019.01.26-21.27.24:458][  3]LogTemp: Warning: 10.000000
[2019.01.26-21.27.24:480][  4]LogTemp: Warning: 10.000000
[2019.01.26-21.27.24:494][  5]LogTemp: Warning: 10.000000
[2019.01.26-21.27.24:517][  6]LogTemp: Warning: 10.000000
[2019.01.26-21.27.24:537][  7]LogTemp: Warning: 10.000000
[2019.01.26-21.27.24:553][  8]LogTemp: Warning: 10.000000
[2019.01.26-21.27.24:568][  9]LogTemp: Warning: 10.000000
[2019.01.26-21.27.24:582][ 10]LogTemp: Warning: 10.000000
[2019.01.26-21.27.24:596][ 11]LogTemp: Warning: 10.000000
[2019.01.26-21.27.24:611][ 12]LogTemp: Warning: 10.000000
[2019.01.26-21.27.24:627][ 13]LogTemp: Warning: 10.000000
[2019.01.26-21.27.24:642][ 14]LogTemp: Warning: 10.000000
[2019.01.26-21.27.24:657][ 15]LogTemp: Warning: 10.000000
[2019.01.26-21.27.24:674][ 16]LogTemp: Warning: 10.000000
[2019.01.26-21.27.24:688][ 17]LogTemp: Warning: 10.000000
[2019.01.26-21.27.24:704][ 18]LogTemp: Warning: 10.000000
[2019.01.26-21.27.24:718][ 19]LogTemp: Warning: 10.000000
[2019.01.26-21.27.24:719][ 19]LogBlueprintUserMessages: [SUpdateTargetPosition_C_0] X=-481.000 Y=1201.000 Z=268.372
[2019.01.26-21.27.24:733][ 20]LogTemp: Warning: 10.000000
[2019.01.26-21.27.24:747][ 21]LogTemp: Warning: 10.000000
[2019.01.26-21.27.24:762][ 22]LogTemp: Warning: 10.000000
[2019.01.26-21.27.24:776][ 23]LogTemp: Warning: 10.000000
[2019.01.26-21.27.24:794][ 24]LogTemp: Warning: 10.000000
[2019.01.26-21.27.24:812][ 25]LogTemp: Warning: 10.000000
[2019.01.26-21.27.24:826][ 26]LogTemp: Warning: 10.000000
[2019.01.26-21.27.24:840][ 27]LogTemp: Warning: 10.000000
[2019.01.26-21.27.24:856][ 28]LogTemp: Warning: 10.000000
[2019.01.26-21.27.24:875][ 29]LogTemp: Warning: 10.000000
[2019.01.26-21.27.24:890][ 30]LogTemp: Warning: 10.000000
[2019.01.26-21.27.24:903][ 31]LogTemp: Warning: 10.000000
[2019.01.26-21.27.24:918][ 32]LogTemp: Warning: 10.000000
[2019.01.26-21.27.24:932][ 33]LogTemp: Warning: 10.000000
[2019.01.26-21.27.24:946][ 34]LogTemp: Warning: 10.000000
[2019.01.26-21.27.24:960][ 35]LogTemp: Warning: 10.000000
[2019.01.26-21.27.24:975][ 36]LogTemp: Warning: 10.000000
[2019.01.26-21.27.24:988][ 37]LogTemp: Warning: 10.000000
[2019.01.26-21.27.25:002][ 38]LogTemp: Warning: 10.000000
[2019.01.26-21.27.25:017][ 39]LogTemp: Warning: 10.000000
[2019.01.26-21.27.25:031][ 40]LogTemp: Warning: 10.000000
[2019.01.26-21.27.25:047][ 41]LogTemp: Warning: 10.000000
[2019.01.26-21.27.25:061][ 42]LogTemp: Warning: 10.000000
[2019.01.26-21.27.25:078][ 43]LogTemp: Warning: 10.000000
[2019.01.26-21.27.25:094][ 44]LogTemp: Warning: 10.000000
[2019.01.26-21.27.25:108][ 45]LogTemp: Warning: 10.000000
[2019.01.26-21.27.25:124][ 46]LogTemp: Warning: 10.000000
[2019.01.26-21.27.25:138][ 47]LogTemp: Warning: 10.000000
[2019.01.26-21.27.25:152][ 48]LogTemp: Warning: 10.000000
[2019.01.26-21.27.25:166][ 49]LogTemp: Warning: 10.000000
[2019.01.26-21.27.25:179][ 50]LogTemp: Warning: 10.000000
[2019.01.26-21.27.25:193][ 51]LogTemp: Warning: 10.000000
[2019.01.26-21.27.25:208][ 52]LogTemp: Warning: 10.000000
[2019.01.26-21.27.25:209][ 52]LogBlueprintUserMessages: [SUpdateTargetPosition_C_0] X=-281.016 Y=1169.882 Z=268.372
[2019.01.26-21.27.25:227][ 53]LogTemp: Warning: 10.000000
[2019.01.26-21.27.25:244][ 54]LogTemp: Warning: 10.000000
[2019.01.26-21.27.25:258][ 55]LogTemp: Warning: 10.000000
[2019.01.26-21.27.25:273][ 56]LogTemp: Warning: 10.000000
[2019.01.26-21.27.25:290][ 57]LogTemp: Warning: 10.000000
[2019.01.26-21.27.25:305][ 58]LogTemp: Warning: 10.000000
[2019.01.26-21.27.25:319][ 59]LogTemp: Warning: 10.000000
[2019.01.26-21.27.25:335][ 60]LogTemp: Warning: 10.000000
[2019.01.26-21.27.25:351][ 61]LogTemp: Warning: 10.000000
[2019.01.26-21.27.25:366][ 62]LogTemp: Warning: 10.000000
[2019.01.26-21.27.25:380][ 63]LogTemp: Warning: 10.000000
[2019.01.26-21.27.25:394][ 64]LogTemp: Warning: 10.000000
[2019.01.26-21.27.25:412][ 65]LogTemp: Warning: 10.000000
[2019.01.26-21.27.25:426][ 66]LogTemp: Warning: 10.000000
[2019.01.26-21.27.25:439][ 67]LogTemp: Warning: 10.000000
[2019.01.26-21.27.25:453][ 68]LogTemp: Warning: 10.000000
[2019.01.26-21.27.25:470][ 69]LogTemp: Warning: 10.000000
[2019.01.26-21.27.25:490][ 70]LogTemp: Warning: 10.000000
[2019.01.26-21.27.25:507][ 71]LogTemp: Warning: 10.000000
[2019.01.26-21.27.25:521][ 72]LogTemp: Warning: 10.000000
[2019.01.26-21.27.25:541][ 73]LogTemp: Warning: 10.000000
[2019.01.26-21.27.25:557][ 74]LogTemp: Warning: 10.000000
[2019.01.26-21.27.25:576][ 75]LogTemp: Warning: 10.000000
[2019.01.26-21.27.25:590][ 76]LogTemp: Warning: 10.000000
[2019.01.26-21.27.25:606][ 77]LogTemp: Warning: 10.000000
[2019.01.26-21.27.25:623][ 78]LogTemp: Warning: 10.000000
[2019.01.26-21.27.25:644][ 79]LogTemp: Warning: 10.000000
[2019.01.26-21.27.25:662][ 80]LogTemp: Warning: 10.000000
[2019.01.26-21.27.25:670][ 81]LogTemp: Warning: 10.000000
[2019.01.26-21.27.25:680][ 82]LogTemp: Warning: 10.000000
[2019.01.26-21.27.25:692][ 83]LogTemp: Warning: 10.000000
[2019.01.26-21.27.25:702][ 84]LogTemp: Warning: 10.000000
[2019.01.26-21.27.25:703][ 84]LogBlueprintUserMessages: [SUpdateTargetPosition_C_0] X=4.560 Y=1232.436 Z=268.372
[2019.01.26-21.27.25:712][ 85]LogTemp: Warning: 10.000000
[2019.01.26-21.27.25:722][ 86]LogTemp: Warning: 10.000000
[2019.01.26-21.27.25:733][ 87]LogTemp: Warning: 10.000000
[2019.01.26-21.27.25:742][ 88]LogTemp: Warning: 10.000000
[2019.01.26-21.27.25:751][ 89]LogTemp: Warning: 10.000000
[2019.01.26-21.27.25:759][ 90]LogTemp: Warning: 10.000000
[2019.01.26-21.27.25:769][ 91]LogTemp: Warning: 10.000000
[2019.01.26-21.27.25:778][ 92]LogTemp: Warning: 10.000000
[2019.01.26-21.27.25:786][ 93]LogTemp: Warning: 10.000000
[2019.01.26-21.27.25:794][ 94]LogTemp: Warning: 10.000000
[2019.01.26-21.27.25:803][ 95]LogTemp: Warning: 10.000000
[2019.01.26-21.27.25:811][ 96]LogTemp: Warning: 10.000000
[2019.01.26-21.27.25:819][ 97]LogTemp: Warning: 10.000000
[2019.01.26-21.27.25:827][ 98]LogTemp: Warning: 10.000000
[2019.01.26-21.27.25:837][ 99]LogTemp: Warning: 10.000000
[2019.01.26-21.27.25:843][100]LogTemp: Warning: 10.000000
[2019.01.26-21.27.25:851][101]LogTemp: Warning: 10.000000
[2019.01.26-21.27.25:859][102]LogTemp: Warning: 10.000000
[2019.01.26-21.27.25:868][103]LogTemp: Warning: 10.000000
[2019.01.26-21.27.25:877][104]LogTemp: Warning: 10.000000
[2019.01.26-21.27.25:885][105]LogTemp: Warning: 10.000000
[2019.01.26-21.27.25:893][106]LogTemp: Warning: 10.000000
[2019.01.26-21.27.25:901][107]LogTemp: Warning: 10.000000
[2019.01.26-21.27.25:909][108]LogTemp: Warning: 10.000000
[2019.01.26-21.27.25:918][109]LogTemp: Warning: 10.000000
[2019.01.26-21.27.25:926][110]LogTemp: Warning: 10.000000
[2019.01.26-21.27.25:934][111]LogTemp: Warning: 10.000000
[2019.01.26-21.27.25:943][112]LogTemp: Warning: 10.000000
[2019.01.26-21.27.25:951][113]LogTemp: Warning: 10.000000
[2019.01.26-21.27.25:959][114]LogTemp: Warning: 10.000000
[2019.01.26-21.27.25:968][115]LogTemp: Warning: 10.000000
[2019.01.26-21.27.25:976][116]LogTemp: Warning: 10.000000
[2019.01.26-21.27.25:984][117]LogTemp: Warning: 10.000000
[2019.01.26-21.27.25:993][118]LogTemp: Warning: 10.000000
[2019.01.26-21.27.26:001][119]LogTemp: Warning: 10.000000
[2019.01.26-21.27.26:009][120]LogTemp: Warning: 10.000000
[2019.01.26-21.27.26:018][121]LogTemp: Warning: 5.000000
[2019.01.26-21.27.26:026][122]LogTemp: Warning: 5.000000
[2019.01.26-21.27.26:035][123]LogTemp: Warning: 5.000000
[2019.01.26-21.27.26:043][124]LogTemp: Warning: 5.000000
[2019.01.26-21.27.26:051][125]LogTemp: Warning: 5.000000
[2019.01.26-21.27.26:059][126]LogTemp: Warning: 5.000000
[2019.01.26-21.27.26:068][127]LogTemp: Warning: 5.000000
[2019.01.26-21.27.26:076][128]LogTemp: Warning: 5.000000
[2019.01.26-21.27.26:085][129]LogTemp: Warning: 5.000000
[2019.01.26-21.27.26:093][130]LogTemp: Warning: 5.000000
[2019.01.26-21.27.26:101][131]LogTemp: Warning: 5.000000
[2019.01.26-21.27.26:110][132]LogTemp: Warning: 5.000000
[2019.01.26-21.27.26:118][133]LogTemp: Warning: 5.000000
[2019.01.26-21.27.26:126][134]LogTemp: Warning: 5.000000
[2019.01.26-21.27.26:127][134]LogBlueprintUserMessages: [SUpdateTargetPosition_C_0] X=201.961 Y=1089.651 Z=268.372
[2019.01.26-21.27.26:134][135]LogTemp: Warning: 5.000000
[2019.01.26-21.27.26:143][136]LogTemp: Warning: 5.000000
[2019.01.26-21.27.26:151][137]LogTemp: Warning: 5.000000
[2019.01.26-21.27.26:159][138]LogTemp: Warning: 5.000000
[2019.01.26-21.27.26:168][139]LogTemp: Warning: 5.000000
[2019.01.26-21.27.26:176][140]LogTemp: Warning: 5.000000
[2019.01.26-21.27.26:185][141]LogTemp: Warning: 0.000000
